Easycap format used: ImageFormat(type=<BufType.VIDEO_CAPTURE: 1>, description='YUYV 4:2:2', flags=<ImageFormatFlag.0: 0>, pixel_format=<PixelFormat.YUYV: 1448695129>)
Starting Main workflow
Waiting for MSP_API_VERSION reply...
Waiting for MSP_FC_VARIANT reply...
{'apiVersion': '1.44.0', 'flightControllerIdentifier': 'BTFL', 'flightControllerVersion': '4.3.2', 'version': 0, 'buildInfo': 'Nov 28 2022 07:26:30', 'multiType': 0, 'msp_version': 0, 'capability': 0, 'cycleTime': 312, 'i2cError': 0, 'activeSensors': 35, 'mode': 2, 'profile': 0, 'uid': [3145761, 858867466, 875836466], 'accelerometerTrims': [0, 0], 'name': '', 'displayName': 'BOARD MODULE', 'numProfiles': 3, 'rateProfile': 0, 'boardType': 2, 'armingDisableCount': 26, 'armingDisableFlags': 4, 'armingDisabled': False, 'runawayTakeoffPreventionDisabled': False, 'boardIdentifier': 'S405', 'boardVersion': 0, 'commCapabilities': 55, 'targetName': 'STM32F405', 'boardName': 'SPEEDYBEEF405V3', 'manufacturerId': 'SPBE', 'signature': [0, 0, 0, 0, 0, 0, 0, 0, 0, 0, 0, 0, 0, 0, 0, 0, 0, 0, 0, 0, 0, 0, 0, 0, 0, 0, 0, 0, 0, 0, 0, 0], 'cpuload': 21, 'mcuTypeId': 3, 'mspProtocolVersion': 0, 'flightModeFlags': []}
15:54:51.959894 Sending ALT to Pipe
15:54:51.959894 CPU: 48.7°C
15:54:51.959894 GPU: 48.7°C
15:54:51.959894 ALT: 4.09
15:54:51.959894 ACC: [3, -2, 509]
15:54:51.959894 GYR: [1, 3, 1]
15:54:51.959894 ATT: [-0.2, -0.4, 359]
15:54:51.959894 VOL: 12.85
15:54:51.991017 CPU: 49.7°C
15:54:51.991017 GPU: 49.6°C
15:54:51.991017 ALT: 4.09
15:54:51.991017 ACC: [3, -2, 509]
15:54:51.991017 GYR: [0, -3, 0]
15:54:51.991017 ATT: [-0.2, -0.4, 359]
15:54:51.991017 VOL: 12.85
15:54:52.076706 CPU: 48.7°C
15:54:52.076706 GPU: 48.7°C
15:54:52.076706 ALT: 4.09
15:54:52.076706 ACC: [3, -2, 508]
15:54:52.076706 GYR: [3, 3, 3]
15:54:52.076706 ATT: [-0.2, -0.4, 359]
15:54:52.076706 VOL: 12.85
15:54:52.156852 CPU: 49.2°C
15:54:52.156852 GPU: 49.1°C
15:54:52.156852 ALT: 4.09
15:54:52.156852 ACC: [3, -2, 507]
15:54:52.156852 GYR: [1, -1, 0]
15:54:52.156852 ATT: [-0.2, -0.4, 359]
15:54:52.156852 VOL: 12.85
15:54:52.252870 CPU: 49.2°C
15:54:52.252870 GPU: 49.1°C
15:54:52.252870 ALT: 4.09
15:54:52.252870 ACC: [3, -2, 509]
15:54:52.252870 GYR: [-2, 2, -1]
15:54:52.252870 ATT: [-0.2, -0.4, 359]
15:54:52.252870 VOL: 12.85
15:54:52.343955 CPU: 49.2°C
15:54:52.343955 GPU: 48.2°C
15:54:52.343955 ALT: 4.09
15:54:52.343955 ACC: [3, -3, 508]
15:54:52.343955 GYR: [1, 1, 3]
15:54:52.343955 ATT: [-0.2, -0.4, 359]
15:54:52.343955 VOL: 12.85
15:54:52.442841 CPU: 48.7°C
15:54:52.442841 GPU: 49.1°C
15:54:52.442841 ALT: 4.09
15:54:52.442841 ACC: [3, -2, 507]
15:54:52.442841 GYR: [0, 2, 0]
15:54:52.442841 ATT: [-0.2, -0.4, 359]
15:54:52.442841 VOL: 12.85
15:54:52.532552 CPU: 50.1°C
15:54:52.532552 GPU: 49.6°C
15:54:52.532552 ALT: 4.09
15:54:52.532552 ACC: [3, -2, 508]
15:54:52.532552 GYR: [0, 2, -1]
15:54:52.532552 ATT: [-0.2, -0.3, 359]
15:54:52.532552 VOL: 12.85
15:54:52.613021 CPU: 48.7°C
15:54:52.613021 GPU: 48.7°C
15:54:52.613021 ALT: 4.09
15:54:52.613021 ACC: [3, -2, 508]
15:54:52.613021 GYR: [3, 3, 3]
15:54:52.613021 ATT: [-0.2, -0.3, 359]
15:54:52.613021 VOL: 12.85
15:54:52.692034 CPU: 48.7°C
15:54:52.692034 GPU: 49.1°C
15:54:52.692034 ALT: 4.09
15:54:52.692034 ACC: [3, -2, 508]
15:54:52.692034 GYR: [0, 0, 1]
15:54:52.692034 ATT: [-0.2, -0.3, 359]
15:54:52.692034 VOL: 12.85
15:54:52.772766 CPU: 47.7°C
15:54:52.772766 GPU: 49.1°C
15:54:52.772766 ALT: 4.16
15:54:52.772766 ACC: [3, -2, 509]
15:54:52.772766 GYR: [0, -1, 2]
15:54:52.772766 ATT: [-0.2, -0.3, 359]
15:54:52.772766 VOL: 12.85
15:54:52.852901 CPU: 48.7°C
15:54:52.852901 GPU: 49.1°C
15:54:52.852901 ALT: 4.17
15:54:52.852901 ACC: [3, -2, 508]
15:54:52.852901 GYR: [1, -3, 1]
15:54:52.852901 ATT: [-0.2, -0.3, 359]
15:54:52.852901 VOL: 12.85
15:54:52.942469 CPU: 47.7°C
15:54:52.942469 GPU: 49.6°C
15:54:52.942469 ALT: 4.17
15:54:52.942469 ACC: [3, -2, 508]
15:54:52.942469 GYR: [-1, -6, -1]
15:54:52.942469 ATT: [-0.2, -0.3, 359]
15:54:52.942469 VOL: 12.85
15:54:53.061662 CPU: 49.2°C
15:54:53.061662 GPU: 48.2°C
15:54:53.061662 ALT: 4.17
15:54:53.061662 ACC: [3, -2, 508]
15:54:53.061662 GYR: [-2, 0, -2]
15:54:53.061662 ATT: [-0.2, -0.3, 359]
15:54:53.061662 VOL: 12.85
15:54:53.160104 CPU: 49.2°C
15:54:53.160104 GPU: 49.1°C
15:54:53.160104 ALT: 4.17
15:54:53.160104 ACC: [3, -2, 508]
15:54:53.160104 GYR: [2, 4, -1]
15:54:53.160104 ATT: [-0.2, -0.3, 359]
15:54:53.160104 VOL: 12.85
15:54:53.246452 CPU: 49.2°C
15:54:53.246452 GPU: 48.7°C
15:54:53.246452 ALT: 4.17
15:54:53.246452 ACC: [3, -2, 509]
15:54:53.246452 GYR: [-2, 4, 1]
15:54:53.246452 ATT: [-0.2, -0.3, 359]
15:54:53.246452 VOL: 12.85
15:54:53.341157 CPU: 48.7°C
15:54:53.341157 GPU: 48.7°C
15:54:53.341157 ALT: 4.17
15:54:53.341157 ACC: [3, -2, 509]
15:54:53.341157 GYR: [-1, 1, 1]
15:54:53.341157 ATT: [-0.2, -0.3, 359]
15:54:53.341157 VOL: 12.86
15:54:53.421014 CPU: 48.2°C
15:54:53.421014 GPU: 48.2°C
15:54:53.421014 ALT: 4.17
15:54:53.421014 ACC: [3, -2, 509]
15:54:53.421014 GYR: [1, 7, 2]
15:54:53.421014 ATT: [-0.2, -0.4, 359]
15:54:53.421014 VOL: 12.86
15:54:53.517628 CPU: 49.2°C
15:54:53.517628 GPU: 48.2°C
15:54:53.517628 ALT: 4.17
15:54:53.517628 ACC: [3, -2, 508]
15:54:53.517628 GYR: [0, -3, 2]
15:54:53.517628 ATT: [-0.2, -0.3, 359]
15:54:53.517628 VOL: 12.86
15:54:53.607219 CPU: 48.7°C
15:54:53.607219 GPU: 48.7°C
15:54:53.607219 ALT: 4.17
15:54:53.607219 ACC: [3, -2, 509]
15:54:53.607219 GYR: [-2, 1, -2]
15:54:53.607219 ATT: [-0.2, -0.3, 359]
15:54:53.607219 VOL: 12.86
15:54:53.706120 CPU: 48.2°C
15:54:53.706120 GPU: 49.6°C
15:54:53.706120 ALT: 4.17
15:54:53.706120 ACC: [3, -2, 508]
15:54:53.706120 GYR: [-1, 1, 1]
15:54:53.706120 ATT: [-0.2, -0.3, 359]
15:54:53.706120 VOL: 12.85
15:54:53.802229 CPU: 50.1°C
15:54:53.802229 GPU: 49.6°C
15:54:53.802229 ALT: 4.17
15:54:53.802229 ACC: [3, -2, 509]
15:54:53.802229 GYR: [0, 1, 3]
15:54:53.802229 ATT: [-0.2, -0.3, 359]
15:54:53.802229 VOL: 12.85
15:54:53.920868 CPU: 49.2°C
15:54:53.920868 GPU: 50.1°C
15:54:53.920868 ALT: 4.17
15:54:53.920868 ACC: [3, -2, 508]
15:54:53.920868 GYR: [2, -1, 1]
15:54:53.920868 ATT: [-0.2, -0.3, 359]
15:54:53.920868 VOL: 12.85
15:54:54.020912 CPU: 49.2°C
15:54:54.020912 GPU: 49.6°C
15:54:54.020912 ALT: 4.17
15:54:54.020912 ACC: [3, -2, 509]
15:54:54.020912 GYR: [1, 1, -1]
15:54:54.020912 ATT: [-0.2, -0.3, 359]
15:54:54.020912 VOL: 12.85
15:54:54.117538 CPU: 49.2°C
15:54:54.117538 GPU: 49.1°C
15:54:54.117538 ALT: 4.17
15:54:54.117538 ACC: [3, -3, 508]
15:54:54.117538 GYR: [2, -3, 0]
15:54:54.117538 ATT: [-0.2, -0.3, 359]
15:54:54.117538 VOL: 12.84
15:54:54.227209 CPU: 48.7°C
15:54:54.227209 GPU: 49.6°C
15:54:54.227209 ALT: 4.21
15:54:54.227209 ACC: [4, -2, 508]
15:54:54.227209 GYR: [-1, 0, 3]
15:54:54.227209 ATT: [-0.2, -0.3, 359]
15:54:54.227209 VOL: 12.85
15:54:54.312160 CPU: 48.7°C
15:54:54.312160 GPU: 49.1°C
15:54:54.312160 ALT: 4.26
15:54:54.312160 ACC: [3, -2, 508]
15:54:54.312160 GYR: [-3, 5, 0]
15:54:54.312160 ATT: [-0.2, -0.3, 359]
15:54:54.312160 VOL: 12.85
15:54:54.406653 CPU: 48.7°C
15:54:54.406653 GPU: 48.7°C
15:54:54.406653 ALT: 4.26
15:54:54.406653 ACC: [3, -2, 506]
15:54:54.406653 GYR: [-1, 1, 1]
15:54:54.406653 ATT: [-0.2, -0.3, 359]
15:54:54.406653 VOL: 12.85
15:54:54.499123 CPU: 49.2°C
15:54:54.499123 GPU: 49.1°C
15:54:54.499123 ALT: 4.26
15:54:54.499123 ACC: [3, -2, 508]
15:54:54.499123 GYR: [0, 2, -1]
15:54:54.499123 ATT: [-0.2, -0.3, 359]
15:54:54.499123 VOL: 12.84
15:54:54.604572 CPU: 48.7°C
15:54:54.604572 GPU: 48.7°C
15:54:54.604572 ALT: 4.26
15:54:54.604572 ACC: [3, -2, 508]
15:54:54.604572 GYR: [2, 0, 0]
15:54:54.604572 ATT: [-0.2, -0.3, 359]
15:54:54.604572 VOL: 12.84
15:54:54.700521 CPU: 49.7°C
15:54:54.700521 GPU: 49.6°C
15:54:54.700521 ALT: 4.26
15:54:54.700521 ACC: [3, -3, 508]
15:54:54.700521 GYR: [1, 2, 0]
15:54:54.700521 ATT: [-0.2, -0.3, 359]
15:54:54.700521 VOL: 12.85
15:54:54.806575 CPU: 50.1°C
15:54:54.806575 GPU: 50.1°C
15:54:54.806575 ALT: 4.26
15:54:54.806575 ACC: [3, -3, 508]
15:54:54.806575 GYR: [2, 3, 0]
15:54:54.806575 ATT: [-0.2, -0.3, 359]
15:54:54.806575 VOL: 12.85
15:54:54.897052 CPU: 49.7°C
15:54:54.897052 GPU: 49.6°C
15:54:54.897052 ALT: 4.26
15:54:54.897052 ACC: [3, -3, 508]
15:54:54.897052 GYR: [0, 1, 3]
15:54:54.897052 ATT: [-0.2, -0.3, 359]
15:54:54.897052 VOL: 12.84
15:54:54.977478 CPU: 49.2°C
15:54:54.977478 GPU: 49.1°C
15:54:54.977478 ALT: 4.26
15:54:54.977478 ACC: [3, -2, 508]
15:54:54.977478 GYR: [0, -1, 0]
15:54:54.977478 ATT: [-0.2, -0.3, 359]
15:54:54.977478 VOL: 12.85
15:54:55.069563 CPU: 49.7°C
15:54:55.069563 GPU: 49.6°C
15:54:55.069563 ALT: 4.26
15:54:55.069563 ACC: [3, -3, 508]
15:54:55.069563 GYR: [2, 0, 2]
15:54:55.069563 ATT: [-0.2, -0.3, 359]
15:54:55.069563 VOL: 12.85
15:54:55.161108 CPU: 50.1°C
15:54:55.161108 GPU: 49.6°C
15:54:55.161108 ALT: 4.26
15:54:55.161108 ACC: [3, -2, 508]
15:54:55.161108 GYR: [1, 2, 1]
15:54:55.161108 ATT: [-0.2, -0.3, 359]
15:54:55.161108 VOL: 12.85
15:54:55.261626 CPU: 48.7°C
15:54:55.261626 GPU: 50.1°C
15:54:55.261626 ALT: 4.26
15:54:55.261626 ACC: [3, -3, 508]
15:54:55.261626 GYR: [-1, 2, -1]
15:54:55.261626 ATT: [-0.2, -0.3, 359]
15:54:55.261626 VOL: 12.85
15:54:55.345637 CPU: 49.7°C
15:54:55.345637 GPU: 49.6°C
15:54:55.345637 ALT: 4.26
15:54:55.345637 ACC: [3, -3, 508]
15:54:55.345637 GYR: [2, 1, -2]
15:54:55.345637 ATT: [-0.2, -0.3, 359]
15:54:55.345637 VOL: 12.85
15:54:55.446582 CPU: 48.7°C
15:54:55.446582 GPU: 49.6°C
15:54:55.446582 ALT: 4.26
15:54:55.446582 ACC: [3, -2, 509]
15:54:55.446582 GYR: [3, 1, 1]
15:54:55.446582 ATT: [-0.2, -0.3, 359]
15:54:55.446582 VOL: 12.85
15:54:55.540712 CPU: 49.7°C
15:54:55.540712 GPU: 49.1°C
15:54:55.540712 ALT: 4.26
15:54:55.540712 ACC: [3, -3, 508]
15:54:55.540712 GYR: [-1, -2, 0]
15:54:55.540712 ATT: [-0.2, -0.3, 359]
15:54:55.540712 VOL: 12.85
15:54:55.646099 CPU: 49.7°C
15:54:55.646099 GPU: 49.6°C
15:54:55.646099 ALT: 4.32
15:54:55.646099 ACC: [3, -2, 508]
15:54:55.646099 GYR: [0, -1, -2]
15:54:55.646099 ATT: [-0.2, -0.3, 359]
15:54:55.646099 VOL: 12.85
15:54:55.726112 CPU: 50.6°C
15:54:55.726112 GPU: 48.7°C
15:54:55.726112 ALT: 4.34
15:54:55.726112 ACC: [3, -2, 508]
15:54:55.726112 GYR: [1, 1, -1]
15:54:55.726112 ATT: [-0.2, -0.3, 359]
15:54:55.726112 VOL: 12.85
15:54:55.807550 CPU: 50.1°C
15:54:55.807550 GPU: 49.6°C
15:54:55.807550 ALT: 4.34
15:54:55.807550 ACC: [3, -3, 509]
15:54:55.807550 GYR: [2, -2, 1]
15:54:55.807550 ATT: [-0.2, -0.3, 359]
15:54:55.807550 VOL: 12.85
15:54:55.894717 CPU: 48.7°C
15:54:55.894717 GPU: 50.1°C
15:54:55.894717 ALT: 4.34
15:54:55.894717 ACC: [3, -2, 509]
15:54:55.894717 GYR: [1, 1, -2]
15:54:55.894717 ATT: [-0.2, -0.3, 359]
15:54:55.894717 VOL: 12.85
15:54:55.987228 CPU: 48.7°C
15:54:55.987228 GPU: 48.7°C
15:54:55.987228 ALT: 4.34
15:54:55.987228 ACC: [3, -2, 508]
15:54:55.987228 GYR: [1, 1, -1]
15:54:55.987228 ATT: [-0.2, -0.3, 359]
15:54:55.987228 VOL: 12.85
15:54:56.095322 CPU: 49.2°C
15:54:56.095322 GPU: 50.1°C
15:54:56.095322 ALT: 4.34
15:54:56.095322 ACC: [3, -2, 508]
15:54:56.095322 GYR: [2, 2, 1]
15:54:56.095322 ATT: [-0.2, -0.3, 359]
15:54:56.095322 VOL: 12.85
15:54:56.177522 CPU: 48.7°C
15:54:56.177522 GPU: 48.7°C
15:54:56.177522 ALT: 4.34
15:54:56.177522 ACC: [3, -2, 508]
15:54:56.177522 GYR: [1, 0, 0]
15:54:56.177522 ATT: [-0.2, -0.3, 359]
15:54:56.177522 VOL: 12.85
15:54:56.277281 CPU: 49.2°C
15:54:56.277281 GPU: 49.1°C
15:54:56.277281 ALT: 4.34
15:54:56.277281 ACC: [3, -3, 508]
15:54:56.277281 GYR: [3, 2, 2]
15:54:56.277281 ATT: [-0.2, -0.3, 359]
15:54:56.277281 VOL: 12.85
15:54:56.373670 CPU: 49.7°C
15:54:56.373670 GPU: 49.6°C
15:54:56.373670 ALT: 4.34
15:54:56.373670 ACC: [3, -2, 509]
15:54:56.373670 GYR: [0, 2, 0]
15:54:56.373670 ATT: [-0.2, -0.3, 359]
15:54:56.373670 VOL: 12.85
15:54:56.475529 CPU: 50.6°C
15:54:56.475529 GPU: 50.6°C
15:54:56.475529 ALT: 4.34
15:54:56.475529 ACC: [3, -2, 509]
15:54:56.475529 GYR: [1, -2, 0]
15:54:56.475529 ATT: [-0.2, -0.3, 359]
15:54:56.475529 VOL: 12.85
15:54:56.566708 CPU: 50.1°C
15:54:56.566708 GPU: 50.1°C
15:54:56.566708 ALT: 4.34
15:54:56.566708 ACC: [3, -3, 508]
15:54:56.566708 GYR: [3, 1, 0]
15:54:56.566708 ATT: [-0.2, -0.3, 359]
15:54:56.566708 VOL: 12.85
15:54:56.673961 CPU: 50.6°C
15:54:56.673961 GPU: 49.6°C
15:54:56.673961 ALT: 4.34
15:54:56.673961 ACC: [3, -2, 508]
15:54:56.673961 GYR: [0, 1, -3]
15:54:56.673961 ATT: [-0.2, -0.3, 359]
15:54:56.673961 VOL: 12.85
15:54:56.772360 CPU: 50.6°C
15:54:56.772360 GPU: 50.6°C
15:54:56.772360 ALT: 4.34
15:54:56.772360 ACC: [3, -3, 509]
15:54:56.772360 GYR: [1, 0, 0]
15:54:56.772360 ATT: [-0.2, -0.3, 359]
15:54:56.772360 VOL: 12.84
15:54:56.866432 CPU: 49.7°C
15:54:56.866432 GPU: 49.1°C
15:54:56.866432 ALT: 4.34
15:54:56.866432 ACC: [3, -2, 508]
15:54:56.866432 GYR: [0, -1, 0]
15:54:56.866432 ATT: [-0.2, -0.3, 359]
15:54:56.866432 VOL: 12.85
15:54:56.968697 CPU: 49.7°C
15:54:56.968697 GPU: 50.1°C
15:54:56.968697 ALT: 4.38
15:54:56.968697 ACC: [3, -2, 508]
15:54:56.968697 GYR: [1, -1, 0]
15:54:56.968697 ATT: [-0.2, -0.3, 359]
15:54:56.968697 VOL: 12.85
15:54:57.065426 CPU: 50.1°C
15:54:57.065426 GPU: 50.1°C
15:54:57.065426 ALT: 4.43
15:54:57.065426 ACC: [3, -2, 508]
15:54:57.065426 GYR: [2, 1, 1]
15:54:57.065426 ATT: [-0.2, -0.3, 359]
15:54:57.065426 VOL: 12.85
15:54:57.151907 CPU: 50.1°C
15:54:57.151907 GPU: 50.6°C
15:54:57.151907 ALT: 4.43
15:54:57.151907 ACC: [3, -2, 508]
15:54:57.151907 GYR: [2, 1, -1]
15:54:57.151907 ATT: [-0.2, -0.3, 359]
15:54:57.151907 VOL: 12.85
15:54:57.242681 CPU: 50.6°C
15:54:57.242681 GPU: 50.6°C
15:54:57.242681 ALT: 4.43
15:54:57.242681 ACC: [3, -3, 508]
15:54:57.242681 GYR: [-2, 2, 1]
15:54:57.242681 ATT: [-0.2, -0.3, 359]
15:54:57.242681 VOL: 12.85
15:54:57.375094 CPU: 50.1°C
15:54:57.375094 GPU: 50.1°C
15:54:57.375094 ALT: 4.43
15:54:57.375094 ACC: [3, -2, 509]
15:54:57.375094 GYR: [1, 3, 1]
15:54:57.375094 ATT: [-0.2, -0.3, 359]
15:54:57.375094 VOL: 12.84
15:54:57.465096 CPU: 50.1°C
15:54:57.465096 GPU: 49.1°C
15:54:57.465096 ALT: 4.43
15:54:57.465096 ACC: [3, -2, 508]
15:54:57.465096 GYR: [-2, 1, -1]
15:54:57.465096 ATT: [-0.2, -0.3, 359]
15:54:57.465096 VOL: 12.84
15:54:57.588498 CPU: 50.1°C
15:54:57.588498 GPU: 49.6°C
15:54:57.588498 ALT: 4.43
15:54:57.588498 ACC: [3, -2, 508]
15:54:57.588498 GYR: [3, 1, 0]
15:54:57.588498 ATT: [-0.2, -0.3, 359]
15:54:57.588498 VOL: 12.84
15:54:57.703092 CPU: 49.7°C
15:54:57.703092 GPU: 49.1°C
15:54:57.703092 ALT: 4.43
15:54:57.703092 ACC: [3, -3, 508]
15:54:57.703092 GYR: [1, 1, 2]
15:54:57.703092 ATT: [-0.2, -0.3, 359]
15:54:57.703092 VOL: 12.84
15:54:57.810414 CPU: 49.2°C
15:54:57.810414 GPU: 49.1°C
15:54:57.810414 ALT: 4.43
15:54:57.810414 ACC: [3, -2, 508]
15:54:57.810414 GYR: [1, 1, 1]
15:54:57.810414 ATT: [-0.2, -0.3, 359]
15:54:57.810414 VOL: 12.84
15:54:57.900961 CPU: 49.7°C
15:54:57.900961 GPU: 50.6°C
15:54:57.900961 ALT: 4.43
15:54:57.900961 ACC: [3, -3, 508]
15:54:57.900961 GYR: [1, 1, 0]
15:54:57.900961 ATT: [-0.2, -0.3, 359]
15:54:57.900961 VOL: 12.84
15:54:57.978297 CPU: 50.1°C
15:54:57.978297 GPU: 50.1°C
15:54:57.978297 ALT: 4.43
15:54:57.978297 ACC: [3, -2, 508]
15:54:57.978297 GYR: [1, 2, 0]
15:54:57.978297 ATT: [-0.2, -0.3, 359]
15:54:57.978297 VOL: 12.84
15:54:58.061084 CPU: 50.6°C
15:54:58.061084 GPU: 50.6°C
15:54:58.061084 ALT: 4.43
15:54:58.061084 ACC: [3, -2, 508]
15:54:58.061084 GYR: [3, -1, -1]
15:54:58.061084 ATT: [-0.2, -0.3, 359]
15:54:58.061084 VOL: 12.84
15:54:58.144283 CPU: 49.7°C
15:54:58.144283 GPU: 50.6°C
15:54:58.144283 ALT: 4.43
15:54:58.144283 ACC: [3, -3, 509]
15:54:58.144283 GYR: [2, -1, -1]
15:54:58.144283 ATT: [-0.2, -0.3, 359]
15:54:58.144283 VOL: 12.84
15:54:58.219194 CPU: 51.1°C
15:54:58.219194 GPU: 51.1°C
15:54:58.219194 ALT: 4.43
15:54:58.219194 ACC: [3, -2, 509]
15:54:58.219194 GYR: [0, 4, 1]
15:54:58.219194 ATT: [-0.2, -0.3, 359]
15:54:58.219194 VOL: 12.84
15:54:58.302299 CPU: 50.6°C
15:54:58.302299 GPU: 49.1°C
15:54:58.302299 ALT: 4.43
15:54:58.302299 ACC: [3, -2, 508]
15:54:58.302299 GYR: [3, 1, 2]
15:54:58.302299 ATT: [-0.2, -0.3, 359]
15:54:58.302299 VOL: 12.84
15:54:58.378476 CPU: 50.6°C
15:54:58.378476 GPU: 50.6°C
15:54:58.378476 ALT: 4.47
15:54:58.378476 ACC: [3, -2, 508]
15:54:58.378476 GYR: [1, 1, 1]
15:54:58.378476 ATT: [-0.2, -0.3, 359]
15:54:58.378476 VOL: 12.84
15:54:58.461724 CPU: 50.1°C
15:54:58.461724 GPU: 50.1°C
15:54:58.461724 ALT: 4.51
15:54:58.461724 ACC: [3, -2, 508]
15:54:58.461724 GYR: [0, -1, 0]
15:54:58.461724 ATT: [-0.2, -0.3, 359]
15:54:58.461724 VOL: 12.84
15:54:58.541879 CPU: 50.1°C
15:54:58.541879 GPU: 49.6°C
15:54:58.541879 ALT: 4.51
15:54:58.541879 ACC: [3, -2, 507]
15:54:58.541879 GYR: [1, 1, 1]
15:54:58.541879 ATT: [-0.2, -0.3, 359]
15:54:58.541879 VOL: 12.84
15:54:58.625699 CPU: 50.1°C
15:54:58.625699 GPU: 50.1°C
15:54:58.625699 ALT: 4.51
15:54:58.625699 ACC: [3, -3, 508]
15:54:58.625699 GYR: [4, 0, 1]
15:54:58.625699 ATT: [-0.2, -0.3, 359]
15:54:58.625699 VOL: 12.84
15:54:58.703616 CPU: 50.1°C
15:54:58.703616 GPU: 50.1°C
15:54:58.703616 ALT: 4.51
15:54:58.703616 ACC: [3, -3, 509]
15:54:58.703616 GYR: [0, 2, -2]
15:54:58.703616 ATT: [-0.2, -0.3, 359]
15:54:58.703616 VOL: 12.84
15:54:58.789120 CPU: 50.6°C
15:54:58.789120 GPU: 50.1°C
15:54:58.789120 ALT: 4.51
15:54:58.789120 ACC: [3, -3, 509]
15:54:58.789120 GYR: [1, -1, 1]
15:54:58.789120 ATT: [-0.2, -0.3, 359]
15:54:58.789120 VOL: 12.84
15:54:58.890506 CPU: 50.1°C
15:54:58.890506 GPU: 50.1°C
15:54:58.890506 ALT: 4.51
15:54:58.890506 ACC: [3, -2, 508]
15:54:58.890506 GYR: [1, -1, -1]
15:54:58.890506 ATT: [-0.3, -0.3, 359]
15:54:58.890506 VOL: 12.84
15:54:59.018802 CPU: 49.7°C
15:54:59.018802 GPU: 49.6°C
15:54:59.018802 ALT: 4.51
15:54:59.018802 ACC: [3, -2, 508]
15:54:59.018802 GYR: [2, 2, 1]
15:54:59.018802 ATT: [-0.3, -0.3, 359]
15:54:59.018802 VOL: 12.84
15:54:59.104502 CPU: 51.1°C
15:54:59.104502 GPU: 51.1°C
15:54:59.104502 ALT: 4.51
15:54:59.104502 ACC: [3, -2, 508]
15:54:59.104502 GYR: [3, -1, 2]
15:54:59.104502 ATT: [-0.2, -0.3, 359]
15:54:59.104502 VOL: 12.84
15:54:59.210080 CPU: 50.1°C
15:54:59.210080 GPU: 50.1°C
15:54:59.210080 ALT: 4.51
15:54:59.210080 ACC: [3, -2, 509]
15:54:59.210080 GYR: [2, 1, 1]
15:54:59.210080 ATT: [-0.2, -0.3, 359]
15:54:59.210080 VOL: 12.84
15:54:59.355960 CPU: 50.6°C
15:54:59.355960 GPU: 50.1°C
15:54:59.355960 ALT: 4.57
15:54:59.355960 ACC: [3, -3, 508]
15:54:59.355960 GYR: [0, 0, 1]
15:54:59.355960 ATT: [-0.2, -0.3, 359]
15:54:59.355960 VOL: 12.84
15:54:59.475446 CPU: 50.1°C
15:54:59.475446 GPU: 50.1°C
15:54:59.475446 ALT: 4.59
15:54:59.475446 ACC: [3, -2, 508]
15:54:59.475446 GYR: [1, 1, 1]
15:54:59.475446 ATT: [-0.2, -0.3, 359]
15:54:59.475446 VOL: 12.84
15:54:59.575657 CPU: 51.1°C
15:54:59.575657 GPU: 51.1°C
15:54:59.575657 ALT: 4.59
15:54:59.575657 ACC: [3, -2, 508]
15:54:59.575657 GYR: [2, -1, 0]
15:54:59.575657 ATT: [-0.2, -0.3, 359]
15:54:59.575657 VOL: 12.84
15:54:59.665431 CPU: 50.6°C
15:54:59.665431 GPU: 50.1°C
15:54:59.665431 ALT: 4.59
15:54:59.665431 ACC: [3, -3, 509]
15:54:59.665431 GYR: [0, 1, 0]
15:54:59.665431 ATT: [-0.2, -0.3, 359]
15:54:59.665431 VOL: 12.84
15:54:59.799713 CPU: 49.7°C
15:54:59.799713 GPU: 50.6°C
15:54:59.799713 ALT: 4.59
15:54:59.799713 ACC: [3, -2, 508]
15:54:59.799713 GYR: [2, 0, -1]
15:54:59.799713 ATT: [-0.2, -0.3, 359]
15:54:59.799713 VOL: 12.84
15:54:59.939470 CPU: 50.6°C
15:54:59.939470 GPU: 51.6°C
15:54:59.939470 ALT: 4.59
15:54:59.939470 ACC: [3, -2, 508]
15:54:59.939470 GYR: [1, 0, -1]
15:54:59.939470 ATT: [-0.2, -0.3, 359]
15:54:59.939470 VOL: 12.84
15:55:00.049097 CPU: 51.1°C
15:55:00.049097 GPU: 49.6°C
15:55:00.049097 ALT: 4.59
15:55:00.049097 ACC: [3, -2, 509]
15:55:00.049097 GYR: [1, 0, 2]
15:55:00.049097 ATT: [-0.2, -0.3, 359]
15:55:00.049097 VOL: 12.84
15:55:00.143842 CPU: 51.1°C
15:55:00.143842 GPU: 50.6°C
15:55:00.143842 ALT: 4.59
15:55:00.143842 ACC: [3, -3, 508]
15:55:00.143842 GYR: [1, 1, 0]
15:55:00.143842 ATT: [-0.2, -0.3, 359]
15:55:00.143842 VOL: 12.84
15:55:00.241050 CPU: 50.1°C
15:55:00.241050 GPU: 50.1°C
15:55:00.241050 ALT: 4.68
15:55:00.241050 ACC: [3, -2, 508]
15:55:00.241050 GYR: [1, -2, 2]
15:55:00.241050 ATT: [-0.2, -0.3, 359]
15:55:00.241050 VOL: 12.84
15:55:00.333198 CPU: 50.6°C
15:55:00.333198 GPU: 51.1°C
15:55:00.333198 ALT: 4.68
15:55:00.333198 ACC: [3, -2, 508]
15:55:00.333198 GYR: [0, -2, 1]
15:55:00.333198 ATT: [-0.2, -0.3, 359]
15:55:00.333198 VOL: 12.84
15:55:00.469608 CPU: 50.6°C
15:55:00.469608 GPU: 50.1°C
15:55:00.469608 ALT: 4.68
15:55:00.469608 ACC: [3, -3, 509]
15:55:00.469608 GYR: [2, 0, 1]
15:55:00.469608 ATT: [-0.2, -0.3, 359]
15:55:00.469608 VOL: 12.84
15:55:00.576141 CPU: 51.6°C
15:55:00.576141 GPU: 50.6°C
15:55:00.576141 ALT: 4.68
15:55:00.576141 ACC: [3, -3, 508]
15:55:00.576141 GYR: [3, 1, 0]
15:55:00.576141 ATT: [-0.3, -0.3, 359]
15:55:00.576141 VOL: 12.84
15:55:00.702336 CPU: 50.6°C
15:55:00.702336 GPU: 49.6°C
15:55:00.702336 ALT: 4.68
15:55:00.702336 ACC: [3, -3, 507]
15:55:00.702336 GYR: [1, 1, -1]
15:55:00.702336 ATT: [-0.3, -0.3, 359]
15:55:00.702336 VOL: 12.84
15:55:00.827877 CPU: 51.6°C
15:55:00.827877 GPU: 50.1°C
15:55:00.827877 ALT: 4.68
15:55:00.827877 ACC: [3, -2, 509]
15:55:00.827877 GYR: [0, 1, 2]
15:55:00.827877 ATT: [-0.3, -0.3, 359]
15:55:00.827877 VOL: 12.84
15:55:00.922311 CPU: 50.6°C
15:55:00.922311 GPU: 50.6°C
15:55:00.922311 ALT: 4.68
15:55:00.922311 ACC: [3, -3, 508]
15:55:00.922311 GYR: [1, 1, 1]
15:55:00.922311 ATT: [-0.3, -0.3, 359]
15:55:00.922311 VOL: 12.84
15:55:01.030575 CPU: 51.1°C
15:55:01.030575 GPU: 50.6°C
15:55:01.030575 ALT: 4.68
15:55:01.030575 ACC: [3, -3, 508]
15:55:01.030575 GYR: [2, -1, -1]
15:55:01.030575 ATT: [-0.3, -0.3, 359]
15:55:01.030575 VOL: 12.84
15:55:01.128033 CPU: 52.1°C
15:55:01.128033 GPU: 52.1°C
15:55:01.128033 ALT: 4.76
15:55:01.128033 ACC: [3, -2, 508]
15:55:01.128033 GYR: [3, 1, 1]
15:55:01.128033 ATT: [-0.3, -0.3, 359]
15:55:01.128033 VOL: 12.84
15:55:01.238073 CPU: 50.6°C
15:55:01.238073 GPU: 50.6°C
15:55:01.238073 ALT: 4.76
15:55:01.238073 ACC: [3, -2, 509]
15:55:01.238073 GYR: [-2, 0, -1]
15:55:01.238073 ATT: [-0.3, -0.3, 359]
15:55:01.238073 VOL: 12.84
15:55:01.365155 CPU: 50.6°C
15:55:01.365155 GPU: 50.6°C
15:55:01.365155 ALT: 4.76
15:55:01.365155 ACC: [3, -2, 508]
15:55:01.365155 GYR: [0, 3, -1]
15:55:01.365155 ATT: [-0.3, -0.3, 359]
15:55:01.365155 VOL: 12.84
15:55:01.490994 CPU: 51.6°C
15:55:01.490994 GPU: 50.6°C
15:55:01.490994 ALT: 4.76
15:55:01.490994 ACC: [3, -3, 508]
15:55:01.490994 GYR: [2, 0, 0]
15:55:01.490994 ATT: [-0.3, -0.3, 359]
15:55:01.490994 VOL: 12.84
15:55:01.623592 CPU: 50.6°C
15:55:01.623592 GPU: 51.6°C
15:55:01.623592 ALT: 4.76
15:55:01.623592 ACC: [3, -2, 508]
15:55:01.623592 GYR: [0, -1, 2]
15:55:01.623592 ATT: [-0.3, -0.3, 359]
15:55:01.623592 VOL: 12.84
15:55:01.766624 CPU: 51.1°C
15:55:01.766624 GPU: 50.6°C
15:55:01.766624 ALT: 4.76
15:55:01.766624 ACC: [3, -2, 508]
15:55:01.766624 GYR: [1, 3, -1]
15:55:01.766624 ATT: [-0.3, -0.3, 359]
15:55:01.766624 VOL: 12.84
15:55:01.894897 CPU: 52.1°C
15:55:01.894897 GPU: 52.5°C
15:55:01.894897 ALT: 4.76
15:55:01.894897 ACC: [3, -2, 508]
15:55:01.894897 GYR: [-1, 0, 1]
15:55:01.894897 ATT: [-0.3, -0.3, 359]
15:55:01.894897 VOL: 12.84
15:55:02.020332 CPU: 51.1°C
15:55:02.020332 GPU: 50.6°C
15:55:02.020332 ALT: 4.76
15:55:02.020332 ACC: [4, -3, 508]
15:55:02.020332 GYR: [2, 1, 2]
15:55:02.020332 ATT: [-0.3, -0.3, 359]
15:55:02.020332 VOL: 12.84
15:55:02.270093 CPU: 51.1°C
15:55:02.270093 GPU: 51.6°C
15:55:02.270093 ALT: 4.76
15:55:02.270093 ACC: [3, -2, 508]
15:55:02.270093 GYR: [-1, -1, 1]
15:55:02.270093 ATT: [-0.3, -0.3, 359]
15:55:02.270093 VOL: 12.84
15:55:02.407137 CPU: 51.6°C
15:55:02.407137 GPU: 52.5°C
15:55:02.407137 ALT: 4.76
15:55:02.407137 ACC: [3, -2, 509]
15:55:02.407137 GYR: [1, 0, 0]
15:55:02.407137 ATT: [-0.3, -0.3, 359]
15:55:02.407137 VOL: 12.84
15:55:02.560318 CPU: 50.6°C
15:55:02.560318 GPU: 51.6°C
15:55:02.560318 ALT: 4.76
15:55:02.560318 ACC: [3, -2, 508]
15:55:02.560318 GYR: [2, -2, 1]
15:55:02.560318 ATT: [-0.3, -0.3, 359]
15:55:02.560318 VOL: 12.84
15:55:02.699802 CPU: 51.6°C
15:55:02.699802 GPU: 51.6°C
15:55:02.699802 ALT: 4.76
15:55:02.699802 ACC: [3, -2, 508]
15:55:02.699802 GYR: [2, 1, 1]
15:55:02.699802 ATT: [-0.3, -0.3, 359]
15:55:02.699802 VOL: 12.84
15:55:02.827063 CPU: 50.6°C
15:55:02.827063 GPU: 50.6°C
15:55:02.827063 ALT: 4.76
15:55:02.827063 ACC: [3, -3, 509]
15:55:02.827063 GYR: [0, 1, 1]
15:55:02.827063 ATT: [-0.3, -0.3, 359]
15:55:02.827063 VOL: 12.84
15:55:02.914228 CPU: 50.1°C
15:55:02.914228 GPU: 50.1°C
15:55:02.914228 ALT: 4.76
15:55:02.914228 ACC: [3, -3, 508]
15:55:02.914228 GYR: [0, 1, -1]
15:55:02.914228 ATT: [-0.3, -0.3, 359]
15:55:02.914228 VOL: 12.84