Waiting for MSP_API_VERSION reply...
Waiting for MSP_FC_VARIANT reply...
{'apiVersion': '1.44.0', 'flightControllerIdentifier': 'BTFL', 'flightControllerVersion': '4.3.2', 'version': 0, 'buildInfo': 'Nov 28 2022 07:26:30', 'multiType': 0, 'msp_version': 0, 'capability': 0, 'cycleTime': 313, 'i2cError': 0, 'activeSensors': 35, 'mode': 2, 'profile': 0, 'uid': [3145761, 858867466, 875836466], 'accelerometerTrims': [0, 0], 'name': '', 'displayName': 'BOARD MODULE', 'numProfiles': 3, 'rateProfile': 0, 'boardType': 2, 'armingDisableCount': 26, 'armingDisableFlags': 4, 'armingDisabled': False, 'runawayTakeoffPreventionDisabled': False, 'boardIdentifier': 'S405', 'boardVersion': 0, 'commCapabilities': 55, 'targetName': 'STM32F405', 'boardName': 'SPEEDYBEEF405V3', 'manufacturerId': 'SPBE', 'signature': [0, 0, 0, 0, 0, 0, 0, 0, 0, 0, 0, 0, 0, 0, 0, 0, 0, 0, 0, 0, 0, 0, 0, 0, 0, 0, 0, 0, 0, 0, 0, 0], 'cpuload': 21, 'mcuTypeId': 3, 'mspProtocolVersion': 0, 'flightModeFlags': []}
14:51:44.809047 ALT: 4.9
14:51:44.825055 ALT: 4.9
14:51:44.841050 ALT: 4.9
14:51:44.857657 ALT: 4.9
14:51:44.873078 ALT: 4.9
14:51:44.890647 ALT: 4.9
14:51:44.907617 ALT: 4.9
14:51:44.928563 ALT: 4.9
14:51:44.939400 ALT: 4.9
14:51:44.955142 ALT: 4.9
14:51:44.971430 ALT: 4.9
14:51:45.002874 ALT: 4.9
14:51:45.017212 ALT: 4.9
14:51:45.033789 ALT: 4.9
14:51:45.049901 ALT: 4.9
14:51:45.065303 ALT: 4.9
14:51:45.085068 ALT: 4.9
14:51:45.107704 ALT: 4.9
14:51:45.139373 ALT: 4.9
14:51:45.161184 ALT: 4.9
14:51:45.177166 ALT: 4.9
14:51:45.193170 ALT: 4.9
14:51:45.209201 ALT: 4.9
14:51:45.225187 ALT: 4.9
14:51:45.241224 ALT: 4.9
14:51:45.257300 ALT: 4.9
14:51:45.273301 ALT: 4.9
14:51:45.289172 ALT: 4.9
14:51:45.305213 ALT: 4.9
14:51:45.321248 ALT: 4.9
14:51:45.337901 ALT: 4.9
14:51:45.353316 ALT: 4.9
14:51:45.369207 ALT: 4.9
14:51:45.385182 ALT: 4.9
14:51:45.401225 ALT: 4.9
14:51:45.417325 ALT: 4.9
14:51:45.433184 ALT: 4.9
14:51:45.449385 ALT: 4.9
14:51:45.465299 ALT: 4.9
14:51:45.481238 ALT: 4.9
14:51:45.497301 ALT: 4.9
14:51:45.513252 ALT: 4.9
14:51:45.529342 ALT: 4.9
14:51:45.545352 ALT: 4.9
14:51:45.561335 ALT: 4.9
14:56:08.272534 ALT: 4.9
14:56:08.288362 ALT: 4.9
14:56:08.304345 ALT: 4.9
14:56:08.320712 ALT: 4.9
14:56:08.336540 ALT: 4.9
14:56:08.352600 ALT: 4.9
14:56:08.368416 ALT: 4.9
14:56:08.384440 ALT: 4.9
14:56:08.400340 ALT: 4.9
14:56:08.416552 ALT: 4.9
14:56:08.432339 ALT: 4.9
14:56:08.448402 ALT: 4.9
14:56:08.464363 ALT: 4.9
14:56:08.480398 ALT: 4.9
14:56:08.496404 ALT: 4.9
14:56:08.512531 ALT: 4.94
14:56:08.528387 ALT: 4.94
14:56:08.544274 ALT: 4.96
14:56:08.560372 ALT: 4.98
14:56:08.576417 ALT: 4.98
14:56:08.592411 ALT: 4.99
14:56:08.608504 ALT: 4.99
14:56:08.624375 ALT: 4.99
14:56:08.640380 ALT: 4.99
14:56:08.656413 ALT: 4.99
14:56:08.672420 ALT: 4.99
14:56:08.688381 ALT: 4.99
14:56:08.704408 ALT: 4.99
14:56:08.720399 ALT: 4.99
14:56:08.736752 ALT: 4.99
14:56:08.752412 ALT: 4.99
14:56:08.768389 ALT: 4.99
14:56:08.784497 ALT: 4.99
14:56:08.800603 ALT: 4.99
14:56:08.816393 ALT: 4.99
14:56:08.832382 ALT: 4.99
14:56:08.848392 ALT: 4.99
14:56:08.864386 ALT: 4.99
14:56:08.880415 ALT: 4.99
14:56:08.896455 ALT: 4.99
14:56:08.912505 ALT: 4.99
14:56:08.928793 ALT: 4.99
14:56:08.944435 ALT: 4.99
14:56:08.960490 ALT: 4.99
14:56:08.976370 ALT: 4.99
14:56:08.992351 ALT: 4.99
14:56:09.008523 ALT: 4.99
14:56:09.024418 ALT: 4.99
14:56:09.040538 ALT: 4.99
14:56:09.056549 ALT: 4.99
14:56:09.072482 ALT: 4.99
14:56:09.088376 ALT: 4.99
14:56:09.104549 ALT: 4.99
14:56:09.120967 ALT: 4.99
14:56:09.136406 ALT: 4.99
14:56:09.152401 ALT: 4.99
14:56:09.168403 ALT: 4.99
14:56:09.184433 ALT: 4.99
14:56:09.200434 ALT: 4.99
14:56:09.216421 ALT: 4.99
14:56:09.232565 ALT: 4.99
14:56:09.248383 ALT: 4.99
14:56:09.264477 ALT: 4.99
14:56:09.280913 ALT: 4.99
14:56:09.297110 ALT: 4.99
14:56:09.312963 ALT: 4.99
14:56:09.328544 ALT: 4.99
14:56:09.344531 ALT: 4.99
14:56:09.360953 ALT: 4.99
14:56:09.376577 ALT: 4.99
14:56:09.392501 ALT: 4.99
14:56:09.408465 ALT: 4.99
14:56:09.424715 ALT: 4.99
14:56:09.440520 ALT: 4.99
14:56:09.456566 ALT: 4.99
14:56:09.472582 ALT: 4.99
14:56:09.488651 ALT: 4.99
14:56:09.504632 ALT: 4.99
14:56:09.520675 ALT: 4.99
14:56:09.536727 ALT: 4.99
14:56:09.553480 ALT: 4.99
14:56:09.568599 ALT: 4.99
14:56:09.584664 ALT: 4.99
14:56:09.600643 ALT: 4.99
14:56:09.616801 ALT: 4.99
14:56:09.632668 ALT: 4.99
14:56:09.648639 ALT: 4.99
14:56:09.664648 ALT: 4.99
14:56:09.680659 ALT: 4.99
14:56:09.696485 ALT: 4.99
14:56:09.712491 ALT: 4.99
14:56:09.731067 ALT: 4.99
14:56:09.744485 ALT: 4.99
14:56:09.760556 ALT: 4.99
14:56:09.776541 ALT: 4.99
14:56:09.792542 ALT: 4.99
14:56:09.808555 ALT: 4.99
14:56:09.824535 ALT: 4.99
14:56:09.842635 ALT: 4.99
14:56:09.856537 ALT: 4.99
14:56:09.872527 ALT: 4.99
14:56:09.888503 ALT: 4.99
14:56:09.904552 ALT: 5.03
14:56:09.920532 ALT: 5.03
14:56:09.952595 ALT: 5.05
14:56:09.968629 ALT: 5.07
14:56:09.984592 ALT: 5.07
14:56:10.000559 ALT: 5.07
14:56:10.016642 ALT: 5.08
14:56:10.032627 ALT: 5.08
14:56:10.048677 ALT: 5.08
14:56:10.064612 ALT: 5.08
14:56:10.080644 ALT: 5.08
14:56:10.096540 ALT: 5.08
14:56:10.112740 ALT: 5.08
14:56:10.128580 ALT: 5.08
14:56:10.144696 ALT: 5.08
14:56:10.160623 ALT: 5.08
14:56:10.176607 ALT: 5.08
14:56:10.192905 ALT: 5.08
14:56:10.208542 ALT: 5.08
14:56:10.224551 ALT: 5.08
14:56:10.240581 ALT: 5.08
14:56:10.256610 ALT: 5.08
14:56:10.272581 ALT: 5.08
14:56:10.288652 ALT: 5.08
14:56:10.304584 ALT: 5.08
14:56:10.320559 ALT: 5.08
14:56:10.336579 ALT: 5.08
14:56:10.352566 ALT: 5.08
14:56:10.368665 ALT: 5.08
14:56:10.384632 ALT: 5.08
14:56:10.400629 ALT: 5.08
14:56:10.416611 ALT: 5.08
14:56:10.432624 ALT: 5.08
14:56:10.448614 ALT: 5.08
14:56:10.464830 ALT: 5.05
14:56:10.480651 ALT: 5.05
14:56:10.496652 ALT: 5.03
14:56:10.512765 ALT: 5.02
14:56:10.530836 ALT: 5.02
14:56:10.544636 ALT: 5.01
14:56:10.560699 ALT: 5.01
14:56:10.576999 ALT: 5.01
14:56:10.592701 ALT: 5.01
14:56:10.608652 ALT: 5.01
14:56:10.624681 ALT: 5.01
14:56:10.640692 ALT: 5.01
14:56:10.656623 ALT: 5.01
14:56:10.672688 ALT: 5.01
14:56:10.688653 ALT: 5.01
14:56:10.704882 ALT: 5.01
14:56:10.720615 ALT: 5.01
14:56:10.736694 ALT: 5.01
14:56:10.752642 ALT: 5.01
14:56:10.768647 ALT: 5.01
14:56:10.784707 ALT: 5.01
14:56:10.800676 ALT: 5.01
14:56:10.816741 ALT: 5.01
14:56:10.832748 ALT: 5.01
14:56:10.848698 ALT: 5.01
14:56:10.864638 ALT: 5.01
14:56:10.880709 ALT: 5.01
14:56:10.896698 ALT: 5.01
14:56:10.912721 ALT: 5.01
14:56:10.928677 ALT: 5.01
14:56:10.944958 ALT: 5.01
14:56:10.960674 ALT: 5.04
14:56:10.976759 ALT: 5.04
14:56:10.992729 ALT: 5.06
14:56:11.008842 ALT: 5.07
14:56:11.024776 ALT: 5.07
14:56:11.040778 ALT: 5.08
14:56:11.056762 ALT: 5.08
14:56:11.072818 ALT: 5.08
14:56:11.088701 ALT: 5.08
14:56:11.104686 ALT: 5.08
14:56:11.121173 ALT: 5.08
14:56:11.136731 ALT: 5.08
14:56:11.152774 ALT: 5.08
14:56:11.168744 ALT: 5.08
14:56:11.184762 ALT: 5.08
14:56:11.200743 ALT: 5.08
14:56:11.216787 ALT: 5.08
14:56:11.232745 ALT: 5.08
14:56:11.248770 ALT: 5.08
14:56:11.264782 ALT: 5.08
14:56:11.280806 ALT: 5.08
14:56:11.296796 ALT: 5.08
14:56:11.312759 ALT: 5.08
14:56:11.328802 ALT: 5.08
14:56:11.344724 ALT: 5.08
14:56:11.360737 ALT: 5.08
14:56:11.376748 ALT: 5.08
14:56:11.392771 ALT: 5.08
14:56:11.408769 ALT: 5.08
14:56:11.424760 ALT: 5.08
14:56:11.440794 ALT: 5.08
14:56:11.456801 ALT: 5.08
14:56:11.472833 ALT: 5.08
14:56:11.488817 ALT: 5.08
14:56:11.504759 ALT: 5.08
14:56:11.520788 ALT: 5.08
14:56:11.538751 ALT: 5.08
14:56:11.552801 ALT: 5.08
14:56:11.568934 ALT: 5.08
14:56:11.584866 ALT: 5.08
14:56:11.600836 ALT: 5.08
14:56:11.616838 ALT: 5.08
14:56:11.632791 ALT: 5.08
14:56:11.649171 ALT: 5.08
14:56:11.664775 ALT: 5.08
14:56:11.680836 ALT: 5.08
14:56:11.696801 ALT: 5.08
14:56:11.712975 ALT: 5.08
14:56:11.728886 ALT: 5.08
14:56:11.744903 ALT: 5.08
14:56:11.760853 ALT: 5.08
14:56:11.776825 ALT: 5.08
14:56:11.792819 ALT: 5.08
14:56:11.808860 ALT: 5.08
14:56:11.824836 ALT: 5.08
14:56:11.840893 ALT: 5.08
14:56:11.856860 ALT: 5.08
14:56:11.873105 ALT: 5.08
14:56:11.888804 ALT: 5.08
14:56:11.904821 ALT: 5.08
14:56:11.920867 ALT: 5.08
14:56:11.936841 ALT: 5.08
14:56:11.953048 ALT: 5.08
14:56:11.968848 ALT: 5.08
14:56:11.984817 ALT: 5.08
14:56:12.001107 ALT: 5.08
14:56:12.016924 ALT: 5.08
14:56:12.032911 ALT: 5.08
14:56:12.048876 ALT: 5.08
14:56:12.064981 ALT: 5.08
14:56:12.080933 ALT: 5.08
14:56:12.096877 ALT: 5.08
14:56:12.112878 ALT: 5.08
14:56:12.128890 ALT: 5.08
14:56:12.144911 ALT: 5.08
14:56:12.161043 ALT: 5.12
14:56:12.176895 ALT: 5.12
14:56:12.192885 ALT: 5.14
14:56:12.208957 ALT: 5.15
14:56:12.225071 ALT: 5.15
14:56:12.241058 ALT: 5.16
14:56:12.256899 ALT: 5.16
14:56:12.272897 ALT: 5.16
14:56:12.288924 ALT: 5.16
14:56:12.306282 ALT: 5.16
14:56:12.321223 ALT: 5.16
14:56:12.336987 ALT: 5.16
14:56:12.352962 ALT: 5.16
14:56:12.368919 ALT: 5.16
14:56:12.384918 ALT: 5.16
14:56:12.400902 ALT: 5.16
14:56:12.417012 ALT: 5.16
14:56:12.432907 ALT: 5.16
14:56:12.448926 ALT: 5.16
14:56:12.464895 ALT: 5.16
14:56:12.480949 ALT: 5.16
14:56:12.496929 ALT: 5.16
14:56:12.512876 ALT: 5.16
14:56:12.528830 ALT: 5.16
14:56:12.544855 ALT: 5.16
14:56:12.560838 ALT: 5.16
14:56:12.576833 ALT: 5.16
14:56:12.592846 ALT: 5.16
14:56:12.608855 ALT: 5.16
14:56:12.624849 ALT: 5.16
14:56:12.640945 ALT: 5.16
14:56:12.656848 ALT: 5.16
14:56:12.672867 ALT: 5.16
14:56:12.704900 ALT: 5.16
14:56:12.720847 ALT: 5.16
14:56:12.736868 ALT: 5.16
14:56:12.752915 ALT: 5.16
14:56:12.768871 ALT: 5.16
14:56:12.784867 ALT: 5.16
14:56:12.800871 ALT: 5.16
14:56:12.816880 ALT: 5.16
14:56:12.832893 ALT: 5.16
14:56:12.848877 ALT: 5.16
14:56:12.864873 ALT: 5.16
14:56:12.880888 ALT: 5.16
14:56:12.896887 ALT: 5.16
14:56:12.912990 ALT: 5.16
14:56:12.929010 ALT: 5.16
14:56:12.945151 ALT: 5.16
14:56:12.960918 ALT: 5.16
14:56:12.976923 ALT: 5.16
14:56:12.992901 ALT: 5.16
14:56:13.008905 ALT: 5.16
14:56:13.024919 ALT: 5.16
14:56:13.040898 ALT: 5.16
14:56:13.056906 ALT: 5.16
14:56:13.072885 ALT: 5.16
14:56:13.088931 ALT: 5.16
14:56:13.104912 ALT: 5.16
14:56:13.121060 ALT: 5.2
14:56:13.136962 ALT: 5.2
14:56:13.153004 ALT: 5.22
14:56:13.169064 ALT: 5.22
14:56:13.185117 ALT: 5.22
14:56:13.201055 ALT: 5.24
14:56:13.217155 ALT: 5.25
14:56:13.233082 ALT: 5.25
14:56:13.249146 ALT: 5.25
14:56:13.265060 ALT: 5.25
14:56:13.281326 ALT: 5.25
14:56:13.297099 ALT: 5.25
14:56:13.313087 ALT: 5.25
14:56:13.329145 ALT: 5.25
14:56:13.345283 ALT: 5.25
14:56:13.361088 ALT: 5.25
14:56:13.377107 ALT: 5.25
14:56:13.393058 ALT: 5.25
14:56:13.409082 ALT: 5.25
14:56:13.425110 ALT: 5.25
14:56:13.441151 ALT: 5.25
14:56:13.457481 ALT: 5.25
14:56:13.475536 ALT: 5.25
14:56:13.489123 ALT: 5.25
14:56:13.505156 ALT: 5.25
14:56:13.521184 ALT: 5.22
14:56:13.537103 ALT: 5.22
14:56:13.553152 ALT: 5.2
14:56:13.569183 ALT: 5.19
14:56:13.585096 ALT: 5.19
14:56:13.601104 ALT: 5.18
14:56:13.617083 ALT: 5.18
14:56:13.633396 ALT: 5.18
14:56:13.649203 ALT: 5.18
14:56:13.665205 ALT: 5.18
14:56:13.681470 ALT: 5.18
14:56:13.697335 ALT: 5.18
14:56:13.713202 ALT: 5.18
14:56:13.730250 ALT: 5.18
14:56:13.745316 ALT: 5.18
14:56:13.761220 ALT: 5.18
14:56:13.777265 ALT: 5.18
14:56:13.793441 ALT: 5.18
14:56:13.809225 ALT: 5.18
14:56:13.825687 ALT: 5.18
14:56:13.843071 ALT: 5.18
14:56:13.858118 ALT: 5.18
14:56:13.874230 ALT: 5.18
14:56:13.890110 ALT: 5.18
14:56:13.906262 ALT: 5.18
14:56:13.921678 ALT: 5.18
14:56:13.937332 ALT: 5.18
14:56:13.953166 ALT: 5.18
14:56:13.969225 ALT: 5.18
14:56:13.985337 ALT: 5.18
14:56:14.001314 ALT: 5.18
14:56:14.017337 ALT: 5.18
14:56:14.033293 ALT: 5.18
14:56:14.049511 ALT: 5.18
14:56:14.065456 ALT: 5.18
14:56:14.081268 ALT: 5.18
14:56:14.097239 ALT: 5.18
14:56:14.113343 ALT: 5.18
14:56:14.129241 ALT: 5.18
14:56:14.145295 ALT: 5.18
14:56:14.161311 ALT: 5.18
14:56:14.177345 ALT: 5.18
14:56:14.193381 ALT: 5.18
14:56:14.209653 ALT: 5.18
14:56:14.225328 ALT: 5.18
14:56:14.241375 ALT: 5.18
14:56:14.257429 ALT: 5.18
14:56:14.273815 ALT: 5.18
14:56:14.289295 ALT: 5.18
14:56:14.305397 ALT: 5.18
14:56:14.321457 ALT: 5.18
14:56:14.337370 ALT: 5.18
14:56:14.353392 ALT: 5.18
14:56:14.369371 ALT: 5.18
14:56:14.385374 ALT: 5.18
14:56:14.401427 ALT: 5.18
14:56:14.417403 ALT: 5.18
14:56:14.433411 ALT: 5.18
14:56:14.449705 ALT: 5.18
14:56:14.465425 ALT: 5.18
14:56:14.481398 ALT: 5.18
14:56:14.497410 ALT: 5.18
14:56:14.513426 ALT: 5.18
14:56:14.529483 ALT: 5.18
14:56:14.545409 ALT: 5.18
14:56:14.561436 ALT: 5.18
14:56:14.577395 ALT: 5.18
14:56:14.593416 ALT: 5.18
14:56:14.609415 ALT: 5.18
14:56:14.625418 ALT: 5.18
14:56:14.641452 ALT: 5.18
14:56:14.657442 ALT: 5.18
14:56:14.673435 ALT: 5.18
14:56:14.689364 ALT: 5.18
14:56:14.705486 ALT: 5.18
14:56:14.721412 ALT: 5.18
14:56:14.737806 ALT: 5.18
14:56:14.753280 ALT: 5.18
14:56:14.769324 ALT: 5.21
14:56:14.785682 ALT: 5.21
14:56:14.801402 ALT: 5.23
14:56:14.817431 ALT: 5.24
14:56:14.833461 ALT: 5.24
14:56:14.849408 ALT: 5.25
14:56:14.865466 ALT: 5.25
14:56:14.881473 ALT: 5.25
14:56:14.897443 ALT: 5.25
14:56:14.913441 ALT: 5.25
14:56:14.929491 ALT: 5.25
14:56:14.945447 ALT: 5.25
14:56:14.961432 ALT: 5.25
14:56:14.977480 ALT: 5.25
14:56:14.993452 ALT: 5.25
14:56:15.009457 ALT: 5.25
14:56:15.025271 ALT: 5.25
14:56:15.041239 ALT: 5.25
14:56:15.058725 ALT: 5.25
14:56:15.073461 ALT: 5.25
14:56:15.089362 ALT: 5.25
14:56:15.105381 ALT: 5.25
14:56:15.121405 ALT: 5.25
14:56:15.137401 ALT: 5.25
14:56:15.153353 ALT: 5.25
14:56:15.169438 ALT: 5.25
14:56:15.185366 ALT: 5.25
14:56:15.201382 ALT: 5.25
14:56:15.217352 ALT: 5.25
14:56:15.233355 ALT: 5.25
14:56:15.249347 ALT: 5.25
14:56:15.265351 ALT: 5.25
14:56:15.281357 ALT: 5.25
14:56:15.297409 ALT: 5.25
14:56:15.313348 ALT: 5.25
14:56:15.329390 ALT: 5.25
14:56:15.345352 ALT: 5.25
14:56:15.361391 ALT: 5.25
14:56:15.377365 ALT: 5.25
14:56:15.393395 ALT: 5.25
14:56:15.409373 ALT: 5.25
14:56:15.425395 ALT: 5.25
14:56:15.441382 ALT: 5.25
14:56:15.457396 ALT: 5.25
14:56:15.473429 ALT: 5.25
14:56:15.489403 ALT: 5.25
14:56:15.505394 ALT: 5.25
14:56:15.521428 ALT: 5.25
14:56:15.537409 ALT: 5.25
14:56:15.553437 ALT: 5.25
14:56:15.569442 ALT: 5.25
14:56:15.585434 ALT: 5.25
14:56:15.603145 ALT: 5.25
14:56:15.617458 ALT: 5.25
14:56:15.633443 ALT: 5.25
14:56:15.649467 ALT: 5.25
14:56:15.665433 ALT: 5.25
14:56:15.681477 ALT: 5.25
14:56:15.697455 ALT: 5.25
14:56:15.713525 ALT: 5.25
14:56:15.729455 ALT: 5.25
14:56:15.745494 ALT: 5.25
14:56:15.761467 ALT: 5.25
14:56:15.777480 ALT: 5.25
14:56:15.795370 ALT: 5.25
14:56:15.810662 ALT: 5.25
14:56:15.825625 ALT: 5.25
14:56:15.841474 ALT: 5.25
14:56:15.857473 ALT: 5.25
14:56:15.873415 ALT: 5.25
14:56:15.889927 ALT: 5.25
14:56:15.905490 ALT: 5.25
14:56:15.921482 ALT: 5.25
14:56:15.937440 ALT: 5.25
14:56:15.953483 ALT: 5.25
14:56:15.969705 ALT: 5.25
14:56:15.985603 ALT: 5.25
14:56:16.001561 ALT: 5.25
14:56:16.017477 ALT: 5.25
14:56:16.033434 ALT: 5.25
14:56:16.049516 ALT: 5.25
14:56:16.065745 ALT: 5.25
14:56:16.081518 ALT: 5.25
14:56:16.097439 ALT: 5.25
14:56:16.113513 ALT: 5.25
14:56:16.129448 ALT: 5.25
14:56:16.145511 ALT: 5.25
14:56:16.161538 ALT: 5.25
14:56:16.177529 ALT: 5.25
14:56:16.193474 ALT: 5.25
14:56:16.209545 ALT: 5.29
14:56:16.225534 ALT: 5.29
14:56:16.241601 ALT: 5.29
14:56:16.257551 ALT: 5.31
14:56:16.273557 ALT: 5.32
14:56:16.289623 ALT: 5.32
14:56:16.306025 ALT: 5.33
14:56:16.321529 ALT: 5.33
14:56:16.337826 ALT: 5.33
14:56:16.353833 ALT: 5.33
14:56:16.369822 ALT: 5.33
14:56:16.385882 ALT: 5.33
14:56:16.401982 ALT: 5.33
14:56:16.417716 ALT: 5.33
14:56:16.433687 ALT: 5.33
14:56:16.449549 ALT: 5.33
14:56:16.465530 ALT: 5.33
14:56:16.481577 ALT: 5.33
14:56:16.497614 ALT: 5.33
14:56:16.513549 ALT: 5.33
14:56:16.529555 ALT: 5.33
14:56:16.545722 ALT: 5.33
14:56:16.561725 ALT: 5.33
14:56:16.577569 ALT: 5.33
14:56:16.593671 ALT: 5.33
14:56:16.609596 ALT: 5.33
14:56:16.625733 ALT: 5.33
14:56:16.641621 ALT: 5.33
14:56:16.657682 ALT: 5.33
14:56:16.673633 ALT: 5.33
14:56:16.690020 ALT: 5.33
14:56:16.705739 ALT: 5.33
14:56:16.721770 ALT: 5.33
14:56:16.737679 ALT: 5.33
14:56:16.753869 ALT: 5.33
14:56:16.769669 ALT: 5.33
14:56:16.785648 ALT: 5.33
14:56:16.801733 ALT: 5.33
14:56:16.817664 ALT: 5.33
14:56:16.833678 ALT: 5.33
14:56:16.849653 ALT: 5.33
14:56:16.865691 ALT: 5.33
14:56:16.881622 ALT: 5.33
14:56:16.897740 ALT: 5.33
14:56:16.913642 ALT: 5.33
14:56:16.929693 ALT: 5.33
14:56:16.945615 ALT: 5.33
14:56:16.961735 ALT: 5.33
14:56:16.977674 ALT: 5.33
14:56:16.993622 ALT: 5.33
14:56:17.009652 ALT: 5.33
14:56:17.025696 ALT: 5.33
14:56:17.041614 ALT: 5.33
14:56:17.057733 ALT: 5.33
14:56:17.073488 ALT: 5.33
14:56:17.089599 ALT: 5.33
14:56:17.105724 ALT: 5.33
14:56:17.121718 ALT: 5.33
14:56:17.137700 ALT: 5.33
14:56:17.153676 ALT: 5.37
14:56:17.169766 ALT: 5.37
14:56:17.185658 ALT: 5.39
14:56:17.201664 ALT: 5.4
14:56:17.217684 ALT: 5.4
14:56:17.233700 ALT: 5.41
14:56:17.249724 ALT: 5.41
14:56:17.265661 ALT: 5.41
14:56:17.281660 ALT: 5.41
14:56:17.297763 ALT: 5.41
14:56:17.313713 ALT: 5.41
14:56:17.329777 ALT: 5.41
14:56:17.345700 ALT: 5.41
14:56:17.361702 ALT: 5.41
14:56:17.377710 ALT: 5.41
14:56:17.393811 ALT: 5.41
14:56:17.409695 ALT: 5.41
14:56:17.425678 ALT: 5.41
14:56:17.441815 ALT: 5.41
14:56:17.457771 ALT: 5.41
14:56:17.473799 ALT: 5.41
14:56:17.489836 ALT: 5.41
14:56:17.505780 ALT: 5.41
14:56:17.521737 ALT: 5.41
14:56:17.537931 ALT: 5.41
14:56:17.553742 ALT: 5.41
14:56:17.569904 ALT: 5.41
14:56:17.585764 ALT: 5.41
14:56:17.601820 ALT: 5.41
14:56:17.617770 ALT: 5.41
14:56:17.633782 ALT: 5.41
14:56:17.649802 ALT: 5.41
14:56:17.665865 ALT: 5.41
14:56:17.681868 ALT: 5.41
14:56:17.697930 ALT: 5.41
14:56:17.714022 ALT: 5.41
14:56:17.729878 ALT: 5.41
14:56:17.746378 ALT: 5.41
14:56:17.761841 ALT: 5.41
14:56:17.778053 ALT: 5.41
14:56:17.794012 ALT: 5.41
14:56:17.809761 ALT: 5.41
14:56:17.825790 ALT: 5.41
14:56:17.841841 ALT: 5.41
14:56:17.857730 ALT: 5.38
14:56:17.873761 ALT: 5.36
14:56:17.889764 ALT: 5.36
14:56:17.905991 ALT: 5.35
14:56:17.921882 ALT: 5.35
14:56:17.937757 ALT: 5.35
14:56:17.953731 ALT: 5.35
14:56:17.969787 ALT: 5.35
14:56:17.985765 ALT: 5.35
14:56:18.001780 ALT: 5.35
14:56:18.017730 ALT: 5.35
14:56:18.033753 ALT: 5.35
14:56:18.049812 ALT: 5.35
14:56:18.065752 ALT: 5.35
14:56:18.081836 ALT: 5.35
14:56:18.097892 ALT: 5.35
14:56:18.113939 ALT: 5.35
14:56:18.129799 ALT: 5.35
14:56:18.145867 ALT: 5.35
14:56:18.177838 ALT: 5.35
14:56:18.193933 ALT: 5.35
14:56:18.209885 ALT: 5.35
14:56:18.225829 ALT: 5.35
14:56:18.241808 ALT: 5.35
14:56:18.257935 ALT: 5.35
14:56:18.273871 ALT: 5.35
14:56:18.289911 ALT: 5.35
14:56:18.305793 ALT: 5.35
14:56:18.321792 ALT: 5.35
14:56:18.337893 ALT: 5.35
14:56:18.353845 ALT: 5.35
14:56:18.369812 ALT: 5.35
14:56:18.385868 ALT: 5.35
14:56:18.401826 ALT: 5.35
14:56:18.417823 ALT: 5.35
14:56:18.433834 ALT: 5.35
14:56:18.449792 ALT: 5.35
14:56:18.465828 ALT: 5.35
14:56:18.481830 ALT: 5.35
14:56:18.497866 ALT: 5.35
14:56:18.513835 ALT: 5.35
14:56:18.529826 ALT: 5.35
14:56:18.545847 ALT: 5.35
14:56:18.561835 ALT: 5.35
14:56:18.577846 ALT: 5.35
14:56:18.593909 ALT: 5.35
14:56:18.609885 ALT: 5.35
14:56:18.629243 ALT: 5.35
14:56:18.642428 ALT: 5.35
14:56:18.658536 ALT: 5.35
14:56:18.674506 ALT: 5.35
14:56:18.690236 ALT: 5.35
14:56:18.705875 ALT: 5.35
14:56:18.721995 ALT: 5.35
14:56:18.737927 ALT: 5.35
14:56:18.753929 ALT: 5.35
14:56:18.770000 ALT: 5.35
14:56:18.785943 ALT: 5.35
14:56:18.801873 ALT: 5.35
14:56:18.818048 ALT: 5.35
14:56:18.833904 ALT: 5.35
14:56:18.849933 ALT: 5.35
14:56:18.865941 ALT: 5.35
14:56:18.882003 ALT: 5.35
14:56:18.898072 ALT: 5.35
14:56:18.913904 ALT: 5.35
14:56:18.929895 ALT: 5.35
14:56:18.946070 ALT: 5.35
14:56:18.961894 ALT: 5.35
14:56:18.978115 ALT: 5.35
14:56:18.993885 ALT: 5.35
14:56:19.009885 ALT: 5.35
14:56:19.025960 ALT: 5.35
14:56:19.041946 ALT: 5.35
14:56:19.058248 ALT: 5.35
14:56:19.073994 ALT: 5.35
14:56:19.090061 ALT: 5.35
14:56:19.106080 ALT: 5.31
14:56:19.121952 ALT: 5.31
14:56:19.137995 ALT: 5.29
14:56:19.154008 ALT: 5.29
14:56:19.169989 ALT: 5.28
14:56:19.186018 ALT: 5.27
14:56:19.201993 ALT: 5.27
14:56:19.218001 ALT: 5.27
14:56:19.234081 ALT: 5.27
14:56:19.249990 ALT: 5.27
14:56:19.266099 ALT: 5.27
14:56:19.282038 ALT: 5.27
14:56:19.297977 ALT: 5.27
14:56:19.313977 ALT: 5.27
14:56:19.330062 ALT: 5.27
14:56:19.346033 ALT: 5.27
14:56:19.362106 ALT: 5.27
14:56:19.377968 ALT: 5.27
14:56:19.394223 ALT: 5.27
14:56:19.410012 ALT: 5.27
14:56:19.426038 ALT: 5.27
14:56:19.442210 ALT: 5.27
14:56:19.458019 ALT: 5.27
14:56:19.474006 ALT: 5.27
14:56:19.489977 ALT: 5.27
14:56:19.505987 ALT: 5.27
14:56:19.522010 ALT: 5.27
14:56:19.538124 ALT: 5.27
14:56:19.554032 ALT: 5.27
14:56:19.569987 ALT: 5.27
14:56:19.586026 ALT: 5.27
14:56:19.602008 ALT: 5.27
14:56:19.617992 ALT: 5.3
14:56:19.634017 ALT: 5.32
14:56:19.650035 ALT: 5.32
14:56:19.666069 ALT: 5.33
14:56:19.682042 ALT: 5.33
14:56:19.698017 ALT: 5.33
14:56:19.714019 ALT: 5.33
14:56:19.730008 ALT: 5.33
14:56:19.746044 ALT: 5.33
14:56:19.762031 ALT: 5.33
14:56:19.778034 ALT: 5.33
14:56:19.794041 ALT: 5.33
14:56:19.810021 ALT: 5.33
14:56:19.825993 ALT: 5.33
14:56:19.842075 ALT: 5.33
14:56:19.858111 ALT: 5.33
14:56:19.874045 ALT: 5.33
14:56:19.890033 ALT: 5.33
14:56:19.906033 ALT: 5.33
14:56:19.922108 ALT: 5.33
14:56:19.938080 ALT: 5.33
14:56:19.954080 ALT: 5.33
14:56:19.970056 ALT: 5.33
14:56:19.986042 ALT: 5.33
14:56:20.002088 ALT: 5.33
14:56:20.018057 ALT: 5.33
14:56:20.034092 ALT: 5.33
14:56:20.050046 ALT: 5.33
14:56:20.065978 ALT: 5.33
14:56:20.082108 ALT: 5.33
14:56:20.098121 ALT: 5.33
14:56:20.114102 ALT: 5.33
14:56:20.130081 ALT: 5.33
14:56:20.146238 ALT: 5.33
14:56:20.162062 ALT: 5.33
14:56:20.178133 ALT: 5.33
14:56:20.194111 ALT: 5.33
14:56:20.210212 ALT: 5.33
14:56:20.226127 ALT: 5.33
14:56:20.242125 ALT: 5.33
14:56:20.258134 ALT: 5.33
14:56:20.274208 ALT: 5.33
14:56:20.290118 ALT: 5.33
14:56:20.306098 ALT: 5.33
14:56:20.322075 ALT: 5.33
14:56:20.338099 ALT: 5.33
14:56:20.354137 ALT: 5.33
14:56:20.370195 ALT: 5.33
14:56:20.386181 ALT: 5.33
14:56:20.402168 ALT: 5.33
14:56:20.418121 ALT: 5.33
14:56:20.434179 ALT: 5.33
14:56:20.450231 ALT: 5.33
14:56:20.466125 ALT: 5.33
14:56:20.482178 ALT: 5.33
14:56:20.498244 ALT: 5.33
14:56:20.514191 ALT: 5.33
14:56:20.530204 ALT: 5.33
14:56:20.546134 ALT: 5.33
14:56:20.562119 ALT: 5.33
14:56:20.578110 ALT: 5.33
14:56:20.594171 ALT: 5.33
14:56:20.610516 ALT: 5.33
14:56:20.626299 ALT: 5.33
14:56:20.642295 ALT: 5.33
14:56:20.658239 ALT: 5.33
14:56:20.674224 ALT: 5.33
14:56:20.690221 ALT: 5.33
14:56:20.706228 ALT: 5.33
14:56:20.722275 ALT: 5.33
14:56:20.738218 ALT: 5.33
14:56:20.754260 ALT: 5.33
14:56:20.770215 ALT: 5.33
14:56:20.786197 ALT: 5.33
14:56:20.802214 ALT: 5.33
14:56:20.818317 ALT: 5.33
14:56:20.834424 ALT: 5.33
14:56:20.850390 ALT: 5.33
14:56:20.866422 ALT: 5.33
14:56:20.882291 ALT: 5.33
14:56:20.898313 ALT: 5.33
14:56:20.930294 ALT: 5.33
14:56:20.946237 ALT: 5.33
14:56:20.962321 ALT: 5.33
14:56:20.978228 ALT: 5.33
14:56:20.994295 ALT: 5.33
14:56:21.010346 ALT: 5.33
14:56:21.026386 ALT: 5.33
14:56:21.042565 ALT: 5.33
14:56:21.058530 ALT: 5.33
14:56:21.074434 ALT: 5.33
14:56:21.090436 ALT: 5.33
14:56:21.106433 ALT: 5.33
14:56:21.122279 ALT: 5.33
14:56:21.139587 ALT: 5.33
14:56:21.154333 ALT: 5.33
14:56:21.170497 ALT: 5.33
14:56:21.186387 ALT: 5.33
14:56:21.202422 ALT: 5.33
14:56:21.218332 ALT: 5.33
14:56:21.234348 ALT: 5.33
14:56:21.250334 ALT: 5.33
14:56:21.266379 ALT: 5.33
14:56:21.282291 ALT: 5.33
14:56:21.298292 ALT: 5.33
14:56:21.314349 ALT: 5.33
14:56:21.330299 ALT: 5.33
14:56:21.346367 ALT: 5.33
14:56:21.362381 ALT: 5.33
14:56:21.378400 ALT: 5.33
14:56:21.394440 ALT: 5.33
14:56:21.410389 ALT: 5.33
14:56:21.426324 ALT: 5.33
14:56:21.442314 ALT: 5.33
14:56:21.458416 ALT: 5.33
14:56:21.474310 ALT: 5.33
14:56:21.490363 ALT: 5.33
14:56:21.506387 ALT: 5.33
14:56:21.522428 ALT: 5.33
14:56:21.538388 ALT: 5.33
14:56:21.554373 ALT: 5.33
14:56:21.570402 ALT: 5.33
14:56:21.586348 ALT: 5.33
14:56:21.602423 ALT: 5.33
14:56:21.618387 ALT: 5.33
14:56:21.634395 ALT: 5.33
14:56:21.650426 ALT: 5.33
14:56:21.666495 ALT: 5.33
14:56:21.682430 ALT: 5.33
14:56:21.698342 ALT: 5.33
14:56:21.714409 ALT: 5.37
14:56:21.730362 ALT: 5.37
14:56:21.746394 ALT: 5.39
14:56:21.762374 ALT: 5.4
14:56:21.778450 ALT: 5.4
14:56:21.794422 ALT: 5.41
14:56:21.810463 ALT: 5.41
14:56:21.826412 ALT: 5.41
14:56:21.842457 ALT: 5.41
14:56:21.858393 ALT: 5.41
14:56:21.874521 ALT: 5.41
14:56:21.890418 ALT: 5.41
14:56:21.906412 ALT: 5.41
14:56:21.922406 ALT: 5.41
14:56:21.938402 ALT: 5.41
14:56:21.954479 ALT: 5.41
14:56:21.970501 ALT: 5.41
14:56:21.986401 ALT: 5.41
14:56:22.002390 ALT: 5.41
14:56:22.018468 ALT: 5.41
14:56:22.034461 ALT: 5.41
14:56:22.050474 ALT: 5.41
14:56:22.066485 ALT: 5.41
14:56:22.082413 ALT: 5.41
14:56:22.098528 ALT: 5.41
14:56:22.114391 ALT: 5.41
14:56:22.130446 ALT: 5.41
14:56:22.146414 ALT: 5.41
14:56:22.162502 ALT: 5.41
14:56:22.178430 ALT: 5.41
14:56:22.194487 ALT: 5.41
14:56:22.210480 ALT: 5.41
14:56:22.226467 ALT: 5.41
14:56:22.242422 ALT: 5.41
14:56:22.258487 ALT: 5.41
14:56:22.274479 ALT: 5.41
14:56:22.290477 ALT: 5.41
14:56:22.306464 ALT: 5.41
14:56:22.322483 ALT: 5.41
14:56:22.338449 ALT: 5.41
14:56:22.354439 ALT: 5.41
14:56:22.370504 ALT: 5.41
14:56:22.386454 ALT: 5.41
14:56:22.402487 ALT: 5.41
14:56:22.418409 ALT: 5.41
14:56:22.434525 ALT: 5.41
14:56:22.450447 ALT: 5.41
14:56:22.466450 ALT: 5.41
14:56:22.482443 ALT: 5.41
14:56:22.498441 ALT: 5.41
14:56:22.514441 ALT: 5.41
14:56:22.530537 ALT: 5.41
14:56:22.546531 ALT: 5.41
14:56:22.562487 ALT: 5.41
14:56:22.578510 ALT: 5.41
14:56:22.594568 ALT: 5.41
14:56:22.610471 ALT: 5.41
14:56:22.626494 ALT: 5.41
14:56:22.642682 ALT: 5.41
14:56:22.658480 ALT: 5.41
14:56:22.674551 ALT: 5.41
14:56:22.690504 ALT: 5.41
14:56:22.706581 ALT: 5.41
14:56:22.722509 ALT: 5.41
14:56:22.738522 ALT: 5.41
14:56:22.754497 ALT: 5.41
14:56:22.770517 ALT: 5.41
14:56:22.786585 ALT: 5.41
14:56:22.802489 ALT: 5.41
14:56:22.818685 ALT: 5.41
14:56:22.834578 ALT: 5.41
14:56:22.850611 ALT: 5.41
14:56:22.866620 ALT: 5.45
14:56:22.882720 ALT: 5.45
14:56:22.898715 ALT: 5.47
14:56:22.914621 ALT: 5.49
14:56:22.930608 ALT: 5.49
14:56:22.946656 ALT: 5.5
14:56:22.962869 ALT: 5.5
14:56:22.978659 ALT: 5.5
14:56:22.994709 ALT: 5.5
14:56:23.010636 ALT: 5.5
14:56:23.026621 ALT: 5.5
14:56:23.042686 ALT: 5.5
14:56:23.058640 ALT: 5.5
14:56:23.074609 ALT: 5.5
14:56:23.090653 ALT: 5.5
14:56:23.106780 ALT: 5.5
14:56:23.122631 ALT: 5.5
14:56:23.138672 ALT: 5.5
14:56:23.154642 ALT: 5.5
14:56:23.170607 ALT: 5.5
14:56:23.186634 ALT: 5.5
14:56:23.202639 ALT: 5.5
14:56:23.218629 ALT: 5.5
14:56:23.234700 ALT: 5.5
14:56:23.250662 ALT: 5.5
14:56:23.266647 ALT: 5.5
14:56:23.282691 ALT: 5.5
14:56:23.298663 ALT: 5.5
14:56:23.314637 ALT: 5.5
14:56:23.330695 ALT: 5.5
14:56:23.346675 ALT: 5.5
14:56:23.362643 ALT: 5.5
14:56:23.378673 ALT: 5.5
14:56:23.394677 ALT: 5.5
14:56:23.410704 ALT: 5.5
14:56:23.426649 ALT: 5.5
14:56:23.442679 ALT: 5.5
14:56:23.458688 ALT: 5.5
14:56:23.474704 ALT: 5.5
14:56:23.490725 ALT: 5.5
14:56:23.506587 ALT: 5.5
14:56:23.522673 ALT: 5.5
14:56:23.538742 ALT: 5.5
14:56:23.554643 ALT: 5.5
14:56:23.570594 ALT: 5.5
14:56:23.586831 ALT: 5.5
14:56:23.602721 ALT: 5.5
14:56:23.618608 ALT: 5.5
14:56:23.635000 ALT: 5.5
14:56:23.650785 ALT: 5.5
14:56:23.666659 ALT: 5.5
14:56:23.682671 ALT: 5.5
14:56:23.698685 ALT: 5.5
14:56:23.714686 ALT: 5.5
14:56:23.730657 ALT: 5.5
14:56:23.746918 ALT: 5.5
14:56:23.762635 ALT: 5.5
14:56:23.778655 ALT: 5.5
14:56:23.794657 ALT: 5.5
14:56:23.810716 ALT: 5.5
14:56:23.826656 ALT: 5.5
14:56:23.842708 ALT: 5.5
14:56:23.858713 ALT: 5.5
14:56:23.874774 ALT: 5.5
14:56:23.890780 ALT: 5.5
14:56:23.906797 ALT: 5.5
14:56:23.922749 ALT: 5.5
14:56:23.938726 ALT: 5.5
14:56:23.954774 ALT: 5.5
14:56:23.970759 ALT: 5.5
14:56:23.986752 ALT: 5.5
14:56:24.002878 ALT: 5.5
14:56:24.018669 ALT: 5.5
14:56:24.034811 ALT: 5.5
14:56:24.050722 ALT: 5.5
14:56:24.066748 ALT: 5.5
14:56:24.082705 ALT: 5.5
14:56:24.098732 ALT: 5.5
14:56:24.114701 ALT: 5.5
14:56:24.130760 ALT: 5.5
14:56:24.146703 ALT: 5.5
14:56:24.162688 ALT: 5.5
14:56:24.178792 ALT: 5.5
14:56:24.194779 ALT: 5.5
14:56:24.210751 ALT: 5.5
14:56:24.226779 ALT: 5.5
14:56:24.242805 ALT: 5.5
14:56:24.258798 ALT: 5.5
14:56:24.274719 ALT: 5.5
14:56:24.290898 ALT: 5.5
14:56:24.306854 ALT: 5.5
14:56:24.322820 ALT: 5.54
14:56:24.338819 ALT: 5.56
14:56:24.354969 ALT: 5.56
14:56:24.370858 ALT: 5.57
14:56:24.386849 ALT: 5.57
14:56:24.402829 ALT: 5.58
14:56:24.418896 ALT: 5.58
14:56:24.434847 ALT: 5.58
14:56:24.450836 ALT: 5.58
14:56:24.466835 ALT: 5.58
14:56:24.482733 ALT: 5.58
14:56:24.498791 ALT: 5.58
14:56:24.514848 ALT: 5.58
14:56:24.530781 ALT: 5.58
14:56:24.546746 ALT: 5.58
14:56:24.562799 ALT: 5.58
14:56:24.578792 ALT: 5.58
14:56:24.594861 ALT: 5.58
14:56:24.610802 ALT: 5.58
14:56:24.626783 ALT: 5.58
14:56:24.642811 ALT: 5.58
14:56:24.658846 ALT: 5.58
14:56:24.674819 ALT: 5.58
14:56:24.690877 ALT: 5.58
14:56:24.706786 ALT: 5.58
14:56:24.722803 ALT: 5.58
14:56:24.738779 ALT: 5.58
14:56:24.754815 ALT: 5.58
14:56:24.770896 ALT: 5.58
14:56:24.786839 ALT: 5.58
14:56:24.802900 ALT: 5.58
14:56:24.818882 ALT: 5.58
14:56:24.834892 ALT: 5.58
14:56:24.850921 ALT: 5.58
14:56:24.866878 ALT: 5.58
14:56:24.882936 ALT: 5.58
14:56:24.898965 ALT: 5.58
14:56:24.914933 ALT: 5.58
14:56:24.930909 ALT: 5.58
14:56:24.946880 ALT: 5.58
14:56:24.963037 ALT: 5.58
14:56:24.978881 ALT: 5.58
14:56:24.994952 ALT: 5.58
14:56:25.011014 ALT: 5.58
14:56:25.026917 ALT: 5.58
14:56:25.042905 ALT: 5.58
14:56:25.058944 ALT: 5.58
14:56:25.074908 ALT: 5.58
14:56:25.090959 ALT: 5.58
14:56:25.106952 ALT: 5.58
14:56:25.122913 ALT: 5.58
14:56:25.138910 ALT: 5.58
14:56:25.154911 ALT: 5.58
14:56:25.170895 ALT: 5.58
14:56:25.186961 ALT: 5.58
14:56:25.202908 ALT: 5.58
14:56:25.218948 ALT: 5.58
14:56:25.234898 ALT: 5.58
14:56:25.250935 ALT: 5.58
14:56:25.266937 ALT: 5.58
14:56:25.282985 ALT: 5.58
14:56:25.298946 ALT: 5.58
14:56:25.314932 ALT: 5.58
14:56:25.330932 ALT: 5.58
14:56:25.346941 ALT: 5.58
14:56:25.363117 ALT: 5.58
14:56:25.379000 ALT: 5.58
14:56:25.395084 ALT: 5.58
14:56:25.410985 ALT: 5.58
14:56:25.426997 ALT: 5.58
14:56:25.442976 ALT: 5.58
14:56:25.459027 ALT: 5.58
14:56:25.474999 ALT: 5.58
14:56:25.491012 ALT: 5.58
14:56:25.506971 ALT: 5.58
14:56:25.522981 ALT: 5.58
14:56:25.538973 ALT: 5.58
14:56:25.555011 ALT: 5.58
14:56:25.571233 ALT: 5.58
14:56:25.587008 ALT: 5.58
14:56:25.603095 ALT: 5.58
14:56:25.619065 ALT: 5.58
14:56:25.634902 ALT: 5.58
14:56:25.651103 ALT: 5.58
14:56:25.667013 ALT: 5.58
14:56:25.683017 ALT: 5.58
14:56:25.699007 ALT: 5.58
14:56:25.715005 ALT: 5.58
14:56:25.730989 ALT: 5.58
14:56:25.747006 ALT: 5.58
14:56:25.762965 ALT: 5.58
14:56:25.779017 ALT: 5.58
14:56:25.794945 ALT: 5.58
14:56:25.810981 ALT: 5.58
14:56:25.826975 ALT: 5.58
14:56:25.842964 ALT: 5.58
14:56:25.858974 ALT: 5.58
14:56:25.874980 ALT: 5.58
14:56:25.890967 ALT: 5.58
14:56:25.906991 ALT: 5.58
14:56:25.922995 ALT: 5.58
14:56:25.939107 ALT: 5.58
14:56:25.955010 ALT: 5.58
14:56:25.971004 ALT: 5.58
14:56:25.986984 ALT: 5.58
14:56:26.003002 ALT: 5.58
14:56:26.019001 ALT: 5.58
14:56:26.034981 ALT: 5.58
14:56:26.051008 ALT: 5.58
14:56:26.067016 ALT: 5.58
14:56:26.082995 ALT: 5.58
14:56:26.099020 ALT: 5.58
14:56:26.115020 ALT: 5.58
14:56:26.131001 ALT: 5.58
14:56:26.147028 ALT: 5.58
14:56:26.163041 ALT: 5.58
14:56:26.179173 ALT: 5.58
14:56:26.195195 ALT: 5.58
14:56:26.211168 ALT: 5.58
14:56:26.227224 ALT: 5.58
14:56:26.243169 ALT: 5.62
14:56:26.259097 ALT: 5.62
14:56:26.275042 ALT: 5.64
14:56:26.291043 ALT: 5.64
14:56:26.307058 ALT: 5.66
14:56:26.323058 ALT: 5.67
14:56:26.339110 ALT: 5.67
14:56:26.355061 ALT: 5.67
14:56:26.371104 ALT: 5.67
14:56:26.403040 ALT: 5.67
14:56:26.419057 ALT: 5.67
14:56:26.435058 ALT: 5.67
14:56:26.451063 ALT: 5.67
14:56:26.467076 ALT: 5.67
14:56:26.483054 ALT: 5.67
14:56:26.499068 ALT: 5.67
14:56:26.515078 ALT: 5.67
14:56:26.531056 ALT: 5.67
14:56:26.547130 ALT: 5.67
14:56:26.563087 ALT: 5.67
14:56:26.579075 ALT: 5.67
14:56:26.595089 ALT: 5.67
14:56:26.611116 ALT: 5.67
14:56:26.627076 ALT: 5.67
14:56:26.643067 ALT: 5.67
14:56:26.659098 ALT: 5.67
14:56:26.675089 ALT: 5.67
14:56:26.691112 ALT: 5.67
14:56:26.707117 ALT: 5.67
14:56:26.723105 ALT: 5.67
14:56:26.739108 ALT: 5.67
14:56:26.755101 ALT: 5.67
14:56:26.771178 ALT: 5.67
14:56:26.787257 ALT: 5.67
14:56:26.803115 ALT: 5.67
14:56:26.819133 ALT: 5.67
14:56:26.835129 ALT: 5.67
14:56:26.851101 ALT: 5.67
14:56:26.867130 ALT: 5.67
14:56:26.883133 ALT: 5.67
14:56:26.899132 ALT: 5.67
14:56:26.915243 ALT: 5.67
14:56:26.931312 ALT: 5.67
14:56:26.947123 ALT: 5.67
14:56:26.963158 ALT: 5.67
14:56:26.979368 ALT: 5.67
14:56:26.995197 ALT: 5.67
14:56:27.011216 ALT: 5.67
14:56:27.027164 ALT: 5.67
14:56:27.043131 ALT: 5.67
14:56:27.059135 ALT: 5.67
14:56:27.075126 ALT: 5.67
14:56:27.091148 ALT: 5.67
14:56:27.107142 ALT: 5.67
14:56:27.123131 ALT: 5.67
14:56:27.139314 ALT: 5.67
14:56:27.155253 ALT: 5.67
14:56:27.171098 ALT: 5.67
14:56:27.187676 ALT: 5.67
14:56:27.203209 ALT: 5.67
14:56:27.219200 ALT: 5.67
14:56:27.235206 ALT: 5.67
14:56:27.251211 ALT: 5.67
14:56:27.267256 ALT: 5.67
14:56:27.283193 ALT: 5.67
14:56:27.299199 ALT: 5.67
14:56:27.315195 ALT: 5.67
14:56:27.331187 ALT: 5.67
14:56:27.347222 ALT: 5.67
14:56:27.363212 ALT: 5.67
14:56:27.379269 ALT: 5.67
14:56:27.395194 ALT: 5.67
14:56:27.411241 ALT: 5.67
14:56:27.427229 ALT: 5.67
14:56:27.443221 ALT: 5.67
14:56:27.459233 ALT: 5.67
14:56:27.475255 ALT: 5.67
14:56:27.491213 ALT: 5.67
14:56:27.507238 ALT: 5.67
14:56:27.523214 ALT: 5.67
14:56:27.539218 ALT: 5.67
14:56:27.555300 ALT: 5.67
14:56:27.571218 ALT: 5.67
14:56:27.587229 ALT: 5.67
14:56:27.603224 ALT: 5.67
14:56:27.619217 ALT: 5.67
14:56:27.635253 ALT: 5.67
14:56:27.651251 ALT: 5.67
14:56:27.667257 ALT: 5.67
14:56:27.683254 ALT: 5.67
14:56:27.699369 ALT: 5.67
14:56:27.715223 ALT: 5.67
14:56:27.731306 ALT: 5.67
14:56:27.747275 ALT: 5.67
14:56:27.763284 ALT: 5.67
14:56:27.779290 ALT: 5.67
14:56:27.795281 ALT: 5.67
14:56:27.811278 ALT: 5.67
14:56:27.827302 ALT: 5.67
14:56:27.843296 ALT: 5.67
14:56:27.859229 ALT: 5.67
14:56:27.875423 ALT: 5.67
14:56:27.891381 ALT: 5.67
14:56:27.907376 ALT: 5.67
14:56:27.923391 ALT: 5.67
14:56:27.939393 ALT: 5.67
14:56:27.955348 ALT: 5.67
14:56:27.971346 ALT: 5.67
14:56:27.987308 ALT: 5.67
14:56:28.003408 ALT: 5.67
14:56:28.019383 ALT: 5.67
14:56:28.035374 ALT: 5.67
14:56:28.051375 ALT: 5.67
14:56:28.067480 ALT: 5.67
14:56:28.083311 ALT: 5.67
14:56:28.099319 ALT: 5.67
14:56:28.115509 ALT: 5.67
14:56:28.131441 ALT: 5.67
14:56:28.147490 ALT: 5.67
14:56:28.163446 ALT: 5.67
14:56:28.179450 ALT: 5.67
14:56:28.195420 ALT: 5.67
14:56:28.211331 ALT: 5.67
14:56:28.227518 ALT: 5.67
14:56:28.243478 ALT: 5.67
14:56:28.259388 ALT: 5.67
14:56:28.275485 ALT: 5.67
14:56:28.291454 ALT: 5.67
14:56:28.307420 ALT: 5.67
14:56:28.323502 ALT: 5.67
14:56:28.340110 ALT: 5.67
14:56:28.355463 ALT: 5.67
14:56:28.371441 ALT: 5.67
14:56:28.387446 ALT: 5.67
14:56:28.403302 ALT: 5.67
14:56:28.419514 ALT: 5.67
14:56:28.435536 ALT: 5.67
14:56:28.451477 ALT: 5.67
14:56:28.467382 ALT: 5.67
14:56:28.483580 ALT: 5.67
14:56:28.499561 ALT: 5.67
14:56:28.515465 ALT: 5.67
14:56:28.531483 ALT: 5.67
14:56:28.547552 ALT: 5.67
14:56:28.563588 ALT: 5.67
14:56:28.579560 ALT: 5.67
14:56:28.595362 ALT: 5.67
14:56:28.611305 ALT: 5.67
14:56:28.627415 ALT: 5.67
14:56:28.643551 ALT: 5.67
14:56:28.659372 ALT: 5.67
14:56:28.675388 ALT: 5.67
14:56:28.691487 ALT: 5.67
14:56:28.707443 ALT: 5.67
14:56:28.723440 ALT: 5.67
14:56:28.739506 ALT: 5.67
14:56:28.755554 ALT: 5.67
14:56:28.771488 ALT: 5.67
14:56:28.787365 ALT: 5.67
14:56:28.803376 ALT: 5.67
14:56:28.819520 ALT: 5.67
14:56:28.835395 ALT: 5.67
14:56:28.851390 ALT: 5.67
14:56:28.867483 ALT: 5.67
14:56:28.883498 ALT: 5.67
14:56:28.899462 ALT: 5.67
14:56:28.915540 ALT: 5.67
14:56:28.931538 ALT: 5.67
14:56:28.947507 ALT: 5.67
14:56:28.963427 ALT: 5.67
14:56:28.979557 ALT: 5.67
14:56:28.995395 ALT: 5.67
14:56:29.011487 ALT: 5.67
14:56:29.027453 ALT: 5.67
14:56:29.043470 ALT: 5.67
14:56:29.059518 ALT: 5.67
14:56:29.075498 ALT: 5.67
14:56:29.091490 ALT: 5.67
14:56:29.107392 ALT: 5.67
14:56:29.123502 ALT: 5.67
14:56:29.155553 ALT: 5.67
14:56:29.171501 ALT: 5.67
14:56:29.187553 ALT: 5.67
14:56:29.203532 ALT: 5.67
14:56:29.219512 ALT: 5.67
14:56:29.235491 ALT: 5.67
14:56:29.251512 ALT: 5.67
14:56:29.267427 ALT: 5.67
14:56:29.283523 ALT: 5.67
14:56:29.299572 ALT: 5.67
14:56:29.315499 ALT: 5.67
14:56:29.331623 ALT: 5.67
14:56:29.347565 ALT: 5.67
14:56:29.363569 ALT: 5.67
14:56:29.379563 ALT: 5.67
14:56:29.395535 ALT: 5.67
14:56:29.411520 ALT: 5.67
14:56:29.427602 ALT: 5.67
14:56:29.443489 ALT: 5.67
14:56:29.461544 ALT: 5.67
14:56:29.475475 ALT: 5.67
14:56:29.491695 ALT: 5.67
14:56:29.507617 ALT: 5.67
14:56:29.523592 ALT: 5.67
14:56:29.539487 ALT: 5.67
14:56:29.555581 ALT: 5.67
14:56:29.571548 ALT: 5.67
14:56:29.587512 ALT: 5.67
14:56:29.603478 ALT: 5.67
14:56:29.619663 ALT: 5.67
14:56:29.635540 ALT: 5.67
14:56:29.651608 ALT: 5.67
14:56:29.667630 ALT: 5.67
14:56:29.683576 ALT: 5.67
14:56:29.699592 ALT: 5.67
14:56:29.715551 ALT: 5.67
14:56:29.731582 ALT: 5.67
14:56:29.747580 ALT: 5.67
14:56:29.763607 ALT: 5.67
14:56:29.779666 ALT: 5.67
14:56:29.795583 ALT: 5.67
14:56:29.811600 ALT: 5.67
14:56:29.827576 ALT: 5.67
14:56:29.843597 ALT: 5.67
14:56:29.859573 ALT: 5.67
14:56:29.875616 ALT: 5.67
14:56:29.891589 ALT: 5.67
14:56:29.907782 ALT: 5.67
14:56:29.923617 ALT: 5.67
14:56:29.939596 ALT: 5.67
14:56:29.955608 ALT: 5.67
14:56:29.971677 ALT: 5.67
14:56:29.987649 ALT: 5.67
14:56:30.003595 ALT: 5.67
14:56:30.019611 ALT: 5.67
14:56:30.035625 ALT: 5.67
14:56:30.051593 ALT: 5.67
14:56:30.067607 ALT: 5.67
14:56:30.083541 ALT: 5.67
14:56:30.099667 ALT: 5.67
14:56:30.115634 ALT: 5.67
14:56:30.131606 ALT: 5.67
14:56:30.147638 ALT: 5.67
14:56:30.163668 ALT: 5.67
14:56:30.179659 ALT: 5.67
14:56:30.195699 ALT: 5.67
14:56:30.211672 ALT: 5.67
14:56:30.227574 ALT: 5.67
14:56:30.243609 ALT: 5.67
14:56:30.259678 ALT: 5.67
14:56:30.275696 ALT: 5.67
14:56:30.291741 ALT: 5.67
14:56:30.307658 ALT: 5.67
14:56:30.323641 ALT: 5.67
14:56:30.339743 ALT: 5.67
14:56:30.355711 ALT: 5.67
14:56:30.371712 ALT: 5.67
14:56:30.387663 ALT: 5.67
14:56:30.403700 ALT: 5.67
14:56:30.419691 ALT: 5.67
14:56:30.435604 ALT: 5.67
14:56:30.451674 ALT: 5.67
14:56:30.467798 ALT: 5.67
14:56:30.483683 ALT: 5.67
14:56:30.499625 ALT: 5.67
14:56:30.515813 ALT: 5.67
14:56:30.531643 ALT: 5.67
14:56:30.547706 ALT: 5.67
14:56:30.563679 ALT: 5.67
14:56:30.579910 ALT: 5.67
14:56:30.595721 ALT: 5.67
14:56:30.611873 ALT: 5.67
14:56:30.627933 ALT: 5.67
14:56:30.643715 ALT: 5.67
14:56:30.659745 ALT: 5.67
14:56:30.675673 ALT: 5.67
14:56:30.691790 ALT: 5.67
14:56:30.707718 ALT: 5.67
14:56:30.723683 ALT: 5.67
14:56:30.739691 ALT: 5.67
14:56:30.755692 ALT: 5.67
14:56:30.772199 ALT: 5.67
14:56:30.787847 ALT: 5.67
14:56:30.803789 ALT: 5.67
14:56:30.819650 ALT: 5.67
14:56:30.837085 ALT: 5.67
14:56:30.851828 ALT: 5.67
14:56:30.867770 ALT: 5.67
14:56:30.883772 ALT: 5.67
14:56:30.899779 ALT: 5.67
14:56:30.915787 ALT: 5.67
14:56:30.931799 ALT: 5.67
14:56:30.947737 ALT: 5.67
14:56:30.963740 ALT: 5.67
14:56:30.979796 ALT: 5.67
14:56:30.995755 ALT: 5.67
14:56:31.011753 ALT: 5.67
14:56:31.027746 ALT: 5.67
14:56:31.043764 ALT: 5.67
14:56:31.059753 ALT: 5.67
14:56:31.075752 ALT: 5.67
14:56:31.091756 ALT: 5.67
14:56:31.107809 ALT: 5.67
14:56:31.123766 ALT: 5.67
14:56:31.139762 ALT: 5.67
14:56:31.155796 ALT: 5.67
14:56:31.171776 ALT: 5.67
14:56:31.187773 ALT: 5.67
14:56:31.203780 ALT: 5.67
14:56:31.219807 ALT: 5.67
14:56:31.235811 ALT: 5.67
14:56:31.251789 ALT: 5.67
14:56:31.267791 ALT: 5.67
14:56:31.283866 ALT: 5.67
14:56:31.299818 ALT: 5.67
14:56:31.315823 ALT: 5.67
14:56:31.331822 ALT: 5.67
14:56:31.347833 ALT: 5.67
14:56:31.364168 ALT: 5.67
14:56:31.379825 ALT: 5.67
14:56:31.395844 ALT: 5.67
14:56:31.411847 ALT: 5.67
14:56:31.427828 ALT: 5.67
14:56:31.443842 ALT: 5.67
14:56:31.459846 ALT: 5.67
14:56:31.475845 ALT: 5.67
14:56:31.491804 ALT: 5.67
14:56:31.507780 ALT: 5.67
14:56:31.523784 ALT: 5.67
14:56:31.539746 ALT: 5.67
14:56:31.555752 ALT: 5.67
14:56:31.571808 ALT: 5.67
14:56:31.587790 ALT: 5.67
14:56:31.603792 ALT: 5.67
14:56:31.619755 ALT: 5.67
14:56:31.635766 ALT: 5.67
14:56:31.651796 ALT: 5.67
14:56:31.667780 ALT: 5.67
14:56:31.683790 ALT: 5.67
14:56:31.699871 ALT: 5.67
14:56:31.715779 ALT: 5.67
14:56:31.731773 ALT: 5.67
14:56:31.747805 ALT: 5.67
14:56:31.763825 ALT: 5.71
14:56:31.779785 ALT: 5.73
14:56:31.795957 ALT: 5.73
14:56:31.811913 ALT: 5.75
14:56:31.827881 ALT: 5.75
14:56:31.844066 ALT: 5.75
14:56:31.859964 ALT: 5.76
14:56:31.876006 ALT: 5.76
14:56:31.891892 ALT: 5.76
14:56:31.907907 ALT: 5.76
14:56:31.923913 ALT: 5.76
14:56:31.939930 ALT: 5.76
14:56:31.955897 ALT: 5.76
14:56:31.971896 ALT: 5.76
14:56:31.987918 ALT: 5.76
14:56:32.004072 ALT: 5.76
14:56:32.020010 ALT: 5.76
14:56:32.035854 ALT: 5.76
14:56:32.052604 ALT: 5.76
14:56:32.067948 ALT: 5.76
14:56:32.083973 ALT: 5.76
14:56:32.099995 ALT: 5.76
14:56:32.116005 ALT: 5.76
14:56:32.131997 ALT: 5.76
14:56:32.147962 ALT: 5.76
14:56:32.163956 ALT: 5.76
14:56:32.179949 ALT: 5.76
14:56:32.195986 ALT: 5.76
14:56:32.211944 ALT: 5.76
14:56:32.227937 ALT: 5.76
14:56:32.243943 ALT: 5.76
14:56:32.259940 ALT: 5.76
14:56:32.275949 ALT: 5.76
14:56:32.291980 ALT: 5.76
14:56:32.307941 ALT: 5.76
14:56:32.323951 ALT: 5.76
14:56:32.339948 ALT: 5.76
14:56:32.355948 ALT: 5.76
14:56:32.372048 ALT: 5.76
14:56:32.387955 ALT: 5.76
14:56:32.403965 ALT: 5.76
14:56:32.419969 ALT: 5.76
14:56:32.435959 ALT: 5.76
14:56:32.451983 ALT: 5.76
14:56:32.467982 ALT: 5.76
14:56:32.484015 ALT: 5.76
14:56:32.499976 ALT: 5.76
14:56:32.515970 ALT: 5.8
14:56:32.532001 ALT: 5.82
14:56:32.547986 ALT: 5.82
14:56:32.563990 ALT: 5.82
14:56:32.580118 ALT: 5.83
14:56:32.596009 ALT: 5.83
14:56:32.612023 ALT: 5.84
14:56:32.628019 ALT: 5.84
14:56:32.644009 ALT: 5.84
14:56:32.660027 ALT: 5.84
14:56:32.676021 ALT: 5.84
14:56:32.692161 ALT: 5.84
14:56:32.708130 ALT: 5.84
14:56:32.724211 ALT: 5.84
14:56:32.740265 ALT: 5.84
14:56:32.756005 ALT: 5.84
14:56:32.772114 ALT: 5.84
14:56:32.788085 ALT: 5.84
14:56:32.804055 ALT: 5.84
14:56:32.820104 ALT: 5.84
14:56:32.836069 ALT: 5.84
14:56:32.852117 ALT: 5.84
14:56:32.868111 ALT: 5.84
14:56:32.884100 ALT: 5.84
14:56:32.900083 ALT: 5.84
14:56:32.916062 ALT: 5.84
14:56:32.932072 ALT: 5.84
14:56:32.948120 ALT: 5.84
14:56:32.964058 ALT: 5.84
14:56:32.979990 ALT: 5.84
14:56:32.996058 ALT: 5.84
