Waiting for MSP_API_VERSION reply...
Waiting for MSP_FC_VARIANT reply...
{'apiVersion': '1.44.0', 'flightControllerIdentifier': 'BTFL', 'flightControllerVersion': '4.3.2', 'version': 0, 'buildInfo': 'Nov 28 2022 07:26:30', 'multiType': 0, 'msp_version': 0, 'capability': 0, 'cycleTime': 312, 'i2cError': 0, 'activeSensors': 35, 'mode': 2, 'profile': 0, 'uid': [3145761, 858867466, 875836466], 'accelerometerTrims': [0, 0], 'name': '', 'displayName': 'BOARD MODULE', 'numProfiles': 3, 'rateProfile': 0, 'boardType': 2, 'armingDisableCount': 26, 'armingDisableFlags': 4, 'armingDisabled': False, 'runawayTakeoffPreventionDisabled': False, 'boardIdentifier': 'S405', 'boardVersion': 0, 'commCapabilities': 55, 'targetName': 'STM32F405', 'boardName': 'SPEEDYBEEF405V3', 'manufacturerId': 'SPBE', 'signature': [0, 0, 0, 0, 0, 0, 0, 0, 0, 0, 0, 0, 0, 0, 0, 0, 0, 0, 0, 0, 0, 0, 0, 0, 0, 0, 0, 0, 0, 0, 0, 0], 'cpuload': 21, 'mcuTypeId': 3, 'mspProtocolVersion': 0, 'flightModeFlags': []}
12:05:20.162031 CPU: 65.2°C
12:05:20.162031 GPU: 64.7°C
12:05:20.162031 ALT: 5.27
12:05:20.162031 ACC: [-3, 35, 508]
12:05:20.162031 GYR: [2, 1, 7]
12:05:20.162031 ATT: [4.0, 0.4, 344]
12:05:20.162031 VOL: 15.94
Easycap format used: ImageFormat(type=<BufType.VIDEO_CAPTURE: 1>, description='YUYV 4:2:2', flags=<ImageFormatFlag.0: 0>, pixel_format=<PixelFormat.YUYV: 1448695129>)
12:05:20.276183 CPU: 64.8°C
12:05:20.276183 GPU: 64.2°C
12:05:20.276183 ALT: 5.27
12:05:20.276183 ACC: [-3, 35, 508]
12:05:20.276183 GYR: [-1, 4, 2]
12:05:20.276183 ATT: [4.0, 0.4, 344]
12:05:20.276183 VOL: 15.94
12:05:20.373978 CPU: 64.8°C
12:05:20.373978 GPU: 65.7°C
12:05:20.373978 ALT: 5.27
12:05:20.373978 ACC: [-3, 35, 508]
12:05:20.373978 GYR: [2, 4, 4]
12:05:20.373978 ATT: [4.0, 0.4, 344]
12:05:20.373978 VOL: 15.94
12:05:20.457630 CPU: 65.2°C
12:05:20.457630 GPU: 65.2°C
12:05:20.457630 ALT: 5.27
12:05:20.457630 ACC: [-3, 35, 508]
12:05:20.457630 GYR: [1, 2, 4]
12:05:20.457630 ATT: [4.0, 0.4, 344]
12:05:20.457630 VOL: 15.94
Initialize navigation params:
Delay=0.1, α=0.85, β=0.005, Kp=10
Starting Main workflow
12:05:20.553092 CPU: 65.7°C
12:05:20.553092 GPU: 64.7°C
12:05:20.553092 ALT: 5.27
12:05:20.553092 ACC: [-3, 35, 508]
12:05:20.553092 GYR: [-1, 0, 6]
12:05:20.553092 ATT: [4.0, 0.4, 344]
12:05:20.553092 VOL: 15.93
12:05:20.683860 CPU: 64.8°C
12:05:20.683860 GPU: 64.7°C
12:05:20.683860 ALT: 5.34
12:05:20.683860 ACC: [-3, 35, 508]
12:05:20.683860 GYR: [1, 2, 3]
12:05:20.683860 ATT: [4.0, 0.4, 344]
12:05:20.683860 VOL: 15.93
12:05:20.798647 CPU: 63.8°C
12:05:20.798647 GPU: 64.7°C
12:05:20.798647 ALT: 5.35
12:05:20.798647 ACC: [-3, 35, 508]
12:05:20.798647 GYR: [1, 0, 5]
12:05:20.798647 ATT: [4.0, 0.4, 344]
12:05:20.798647 VOL: 15.93
12:05:20.879629 CPU: 65.7°C
12:05:20.879629 GPU: 65.7°C
12:05:20.879629 ALT: 5.35
12:05:20.879629 ACC: [-3, 35, 509]
12:05:20.879629 GYR: [-2, 3, 5]
12:05:20.879629 ATT: [4.0, 0.4, 344]
12:05:20.879629 VOL: 15.93
12:05:20.958488 CPU: 64.3°C
12:05:20.958488 GPU: 65.7°C
12:05:20.958488 ALT: 5.35
12:05:20.958488 ACC: [-3, 35, 508]
12:05:20.958488 GYR: [1, 2, 7]
12:05:20.958488 ATT: [4.0, 0.4, 344]
12:05:20.958488 VOL: 15.93
12:05:21.067647 CPU: 64.3°C
12:05:21.067647 GPU: 64.7°C
12:05:21.067647 ALT: 5.35
12:05:21.067647 ACC: [-3, 35, 508]
12:05:21.067647 GYR: [3, 3, 5]
12:05:21.067647 ATT: [4.0, 0.4, 344]
12:05:21.067647 VOL: 15.93
12:05:21.191393 CPU: 64.8°C
12:05:21.191393 GPU: 65.7°C
12:05:21.191393 ALT: 5.39
12:05:21.191393 ACC: [-3, 35, 508]
12:05:21.191393 GYR: [1, 3, 4]
12:05:21.191393 ATT: [4.0, 0.4, 344]
12:05:21.191393 VOL: 15.93
12:05:21.367637 CPU: 64.8°C
12:05:21.367637 GPU: 64.2°C
12:05:21.367637 ALT: 5.44
12:05:21.367637 ACC: [-3, 35, 507]
12:05:21.367637 GYR: [2, 2, 5]
12:05:21.367637 ATT: [4.0, 0.4, 344]
12:05:21.367637 VOL: 15.94
12:05:21.463515 CPU: 66.2°C
12:05:21.463515 GPU: 64.7°C
12:05:21.463515 ALT: 5.44
12:05:21.463515 ACC: [-3, 35, 508]
12:05:21.463515 GYR: [2, 2, 3]
12:05:21.463515 ATT: [4.0, 0.4, 344]
12:05:21.463515 VOL: 15.93
12:05:21.558843 CPU: 64.8°C
12:05:21.558843 GPU: 64.7°C
12:05:21.558843 ALT: 5.44
12:05:21.558843 ACC: [-4, 36, 507]
12:05:21.558843 GYR: [2, 7, 5]
12:05:21.558843 ATT: [4.0, 0.4, 344]
12:05:21.558843 VOL: 15.93
12:05:21.660173 CPU: 64.8°C
12:05:21.660173 GPU: 64.7°C
12:05:21.660173 ALT: 5.44
12:05:21.660173 ACC: [-3, 35, 507]
12:05:21.660173 GYR: [1, 3, 5]
12:05:21.660173 ATT: [4.0, 0.4, 344]
12:05:21.660173 VOL: 15.93
12:05:21.742753 CPU: 65.2°C
12:05:21.742753 GPU: 65.2°C
12:05:21.742753 ALT: 5.44
12:05:21.742753 ACC: [-3, 36, 508]
12:05:21.742753 GYR: [3, 1, 7]
12:05:21.742753 ATT: [4.0, 0.4, 344]
12:05:21.742753 VOL: 15.94
12:05:21.855964 CPU: 65.7°C
12:05:21.855964 GPU: 65.7°C
12:05:21.855964 ALT: 5.44
12:05:21.855964 ACC: [-3, 35, 508]
12:05:21.855964 GYR: [3, 3, 5]
12:05:21.855964 ATT: [4.0, 0.4, 344]
12:05:21.855964 VOL: 15.93
12:05:21.951151 CPU: 65.2°C
12:05:21.951151 GPU: 65.7°C
12:05:21.951151 ALT: 5.44
12:05:21.951151 ACC: [-3, 35, 508]
12:05:21.951151 GYR: [3, 3, 5]
12:05:21.951151 ATT: [4.0, 0.4, 344]
12:05:21.951151 VOL: 15.93
12:05:22.040199 CPU: 64.8°C
12:05:22.040199 GPU: 65.7°C
12:05:22.040199 ALT: 5.44
12:05:22.040199 ACC: [-3, 35, 508]
12:05:22.040199 GYR: [0, 1, 4]
12:05:22.040199 ATT: [4.0, 0.4, 344]
12:05:22.040199 VOL: 15.93
12:05:22.139421 CPU: 65.2°C
12:05:22.139421 GPU: 65.2°C
12:05:22.139421 ALT: 5.44
12:05:22.139421 ACC: [-3, 36, 508]
12:05:22.139421 GYR: [3, 0, 4]
12:05:22.139421 ATT: [4.0, 0.4, 344]
12:05:22.139421 VOL: 15.92
12:05:22.227513 CPU: 65.7°C
12:05:22.227513 GPU: 65.7°C
12:05:22.227513 ALT: 5.44
12:05:22.227513 ACC: [-3, 36, 508]
12:05:22.227513 GYR: [3, 1, 6]
12:05:22.227513 ATT: [4.0, 0.4, 344]
12:05:22.227513 VOL: 15.93
12:05:22.319263 CPU: 65.2°C
12:05:22.319263 GPU: 65.2°C
12:05:22.319263 ALT: 5.44
12:05:22.319263 ACC: [-3, 35, 508]
12:05:22.319263 GYR: [2, 2, 5]
12:05:22.319263 ATT: [4.0, 0.4, 344]
12:05:22.319263 VOL: 15.93
12:05:22.430369 CPU: 65.7°C
12:05:22.430369 GPU: 65.7°C
12:05:22.430369 ALT: 5.44
12:05:22.430369 ACC: [-3, 35, 508]
12:05:22.430369 GYR: [3, 3, 4]
12:05:22.430369 ATT: [4.0, 0.4, 344]
12:05:22.430369 VOL: 15.93
12:05:22.507656 CPU: 65.7°C
12:05:22.507656 GPU: 65.2°C
12:05:22.507656 ALT: 5.44
12:05:22.507656 ACC: [-3, 35, 508]
12:05:22.507656 GYR: [3, 4, 4]
12:05:22.507656 ATT: [4.0, 0.4, 344]
12:05:22.507656 VOL: 15.93
12:05:22.594446 CPU: 65.7°C
12:05:22.594446 GPU: 64.7°C
12:05:22.594446 ALT: 5.44
12:05:22.594446 ACC: [-3, 36, 508]
12:05:22.594446 GYR: [3, 1, 5]
12:05:22.594446 ATT: [4.0, 0.4, 344]
12:05:22.594446 VOL: 15.92
12:05:22.679411 CPU: 65.2°C
12:05:22.679411 GPU: 65.7°C
12:05:22.679411 ALT: 5.44
12:05:22.679411 ACC: [-3, 35, 508]
12:05:22.679411 GYR: [3, 2, 5]
12:05:22.679411 ATT: [4.0, 0.4, 344]
12:05:22.679411 VOL: 15.93
12:05:22.764613 CPU: 66.2°C
12:05:22.764613 GPU: 65.7°C
12:05:22.764613 ALT: 5.44
12:05:22.764613 ACC: [-3, 35, 508]
12:05:22.764613 GYR: [0, 4, 3]
12:05:22.764613 ATT: [4.0, 0.4, 344]
12:05:22.764613 VOL: 15.92
12:05:22.850019 CPU: 64.8°C
12:05:22.850019 GPU: 64.7°C
12:05:22.850019 ALT: 5.5
12:05:22.850019 ACC: [-3, 35, 509]
12:05:22.850019 GYR: [3, 0, 6]
12:05:22.850019 ATT: [4.0, 0.4, 344]
12:05:22.850019 VOL: 15.92
12:05:22.938829 CPU: 65.7°C
12:05:22.938829 GPU: 65.7°C
12:05:22.938829 ALT: 5.52
12:05:22.938829 ACC: [-3, 35, 508]
12:05:22.938829 GYR: [0, 1, 5]
12:05:22.938829 ATT: [4.0, 0.4, 344]
12:05:22.938829 VOL: 15.92
12:05:23.042058 CPU: 67.2°C
12:05:23.042058 GPU: 66.7°C
12:05:23.042058 ALT: 5.52
12:05:23.042058 ACC: [-3, 36, 508]
12:05:23.042058 GYR: [3, 4, 2]
12:05:23.042058 ATT: [4.0, 0.4, 344]
12:05:23.042058 VOL: 15.92
12:05:23.143992 CPU: 65.7°C
12:05:23.143992 GPU: 65.7°C
12:05:23.143992 ALT: 5.52
12:05:23.143992 ACC: [-3, 35, 507]
12:05:23.143992 GYR: [2, 0, 6]
12:05:23.143992 ATT: [4.0, 0.4, 343]
12:05:23.143992 VOL: 15.92
12:05:23.241392 CPU: 65.7°C
12:05:23.241392 GPU: 65.7°C
12:05:23.241392 ALT: 5.52
12:05:23.241392 ACC: [-3, 35, 507]
12:05:23.241392 GYR: [3, 2, 5]
12:05:23.241392 ATT: [4.0, 0.4, 343]
12:05:23.241392 VOL: 15.92
12:05:23.329876 CPU: 65.7°C
12:05:23.329876 GPU: 65.2°C
12:05:23.329876 ALT: 5.52
12:05:23.329876 ACC: [-3, 35, 507]
12:05:23.329876 GYR: [0, 1, 3]
12:05:23.329876 ATT: [4.0, 0.4, 343]
12:05:23.329876 VOL: 15.92
12:05:23.439724 CPU: 65.7°C
12:05:23.439724 GPU: 66.2°C
12:05:23.439724 ALT: 5.52
12:05:23.439724 ACC: [-3, 35, 508]
12:05:23.439724 GYR: [3, 3, 5]
12:05:23.439724 ATT: [4.0, 0.4, 343]
12:05:23.439724 VOL: 15.92
12:05:23.543327 CPU: 65.7°C
12:05:23.543327 GPU: 65.2°C
12:05:23.543327 ALT: 5.52
12:05:23.543327 ACC: [-3, 35, 507]
12:05:23.543327 GYR: [2, 2, 5]
12:05:23.543327 ATT: [4.0, 0.4, 343]
12:05:23.543327 VOL: 15.92
12:05:23.641589 CPU: 66.7°C
12:05:23.641589 GPU: 66.7°C
12:05:23.641589 ALT: 5.52
12:05:23.641589 ACC: [-3, 35, 508]
12:05:23.641589 GYR: [2, 2, 2]
12:05:23.641589 ATT: [4.0, 0.4, 343]
12:05:23.641589 VOL: 15.92
12:05:23.737859 CPU: 66.7°C
12:05:23.737859 GPU: 66.2°C
12:05:23.737859 ALT: 5.52
12:05:23.737859 ACC: [-4, 35, 508]
12:05:23.737859 GYR: [1, 1, 6]
12:05:23.737859 ATT: [4.0, 0.4, 343]
12:05:23.737859 VOL: 15.92
12:05:23.833573 CPU: 66.7°C
12:05:23.833573 GPU: 66.7°C
12:05:23.833573 ALT: 5.52
12:05:23.833573 ACC: [-3, 35, 508]
12:05:23.833573 GYR: [1, 4, 4]
12:05:23.833573 ATT: [4.0, 0.4, 343]
12:05:23.833573 VOL: 15.92
12:05:23.929723 CPU: 65.7°C
12:05:23.929723 GPU: 65.7°C
12:05:23.929723 ALT: 5.52
12:05:23.929723 ACC: [-3, 35, 508]
12:05:23.929723 GYR: [3, 1, 5]
12:05:23.929723 ATT: [4.0, 0.4, 343]
12:05:23.929723 VOL: 15.92
12:05:24.009505 CPU: 64.8°C
12:05:24.009505 GPU: 64.7°C
12:05:24.009505 ALT: 5.52
12:05:24.009505 ACC: [-3, 35, 508]
12:05:24.009505 GYR: [4, 1, 6]
12:05:24.009505 ATT: [4.0, 0.4, 343]
12:05:24.009505 VOL: 15.92
12:05:24.094008 CPU: 65.2°C
12:05:24.094008 GPU: 65.7°C
12:05:24.094008 ALT: 5.52
12:05:24.094008 ACC: [-3, 35, 508]
12:05:24.094008 GYR: [3, 1, 5]
12:05:24.094008 ATT: [4.0, 0.4, 343]
12:05:24.094008 VOL: 15.92
12:05:24.176214 CPU: 65.2°C
12:05:24.176214 GPU: 65.2°C
12:05:24.176214 ALT: 5.52
12:05:24.176214 ACC: [-3, 35, 508]
12:05:24.176214 GYR: [3, 1, 5]
12:05:24.176214 ATT: [4.0, 0.4, 343]
12:05:24.176214 VOL: 15.92
12:05:24.252810 CPU: 66.2°C
12:05:24.252810 GPU: 65.2°C
12:05:24.252810 ALT: 5.52
12:05:24.252810 ACC: [-3, 35, 508]
12:05:24.252810 GYR: [2, 1, 7]
12:05:24.252810 ATT: [4.0, 0.4, 343]
12:05:24.252810 VOL: 15.92
12:05:24.336433 CPU: 66.2°C
12:05:24.336433 GPU: 65.2°C
12:05:24.336433 ALT: 5.52
12:05:24.336433 ACC: [-3, 36, 508]
12:05:24.336433 GYR: [3, 2, 5]
12:05:24.336433 ATT: [4.0, 0.4, 343]
12:05:24.336433 VOL: 15.92
12:05:24.439293 CPU: 65.7°C
12:05:24.439293 GPU: 66.2°C
12:05:24.439293 ALT: 5.52
12:05:24.439293 ACC: [-3, 35, 508]
12:05:24.439293 GYR: [2, 2, 4]
12:05:24.439293 ATT: [4.0, 0.4, 343]
12:05:24.439293 VOL: 15.92
12:05:24.530009 CPU: 65.2°C
12:05:24.530009 GPU: 65.2°C
12:05:24.530009 ALT: 5.52
12:05:24.530009 ACC: [-3, 35, 508]
12:05:24.530009 GYR: [1, 3, 4]
12:05:24.530009 ATT: [4.0, 0.4, 343]
12:05:24.530009 VOL: 15.92
12:05:24.605939 CPU: 66.2°C
12:05:24.605939 GPU: 65.7°C
12:05:24.605939 ALT: 5.52
12:05:24.605939 ACC: [-3, 35, 507]
12:05:24.605939 GYR: [0, 0, 4]
12:05:24.605939 ATT: [4.0, 0.4, 343]
12:05:24.605939 VOL: 15.93
12:05:24.687044 CPU: 65.7°C
12:05:24.687044 GPU: 65.2°C
12:05:24.687044 ALT: 5.52
12:05:24.687044 ACC: [-3, 35, 508]
12:05:24.687044 GYR: [3, 1, 6]
12:05:24.687044 ATT: [4.0, 0.4, 343]
12:05:24.687044 VOL: 15.92
12:05:24.764906 CPU: 64.3°C
12:05:24.764906 GPU: 64.2°C
12:05:24.764906 ALT: 5.52
12:05:24.764906 ACC: [-3, 35, 508]
12:05:24.764906 GYR: [1, 3, 3]
12:05:24.764906 ATT: [4.0, 0.4, 343]
12:05:24.764906 VOL: 15.93
12:05:24.840303 CPU: 64.3°C
12:05:24.840303 GPU: 65.7°C
12:05:24.840303 ALT: 5.52
12:05:24.840303 ACC: [-3, 35, 508]
12:05:24.840303 GYR: [1, 1, 6]
12:05:24.840303 ATT: [4.0, 0.4, 343]
12:05:24.840303 VOL: 15.92
12:05:24.924280 CPU: 66.2°C
12:05:24.924280 GPU: 67.2°C
12:05:24.924280 ALT: 5.52
12:05:24.924280 ACC: [-3, 35, 508]
12:05:24.924280 GYR: [1, 1, 4]
12:05:24.924280 ATT: [4.0, 0.4, 343]
12:05:24.924280 VOL: 15.92
12:05:25.008431 CPU: 65.7°C
12:05:25.008431 GPU: 65.7°C
12:05:25.008431 ALT: 5.52
12:05:25.008431 ACC: [-3, 35, 508]
12:05:25.008431 GYR: [3, 2, 6]
12:05:25.008431 ATT: [4.0, 0.4, 343]
12:05:25.008431 VOL: 15.93
12:05:25.080551 CPU: 66.2°C
12:05:25.080551 GPU: 66.2°C
12:05:25.080551 ALT: 5.52
12:05:25.080551 ACC: [-2, 35, 508]
12:05:25.080551 GYR: [3, -1, 5]
12:05:25.080551 ATT: [4.0, 0.4, 343]
12:05:25.080551 VOL: 15.93
12:05:25.163488 CPU: 65.2°C
12:05:25.163488 GPU: 65.2°C
12:05:25.163488 ALT: 5.52
12:05:25.163488 ACC: [-3, 35, 508]
12:05:25.163488 GYR: [1, 3, 5]
12:05:25.163488 ATT: [4.0, 0.4, 343]
12:05:25.163488 VOL: 15.93
12:05:25.241810 CPU: 66.2°C
12:05:25.241810 GPU: 65.7°C
12:05:25.241810 ALT: 5.52
12:05:25.241810 ACC: [-3, 35, 508]
12:05:25.241810 GYR: [1, 2, 4]
12:05:25.241810 ATT: [4.0, 0.4, 343]
12:05:25.241810 VOL: 15.93
12:05:25.325891 CPU: 65.2°C
12:05:25.325891 GPU: 64.2°C
12:05:25.325891 ALT: 5.56
12:05:25.325891 ACC: [-3, 35, 508]
12:05:25.325891 GYR: [2, 1, 3]
12:05:25.325891 ATT: [4.0, 0.4, 343]
12:05:25.325891 VOL: 15.93
12:05:25.424852 CPU: 65.2°C
12:05:25.424852 GPU: 65.2°C
12:05:25.424852 ALT: 5.61
12:05:25.424852 ACC: [-3, 35, 508]
12:05:25.424852 GYR: [2, 2, 5]
12:05:25.424852 ATT: [4.0, 0.4, 343]
12:05:25.424852 VOL: 15.93
12:05:25.515705 CPU: 65.2°C
12:05:25.515705 GPU: 66.7°C
12:05:25.515705 ALT: 5.61
12:05:25.515705 ACC: [-3, 35, 508]
12:05:25.515705 GYR: [1, 4, 5]
12:05:25.515705 ATT: [4.0, 0.4, 343]
12:05:25.515705 VOL: 15.93
12:05:25.604211 CPU: 66.2°C
12:05:25.604211 GPU: 66.2°C
12:05:25.604211 ALT: 5.61
12:05:25.604211 ACC: [-3, 35, 508]
12:05:25.604211 GYR: [2, 2, 3]
12:05:25.604211 ATT: [4.0, 0.4, 343]
12:05:25.604211 VOL: 15.93
12:05:25.703368 CPU: 65.2°C
12:05:25.703368 GPU: 65.2°C
12:05:25.703368 ALT: 5.61
12:05:25.703368 ACC: [-3, 35, 508]
12:05:25.703368 GYR: [2, 3, 4]
12:05:25.703368 ATT: [4.0, 0.4, 343]
12:05:25.703368 VOL: 15.93
12:05:25.788995 CPU: 66.2°C
12:05:25.788995 GPU: 65.2°C
12:05:25.788995 ALT: 5.61
12:05:25.788995 ACC: [-3, 35, 508]
12:05:25.788995 GYR: [3, -1, 6]
12:05:25.788995 ATT: [4.0, 0.4, 343]
12:05:25.788995 VOL: 15.92
12:05:25.873069 CPU: 65.7°C
12:05:25.873069 GPU: 65.7°C
12:05:25.873069 ALT: 5.61
12:05:25.873069 ACC: [-4, 35, 508]
12:05:25.873069 GYR: [2, 4, 5]
12:05:25.873069 ATT: [4.0, 0.4, 343]
12:05:25.873069 VOL: 15.92
12:05:25.967638 CPU: 65.7°C
12:05:25.967638 GPU: 65.7°C
12:05:25.967638 ALT: 5.61
12:05:25.967638 ACC: [-3, 35, 508]
12:05:25.967638 GYR: [1, 4, 3]
12:05:25.967638 ATT: [4.0, 0.4, 343]
12:05:25.967638 VOL: 15.92
12:05:26.060971 CPU: 65.2°C
12:05:26.060971 GPU: 65.2°C
12:05:26.060971 ALT: 5.61
12:05:26.060971 ACC: [-3, 35, 508]
12:05:26.060971 GYR: [2, 2, 4]
12:05:26.060971 ATT: [4.0, 0.4, 343]
12:05:26.060971 VOL: 15.93
12:05:26.143805 CPU: 66.7°C
12:05:26.143805 GPU: 65.7°C
12:05:26.143805 ALT: 5.61
12:05:26.143805 ACC: [-3, 36, 508]
12:05:26.143805 GYR: [2, 1, 6]
12:05:26.143805 ATT: [4.0, 0.4, 343]
12:05:26.143805 VOL: 15.93
12:05:26.218856 CPU: 66.7°C
12:05:26.218856 GPU: 66.7°C
12:05:26.218856 ALT: 5.61
12:05:26.218856 ACC: [-3, 35, 508]
12:05:26.218856 GYR: [2, 5, 5]
12:05:26.218856 ATT: [4.0, 0.4, 343]
12:05:26.218856 VOL: 15.93
12:05:26.302329 CPU: 65.7°C
12:05:26.302329 GPU: 65.7°C
12:05:26.302329 ALT: 5.61
12:05:26.302329 ACC: [-3, 36, 507]
12:05:26.302329 GYR: [4, 3, 3]
12:05:26.302329 ATT: [4.0, 0.4, 343]
12:05:26.302329 VOL: 15.93
12:05:26.376944 CPU: 64.8°C
12:05:26.376944 GPU: 65.2°C
12:05:26.376944 ALT: 5.61
12:05:26.376944 ACC: [-3, 35, 507]
12:05:26.376944 GYR: [2, 2, 4]
12:05:26.376944 ATT: [4.0, 0.4, 343]
12:05:26.376944 VOL: 15.93
12:05:26.459537 CPU: 64.8°C
12:05:26.459537 GPU: 64.7°C
12:05:26.459537 ALT: 5.61
12:05:26.459537 ACC: [-3, 35, 508]
12:05:26.459537 GYR: [1, 0, 6]
12:05:26.459537 ATT: [4.0, 0.4, 343]
12:05:26.459537 VOL: 15.93
12:05:26.540927 CPU: 64.8°C
12:05:26.540927 GPU: 65.2°C
12:05:26.540927 ALT: 5.61
12:05:26.540927 ACC: [-3, 35, 507]
12:05:26.540927 GYR: [4, 2, 5]
12:05:26.540927 ATT: [4.0, 0.4, 342]
12:05:26.540927 VOL: 15.93
12:05:26.621798 CPU: 65.2°C
12:05:26.621798 GPU: 65.7°C
12:05:26.621798 ALT: 5.61
12:05:26.621798 ACC: [-3, 35, 508]
12:05:26.621798 GYR: [2, 5, 4]
12:05:26.621798 ATT: [4.0, 0.4, 342]
12:05:26.621798 VOL: 15.93
12:05:26.700472 CPU: 64.8°C
12:05:26.700472 GPU: 64.7°C
12:05:26.700472 ALT: 5.61
12:05:26.700472 ACC: [-3, 36, 508]
12:05:26.700472 GYR: [1, 3, 6]
12:05:26.700472 ATT: [4.0, 0.4, 342]
12:05:26.700472 VOL: 15.93
12:05:26.778552 CPU: 66.2°C
12:05:26.778552 GPU: 65.2°C
12:05:26.778552 ALT: 5.61
12:05:26.778552 ACC: [-3, 35, 508]
12:05:26.778552 GYR: [0, 4, 3]
12:05:26.778552 ATT: [4.0, 0.4, 342]
12:05:26.778552 VOL: 15.93
12:05:26.860986 CPU: 64.8°C
12:05:26.860986 GPU: 64.7°C
12:05:26.860986 ALT: 5.61
12:05:26.860986 ACC: [-3, 35, 507]
12:05:26.860986 GYR: [1, 4, 4]
12:05:26.860986 ATT: [4.0, 0.4, 342]
12:05:26.860986 VOL: 15.93
12:05:26.942416 CPU: 64.8°C
12:05:26.942416 GPU: 64.7°C
12:05:26.942416 ALT: 5.61
12:05:26.942416 ACC: [-3, 35, 508]
12:05:26.942416 GYR: [2, 2, 5]
12:05:26.942416 ATT: [4.0, 0.4, 342]
12:05:26.942416 VOL: 15.93
12:05:27.021078 CPU: 65.2°C
12:05:27.021078 GPU: 65.2°C
12:05:27.021078 ALT: 5.61
12:05:27.021078 ACC: [-3, 36, 507]
12:05:27.021078 GYR: [3, 3, 5]
12:05:27.021078 ATT: [4.0, 0.4, 342]
12:05:27.021078 VOL: 15.92
12:05:27.104880 CPU: 66.2°C
12:05:27.104880 GPU: 66.2°C
12:05:27.104880 ALT: 5.61
12:05:27.104880 ACC: [-3, 36, 507]
12:05:27.104880 GYR: [1, 3, 6]
12:05:27.104880 ATT: [4.0, 0.4, 342]
12:05:27.104880 VOL: 15.92
12:05:27.181693 CPU: 65.7°C
12:05:27.181693 GPU: 65.7°C
12:05:27.181693 ALT: 5.61
12:05:27.181693 ACC: [-3, 35, 507]
12:05:27.181693 GYR: [2, 1, 6]
12:05:27.181693 ATT: [4.0, 0.4, 342]
12:05:27.181693 VOL: 15.92
12:05:27.263004 CPU: 64.8°C
12:05:27.263004 GPU: 65.2°C
12:05:27.263004 ALT: 5.61
12:05:27.263004 ACC: [-3, 35, 508]
12:05:27.263004 GYR: [3, 3, 5]
12:05:27.263004 ATT: [4.0, 0.4, 342]
12:05:27.263004 VOL: 15.92
12:05:27.341118 CPU: 63.8°C
12:05:27.341118 GPU: 65.2°C
12:05:27.341118 ALT: 5.61
12:05:27.341118 ACC: [-3, 35, 507]
12:05:27.341118 GYR: [3, 3, 4]
12:05:27.341118 ATT: [4.0, 0.4, 342]
12:05:27.341118 VOL: 15.92
12:05:27.425153 CPU: 65.2°C
12:05:27.425153 GPU: 65.2°C
12:05:27.425153 ALT: 5.67
12:05:27.425153 ACC: [-3, 35, 508]
12:05:27.425153 GYR: [3, 2, 4]
12:05:27.425153 ATT: [4.0, 0.4, 342]
12:05:27.425153 VOL: 15.92
12:05:27.505829 CPU: 66.2°C
12:05:27.505829 GPU: 66.2°C
12:05:27.505829 ALT: 5.69
12:05:27.505829 ACC: [-3, 35, 507]
12:05:27.505829 GYR: [2, 1, 5]
12:05:27.505829 ATT: [4.0, 0.4, 342]
12:05:27.505829 VOL: 15.92
12:05:27.577748 CPU: 64.8°C
12:05:27.577748 GPU: 64.7°C
12:05:27.577748 ALT: 5.69
12:05:27.577748 ACC: [-3, 36, 507]
12:05:27.577748 GYR: [2, 3, 4]
12:05:27.577748 ATT: [4.0, 0.4, 342]
12:05:27.577748 VOL: 15.92
12:05:27.661060 CPU: 64.8°C
12:05:27.661060 GPU: 64.7°C
12:05:27.661060 ALT: 5.69
12:05:27.661060 ACC: [-3, 35, 507]
12:05:27.661060 GYR: [-1, 1, 7]
12:05:27.661060 ATT: [4.0, 0.4, 342]
12:05:27.661060 VOL: 15.92
12:05:27.757639 CPU: 66.2°C
12:05:27.757639 GPU: 66.2°C
12:05:27.757639 ALT: 5.69
12:05:27.757639 ACC: [-3, 35, 508]
12:05:27.757639 GYR: [3, 3, 5]
12:05:27.757639 ATT: [4.0, 0.4, 342]
12:05:27.757639 VOL: 15.92
12:05:27.841004 CPU: 66.2°C
12:05:27.841004 GPU: 66.2°C
12:05:27.841004 ALT: 5.69
12:05:27.841004 ACC: [-3, 35, 507]
12:05:27.841004 GYR: [2, 1, 8]
12:05:27.841004 ATT: [4.0, 0.4, 342]
12:05:27.841004 VOL: 15.92
12:05:27.947246 CPU: 65.7°C
12:05:27.947246 GPU: 66.2°C
12:05:27.947246 ALT: 5.69
12:05:27.947246 ACC: [-3, 35, 507]
12:05:27.947246 GYR: [0, 5, 5]
12:05:27.947246 ATT: [4.0, 0.4, 342]
12:05:27.947246 VOL: 15.92
12:05:28.090182 CPU: 66.7°C
12:05:28.090182 GPU: 65.2°C
12:05:28.090182 ALT: 5.69
12:05:28.090182 ACC: [-3, 35, 507]
12:05:28.090182 GYR: [2, 3, 5]
12:05:28.090182 ATT: [4.0, 0.4, 342]
12:05:28.090182 VOL: 15.92
12:05:28.263070 CPU: 65.7°C
12:05:28.263070 GPU: 65.7°C
12:05:28.263070 ALT: 5.69
12:05:28.263070 ACC: [-3, 34, 507]
12:05:28.263070 GYR: [2, 3, 6]
12:05:28.263070 ATT: [4.0, 0.4, 342]
12:05:28.263070 VOL: 15.92
12:05:28.379358 CPU: 65.2°C
12:05:28.379358 GPU: 65.7°C
12:05:28.379358 ALT: 5.69
12:05:28.379358 ACC: [-3, 36, 507]
12:05:28.379358 GYR: [2, 3, 4]
12:05:28.379358 ATT: [4.0, 0.4, 342]
12:05:28.379358 VOL: 15.92
12:05:28.460355 CPU: 66.2°C
12:05:28.460355 GPU: 66.2°C
12:05:28.460355 ALT: 5.69
12:05:28.460355 ACC: [-3, 35, 507]
12:05:28.460355 GYR: [1, 1, 5]
12:05:28.460355 ATT: [4.0, 0.4, 342]
12:05:28.460355 VOL: 15.92
12:05:28.547019 CPU: 66.2°C
12:05:28.547019 GPU: 65.7°C
12:05:28.547019 ALT: 5.69
12:05:28.547019 ACC: [-3, 36, 507]
12:05:28.547019 GYR: [4, 4, 4]
12:05:28.547019 ATT: [4.0, 0.4, 342]
12:05:28.547019 VOL: 15.93
12:05:28.668612 CPU: 65.7°C
12:05:28.668612 GPU: 65.7°C
12:05:28.668612 ALT: 5.69
12:05:28.668612 ACC: [-3, 35, 507]
12:05:28.668612 GYR: [0, 1, 6]
12:05:28.668612 ATT: [4.0, 0.4, 342]
12:05:28.668612 VOL: 15.92
12:05:28.754661 CPU: 66.7°C
12:05:28.754661 GPU: 65.2°C
12:05:28.754661 ALT: 5.69
12:05:28.754661 ACC: [-3, 36, 507]
12:05:28.754661 GYR: [2, 3, 3]
12:05:28.754661 ATT: [4.0, 0.4, 342]
12:05:28.754661 VOL: 15.92
12:05:28.871914 CPU: 66.2°C
12:05:28.871914 GPU: 65.7°C
12:05:28.871914 ALT: 5.69
12:05:28.871914 ACC: [-3, 35, 507]
12:05:28.871914 GYR: [3, 2, 5]
12:05:28.871914 ATT: [4.0, 0.4, 342]
12:05:28.871914 VOL: 15.92
12:05:28.967768 CPU: 66.2°C
12:05:28.967768 GPU: 66.7°C
12:05:28.967768 ALT: 5.69
12:05:28.967768 ACC: [-5, 35, 507]
12:05:28.967768 GYR: [0, 3, 6]
12:05:28.967768 ATT: [4.0, 0.4, 342]
12:05:28.967768 VOL: 15.92
12:05:29.061308 CPU: 65.7°C
12:05:29.061308 GPU: 66.2°C
12:05:29.061308 ALT: 5.69
12:05:29.061308 ACC: [-3, 35, 507]
12:05:29.061308 GYR: [1, 3, 3]
12:05:29.061308 ATT: [4.0, 0.4, 342]
12:05:29.061308 VOL: 15.92
12:05:29.149357 CPU: 64.8°C
12:05:29.149357 GPU: 64.7°C
12:05:29.149357 ALT: 5.75
12:05:29.149357 ACC: [-3, 35, 507]
12:05:29.149357 GYR: [4, 3, 5]
12:05:29.149357 ATT: [4.0, 0.4, 342]
12:05:29.149357 VOL: 15.92
12:05:29.229025 CPU: 66.2°C
12:05:29.229025 GPU: 66.2°C
12:05:29.229025 ALT: 5.78
12:05:29.229025 ACC: [-3, 35, 507]
12:05:29.229025 GYR: [1, 2, 6]
12:05:29.229025 ATT: [4.0, 0.4, 342]
12:05:29.229025 VOL: 15.92
12:05:29.308498 CPU: 65.2°C
12:05:29.308498 GPU: 65.7°C
12:05:29.308498 ALT: 5.78
12:05:29.308498 ACC: [-3, 35, 507]
12:05:29.308498 GYR: [5, 2, 5]
12:05:29.308498 ATT: [4.0, 0.4, 342]
12:05:29.308498 VOL: 15.92
12:05:29.387696 CPU: 66.2°C
12:05:29.387696 GPU: 66.2°C
12:05:29.387696 ALT: 5.78
12:05:29.387696 ACC: [-3, 35, 507]
12:05:29.387696 GYR: [2, 2, 3]
12:05:29.387696 ATT: [4.0, 0.4, 342]
12:05:29.387696 VOL: 15.92
12:05:29.468439 CPU: 65.2°C
12:05:29.468439 GPU: 66.2°C
12:05:29.468439 ALT: 5.78
12:05:29.468439 ACC: [-3, 35, 507]
12:05:29.468439 GYR: [6, 3, 4]
12:05:29.468439 ATT: [4.0, 0.4, 342]
12:05:29.468439 VOL: 15.91
12:05:29.550833 CPU: 66.2°C
12:05:29.550833 GPU: 66.7°C
12:05:29.550833 ALT: 5.78
12:05:29.550833 ACC: [-3, 36, 508]
12:05:29.550833 GYR: [4, 1, 4]
12:05:29.550833 ATT: [4.0, 0.4, 342]
12:05:29.550833 VOL: 15.92
12:05:29.628581 CPU: 66.2°C
12:05:29.628581 GPU: 66.2°C
12:05:29.628581 ALT: 5.78
12:05:29.628581 ACC: [-3, 35, 507]
12:05:29.628581 GYR: [1, 3, 5]
12:05:29.628581 ATT: [4.0, 0.4, 342]
12:05:29.628581 VOL: 15.92
12:05:29.710281 CPU: 65.7°C
12:05:29.710281 GPU: 66.7°C
12:05:29.710281 ALT: 5.78
12:05:29.710281 ACC: [-3, 35, 507]
12:05:29.710281 GYR: [-1, 1, 7]
12:05:29.710281 ATT: [4.0, 0.4, 342]
12:05:29.710281 VOL: 15.92
12:05:29.793606 CPU: 66.2°C
12:05:29.793606 GPU: 66.2°C
12:05:29.793606 ALT: 5.78
12:05:29.793606 ACC: [-3, 35, 508]
12:05:29.793606 GYR: [2, 3, 5]
12:05:29.793606 ATT: [4.0, 0.4, 342]
12:05:29.793606 VOL: 15.92
12:05:29.875989 CPU: 66.7°C
12:05:29.875989 GPU: 66.2°C
12:05:29.875989 ALT: 5.78
12:05:29.875989 ACC: [-4, 35, 507]
12:05:29.875989 GYR: [2, 5, 3]
12:05:29.875989 ATT: [4.0, 0.4, 342]
12:05:29.875989 VOL: 15.92
12:05:29.966390 CPU: 65.2°C
12:05:29.966390 GPU: 66.7°C
12:05:29.966390 ALT: 5.78
12:05:29.966390 ACC: [-3, 35, 508]
12:05:29.966390 GYR: [1, 4, 5]
12:05:29.966390 ATT: [4.0, 0.4, 341]
12:05:29.966390 VOL: 15.92
12:05:30.075735 CPU: 65.7°C
12:05:30.075735 GPU: 64.7°C
12:05:30.075735 ALT: 5.78
12:05:30.075735 ACC: [-3, 35, 506]
12:05:30.075735 GYR: [0, 3, 6]
12:05:30.075735 ATT: [4.0, 0.4, 341]
12:05:30.075735 VOL: 15.92
12:05:30.162564 CPU: 66.2°C
12:05:30.162564 GPU: 66.2°C
12:05:30.162564 ALT: 5.78
12:05:30.162564 ACC: [-3, 35, 507]
12:05:30.162564 GYR: [3, 4, 5]
12:05:30.162564 ATT: [4.0, 0.4, 341]
12:05:30.162564 VOL: 15.92
12:05:30.253265 CPU: 67.2°C
12:05:30.253265 GPU: 66.2°C
12:05:30.253265 ALT: 5.78
12:05:30.253265 ACC: [-3, 35, 508]
12:05:30.253265 GYR: [1, -1, 6]
12:05:30.253265 ATT: [4.0, 0.4, 341]
12:05:30.253265 VOL: 15.92
12:05:30.342645 CPU: 66.7°C
12:05:30.342645 GPU: 66.7°C
12:05:30.342645 ALT: 5.78
12:05:30.342645 ACC: [-3, 35, 507]
12:05:30.342645 GYR: [1, 5, 4]
12:05:30.342645 ATT: [4.0, 0.4, 341]
12:05:30.342645 VOL: 15.92
12:05:30.438518 CPU: 66.2°C
12:05:30.438518 GPU: 66.7°C
12:05:30.438518 ALT: 5.78
12:05:30.438518 ACC: [-3, 36, 507]
12:05:30.438518 GYR: [2, 1, 4]
12:05:30.438518 ATT: [4.0, 0.4, 341]
12:05:30.438518 VOL: 15.92
12:05:30.537827 CPU: 65.7°C
12:05:30.537827 GPU: 66.2°C
12:05:30.537827 ALT: 5.78
12:05:30.537827 ACC: [-3, 35, 507]
12:05:30.537827 GYR: [2, 3, 5]
12:05:30.537827 ATT: [4.0, 0.4, 341]
12:05:30.537827 VOL: 15.92
12:05:30.661765 CPU: 66.7°C
12:05:30.661765 GPU: 66.2°C
12:05:30.661765 ALT: 5.78
12:05:30.661765 ACC: [-3, 35, 507]
12:05:30.661765 GYR: [1, 5, 3]
12:05:30.661765 ATT: [4.0, 0.4, 341]
12:05:30.661765 VOL: 15.92
12:05:30.748325 CPU: 66.2°C
12:05:30.748325 GPU: 66.7°C
12:05:30.748325 ALT: 5.78
12:05:30.748325 ACC: [-3, 35, 508]
12:05:30.748325 GYR: [1, 3, 6]
12:05:30.748325 ATT: [4.0, 0.4, 341]
12:05:30.748325 VOL: 15.92
12:05:30.864329 CPU: 66.7°C
12:05:30.864329 GPU: 65.7°C
12:05:30.864329 ALT: 5.86
12:05:30.864329 ACC: [-3, 35, 507]
12:05:30.864329 GYR: [1, 2, 4]
12:05:30.864329 ATT: [4.0, 0.4, 341]
12:05:30.864329 VOL: 15.92
12:05:30.947349 CPU: 65.7°C
12:05:30.947349 GPU: 66.7°C
12:05:30.947349 ALT: 5.86
12:05:30.947349 ACC: [-3, 35, 507]
12:05:30.947349 GYR: [1, 5, 4]
12:05:30.947349 ATT: [4.0, 0.4, 341]
12:05:30.947349 VOL: 15.92
12:05:31.044126 CPU: 65.7°C
12:05:31.044126 GPU: 65.7°C
12:05:31.044126 ALT: 5.86
12:05:31.044126 ACC: [-3, 35, 507]
12:05:31.044126 GYR: [2, 3, 4]
12:05:31.044126 ATT: [4.0, 0.4, 341]
12:05:31.044126 VOL: 15.92
12:05:31.139587 CPU: 66.7°C
12:05:31.139587 GPU: 66.7°C
12:05:31.139587 ALT: 5.86
12:05:31.139587 ACC: [-3, 35, 507]
12:05:31.139587 GYR: [2, 2, 5]
12:05:31.139587 ATT: [4.0, 0.4, 341]
12:05:31.139587 VOL: 15.92
12:05:31.229103 CPU: 66.2°C
12:05:31.229103 GPU: 67.2°C
12:05:31.229103 ALT: 5.86
12:05:31.229103 ACC: [-3, 35, 507]
12:05:31.229103 GYR: [1, 2, 7]
12:05:31.229103 ATT: [4.0, 0.4, 341]
12:05:31.229103 VOL: 15.92
12:05:31.322903 CPU: 67.7°C
12:05:31.322903 GPU: 66.2°C
12:05:31.322903 ALT: 5.86
12:05:31.322903 ACC: [-3, 34, 508]
12:05:31.322903 GYR: [3, 3, 5]
12:05:31.322903 ATT: [4.0, 0.4, 341]
12:05:31.322903 VOL: 15.92
12:05:31.448220 CPU: 66.2°C
12:05:31.448220 GPU: 66.2°C
12:05:31.448220 ALT: 5.86
12:05:31.448220 ACC: [-3, 35, 508]
12:05:31.448220 GYR: [2, 1, 3]
12:05:31.448220 ATT: [4.0, 0.4, 341]
12:05:31.448220 VOL: 15.92
12:05:31.548160 CPU: 66.7°C
12:05:31.548160 GPU: 66.2°C
12:05:31.548160 ALT: 5.86
12:05:31.548160 ACC: [-3, 35, 508]
12:05:31.548160 GYR: [-1, 3, 5]
12:05:31.548160 ATT: [4.0, 0.4, 341]
12:05:31.548160 VOL: 15.92
12:05:31.628071 CPU: 67.7°C
12:05:31.628071 GPU: 67.6°C
12:05:31.628071 ALT: 5.86
12:05:31.628071 ACC: [-3, 35, 508]
12:05:31.628071 GYR: [4, 2, 5]
12:05:31.628071 ATT: [4.0, 0.4, 341]
12:05:31.628071 VOL: 15.92
12:05:31.708126 CPU: 66.7°C
12:05:31.708126 GPU: 65.7°C
12:05:31.708126 ALT: 5.86
12:05:31.708126 ACC: [-3, 35, 508]
12:05:31.708126 GYR: [2, 0, 4]
12:05:31.708126 ATT: [4.0, 0.4, 341]
12:05:31.708126 VOL: 15.93
12:05:31.785943 CPU: 66.2°C
12:05:31.785943 GPU: 66.2°C
12:05:31.785943 ALT: 5.86
12:05:31.785943 ACC: [-3, 36, 507]
12:05:31.785943 GYR: [2, 1, 6]
12:05:31.785943 ATT: [4.0, 0.4, 341]
12:05:31.785943 VOL: 15.93
12:05:31.906120 CPU: 65.7°C
12:05:31.906120 GPU: 65.7°C
12:05:31.906120 ALT: 5.86
12:05:31.906120 ACC: [-3, 35, 508]
12:05:31.906120 GYR: [1, 3, 4]
12:05:31.906120 ATT: [4.0, 0.4, 341]
12:05:31.906120 VOL: 15.93
12:05:31.997685 CPU: 64.8°C
12:05:31.997685 GPU: 66.7°C
12:05:31.997685 ALT: 5.86
12:05:31.997685 ACC: [-3, 35, 507]
12:05:31.997685 GYR: [4, 1, 5]
12:05:31.997685 ATT: [4.0, 0.4, 341]
12:05:31.997685 VOL: 15.92
12:05:32.080735 CPU: 66.2°C
12:05:32.080735 GPU: 67.6°C
12:05:32.080735 ALT: 5.86
12:05:32.080735 ACC: [-3, 35, 507]
12:05:32.080735 GYR: [-1, 4, 4]
12:05:32.080735 ATT: [4.0, 0.4, 341]
12:05:32.080735 VOL: 15.92
12:05:32.160244 CPU: 65.2°C
12:05:32.160244 GPU: 65.2°C
12:05:32.160244 ALT: 5.86
12:05:32.160244 ACC: [-3, 35, 508]
12:05:32.160244 GYR: [2, 5, 5]
12:05:32.160244 ATT: [4.0, 0.4, 341]
12:05:32.160244 VOL: 15.92
12:05:32.238168 CPU: 67.2°C
12:05:32.238168 GPU: 66.7°C
12:05:32.238168 ALT: 5.86
12:05:32.238168 ACC: [-4, 36, 507]
12:05:32.238168 GYR: [3, 3, 4]
12:05:32.238168 ATT: [4.0, 0.4, 341]
12:05:32.238168 VOL: 15.92
12:05:32.323546 CPU: 67.2°C
12:05:32.323546 GPU: 66.7°C
12:05:32.323546 ALT: 5.86
12:05:32.323546 ACC: [-3, 35, 507]
12:05:32.323546 GYR: [2, 1, 2]
12:05:32.323546 ATT: [4.0, 0.4, 341]
12:05:32.323546 VOL: 15.92
12:05:32.437669 CPU: 65.7°C
12:05:32.437669 GPU: 65.7°C
12:05:32.437669 ALT: 5.86
12:05:32.437669 ACC: [-3, 35, 507]
12:05:32.437669 GYR: [3, 3, 5]
12:05:32.437669 ATT: [4.0, 0.4, 341]
12:05:32.437669 VOL: 15.92
12:05:32.521785 CPU: 66.2°C
12:05:32.521785 GPU: 66.2°C
12:05:32.521785 ALT: 5.86
12:05:32.521785 ACC: [-3, 35, 507]
12:05:32.521785 GYR: [3, 3, 4]
12:05:32.521785 ATT: [4.0, 0.4, 341]
12:05:32.521785 VOL: 15.92
12:05:32.605595 CPU: 66.2°C
12:05:32.605595 GPU: 66.2°C
12:05:32.605595 ALT: 5.86
12:05:32.605595 ACC: [-3, 34, 507]
12:05:32.605595 GYR: [1, 1, 5]
12:05:32.605595 ATT: [4.0, 0.4, 341]
12:05:32.605595 VOL: 15.92
12:05:32.682638 CPU: 66.2°C
12:05:32.682638 GPU: 66.2°C
12:05:32.682638 ALT: 5.86
12:05:32.682638 ACC: [-3, 35, 507]
12:05:32.682638 GYR: [2, 4, 3]
12:05:32.682638 ATT: [4.0, 0.4, 341]
12:05:32.682638 VOL: 15.92
12:05:32.765507 CPU: 65.7°C
12:05:32.765507 GPU: 67.2°C
12:05:32.765507 ALT: 5.86
12:05:32.765507 ACC: [-3, 35, 508]
12:05:32.765507 GYR: [3, 2, 8]
12:05:32.765507 ATT: [4.0, 0.4, 341]
12:05:32.765507 VOL: 15.92
12:05:32.843920 CPU: 67.7°C
12:05:32.843920 GPU: 67.6°C
12:05:32.843920 ALT: 5.86
12:05:32.843920 ACC: [-3, 35, 508]
12:05:32.843920 GYR: [2, 3, 5]
12:05:32.843920 ATT: [4.0, 0.4, 341]
12:05:32.843920 VOL: 15.92
12:05:32.948318 CPU: 67.2°C
12:05:32.948318 GPU: 66.7°C
12:05:32.948318 ALT: 5.86
12:05:32.948318 ACC: [-3, 35, 507]
12:05:32.948318 GYR: [0, 4, 5]
12:05:32.948318 ATT: [4.0, 0.4, 341]
12:05:32.948318 VOL: 15.92
12:05:33.040711 CPU: 66.2°C
12:05:33.040711 GPU: 66.2°C
12:05:33.040711 ALT: 5.86
12:05:33.040711 ACC: [-3, 35, 507]
12:05:33.040711 GYR: [4, 2, 5]
12:05:33.040711 ATT: [4.0, 0.4, 341]
12:05:33.040711 VOL: 15.92
12:05:33.113666 CPU: 65.7°C
12:05:33.113666 GPU: 67.2°C
12:05:33.113666 ALT: 5.86
12:05:33.113666 ACC: [-3, 35, 507]
12:05:33.113666 GYR: [1, 3, 7]
12:05:33.113666 ATT: [4.0, 0.4, 341]
12:05:33.113666 VOL: 15.92
12:05:33.198086 CPU: 67.2°C
12:05:33.198086 GPU: 66.7°C
12:05:33.198086 ALT: 5.86
12:05:33.198086 ACC: [-3, 35, 507]
12:05:33.198086 GYR: [4, 3, 3]
12:05:33.198086 ATT: [4.0, 0.4, 341]
12:05:33.198086 VOL: 15.92
12:05:33.280371 CPU: 66.2°C
12:05:33.280371 GPU: 66.2°C
12:05:33.280371 ALT: 5.92
12:05:33.280371 ACC: [-3, 35, 508]
12:05:33.280371 GYR: [4, 4, 6]
12:05:33.280371 ATT: [4.0, 0.4, 341]
12:05:33.280371 VOL: 15.91
12:05:33.375776 CPU: 66.2°C
12:05:33.375776 GPU: 66.2°C
12:05:33.375776 ALT: 5.94
12:05:33.375776 ACC: [-3, 35, 508]
12:05:33.375776 GYR: [1, 2, 7]
12:05:33.375776 ATT: [4.0, 0.4, 340]
12:05:33.375776 VOL: 15.91
12:05:33.471153 CPU: 67.2°C
12:05:33.471153 GPU: 66.7°C
12:05:33.471153 ALT: 5.94
12:05:33.471153 ACC: [-3, 35, 508]
12:05:33.471153 GYR: [-1, 3, 4]
12:05:33.471153 ATT: [4.0, 0.4, 340]
12:05:33.471153 VOL: 15.91
12:05:33.547808 CPU: 66.2°C
12:05:33.547808 GPU: 66.2°C
12:05:33.547808 ALT: 5.94
12:05:33.547808 ACC: [-3, 35, 508]
12:05:33.547808 GYR: [3, 2, 8]
12:05:33.547808 ATT: [4.0, 0.4, 340]
12:05:33.547808 VOL: 15.91
12:05:33.646274 CPU: 66.7°C
12:05:33.646274 GPU: 65.7°C
12:05:33.646274 ALT: 5.94
12:05:33.646274 ACC: [-3, 35, 508]
12:05:33.646274 GYR: [3, 4, 4]
12:05:33.646274 ATT: [4.0, 0.4, 340]
12:05:33.646274 VOL: 15.91
12:05:33.747105 CPU: 67.7°C
12:05:33.747105 GPU: 67.6°C
12:05:33.747105 ALT: 5.94
12:05:33.747105 ACC: [-3, 35, 508]
12:05:33.747105 GYR: [1, 4, 4]
12:05:33.747105 ATT: [4.0, 0.4, 340]
12:05:33.747105 VOL: 15.91
12:05:33.843019 CPU: 66.2°C
12:05:33.843019 GPU: 67.6°C
12:05:33.843019 ALT: 5.94
12:05:33.843019 ACC: [-3, 35, 508]
12:05:33.843019 GYR: [0, 3, 3]
12:05:33.843019 ATT: [4.0, 0.4, 340]
12:05:33.843019 VOL: 15.91
12:05:33.918118 CPU: 66.7°C
12:05:33.918118 GPU: 66.7°C
12:05:33.918118 ALT: 5.94
12:05:33.918118 ACC: [-3, 35, 508]
12:05:33.918118 GYR: [2, 3, 3]
12:05:33.918118 ATT: [4.0, 0.4, 340]
12:05:33.918118 VOL: 15.91
12:05:33.998810 CPU: 67.7°C
12:05:33.998810 GPU: 66.7°C
12:05:33.998810 ALT: 5.94
12:05:33.998810 ACC: [-3, 35, 508]
12:05:33.998810 GYR: [3, 3, 4]
12:05:33.998810 ATT: [4.0, 0.4, 340]
12:05:33.998810 VOL: 15.92
12:05:34.079606 CPU: 66.7°C
12:05:34.079606 GPU: 66.2°C
12:05:34.079606 ALT: 5.94
12:05:34.079606 ACC: [-3, 35, 508]
12:05:34.079606 GYR: [0, 4, 4]
12:05:34.079606 ATT: [4.0, 0.4, 340]
12:05:34.079606 VOL: 15.92
12:05:34.161963 CPU: 66.2°C
12:05:34.161963 GPU: 66.2°C
12:05:34.161963 ALT: 5.94
12:05:34.161963 ACC: [-3, 35, 508]
12:05:34.161963 GYR: [-1, 3, 5]
12:05:34.161963 ATT: [4.0, 0.4, 340]
12:05:34.161963 VOL: 15.92
12:05:34.241711 CPU: 68.2°C
12:05:34.241711 GPU: 68.1°C
12:05:34.241711 ALT: 5.94
12:05:34.241711 ACC: [-3, 35, 508]
12:05:34.241711 GYR: [4, 2, 6]
12:05:34.241711 ATT: [4.0, 0.4, 340]
12:05:34.241711 VOL: 15.91
12:05:34.323456 CPU: 66.2°C
12:05:34.323456 GPU: 66.2°C
12:05:34.323456 ALT: 5.94
12:05:34.323456 ACC: [-3, 34, 508]
12:05:34.323456 GYR: [1, 0, 6]
12:05:34.323456 ATT: [4.0, 0.4, 340]
12:05:34.323456 VOL: 15.91
12:05:34.415535 CPU: 66.2°C
12:05:34.415535 GPU: 67.6°C
12:05:34.415535 ALT: 5.94
12:05:34.415535 ACC: [-3, 35, 508]
12:05:34.415535 GYR: [2, 5, 4]
12:05:34.415535 ATT: [4.0, 0.4, 340]
12:05:34.415535 VOL: 15.91
12:05:34.505695 CPU: 67.2°C
12:05:34.505695 GPU: 66.7°C
12:05:34.505695 ALT: 5.94
12:05:34.505695 ACC: [-3, 35, 508]
12:05:34.505695 GYR: [2, 3, 5]
12:05:34.505695 ATT: [4.0, 0.4, 340]
12:05:34.505695 VOL: 15.91
12:05:34.625519 CPU: 67.7°C
12:05:34.625519 GPU: 66.2°C
12:05:34.625519 ALT: 5.94
12:05:34.625519 ACC: [-3, 35, 508]
12:05:34.625519 GYR: [0, 3, 2]
12:05:34.625519 ATT: [4.0, 0.4, 340]
12:05:34.625519 VOL: 15.92
12:05:34.741644 CPU: 66.7°C
12:05:34.741644 GPU: 66.7°C
12:05:34.741644 ALT: 5.94
12:05:34.741644 ACC: [-3, 34, 508]
12:05:34.741644 GYR: [0, 4, 2]
12:05:34.741644 ATT: [4.0, 0.4, 340]
12:05:34.741644 VOL: 15.92
12:05:34.832035 CPU: 67.7°C
12:05:34.832035 GPU: 67.2°C
12:05:34.832035 ALT: 6.03
12:05:34.832035 ACC: [-3, 35, 508]
12:05:34.832035 GYR: [-1, 2, 4]
12:05:34.832035 ATT: [4.0, 0.4, 340]
12:05:34.832035 VOL: 15.92
12:05:34.911140 CPU: 66.7°C
12:05:34.911140 GPU: 66.7°C
12:05:34.911140 ALT: 6.03
12:05:34.911140 ACC: [-3, 35, 508]
12:05:34.911140 GYR: [1, 2, 5]
12:05:34.911140 ATT: [4.0, 0.4, 340]
12:05:34.911140 VOL: 15.92
12:05:35.031830 CPU: 67.2°C
12:05:35.031830 GPU: 67.2°C
12:05:35.031830 ALT: 6.03
12:05:35.031830 ACC: [-3, 35, 508]
12:05:35.031830 GYR: [2, 2, 4]
12:05:35.031830 ATT: [4.0, 0.4, 340]
12:05:35.031830 VOL: 15.92
12:05:35.143933 CPU: 66.2°C
12:05:35.143933 GPU: 67.2°C
12:05:35.143933 ALT: 6.03
12:05:35.143933 ACC: [-3, 34, 508]
12:05:35.143933 GYR: [1, 3, 4]
12:05:35.143933 ATT: [4.0, 0.4, 340]
12:05:35.143933 VOL: 15.93
12:05:35.246133 CPU: 66.7°C
12:05:35.246133 GPU: 67.6°C
12:05:35.246133 ALT: 6.03
12:05:35.246133 ACC: [-3, 35, 508]
12:05:35.246133 GYR: [2, 4, 6]
12:05:35.246133 ATT: [4.0, 0.4, 340]
12:05:35.246133 VOL: 15.93
12:05:35.338542 CPU: 66.2°C
12:05:35.338542 GPU: 66.7°C
12:05:35.338542 ALT: 6.03
12:05:35.338542 ACC: [-3, 35, 508]
12:05:35.338542 GYR: [2, 5, 5]
12:05:35.338542 ATT: [4.0, 0.4, 340]
12:05:35.338542 VOL: 15.93
12:05:35.449538 CPU: 66.7°C
12:05:35.449538 GPU: 66.7°C
12:05:35.449538 ALT: 6.03
12:05:35.449538 ACC: [-3, 35, 508]
12:05:35.449538 GYR: [0, 5, 5]
12:05:35.449538 ATT: [4.0, 0.4, 340]
12:05:35.449538 VOL: 15.93
12:05:35.543920 CPU: 67.2°C
12:05:35.543920 GPU: 68.1°C
12:05:35.543920 ALT: 6.03
12:05:35.543920 ACC: [-3, 35, 508]
12:05:35.543920 GYR: [3, 2, 6]
12:05:35.543920 ATT: [4.0, 0.4, 340]
12:05:35.543920 VOL: 15.92
12:05:35.640372 CPU: 66.7°C
12:05:35.640372 GPU: 66.7°C
12:05:35.640372 ALT: 6.03
12:05:35.640372 ACC: [-3, 35, 508]
12:05:35.640372 GYR: [3, 5, 3]
12:05:35.640372 ATT: [4.0, 0.4, 340]
12:05:35.640372 VOL: 15.93
12:05:35.734535 CPU: 66.7°C
12:05:35.734535 GPU: 67.2°C
12:05:35.734535 ALT: 6.03
12:05:35.734535 ACC: [-3, 35, 508]
12:05:35.734535 GYR: [3, 3, 4]
12:05:35.734535 ATT: [4.0, 0.4, 340]
12:05:35.734535 VOL: 15.92
12:05:35.833821 CPU: 66.7°C
12:05:35.833821 GPU: 66.7°C
12:05:35.833821 ALT: 6.03
12:05:35.833821 ACC: [-3, 35, 508]
12:05:35.833821 GYR: [2, 2, 5]
12:05:35.833821 ATT: [4.0, 0.4, 340]
12:05:35.833821 VOL: 15.93
12:05:35.925923 CPU: 68.2°C
12:05:35.925923 GPU: 68.1°C
12:05:35.925923 ALT: 6.03
12:05:35.925923 ACC: [-3, 35, 508]
12:05:35.925923 GYR: [0, 1, 4]
12:05:35.925923 ATT: [4.0, 0.4, 340]
12:05:35.925923 VOL: 15.93
12:05:36.016295 CPU: 66.7°C
12:05:36.016295 GPU: 67.6°C
12:05:36.016295 ALT: 6.0
12:05:36.016295 ACC: [-3, 35, 508]
12:05:36.016295 GYR: [2, 4, 7]
12:05:36.016295 ATT: [4.0, 0.4, 340]
12:05:36.016295 VOL: 15.92
12:05:36.093410 CPU: 66.7°C
12:05:36.093410 GPU: 66.7°C
12:05:36.093410 ALT: 5.96
12:05:36.093410 ACC: [-3, 35, 508]
12:05:36.093410 GYR: [2, 3, 5]
12:05:36.093410 ATT: [4.0, 0.4, 340]
12:05:36.093410 VOL: 15.93
12:05:36.175563 CPU: 67.2°C
12:05:36.175563 GPU: 67.6°C
12:05:36.175563 ALT: 5.96
12:05:36.175563 ACC: [-3, 34, 508]
12:05:36.175563 GYR: [0, 1, 5]
12:05:36.175563 ATT: [4.0, 0.4, 340]
12:05:36.175563 VOL: 15.93
12:05:36.253419 CPU: 68.2°C
12:05:36.253419 GPU: 67.6°C
12:05:36.253419 ALT: 5.96
12:05:36.253419 ACC: [-3, 34, 508]
12:05:36.253419 GYR: [-1, 3, 4]
12:05:36.253419 ATT: [4.0, 0.4, 340]
12:05:36.253419 VOL: 15.93
12:05:36.336810 CPU: 66.7°C
12:05:36.336810 GPU: 66.7°C
12:05:36.336810 ALT: 5.96
12:05:36.336810 ACC: [-3, 35, 507]
12:05:36.336810 GYR: [3, 3, 8]
12:05:36.336810 ATT: [4.0, 0.4, 340]
12:05:36.336810 VOL: 15.92
12:05:36.414305 CPU: 66.2°C
12:05:36.414305 GPU: 66.7°C
12:05:36.414305 ALT: 5.99
12:05:36.414305 ACC: [-3, 35, 508]
12:05:36.414305 GYR: [3, 5, 3]
12:05:36.414305 ATT: [4.0, 0.4, 340]
12:05:36.414305 VOL: 15.93
12:05:36.490881 CPU: 66.2°C
12:05:36.490881 GPU: 66.7°C
12:05:36.490881 ALT: 6.02
12:05:36.490881 ACC: [-3, 35, 508]
12:05:36.490881 GYR: [-3, -3, 3]
12:05:36.490881 ATT: [4.0, 0.4, 340]
12:05:36.490881 VOL: 15.93
12:05:36.580450 CPU: 67.2°C
12:05:36.580450 GPU: 67.2°C
12:05:36.580450 ALT: 6.03
12:05:36.580450 ACC: [-3, 35, 507]
12:05:36.580450 GYR: [6, -1, 5]
12:05:36.580450 ATT: [4.0, 0.4, 340]
12:05:36.580450 VOL: 15.93
12:05:36.653317 CPU: 67.2°C
12:05:36.653317 GPU: 67.2°C
12:05:36.653317 ALT: 6.03
12:05:36.653317 ACC: [-3, 34, 508]
12:05:36.653317 GYR: [7, 1, 8]
12:05:36.653317 ATT: [4.0, 0.4, 340]
12:05:36.653317 VOL: 15.93
12:05:36.735141 CPU: 67.7°C
12:05:36.735141 GPU: 67.6°C
12:05:36.735141 ALT: 6.03
12:05:36.735141 ACC: [-3, 35, 508]
12:05:36.735141 GYR: [2, 3, 4]
12:05:36.735141 ATT: [4.0, 0.4, 340]
12:05:36.735141 VOL: 15.93
12:05:36.816460 CPU: 65.7°C
12:05:36.816460 GPU: 67.2°C
12:05:36.816460 ALT: 6.03
12:05:36.816460 ACC: [-3, 35, 508]
12:05:36.816460 GYR: [-3, 1, 5]
12:05:36.816460 ATT: [4.0, 0.4, 340]
12:05:36.816460 VOL: 15.93
12:05:36.892783 CPU: 67.2°C
12:05:36.892783 GPU: 67.2°C
12:05:36.892783 ALT: 6.03
12:05:36.892783 ACC: [-3, 34, 508]
12:05:36.892783 GYR: [1, 1, 6]
12:05:36.892783 ATT: [4.0, 0.4, 339]
12:05:36.892783 VOL: 15.92
12:05:36.977689 CPU: 67.7°C
12:05:36.977689 GPU: 67.2°C
12:05:36.977689 ALT: 6.03
12:05:36.977689 ACC: [-3, 34, 506]
12:05:36.977689 GYR: [0, 2, 3]
12:05:36.977689 ATT: [3.9, 0.4, 339]
12:05:36.977689 VOL: 15.93
12:05:37.072830 CPU: 66.2°C
12:05:37.072830 GPU: 67.2°C
12:05:37.072830 ALT: 6.03
12:05:37.072830 ACC: [-3, 34, 507]
12:05:37.072830 GYR: [1, 5, 2]
12:05:37.072830 ATT: [3.9, 0.4, 339]
12:05:37.072830 VOL: 15.93
12:05:37.157290 CPU: 66.2°C
12:05:37.157290 GPU: 67.6°C
12:05:37.157290 ALT: 6.03
12:05:37.157290 ACC: [-4, 35, 507]
12:05:37.157290 GYR: [5, 3, 4]
12:05:37.157290 ATT: [3.9, 0.4, 339]
12:05:37.157290 VOL: 15.92
12:05:37.247479 CPU: 67.2°C
12:05:37.247479 GPU: 67.2°C
12:05:37.247479 ALT: 6.03
12:05:37.247479 ACC: [-4, 35, 507]
12:05:37.247479 GYR: [0, 2, 3]
12:05:37.247479 ATT: [3.9, 0.4, 339]
12:05:37.247479 VOL: 15.92
12:05:37.323544 CPU: 67.2°C
12:05:37.323544 GPU: 67.2°C
12:05:37.323544 ALT: 6.03
12:05:37.323544 ACC: [-4, 35, 507]
12:05:37.323544 GYR: [4, 2, 5]
12:05:37.323544 ATT: [3.9, 0.4, 339]
12:05:37.323544 VOL: 15.92
12:05:37.406407 CPU: 67.2°C
12:05:37.406407 GPU: 66.2°C
12:05:37.406407 ALT: 6.03
12:05:37.406407 ACC: [-4, 35, 509]
12:05:37.406407 GYR: [2, 2, 5]
12:05:37.406407 ATT: [3.9, 0.4, 339]
12:05:37.406407 VOL: 15.92
12:05:37.484739 CPU: 66.7°C
12:05:37.484739 GPU: 66.7°C
12:05:37.484739 ALT: 6.03
12:05:37.484739 ACC: [-4, 35, 507]
12:05:37.484739 GYR: [4, 4, 5]
12:05:37.484739 ATT: [3.9, 0.5, 339]
12:05:37.484739 VOL: 15.92
12:05:37.569166 CPU: 68.2°C
12:05:37.569166 GPU: 67.6°C
12:05:37.569166 ALT: 6.03
12:05:37.569166 ACC: [-4, 35, 508]
12:05:37.569166 GYR: [1, 2, 5]
12:05:37.569166 ATT: [4.0, 0.5, 339]
12:05:37.569166 VOL: 15.92
12:05:37.658492 CPU: 67.2°C
12:05:37.658492 GPU: 67.6°C
12:05:37.658492 ALT: 6.03
12:05:37.658492 ACC: [-4, 35, 508]
12:05:37.658492 GYR: [2, 2, 5]
12:05:37.658492 ATT: [4.0, 0.5, 339]
12:05:37.658492 VOL: 15.92
12:05:37.743627 CPU: 66.7°C
12:05:37.743627 GPU: 66.7°C
12:05:37.743627 ALT: 6.03
12:05:37.743627 ACC: [-4, 36, 507]
12:05:37.743627 GYR: [2, 2, 4]
12:05:37.743627 ATT: [4.0, 0.5, 339]
12:05:37.743627 VOL: 15.92
12:05:37.825015 CPU: 66.2°C
12:05:37.825015 GPU: 67.2°C
12:05:37.825015 ALT: 6.03
12:05:37.825015 ACC: [-4, 35, 508]
12:05:37.825015 GYR: [0, 4, 5]
12:05:37.825015 ATT: [4.0, 0.5, 339]
12:05:37.825015 VOL: 15.92
12:05:37.900751 CPU: 66.7°C
12:05:37.900751 GPU: 66.2°C
12:05:37.900751 ALT: 6.03
12:05:37.900751 ACC: [-4, 36, 508]
12:05:37.900751 GYR: [2, 4, 5]
12:05:37.900751 ATT: [4.0, 0.5, 339]
12:05:37.900751 VOL: 15.92
12:05:37.985071 CPU: 66.2°C
12:05:37.985071 GPU: 66.2°C
12:05:37.985071 ALT: 6.03
12:05:37.985071 ACC: [-4, 36, 507]
12:05:37.985071 GYR: [2, 2, 4]
12:05:37.985071 ATT: [4.0, 0.5, 339]
12:05:37.985071 VOL: 15.92
12:05:38.068751 CPU: 67.2°C
12:05:38.068751 GPU: 67.2°C
12:05:38.068751 ALT: 6.1
12:05:38.068751 ACC: [-4, 35, 508]
12:05:38.068751 GYR: [1, 2, 3]
12:05:38.068751 ATT: [4.0, 0.5, 339]
12:05:38.068751 VOL: 15.92
12:05:38.154084 CPU: 67.7°C
12:05:38.154084 GPU: 67.2°C
12:05:38.154084 ALT: 6.11
12:05:38.154084 ACC: [-4, 36, 507]
12:05:38.154084 GYR: [1, 4, 3]
12:05:38.154084 ATT: [4.0, 0.5, 339]
12:05:38.154084 VOL: 15.92
12:05:38.240413 CPU: 66.2°C
12:05:38.240413 GPU: 67.2°C
12:05:38.240413 ALT: 6.11
12:05:38.240413 ACC: [-4, 35, 508]
12:05:38.240413 GYR: [1, 3, 5]
12:05:38.240413 ATT: [4.0, 0.5, 339]
12:05:38.240413 VOL: 15.92
12:05:38.319998 CPU: 66.7°C
12:05:38.319998 GPU: 66.7°C
12:05:38.319998 ALT: 6.11
12:05:38.319998 ACC: [-4, 39, 507]
12:05:38.319998 GYR: [2, 3, 4]
12:05:38.319998 ATT: [4.0, 0.5, 339]
12:05:38.319998 VOL: 15.92
12:05:38.395719 CPU: 66.2°C
12:05:38.395719 GPU: 67.2°C
12:05:38.395719 ALT: 6.11
12:05:38.395719 ACC: [-4, 35, 507]
12:05:38.395719 GYR: [3, 1, 3]
12:05:38.395719 ATT: [4.0, 0.5, 339]
12:05:38.395719 VOL: 15.92
12:05:38.481074 CPU: 66.2°C
12:05:38.481074 GPU: 66.2°C
12:05:38.481074 ALT: 6.11
12:05:38.481074 ACC: [-4, 35, 507]
12:05:38.481074 GYR: [1, 0, 4]
12:05:38.481074 ATT: [4.0, 0.5, 339]
12:05:38.481074 VOL: 15.92
12:05:38.555495 CPU: 65.7°C
12:05:38.555495 GPU: 65.7°C
12:05:38.555495 ALT: 6.11
12:05:38.555495 ACC: [-4, 35, 506]
12:05:38.555495 GYR: [0, 5, 4]
12:05:38.555495 ATT: [4.0, 0.5, 339]
12:05:38.555495 VOL: 15.92
12:05:38.640138 CPU: 66.2°C
12:05:38.640138 GPU: 66.7°C
12:05:38.640138 ALT: 6.11
12:05:38.640138 ACC: [-4, 36, 507]
12:05:38.640138 GYR: [2, 3, 3]
12:05:38.640138 ATT: [4.1, 0.5, 339]
12:05:38.640138 VOL: 15.92
12:05:38.734945 CPU: 65.7°C
12:05:38.734945 GPU: 65.7°C
12:05:38.734945 ALT: 6.11
12:05:38.734945 ACC: [-4, 35, 508]
12:05:38.734945 GYR: [1, 5, 5]
12:05:38.734945 ATT: [4.1, 0.5, 339]
12:05:38.734945 VOL: 15.92
12:05:38.816716 CPU: 66.2°C
12:05:38.816716 GPU: 66.2°C
12:05:38.816716 ALT: 6.11
12:05:38.816716 ACC: [-4, 35, 507]
12:05:38.816716 GYR: [2, 0, 2]
12:05:38.816716 ATT: [4.1, 0.5, 339]
12:05:38.816716 VOL: 15.92
12:05:38.893522 CPU: 65.2°C
12:05:38.893522 GPU: 66.7°C
12:05:38.893522 ALT: 6.11
12:05:38.893522 ACC: [-4, 36, 507]
12:05:38.893522 GYR: [1, 1, 7]
12:05:38.893522 ATT: [4.1, 0.5, 339]
12:05:38.893522 VOL: 15.92
12:05:38.975800 CPU: 66.7°C
12:05:38.975800 GPU: 66.7°C
12:05:38.975800 ALT: 6.11
12:05:38.975800 ACC: [-4, 35, 507]
12:05:38.975800 GYR: [4, 3, 3]
12:05:38.975800 ATT: [4.0, 0.5, 339]
12:05:38.975800 VOL: 15.92
12:05:39.056653 CPU: 66.2°C
12:05:39.056653 GPU: 66.2°C
12:05:39.056653 ALT: 6.11
12:05:39.056653 ACC: [-4, 36, 507]
12:05:39.056653 GYR: [4, 3, 5]
12:05:39.056653 ATT: [4.0, 0.5, 339]
12:05:39.056653 VOL: 15.92
12:05:39.137157 CPU: 65.7°C
12:05:39.137157 GPU: 66.7°C
12:05:39.137157 ALT: 6.11
12:05:39.137157 ACC: [-4, 35, 507]
12:05:39.137157 GYR: [1, 4, 5]
12:05:39.137157 ATT: [4.0, 0.5, 339]
12:05:39.137157 VOL: 15.92
12:05:39.220322 CPU: 66.7°C
12:05:39.220322 GPU: 66.7°C
12:05:39.220322 ALT: 6.11
12:05:39.220322 ACC: [-5, 34, 507]
12:05:39.220322 GYR: [2, 4, 5]
12:05:39.220322 ATT: [4.0, 0.5, 339]
12:05:39.220322 VOL: 15.92
12:05:39.315365 CPU: 66.2°C
12:05:39.315365 GPU: 66.2°C
12:05:39.315365 ALT: 6.11
12:05:39.315365 ACC: [-3, 36, 507]
12:05:39.315365 GYR: [1, 3, 4]
12:05:39.315365 ATT: [4.0, 0.5, 339]
12:05:39.315365 VOL: 15.92
12:05:39.388956 CPU: 66.7°C
12:05:39.388956 GPU: 66.7°C
12:05:39.388956 ALT: 6.11
12:05:39.388956 ACC: [-4, 36, 508]
12:05:39.388956 GYR: [3, 3, 5]
12:05:39.388956 ATT: [4.0, 0.5, 339]
12:05:39.388956 VOL: 15.92
12:05:39.478223 CPU: 66.2°C
12:05:39.478223 GPU: 66.2°C
12:05:39.478223 ALT: 6.11
12:05:39.478223 ACC: [-3, 39, 508]
12:05:39.478223 GYR: [-1, 2, 5]
12:05:39.478223 ATT: [4.0, 0.5, 339]
12:05:39.478223 VOL: 15.92
12:05:39.564861 CPU: 67.7°C
12:05:39.564861 GPU: 67.6°C
12:05:39.564861 ALT: 6.11
12:05:39.564861 ACC: [-4, 35, 507]
12:05:39.564861 GYR: [-1, 4, 4]
12:05:39.564861 ATT: [4.1, 0.5, 339]
12:05:39.564861 VOL: 15.92
12:05:39.648449 CPU: 67.2°C
12:05:39.648449 GPU: 67.6°C
12:05:39.648449 ALT: 6.11
12:05:39.648449 ACC: [-4, 35, 507]
12:05:39.648449 GYR: [1, 6, 5]
12:05:39.648449 ATT: [4.1, 0.5, 339]
12:05:39.648449 VOL: 15.92
12:05:39.726848 CPU: 66.7°C
12:05:39.726848 GPU: 67.2°C
12:05:39.726848 ALT: 6.11
12:05:39.726848 ACC: [-4, 35, 508]
12:05:39.726848 GYR: [3, 3, 1]
12:05:39.726848 ATT: [4.0, 0.5, 339]
12:05:39.726848 VOL: 15.92
12:05:39.827009 CPU: 67.2°C
12:05:39.827009 GPU: 67.6°C
12:05:39.827009 ALT: 6.11
12:05:39.827009 ACC: [-3, 36, 507]
12:05:39.827009 GYR: [2, 2, 2]
12:05:39.827009 ATT: [4.0, 0.5, 339]
12:05:39.827009 VOL: 15.92
12:05:39.907942 CPU: 66.7°C
12:05:39.907942 GPU: 66.7°C
12:05:39.907942 ALT: 6.11
12:05:39.907942 ACC: [-4, 35, 507]
12:05:39.907942 GYR: [-1, 3, 5]
12:05:39.907942 ATT: [4.0, 0.5, 339]
12:05:39.907942 VOL: 15.92
12:05:39.985084 CPU: 66.7°C
12:05:39.985084 GPU: 67.6°C
12:05:39.985084 ALT: 6.11
12:05:39.985084 ACC: [-4, 35, 507]
12:05:39.985084 GYR: [3, 3, 7]
12:05:39.985084 ATT: [4.0, 0.5, 339]
12:05:39.985084 VOL: 15.92
12:05:40.082936 CPU: 66.7°C
12:05:40.082936 GPU: 66.7°C
12:05:40.082936 ALT: 6.11
12:05:40.082936 ACC: [-3, 36, 506]
12:05:40.082936 GYR: [3, 1, 5]
12:05:40.082936 ATT: [4.0, 0.5, 339]
12:05:40.082936 VOL: 15.92
12:05:40.182392 CPU: 67.2°C
12:05:40.182392 GPU: 67.2°C
12:05:40.182392 ALT: 6.17
12:05:40.182392 ACC: [-4, 36, 508]
12:05:40.182392 GYR: [4, 4, 8]
12:05:40.182392 ATT: [4.0, 0.5, 339]
12:05:40.182392 VOL: 15.92
12:05:40.270120 CPU: 67.2°C
12:05:40.270120 GPU: 66.7°C
12:05:40.270120 ALT: 6.2
12:05:40.270120 ACC: [-4, 35, 507]
12:05:40.270120 GYR: [2, 3, 4]
12:05:40.270120 ATT: [4.0, 0.5, 339]
12:05:40.270120 VOL: 15.92
12:05:40.367515 CPU: 67.2°C
12:05:40.367515 GPU: 66.7°C
12:05:40.367515 ALT: 6.2
12:05:40.367515 ACC: [-4, 35, 507]
12:05:40.367515 GYR: [-1, 1, 8]
12:05:40.367515 ATT: [4.0, 0.5, 338]
12:05:40.367515 VOL: 15.91
12:05:40.449632 CPU: 67.7°C
12:05:40.449632 GPU: 67.6°C
12:05:40.449632 ALT: 6.2
12:05:40.449632 ACC: [-4, 36, 507]
12:05:40.449632 GYR: [3, 5, 6]
12:05:40.449632 ATT: [4.0, 0.5, 338]
12:05:40.449632 VOL: 15.91
12:05:40.523581 CPU: 66.2°C
12:05:40.523581 GPU: 65.7°C
12:05:40.523581 ALT: 6.2
12:05:40.523581 ACC: [-4, 35, 507]
12:05:40.523581 GYR: [1, 2, 3]
12:05:40.523581 ATT: [4.0, 0.5, 338]
12:05:40.523581 VOL: 15.91
12:05:40.615911 CPU: 67.2°C
12:05:40.615911 GPU: 65.7°C
12:05:40.615911 ALT: 6.2
12:05:40.615911 ACC: [-5, 33, 507]
12:05:40.615911 GYR: [2, 3, 2]
12:05:40.615911 ATT: [4.0, 0.5, 338]
12:05:40.615911 VOL: 15.91
12:05:40.704455 CPU: 67.2°C
12:05:40.704455 GPU: 66.7°C
12:05:40.704455 ALT: 6.2
12:05:40.704455 ACC: [-5, 35, 507]
12:05:40.704455 GYR: [3, 1, 5]
12:05:40.704455 ATT: [4.0, 0.5, 338]
12:05:40.704455 VOL: 15.92
12:05:40.802524 CPU: 66.2°C
12:05:40.802524 GPU: 66.2°C
12:05:40.802524 ALT: 6.2
12:05:40.802524 ACC: [-4, 35, 507]
12:05:40.802524 GYR: [2, 4, 6]
12:05:40.802524 ATT: [4.0, 0.5, 338]
12:05:40.802524 VOL: 15.92
12:05:40.884344 CPU: 66.2°C
12:05:40.884344 GPU: 66.2°C
12:05:40.884344 ALT: 6.2
12:05:40.884344 ACC: [-4, 35, 507]
12:05:40.884344 GYR: [3, 4, 5]
12:05:40.884344 ATT: [4.0, 0.5, 338]
12:05:40.884344 VOL: 15.92
12:05:40.980462 CPU: 66.7°C
12:05:40.980462 GPU: 66.7°C
12:05:40.980462 ALT: 6.2
12:05:40.980462 ACC: [-4, 34, 507]
12:05:40.980462 GYR: [1, 6, 2]
12:05:40.980462 ATT: [4.0, 0.5, 338]
12:05:40.980462 VOL: 15.92
12:05:41.055508 CPU: 66.7°C
12:05:41.055508 GPU: 67.2°C
12:05:41.055508 ALT: 6.2
12:05:41.055508 ACC: [-4, 35, 507]
12:05:41.055508 GYR: [1, 0, 4]
12:05:41.055508 ATT: [4.0, 0.5, 338]
12:05:41.055508 VOL: 15.92
12:05:41.155427 CPU: 66.7°C
12:05:41.155427 GPU: 68.1°C
12:05:41.155427 ALT: 6.2
12:05:41.155427 ACC: [-4, 35, 507]
12:05:41.155427 GYR: [2, 2, 8]
12:05:41.155427 ATT: [4.0, 0.5, 338]
12:05:41.155427 VOL: 15.92
12:05:41.249961 CPU: 67.2°C
12:05:41.249961 GPU: 67.2°C
12:05:41.249961 ALT: 6.2
12:05:41.249961 ACC: [-5, 36, 507]
12:05:41.249961 GYR: [3, 0, 5]
12:05:41.249961 ATT: [4.0, 0.5, 338]
12:05:41.249961 VOL: 15.92
12:05:41.325843 CPU: 67.7°C
12:05:41.325843 GPU: 67.6°C
12:05:41.325843 ALT: 6.2
12:05:41.325843 ACC: [-4, 35, 507]
12:05:41.325843 GYR: [3, 1, 6]
12:05:41.325843 ATT: [4.0, 0.5, 338]
12:05:41.325843 VOL: 15.92
12:05:41.413935 CPU: 66.2°C
12:05:41.413935 GPU: 67.6°C
12:05:41.413935 ALT: 6.2
12:05:41.413935 ACC: [-4, 35, 507]
12:05:41.413935 GYR: [2, 3, 5]
12:05:41.413935 ATT: [4.0, 0.5, 338]
12:05:41.413935 VOL: 15.92
12:05:41.490634 CPU: 67.2°C
12:05:41.490634 GPU: 67.2°C
12:05:41.490634 ALT: 6.2
12:05:41.490634 ACC: [-4, 35, 507]
12:05:41.490634 GYR: [0, 4, 4]
12:05:41.490634 ATT: [4.0, 0.5, 338]
12:05:41.490634 VOL: 15.92
12:05:41.577095 CPU: 67.7°C
12:05:41.577095 GPU: 68.1°C
12:05:41.577095 ALT: 6.2
12:05:41.577095 ACC: [-4, 36, 507]
12:05:41.577095 GYR: [0, 2, 4]
12:05:41.577095 ATT: [4.1, 0.5, 338]
12:05:41.577095 VOL: 15.92
12:05:41.661857 CPU: 66.7°C
12:05:41.661857 GPU: 66.7°C
12:05:41.661857 ALT: 6.2
12:05:41.661857 ACC: [-4, 35, 507]
12:05:41.661857 GYR: [1, 2, 5]
12:05:41.661857 ATT: [4.0, 0.5, 338]
12:05:41.661857 VOL: 15.92
12:05:41.745093 CPU: 67.7°C
12:05:41.745093 GPU: 67.6°C
12:05:41.745093 ALT: 6.2
12:05:41.745093 ACC: [-4, 36, 507]
12:05:41.745093 GYR: [1, 2, 5]
12:05:41.745093 ATT: [4.0, 0.5, 338]
12:05:41.745093 VOL: 15.92
12:05:41.825735 CPU: 66.7°C
12:05:41.825735 GPU: 66.7°C
12:05:41.825735 ALT: 6.2
12:05:41.825735 ACC: [-5, 36, 507]
12:05:41.825735 GYR: [2, 3, 5]
12:05:41.825735 ATT: [4.0, 0.5, 338]
12:05:41.825735 VOL: 15.92
12:05:41.918234 CPU: 67.2°C
12:05:41.918234 GPU: 67.2°C
12:05:41.918234 ALT: 6.26
12:05:41.918234 ACC: [-4, 35, 507]
12:05:41.918234 GYR: [1, 3, 2]
12:05:41.918234 ATT: [4.1, 0.5, 338]
12:05:41.918234 VOL: 15.92
12:05:41.995342 CPU: 66.2°C
12:05:41.995342 GPU: 66.7°C
12:05:41.995342 ALT: 6.28
12:05:41.995342 ACC: [-4, 35, 508]
12:05:41.995342 GYR: [1, 3, 6]
12:05:41.995342 ATT: [4.0, 0.5, 338]
12:05:41.995342 VOL: 15.92
12:05:42.078101 CPU: 66.7°C
12:05:42.078101 GPU: 66.7°C
12:05:42.078101 ALT: 6.28
12:05:42.078101 ACC: [-4, 35, 507]
12:05:42.078101 GYR: [0, 4, 6]
12:05:42.078101 ATT: [4.0, 0.5, 338]
12:05:42.078101 VOL: 15.92
12:05:42.157897 CPU: 66.2°C
12:05:42.157897 GPU: 66.7°C
12:05:42.157897 ALT: 6.28
12:05:42.157897 ACC: [-3, 37, 507]
12:05:42.157897 GYR: [0, 4, 2]
12:05:42.157897 ATT: [4.0, 0.5, 338]
12:05:42.157897 VOL: 15.92
12:05:42.238574 CPU: 66.2°C
12:05:42.238574 GPU: 66.2°C
12:05:42.238574 ALT: 6.28
12:05:42.238574 ACC: [-4, 35, 507]
12:05:42.238574 GYR: [2, 2, 4]
12:05:42.238574 ATT: [4.1, 0.5, 338]
12:05:42.238574 VOL: 15.92
12:05:42.318499 CPU: 66.2°C
12:05:42.318499 GPU: 66.2°C
12:05:42.318499 ALT: 6.28
12:05:42.318499 ACC: [-4, 35, 507]
12:05:42.318499 GYR: [1, 2, 4]
12:05:42.318499 ATT: [4.1, 0.5, 338]
12:05:42.318499 VOL: 15.92
12:05:42.397632 CPU: 68.2°C
12:05:42.397632 GPU: 66.7°C
12:05:42.397632 ALT: 6.28
12:05:42.397632 ACC: [-4, 37, 507]
12:05:42.397632 GYR: [3, 3, 5]
12:05:42.397632 ATT: [4.1, 0.5, 338]
12:05:42.397632 VOL: 15.92
12:05:42.482900 CPU: 67.7°C
12:05:42.482900 GPU: 67.6°C
12:05:42.482900 ALT: 6.28
12:05:42.482900 ACC: [-4, 35, 507]
12:05:42.482900 GYR: [1, 5, 5]
12:05:42.482900 ATT: [4.1, 0.5, 338]
12:05:42.482900 VOL: 15.93
12:05:42.559727 CPU: 66.2°C
12:05:42.559727 GPU: 66.2°C
12:05:42.559727 ALT: 6.28
12:05:42.559727 ACC: [-4, 36, 508]
12:05:42.559727 GYR: [2, 2, 4]
12:05:42.559727 ATT: [4.1, 0.5, 338]
12:05:42.559727 VOL: 15.93
12:05:42.641644 CPU: 66.2°C
12:05:42.641644 GPU: 66.2°C
12:05:42.641644 ALT: 6.28
12:05:42.641644 ACC: [-3, 35, 507]
12:05:42.641644 GYR: [2, 3, 5]
12:05:42.641644 ATT: [4.0, 0.5, 338]
12:05:42.641644 VOL: 15.93
12:05:42.721903 CPU: 67.2°C
12:05:42.721903 GPU: 66.2°C
12:05:42.721903 ALT: 6.28
12:05:42.721903 ACC: [-4, 35, 507]
12:05:42.721903 GYR: [0, 1, 6]
12:05:42.721903 ATT: [4.0, 0.5, 338]
12:05:42.721903 VOL: 15.93
12:05:42.819027 CPU: 66.2°C
12:05:42.819027 GPU: 66.2°C
12:05:42.819027 ALT: 6.28
12:05:42.819027 ACC: [-4, 35, 508]
12:05:42.819027 GYR: [2, 2, 4]
12:05:42.819027 ATT: [4.0, 0.5, 338]
12:05:42.819027 VOL: 15.92
12:05:42.916173 CPU: 66.7°C
12:05:42.916173 GPU: 66.7°C
12:05:42.916173 ALT: 6.28
12:05:42.916173 ACC: [-5, 35, 508]
12:05:42.916173 GYR: [3, 1, 2]
12:05:42.916173 ATT: [4.0, 0.5, 338]
12:05:42.916173 VOL: 15.92
12:05:42.989919 CPU: 66.2°C
12:05:42.989919 GPU: 66.7°C
12:05:42.989919 ALT: 6.28
12:05:42.989919 ACC: [-4, 35, 508]
12:05:42.989919 GYR: [-1, 3, 4]
12:05:42.989919 ATT: [4.0, 0.5, 338]
12:05:42.989919 VOL: 15.92
12:05:43.073589 CPU: 66.7°C
12:05:43.073589 GPU: 66.7°C
12:05:43.073589 ALT: 6.28
12:05:43.073589 ACC: [-4, 36, 507]
12:05:43.073589 GYR: [1, 3, 3]
12:05:43.073589 ATT: [4.0, 0.5, 338]
12:05:43.073589 VOL: 15.92
12:05:43.166033 CPU: 65.7°C
12:05:43.166033 GPU: 67.2°C
12:05:43.166033 ALT: 6.28
12:05:43.166033 ACC: [-5, 35, 507]
12:05:43.166033 GYR: [1, 3, 5]
12:05:43.166033 ATT: [4.0, 0.5, 338]
12:05:43.166033 VOL: 15.91
12:05:43.249617 CPU: 65.7°C
12:05:43.249617 GPU: 65.7°C
12:05:43.249617 ALT: 6.28
12:05:43.249617 ACC: [-4, 36, 507]
12:05:43.249617 GYR: [2, 1, 6]
12:05:43.249617 ATT: [4.0, 0.5, 338]
12:05:43.249617 VOL: 15.91
12:05:43.346393 CPU: 67.2°C
12:05:43.346393 GPU: 66.7°C
12:05:43.346393 ALT: 6.28
12:05:43.346393 ACC: [-3, 39, 506]
12:05:43.346393 GYR: [4, 2, 4]
12:05:43.346393 ATT: [4.0, 0.5, 338]
12:05:43.346393 VOL: 15.91
12:05:43.423056 CPU: 66.2°C
12:05:43.423056 GPU: 66.2°C
12:05:43.423056 ALT: 6.28
12:05:43.423056 ACC: [-5, 36, 507]
12:05:43.423056 GYR: [3, 2, 6]
12:05:43.423056 ATT: [4.1, 0.5, 338]
12:05:43.423056 VOL: 15.91
12:05:43.504662 CPU: 65.7°C
12:05:43.504662 GPU: 65.7°C
12:05:43.504662 ALT: 6.28
12:05:43.504662 ACC: [-4, 36, 507]
12:05:43.504662 GYR: [1, 3, 4]
12:05:43.504662 ATT: [4.1, 0.5, 338]
12:05:43.504662 VOL: 15.91
12:05:43.588401 CPU: 67.2°C
12:05:43.588401 GPU: 66.2°C
12:05:43.588401 ALT: 6.28
12:05:43.588401 ACC: [-4, 35, 506]
12:05:43.588401 GYR: [1, 3, 3]
12:05:43.588401 ATT: [4.1, 0.5, 338]
12:05:43.588401 VOL: 15.91
12:05:43.661895 CPU: 67.2°C
12:05:43.661895 GPU: 67.2°C
12:05:43.661895 ALT: 6.28
12:05:43.661895 ACC: [-4, 37, 507]
12:05:43.661895 GYR: [1, 3, 5]
12:05:43.661895 ATT: [4.1, 0.5, 338]
12:05:43.661895 VOL: 15.91
12:05:43.743869 CPU: 65.7°C
12:05:43.743869 GPU: 65.7°C
12:05:43.743869 ALT: 6.28
12:05:43.743869 ACC: [-4, 36, 506]
12:05:43.743869 GYR: [-1, 3, 4]
12:05:43.743869 ATT: [4.1, 0.5, 338]
12:05:43.743869 VOL: 15.91
12:05:43.823652 CPU: 66.2°C
12:05:43.823652 GPU: 66.2°C
12:05:43.823652 ALT: 6.28
12:05:43.823652 ACC: [-5, 35, 507]
12:05:43.823652 GYR: [3, 3, 4]
12:05:43.823652 ATT: [4.1, 0.5, 338]
12:05:43.823652 VOL: 15.91
12:05:43.910020 CPU: 67.2°C
12:05:43.910020 GPU: 67.2°C
12:05:43.910020 ALT: 6.28
12:05:43.910020 ACC: [-4, 36, 507]
12:05:43.910020 GYR: [1, 2, 4]
12:05:43.910020 ATT: [4.1, 0.5, 337]
12:05:43.910020 VOL: 15.91
12:05:43.985170 CPU: 65.7°C
12:05:43.985170 GPU: 65.7°C
12:05:43.985170 ALT: 6.35
12:05:43.985170 ACC: [-4, 36, 507]
12:05:43.985170 GYR: [0, 5, 4]
12:05:43.985170 ATT: [4.1, 0.5, 337]
12:05:43.985170 VOL: 15.91
12:05:44.061235 CPU: 66.7°C
12:05:44.061235 GPU: 66.7°C
12:05:44.061235 ALT: 6.36
12:05:44.061235 ACC: [-4, 35, 507]
12:05:44.061235 GYR: [1, 3, 5]
12:05:44.061235 ATT: [4.1, 0.5, 337]
12:05:44.061235 VOL: 15.9
12:05:44.158579 CPU: 66.7°C
12:05:44.158579 GPU: 67.2°C
12:05:44.158579 ALT: 6.36
12:05:44.158579 ACC: [-4, 36, 506]
12:05:44.158579 GYR: [2, 4, 5]
12:05:44.158579 ATT: [4.1, 0.5, 337]
12:05:44.158579 VOL: 15.91
12:05:44.243850 CPU: 66.2°C
12:05:44.243850 GPU: 66.2°C
12:05:44.243850 ALT: 6.36
12:05:44.243850 ACC: [-5, 40, 507]
12:05:44.243850 GYR: [2, 4, 3]
12:05:44.243850 ATT: [4.1, 0.5, 337]
12:05:44.243850 VOL: 15.9
12:05:44.335040 CPU: 66.7°C
12:05:44.335040 GPU: 66.2°C
12:05:44.335040 ALT: 6.36
12:05:44.335040 ACC: [-4, 36, 507]
12:05:44.335040 GYR: [1, 2, 4]
12:05:44.335040 ATT: [4.1, 0.5, 337]
12:05:44.335040 VOL: 15.9
12:05:44.417187 CPU: 67.2°C
12:05:44.417187 GPU: 67.2°C
12:05:44.417187 ALT: 6.36
12:05:44.417187 ACC: [-4, 36, 506]
12:05:44.417187 GYR: [2, 2, 4]
12:05:44.417187 ATT: [4.1, 0.5, 337]
12:05:44.417187 VOL: 15.91
12:05:44.495404 CPU: 67.7°C
12:05:44.495404 GPU: 67.6°C
12:05:44.495404 ALT: 6.36
12:05:44.495404 ACC: [-4, 35, 507]
12:05:44.495404 GYR: [3, 1, 6]
12:05:44.495404 ATT: [4.1, 0.5, 337]
12:05:44.495404 VOL: 15.9
12:05:44.579081 CPU: 67.2°C
12:05:44.579081 GPU: 66.7°C
12:05:44.579081 ALT: 6.36
12:05:44.579081 ACC: [-3, 38, 506]
12:05:44.579081 GYR: [2, 1, 4]
12:05:44.579081 ATT: [4.1, 0.5, 337]
12:05:44.579081 VOL: 15.9
12:05:44.657278 CPU: 66.2°C
12:05:44.657278 GPU: 66.2°C
12:05:44.657278 ALT: 6.36
12:05:44.657278 ACC: [-5, 35, 506]
12:05:44.657278 GYR: [0, 2, 3]
12:05:44.657278 ATT: [4.1, 0.5, 337]
12:05:44.657278 VOL: 15.9
12:05:44.753911 CPU: 67.7°C
12:05:44.753911 GPU: 67.2°C
12:05:44.753911 ALT: 6.36
12:05:44.753911 ACC: [-4, 36, 507]
12:05:44.753911 GYR: [1, 3, 4]
12:05:44.753911 ATT: [4.1, 0.5, 337]
12:05:44.753911 VOL: 15.91
12:05:44.856200 CPU: 67.2°C
12:05:44.856200 GPU: 65.2°C
12:05:44.856200 ALT: 6.36
12:05:44.856200 ACC: [-4, 36, 507]
12:05:44.856200 GYR: [3, 3, 7]
12:05:44.856200 ATT: [4.1, 0.5, 337]
12:05:44.856200 VOL: 15.9
12:05:44.940142 CPU: 67.7°C
12:05:44.940142 GPU: 67.6°C
12:05:44.940142 ALT: 6.36
12:05:44.940142 ACC: [-4, 35, 507]
12:05:44.940142 GYR: [2, 1, 4]
12:05:44.940142 ATT: [4.1, 0.5, 337]
12:05:44.940142 VOL: 15.9
12:05:45.021699 CPU: 66.7°C
12:05:45.021699 GPU: 66.7°C
12:05:45.021699 ALT: 6.36
12:05:45.021699 ACC: [-4, 36, 507]
12:05:45.021699 GYR: [-1, 4, 5]
12:05:45.021699 ATT: [4.1, 0.5, 337]
12:05:45.021699 VOL: 15.9
12:05:45.114240 CPU: 66.7°C
12:05:45.114240 GPU: 66.7°C
12:05:45.114240 ALT: 6.36
12:05:45.114240 ACC: [-4, 35, 507]
12:05:45.114240 GYR: [3, 1, 5]
12:05:45.114240 ATT: [4.1, 0.5, 337]
12:05:45.114240 VOL: 15.9
12:05:45.195817 CPU: 67.2°C
12:05:45.195817 GPU: 67.2°C
12:05:45.195817 ALT: 6.36
12:05:45.195817 ACC: [-4, 35, 507]
12:05:45.195817 GYR: [2, 2, 6]
12:05:45.195817 ATT: [4.1, 0.5, 337]
12:05:45.195817 VOL: 15.9
12:05:45.297547 CPU: 66.7°C
12:05:45.297547 GPU: 66.7°C
12:05:45.297547 ALT: 6.36
12:05:45.297547 ACC: [-4, 39, 507]
12:05:45.297547 GYR: [1, 3, 4]
12:05:45.297547 ATT: [4.1, 0.5, 337]
12:05:45.297547 VOL: 15.9
12:05:45.393107 CPU: 65.7°C
12:05:45.393107 GPU: 66.7°C
12:05:45.393107 ALT: 6.36
12:05:45.393107 ACC: [-4, 36, 507]
12:05:45.393107 GYR: [1, 3, 4]
12:05:45.393107 ATT: [4.1, 0.5, 337]
12:05:45.393107 VOL: 15.9
12:05:45.478858 CPU: 67.2°C
12:05:45.478858 GPU: 67.2°C
12:05:45.478858 ALT: 6.36
12:05:45.478858 ACC: [-4, 36, 506]
12:05:45.478858 GYR: [3, 2, 5]
12:05:45.478858 ATT: [4.1, 0.5, 337]
12:05:45.478858 VOL: 15.9
12:05:45.574314 CPU: 67.2°C
12:05:45.574314 GPU: 66.7°C
12:05:45.574314 ALT: 6.36
12:05:45.574314 ACC: [-5, 34, 506]
12:05:45.574314 GYR: [1, 4, 5]
12:05:45.574314 ATT: [4.1, 0.5, 337]
12:05:45.574314 VOL: 15.9
12:05:45.664433 CPU: 67.2°C
12:05:45.664433 GPU: 67.2°C
12:05:45.664433 ALT: 6.36
12:05:45.664433 ACC: [-4, 36, 505]
12:05:45.664433 GYR: [2, 3, 5]
12:05:45.664433 ATT: [4.0, 0.5, 337]
12:05:45.664433 VOL: 15.9
12:05:45.745353 CPU: 66.7°C
12:05:45.745353 GPU: 67.2°C
12:05:45.745353 ALT: 6.36
12:05:45.745353 ACC: [-4, 36, 507]
12:05:45.745353 GYR: [3, 4, 6]
12:05:45.745353 ATT: [4.1, 0.5, 337]
12:05:45.745353 VOL: 15.9
12:05:45.823726 CPU: 66.7°C
12:05:45.823726 GPU: 66.7°C
12:05:45.823726 ALT: 6.36
12:05:45.823726 ACC: [-4, 35, 507]
12:05:45.823726 GYR: [0, 2, 5]
12:05:45.823726 ATT: [4.1, 0.5, 337]
12:05:45.823726 VOL: 15.9
12:05:45.922473 CPU: 66.7°C
12:05:45.922473 GPU: 67.2°C
12:05:45.922473 ALT: 6.36
12:05:45.922473 ACC: [-5, 36, 507]
12:05:45.922473 GYR: [-1, 2, 6]
12:05:45.922473 ATT: [4.1, 0.5, 337]
12:05:45.922473 VOL: 15.9
12:05:46.000450 CPU: 67.7°C
12:05:46.000450 GPU: 66.7°C
12:05:46.000450 ALT: 6.42
12:05:46.000450 ACC: [-4, 35, 506]
12:05:46.000450 GYR: [1, 3, 5]
12:05:46.000450 ATT: [4.1, 0.5, 337]
12:05:46.000450 VOL: 15.9
12:05:46.081543 CPU: 66.7°C
12:05:46.081543 GPU: 66.7°C
12:05:46.081543 ALT: 6.45
12:05:46.081543 ACC: [-4, 35, 507]
12:05:46.081543 GYR: [4, 4, 4]
12:05:46.081543 ATT: [4.1, 0.5, 337]
12:05:46.081543 VOL: 15.9
12:05:46.165331 CPU: 66.7°C
12:05:46.165331 GPU: 67.6°C
12:05:46.165331 ALT: 6.45
12:05:46.165331 ACC: [-4, 35, 506]
12:05:46.165331 GYR: [0, 3, 5]
12:05:46.165331 ATT: [4.1, 0.5, 337]
12:05:46.165331 VOL: 15.9
12:05:46.248044 CPU: 67.2°C
12:05:46.248044 GPU: 67.2°C
12:05:46.248044 ALT: 6.45
12:05:46.248044 ACC: [-4, 36, 507]
12:05:46.248044 GYR: [2, 4, 2]
12:05:46.248044 ATT: [4.0, 0.5, 337]
12:05:46.248044 VOL: 15.9
12:05:46.345187 CPU: 66.7°C
12:05:46.345187 GPU: 66.7°C
12:05:46.345187 ALT: 6.45
12:05:46.345187 ACC: [-4, 36, 506]
12:05:46.345187 GYR: [1, 3, 6]
12:05:46.345187 ATT: [4.0, 0.5, 337]
12:05:46.345187 VOL: 15.9
12:05:46.430441 CPU: 66.7°C
12:05:46.430441 GPU: 66.7°C
12:05:46.430441 ALT: 6.45
12:05:46.430441 ACC: [-4, 35, 507]
12:05:46.430441 GYR: [2, 2, 4]
12:05:46.430441 ATT: [4.0, 0.5, 337]
12:05:46.430441 VOL: 15.9
12:05:46.516482 CPU: 67.2°C
12:05:46.516482 GPU: 66.2°C
12:05:46.516482 ALT: 6.45
12:05:46.516482 ACC: [-4, 36, 506]
12:05:46.516482 GYR: [2, 2, 3]
12:05:46.516482 ATT: [4.0, 0.5, 337]
12:05:46.516482 VOL: 15.9
12:05:46.589729 CPU: 66.2°C
12:05:46.589729 GPU: 66.2°C
12:05:46.589729 ALT: 6.45
12:05:46.589729 ACC: [-4, 35, 506]
12:05:46.589729 GYR: [2, 4, 5]
12:05:46.589729 ATT: [4.0, 0.5, 337]
12:05:46.589729 VOL: 15.9
12:05:46.669632 CPU: 66.2°C
12:05:46.669632 GPU: 66.2°C
12:05:46.669632 ALT: 6.45
12:05:46.669632 ACC: [-4, 35, 507]
12:05:46.669632 GYR: [1, 6, 2]
12:05:46.669632 ATT: [4.0, 0.5, 337]
12:05:46.669632 VOL: 15.9
12:05:46.756863 CPU: 66.7°C
12:05:46.756863 GPU: 67.2°C
12:05:46.756863 ALT: 6.45
12:05:46.756863 ACC: [-4, 35, 507]
12:05:46.756863 GYR: [3, 2, 4]
12:05:46.756863 ATT: [4.0, 0.5, 337]
12:05:46.756863 VOL: 15.9
12:05:46.830322 CPU: 66.7°C
12:05:46.830322 GPU: 66.7°C
12:05:46.830322 ALT: 6.45
12:05:46.830322 ACC: [-4, 35, 507]
12:05:46.830322 GYR: [1, 1, 4]
12:05:46.830322 ATT: [4.0, 0.5, 337]
12:05:46.830322 VOL: 15.9
12:05:46.908550 CPU: 66.7°C
12:05:46.908550 GPU: 65.7°C
12:05:46.908550 ALT: 6.45
12:05:46.908550 ACC: [-5, 34, 507]
12:05:46.908550 GYR: [1, 3, 6]
12:05:46.908550 ATT: [4.0, 0.6, 337]
12:05:46.908550 VOL: 15.91
12:05:46.990411 CPU: 65.7°C
12:05:46.990411 GPU: 65.7°C
12:05:46.990411 ALT: 6.45
12:05:46.990411 ACC: [-4, 36, 507]
12:05:46.990411 GYR: [2, 3, 4]
12:05:46.990411 ATT: [4.0, 0.6, 337]
12:05:46.990411 VOL: 15.91
12:05:47.068265 CPU: 66.2°C
12:05:47.068265 GPU: 66.2°C
12:05:47.068265 ALT: 6.45
12:05:47.068265 ACC: [-4, 35, 507]
12:05:47.068265 GYR: [0, 2, 4]
12:05:47.068265 ATT: [4.0, 0.6, 337]
12:05:47.068265 VOL: 15.91
12:05:47.150738 CPU: 65.7°C
12:05:47.150738 GPU: 66.2°C
12:05:47.150738 ALT: 6.45
12:05:47.150738 ACC: [-4, 36, 507]
12:05:47.150738 GYR: [1, 3, 5]
12:05:47.150738 ATT: [4.0, 0.6, 337]
12:05:47.150738 VOL: 15.91
12:05:47.230370 CPU: 65.2°C
12:05:47.230370 GPU: 65.2°C
12:05:47.230370 ALT: 6.45
12:05:47.230370 ACC: [-4, 34, 507]
12:05:47.230370 GYR: [1, 4, 2]
12:05:47.230370 ATT: [4.0, 0.5, 337]
12:05:47.230370 VOL: 15.9
12:05:47.312144 CPU: 65.7°C
12:05:47.312144 GPU: 65.7°C
12:05:47.312144 ALT: 6.45
12:05:47.312144 ACC: [-4, 36, 507]
12:05:47.312144 GYR: [3, 3, 6]
12:05:47.312144 ATT: [4.0, 0.5, 337]
12:05:47.312144 VOL: 15.91
12:05:47.390631 CPU: 66.7°C
12:05:47.390631 GPU: 67.2°C
12:05:47.390631 ALT: 6.45
12:05:47.390631 ACC: [-4, 35, 507]
12:05:47.390631 GYR: [3, 2, 7]
12:05:47.390631 ATT: [4.0, 0.5, 337]
12:05:47.390631 VOL: 15.9
12:05:47.469596 CPU: 65.7°C
12:05:47.469596 GPU: 65.7°C
12:05:47.469596 ALT: 6.45
12:05:47.469596 ACC: [-4, 36, 507]
12:05:47.469596 GYR: [-1, 5, 5]
12:05:47.469596 ATT: [4.0, 0.5, 336]
12:05:47.469596 VOL: 15.91
12:05:47.550012 CPU: 66.2°C
12:05:47.550012 GPU: 66.2°C
12:05:47.550012 ALT: 6.45
12:05:47.550012 ACC: [-4, 36, 506]
12:05:47.550012 GYR: [3, 2, 7]
12:05:47.550012 ATT: [4.0, 0.5, 336]
12:05:47.550012 VOL: 15.91
12:05:47.634847 CPU: 67.7°C
12:05:47.634847 GPU: 66.2°C
12:05:47.634847 ALT: 6.45
12:05:47.634847 ACC: [-4, 36, 508]
12:05:47.634847 GYR: [2, 3, 7]
12:05:47.634847 ATT: [4.0, 0.5, 336]
12:05:47.634847 VOL: 15.91
12:05:47.714918 CPU: 66.7°C
12:05:47.714918 GPU: 66.7°C
12:05:47.714918 ALT: 6.45
12:05:47.714918 ACC: [-4, 35, 507]
12:05:47.714918 GYR: [3, 3, 4]
12:05:47.714918 ATT: [4.0, 0.5, 336]
12:05:47.714918 VOL: 15.91
12:05:47.794901 CPU: 66.7°C
12:05:47.794901 GPU: 66.2°C
12:05:47.794901 ALT: 6.45
12:05:47.794901 ACC: [-4, 33, 507]
12:05:47.794901 GYR: [2, 3, 4]
12:05:47.794901 ATT: [4.0, 0.5, 336]
12:05:47.794901 VOL: 15.91
12:05:47.874119 CPU: 66.2°C
12:05:47.874119 GPU: 65.7°C
12:05:47.874119 ALT: 6.45
12:05:47.874119 ACC: [-5, 35, 507]
12:05:47.874119 GYR: [1, 1, 3]
12:05:47.874119 ATT: [4.0, 0.5, 336]
12:05:47.874119 VOL: 15.91
12:05:47.953518 CPU: 66.2°C
12:05:47.953518 GPU: 66.2°C
12:05:47.953518 ALT: 6.45
12:05:47.953518 ACC: [-4, 35, 507]
12:05:47.953518 GYR: [0, 6, 6]
12:05:47.953518 ATT: [4.0, 0.5, 336]
12:05:47.953518 VOL: 15.9
12:05:48.052824 CPU: 65.7°C
12:05:48.052824 GPU: 65.7°C
12:05:48.052824 ALT: 6.45
12:05:48.052824 ACC: [-4, 35, 507]
12:05:48.052824 GYR: [1, 0, 6]
12:05:48.052824 ATT: [4.0, 0.5, 336]
12:05:48.052824 VOL: 15.9
12:05:48.142482 CPU: 66.7°C
12:05:48.142482 GPU: 65.7°C
12:05:48.142482 ALT: 6.45
12:05:48.142482 ACC: [-4, 35, 507]
12:05:48.142482 GYR: [-2, 0, 6]
12:05:48.142482 ATT: [4.0, 0.5, 336]
12:05:48.142482 VOL: 15.9
12:05:48.223277 CPU: 66.2°C
12:05:48.223277 GPU: 66.2°C
12:05:48.223277 ALT: 6.45
12:05:48.223277 ACC: [-4, 35, 507]
12:05:48.223277 GYR: [2, 3, 5]
12:05:48.223277 ATT: [4.0, 0.5, 336]
12:05:48.223277 VOL: 15.9
12:05:48.299813 CPU: 66.2°C
12:05:48.299813 GPU: 66.2°C
12:05:48.299813 ALT: 6.51
12:05:48.299813 ACC: [-4, 35, 506]
12:05:48.299813 GYR: [1, 3, 4]
12:05:48.299813 ATT: [4.0, 0.5, 336]
12:05:48.299813 VOL: 15.91
12:05:48.404112 CPU: 67.2°C
12:05:48.404112 GPU: 68.1°C
12:05:48.404112 ALT: 6.53
12:05:48.404112 ACC: [-5, 35, 505]
12:05:48.404112 GYR: [1, 2, 4]
12:05:48.404112 ATT: [4.0, 0.5, 336]
12:05:48.404112 VOL: 15.9
12:05:48.500684 CPU: 67.2°C
12:05:48.500684 GPU: 67.2°C
12:05:48.500684 ALT: 6.53
12:05:48.500684 ACC: [-4, 36, 506]
12:05:48.500684 GYR: [0, 4, 3]
12:05:48.500684 ATT: [4.0, 0.5, 336]
12:05:48.500684 VOL: 15.91
12:05:48.581745 CPU: 66.2°C
12:05:48.581745 GPU: 66.7°C
12:05:48.581745 ALT: 6.53
12:05:48.581745 ACC: [-5, 35, 507]
12:05:48.581745 GYR: [3, 2, 5]
12:05:48.581745 ATT: [4.0, 0.5, 336]
12:05:48.581745 VOL: 15.91
12:05:48.688005 CPU: 66.7°C
12:05:48.688005 GPU: 67.2°C
12:05:48.688005 ALT: 6.53
12:05:48.688005 ACC: [-4, 39, 507]
12:05:48.688005 GYR: [-1, 5, 4]
12:05:48.688005 ATT: [4.0, 0.5, 336]
12:05:48.688005 VOL: 15.9
12:05:48.787049 CPU: 67.7°C
12:05:48.787049 GPU: 66.7°C
12:05:48.787049 ALT: 6.53
12:05:48.787049 ACC: [-4, 35, 507]
12:05:48.787049 GYR: [3, 4, 5]
12:05:48.787049 ATT: [4.0, 0.5, 336]
12:05:48.787049 VOL: 15.9
12:05:48.881462 CPU: 67.2°C
12:05:48.881462 GPU: 66.7°C
12:05:48.881462 ALT: 6.53
12:05:48.881462 ACC: [-4, 35, 507]
12:05:48.881462 GYR: [2, 3, 5]
12:05:48.881462 ATT: [4.0, 0.5, 336]
12:05:48.881462 VOL: 15.9
12:05:48.964075 CPU: 67.2°C
12:05:48.964075 GPU: 67.6°C
12:05:48.964075 ALT: 6.53
12:05:48.964075 ACC: [-4, 35, 507]
12:05:48.964075 GYR: [2, 5, 4]
12:05:48.964075 ATT: [4.0, 0.5, 336]
12:05:48.964075 VOL: 15.9
12:05:49.056546 CPU: 66.7°C
12:05:49.056546 GPU: 66.7°C
12:05:49.056546 ALT: 6.53
12:05:49.056546 ACC: [-4, 35, 506]
12:05:49.056546 GYR: [2, 2, 7]
12:05:49.056546 ATT: [4.0, 0.5, 336]
12:05:49.056546 VOL: 15.91
12:05:49.132747 CPU: 66.7°C
12:05:49.132747 GPU: 66.2°C
12:05:49.132747 ALT: 6.53
12:05:49.132747 ACC: [-4, 36, 507]
12:05:49.132747 GYR: [2, 2, 7]
12:05:49.132747 ATT: [4.0, 0.5, 336]
12:05:49.132747 VOL: 15.9
12:05:49.214938 CPU: 66.2°C
12:05:49.214938 GPU: 66.2°C
12:05:49.214938 ALT: 6.53
12:05:49.214938 ACC: [-4, 36, 507]
12:05:49.214938 GYR: [3, 4, 4]
12:05:49.214938 ATT: [4.1, 0.5, 336]
12:05:49.214938 VOL: 15.91
12:05:49.294804 CPU: 67.2°C
12:05:49.294804 GPU: 67.2°C
12:05:49.294804 ALT: 6.53
12:05:49.294804 ACC: [-3, 39, 507]
12:05:49.294804 GYR: [-1, 2, 3]
12:05:49.294804 ATT: [4.1, 0.5, 336]
12:05:49.294804 VOL: 15.91
12:05:49.371867 CPU: 66.2°C
12:05:49.371867 GPU: 67.2°C
12:05:49.371867 ALT: 6.53
12:05:49.371867 ACC: [-4, 35, 507]
12:05:49.371867 GYR: [0, 2, 3]
12:05:49.371867 ATT: [4.1, 0.5, 336]
12:05:49.371867 VOL: 15.91
12:05:49.455137 CPU: 67.2°C
12:05:49.455137 GPU: 67.2°C
12:05:49.455137 ALT: 6.53
12:05:49.455137 ACC: [-4, 35, 507]
12:05:49.455137 GYR: [2, 4, 2]
12:05:49.455137 ATT: [4.1, 0.5, 336]
12:05:49.455137 VOL: 15.91
12:05:49.532783 CPU: 66.2°C
12:05:49.532783 GPU: 66.2°C
12:05:49.532783 ALT: 6.53
12:05:49.532783 ACC: [-4, 35, 507]
12:05:49.532783 GYR: [0, 3, 7]
12:05:49.532783 ATT: [4.1, 0.5, 336]
12:05:49.532783 VOL: 15.91
12:05:49.616182 CPU: 65.2°C
12:05:49.616182 GPU: 66.7°C
12:05:49.616182 ALT: 6.53
12:05:49.616182 ACC: [-5, 40, 509]
12:05:49.616182 GYR: [3, 3, 6]
12:05:49.616182 ATT: [4.1, 0.5, 336]
12:05:49.616182 VOL: 15.9
12:05:49.695489 CPU: 66.7°C
12:05:49.695489 GPU: 66.7°C
12:05:49.695489 ALT: 6.53
12:05:49.695489 ACC: [-5, 35, 507]
12:05:49.695489 GYR: [4, 1, 3]
12:05:49.695489 ATT: [4.1, 0.5, 336]
12:05:49.695489 VOL: 15.9
12:05:49.793384 CPU: 66.2°C
12:05:49.793384 GPU: 66.2°C
12:05:49.793384 ALT: 6.53
12:05:49.793384 ACC: [-5, 35, 507]
12:05:49.793384 GYR: [1, 2, 6]
12:05:49.793384 ATT: [4.1, 0.5, 336]
12:05:49.793384 VOL: 15.9
12:05:49.870896 CPU: 66.2°C
12:05:49.870896 GPU: 67.2°C
12:05:49.870896 ALT: 6.53
12:05:49.870896 ACC: [-4, 35, 507]
12:05:49.870896 GYR: [2, 4, 4]
12:05:49.870896 ATT: [4.1, 0.5, 336]
12:05:49.870896 VOL: 15.91
12:05:49.952495 CPU: 66.7°C
12:05:49.952495 GPU: 66.7°C
12:05:49.952495 ALT: 6.53
12:05:49.952495 ACC: [-4, 36, 507]
12:05:49.952495 GYR: [3, 2, 5]
12:05:49.952495 ATT: [4.1, 0.5, 336]
12:05:49.952495 VOL: 15.9
12:05:50.030435 CPU: 66.7°C
12:05:50.030435 GPU: 65.7°C
12:05:50.030435 ALT: 6.53
12:05:50.030435 ACC: [-4, 35, 507]
12:05:50.030435 GYR: [1, 4, 4]
12:05:50.030435 ATT: [4.1, 0.5, 336]
12:05:50.030435 VOL: 15.9
12:05:50.111940 CPU: 65.7°C
12:05:50.111940 GPU: 65.7°C
12:05:50.111940 ALT: 6.53
12:05:50.111940 ACC: [-4, 36, 507]
12:05:50.111940 GYR: [3, 1, 6]
12:05:50.111940 ATT: [4.1, 0.5, 336]
12:05:50.111940 VOL: 15.9
12:05:50.191040 CPU: 65.7°C
12:05:50.191040 GPU: 65.7°C
12:05:50.191040 ALT: 6.53
12:05:50.191040 ACC: [-4, 36, 507]
12:05:50.191040 GYR: [1, 2, 6]
12:05:50.191040 ATT: [4.1, 0.5, 336]
12:05:50.191040 VOL: 15.9
12:05:50.270753 CPU: 66.7°C
12:05:50.270753 GPU: 66.7°C
12:05:50.270753 ALT: 6.53
12:05:50.270753 ACC: [-4, 35, 507]
12:05:50.270753 GYR: [1, 5, 4]
12:05:50.270753 ATT: [4.1, 0.5, 336]
12:05:50.270753 VOL: 15.9
12:05:50.350765 CPU: 66.2°C
12:05:50.350765 GPU: 66.2°C
12:05:50.350765 ALT: 6.53
12:05:50.350765 ACC: [-5, 35, 507]
12:05:50.350765 GYR: [1, 2, 5]
12:05:50.350765 ATT: [4.1, 0.5, 336]
12:05:50.350765 VOL: 15.9
12:05:50.430212 CPU: 65.7°C
12:05:50.430212 GPU: 65.7°C
12:05:50.430212 ALT: 6.53
12:05:50.430212 ACC: [-4, 35, 507]
12:05:50.430212 GYR: [1, 0, 2]
12:05:50.430212 ATT: [4.0, 0.5, 336]
12:05:50.430212 VOL: 15.9
12:05:50.513521 CPU: 65.7°C
12:05:50.513521 GPU: 66.2°C
12:05:50.513521 ALT: 6.53
12:05:50.513521 ACC: [-4, 35, 507]
12:05:50.513521 GYR: [1, 4, 5]
12:05:50.513521 ATT: [4.0, 0.5, 336]
12:05:50.513521 VOL: 15.9
12:05:50.592355 CPU: 66.7°C
12:05:50.592355 GPU: 66.7°C
12:05:50.592355 ALT: 6.53
12:05:50.592355 ACC: [-4, 35, 507]
12:05:50.592355 GYR: [1, 3, 4]
12:05:50.592355 ATT: [4.0, 0.5, 336]
12:05:50.592355 VOL: 15.9
12:05:50.668827 CPU: 66.7°C
12:05:50.668827 GPU: 65.7°C
12:05:50.668827 ALT: 6.53
12:05:50.668827 ACC: [-4, 36, 506]
12:05:50.668827 GYR: [2, 2, 4]
12:05:50.668827 ATT: [4.0, 0.5, 336]
12:05:50.668827 VOL: 15.9
12:05:50.753258 CPU: 67.2°C
12:05:50.753258 GPU: 67.2°C
12:05:50.753258 ALT: 6.53
12:05:50.753258 ACC: [-4, 36, 507]
12:05:50.753258 GYR: [1, 4, 2]
12:05:50.753258 ATT: [4.0, 0.5, 336]
12:05:50.753258 VOL: 15.9
12:05:50.830864 CPU: 65.2°C
12:05:50.830864 GPU: 65.2°C
12:05:50.830864 ALT: 6.53
12:05:50.830864 ACC: [-4, 35, 507]
12:05:50.830864 GYR: [3, 1, 3]
12:05:50.830864 ATT: [4.0, 0.5, 336]
12:05:50.830864 VOL: 15.9
12:05:50.977377 CPU: 66.2°C
12:05:50.977377 GPU: 65.7°C
12:05:50.977377 ALT: 6.53
12:05:50.977377 ACC: [-4, 35, 508]
12:05:50.977377 GYR: [1, 2, 6]
12:05:50.977377 ATT: [4.0, 0.5, 335]
12:05:50.977377 VOL: 15.9
12:05:51.057518 CPU: 66.2°C
12:05:51.057518 GPU: 66.2°C
12:05:51.057518 ALT: 6.53
12:05:51.057518 ACC: [-4, 35, 507]
12:05:51.057518 GYR: [2, 4, 2]
12:05:51.057518 ATT: [4.0, 0.5, 335]
12:05:51.057518 VOL: 15.9
12:05:51.132903 CPU: 65.7°C
12:05:51.132903 GPU: 66.7°C
12:05:51.132903 ALT: 6.53
12:05:51.132903 ACC: [-4, 35, 507]
12:05:51.132903 GYR: [1, 1, 6]
12:05:51.132903 ATT: [4.0, 0.5, 335]
12:05:51.132903 VOL: 15.9
12:05:51.215110 CPU: 65.2°C
12:05:51.215110 GPU: 66.2°C
12:05:51.215110 ALT: 6.53
12:05:51.215110 ACC: [-5, 31, 507]
12:05:51.215110 GYR: [1, 2, 4]
12:05:51.215110 ATT: [4.0, 0.5, 335]
12:05:51.215110 VOL: 15.9
12:05:51.297925 CPU: 65.7°C
12:05:51.297925 GPU: 65.7°C
12:05:51.297925 ALT: 6.53
12:05:51.297925 ACC: [-4, 36, 507]
12:05:51.297925 GYR: [1, 3, 5]
12:05:51.297925 ATT: [4.0, 0.5, 335]
12:05:51.297925 VOL: 15.9
12:05:51.391116 CPU: 64.8°C
12:05:51.391116 GPU: 64.7°C
12:05:51.391116 ALT: 6.53
12:05:51.391116 ACC: [-4, 35, 506]
12:05:51.391116 GYR: [4, 1, 5]
12:05:51.391116 ATT: [4.0, 0.5, 335]
12:05:51.391116 VOL: 15.9
12:05:51.470278 CPU: 66.2°C
12:05:51.470278 GPU: 66.2°C
12:05:51.470278 ALT: 6.53
12:05:51.470278 ACC: [-4, 35, 507]
12:05:51.470278 GYR: [2, 2, 5]
12:05:51.470278 ATT: [4.0, 0.5, 335]
12:05:51.470278 VOL: 15.9
12:05:51.553587 CPU: 65.2°C
12:05:51.553587 GPU: 65.7°C
12:05:51.553587 ALT: 6.53
12:05:51.553587 ACC: [-4, 35, 505]
12:05:51.553587 GYR: [2, 4, 5]
12:05:51.553587 ATT: [4.0, 0.5, 335]
12:05:51.553587 VOL: 15.9
12:05:51.633779 CPU: 66.7°C
12:05:51.633779 GPU: 66.7°C
12:05:51.633779 ALT: 6.53
12:05:51.633779 ACC: [-4, 35, 507]
12:05:51.633779 GYR: [2, 1, 4]
12:05:51.633779 ATT: [4.0, 0.5, 335]
12:05:51.633779 VOL: 15.9
12:05:51.710939 CPU: 64.8°C
12:05:51.710939 GPU: 64.7°C
12:05:51.710939 ALT: 6.53
12:05:51.710939 ACC: [-5, 35, 507]
12:05:51.710939 GYR: [1, 4, 3]
12:05:51.710939 ATT: [4.0, 0.5, 335]
12:05:51.710939 VOL: 15.9
12:05:51.796572 CPU: 64.8°C
12:05:51.796572 GPU: 66.2°C
12:05:51.796572 ALT: 6.53
12:05:51.796572 ACC: [-4, 36, 506]
12:05:51.796572 GYR: [0, 3, 2]
12:05:51.796572 ATT: [4.0, 0.5, 335]
12:05:51.796572 VOL: 15.9
12:05:51.873799 CPU: 65.2°C
12:05:51.873799 GPU: 65.2°C
12:05:51.873799 ALT: 6.53
12:05:51.873799 ACC: [-4, 35, 506]
12:05:51.873799 GYR: [3, 2, 6]
12:05:51.873799 ATT: [4.0, 0.5, 335]
12:05:51.873799 VOL: 15.9
12:05:51.954162 CPU: 65.2°C
12:05:51.954162 GPU: 65.2°C
12:05:51.954162 ALT: 6.53
12:05:51.954162 ACC: [-4, 35, 507]
12:05:51.954162 GYR: [2, 5, 6]
12:05:51.954162 ATT: [4.0, 0.5, 335]
12:05:51.954162 VOL: 15.91
12:05:52.033410 CPU: 65.7°C
12:05:52.033410 GPU: 65.7°C
12:05:52.033410 ALT: 6.53
12:05:52.033410 ACC: [-4, 35, 507]
12:05:52.033410 GYR: [1, 0, 5]
12:05:52.033410 ATT: [4.0, 0.5, 335]
12:05:52.033410 VOL: 15.91
12:05:52.112797 CPU: 64.8°C
12:05:52.112797 GPU: 64.7°C
12:05:52.112797 ALT: 6.53
12:05:52.112797 ACC: [-4, 35, 507]
12:05:52.112797 GYR: [1, 2, 5]
12:05:52.112797 ATT: [4.0, 0.5, 335]
12:05:52.112797 VOL: 15.91
12:05:52.194320 CPU: 65.7°C
12:05:52.194320 GPU: 65.7°C
12:05:52.194320 ALT: 6.53
12:05:52.194320 ACC: [-4, 35, 507]
12:05:52.194320 GYR: [2, 3, 3]
12:05:52.194320 ATT: [4.0, 0.5, 335]
12:05:52.194320 VOL: 15.91
12:05:52.272762 CPU: 64.8°C
12:05:52.272762 GPU: 64.7°C
12:05:52.272762 ALT: 6.53
12:05:52.272762 ACC: [-5, 35, 507]
12:05:52.272762 GYR: [0, 1, 6]
12:05:52.272762 ATT: [4.0, 0.5, 335]
12:05:52.272762 VOL: 15.91
12:05:52.355393 CPU: 66.2°C
12:05:52.355393 GPU: 66.2°C
12:05:52.355393 ALT: 6.53
12:05:52.355393 ACC: [-4, 35, 508]
12:05:52.355393 GYR: [5, -1, 4]
12:05:52.355393 ATT: [4.0, 0.5, 335]
12:05:52.355393 VOL: 15.91
12:05:52.434558 CPU: 66.2°C
12:05:52.434558 GPU: 64.2°C
12:05:52.434558 ALT: 6.53
12:05:52.434558 ACC: [-4, 32, 506]
12:05:52.434558 GYR: [3, 3, 1]
12:05:52.434558 ATT: [4.0, 0.5, 335]
12:05:52.434558 VOL: 15.9
12:05:52.514544 CPU: 65.7°C
12:05:52.514544 GPU: 65.7°C
12:05:52.514544 ALT: 6.53
12:05:52.514544 ACC: [-4, 35, 506]
12:05:52.514544 GYR: [1, 4, 3]
12:05:52.514544 ATT: [4.0, 0.5, 335]
12:05:52.514544 VOL: 15.9
12:05:52.595856 CPU: 65.7°C
12:05:52.595856 GPU: 65.7°C
12:05:52.595856 ALT: 6.53
12:05:52.595856 ACC: [-4, 35, 507]
12:05:52.595856 GYR: [2, 4, 4]
12:05:52.595856 ATT: [4.0, 0.5, 335]
12:05:52.595856 VOL: 15.91
12:05:52.673717 CPU: 66.7°C
12:05:52.673717 GPU: 66.2°C
12:05:52.673717 ALT: 6.53
12:05:52.673717 ACC: [-4, 35, 507]
12:05:52.673717 GYR: [3, 4, 5]
12:05:52.673717 ATT: [4.0, 0.5, 335]
12:05:52.673717 VOL: 15.91
12:05:52.757458 CPU: 65.2°C
12:05:52.757458 GPU: 65.2°C
12:05:52.757458 ALT: 6.53
12:05:52.757458 ACC: [-4, 35, 508]
12:05:52.757458 GYR: [1, 5, 6]
12:05:52.757458 ATT: [4.0, 0.5, 335]
12:05:52.757458 VOL: 15.9
12:05:52.835855 CPU: 65.7°C
12:05:52.835855 GPU: 65.7°C
12:05:52.835855 ALT: 6.53
12:05:52.835855 ACC: [-4, 35, 507]
12:05:52.835855 GYR: [3, 2, 1]
12:05:52.835855 ATT: [4.0, 0.5, 335]
12:05:52.835855 VOL: 15.9
12:05:52.914628 CPU: 64.3°C
12:05:52.914628 GPU: 65.2°C
12:05:52.914628 ALT: 6.53
12:05:52.914628 ACC: [-4, 35, 507]
12:05:52.914628 GYR: [3, 3, 4]
12:05:52.914628 ATT: [4.0, 0.5, 335]
12:05:52.914628 VOL: 15.91
12:05:52.999103 CPU: 64.8°C
12:05:52.999103 GPU: 64.7°C
12:05:52.999103 ALT: 6.53
12:05:52.999103 ACC: [-5, 31, 507]
12:05:52.999103 GYR: [4, 3, 4]
12:05:52.999103 ATT: [4.0, 0.5, 335]
12:05:52.999103 VOL: 15.91
12:05:53.093166 CPU: 65.2°C
12:05:53.093166 GPU: 64.7°C
12:05:53.093166 ALT: 6.61
12:05:53.093166 ACC: [-4, 35, 507]
12:05:53.093166 GYR: [2, 4, 8]
12:05:53.093166 ATT: [4.0, 0.5, 335]
12:05:53.093166 VOL: 15.91
12:05:53.171564 CPU: 65.2°C
12:05:53.171564 GPU: 65.2°C
12:05:53.171564 ALT: 6.62
12:05:53.171564 ACC: [-4, 35, 506]
12:05:53.171564 GYR: [2, 4, 4]
12:05:53.171564 ATT: [4.0, 0.5, 335]
12:05:53.171564 VOL: 15.91
12:05:53.252788 CPU: 66.2°C
12:05:53.252788 GPU: 66.2°C
12:05:53.252788 ALT: 6.62
12:05:53.252788 ACC: [-4, 36, 507]
12:05:53.252788 GYR: [2, 4, 3]
12:05:53.252788 ATT: [4.0, 0.5, 335]
12:05:53.252788 VOL: 15.9
12:05:53.337477 CPU: 64.8°C
12:05:53.337477 GPU: 64.7°C
12:05:53.337477 ALT: 6.62
12:05:53.337477 ACC: [-4, 34, 507]
12:05:53.337477 GYR: [4, 6, 7]
12:05:53.337477 ATT: [4.0, 0.5, 335]
12:05:53.337477 VOL: 15.9
12:05:53.411474 CPU: 64.8°C
12:05:53.411474 GPU: 64.7°C
12:05:53.411474 ALT: 6.62
12:05:53.411474 ACC: [-4, 35, 507]
12:05:53.411474 GYR: [0, 3, 4]
12:05:53.411474 ATT: [4.0, 0.5, 335]
12:05:53.411474 VOL: 15.9
12:05:53.495015 CPU: 64.3°C
12:05:53.495015 GPU: 64.7°C
12:05:53.495015 ALT: 6.62
12:05:53.495015 ACC: [-4, 35, 506]
12:05:53.495015 GYR: [1, 4, 6]
12:05:53.495015 ATT: [4.0, 0.5, 335]
12:05:53.495015 VOL: 15.9
12:05:53.571771 CPU: 65.2°C
12:05:53.571771 GPU: 65.2°C
12:05:53.571771 ALT: 6.62
12:05:53.571771 ACC: [-4, 35, 506]
12:05:53.571771 GYR: [0, 3, 5]
12:05:53.571771 ATT: [4.0, 0.5, 335]
12:05:53.571771 VOL: 15.9
12:05:53.654346 CPU: 66.2°C
12:05:53.654346 GPU: 66.2°C
12:05:53.654346 ALT: 6.62
12:05:53.654346 ACC: [-4, 35, 507]
12:05:53.654346 GYR: [1, 2, 4]
12:05:53.654346 ATT: [4.0, 0.5, 335]
12:05:53.654346 VOL: 15.9
12:05:53.734248 CPU: 64.8°C
12:05:53.734248 GPU: 65.2°C
12:05:53.734248 ALT: 6.62
12:05:53.734248 ACC: [-4, 35, 507]
12:05:53.734248 GYR: [1, 4, 5]
12:05:53.734248 ATT: [4.0, 0.5, 335]
12:05:53.734248 VOL: 15.9
12:05:53.811291 CPU: 65.2°C
12:05:53.811291 GPU: 66.7°C
12:05:53.811291 ALT: 6.62
12:05:53.811291 ACC: [-4, 35, 507]
12:05:53.811291 GYR: [1, 6, 1]
12:05:53.811291 ATT: [4.0, 0.5, 335]
12:05:53.811291 VOL: 15.9
12:05:53.897454 CPU: 65.2°C
12:05:53.897454 GPU: 65.2°C
12:05:53.897454 ALT: 6.62
12:05:53.897454 ACC: [-4, 34, 507]
12:05:53.897454 GYR: [1, 3, 3]
12:05:53.897454 ATT: [4.0, 0.5, 335]
12:05:53.897454 VOL: 15.9
12:05:53.972930 CPU: 66.2°C
12:05:53.972930 GPU: 66.2°C
12:05:53.972930 ALT: 6.62
12:05:53.972930 ACC: [-4, 35, 507]
12:05:53.972930 GYR: [3, 2, 5]
12:05:53.972930 ATT: [4.0, 0.5, 335]
12:05:53.972930 VOL: 15.9
12:05:54.071044 CPU: 64.8°C
12:05:54.071044 GPU: 64.7°C
12:05:54.071044 ALT: 6.62
12:05:54.071044 ACC: [-4, 35, 508]
12:05:54.071044 GYR: [-2, 2, 5]
12:05:54.071044 ATT: [4.0, 0.5, 335]
12:05:54.071044 VOL: 15.9
12:05:54.150029 CPU: 64.3°C
12:05:54.150029 GPU: 65.2°C
12:05:54.150029 ALT: 6.62
12:05:54.150029 ACC: [-5, 40, 506]
12:05:54.150029 GYR: [2, 5, 4]
12:05:54.150029 ATT: [4.0, 0.5, 335]
12:05:54.150029 VOL: 15.9
12:05:54.231845 CPU: 65.2°C
12:05:54.231845 GPU: 65.2°C
12:05:54.231845 ALT: 6.62
12:05:54.231845 ACC: [-4, 35, 507]
12:05:54.231845 GYR: [0, 4, 4]
12:05:54.231845 ATT: [4.0, 0.5, 335]
12:05:54.231845 VOL: 15.9
12:05:54.311590 CPU: 65.2°C
12:05:54.311590 GPU: 65.7°C
12:05:54.311590 ALT: 6.62
12:05:54.311590 ACC: [-4, 35, 507]
12:05:54.311590 GYR: [3, 4, 4]
12:05:54.311590 ATT: [4.0, 0.5, 335]
12:05:54.311590 VOL: 15.9
12:05:54.392335 CPU: 64.8°C
12:05:54.392335 GPU: 64.2°C
12:05:54.392335 ALT: 6.62
12:05:54.392335 ACC: [-4, 35, 507]
12:05:54.392335 GYR: [4, 4, 5]
12:05:54.392335 ATT: [4.0, 0.5, 335]
12:05:54.392335 VOL: 15.9
12:05:54.475039 CPU: 64.8°C
12:05:54.475039 GPU: 64.7°C
12:05:54.475039 ALT: 6.62
12:05:54.475039 ACC: [-4, 38, 508]
12:05:54.475039 GYR: [0, 4, 6]
12:05:54.475039 ATT: [4.1, 0.5, 334]
12:05:54.475039 VOL: 15.9
12:05:54.550884 CPU: 65.7°C
12:05:54.550884 GPU: 64.7°C
12:05:54.550884 ALT: 6.62
12:05:54.550884 ACC: [-4, 35, 507]
12:05:54.550884 GYR: [0, 3, 5]
12:05:54.550884 ATT: [4.1, 0.5, 334]
12:05:54.550884 VOL: 15.9
12:05:54.633056 CPU: 64.3°C
12:05:54.633056 GPU: 64.2°C
12:05:54.633056 ALT: 6.62
12:05:54.633056 ACC: [-4, 35, 507]
12:05:54.633056 GYR: [1, 0, 4]
12:05:54.633056 ATT: [4.0, 0.5, 334]
12:05:54.633056 VOL: 15.9
12:05:54.710792 CPU: 64.3°C
12:05:54.710792 GPU: 64.2°C
12:05:54.710792 ALT: 6.62
12:05:54.710792 ACC: [-4, 36, 507]
12:05:54.710792 GYR: [0, 3, 5]
12:05:54.710792 ATT: [4.0, 0.5, 334]
12:05:54.710792 VOL: 15.9
12:05:54.794356 CPU: 64.8°C
12:05:54.794356 GPU: 65.2°C
12:05:54.794356 ALT: 6.62
12:05:54.794356 ACC: [-4, 35, 507]
12:05:54.794356 GYR: [1, 2, 5]
12:05:54.794356 ATT: [4.1, 0.5, 334]
12:05:54.794356 VOL: 15.9
12:05:54.874581 CPU: 64.8°C
12:05:54.874581 GPU: 64.7°C
12:05:54.874581 ALT: 6.62
12:05:54.874581 ACC: [-4, 35, 507]
12:05:54.874581 GYR: [1, 1, 5]
12:05:54.874581 ATT: [4.1, 0.5, 334]
12:05:54.874581 VOL: 15.9
12:05:54.953735 CPU: 64.8°C
12:05:54.953735 GPU: 64.7°C
12:05:54.953735 ALT: 6.62
12:05:54.953735 ACC: [-4, 35, 507]
12:05:54.953735 GYR: [2, 2, 2]
12:05:54.953735 ATT: [4.1, 0.5, 334]
12:05:54.953735 VOL: 15.9
12:05:55.037438 CPU: 64.8°C
12:05:55.037438 GPU: 65.2°C
12:05:55.037438 ALT: 6.62
12:05:55.037438 ACC: [-4, 35, 507]
12:05:55.037438 GYR: [2, 1, 5]
12:05:55.037438 ATT: [4.1, 0.5, 334]
12:05:55.037438 VOL: 15.9
12:05:55.112612 CPU: 64.8°C
12:05:55.112612 GPU: 64.7°C
12:05:55.112612 ALT: 6.62
12:05:55.112612 ACC: [-4, 35, 506]
12:05:55.112612 GYR: [1, 1, 6]
12:05:55.112612 ATT: [4.1, 0.5, 334]
12:05:55.112612 VOL: 15.9
12:05:55.195203 CPU: 65.2°C
12:05:55.195203 GPU: 65.2°C
12:05:55.195203 ALT: 6.62
12:05:55.195203 ACC: [-5, 35, 507]
12:05:55.195203 GYR: [2, 4, 3]
12:05:55.195203 ATT: [4.1, 0.5, 334]
12:05:55.195203 VOL: 15.9
12:05:55.275715 CPU: 64.3°C
12:05:55.275715 GPU: 64.2°C
12:05:55.275715 ALT: 6.62
12:05:55.275715 ACC: [-4, 35, 506]
12:05:55.275715 GYR: [0, 4, 4]
12:05:55.275715 ATT: [4.1, 0.5, 334]
12:05:55.275715 VOL: 15.9
12:05:55.352485 CPU: 64.8°C
12:05:55.352485 GPU: 64.7°C
12:05:55.352485 ALT: 6.62
12:05:55.352485 ACC: [-3, 33, 506]
12:05:55.352485 GYR: [1, 5, 5]
12:05:55.352485 ATT: [4.0, 0.5, 334]
12:05:55.352485 VOL: 15.9
12:05:55.438865 CPU: 64.8°C
12:05:55.438865 GPU: 64.2°C
12:05:55.438865 ALT: 6.62
12:05:55.438865 ACC: [-3, 34, 507]
12:05:55.438865 GYR: [-2, 3, 3]
12:05:55.438865 ATT: [4.0, 0.5, 334]
12:05:55.438865 VOL: 15.9
12:05:55.516882 CPU: 65.2°C
12:05:55.516882 GPU: 65.2°C
12:05:55.516882 ALT: 6.62
12:05:55.516882 ACC: [-3, 34, 507]
12:05:55.516882 GYR: [3, 4, 5]
12:05:55.516882 ATT: [4.0, 0.5, 334]
12:05:55.516882 VOL: 15.9
12:05:55.595282 CPU: 64.8°C
12:05:55.595282 GPU: 64.7°C
12:05:55.595282 ALT: 6.62
12:05:55.595282 ACC: [-3, 34, 507]
12:05:55.595282 GYR: [4, 4, 4]
12:05:55.595282 ATT: [4.0, 0.5, 334]
12:05:55.595282 VOL: 15.9
12:05:55.678528 CPU: 64.8°C
12:05:55.678528 GPU: 65.2°C
12:05:55.678528 ALT: 6.62
12:05:55.678528 ACC: [-3, 34, 507]
12:05:55.678528 GYR: [2, 4, 6]
12:05:55.678528 ATT: [3.9, 0.5, 334]
12:05:55.678528 VOL: 15.91
12:05:55.752557 CPU: 65.2°C
12:05:55.752557 GPU: 65.2°C
12:05:55.752557 ALT: 6.62
12:05:55.752557 ACC: [-3, 34, 507]
12:05:55.752557 GYR: [-1, 1, 5]
12:05:55.752557 ATT: [3.9, 0.5, 334]
12:05:55.752557 VOL: 15.9
12:05:55.837218 CPU: 64.8°C
12:05:55.837218 GPU: 64.7°C
12:05:55.837218 ALT: 6.62
12:05:55.837218 ACC: [-3, 34, 507]
12:05:55.837218 GYR: [-2, 2, 5]
12:05:55.837218 ATT: [3.9, 0.5, 334]
12:05:55.837218 VOL: 15.91
12:05:55.914164 CPU: 65.7°C
12:05:55.914164 GPU: 66.2°C
12:05:55.914164 ALT: 6.62
12:05:55.914164 ACC: [-3, 34, 507]
12:05:55.914164 GYR: [6, 5, 4]
12:05:55.914164 ATT: [3.9, 0.4, 334]
12:05:55.914164 VOL: 15.91
12:05:55.999161 CPU: 65.2°C
12:05:55.999161 GPU: 65.2°C
12:05:55.999161 ALT: 6.62
12:05:55.999161 ACC: [-3, 34, 507]
12:05:55.999161 GYR: [0, 3, 2]
12:05:55.999161 ATT: [3.9, 0.4, 334]
12:05:55.999161 VOL: 15.91
12:05:56.077366 CPU: 64.8°C
12:05:56.077366 GPU: 65.2°C
12:05:56.077366 ALT: 6.62
12:05:56.077366 ACC: [-3, 34, 507]
12:05:56.077366 GYR: [0, 2, 2]
12:05:56.077366 ATT: [3.9, 0.4, 334]
12:05:56.077366 VOL: 15.91
12:05:56.154901 CPU: 64.8°C
12:05:56.154901 GPU: 64.2°C
12:05:56.154901 ALT: 6.62
12:05:56.154901 ACC: [-3, 34, 507]
12:05:56.154901 GYR: [0, 0, 3]
12:05:56.154901 ATT: [3.9, 0.4, 334]
12:05:56.154901 VOL: 15.91
12:05:56.237577 CPU: 64.3°C
12:05:56.237577 GPU: 64.2°C
12:05:56.237577 ALT: 6.62
12:05:56.237577 ACC: [-3, 35, 507]
12:05:56.237577 GYR: [1, 1, 5]
12:05:56.237577 ATT: [3.9, 0.4, 334]
12:05:56.237577 VOL: 15.89
12:05:56.315909 CPU: 64.3°C
12:05:56.315909 GPU: 65.7°C
12:05:56.315909 ALT: 6.62
12:05:56.315909 ACC: [-3, 35, 507]
12:05:56.315909 GYR: [0, 0, 2]
12:05:56.315909 ATT: [3.9, 0.4, 334]
12:05:56.315909 VOL: 15.89
12:05:56.397112 CPU: 64.8°C
12:05:56.397112 GPU: 65.2°C
12:05:56.397112 ALT: 6.62
12:05:56.397112 ACC: [-3, 35, 508]
12:05:56.397112 GYR: [0, 5, 2]
12:05:56.397112 ATT: [3.9, 0.4, 334]
12:05:56.397112 VOL: 15.89
12:05:56.478228 CPU: 64.8°C
12:05:56.478228 GPU: 64.7°C
12:05:56.478228 ALT: 6.62
12:05:56.478228 ACC: [-3, 35, 507]
12:05:56.478228 GYR: [3, 0, 3]
12:05:56.478228 ATT: [3.9, 0.4, 334]
12:05:56.478228 VOL: 15.89
12:05:56.555249 CPU: 64.3°C
12:05:56.555249 GPU: 64.2°C
12:05:56.555249 ALT: 6.62
12:05:56.555249 ACC: [-3, 34, 508]
12:05:56.555249 GYR: [1, 4, 4]
12:05:56.555249 ATT: [3.9, 0.4, 334]
12:05:56.555249 VOL: 15.89
12:05:56.652192 CPU: 64.8°C
12:05:56.652192 GPU: 64.7°C
12:05:56.652192 ALT: 6.69
12:05:56.652192 ACC: [-3, 34, 508]
12:05:56.652192 GYR: [1, 3, 5]
12:05:56.652192 ATT: [3.9, 0.4, 334]
12:05:56.652192 VOL: 15.89
12:05:56.733530 CPU: 65.2°C
12:05:56.733530 GPU: 65.2°C
12:05:56.733530 ALT: 6.7
12:05:56.733530 ACC: [-3, 35, 507]
12:05:56.733530 GYR: [2, 1, 5]
12:05:56.733530 ATT: [3.9, 0.4, 334]
12:05:56.733530 VOL: 15.9
12:05:56.814631 CPU: 66.2°C
12:05:56.814631 GPU: 66.2°C
12:05:56.814631 ALT: 6.7
12:05:56.814631 ACC: [-3, 35, 507]
12:05:56.814631 GYR: [0, 4, 2]
12:05:56.814631 ATT: [3.9, 0.4, 334]
12:05:56.814631 VOL: 15.9
12:05:56.892580 CPU: 64.8°C
12:05:56.892580 GPU: 64.7°C
12:05:56.892580 ALT: 6.7
12:05:56.892580 ACC: [-3, 35, 508]
12:05:56.892580 GYR: [2, 3, 5]
12:05:56.892580 ATT: [3.9, 0.4, 334]
12:05:56.892580 VOL: 15.9
12:05:56.974796 CPU: 66.2°C
12:05:56.974796 GPU: 64.7°C
12:05:56.974796 ALT: 6.7
12:05:56.974796 ACC: [-3, 34, 507]
12:05:56.974796 GYR: [1, 2, 2]
12:05:56.974796 ATT: [3.9, 0.4, 334]
12:05:56.974796 VOL: 15.9
12:05:57.052813 CPU: 65.7°C
12:05:57.052813 GPU: 65.7°C
12:05:57.052813 ALT: 6.7
12:05:57.052813 ACC: [-3, 34, 508]
12:05:57.052813 GYR: [2, 1, 7]
