Waiting for MSP_API_VERSION reply...
Waiting for MSP_FC_VARIANT reply...
{'apiVersion': '1.44.0', 'flightControllerIdentifier': 'BTFL', 'flightControllerVersion': '4.3.2', 'version': 0, 'buildInfo': 'Apr  7 2023 03:15:27', 'multiType': 0, 'msp_version': 0, 'capability': 0, 'cycleTime': 314, 'i2cError': 0, 'activeSensors': 35, 'mode': 2, 'profile': 0, 'uid': [3473443, 858998536, 959590705], 'accelerometerTrims': [0, 0], 'name': '', 'displayName': 'BOARD MODULE', 'numProfiles': 3, 'rateProfile': 0, 'boardType': 2, 'armingDisableCount': 26, 'armingDisableFlags': 4, 'armingDisabled': False, 'runawayTakeoffPreventionDisabled': False, 'boardIdentifier': 'SBF4', 'boardVersion': 0, 'commCapabilities': 3, 'targetName': 'SPEEDYBEEF405V3', 'boardName': 'SPEEDYBEEF405V3', 'manufacturerId': '', 'signature': [0, 0, 0, 0, 0, 0, 0, 0, 0, 0, 0, 0, 0, 0, 0, 0, 0, 0, 0, 0, 0, 0, 0, 0, 0, 0, 0, 0, 0, 0, 0, 0], 'cpuload': 39, 'mcuTypeId': 3, 'mspProtocolVersion': 0, 'flightModeFlags': []}
13:38:13.911703 ALT: 0.86
13:38:13.912286 ACC: [8, 15, 512]
13:38:13.943384 ALT: 0.86
13:38:13.943626 ACC: [8, 15, 513]
13:38:13.975481 ALT: 0.92
13:38:13.975740 ACC: [8, 15, 512]
13:38:14.007396 ALT: 0.93
13:38:14.007670 ACC: [8, 15, 512]
13:38:14.039436 ALT: 0.94
13:38:14.039763 ACC: [8, 15, 513]
13:38:14.071338 ALT: 0.94
13:38:14.071529 ACC: [8, 15, 513]
13:38:14.103519 ALT: 0.94
13:38:14.103774 ACC: [8, 14, 512]
13:38:14.135495 ALT: 0.94
13:38:14.135832 ACC: [8, 14, 513]
Easycap format used: ImageFormat(type=<BufType.VIDEO_CAPTURE: 1>, description='YUYV 4:2:2', flags=<ImageFormatFlag.0: 0>, pixel_format=<PixelFormat.YUYV: 1448695129>)
13:38:14.173817 ALT: 0.91
13:38:14.174135 ACC: [8, 14, 512]
13:38:14.199457 ALT: 0.88
13:38:14.199765 ACC: [8, 14, 512]
13:38:14.231397 ALT: 0.88
13:38:14.231635 ACC: [8, 14, 512]
13:38:14.263453 ALT: 0.88
13:38:14.263727 ACC: [8, 14, 512]
13:38:14.295599 ALT: 0.88
13:38:14.295947 ACC: [8, 14, 512]
13:38:14.327667 ALT: 0.88
13:38:14.327971 ACC: [8, 15, 512]
13:38:14.359508 ALT: 0.88
13:38:14.359806 ACC: [8, 14, 512]
13:38:14.391584 ALT: 0.88
13:38:14.391897 ACC: [8, 15, 512]
Initialize navigation params:
Delay=0.03, Kp=40.0, Ki=0.0, Kd=40.0
Starting Main workflow
13:38:14.426027 ALT: 0.88
13:38:14.426587 ACC: [8, 15, 512]
13:38:14.455691 ALT: 0.88
13:38:14.455994 ACC: [8, 15, 513]
13:38:14.487538 ALT: 0.88
13:38:14.487806 ACC: [8, 14, 512]
13:38:14.519489 ALT: 0.88
13:38:14.519698 ACC: [8, 14, 513]
13:38:14.551504 ALT: 0.91
13:38:14.551746 ACC: [8, 15, 512]
13:38:14.583533 ALT: 0.93
13:38:14.583764 ACC: [8, 15, 512]
13:38:14.615542 ALT: 0.94
13:38:14.615776 ACC: [8, 15, 512]
13:38:14.647503 ALT: 0.94
13:38:14.647710 ACC: [8, 15, 513]
13:38:14.679547 ALT: 0.94
13:38:14.679762 ACC: [8, 15, 512]
13:38:14.711962 ALT: 0.91
13:38:14.712359 ACC: [8, 15, 513]
13:38:14.743869 ALT: 0.89
13:38:14.744324 ACC: [9, 15, 513]
13:38:14.785785 ALT: 0.88
13:38:14.787498 ACC: [8, 15, 513]
13:38:14.817301 ALT: 0.88
13:38:14.817524 ACC: [8, 15, 512]
13:38:14.840095 ALT: 0.88
13:38:14.840335 ACC: [8, 15, 512]
13:38:14.880883 ALT: 0.88
13:38:14.881166 ACC: [8, 15, 512]
13:38:14.910013 ALT: 0.88
13:38:14.910520 ACC: [8, 15, 513]
13:38:14.935742 ALT: 0.88
13:38:14.935996 ACC: [8, 15, 512]
13:38:14.967564 ALT: 0.91
13:38:14.967789 ACC: [8, 14, 512]
13:38:14.999550 ALT: 0.93
13:38:14.999839 ACC: [8, 14, 512]
13:38:15.035718 ALT: 0.94
13:38:15.036171 ACC: [8, 15, 513]
13:38:15.063672 ALT: 0.94
13:38:15.063898 ACC: [8, 14, 513]
13:38:15.095566 ALT: 0.94
13:38:15.095880 ACC: [8, 14, 512]
13:38:15.127631 ALT: 0.89
13:38:15.127863 ACC: [8, 15, 512]
13:38:15.159822 ALT: 0.88
13:38:15.160412 ACC: [8, 15, 512]
13:38:15.191897 ALT: 0.88
13:38:15.192206 ACC: [8, 15, 512]
13:38:15.223791 ALT: 0.88
13:38:15.224161 ACC: [8, 14, 513]
13:38:15.255719 ALT: 0.88
13:38:15.255955 ACC: [8, 14, 512]
13:38:15.287900 ALT: 0.88
13:38:15.288215 ACC: [8, 15, 512]
13:38:15.319743 ALT: 0.88
13:38:15.320082 ACC: [8, 15, 512]
13:38:15.351810 ALT: 0.88
13:38:15.352152 ACC: [8, 15, 512]
13:38:15.384056 ALT: 0.88
13:38:15.384383 ACC: [8, 15, 512]
13:38:15.415888 ALT: 0.88
13:38:15.416264 ACC: [8, 15, 512]
13:38:15.449407 ALT: 0.88
13:38:15.449961 ACC: [8, 15, 513]
13:38:15.495711 ALT: 0.88
13:38:15.495971 ACC: [8, 15, 512]
13:38:15.527769 ALT: 0.88
13:38:15.528020 ACC: [8, 15, 513]
13:38:15.559704 ALT: 0.88
13:38:15.559941 ACC: [8, 15, 513]
13:38:15.591728 ALT: 0.88
13:38:15.591949 ACC: [8, 14, 512]
13:38:15.623662 ALT: 0.91
13:38:15.623889 ACC: [8, 14, 512]
13:38:15.655797 ALT: 0.93
13:38:15.656053 ACC: [8, 15, 513]
13:38:15.687662 ALT: 0.94
13:38:15.688015 ACC: [8, 15, 512]
13:38:15.719712 ALT: 0.94
13:38:15.719986 ACC: [8, 15, 512]
13:38:15.751841 ALT: 0.94
13:38:15.752190 ACC: [8, 14, 513]
13:38:15.783814 ALT: 0.89
13:38:15.784086 ACC: [8, 15, 513]
13:38:15.815731 ALT: 0.91
13:38:15.815998 ACC: [8, 14, 512]
13:38:15.847826 ALT: 0.93
13:38:15.848106 ACC: [8, 14, 512]
13:38:15.879838 ALT: 0.94
13:38:15.880143 ACC: [8, 14, 512]
13:38:15.912596 ALT: 0.94
13:38:15.913709 ACC: [8, 14, 512]
13:38:15.948426 ALT: 0.94
13:38:15.949133 ACC: [8, 15, 512]
13:38:15.984174 ALT: 0.94
13:38:15.984819 ACC: [8, 15, 513]
13:38:16.008506 ALT: 0.94
13:38:16.008909 ACC: [8, 15, 513]
13:38:16.040050 ALT: 0.94
13:38:16.040562 ACC: [8, 15, 513]
13:38:16.072121 ALT: 0.91
13:38:16.072569 ACC: [8, 15, 513]
13:38:16.104035 ALT: 0.89
13:38:16.104334 ACC: [8, 15, 513]
13:38:16.135751 ALT: 0.88
13:38:16.136003 ACC: [8, 15, 513]
13:38:16.167748 ALT: 0.91
13:38:16.167995 ACC: [8, 15, 513]
13:38:16.199748 ALT: 0.93
13:38:16.199958 ACC: [8, 15, 512]
13:38:16.231828 ALT: 0.94
13:38:16.232117 ACC: [8, 15, 512]
13:38:16.263950 ALT: 0.94
13:38:16.264425 ACC: [9, 14, 512]
13:38:16.295843 ALT: 0.94
13:38:16.296075 ACC: [8, 15, 512]
13:38:16.328466 ALT: 0.91
13:38:16.328824 ACC: [8, 14, 512]
13:38:16.363963 ALT: 0.89
13:38:16.364238 ACC: [8, 14, 512]
13:38:16.391849 ALT: 0.93
13:38:16.392137 ACC: [8, 15, 512]
13:38:16.425645 ALT: 0.91
13:38:16.425890 ACC: [8, 15, 512]
13:38:16.456955 ALT: 0.89
13:38:16.457286 ACC: [8, 15, 513]
13:38:16.487819 ALT: 0.88
13:38:16.488056 ACC: [8, 15, 512]
13:38:16.519815 ALT: 0.88
13:38:16.520062 ACC: [8, 15, 513]
13:38:16.551854 ALT: 0.88
13:38:16.552091 ACC: [8, 15, 512]
13:38:16.585124 ALT: 0.93
13:38:16.585366 ACC: [8, 14, 512]
13:38:16.615861 ALT: 0.94
13:38:16.616092 ACC: [8, 14, 512]
13:38:16.648305 ALT: 0.94
13:38:16.648567 ACC: [8, 15, 512]
13:38:16.684801 ALT: 0.94
13:38:16.685055 ACC: [8, 15, 513]
13:38:16.715492 ALT: 0.91
13:38:16.715877 ACC: [8, 15, 512]
13:38:16.744104 ALT: 0.89
13:38:16.744694 ACC: [8, 15, 512]
13:38:16.780410 ALT: 0.88
13:38:16.780672 ACC: [8, 14, 512]
13:38:16.808249 ALT: 0.88
13:38:16.808525 ACC: [9, 15, 512]
13:38:16.840417 ALT: 0.88
13:38:16.840692 ACC: [8, 15, 512]
13:38:16.872092 ALT: 0.91
13:38:16.872423 ACC: [8, 15, 512]
13:38:16.903783 ALT: 0.93
13:38:16.904001 ACC: [8, 15, 513]
13:38:16.935896 ALT: 0.94
13:38:16.936137 ACC: [8, 15, 512]
13:38:16.967901 ALT: 0.94
13:38:16.968153 ACC: [8, 14, 512]
13:38:16.999848 ALT: 0.94
13:38:17.000086 ACC: [8, 15, 512]
13:38:17.031889 ALT: 0.94
13:38:17.032126 ACC: [8, 15, 512]
13:38:17.063985 ALT: 0.94
13:38:17.064211 ACC: [8, 14, 512]
13:38:17.096771 ALT: 0.94
13:38:17.097125 ACC: [8, 14, 512]
13:38:17.128115 ALT: 0.94
13:38:17.128386 ACC: [8, 15, 512]
13:38:17.159932 ALT: 0.94
13:38:17.160175 ACC: [8, 15, 512]
13:38:17.191887 ALT: 0.94
13:38:17.192115 ACC: [8, 15, 512]
13:38:17.224404 ALT: 0.94
13:38:17.224614 ACC: [8, 15, 512]
13:38:17.256058 ALT: 0.94
13:38:17.256594 ACC: [8, 15, 512]
13:38:17.287889 ALT: 0.89
13:38:17.288117 ACC: [8, 15, 512]
13:38:17.335865 ALT: 0.91
13:38:17.336070 ACC: [8, 14, 512]
13:38:17.367858 ALT: 0.93
13:38:17.368086 ACC: [8, 15, 512]
13:38:17.399964 ALT: 0.89
13:38:17.400230 ACC: [8, 15, 512]
13:38:17.432013 ALT: 0.91
13:38:17.432236 ACC: [8, 15, 512]
13:38:17.463977 ALT: 0.93
13:38:17.464223 ACC: [8, 15, 512]
13:38:17.497017 ALT: 0.89
13:38:17.497398 ACC: [8, 15, 512]
13:38:17.544186 ALT: 0.88
13:38:17.544474 ACC: [9, 15, 512]
13:38:17.577513 ALT: 0.88
13:38:17.577981 ACC: [8, 15, 512]
13:38:17.608682 ALT: 0.88
13:38:17.609055 ACC: [8, 15, 512]
13:38:17.643035 ALT: 0.93
13:38:17.643287 ACC: [8, 15, 512]
13:38:17.672195 ALT: 0.94
13:38:17.672444 ACC: [8, 15, 512]
13:38:17.703922 ALT: 0.94
13:38:17.704170 ACC: [8, 15, 512]
13:38:17.737444 ALT: 0.94
13:38:17.737694 ACC: [8, 15, 512]
13:38:17.768024 ALT: 0.94
13:38:17.768260 ACC: [8, 14, 513]
13:38:17.799956 ALT: 0.94
13:38:17.800189 ACC: [8, 14, 512]
13:38:17.832003 ALT: 0.94
13:38:17.832297 ACC: [8, 14, 512]
13:38:17.864133 ALT: 0.94
13:38:17.864360 ACC: [8, 14, 512]
13:38:17.896234 ALT: 0.94
13:38:17.896471 ACC: [8, 15, 512]
13:38:17.930078 ALT: 0.94
13:38:17.930305 ACC: [8, 14, 512]
13:38:17.960287 ALT: 0.94
13:38:17.960525 ACC: [8, 15, 512]
13:38:17.992006 ALT: 0.94
13:38:17.992238 ACC: [8, 15, 512]
13:38:18.024161 ALT: 0.91
13:38:18.024401 ACC: [8, 15, 512]
13:38:18.056046 ALT: 0.89
13:38:18.056281 ACC: [8, 14, 512]
13:38:18.089106 ALT: 0.88
13:38:18.089321 ACC: [8, 14, 513]
13:38:18.120008 ALT: 0.88
13:38:18.120239 ACC: [8, 14, 512]
13:38:18.152081 ALT: 0.88
13:38:18.152315 ACC: [8, 14, 512]
13:38:18.187283 ALT: 0.88
13:38:18.187526 ACC: [8, 14, 512]
13:38:18.216168 ALT: 0.88
13:38:18.216445 ACC: [8, 14, 512]
13:38:18.248212 ALT: 0.93
13:38:18.248449 ACC: [8, 14, 513]
13:38:18.281354 ALT: 0.94
13:38:18.281589 ACC: [8, 14, 512]
13:38:18.312404 ALT: 0.94
13:38:18.312794 ACC: [8, 14, 513]
13:38:18.344759 ALT: 0.94
13:38:18.345212 ACC: [8, 15, 513]
13:38:18.376089 ALT: 0.91
13:38:18.376338 ACC: [8, 14, 512]
13:38:18.408768 ALT: 0.89
13:38:18.409022 ACC: [8, 15, 512]
13:38:18.440051 ALT: 0.88
13:38:18.440351 ACC: [8, 15, 512]
13:38:18.472092 ALT: 0.88
13:38:18.472354 ACC: [8, 15, 512]
13:38:18.520085 ALT: 0.88
13:38:18.520334 ACC: [8, 14, 512]
13:38:18.568315 ALT: 0.88
13:38:18.568600 ACC: [8, 15, 513]
13:38:18.603767 ALT: 0.88
13:38:18.604026 ACC: [8, 15, 513]
13:38:18.632104 ALT: 0.91
13:38:18.632349 ACC: [8, 15, 512]
13:38:18.665298 ALT: 0.93
13:38:18.665599 ACC: [8, 15, 512]
13:38:18.696888 ALT: 0.94
13:38:18.697254 ACC: [8, 15, 513]
13:38:18.729207 ALT: 0.94
13:38:18.729431 ACC: [8, 15, 513]
13:38:18.760032 ALT: 0.94
13:38:18.760248 ACC: [8, 14, 512]
13:38:18.792156 ALT: 0.94
13:38:18.792431 ACC: [8, 15, 513]
13:38:18.824253 ALT: 0.94
13:38:18.824528 ACC: [9, 15, 513]
13:38:18.856201 ALT: 0.94
13:38:18.856763 ACC: [8, 15, 512]
13:38:18.888167 ALT: 0.91
13:38:18.888473 ACC: [8, 15, 513]
13:38:18.920235 ALT: 0.89
13:38:18.920562 ACC: [8, 15, 512]
13:38:18.952621 ALT: 0.88
13:38:18.952992 ACC: [8, 15, 513]
13:38:18.985485 ALT: 0.88
13:38:18.985710 ACC: [8, 15, 512]
13:38:19.016102 ALT: 0.88
13:38:19.016399 ACC: [8, 15, 512]
13:38:19.048189 ALT: 0.88
13:38:19.048434 ACC: [8, 15, 512]
13:38:19.084053 ALT: 0.88
13:38:19.084362 ACC: [8, 14, 512]
13:38:19.112891 ALT: 0.88
13:38:19.113116 ACC: [8, 15, 512]
13:38:19.144320 ALT: 0.91
13:38:19.144583 ACC: [8, 14, 513]
13:38:19.176215 ALT: 0.93
13:38:19.176467 ACC: [8, 14, 512]
13:38:19.224154 ALT: 0.94
13:38:19.224376 ACC: [8, 14, 512]
13:38:19.256349 ALT: 0.94
13:38:19.256555 ACC: [8, 15, 512]
13:38:19.288145 ALT: 0.91
13:38:19.288360 ACC: [8, 15, 512]
13:38:19.320182 ALT: 0.89
13:38:19.320388 ACC: [8, 14, 513]
13:38:19.352157 ALT: 0.88
13:38:19.352364 ACC: [8, 15, 512]
13:38:19.384318 ALT: 0.88
13:38:19.384904 ACC: [7, 15, 512]
13:38:19.417084 ALT: 0.88
13:38:19.417665 ACC: [8, 15, 512]
13:38:19.448274 ALT: 0.91
13:38:19.448507 ACC: [9, 14, 512]
13:38:19.480218 ALT: 0.93
13:38:19.480549 ACC: [8, 15, 512]
13:38:19.512169 ALT: 0.94
13:38:19.512365 ACC: [8, 14, 513]
13:38:19.544164 ALT: 0.94
13:38:19.544369 ACC: [8, 14, 512]
13:38:19.576622 ALT: 0.94
13:38:19.576953 ACC: [8, 15, 513]
13:38:19.608261 ALT: 0.94
13:38:19.608562 ACC: [8, 15, 512]
13:38:19.640181 ALT: 0.94
13:38:19.640421 ACC: [8, 14, 513]
13:38:19.672159 ALT: 0.94
13:38:19.672371 ACC: [8, 15, 512]
13:38:19.704185 ALT: 0.94
13:38:19.704396 ACC: [8, 15, 512]
13:38:19.736202 ALT: 0.94
13:38:19.736417 ACC: [8, 14, 512]
13:38:19.768208 ALT: 0.94
13:38:19.768418 ACC: [8, 15, 512]
13:38:19.800228 ALT: 0.94
13:38:19.800439 ACC: [8, 15, 512]
13:38:19.832210 ALT: 0.94
13:38:19.832420 ACC: [8, 15, 513]
13:38:19.864484 ALT: 0.94
13:38:19.864767 ACC: [8, 15, 512]
13:38:19.896292 ALT: 0.94
13:38:19.896526 ACC: [8, 15, 513]
13:38:19.928319 ALT: 0.94
13:38:19.928550 ACC: [8, 15, 512]
13:38:19.960278 ALT: 0.94
13:38:19.960487 ACC: [8, 15, 512]
13:38:19.992339 ALT: 0.94
13:38:19.992576 ACC: [8, 15, 512]
13:38:20.026206 ALT: 0.94
13:38:20.026448 ACC: [8, 15, 513]
13:38:20.056292 ALT: 0.89
13:38:20.056524 ACC: [8, 15, 512]
13:38:20.088291 ALT: 0.91
13:38:20.088509 ACC: [8, 15, 512]
13:38:20.120327 ALT: 0.93
13:38:20.120549 ACC: [8, 15, 513]
13:38:20.152393 ALT: 0.94
13:38:20.152845 ACC: [9, 15, 512]
13:38:20.200440 ALT: 0.94
13:38:20.200806 ACC: [8, 14, 512]
13:38:20.232317 ALT: 0.94
13:38:20.232544 ACC: [8, 15, 512]
13:38:20.264450 ALT: 0.94
13:38:20.265024 ACC: [8, 15, 512]
13:38:20.296427 ALT: 0.94
13:38:20.296646 ACC: [8, 15, 512]
13:38:20.328373 ALT: 0.94
13:38:20.328595 ACC: [8, 15, 512]
13:38:20.360434 ALT: 0.94
13:38:20.360666 ACC: [8, 15, 512]
13:38:20.392321 ALT: 0.94
13:38:20.392539 ACC: [8, 15, 513]
13:38:20.424291 ALT: 0.94
13:38:20.424512 ACC: [8, 15, 512]
13:38:20.456310 ALT: 0.94
13:38:20.456522 ACC: [8, 14, 512]
13:38:20.488513 ALT: 0.94
13:38:20.488855 ACC: [8, 14, 513]
13:38:20.520355 ALT: 0.94
13:38:20.520556 ACC: [8, 14, 513]
13:38:20.552331 ALT: 0.94
13:38:20.552530 ACC: [8, 15, 513]
13:38:20.584470 ALT: 0.94
13:38:20.584863 ACC: [8, 14, 512]
13:38:20.616395 ALT: 0.94
13:38:20.616666 ACC: [8, 15, 512]
13:38:20.648529 ALT: 0.94
13:38:20.648856 ACC: [8, 15, 513]
13:38:20.682208 ALT: 0.94
13:38:20.682498 ACC: [8, 14, 513]
13:38:20.712397 ALT: 0.94
13:38:20.712607 ACC: [8, 15, 512]
13:38:20.744618 ALT: 0.94
13:38:20.744906 ACC: [8, 14, 512]
13:38:20.776906 ALT: 0.94
13:38:20.777150 ACC: [8, 14, 512]
13:38:20.808559 ALT: 0.94
13:38:20.808861 ACC: [8, 14, 512]
13:38:20.840290 ALT: 0.94
13:38:20.840493 ACC: [8, 15, 512]
13:38:20.872344 ALT: 0.94
13:38:20.872550 ACC: [8, 15, 512]
13:38:20.904362 ALT: 0.94
13:38:20.904565 ACC: [8, 14, 512]
13:38:20.936354 ALT: 0.94
13:38:20.936560 ACC: [8, 14, 512]
13:38:20.968351 ALT: 0.94
13:38:20.968556 ACC: [8, 14, 512]
13:38:21.000488 ALT: 0.94
13:38:21.000810 ACC: [8, 15, 512]
13:38:21.032482 ALT: 0.94
13:38:21.032949 ACC: [8, 15, 512]
13:38:21.080462 ALT: 0.94
13:38:21.080861 ACC: [8, 15, 512]
13:38:21.115784 ALT: 0.94
13:38:21.116014 ACC: [8, 15, 512]
13:38:21.144853 ALT: 0.94
13:38:21.145123 ACC: [8, 14, 512]
13:38:21.176573 ALT: 0.94
13:38:21.176945 ACC: [8, 14, 512]
13:38:21.211204 ALT: 0.94
13:38:21.211467 ACC: [8, 14, 512]
13:38:21.240443 ALT: 0.94
13:38:21.240650 ACC: [8, 15, 512]
13:38:21.272479 ALT: 0.94
13:38:21.273000 ACC: [8, 14, 512]
13:38:21.304433 ALT: 0.94
13:38:21.304637 ACC: [8, 14, 512]
13:38:21.336505 ALT: 0.94
13:38:21.336770 ACC: [9, 14, 512]
13:38:21.368480 ALT: 0.94
13:38:21.368690 ACC: [8, 14, 512]
13:38:21.400444 ALT: 0.94
13:38:21.400661 ACC: [8, 15, 512]
13:38:21.432539 ALT: 0.94
13:38:21.432812 ACC: [8, 14, 513]
13:38:21.464449 ALT: 0.94
13:38:21.464656 ACC: [9, 14, 512]
13:38:21.496459 ALT: 0.98
13:38:21.496671 ACC: [9, 14, 513]
13:38:21.528550 ALT: 1.0
13:38:21.528809 ACC: [8, 14, 512]
13:38:21.560474 ALT: 1.02
13:38:21.560972 ACC: [9, 15, 512]
13:38:21.592489 ALT: 1.03
13:38:21.592694 ACC: [9, 14, 512]
13:38:21.624467 ALT: 1.03
13:38:21.624948 ACC: [8, 15, 512]
13:38:21.656476 ALT: 1.0
13:38:21.656672 ACC: [8, 15, 512]
13:38:21.688509 ALT: 0.98
13:38:21.688781 ACC: [8, 14, 513]
13:38:21.720501 ALT: 0.96
13:38:21.720802 ACC: [8, 14, 512]
13:38:21.752590 ALT: 0.96
13:38:21.752878 ACC: [8, 14, 512]
13:38:21.785413 ALT: 0.96
13:38:21.785821 ACC: [8, 14, 513]
13:38:21.816630 ALT: 0.96
13:38:21.816963 ACC: [8, 15, 512]
13:38:21.849840 ALT: 0.96
13:38:21.850334 ACC: [8, 15, 512]
13:38:21.882191 ALT: 0.96
13:38:21.882632 ACC: [8, 15, 512]
13:38:21.912909 ALT: 0.96
13:38:21.913236 ACC: [8, 14, 513]
13:38:21.945390 ALT: 0.96
13:38:21.945642 ACC: [8, 14, 512]
13:38:21.977259 ALT: 0.96
13:38:21.977760 ACC: [8, 14, 512]
13:38:22.008510 ALT: 0.99
13:38:22.008935 ACC: [8, 14, 512]
13:38:22.040655 ALT: 1.01
13:38:22.040968 ACC: [8, 14, 512]
13:38:22.072559 ALT: 1.03
13:38:22.072826 ACC: [8, 15, 512]
13:38:22.104587 ALT: 1.03
13:38:22.104934 ACC: [8, 15, 512]
13:38:22.136629 ALT: 1.03
13:38:22.136945 ACC: [8, 15, 513]
13:38:22.168560 ALT: 1.03
13:38:22.168829 ACC: [8, 15, 513]
13:38:22.200574 ALT: 1.03
13:38:22.200849 ACC: [8, 15, 513]
13:38:22.233634 ALT: 1.03
13:38:22.234010 ACC: [8, 15, 513]
13:38:22.264663 ALT: 1.03
13:38:22.264968 ACC: [8, 14, 512]
13:38:22.296618 ALT: 1.03
13:38:22.296887 ACC: [8, 14, 512]
13:38:22.328574 ALT: 1.03
13:38:22.328840 ACC: [8, 15, 512]
13:38:22.360624 ALT: 1.03
13:38:22.360893 ACC: [8, 14, 512]
13:38:22.392621 ALT: 1.03
13:38:22.392937 ACC: [8, 14, 512]
13:38:22.425240 ALT: 1.03
13:38:22.425506 ACC: [8, 15, 512]
13:38:22.456849 ALT: 1.03
13:38:22.457088 ACC: [8, 14, 512]
13:38:22.488626 ALT: 1.03
13:38:22.488879 ACC: [8, 15, 513]
13:38:22.520797 ALT: 1.03
13:38:22.521069 ACC: [8, 14, 512]
13:38:22.553188 ALT: 1.03
13:38:22.553471 ACC: [8, 15, 512]
13:38:22.584667 ALT: 1.03
13:38:22.584955 ACC: [8, 15, 512]
13:38:22.617280 ALT: 1.03
13:38:22.617610 ACC: [8, 14, 512]
13:38:22.648574 ALT: 1.03
13:38:22.648817 ACC: [8, 14, 511]
13:38:22.687714 ALT: 1.03
13:38:22.688105 ACC: [8, 15, 512]
13:38:22.714561 ALT: 1.03
13:38:22.714783 ACC: [8, 14, 512]
13:38:22.744991 ALT: 1.03
13:38:22.745999 ACC: [8, 14, 512]
13:38:22.777196 ALT: 1.03
13:38:22.777779 ACC: [8, 15, 513]
13:38:22.808794 ALT: 1.03
13:38:22.809050 ACC: [8, 14, 512]
13:38:22.840690 ALT: 1.03
13:38:22.840921 ACC: [8, 14, 512]
13:38:22.872840 ALT: 1.03
13:38:22.873105 ACC: [8, 14, 512]
13:38:22.921159 ALT: 1.03
13:38:22.921559 ACC: [8, 14, 512]
13:38:22.953100 ALT: 1.03
13:38:22.953408 ACC: [8, 15, 513]
13:38:22.985031 ALT: 1.03
13:38:22.985266 ACC: [8, 14, 513]
13:38:23.017423 ALT: 1.03
13:38:23.018140 ACC: [8, 14, 512]
13:38:23.050972 ALT: 1.03
13:38:23.051198 ACC: [8, 15, 512]
13:38:23.096765 ALT: 1.03
13:38:23.096996 ACC: [8, 15, 513]
13:38:23.128968 ALT: 1.03
13:38:23.129222 ACC: [8, 15, 512]
13:38:23.160788 ALT: 1.03
13:38:23.161091 ACC: [8, 14, 512]
13:38:23.192682 ALT: 1.03
13:38:23.192977 ACC: [8, 14, 512]
13:38:23.238016 ALT: 1.03
13:38:23.243785 ACC: [9, 15, 512]
13:38:23.272957 ALT: 1.03
13:38:23.273225 ACC: [8, 15, 512]
13:38:23.304777 ALT: 1.03
13:38:23.305037 ACC: [8, 15, 512]
13:38:23.336925 ALT: 1.03
13:38:23.337295 ACC: [8, 15, 512]
13:38:23.368947 ALT: 1.03
13:38:23.370198 ACC: [8, 14, 512]
13:38:23.400949 ALT: 1.03
13:38:23.401360 ACC: [8, 15, 512]
13:38:23.433221 ALT: 1.03
13:38:23.433677 ACC: [8, 15, 513]
13:38:23.467788 ALT: 1.03
13:38:23.468226 ACC: [8, 15, 513]
13:38:23.500610 ALT: 1.03
13:38:23.501099 ACC: [8, 15, 512]
13:38:23.529302 ALT: 1.03
13:38:23.529812 ACC: [8, 15, 512]
13:38:23.560800 ALT: 1.03
13:38:23.561086 ACC: [8, 15, 512]
13:38:23.597116 ALT: 1.03
13:38:23.597378 ACC: [8, 15, 512]
13:38:23.624855 ALT: 1.03
13:38:23.625113 ACC: [8, 14, 512]
13:38:23.657004 ALT: 1.03
13:38:23.657357 ACC: [8, 14, 512]
13:38:23.691884 ALT: 1.03
13:38:23.692136 ACC: [8, 14, 513]
13:38:23.720885 ALT: 1.03
13:38:23.721114 ACC: [8, 15, 513]
13:38:23.752954 ALT: 1.03
13:38:23.753226 ACC: [8, 15, 512]
13:38:23.785643 ALT: 1.03
13:38:23.785948 ACC: [8, 15, 512]
13:38:23.817271 ALT: 1.03
13:38:23.817586 ACC: [8, 15, 512]
13:38:23.851166 ALT: 1.03
13:38:23.851793 ACC: [8, 15, 512]
13:38:23.880922 ALT: 1.03
13:38:23.881217 ACC: [8, 15, 512]
13:38:23.913039 ALT: 1.03
13:38:23.913312 ACC: [8, 15, 512]
13:38:23.944919 ALT: 1.03
13:38:23.945179 ACC: [8, 15, 512]
13:38:23.976847 ALT: 1.03
13:38:23.977075 ACC: [8, 15, 512]
13:38:24.008853 ALT: 1.03
13:38:24.009065 ACC: [8, 15, 513]
13:38:24.040924 ALT: 1.03
13:38:24.041144 ACC: [8, 15, 512]
13:38:24.072922 ALT: 1.03
13:38:24.073138 ACC: [8, 15, 512]
13:38:24.104818 ALT: 1.03
13:38:24.105038 ACC: [8, 14, 512]
13:38:24.136983 ALT: 1.03
13:38:24.137257 ACC: [8, 15, 512]
13:38:24.169085 ALT: 1.03
13:38:24.169321 ACC: [8, 14, 513]
13:38:24.201272 ALT: 1.03
13:38:24.201535 ACC: [8, 14, 512]
13:38:24.233179 ALT: 1.03
13:38:24.233415 ACC: [7, 14, 512]
13:38:24.264941 ALT: 1.03
13:38:24.265151 ACC: [8, 14, 512]
13:38:24.296951 ALT: 1.03
13:38:24.297211 ACC: [8, 15, 512]
13:38:24.329139 ALT: 1.03
13:38:24.329363 ACC: [8, 15, 512]
13:38:24.360971 ALT: 1.03
13:38:24.361203 ACC: [8, 15, 512]
13:38:24.392826 ALT: 1.03
13:38:24.393035 ACC: [8, 15, 512]
13:38:24.424944 ALT: 1.03
13:38:24.425164 ACC: [8, 14, 512]
13:38:24.456897 ALT: 1.03
13:38:24.457102 ACC: [8, 14, 512]
13:38:24.489042 ALT: 1.03
13:38:24.489287 ACC: [8, 14, 512]
13:38:24.524772 ALT: 1.03
13:38:24.525112 ACC: [8, 14, 512]
13:38:24.554449 ALT: 1.03
13:38:24.554801 ACC: [8, 14, 512]
13:38:24.585250 ALT: 1.03
13:38:24.586736 ACC: [8, 15, 512]
13:38:24.617239 ALT: 1.03
13:38:24.617526 ACC: [8, 15, 512]
13:38:24.649044 ALT: 1.03
13:38:24.649336 ACC: [8, 15, 512]
13:38:24.681231 ALT: 1.03
13:38:24.681480 ACC: [8, 15, 512]
13:38:24.712990 ALT: 1.03
13:38:24.713263 ACC: [8, 15, 513]
13:38:24.747926 ALT: 1.03
13:38:24.748190 ACC: [8, 14, 513]
13:38:24.777370 ALT: 1.03
13:38:24.777598 ACC: [8, 14, 512]
13:38:24.808966 ALT: 1.03
13:38:24.809200 ACC: [8, 14, 512]
13:38:24.841045 ALT: 1.03
13:38:24.841270 ACC: [8, 15, 512]
13:38:24.873082 ALT: 1.03
13:38:24.873312 ACC: [8, 15, 513]
13:38:24.905087 ALT: 1.03
13:38:24.905343 ACC: [8, 15, 512]
13:38:24.937317 ALT: 1.03
13:38:24.937579 ACC: [8, 14, 512]
13:38:24.969054 ALT: 1.03
13:38:24.969289 ACC: [8, 14, 512]
13:38:25.001197 ALT: 1.03
13:38:25.001474 ACC: [8, 15, 512]
13:38:25.033345 ALT: 1.03
13:38:25.033889 ACC: [8, 15, 512]
13:38:25.065480 ALT: 1.03
13:38:25.065999 ACC: [8, 14, 512]
13:38:25.097335 ALT: 1.03
13:38:25.097686 ACC: [8, 14, 512]
13:38:25.129230 ALT: 1.03
13:38:25.129850 ACC: [8, 15, 512]
13:38:25.161717 ALT: 1.03
13:38:25.161939 ACC: [8, 15, 512]
13:38:25.193135 ALT: 1.03
13:38:25.193346 ACC: [8, 14, 512]
13:38:25.225032 ALT: 1.03
13:38:25.225252 ACC: [8, 14, 512]
13:38:25.257435 ALT: 1.03
13:38:25.257655 ACC: [8, 15, 513]
13:38:25.292554 ALT: 1.03
13:38:25.292827 ACC: [8, 15, 513]
13:38:25.321082 ALT: 1.03
13:38:25.321338 ACC: [8, 14, 512]
13:38:25.353023 ALT: 1.03
13:38:25.353307 ACC: [8, 15, 513]
13:38:25.385348 ALT: 1.03
13:38:25.385615 ACC: [8, 14, 512]
13:38:25.417517 ALT: 1.03
13:38:25.417960 ACC: [8, 14, 513]
13:38:25.449295 ALT: 1.03
13:38:25.449627 ACC: [8, 15, 513]
13:38:25.481573 ALT: 1.03
13:38:25.481913 ACC: [9, 15, 512]
13:38:25.513463 ALT: 1.03
13:38:25.513788 ACC: [8, 14, 512]
13:38:25.545195 ALT: 1.03
13:38:25.545528 ACC: [8, 14, 512]
13:38:25.577066 ALT: 1.03
13:38:25.577291 ACC: [8, 15, 512]
13:38:25.609068 ALT: 1.03
13:38:25.609297 ACC: [8, 15, 512]
13:38:25.641075 ALT: 1.03
13:38:25.641304 ACC: [9, 15, 513]
13:38:25.673103 ALT: 1.03
13:38:25.673327 ACC: [8, 15, 512]
13:38:25.705056 ALT: 1.03
13:38:25.705332 ACC: [8, 15, 512]
13:38:25.737073 ALT: 1.03
13:38:25.737297 ACC: [8, 14, 513]
13:38:25.769067 ALT: 1.03
13:38:25.769338 ACC: [8, 14, 512]
13:38:25.801043 ALT: 1.03
13:38:25.801286 ACC: [8, 15, 512]
13:38:25.833253 ALT: 1.03
13:38:25.833545 ACC: [8, 15, 512]
13:38:25.865262 ALT: 1.03
13:38:25.865578 ACC: [8, 15, 512]
13:38:25.900681 ALT: 1.03
13:38:25.902226 ACC: [8, 15, 512]
13:38:25.929139 ALT: 1.03
13:38:25.929428 ACC: [8, 15, 512]
13:38:25.961149 ALT: 1.03
13:38:25.961373 ACC: [8, 14, 513]
13:38:25.993108 ALT: 1.03
13:38:25.993311 ACC: [8, 14, 512]
13:38:26.025072 ALT: 1.03
13:38:26.025277 ACC: [8, 15, 512]
13:38:26.057198 ALT: 1.03
13:38:26.057418 ACC: [8, 14, 512]
13:38:26.089158 ALT: 1.03
13:38:26.089391 ACC: [8, 14, 512]
13:38:26.121187 ALT: 1.03
13:38:26.121412 ACC: [8, 15, 512]
13:38:26.153276 ALT: 1.09
13:38:26.153898 ACC: [8, 15, 513]
13:38:26.185297 ALT: 1.1
13:38:26.185612 ACC: [8, 15, 513]
13:38:26.217322 ALT: 1.11
13:38:26.217593 ACC: [9, 15, 512]
13:38:26.249157 ALT: 1.11
13:38:26.249379 ACC: [8, 15, 512]
13:38:26.285144 ALT: 1.08
13:38:26.285438 ACC: [8, 15, 512]
13:38:26.313403 ALT: 1.06
13:38:26.313691 ACC: [9, 15, 513]
13:38:26.345083 ALT: 1.05
13:38:26.345296 ACC: [8, 14, 513]
13:38:26.377151 ALT: 1.05
13:38:26.377378 ACC: [9, 14, 512]
13:38:26.409201 ALT: 1.05
13:38:26.409465 ACC: [8, 14, 512]
13:38:26.441204 ALT: 1.08
13:38:26.441440 ACC: [8, 14, 512]
13:38:26.473239 ALT: 1.1
13:38:26.473471 ACC: [8, 14, 512]
13:38:26.505360 ALT: 1.06
13:38:26.506814 ACC: [8, 14, 513]
13:38:26.537240 ALT: 1.05
13:38:26.537592 ACC: [8, 14, 513]
13:38:26.569193 ALT: 1.05
13:38:26.569490 ACC: [8, 15, 512]
13:38:26.617714 ALT: 1.05
13:38:26.618038 ACC: [8, 14, 512]
13:38:26.649453 ALT: 1.1
13:38:26.649687 ACC: [8, 14, 512]
13:38:26.681814 ALT: 1.11
13:38:26.682043 ACC: [8, 14, 513]
13:38:26.713235 ALT: 1.11
13:38:26.713528 ACC: [8, 14, 512]
13:38:26.745212 ALT: 1.11
13:38:26.745431 ACC: [8, 14, 512]
13:38:26.777144 ALT: 1.11
13:38:26.777404 ACC: [8, 14, 512]
13:38:26.809287 ALT: 1.11
13:38:26.809507 ACC: [8, 14, 513]
13:38:26.841252 ALT: 1.11
13:38:26.841477 ACC: [8, 15, 512]
13:38:26.873281 ALT: 1.11
13:38:26.873496 ACC: [8, 15, 512]
13:38:26.905172 ALT: 1.11
13:38:26.905376 ACC: [8, 14, 512]
13:38:26.937217 ALT: 1.11
13:38:26.937423 ACC: [8, 14, 512]
13:38:26.969230 ALT: 1.11
13:38:26.969445 ACC: [9, 15, 512]
13:38:27.001262 ALT: 1.11
13:38:27.001469 ACC: [8, 14, 512]
13:38:27.033244 ALT: 1.11
13:38:27.033455 ACC: [8, 15, 512]
13:38:27.065278 ALT: 1.11
13:38:27.065481 ACC: [8, 15, 512]
13:38:27.097261 ALT: 1.11
13:38:27.097465 ACC: [8, 14, 512]
13:38:27.129313 ALT: 1.11
13:38:27.129564 ACC: [8, 15, 512]
13:38:27.162117 ALT: 1.11
13:38:27.162328 ACC: [8, 15, 512]
13:38:27.193323 ALT: 1.11
13:38:27.193537 ACC: [8, 15, 512]
13:38:27.225314 ALT: 1.11
13:38:27.225537 ACC: [8, 15, 512]
13:38:27.257361 ALT: 1.11
13:38:27.257591 ACC: [8, 15, 512]
13:38:27.291765 ALT: 1.11
13:38:27.292103 ACC: [8, 15, 513]
13:38:27.321332 ALT: 1.11
13:38:27.321527 ACC: [8, 14, 512]
13:38:27.353592 ALT: 1.11
13:38:27.353861 ACC: [8, 14, 512]
13:38:27.387613 ALT: 1.11
13:38:27.388333 ACC: [8, 14, 513]
13:38:27.417343 ALT: 1.11
13:38:27.417584 ACC: [8, 15, 512]
13:38:27.452639 ALT: 1.11
13:38:27.452961 ACC: [8, 14, 512]
13:38:27.482549 ALT: 1.11
13:38:27.483620 ACC: [8, 14, 512]
13:38:27.513256 ALT: 1.11
13:38:27.513471 ACC: [8, 15, 512]
13:38:27.545301 ALT: 1.11
13:38:27.545561 ACC: [8, 15, 512]
13:38:27.577301 ALT: 1.11
13:38:27.577509 ACC: [8, 15, 512]
13:38:27.609373 ALT: 1.11
13:38:27.609585 ACC: [8, 14, 512]
13:38:27.641376 ALT: 1.11
13:38:27.641585 ACC: [9, 14, 513]
13:38:27.673333 ALT: 1.11
13:38:27.673552 ACC: [8, 14, 513]
13:38:27.705360 ALT: 1.11
13:38:27.705780 ACC: [8, 14, 512]
13:38:27.753867 ALT: 1.11
13:38:27.754268 ACC: [9, 14, 512]
13:38:27.785953 ALT: 1.11
13:38:27.786227 ACC: [8, 14, 512]
13:38:27.817410 ALT: 1.11
13:38:27.817667 ACC: [9, 14, 513]
13:38:27.849339 ALT: 1.11
13:38:27.849576 ACC: [8, 15, 512]
13:38:27.881348 ALT: 1.11
13:38:27.881585 ACC: [8, 14, 513]
13:38:27.913323 ALT: 1.11
13:38:27.913538 ACC: [8, 14, 512]
13:38:27.945331 ALT: 1.11
13:38:27.945537 ACC: [9, 15, 512]
13:38:27.977315 ALT: 1.11
13:38:27.977518 ACC: [8, 14, 512]
13:38:28.009428 ALT: 1.11
13:38:28.009640 ACC: [8, 15, 512]
13:38:28.041492 ALT: 1.11
13:38:28.041751 ACC: [8, 15, 512]
13:38:28.073453 ALT: 1.11
13:38:28.073682 ACC: [8, 14, 512]
13:38:28.105465 ALT: 1.11
13:38:28.105738 ACC: [8, 15, 512]
13:38:28.140547 ALT: 1.11
13:38:28.140914 ACC: [8, 15, 512]
13:38:28.169476 ALT: 1.11
13:38:28.169716 ACC: [8, 15, 512]
13:38:28.201677 ALT: 1.11
13:38:28.201890 ACC: [8, 14, 512]
13:38:28.233452 ALT: 1.11
13:38:28.233706 ACC: [8, 15, 512]
13:38:28.265436 ALT: 1.11
13:38:28.265652 ACC: [8, 14, 512]
13:38:28.297472 ALT: 1.11
13:38:28.297701 ACC: [8, 15, 512]
13:38:28.329513 ALT: 1.11
13:38:28.329733 ACC: [8, 15, 512]
13:38:28.361441 ALT: 1.11
13:38:28.361655 ACC: [8, 14, 512]
13:38:28.393551 ALT: 1.11
13:38:28.393847 ACC: [9, 15, 512]
13:38:28.425791 ALT: 1.11
13:38:28.426034 ACC: [8, 15, 512]
13:38:28.473477 ALT: 1.11
13:38:28.473759 ACC: [8, 14, 512]
13:38:28.505493 ALT: 1.11
13:38:28.505753 ACC: [8, 15, 512]
13:38:28.537492 ALT: 1.11
13:38:28.537776 ACC: [8, 15, 512]
13:38:28.569461 ALT: 1.11
13:38:28.569682 ACC: [8, 15, 512]
13:38:28.601569 ALT: 1.11
13:38:28.601843 ACC: [8, 15, 512]
13:38:28.633556 ALT: 1.11
13:38:28.633783 ACC: [8, 14, 512]
13:38:28.665541 ALT: 1.11
13:38:28.665773 ACC: [8, 14, 512]
13:38:28.697498 ALT: 1.11
13:38:28.697720 ACC: [9, 14, 512]
13:38:28.729754 ALT: 1.11
13:38:28.730048 ACC: [8, 14, 512]
13:38:28.761571 ALT: 1.11
13:38:28.761788 ACC: [8, 15, 512]
13:38:28.793893 ALT: 1.11
13:38:28.794139 ACC: [8, 15, 512]
13:38:28.825964 ALT: 1.11
13:38:28.826226 ACC: [9, 14, 513]
13:38:28.857578 ALT: 1.11
13:38:28.857827 ACC: [8, 14, 512]
13:38:28.889677 ALT: 1.11
13:38:28.889889 ACC: [9, 14, 512]
13:38:28.921766 ALT: 1.11
13:38:28.922044 ACC: [9, 15, 512]
13:38:28.954168 ALT: 1.11
13:38:28.954599 ACC: [8, 15, 512]
13:38:28.985608 ALT: 1.11
13:38:28.985859 ACC: [8, 14, 512]
13:38:29.017599 ALT: 1.11
13:38:29.017844 ACC: [8, 14, 513]
13:38:29.049987 ALT: 1.11
13:38:29.050248 ACC: [8, 15, 513]
13:38:29.081523 ALT: 1.11
13:38:29.081741 ACC: [8, 14, 512]
13:38:29.113666 ALT: 1.11
13:38:29.113897 ACC: [8, 15, 512]
13:38:29.145546 ALT: 1.11
13:38:29.145840 ACC: [8, 15, 512]
13:38:29.177615 ALT: 1.11
13:38:29.177832 ACC: [9, 14, 512]
13:38:29.209605 ALT: 1.11
13:38:29.209821 ACC: [8, 14, 512]
13:38:29.241627 ALT: 1.11
13:38:29.241856 ACC: [8, 15, 513]
13:38:29.273646 ALT: 1.11
13:38:29.273858 ACC: [8, 14, 512]
13:38:29.305630 ALT: 1.11
13:38:29.305863 ACC: [8, 14, 513]
13:38:29.337646 ALT: 1.11
13:38:29.337869 ACC: [8, 14, 512]
13:38:29.369622 ALT: 1.11
13:38:29.369850 ACC: [8, 14, 512]
13:38:29.401657 ALT: 1.11
13:38:29.401893 ACC: [8, 14, 512]
13:38:29.433594 ALT: 1.11
13:38:29.433844 ACC: [8, 14, 513]
13:38:29.465652 ALT: 1.11
13:38:29.465976 ACC: [9, 14, 512]
13:38:29.497628 ALT: 1.11
13:38:29.497841 ACC: [8, 15, 512]
13:38:29.529665 ALT: 1.11
13:38:29.529886 ACC: [8, 15, 512]
13:38:29.561707 ALT: 1.11
13:38:29.561923 ACC: [9, 15, 512]
13:38:29.594239 ALT: 1.11
13:38:29.594490 ACC: [8, 15, 512]
13:38:29.626235 ALT: 1.11
13:38:29.626486 ACC: [8, 14, 512]
13:38:29.661338 ALT: 1.11
13:38:29.661601 ACC: [8, 14, 513]
13:38:29.689678 ALT: 1.11
13:38:29.689897 ACC: [9, 14, 513]
13:38:29.721673 ALT: 1.11
13:38:29.721892 ACC: [9, 14, 512]
13:38:29.753798 ALT: 1.11
13:38:29.754013 ACC: [8, 14, 512]
13:38:29.785715 ALT: 1.11
13:38:29.786069 ACC: [8, 15, 512]
13:38:29.817650 ALT: 1.11
13:38:29.817912 ACC: [8, 14, 512]
13:38:29.849754 ALT: 1.11
13:38:29.850018 ACC: [8, 14, 512]
13:38:29.881600 ALT: 1.11
13:38:29.881822 ACC: [8, 14, 512]
13:38:29.913693 ALT: 1.11
13:38:29.913960 ACC: [8, 14, 513]
13:38:29.945710 ALT: 1.11
13:38:29.945934 ACC: [9, 14, 513]
13:38:29.977720 ALT: 1.11
13:38:29.977941 ACC: [9, 15, 513]
13:38:30.009681 ALT: 1.11
13:38:30.009904 ACC: [8, 14, 512]
13:38:30.041808 ALT: 1.11
13:38:30.042032 ACC: [8, 14, 512]
13:38:30.073701 ALT: 1.11
13:38:30.073926 ACC: [8, 14, 512]
13:38:30.105714 ALT: 1.11
13:38:30.105993 ACC: [8, 14, 512]
13:38:30.137712 ALT: 1.11
13:38:30.137928 ACC: [8, 15, 512]
13:38:30.169959 ALT: 1.11
13:38:30.170168 ACC: [8, 15, 512]
13:38:30.201747 ALT: 1.08
13:38:30.201982 ACC: [8, 15, 512]
13:38:30.233744 ALT: 1.06
13:38:30.233963 ACC: [8, 14, 512]
13:38:30.281694 ALT: 1.08
13:38:30.281917 ACC: [8, 15, 513]
13:38:30.313721 ALT: 1.11
13:38:30.313939 ACC: [8, 14, 513]
13:38:30.345717 ALT: 1.11
13:38:30.345953 ACC: [8, 15, 512]
13:38:30.377740 ALT: 1.11
13:38:30.377946 ACC: [8, 14, 512]
13:38:30.409705 ALT: 1.08
13:38:30.409972 ACC: [8, 14, 512]
13:38:30.441719 ALT: 1.06
13:38:30.441977 ACC: [8, 14, 512]
13:38:30.473761 ALT: 1.05
13:38:30.473994 ACC: [8, 14, 513]
13:38:30.505801 ALT: 1.05
13:38:30.506068 ACC: [8, 14, 513]
13:38:30.537803 ALT: 1.05
13:38:30.538032 ACC: [8, 15, 512]
13:38:30.569848 ALT: 1.05
13:38:30.570054 ACC: [9, 14, 512]
13:38:30.601785 ALT: 1.08
13:38:30.602007 ACC: [8, 15, 513]
13:38:30.633756 ALT: 1.1
13:38:30.633968 ACC: [8, 15, 513]
13:38:30.665807 ALT: 1.11
13:38:30.666019 ACC: [8, 14, 513]
13:38:30.697757 ALT: 1.11
13:38:30.697985 ACC: [8, 14, 513]
13:38:30.729821 ALT: 1.11
13:38:30.730025 ACC: [8, 14, 513]
13:38:30.761825 ALT: 1.08
13:38:30.762035 ACC: [8, 14, 512]
13:38:30.794190 ALT: 1.06
13:38:30.794431 ACC: [9, 15, 513]
13:38:30.825908 ALT: 1.05
13:38:30.826136 ACC: [9, 15, 513]
13:38:30.858483 ALT: 1.08
13:38:30.858830 ACC: [8, 14, 512]
13:38:30.890323 ALT: 1.1
13:38:30.890644 ACC: [8, 14, 513]
13:38:30.922126 ALT: 1.11
13:38:30.922407 ACC: [8, 14, 513]
13:38:30.954229 ALT: 1.11
13:38:30.954593 ACC: [8, 15, 512]
13:38:30.986092 ALT: 1.11
13:38:30.986334 ACC: [8, 15, 512]
13:38:31.018282 ALT: 1.11
13:38:31.018526 ACC: [9, 15, 512]
13:38:31.049802 ALT: 1.11
13:38:31.050008 ACC: [8, 14, 513]
13:38:31.081953 ALT: 1.11
13:38:31.082176 ACC: [8, 14, 512]
13:38:31.113845 ALT: 1.11
13:38:31.114067 ACC: [8, 14, 512]
13:38:31.145947 ALT: 1.11
13:38:31.146171 ACC: [8, 14, 512]
13:38:31.177842 ALT: 1.11
13:38:31.178057 ACC: [8, 14, 512]
13:38:31.209853 ALT: 1.11
13:38:31.210147 ACC: [8, 14, 512]
13:38:31.241864 ALT: 1.11
13:38:31.242084 ACC: [8, 15, 513]
13:38:31.273872 ALT: 1.11
13:38:31.274095 ACC: [8, 15, 512]
13:38:31.305919 ALT: 1.11
13:38:31.306159 ACC: [9, 15, 512]
13:38:31.337908 ALT: 1.11
13:38:31.338128 ACC: [8, 15, 512]
13:38:31.369928 ALT: 1.11
13:38:31.370150 ACC: [8, 14, 512]
13:38:31.401895 ALT: 1.11
13:38:31.402109 ACC: [8, 14, 512]
13:38:31.433866 ALT: 1.11
13:38:31.434130 ACC: [8, 15, 512]
13:38:31.465943 ALT: 1.11
13:38:31.466164 ACC: [8, 15, 513]
13:38:31.497986 ALT: 1.11
13:38:31.498200 ACC: [8, 15, 512]
13:38:31.529935 ALT: 1.11
13:38:31.530151 ACC: [8, 15, 512]
13:38:31.562019 ALT: 1.11
13:38:31.562264 ACC: [8, 15, 512]
13:38:31.594018 ALT: 1.11
13:38:31.594278 ACC: [8, 14, 512]
13:38:31.626414 ALT: 1.11
13:38:31.626696 ACC: [8, 14, 512]
13:38:31.662056 ALT: 1.11
13:38:31.662316 ACC: [8, 14, 512]
13:38:31.690304 ALT: 1.11
13:38:31.690585 ACC: [9, 15, 512]
13:38:31.722430 ALT: 1.11
13:38:31.725507 ACC: [9, 14, 512]
13:38:31.754088 ALT: 1.11
13:38:31.754337 ACC: [8, 14, 512]
13:38:31.786238 ALT: 1.11
13:38:31.786738 ACC: [8, 15, 512]
13:38:31.817961 ALT: 1.11
13:38:31.818204 ACC: [8, 14, 512]
13:38:31.850073 ALT: 1.11
13:38:31.850293 ACC: [8, 14, 512]
13:38:31.881913 ALT: 1.11
13:38:31.882303 ACC: [8, 14, 512]
13:38:31.914022 ALT: 1.11
13:38:31.914227 ACC: [8, 14, 512]
13:38:31.945925 ALT: 1.11
13:38:31.946139 ACC: [8, 15, 512]
13:38:31.977928 ALT: 1.11
13:38:31.978130 ACC: [8, 15, 512]
13:38:32.010042 ALT: 1.11
13:38:32.010245 ACC: [8, 14, 512]
13:38:32.042389 ALT: 1.11
13:38:32.042666 ACC: [8, 15, 512]
13:38:32.073983 ALT: 1.11
13:38:32.074202 ACC: [8, 14, 512]
13:38:32.122355 ALT: 1.11
13:38:32.122627 ACC: [8, 14, 512]
13:38:32.154042 ALT: 1.11
13:38:32.154305 ACC: [8, 14, 512]
13:38:32.186355 ALT: 1.17
13:38:32.186620 ACC: [8, 15, 512]
13:38:32.217995 ALT: 1.18
13:38:32.218241 ACC: [8, 15, 512]
13:38:32.250098 ALT: 1.19
13:38:32.250314 ACC: [8, 14, 512]
13:38:32.282077 ALT: 1.19
13:38:32.282367 ACC: [8, 14, 512]
13:38:32.314015 ALT: 1.19
13:38:32.314377 ACC: [8, 14, 513]
13:38:32.346166 ALT: 1.19
13:38:32.346392 ACC: [9, 14, 513]
13:38:32.378079 ALT: 1.19
13:38:32.378299 ACC: [8, 14, 512]
13:38:32.410091 ALT: 1.19
13:38:32.410314 ACC: [8, 15, 512]
13:38:32.442066 ALT: 1.19
13:38:32.442400 ACC: [8, 14, 512]
13:38:32.474071 ALT: 1.19
13:38:32.474280 ACC: [8, 14, 512]
13:38:32.506081 ALT: 1.19
13:38:32.506301 ACC: [8, 15, 512]
13:38:32.538065 ALT: 1.19
13:38:32.538393 ACC: [8, 15, 512]
13:38:32.570126 ALT: 1.19
13:38:32.570351 ACC: [9, 14, 512]
13:38:32.602093 ALT: 1.19
13:38:32.602420 ACC: [8, 15, 512]
13:38:32.634206 ALT: 1.19
13:38:32.634425 ACC: [8, 14, 512]
13:38:32.666066 ALT: 1.19
13:38:32.666265 ACC: [8, 15, 513]
13:38:32.698126 ALT: 1.19
13:38:32.698390 ACC: [8, 15, 512]
13:38:32.730350 ALT: 1.19
13:38:32.730754 ACC: [8, 14, 513]
13:38:32.762292 ALT: 1.19
13:38:32.762675 ACC: [8, 15, 512]
13:38:32.794150 ALT: 1.19
13:38:32.794394 ACC: [8, 15, 512]
13:38:32.826322 ALT: 1.19
13:38:32.826648 ACC: [8, 15, 512]
13:38:32.858201 ALT: 1.19
13:38:32.858498 ACC: [8, 15, 512]
13:38:32.890735 ALT: 1.19
13:38:32.891142 ACC: [8, 14, 512]
13:38:32.922490 ALT: 1.19
13:38:32.922718 ACC: [8, 14, 513]
13:38:32.954186 ALT: 1.19
13:38:32.954435 ACC: [8, 15, 513]
13:38:32.986437 ALT: 1.19
13:38:32.986672 ACC: [8, 14, 512]
13:38:33.018074 ALT: 1.19
13:38:33.018394 ACC: [8, 15, 512]
13:38:33.050084 ALT: 1.19
13:38:33.050286 ACC: [9, 15, 512]
13:38:33.082144 ALT: 1.19
13:38:33.082464 ACC: [8, 15, 512]
13:38:33.114172 ALT: 1.19
13:38:33.114502 ACC: [8, 14, 512]
13:38:33.146146 ALT: 1.19
13:38:33.146347 ACC: [8, 15, 512]
13:38:33.178118 ALT: 1.19
13:38:33.178342 ACC: [9, 15, 512]
13:38:33.210135 ALT: 1.19
13:38:33.210501 ACC: [8, 15, 512]
13:38:33.242197 ALT: 1.19
13:38:33.242406 ACC: [8, 15, 512]
13:38:33.274176 ALT: 1.19
13:38:33.274566 ACC: [8, 15, 513]
13:38:33.306182 ALT: 1.19
13:38:33.306397 ACC: [8, 15, 513]
13:38:33.338128 ALT: 1.19
13:38:33.338388 ACC: [8, 14, 512]
13:38:33.370251 ALT: 1.19
13:38:33.370457 ACC: [8, 14, 512]
13:38:33.402226 ALT: 1.19
13:38:33.402499 ACC: [8, 14, 513]
13:38:33.434307 ALT: 1.19
13:38:33.434588 ACC: [8, 14, 512]
13:38:33.466183 ALT: 1.19
13:38:33.466463 ACC: [8, 15, 512]
13:38:33.498258 ALT: 1.19
13:38:33.498493 ACC: [8, 15, 512]
13:38:33.530259 ALT: 1.19
13:38:33.530541 ACC: [9, 14, 512]
13:38:33.562753 ALT: 1.19
13:38:33.563006 ACC: [8, 14, 512]
13:38:33.594809 ALT: 1.19
13:38:33.595064 ACC: [8, 15, 512]
13:38:33.626665 ALT: 1.19
13:38:33.627032 ACC: [9, 15, 512]
13:38:33.658520 ALT: 1.19
13:38:33.658925 ACC: [9, 14, 513]
13:38:33.690729 ALT: 1.25
13:38:33.690987 ACC: [8, 15, 512]
13:38:33.722454 ALT: 1.27
13:38:33.722748 ACC: [8, 15, 513]
13:38:33.754583 ALT: 1.28
13:38:33.754881 ACC: [8, 15, 513]
13:38:33.786202 ALT: 1.28
13:38:33.786440 ACC: [8, 14, 512]
13:38:33.818251 ALT: 1.28
13:38:33.818488 ACC: [8, 14, 512]
13:38:33.850313 ALT: 1.28
13:38:33.850554 ACC: [8, 14, 513]
13:38:33.882310 ALT: 1.28
13:38:33.882590 ACC: [8, 14, 513]
13:38:33.915761 ALT: 1.28
13:38:33.916178 ACC: [8, 14, 512]
13:38:33.967643 ALT: 1.28
13:38:33.968058 ACC: [8, 15, 512]
13:38:34.000184 ALT: 1.28
13:38:34.001260 ACC: [8, 15, 512]
13:38:34.042299 ALT: 1.25
13:38:34.042801 ACC: [8, 15, 512]
13:38:34.074360 ALT: 1.22
13:38:34.074630 ACC: [8, 14, 512]
13:38:34.106355 ALT: 1.21
13:38:34.106625 ACC: [8, 14, 512]
13:38:34.138881 ALT: 1.24
13:38:34.139284 ACC: [8, 14, 513]
13:38:34.170321 ALT: 1.26
13:38:34.170541 ACC: [8, 14, 513]
13:38:34.202354 ALT: 1.28
13:38:34.202585 ACC: [8, 15, 513]
13:38:34.234364 ALT: 1.25
13:38:34.234588 ACC: [8, 14, 513]
13:38:34.266326 ALT: 1.23
13:38:34.266551 ACC: [8, 14, 512]
13:38:34.298430 ALT: 1.21
13:38:34.298694 ACC: [8, 14, 512]
13:38:34.330363 ALT: 1.21
13:38:34.330609 ACC: [8, 14, 512]
13:38:34.362616 ALT: 1.21
13:38:34.362878 ACC: [8, 15, 512]
13:38:34.394463 ALT: 1.21
13:38:34.394672 ACC: [8, 14, 513]
13:38:34.426350 ALT: 1.21
13:38:34.426565 ACC: [8, 14, 512]
13:38:34.458382 ALT: 1.21
13:38:34.458608 ACC: [8, 14, 512]
13:38:34.490581 ALT: 1.21
13:38:34.490937 ACC: [8, 15, 513]
13:38:34.522500 ALT: 1.21
13:38:34.522770 ACC: [8, 15, 512]
13:38:34.554687 ALT: 1.21
13:38:34.554957 ACC: [8, 14, 512]
13:38:34.586328 ALT: 1.21
13:38:34.586548 ACC: [8, 14, 512]
13:38:34.618686 ALT: 1.21
13:38:34.618892 ACC: [8, 14, 512]
13:38:34.650379 ALT: 1.21
13:38:34.650655 ACC: [8, 15, 512]
13:38:34.682412 ALT: 1.21
13:38:34.682644 ACC: [8, 14, 512]
13:38:34.715690 ALT: 1.21
13:38:34.717094 ACC: [8, 14, 513]
13:38:34.746355 ALT: 1.21
13:38:34.746588 ACC: [8, 15, 513]
13:38:34.778377 ALT: 1.21
13:38:34.778612 ACC: [8, 14, 513]
13:38:34.811060 ALT: 1.21
13:38:34.811491 ACC: [8, 14, 513]
13:38:34.842364 ALT: 1.21
13:38:34.842563 ACC: [8, 14, 512]
13:38:34.874809 ALT: 1.21
13:38:34.875041 ACC: [8, 15, 512]
13:38:34.906428 ALT: 1.21
13:38:34.906637 ACC: [8, 14, 512]
13:38:34.938586 ALT: 1.21
13:38:34.938974 ACC: [8, 15, 512]
13:38:34.970412 ALT: 1.21
13:38:34.970655 ACC: [8, 14, 512]
13:38:35.002413 ALT: 1.21
13:38:35.002650 ACC: [8, 15, 513]
13:38:35.035178 ALT: 1.21
13:38:35.036082 ACC: [8, 15, 512]
13:38:35.067113 ALT: 1.21
13:38:35.067318 ACC: [8, 14, 512]
13:38:35.098594 ALT: 1.21
13:38:35.098924 ACC: [8, 14, 512]
13:38:35.130709 ALT: 1.21
13:38:35.131180 ACC: [8, 14, 512]
13:38:35.162750 ALT: 1.21
13:38:35.163250 ACC: [9, 14, 512]
13:38:35.194656 ALT: 1.21
13:38:35.194890 ACC: [9, 15, 512]
13:38:35.226952 ALT: 1.21
13:38:35.227208 ACC: [8, 15, 512]
13:38:35.258704 ALT: 1.21
13:38:35.258945 ACC: [8, 15, 513]
13:38:35.290753 ALT: 1.21
13:38:35.291048 ACC: [8, 15, 513]
13:38:35.322560 ALT: 1.21
13:38:35.322825 ACC: [9, 15, 513]
13:38:35.354562 ALT: 1.21
13:38:35.354830 ACC: [8, 14, 513]
13:38:35.386469 ALT: 1.21
13:38:35.386686 ACC: [8, 14, 512]
13:38:35.418494 ALT: 1.21
13:38:35.418714 ACC: [8, 14, 512]
13:38:35.450470 ALT: 1.15
13:38:35.450699 ACC: [8, 14, 512]
13:38:35.482565 ALT: 1.17
13:38:35.482788 ACC: [8, 14, 512]
13:38:35.514492 ALT: 1.18
13:38:35.514714 ACC: [8, 15, 513]
13:38:35.546805 ALT: 1.16
13:38:35.547409 ACC: [8, 15, 513]
13:38:35.585273 ALT: 1.14
13:38:35.585502 ACC: [8, 15, 513]
13:38:35.610493 ALT: 1.18
13:38:35.610714 ACC: [8, 15, 512]
13:38:35.642505 ALT: 1.19
13:38:35.642732 ACC: [8, 15, 512]
13:38:35.674519 ALT: 1.19
13:38:35.674796 ACC: [8, 15, 512]
13:38:35.707026 ALT: 1.19
13:38:35.707227 ACC: [8, 15, 512]
13:38:35.738525 ALT: 1.19
13:38:35.738758 ACC: [8, 14, 512]
13:38:35.770541 ALT: 1.19
13:38:35.770786 ACC: [8, 14, 512]
13:38:35.818553 ALT: 1.19
13:38:35.818791 ACC: [8, 14, 512]
13:38:35.850542 ALT: 1.19
13:38:35.850781 ACC: [8, 14, 513]
13:38:35.882523 ALT: 1.19
13:38:35.882741 ACC: [8, 14, 513]
13:38:35.914486 ALT: 1.19
13:38:35.914705 ACC: [8, 15, 512]
13:38:35.946507 ALT: 1.19
13:38:35.946800 ACC: [8, 14, 512]
13:38:35.978567 ALT: 1.19
13:38:35.978810 ACC: [8, 14, 512]
13:38:36.010588 ALT: 1.19
13:38:36.010826 ACC: [8, 15, 512]
13:38:36.042566 ALT: 1.19
13:38:36.042776 ACC: [8, 15, 512]
13:38:36.074686 ALT: 1.19
13:38:36.074899 ACC: [8, 14, 512]
13:38:36.106538 ALT: 1.19
13:38:36.106749 ACC: [9, 14, 512]
13:38:36.138554 ALT: 1.19
13:38:36.138770 ACC: [8, 14, 512]
13:38:36.170569 ALT: 1.19
13:38:36.170780 ACC: [8, 14, 512]
13:38:36.202547 ALT: 1.19
13:38:36.202744 ACC: [8, 14, 512]
13:38:36.234535 ALT: 1.19
13:38:36.234734 ACC: [8, 14, 512]
13:38:36.268876 ALT: 1.19
13:38:36.269225 ACC: [8, 15, 512]
13:38:36.298570 ALT: 1.19
13:38:36.298788 ACC: [8, 15, 513]
13:38:36.330710 ALT: 1.19
13:38:36.331094 ACC: [8, 15, 512]
13:38:36.362633 ALT: 1.19
13:38:36.362940 ACC: [8, 15, 513]
13:38:36.394634 ALT: 1.19
13:38:36.394944 ACC: [8, 15, 513]
13:38:36.426756 ALT: 1.19
13:38:36.427087 ACC: [8, 15, 512]
13:38:36.458634 ALT: 1.19
13:38:36.458861 ACC: [9, 14, 512]
13:38:36.490659 ALT: 1.19
13:38:36.490878 ACC: [8, 14, 513]
13:38:36.522612 ALT: 1.19
13:38:36.522841 ACC: [8, 14, 513]
13:38:36.554584 ALT: 1.19
13:38:36.554780 ACC: [8, 14, 512]
13:38:36.586604 ALT: 1.19
13:38:36.586805 ACC: [9, 15, 512]
13:38:36.618580 ALT: 1.19
13:38:36.618782 ACC: [8, 15, 512]
13:38:36.650580 ALT: 1.19
13:38:36.650780 ACC: [9, 15, 512]
13:38:36.682580 ALT: 1.19
13:38:36.682787 ACC: [8, 15, 512]
13:38:36.714589 ALT: 1.19
13:38:36.714789 ACC: [8, 14, 512]
13:38:36.746623 ALT: 1.19
13:38:36.746819 ACC: [8, 15, 512]
13:38:36.778605 ALT: 1.19
13:38:36.778829 ACC: [8, 15, 512]
13:38:36.810609 ALT: 1.19
13:38:36.810827 ACC: [8, 15, 512]
13:38:36.842587 ALT: 1.19
13:38:36.842850 ACC: [8, 14, 512]
13:38:36.874622 ALT: 1.19
13:38:36.874822 ACC: [8, 14, 512]
13:38:36.906672 ALT: 1.19
13:38:36.906877 ACC: [8, 14, 512]
13:38:36.938669 ALT: 1.19
13:38:36.938869 ACC: [8, 15, 512]
13:38:36.970639 ALT: 1.19
13:38:36.970834 ACC: [8, 15, 512]
13:38:37.002692 ALT: 1.19
13:38:37.002890 ACC: [8, 14, 513]
13:38:37.034629 ALT: 1.19
13:38:37.034830 ACC: [8, 15, 513]
13:38:37.066767 ALT: 1.19
13:38:37.066972 ACC: [8, 15, 512]
13:38:37.098713 ALT: 1.19
13:38:37.099103 ACC: [8, 15, 512]
13:38:37.130910 ALT: 1.19
13:38:37.131166 ACC: [8, 15, 512]
13:38:37.162762 ALT: 1.19
13:38:37.163177 ACC: [9, 14, 513]
13:38:37.194720 ALT: 1.19
13:38:37.195029 ACC: [9, 14, 512]
13:38:37.226747 ALT: 1.19
13:38:37.226973 ACC: [9, 15, 512]
13:38:37.258724 ALT: 1.19
13:38:37.259006 ACC: [8, 15, 512]
13:38:37.291292 ALT: 1.19
13:38:37.291594 ACC: [8, 14, 512]
13:38:37.322666 ALT: 1.19
13:38:37.322871 ACC: [8, 14, 512]
13:38:37.354706 ALT: 1.19
13:38:37.354912 ACC: [8, 14, 512]
13:38:37.386662 ALT: 1.19
13:38:37.386864 ACC: [8, 14, 513]
13:38:37.418708 ALT: 1.19
13:38:37.418908 ACC: [8, 14, 512]
13:38:37.450659 ALT: 1.19
13:38:37.450859 ACC: [8, 14, 512]
13:38:37.482692 ALT: 1.19
13:38:37.482892 ACC: [8, 14, 512]
13:38:37.514777 ALT: 1.19
13:38:37.514980 ACC: [8, 15, 512]
13:38:37.546802 ALT: 1.19
13:38:37.547009 ACC: [8, 15, 512]
13:38:37.578739 ALT: 1.19
13:38:37.578959 ACC: [8, 15, 513]
13:38:37.610921 ALT: 1.19
13:38:37.611171 ACC: [8, 14, 513]
13:38:37.658777 ALT: 1.19
13:38:37.659001 ACC: [8, 15, 512]
13:38:37.690770 ALT: 1.19
13:38:37.690988 ACC: [8, 14, 513]
13:38:37.722726 ALT: 1.19
13:38:37.722937 ACC: [8, 14, 513]
13:38:37.754831 ALT: 1.19
13:38:37.755041 ACC: [8, 14, 513]
13:38:37.786751 ALT: 1.19
13:38:37.786958 ACC: [8, 14, 512]
13:38:37.818835 ALT: 1.19
13:38:37.819055 ACC: [8, 14, 512]
13:38:37.850825 ALT: 1.19
13:38:37.851090 ACC: [8, 14, 512]
13:38:37.882860 ALT: 1.19
13:38:37.883068 ACC: [8, 14, 512]
13:38:37.915978 ALT: 1.19
13:38:37.916338 ACC: [8, 14, 513]
13:38:37.946789 ALT: 1.19
13:38:37.947004 ACC: [8, 14, 513]
13:38:37.978774 ALT: 1.19
13:38:37.978993 ACC: [8, 14, 513]
13:38:38.011102 ALT: 1.19
13:38:38.011311 ACC: [8, 15, 512]
13:38:38.042821 ALT: 1.19
13:38:38.043049 ACC: [8, 14, 512]
13:38:38.074808 ALT: 1.19
13:38:38.075087 ACC: [8, 14, 513]
13:38:38.113899 ALT: 1.19
13:38:38.114258 ACC: [8, 14, 512]
13:38:38.139111 ALT: 1.19
13:38:38.139668 ACC: [8, 14, 513]
13:38:38.174841 ALT: 1.19
13:38:38.175098 ACC: [8, 14, 513]
13:38:38.203604 ALT: 1.19
13:38:38.203826 ACC: [9, 14, 513]
13:38:38.235368 ALT: 1.19
13:38:38.235658 ACC: [9, 15, 513]
13:38:38.267117 ALT: 1.19
13:38:38.267342 ACC: [8, 14, 513]
13:38:38.298883 ALT: 1.19
13:38:38.299125 ACC: [8, 15, 512]
13:38:38.331115 ALT: 1.19
13:38:38.331570 ACC: [8, 15, 512]
13:38:38.362935 ALT: 1.19
13:38:38.363188 ACC: [8, 14, 513]
13:38:38.395047 ALT: 1.19
13:38:38.395462 ACC: [8, 14, 512]
13:38:38.426969 ALT: 1.19
13:38:38.427214 ACC: [8, 15, 512]
13:38:38.458884 ALT: 1.19
13:38:38.459109 ACC: [8, 14, 512]
13:38:38.490977 ALT: 1.19
13:38:38.491203 ACC: [8, 15, 513]
13:38:38.522812 ALT: 1.19
13:38:38.523035 ACC: [9, 15, 512]
13:38:38.554878 ALT: 1.19
13:38:38.555089 ACC: [8, 14, 512]
13:38:38.586904 ALT: 1.19
13:38:38.587108 ACC: [8, 14, 512]
13:38:38.618886 ALT: 1.19
13:38:38.619209 ACC: [8, 14, 512]
13:38:38.650912 ALT: 1.19
13:38:38.651134 ACC: [8, 15, 512]
13:38:38.682945 ALT: 1.19
13:38:38.683163 ACC: [8, 15, 513]
13:38:38.714906 ALT: 1.19
13:38:38.715110 ACC: [8, 14, 513]
13:38:38.746888 ALT: 1.19
13:38:38.747092 ACC: [9, 15, 513]
13:38:38.778951 ALT: 1.19
13:38:38.779165 ACC: [8, 14, 512]
13:38:38.810881 ALT: 1.19
13:38:38.811112 ACC: [8, 14, 512]
13:38:38.842948 ALT: 1.19
13:38:38.843152 ACC: [9, 15, 512]
13:38:38.874980 ALT: 1.19
13:38:38.875193 ACC: [8, 14, 513]
13:38:38.906925 ALT: 1.19
13:38:38.907128 ACC: [9, 14, 513]
13:38:38.939004 ALT: 1.19
13:38:38.939218 ACC: [8, 15, 512]
13:38:38.970984 ALT: 1.19
13:38:38.971184 ACC: [8, 14, 512]
13:38:39.002962 ALT: 1.16
13:38:39.003185 ACC: [8, 14, 512]
13:38:39.035079 ALT: 1.14
13:38:39.035278 ACC: [8, 14, 512]
13:38:39.067042 ALT: 1.13
13:38:39.067269 ACC: [8, 15, 512]
13:38:39.099375 ALT: 1.13
13:38:39.099798 ACC: [8, 15, 512]
13:38:39.131132 ALT: 1.13
13:38:39.131555 ACC: [8, 15, 512]
13:38:39.163215 ALT: 1.16
13:38:39.163505 ACC: [8, 15, 512]
13:38:39.195243 ALT: 1.18
13:38:39.195498 ACC: [9, 14, 512]
13:38:39.227495 ALT: 1.19
13:38:39.227873 ACC: [8, 14, 512]
13:38:39.259001 ALT: 1.19
13:38:39.259244 ACC: [8, 14, 513]
13:38:39.291008 ALT: 1.19
13:38:39.291250 ACC: [8, 15, 513]
13:38:39.323026 ALT: 1.19
13:38:39.323257 ACC: [8, 15, 512]
13:38:39.355036 ALT: 1.19
13:38:39.355249 ACC: [8, 14, 512]
13:38:39.390859 ALT: 1.19
13:38:39.391066 ACC: [8, 14, 512]
13:38:39.419493 ALT: 1.19
13:38:39.419739 ACC: [8, 15, 512]
13:38:39.452300 ALT: 1.19
13:38:39.454388 ACC: [8, 14, 512]
13:38:39.499524 ALT: 1.19
13:38:39.499810 ACC: [8, 15, 512]
13:38:39.531361 ALT: 1.19
13:38:39.531694 ACC: [9, 15, 513]
13:38:39.564385 ALT: 1.19
13:38:39.564823 ACC: [9, 14, 512]
13:38:39.595152 ALT: 1.19
13:38:39.595430 ACC: [8, 14, 512]
13:38:39.627363 ALT: 1.19
13:38:39.627638 ACC: [8, 14, 512]
13:38:39.659670 ALT: 1.19
13:38:39.659891 ACC: [8, 14, 512]
13:38:39.691127 ALT: 1.19
13:38:39.691346 ACC: [8, 14, 513]
13:38:39.723139 ALT: 1.19
13:38:39.723368 ACC: [8, 14, 512]
13:38:39.755146 ALT: 1.19
13:38:39.755361 ACC: [8, 14, 512]
13:38:39.787179 ALT: 1.19
13:38:39.787406 ACC: [8, 14, 512]
13:38:39.819130 ALT: 1.19
13:38:39.819358 ACC: [8, 15, 512]
13:38:39.851198 ALT: 1.19
13:38:39.851423 ACC: [8, 14, 513]
13:38:39.883103 ALT: 1.19
13:38:39.883324 ACC: [8, 14, 513]
13:38:39.915132 ALT: 1.19
13:38:39.915351 ACC: [8, 14, 512]
13:38:39.947122 ALT: 1.19
13:38:39.947332 ACC: [8, 14, 512]
13:38:39.979856 ALT: 1.19
13:38:39.980078 ACC: [8, 14, 512]
13:38:40.011136 ALT: 1.19
13:38:40.011399 ACC: [8, 14, 513]
13:38:40.043369 ALT: 1.19
13:38:40.043644 ACC: [8, 14, 513]
13:38:40.075140 ALT: 1.19
13:38:40.075370 ACC: [9, 15, 513]
13:38:40.107126 ALT: 1.19
13:38:40.107356 ACC: [8, 15, 512]
13:38:40.139118 ALT: 1.19
13:38:40.139337 ACC: [8, 14, 512]
13:38:40.171312 ALT: 1.19
13:38:40.171761 ACC: [8, 14, 512]
13:38:40.203392 ALT: 1.19
13:38:40.203655 ACC: [8, 15, 512]
13:38:40.235301 ALT: 1.19
13:38:40.235536 ACC: [8, 15, 512]
13:38:40.267259 ALT: 1.19
13:38:40.267497 ACC: [8, 15, 512]
13:38:40.299276 ALT: 1.19
13:38:40.299602 ACC: [8, 14, 512]
13:38:40.331226 ALT: 1.25
13:38:40.331552 ACC: [8, 15, 512]
13:38:40.363274 ALT: 1.23
13:38:40.363603 ACC: [8, 14, 513]
13:38:40.395317 ALT: 1.22
13:38:40.395616 ACC: [8, 14, 513]
13:38:40.427412 ALT: 1.21
13:38:40.427651 ACC: [8, 14, 512]
13:38:40.459223 ALT: 1.21
13:38:40.459455 ACC: [8, 14, 512]
13:38:40.491169 ALT: 1.21
13:38:40.491375 ACC: [8, 14, 513]
13:38:40.523147 ALT: 1.21
13:38:40.523359 ACC: [8, 15, 512]
13:38:40.555270 ALT: 1.21
13:38:40.555533 ACC: [9, 15, 513]
13:38:40.587244 ALT: 1.21
13:38:40.587494 ACC: [8, 14, 512]
13:38:40.619227 ALT: 1.21
13:38:40.619501 ACC: [8, 14, 512]
13:38:40.651209 ALT: 1.21
13:38:40.651438 ACC: [8, 15, 512]
13:38:40.683240 ALT: 1.21
13:38:40.683498 ACC: [8, 15, 512]
13:38:40.715141 ALT: 1.21
13:38:40.715372 ACC: [9, 14, 512]
13:38:40.747302 ALT: 1.21
13:38:40.747510 ACC: [8, 15, 512]
13:38:40.779432 ALT: 1.21
13:38:40.779793 ACC: [8, 14, 512]
13:38:40.811202 ALT: 1.21
13:38:40.811452 ACC: [8, 14, 512]
13:38:40.843293 ALT: 1.21
13:38:40.843536 ACC: [8, 15, 512]
13:38:40.875306 ALT: 1.21
13:38:40.875567 ACC: [8, 14, 512]
13:38:40.907215 ALT: 1.21
                                                                                                                                                                                                                                                                                                                                                                                                                                                                                                                                                                                                                                                                                                                                                                                                                                                                                                                                                                                                                                                                                                                                                                                                                                                                                                                                                                                                                                                                                                                                                                                                                                                                                                                                                                                                                                                                                                                                                                                                                                                                                         