Waiting for MSP_API_VERSION reply...
Waiting for MSP_FC_VARIANT reply...
{'apiVersion': '1.44.0', 'flightControllerIdentifier': 'BTFL', 'flightControllerVersion': '4.3.2', 'version': 0, 'buildInfo': 'Nov 28 2022 07:26:30', 'multiType': 0, 'msp_version': 0, 'capability': 0, 'cycleTime': 313, 'i2cError': 0, 'activeSensors': 35, 'mode': 2, 'profile': 0, 'uid': [3145761, 858867466, 875836466], 'accelerometerTrims': [0, 0], 'name': '', 'displayName': 'BOARD MODULE', 'numProfiles': 3, 'rateProfile': 0, 'boardType': 2, 'armingDisableCount': 26, 'armingDisableFlags': 4, 'armingDisabled': False, 'runawayTakeoffPreventionDisabled': False, 'boardIdentifier': 'S405', 'boardVersion': 0, 'commCapabilities': 55, 'targetName': 'STM32F405', 'boardName': 'SPEEDYBEEF405V3', 'manufacturerId': 'SPBE', 'signature': [0, 0, 0, 0, 0, 0, 0, 0, 0, 0, 0, 0, 0, 0, 0, 0, 0, 0, 0, 0, 0, 0, 0, 0, 0, 0, 0, 0, 0, 0, 0, 0], 'cpuload': 21, 'mcuTypeId': 3, 'mspProtocolVersion': 0, 'flightModeFlags': []}
13:35:59.430091 ALT: 3.11
13:35:59.445320 ALT: 3.11
13:35:59.461357 ALT: 3.11
13:35:59.477349 ALT: 3.11
13:35:59.493320 ALT: 3.11
13:35:59.509477 ALT: 3.11
13:35:59.525558 ALT: 3.11
13:35:59.541481 ALT: 3.11
13:35:59.557594 ALT: 3.11
13:35:59.573465 ALT: 3.11
13:35:59.589629 ALT: 3.11
13:35:59.605530 ALT: 3.11
13:35:59.624048 ALT: 3.11
13:35:59.637387 ALT: 3.11
13:35:59.653656 ALT: 3.11
13:35:59.670318 ALT: 3.11
13:35:59.691219 ALT: 3.11
13:35:59.711485 ALT: 3.11
13:35:59.733744 ALT: 3.11
13:35:59.750757 ALT: 3.11
13:35:59.766451 ALT: 3.11
13:35:59.781961 ALT: 3.11
Easycap format used: ImageFormat(type=<BufType.VIDEO_CAPTURE: 1>, description='YUYV 4:2:2', flags=<ImageFormatFlag.0: 0>, pixel_format=<PixelFormat.YUYV: 1448695129>)
13:35:59.799072 ALT: 3.11
13:35:59.818183 ALT: 3.11
13:35:59.829559 ALT: 3.11
13:35:59.845541 ALT: 3.11
13:35:59.861570 ALT: 3.11
13:35:59.877881 ALT: 3.11
13:35:59.894833 ALT: 3.11
13:35:59.913656 ALT: 3.11
13:35:59.925631 ALT: 3.11
13:35:59.942488 ALT: 3.11
13:35:59.957543 ALT: 3.11
13:35:59.973913 ALT: 3.11
13:35:59.992114 ALT: 3.11
13:36:00.023008 ALT: 3.11
13:36:00.037846 ALT: 3.08
13:36:00.053723 ALT: 3.06
13:36:00.069847 ALT: 3.06
13:36:00.088471 ALT: 3.05
13:36:00.102171 ALT: 3.05
13:36:00.118291 ALT: 3.05
13:36:00.133659 ALT: 3.05
13:36:00.151285 ALT: 3.05
13:36:00.165638 ALT: 3.05
13:36:00.181659 ALT: 3.05
13:36:00.197742 ALT: 3.05
13:36:00.213791 ALT: 3.05
Initialize navigation params:
Delay=0.01, Kp=1.0, Ki=0.0, Kd=0.005
13:36:00.231414 ALT: 3.05
