Waiting for MSP_API_VERSION reply...
Waiting for MSP_FC_VARIANT reply...
{'apiVersion': '1.44.0', 'flightControllerIdentifier': 'BTFL', 'flightControllerVersion': '4.3.2', 'version': 0, 'buildInfo': 'Nov 28 2022 07:26:30', 'multiType': 0, 'msp_version': 0, 'capability': 0, 'cycleTime': 313, 'i2cError': 0, 'activeSensors': 35, 'mode': 2, 'profile': 0, 'uid': [3145761, 858867466, 875836466], 'accelerometerTrims': [0, 0], 'name': '', 'displayName': 'BOARD MODULE', 'numProfiles': 3, 'rateProfile': 0, 'boardType': 2, 'armingDisableCount': 26, 'armingDisableFlags': 4, 'armingDisabled': False, 'runawayTakeoffPreventionDisabled': False, 'boardIdentifier': 'S405', 'boardVersion': 0, 'commCapabilities': 55, 'targetName': 'STM32F405', 'boardName': 'SPEEDYBEEF405V3', 'manufacturerId': 'SPBE', 'signature': [0, 0, 0, 0, 0, 0, 0, 0, 0, 0, 0, 0, 0, 0, 0, 0, 0, 0, 0, 0, 0, 0, 0, 0, 0, 0, 0, 0, 0, 0, 0, 0], 'cpuload': 21, 'mcuTypeId': 3, 'mspProtocolVersion': 0, 'flightModeFlags': []}
13:12:11.279266 CPU: 70.1°C
13:12:11.279266 GPU: 71.5°C
13:12:11.279266 ALT: 2.79
13:12:11.279266 ACC: [-1, -26, 509]
13:12:11.279266 GYR: [2, -1, -1]
13:12:11.279266 ATT: [-2.9, 0.0, 358]
13:12:11.279266 VOL: 15.27
Easycap format used: ImageFormat(type=<BufType.VIDEO_CAPTURE: 1>, description='YUYV 4:2:2', flags=<ImageFormatFlag.0: 0>, pixel_format=<PixelFormat.YUYV: 1448695129>)
13:12:11.361977 CPU: 72.1°C
13:12:11.361977 GPU: 72.0°C
13:12:11.361977 ALT: 2.79
13:12:11.361977 ACC: [0, -26, 509]
13:12:11.361977 GYR: [-1, 2, 2]
13:12:11.361977 ATT: [-2.9, 0.0, 358]
13:12:11.361977 VOL: 15.27
13:12:11.436233 CPU: 71.1°C
13:12:11.436233 GPU: 72.0°C
13:12:11.436233 ALT: 2.79
13:12:11.436233 ACC: [0, -28, 509]
13:12:11.436233 GYR: [-1, 0, 1]
13:12:11.436233 ATT: [-2.9, 0.0, 358]
13:12:11.436233 VOL: 15.27
13:12:11.523112 CPU: 71.1°C
13:12:11.523112 GPU: 71.1°C
13:12:11.523112 ALT: 2.79
13:12:11.523112 ACC: [0, -25, 509]
13:12:11.523112 GYR: [1, 2, -2]
13:12:11.523112 ATT: [-2.9, 0.0, 358]
13:12:11.523112 VOL: 15.26
Initialize navigation params:
Delay=0.1, α=0.85, β=0.005, Kp=5
Starting Main workflow
13:12:11.599136 CPU: 71.6°C
13:12:11.599136 GPU: 72.5°C
13:12:11.599136 ALT: 2.79
13:12:11.599136 ACC: [0, -26, 510]
13:12:11.599136 GYR: [0, 1, 0]
13:12:11.599136 ATT: [-2.9, 0.0, 358]
13:12:11.599136 VOL: 15.26
13:12:11.716601 CPU: 71.6°C
13:12:11.716601 GPU: 71.5°C
13:12:11.716601 ALT: 2.79
13:12:11.716601 ACC: [0, -26, 510]
13:12:11.716601 GYR: [2, 1, 2]
13:12:11.716601 ATT: [-2.9, 0.0, 358]
13:12:11.716601 VOL: 15.26
13:12:11.853556 CPU: 71.6°C
13:12:11.853556 GPU: 71.5°C
13:12:11.853556 ALT: 2.88
13:12:11.853556 ACC: [0, -25, 509]
13:12:11.853556 GYR: [-1, -2, 2]
13:12:11.853556 ATT: [-2.9, 0.0, 358]
13:12:11.853556 VOL: 15.26
13:12:11.966164 CPU: 71.1°C
13:12:11.966164 GPU: 71.1°C
13:12:11.966164 ALT: 2.88
13:12:11.966164 ACC: [1, -26, 510]
13:12:11.966164 GYR: [-1, -1, -1]
13:12:11.966164 ATT: [-2.9, 0.0, 358]
13:12:11.966164 VOL: 15.26
13:12:12.086063 CPU: 71.6°C
13:12:12.086063 GPU: 72.0°C
13:12:12.086063 ALT: 2.88
13:12:12.086063 ACC: [1, -23, 509]
13:12:12.086063 GYR: [3, -2, 1]
13:12:12.086063 ATT: [-2.9, 0.0, 358]
13:12:12.086063 VOL: 15.26
13:12:12.181055 CPU: 72.1°C
13:12:12.181055 GPU: 72.0°C
13:12:12.181055 ALT: 2.88
13:12:12.181055 ACC: [0, -26, 510]
13:12:12.181055 GYR: [1, 0, -3]
13:12:12.181055 ATT: [-2.9, 0.0, 358]
13:12:12.181055 VOL: 15.26
13:12:12.259915 CPU: 72.1°C
13:12:12.259915 GPU: 72.0°C
13:12:12.259915 ALT: 2.88
13:12:12.259915 ACC: [0, -26, 509]
13:12:12.259915 GYR: [-1, -4, 1]
13:12:12.259915 ATT: [-2.9, 0.0, 358]
13:12:12.259915 VOL: 15.27
13:12:12.339475 CPU: 71.1°C
13:12:12.339475 GPU: 71.5°C
13:12:12.339475 ALT: 2.88
13:12:12.339475 ACC: [0, -26, 509]
13:12:12.339475 GYR: [0, -1, 0]
13:12:12.339475 ATT: [-2.9, 0.0, 358]
13:12:12.339475 VOL: 15.26
13:12:12.419207 CPU: 72.5°C
13:12:12.419207 GPU: 71.1°C
13:12:12.419207 ALT: 2.88
13:12:12.419207 ACC: [0, -25, 510]
13:12:12.419207 GYR: [-1, -1, 2]
13:12:12.419207 ATT: [-2.9, 0.0, 358]
13:12:12.419207 VOL: 15.27
13:12:12.503865 CPU: 70.6°C
13:12:12.503865 GPU: 70.6°C
13:12:12.503865 ALT: 2.88
13:12:12.503865 ACC: [0, -26, 509]
13:12:12.503865 GYR: [0, 3, -3]
13:12:12.503865 ATT: [-2.9, 0.0, 358]
13:12:12.503865 VOL: 15.26
13:12:12.581241 CPU: 71.1°C
13:12:12.581241 GPU: 71.5°C
13:12:12.581241 ALT: 2.88
13:12:12.581241 ACC: [0, -26, 509]
13:12:12.581241 GYR: [0, 0, 1]
13:12:12.581241 ATT: [-2.9, 0.0, 358]
13:12:12.581241 VOL: 15.26
13:12:12.657792 CPU: 71.6°C
13:12:12.657792 GPU: 71.5°C
13:12:12.657792 ALT: 2.88
13:12:12.657792 ACC: [0, -26, 509]
13:12:12.657792 GYR: [1, 2, 2]
13:12:12.657792 ATT: [-2.9, 0.0, 358]
13:12:12.657792 VOL: 15.26
13:12:12.735221 CPU: 71.6°C
13:12:12.735221 GPU: 71.5°C
13:12:12.735221 ALT: 2.88
13:12:12.735221 ACC: [0, -26, 509]
13:12:12.735221 GYR: [0, 2, -1]
13:12:12.735221 ATT: [-2.9, 0.0, 358]
13:12:12.735221 VOL: 15.26
13:12:12.816629 CPU: 71.1°C
13:12:12.816629 GPU: 71.1°C
13:12:12.816629 ALT: 2.88
13:12:12.816629 ACC: [1, -24, 510]
13:12:12.816629 GYR: [-1, 1, 1]
13:12:12.816629 ATT: [-2.9, 0.0, 358]
13:12:12.816629 VOL: 15.26
13:12:12.905254 CPU: 71.6°C
13:12:12.905254 GPU: 72.0°C
13:12:12.905254 ALT: 2.88
13:12:12.905254 ACC: [0, -26, 509]
13:12:12.905254 GYR: [0, 1, 2]
13:12:12.905254 ATT: [-2.9, 0.0, 358]
13:12:12.905254 VOL: 15.26
13:12:12.998777 CPU: 70.6°C
13:12:12.998777 GPU: 70.6°C
13:12:12.998777 ALT: 2.88
13:12:12.998777 ACC: [0, -26, 510]
13:12:12.998777 GYR: [-2, 0, 2]
13:12:12.998777 ATT: [-2.9, 0.0, 358]
13:12:12.998777 VOL: 15.27
13:12:13.090763 CPU: 70.6°C
13:12:13.090763 GPU: 71.5°C
13:12:13.090763 ALT: 2.88
13:12:13.090763 ACC: [1, -26, 509]
13:12:13.090763 GYR: [0, -2, 2]
13:12:13.090763 ATT: [-2.9, 0.0, 358]
13:12:13.090763 VOL: 15.26
13:12:13.182191 CPU: 70.6°C
13:12:13.182191 GPU: 71.5°C
13:12:13.182191 ALT: 2.88
13:12:13.182191 ACC: [0, -25, 509]
13:12:13.182191 GYR: [0, 1, 1]
13:12:13.182191 ATT: [-2.9, 0.0, 358]
13:12:13.182191 VOL: 15.26
13:12:13.288233 CPU: 70.6°C
13:12:13.288233 GPU: 71.5°C
13:12:13.288233 ALT: 2.88
13:12:13.288233 ACC: [0, -26, 508]
13:12:13.288233 GYR: [2, 2, -1]
13:12:13.288233 ATT: [-2.9, 0.0, 358]
13:12:13.288233 VOL: 15.27
13:12:13.411611 CPU: 71.6°C
13:12:13.411611 GPU: 72.0°C
13:12:13.411611 ALT: 2.88
13:12:13.411611 ACC: [0, -24, 509]
13:12:13.411611 GYR: [0, 0, -2]
13:12:13.411611 ATT: [-2.9, 0.0, 358]
13:12:13.411611 VOL: 15.27
13:12:13.508005 CPU: 71.1°C
13:12:13.508005 GPU: 72.0°C
13:12:13.508005 ALT: 2.88
13:12:13.508005 ACC: [0, -26, 508]
13:12:13.508005 GYR: [1, 1, 0]
13:12:13.508005 ATT: [-2.9, 0.0, 358]
13:12:13.508005 VOL: 15.26
13:12:13.615932 CPU: 71.1°C
13:12:13.615932 GPU: 71.1°C
13:12:13.615932 ALT: 2.88
13:12:13.615932 ACC: [1, -26, 508]
13:12:13.615932 GYR: [-1, -2, 0]
13:12:13.615932 ATT: [-2.9, 0.0, 358]
13:12:13.615932 VOL: 15.26
13:12:13.707866 CPU: 72.1°C
13:12:13.707866 GPU: 71.5°C
13:12:13.707866 ALT: 2.88
13:12:13.707866 ACC: [0, -22, 510]
13:12:13.707866 GYR: [0, 2, 0]
13:12:13.707866 ATT: [-2.9, 0.0, 358]
13:12:13.707866 VOL: 15.26
13:12:13.820715 CPU: 70.6°C
13:12:13.820715 GPU: 70.6°C
13:12:13.820715 ALT: 2.88
13:12:13.820715 ACC: [0, -26, 508]
13:12:13.820715 GYR: [2, -1, 1]
13:12:13.820715 ATT: [-2.9, 0.0, 358]
13:12:13.820715 VOL: 15.26
13:12:13.906637 CPU: 71.6°C
13:12:13.906637 GPU: 71.1°C
13:12:13.906637 ALT: 2.88
13:12:13.906637 ACC: [0, -26, 509]
13:12:13.906637 GYR: [-1, -1, 1]
13:12:13.906637 ATT: [-2.9, 0.0, 358]
13:12:13.906637 VOL: 15.26
13:12:14.023250 CPU: 72.1°C
13:12:14.023250 GPU: 72.0°C
13:12:14.023250 ALT: 2.88
13:12:14.023250 ACC: [1, -26, 509]
13:12:14.023250 GYR: [1, 3, 1]
13:12:14.023250 ATT: [-2.9, 0.0, 358]
13:12:14.023250 VOL: 15.26
13:12:14.119662 CPU: 71.6°C
13:12:14.119662 GPU: 71.5°C
13:12:14.119662 ALT: 2.88
13:12:14.119662 ACC: [0, -26, 508]
13:12:14.119662 GYR: [-1, 0, 2]
13:12:14.119662 ATT: [-2.9, 0.0, 358]
13:12:14.119662 VOL: 15.26
13:12:14.217253 CPU: 72.5°C
13:12:14.217253 GPU: 71.5°C
13:12:14.217253 ALT: 2.88
13:12:14.217253 ACC: [0, -26, 509]
13:12:14.217253 GYR: [0, -1, -2]
13:12:14.217253 ATT: [-2.9, 0.0, 358]
13:12:14.217253 VOL: 15.26
13:12:14.309639 CPU: 70.6°C
13:12:14.309639 GPU: 71.1°C
13:12:14.309639 ALT: 2.88
13:12:14.309639 ACC: [0, -26, 508]
13:12:14.309639 GYR: [-1, 0, 0]
13:12:14.309639 ATT: [-2.9, 0.0, 358]
13:12:14.309639 VOL: 15.26
13:12:14.397656 CPU: 72.1°C
13:12:14.397656 GPU: 72.5°C
13:12:14.397656 ALT: 2.88
13:12:14.397656 ACC: [0, -23, 508]
13:12:14.397656 GYR: [0, 0, 3]
13:12:14.397656 ATT: [-2.9, 0.0, 358]
13:12:14.397656 VOL: 15.26
13:12:14.527685 CPU: 73.0°C
13:12:14.527685 GPU: 72.0°C
13:12:14.527685 ALT: 2.88
13:12:14.527685 ACC: [1, -26, 509]
13:12:14.527685 GYR: [-2, -1, -1]
13:12:14.527685 ATT: [-2.9, 0.0, 358]
13:12:14.527685 VOL: 15.26
13:12:14.616648 CPU: 71.6°C
13:12:14.616648 GPU: 71.5°C
13:12:14.616648 ALT: 2.88
13:12:14.616648 ACC: [0, -26, 509]
13:12:14.616648 GYR: [-1, 0, 0]
13:12:14.616648 ATT: [-2.9, 0.0, 358]
13:12:14.616648 VOL: 15.26
13:12:14.705521 CPU: 71.6°C
13:12:14.705521 GPU: 71.1°C
13:12:14.705521 ALT: 2.88
13:12:14.705521 ACC: [-1, -24, 508]
13:12:14.705521 GYR: [0, 3, 2]
13:12:14.705521 ATT: [-2.9, 0.0, 358]
13:12:14.705521 VOL: 15.26
13:12:14.800378 CPU: 72.1°C
13:12:14.800378 GPU: 72.0°C
13:12:14.800378 ALT: 2.88
13:12:14.800378 ACC: [0, -26, 508]
13:12:14.800378 GYR: [0, 3, 0]
13:12:14.800378 ATT: [-2.9, 0.0, 358]
13:12:14.800378 VOL: 15.26
13:12:14.905965 CPU: 73.0°C
13:12:14.905965 GPU: 72.5°C
13:12:14.905965 ALT: 2.88
13:12:14.905965 ACC: [0, -26, 508]
13:12:14.905965 GYR: [-1, 0, -1]
13:12:14.905965 ATT: [-2.9, 0.0, 358]
13:12:14.905965 VOL: 15.26
13:12:14.997007 CPU: 72.1°C
13:12:14.997007 GPU: 72.5°C
13:12:14.997007 ALT: 2.88
13:12:14.997007 ACC: [0, -26, 508]
13:12:14.997007 GYR: [0, -1, 0]
13:12:14.997007 ATT: [-2.9, 0.0, 358]
13:12:14.997007 VOL: 15.26
13:12:15.084121 CPU: 72.5°C
13:12:15.084121 GPU: 72.5°C
13:12:15.084121 ALT: 2.88
13:12:15.084121 ACC: [0, -25, 508]
13:12:15.084121 GYR: [-1, 1, 0]
13:12:15.084121 ATT: [-2.9, 0.0, 358]
13:12:15.084121 VOL: 15.26
13:12:15.183025 CPU: 71.6°C
13:12:15.183025 GPU: 71.5°C
13:12:15.183025 ALT: 2.88
13:12:15.183025 ACC: [0, -26, 508]
13:12:15.183025 GYR: [-1, 2, 0]
13:12:15.183025 ATT: [-2.9, 0.0, 358]
13:12:15.183025 VOL: 15.26
13:12:15.268740 CPU: 72.1°C
13:12:15.268740 GPU: 72.5°C
13:12:15.268740 ALT: 2.88
13:12:15.268740 ACC: [0, -25, 509]
13:12:15.268740 GYR: [0, 2, 1]
13:12:15.268740 ATT: [-2.9, 0.0, 358]
13:12:15.268740 VOL: 15.26
13:12:15.350823 CPU: 71.1°C
13:12:15.350823 GPU: 71.1°C
13:12:15.350823 ALT: 2.88
13:12:15.350823 ACC: [0, -26, 508]
13:12:15.350823 GYR: [-1, 2, 3]
13:12:15.350823 ATT: [-2.9, 0.0, 358]
13:12:15.350823 VOL: 15.26
13:12:15.445217 CPU: 72.1°C
13:12:15.445217 GPU: 72.0°C
13:12:15.445217 ALT: 2.88
13:12:15.445217 ACC: [0, -26, 509]
13:12:15.445217 GYR: [0, -1, -2]
13:12:15.445217 ATT: [-2.9, 0.0, 358]
13:12:15.445217 VOL: 15.26
13:12:15.542517 CPU: 71.6°C
13:12:15.542517 GPU: 71.1°C
13:12:15.542517 ALT: 2.88
13:12:15.542517 ACC: [0, -25, 508]
13:12:15.542517 GYR: [1, -2, 1]
13:12:15.542517 ATT: [-2.9, 0.0, 358]
13:12:15.542517 VOL: 15.26
13:12:15.632713 CPU: 73.0°C
13:12:15.632713 GPU: 72.0°C
13:12:15.632713 ALT: 2.88
13:12:15.632713 ACC: [0, -27, 508]
13:12:15.632713 GYR: [0, 1, 1]
13:12:15.632713 ATT: [-2.9, 0.0, 358]
13:12:15.632713 VOL: 15.26
13:12:15.724231 CPU: 71.1°C
13:12:15.724231 GPU: 71.1°C
13:12:15.724231 ALT: 2.88
13:12:15.724231 ACC: [1, -26, 508]
13:12:15.724231 GYR: [-1, 0, 1]
13:12:15.724231 ATT: [-2.9, 0.0, 358]
13:12:15.724231 VOL: 15.26
13:12:15.823880 CPU: 71.6°C
13:12:15.823880 GPU: 71.5°C
13:12:15.823880 ALT: 2.88
13:12:15.823880 ACC: [0, -25, 508]
13:12:15.823880 GYR: [-1, 0, 2]
13:12:15.823880 ATT: [-2.9, 0.0, 358]
13:12:15.823880 VOL: 15.26
13:12:15.911908 CPU: 72.1°C
13:12:15.911908 GPU: 72.0°C
13:12:15.911908 ALT: 2.88
13:12:15.911908 ACC: [0, -25, 507]
13:12:15.911908 GYR: [1, 1, -1]
13:12:15.911908 ATT: [-2.9, 0.0, 358]
13:12:15.911908 VOL: 15.26
13:12:16.013630 CPU: 71.6°C
13:12:16.013630 GPU: 71.5°C
13:12:16.013630 ALT: 2.88
13:12:16.013630 ACC: [0, -25, 508]
13:12:16.013630 GYR: [0, 3, -1]
13:12:16.013630 ATT: [-2.9, 0.0, 358]
13:12:16.013630 VOL: 15.27
13:12:16.106815 CPU: 73.0°C
13:12:16.106815 GPU: 73.0°C
13:12:16.106815 ALT: 2.88
13:12:16.106815 ACC: [0, -26, 508]
13:12:16.106815 GYR: [0, 2, 0]
13:12:16.106815 ATT: [-2.9, 0.0, 358]
13:12:16.106815 VOL: 15.26
13:12:16.207715 CPU: 72.5°C
13:12:16.207715 GPU: 72.0°C
13:12:16.207715 ALT: 2.88
13:12:16.207715 ACC: [0, -25, 508]
13:12:16.207715 GYR: [1, 0, 1]
13:12:16.207715 ATT: [-2.9, 0.0, 358]
13:12:16.207715 VOL: 15.26
13:12:16.299035 CPU: 72.1°C
13:12:16.299035 GPU: 72.0°C
13:12:16.299035 ALT: 2.88
13:12:16.299035 ACC: [0, -25, 508]
13:12:16.299035 GYR: [-1, 0, 3]
13:12:16.299035 ATT: [-2.8, 0.0, 358]
13:12:16.299035 VOL: 15.27
13:12:16.399932 CPU: 72.5°C
13:12:16.399932 GPU: 74.0°C
13:12:16.399932 ALT: 2.88
13:12:16.399932 ACC: [0, -26, 508]
13:12:16.399932 GYR: [0, 0, 0]
13:12:16.399932 ATT: [-2.8, 0.0, 358]
13:12:16.399932 VOL: 15.27
13:12:16.495559 CPU: 71.6°C
13:12:16.495559 GPU: 73.0°C
13:12:16.495559 ALT: 2.88
13:12:16.495559 ACC: [-1, -26, 507]
13:12:16.495559 GYR: [0, 2, 3]
13:12:16.495559 ATT: [-2.9, 0.0, 358]
13:12:16.495559 VOL: 15.27
13:12:16.586466 CPU: 71.6°C
13:12:16.586466 GPU: 71.5°C
13:12:16.586466 ALT: 2.88
13:12:16.586466 ACC: [0, -27, 508]
13:12:16.586466 GYR: [-1, 1, 0]
13:12:16.586466 ATT: [-2.9, 0.0, 358]
13:12:16.586466 VOL: 15.27
13:12:16.679458 CPU: 72.1°C
13:12:16.679458 GPU: 72.5°C
13:12:16.679458 ALT: 2.88
13:12:16.679458 ACC: [-1, -26, 508]
13:12:16.679458 GYR: [-2, 2, 1]
13:12:16.679458 ATT: [-2.9, 0.0, 358]
13:12:16.679458 VOL: 15.27
13:12:16.802108 CPU: 73.5°C
13:12:16.802108 GPU: 72.5°C
13:12:16.802108 ALT: 2.88
13:12:16.802108 ACC: [0, -26, 509]
13:12:16.802108 GYR: [-1, 0, 1]
13:12:16.802108 ATT: [-2.9, 0.0, 358]
13:12:16.802108 VOL: 15.27
13:12:16.928945 CPU: 73.0°C
13:12:16.928945 GPU: 73.0°C
13:12:16.928945 ALT: 2.88
13:12:16.928945 ACC: [0, -26, 509]
13:12:16.928945 GYR: [-2, -1, -2]
13:12:16.928945 ATT: [-2.9, 0.0, 358]
13:12:16.928945 VOL: 15.27
13:12:17.052402 CPU: 73.0°C
13:12:17.052402 GPU: 72.5°C
13:12:17.052402 ALT: 2.88
13:12:17.052402 ACC: [0, -25, 508]
13:12:17.052402 GYR: [0, -2, -1]
13:12:17.052402 ATT: [-2.9, 0.0, 358]
13:12:17.052402 VOL: 15.26
13:12:17.221102 CPU: 72.1°C
13:12:17.221102 GPU: 72.5°C
13:12:17.221102 ALT: 2.88
13:12:17.221102 ACC: [-1, -30, 509]
13:12:17.221102 GYR: [-1, -1, 0]
13:12:17.221102 ATT: [-2.9, 0.0, 358]
13:12:17.221102 VOL: 15.26
13:12:17.321867 CPU: 72.1°C
13:12:17.321867 GPU: 72.0°C
13:12:17.321867 ALT: 2.88
13:12:17.321867 ACC: [0, -25, 508]
13:12:17.321867 GYR: [-1, 0, 3]
13:12:17.321867 ATT: [-3.0, 0.0, 358]
13:12:17.321867 VOL: 15.26
13:12:17.414536 CPU: 72.1°C
13:12:17.414536 GPU: 73.0°C
13:12:17.414536 ALT: 2.88
13:12:17.414536 ACC: [0, -26, 508]
13:12:17.414536 GYR: [-3, -3, 0]
13:12:17.414536 ATT: [-2.9, 0.0, 358]
13:12:17.414536 VOL: 15.26
13:12:17.498172 CPU: 73.0°C
13:12:17.498172 GPU: 73.5°C
13:12:17.498172 ALT: 2.88
13:12:17.498172 ACC: [1, -27, 509]
13:12:17.498172 GYR: [-1, -2, 1]
13:12:17.498172 ATT: [-3.0, 0.0, 358]
13:12:17.498172 VOL: 15.25
13:12:17.585999 CPU: 73.0°C
13:12:17.585999 GPU: 73.0°C
13:12:17.585999 ALT: 2.88
13:12:17.585999 ACC: [0, -25, 509]
13:12:17.585999 GYR: [1, 2, 1]
13:12:17.585999 ATT: [-2.9, 0.0, 358]
13:12:17.585999 VOL: 15.25
13:12:17.665959 CPU: 72.5°C
13:12:17.665959 GPU: 71.5°C
13:12:17.665959 ALT: 2.88
13:12:17.665959 ACC: [0, -26, 510]
13:12:17.665959 GYR: [-2, 0, 2]
13:12:17.665959 ATT: [-2.9, 0.0, 358]
13:12:17.665959 VOL: 15.25
13:12:17.751338 CPU: 73.5°C
13:12:17.751338 GPU: 73.5°C
13:12:17.751338 ALT: 2.88
13:12:17.751338 ACC: [0, -26, 508]
13:12:17.751338 GYR: [0, 0, -3]
13:12:17.751338 ATT: [-2.9, 0.0, 358]
13:12:17.751338 VOL: 15.26
13:12:17.848563 CPU: 72.5°C
13:12:17.848563 GPU: 72.0°C
13:12:17.848563 ALT: 2.88
13:12:17.848563 ACC: [0, -26, 510]
13:12:17.848563 GYR: [-1, -1, 0]
13:12:17.848563 ATT: [-3.0, 0.0, 358]
13:12:17.848563 VOL: 15.25
13:12:17.935505 CPU: 73.0°C
13:12:17.935505 GPU: 73.0°C
13:12:17.935505 ALT: 2.88
13:12:17.935505 ACC: [-1, -26, 509]
13:12:17.935505 GYR: [0, -4, -1]
13:12:17.935505 ATT: [-3.0, 0.0, 358]
13:12:17.935505 VOL: 15.25
13:12:18.016975 CPU: 71.1°C
13:12:18.016975 GPU: 72.0°C
13:12:18.016975 ALT: 2.88
13:12:18.016975 ACC: [0, -27, 510]
13:12:18.016975 GYR: [3, -1, 0]
13:12:18.016975 ATT: [-3.0, 0.0, 358]
13:12:18.016975 VOL: 15.25
13:12:18.096766 CPU: 72.5°C
13:12:18.096766 GPU: 73.5°C
13:12:18.096766 ALT: 2.88
13:12:18.096766 ACC: [0, -25, 508]
13:12:18.096766 GYR: [2, 0, 1]
13:12:18.096766 ATT: [-3.0, 0.0, 358]
13:12:18.096766 VOL: 15.25
13:12:18.177942 CPU: 72.5°C
13:12:18.177942 GPU: 72.5°C
13:12:18.177942 ALT: 2.88
13:12:18.177942 ACC: [0, -27, 510]
13:12:18.177942 GYR: [-1, -3, 1]
13:12:18.177942 ATT: [-3.0, 0.0, 358]
13:12:18.177942 VOL: 15.25
13:12:18.263249 CPU: 72.1°C
13:12:18.263249 GPU: 73.0°C
13:12:18.263249 ALT: 2.88
13:12:18.263249 ACC: [0, -26, 509]
13:12:18.263249 GYR: [1, 1, 1]
13:12:18.263249 ATT: [-3.0, 0.0, 358]
13:12:18.263249 VOL: 15.25
13:12:18.360279 CPU: 72.1°C
13:12:18.360279 GPU: 71.5°C
13:12:18.360279 ALT: 2.88
13:12:18.360279 ACC: [0, -26, 509]
13:12:18.360279 GYR: [-2, 0, -2]
13:12:18.360279 ATT: [-2.9, 0.0, 358]
13:12:18.360279 VOL: 15.25
13:12:18.475911 CPU: 72.5°C
13:12:18.475911 GPU: 72.5°C
13:12:18.475911 ALT: 2.88
13:12:18.475911 ACC: [1, -29, 509]
13:12:18.475911 GYR: [0, -3, -2]
13:12:18.475911 ATT: [-2.9, 0.0, 358]
13:12:18.475911 VOL: 15.25
13:12:18.564522 CPU: 72.5°C
13:12:18.564522 GPU: 72.0°C
13:12:18.564522 ALT: 2.88
13:12:18.564522 ACC: [0, -25, 509]
13:12:18.564522 GYR: [1, 0, 0]
13:12:18.564522 ATT: [-3.0, 0.0, 358]
13:12:18.564522 VOL: 15.26
13:12:18.643782 CPU: 72.5°C
13:12:18.643782 GPU: 72.5°C
13:12:18.643782 ALT: 2.88
13:12:18.643782 ACC: [0, -25, 509]
13:12:18.643782 GYR: [0, 1, 0]
13:12:18.643782 ATT: [-3.0, 0.0, 358]
13:12:18.643782 VOL: 15.26
13:12:18.732664 CPU: 73.0°C
13:12:18.732664 GPU: 71.5°C
13:12:18.732664 ALT: 2.88
13:12:18.732664 ACC: [0, -26, 509]
13:12:18.732664 GYR: [0, -1, -2]
13:12:18.732664 ATT: [-2.9, 0.0, 358]
13:12:18.732664 VOL: 15.26
13:12:18.819487 CPU: 71.1°C
13:12:18.819487 GPU: 71.1°C
13:12:18.819487 ALT: 2.88
13:12:18.819487 ACC: [0, -26, 509]
13:12:18.819487 GYR: [0, 0, 1]
13:12:18.819487 ATT: [-3.0, 0.0, 358]
13:12:18.819487 VOL: 15.26
13:12:18.902841 CPU: 71.6°C
13:12:18.902841 GPU: 71.5°C
13:12:18.902841 ALT: 2.88
13:12:18.902841 ACC: [0, -26, 509]
13:12:18.902841 GYR: [-1, -2, 2]
13:12:18.902841 ATT: [-2.9, 0.0, 358]
13:12:18.902841 VOL: 15.25
13:12:18.998565 CPU: 71.1°C
13:12:18.998565 GPU: 71.1°C
13:12:18.998565 ALT: 2.88
13:12:18.998565 ACC: [0, -26, 508]
13:12:18.998565 GYR: [1, 0, 2]
13:12:18.998565 ATT: [-2.9, 0.0, 358]
13:12:18.998565 VOL: 15.25
13:12:19.073826 CPU: 72.5°C
13:12:19.073826 GPU: 72.0°C
13:12:19.073826 ALT: 2.88
13:12:19.073826 ACC: [0, -26, 508]
13:12:19.073826 GYR: [1, -1, -2]
13:12:19.073826 ATT: [-2.9, 0.0, 358]
13:12:19.073826 VOL: 15.25
13:12:19.164735 CPU: 72.1°C
13:12:19.164735 GPU: 72.0°C
13:12:19.164735 ALT: 2.88
13:12:19.164735 ACC: [0, -26, 509]
13:12:19.164735 GYR: [-2, 0, 0]
13:12:19.164735 ATT: [-3.0, 0.0, 358]
13:12:19.164735 VOL: 15.26
13:12:19.253996 CPU: 73.0°C
13:12:19.253996 GPU: 72.5°C
13:12:19.253996 ALT: 2.88
13:12:19.253996 ACC: [0, -26, 508]
13:12:19.253996 GYR: [1, 2, 1]
13:12:19.253996 ATT: [-2.9, 0.0, 358]
13:12:19.253996 VOL: 15.26
13:12:19.347605 CPU: 72.5°C
13:12:19.347605 GPU: 72.0°C
13:12:19.347605 ALT: 2.88
13:12:19.347605 ACC: [0, -26, 509]
13:12:19.347605 GYR: [0, 1, 0]
13:12:19.347605 ATT: [-2.9, 0.0, 358]
13:12:19.347605 VOL: 15.26
13:12:19.431591 CPU: 73.0°C
13:12:19.431591 GPU: 71.1°C
13:12:19.431591 ALT: 2.88
13:12:19.431591 ACC: [1, -27, 509]
13:12:19.431591 GYR: [-5, -1, -2]
13:12:19.431591 ATT: [-2.9, 0.0, 358]
13:12:19.431591 VOL: 15.26
13:12:19.505763 CPU: 72.1°C
13:12:19.505763 GPU: 72.5°C
13:12:19.505763 ALT: 2.88
13:12:19.505763 ACC: [0, -26, 509]
13:12:19.505763 GYR: [-1, -2, 0]
13:12:19.505763 ATT: [-2.9, 0.0, 358]
13:12:19.505763 VOL: 15.26
13:12:19.589706 CPU: 72.1°C
13:12:19.589706 GPU: 72.0°C
13:12:19.589706 ALT: 2.88
13:12:19.589706 ACC: [0, -26, 509]
13:12:19.589706 GYR: [0, -2, 1]
13:12:19.589706 ATT: [-2.9, 0.0, 358]
13:12:19.589706 VOL: 15.26
13:12:19.668431 CPU: 71.6°C
13:12:19.668431 GPU: 71.5°C
13:12:19.668431 ALT: 2.88
13:12:19.668431 ACC: [0, -26, 509]
13:12:19.668431 GYR: [-1, 0, -1]
13:12:19.668431 ATT: [-2.9, 0.0, 358]
13:12:19.668431 VOL: 15.26
13:12:19.766582 CPU: 73.0°C
13:12:19.766582 GPU: 73.0°C
13:12:19.766582 ALT: 2.88
13:12:19.766582 ACC: [-1, -29, 509]
13:12:19.766582 GYR: [-1, -1, 1]
13:12:19.766582 ATT: [-2.9, 0.0, 358]
13:12:19.766582 VOL: 15.26
13:12:19.869928 CPU: 73.0°C
13:12:19.869928 GPU: 73.5°C
13:12:19.869928 ALT: 2.88
13:12:19.869928 ACC: [0, -26, 509]
13:12:19.869928 GYR: [-1, -2, -2]
13:12:19.869928 ATT: [-3.0, 0.0, 358]
13:12:19.869928 VOL: 15.25
13:12:19.981636 CPU: 72.5°C
13:12:19.981636 GPU: 72.5°C
13:12:19.981636 ALT: 2.88
13:12:19.981636 ACC: [-1, -25, 509]
13:12:19.981636 GYR: [-1, -3, 2]
13:12:19.981636 ATT: [-2.9, 0.0, 358]
13:12:19.981636 VOL: 15.25
13:12:20.069132 CPU: 72.5°C
13:12:20.069132 GPU: 72.0°C
13:12:20.069132 ALT: 2.88
13:12:20.069132 ACC: [0, -29, 509]
13:12:20.069132 GYR: [1, -6, 0]
13:12:20.069132 ATT: [-2.9, 0.0, 358]
13:12:20.069132 VOL: 15.25
13:12:20.163448 CPU: 72.5°C
13:12:20.163448 GPU: 73.0°C
13:12:20.163448 ALT: 2.88
13:12:20.163448 ACC: [1, -27, 509]
13:12:20.163448 GYR: [-2, 0, 0]
13:12:20.163448 ATT: [-3.0, 0.0, 358]
13:12:20.163448 VOL: 15.25
13:12:20.245366 CPU: 72.5°C
13:12:20.245366 GPU: 72.0°C
13:12:20.245366 ALT: 2.96
13:12:20.245366 ACC: [0, -25, 509]
13:12:20.245366 GYR: [-1, 1, 1]
13:12:20.245366 ATT: [-3.0, 0.0, 358]
13:12:20.245366 VOL: 15.25
13:12:20.340048 CPU: 72.1°C
13:12:20.340048 GPU: 72.0°C
13:12:20.340048 ALT: 2.96
13:12:20.340048 ACC: [-1, -26, 509]
13:12:20.340048 GYR: [-2, 0, 0]
13:12:20.340048 ATT: [-2.9, 0.0, 358]
13:12:20.340048 VOL: 15.25
13:12:20.420261 CPU: 71.6°C
13:12:20.420261 GPU: 71.5°C
13:12:20.420261 ALT: 2.96
13:12:20.420261 ACC: [0, -22, 509]
13:12:20.420261 GYR: [-1, -1, -3]
13:12:20.420261 ATT: [-2.9, 0.0, 358]
13:12:20.420261 VOL: 15.25
13:12:20.501197 CPU: 71.6°C
13:12:20.501197 GPU: 71.1°C
13:12:20.501197 ALT: 2.96
13:12:20.501197 ACC: [0, -26, 508]
13:12:20.501197 GYR: [0, -1, 3]
13:12:20.501197 ATT: [-2.9, 0.0, 358]
13:12:20.501197 VOL: 15.25
13:12:20.580444 CPU: 71.1°C
13:12:20.580444 GPU: 72.0°C
13:12:20.580444 ALT: 2.96
13:12:20.580444 ACC: [0, -27, 508]
13:12:20.580444 GYR: [0, 0, -1]
13:12:20.580444 ATT: [-2.9, 0.0, 358]
13:12:20.580444 VOL: 15.26
13:12:20.668248 CPU: 72.5°C
13:12:20.668248 GPU: 72.0°C
13:12:20.668248 ALT: 2.96
13:12:20.668248 ACC: [-1, -25, 509]
13:12:20.668248 GYR: [0, 2, 2]
13:12:20.668248 ATT: [-2.9, 0.0, 358]
13:12:20.668248 VOL: 15.26
13:12:20.759067 CPU: 72.1°C
13:12:20.759067 GPU: 72.0°C
13:12:20.759067 ALT: 2.96
13:12:20.759067 ACC: [1, -26, 509]
13:12:20.759067 GYR: [0, 0, 1]
13:12:20.759067 ATT: [-2.9, 0.0, 358]
13:12:20.759067 VOL: 15.26
13:12:20.853992 CPU: 71.1°C
13:12:20.853992 GPU: 72.0°C
13:12:20.853992 ALT: 2.96
13:12:20.853992 ACC: [0, -26, 509]
13:12:20.853992 GYR: [-3, -1, 1]
13:12:20.853992 ATT: [-2.9, 0.0, 358]
13:12:20.853992 VOL: 15.26
13:12:20.932658 CPU: 72.1°C
13:12:20.932658 GPU: 72.0°C
13:12:20.932658 ALT: 2.96
13:12:20.932658 ACC: [0, -26, 509]
13:12:20.932658 GYR: [0, -1, 2]
13:12:20.932658 ATT: [-2.9, 0.0, 358]
13:12:20.932658 VOL: 15.26
13:12:21.010735 CPU: 72.5°C
13:12:21.010735 GPU: 72.5°C
13:12:21.010735 ALT: 2.96
13:12:21.010735 ACC: [0, -26, 509]
13:12:21.010735 GYR: [2, 0, 2]
13:12:21.010735 ATT: [-2.9, 0.0, 358]
13:12:21.010735 VOL: 15.26
13:12:21.094708 CPU: 72.1°C
13:12:21.094708 GPU: 72.5°C
13:12:21.094708 ALT: 2.96
13:12:21.094708 ACC: [1, -27, 509]
13:12:21.094708 GYR: [0, -1, 2]
13:12:21.094708 ATT: [-2.9, 0.0, 358]
13:12:21.094708 VOL: 15.26
13:12:21.177879 CPU: 72.5°C
13:12:21.177879 GPU: 72.5°C
13:12:21.177879 ALT: 2.96
13:12:21.177879 ACC: [0, -26, 507]
13:12:21.177879 GYR: [-2, 0, -1]
13:12:21.177879 ATT: [-2.9, 0.0, 358]
13:12:21.177879 VOL: 15.26
13:12:21.266878 CPU: 71.6°C
13:12:21.266878 GPU: 71.5°C
13:12:21.266878 ALT: 2.96
13:12:21.266878 ACC: [0, -25, 509]
13:12:21.266878 GYR: [3, 2, 1]
13:12:21.266878 ATT: [-2.9, 0.0, 358]
13:12:21.266878 VOL: 15.26
13:12:21.347824 CPU: 72.1°C
13:12:21.347824 GPU: 71.5°C
13:12:21.347824 ALT: 2.96
13:12:21.347824 ACC: [0, -26, 509]
13:12:21.347824 GYR: [0, 2, 0]
13:12:21.347824 ATT: [-2.9, 0.0, 358]
13:12:21.347824 VOL: 15.26
13:12:21.442013 CPU: 72.1°C
13:12:21.442013 GPU: 72.0°C
13:12:21.442013 ALT: 2.96
13:12:21.442013 ACC: [0, -24, 509]
13:12:21.442013 GYR: [0, 2, 0]
13:12:21.442013 ATT: [-2.9, 0.0, 358]
13:12:21.442013 VOL: 15.26
13:12:21.527364 CPU: 71.1°C
13:12:21.527364 GPU: 72.0°C
13:12:21.527364 ALT: 2.96
13:12:21.527364 ACC: [0, -25, 509]
13:12:21.527364 GYR: [-2, -2, 2]
13:12:21.527364 ATT: [-2.9, 0.0, 358]
13:12:21.527364 VOL: 15.26
13:12:21.621727 CPU: 73.0°C
13:12:21.621727 GPU: 72.0°C
13:12:21.621727 ALT: 2.96
13:12:21.621727 ACC: [0, -26, 508]
13:12:21.621727 GYR: [-4, -2, 2]
13:12:21.621727 ATT: [-2.9, 0.0, 358]
13:12:21.621727 VOL: 15.26
13:12:21.703068 CPU: 71.6°C
13:12:21.703068 GPU: 71.5°C
13:12:21.703068 ALT: 2.96
13:12:21.703068 ACC: [0, -27, 508]
13:12:21.703068 GYR: [0, -2, -2]
13:12:21.703068 ATT: [-2.9, 0.0, 358]
13:12:21.703068 VOL: 15.26
13:12:21.782076 CPU: 71.1°C
13:12:21.782076 GPU: 72.0°C
13:12:21.782076 ALT: 2.96
13:12:21.782076 ACC: [0, -29, 506]
13:12:21.782076 GYR: [0, -1, -1]
13:12:21.782076 ATT: [-2.9, 0.0, 358]
13:12:21.782076 VOL: 15.26
13:12:21.862763 CPU: 71.6°C
13:12:21.862763 GPU: 72.0°C
13:12:21.862763 ALT: 2.96
13:12:21.862763 ACC: [0, -26, 509]
13:12:21.862763 GYR: [-1, -4, -1]
13:12:21.862763 ATT: [-3.0, 0.0, 358]
13:12:21.862763 VOL: 15.26
13:12:21.940508 CPU: 72.5°C
13:12:21.940508 GPU: 72.5°C
13:12:21.940508 ALT: 2.96
13:12:21.940508 ACC: [0, -25, 509]
13:12:21.940508 GYR: [-2, 0, -1]
13:12:21.940508 ATT: [-3.0, 0.0, 358]
13:12:21.940508 VOL: 15.26
13:12:22.026447 CPU: 72.1°C
13:12:22.026447 GPU: 72.5°C
13:12:22.026447 ALT: 2.96
13:12:22.026447 ACC: [0, -25, 509]
13:12:22.026447 GYR: [1, -2, 2]
13:12:22.026447 ATT: [-2.9, 0.0, 358]
13:12:22.026447 VOL: 15.26
13:12:22.100552 CPU: 72.1°C
13:12:22.100552 GPU: 71.1°C
13:12:22.100552 ALT: 2.96
13:12:22.100552 ACC: [0, -22, 510]
13:12:22.100552 GYR: [0, -1, 2]
13:12:22.100552 ATT: [-2.9, 0.0, 358]
13:12:22.100552 VOL: 15.26
13:12:22.181986 CPU: 72.1°C
13:12:22.181986 GPU: 72.0°C
13:12:22.181986 ALT: 2.96
13:12:22.181986 ACC: [0, -27, 509]
13:12:22.181986 GYR: [2, 2, 0]
13:12:22.181986 ATT: [-2.9, 0.0, 358]
13:12:22.181986 VOL: 15.26
13:12:22.263321 CPU: 72.1°C
13:12:22.263321 GPU: 71.5°C
13:12:22.263321 ALT: 3.04
13:12:22.263321 ACC: [0, -25, 509]
13:12:22.263321 GYR: [0, -2, 0]
13:12:22.263321 ATT: [-2.9, 0.0, 358]
13:12:22.263321 VOL: 15.26
13:12:22.340421 CPU: 72.5°C
13:12:22.340421 GPU: 72.5°C
13:12:22.340421 ALT: 3.04
13:12:22.340421 ACC: [0, -26, 508]
13:12:22.340421 GYR: [0, -1, 3]
13:12:22.340421 ATT: [-2.9, 0.0, 358]
13:12:22.340421 VOL: 15.26
13:12:22.418357 CPU: 72.1°C
13:12:22.418357 GPU: 72.0°C
13:12:22.418357 ALT: 3.04
13:12:22.418357 ACC: [1, -27, 509]
13:12:22.418357 GYR: [-1, 1, 2]
13:12:22.418357 ATT: [-2.9, 0.0, 358]
13:12:22.418357 VOL: 15.26
13:12:22.504685 CPU: 71.1°C
13:12:22.504685 GPU: 71.1°C
13:12:22.504685 ALT: 3.04
13:12:22.504685 ACC: [0, -26, 508]
13:12:22.504685 GYR: [1, -1, 0]
13:12:22.504685 ATT: [-2.9, 0.0, 358]
13:12:22.504685 VOL: 15.26
13:12:22.598535 CPU: 72.1°C
13:12:22.598535 GPU: 72.0°C
13:12:22.598535 ALT: 3.04
13:12:22.598535 ACC: [0, -25, 509]
13:12:22.598535 GYR: [1, -1, 0]
13:12:22.598535 ATT: [-2.9, 0.0, 358]
13:12:22.598535 VOL: 15.26
13:12:22.674409 CPU: 71.6°C
13:12:22.674409 GPU: 72.0°C
13:12:22.674409 ALT: 3.04
13:12:22.674409 ACC: [0, -26, 507]
13:12:22.674409 GYR: [-2, 1, 1]
13:12:22.674409 ATT: [-2.9, 0.0, 358]
13:12:22.674409 VOL: 15.26
13:12:22.756708 CPU: 72.5°C
13:12:22.756708 GPU: 72.0°C
13:12:22.756708 ALT: 3.04
13:12:22.756708 ACC: [0, -25, 508]
13:12:22.756708 GYR: [-1, -2, -2]
13:12:22.756708 ATT: [-2.9, 0.0, 358]
13:12:22.756708 VOL: 15.26
13:12:22.845702 CPU: 73.0°C
13:12:22.845702 GPU: 73.0°C
13:12:22.845702 ALT: 3.04
13:12:22.845702 ACC: [0, -26, 509]
13:12:22.845702 GYR: [-2, -1, -1]
13:12:22.845702 ATT: [-2.9, 0.0, 358]
13:12:22.845702 VOL: 15.26
13:12:22.953601 CPU: 70.6°C
13:12:22.953601 GPU: 72.0°C
13:12:22.953601 ALT: 3.04
13:12:22.953601 ACC: [0, -26, 509]
13:12:22.953601 GYR: [0, -2, -1]
13:12:22.953601 ATT: [-2.9, 0.0, 358]
13:12:22.953601 VOL: 15.26
13:12:23.041810 CPU: 72.5°C
13:12:23.041810 GPU: 72.5°C
13:12:23.041810 ALT: 3.04
13:12:23.041810 ACC: [0, -26, 508]
13:12:23.041810 GYR: [-1, -3, -1]
13:12:23.041810 ATT: [-2.9, 0.0, 358]
13:12:23.041810 VOL: 15.26
13:12:23.128829 CPU: 72.5°C
13:12:23.128829 GPU: 72.5°C
13:12:23.128829 ALT: 3.04
13:12:23.128829 ACC: [-1, -29, 510]
13:12:23.128829 GYR: [0, -1, -1]
13:12:23.128829 ATT: [-2.9, 0.0, 358]
13:12:23.128829 VOL: 15.26
13:12:23.207899 CPU: 71.6°C
13:12:23.207899 GPU: 72.0°C
13:12:23.207899 ALT: 3.04
13:12:23.207899 ACC: [0, -26, 508]
13:12:23.207899 GYR: [-2, -1, -2]
13:12:23.207899 ATT: [-3.0, 0.0, 358]
13:12:23.207899 VOL: 15.26
13:12:23.282746 CPU: 72.1°C
13:12:23.282746 GPU: 72.0°C
13:12:23.282746 ALT: 3.04
13:12:23.282746 ACC: [0, -26, 509]
13:12:23.282746 GYR: [-1, 1, -1]
13:12:23.282746 ATT: [-3.0, 0.0, 358]
13:12:23.282746 VOL: 15.27
13:12:23.363731 CPU: 72.1°C
13:12:23.363731 GPU: 71.5°C
13:12:23.363731 ALT: 3.04
13:12:23.363731 ACC: [0, -26, 507]
13:12:23.363731 GYR: [0, -1, -1]
13:12:23.363731 ATT: [-2.9, 0.0, 358]
13:12:23.363731 VOL: 15.26
13:12:23.442419 CPU: 72.1°C
13:12:23.442419 GPU: 71.5°C
13:12:23.442419 ALT: 3.04
13:12:23.442419 ACC: [0, -28, 508]
13:12:23.442419 GYR: [0, 1, 3]
13:12:23.442419 ATT: [-3.0, 0.0, 358]
13:12:23.442419 VOL: 15.26
13:12:23.525653 CPU: 72.1°C
13:12:23.525653 GPU: 72.0°C
13:12:23.525653 ALT: 3.04
13:12:23.525653 ACC: [0, -25, 508]
13:12:23.525653 GYR: [0, -3, 0]
13:12:23.525653 ATT: [-3.0, 0.0, 358]
13:12:23.525653 VOL: 15.26
13:12:23.607262 CPU: 71.1°C
13:12:23.607262 GPU: 72.0°C
13:12:23.607262 ALT: 3.04
13:12:23.607262 ACC: [0, -26, 508]
13:12:23.607262 GYR: [-1, -1, 1]
13:12:23.607262 ATT: [-3.0, 0.0, 358]
13:12:23.607262 VOL: 15.26
13:12:23.683357 CPU: 73.0°C
13:12:23.683357 GPU: 72.5°C
13:12:23.683357 ALT: 3.04
13:12:23.683357 ACC: [0, -27, 509]
13:12:23.683357 GYR: [2, 0, 0]
13:12:23.683357 ATT: [-3.0, 0.0, 358]
13:12:23.683357 VOL: 15.26
13:12:23.768269 CPU: 71.6°C
13:12:23.768269 GPU: 71.5°C
13:12:23.768269 ALT: 3.04
13:12:23.768269 ACC: [0, -25, 508]
13:12:23.768269 GYR: [2, -3, 0]
13:12:23.768269 ATT: [-2.9, 0.0, 358]
13:12:23.768269 VOL: 15.26
13:12:23.843551 CPU: 71.1°C
13:12:23.843551 GPU: 71.5°C
13:12:23.843551 ALT: 3.04
13:12:23.843551 ACC: [0, -25, 509]
13:12:23.843551 GYR: [-3, 0, 1]
13:12:23.843551 ATT: [-2.9, 0.0, 358]
13:12:23.843551 VOL: 15.26
13:12:23.925350 CPU: 72.1°C
13:12:23.925350 GPU: 72.0°C
13:12:23.925350 ALT: 3.04
13:12:23.925350 ACC: [0, -25, 509]
13:12:23.925350 GYR: [-1, -2, 2]
13:12:23.925350 ATT: [-2.9, 0.0, 358]
13:12:23.925350 VOL: 15.26
13:12:24.002894 CPU: 70.6°C
13:12:24.002894 GPU: 71.5°C
13:12:24.002894 ALT: 3.04
13:12:24.002894 ACC: [0, -26, 508]
13:12:24.002894 GYR: [0, 0, 0]
13:12:24.002894 ATT: [-2.9, 0.0, 358]
13:12:24.002894 VOL: 15.26
13:12:24.081599 CPU: 71.6°C
13:12:24.081599 GPU: 71.5°C
13:12:24.081599 ALT: 3.04
13:12:24.081599 ACC: [0, -26, 508]
13:12:24.081599 GYR: [-1, -3, 0]
13:12:24.081599 ATT: [-2.9, 0.0, 358]
13:12:24.081599 VOL: 15.26
13:12:24.171891 CPU: 71.6°C
13:12:24.171891 GPU: 72.5°C
13:12:24.171891 ALT: 3.04
13:12:24.171891 ACC: [-1, -26, 508]
13:12:24.171891 GYR: [1, 0, 1]
13:12:24.171891 ATT: [-2.9, 0.0, 358]
13:12:24.171891 VOL: 15.26
13:12:24.250986 CPU: 71.6°C
13:12:24.250986 GPU: 71.5°C
13:12:24.250986 ALT: 3.04
13:12:24.250986 ACC: [0, -26, 508]
13:12:24.250986 GYR: [-1, 0, 1]
13:12:24.250986 ATT: [-2.9, 0.0, 358]
13:12:24.250986 VOL: 15.26
13:12:24.326607 CPU: 71.6°C
13:12:24.326607 GPU: 71.5°C
13:12:24.326607 ALT: 3.04
13:12:24.326607 ACC: [0, -26, 508]
13:12:24.326607 GYR: [-2, -1, 2]
13:12:24.326607 ATT: [-2.9, 0.0, 358]
13:12:24.326607 VOL: 15.26
13:12:24.423677 CPU: 72.1°C
13:12:24.423677 GPU: 71.1°C
13:12:24.423677 ALT: 3.04
13:12:24.423677 ACC: [0, -26, 509]
13:12:24.423677 GYR: [-3, -1, 0]
13:12:24.423677 ATT: [-3.0, 0.0, 358]
13:12:24.423677 VOL: 15.26
13:12:24.530745 CPU: 72.1°C
13:12:24.530745 GPU: 72.0°C
13:12:24.530745 ALT: 3.04
13:12:24.530745 ACC: [0, -26, 509]
13:12:24.530745 GYR: [-2, 0, -3]
13:12:24.530745 ATT: [-2.9, 0.0, 358]
13:12:24.530745 VOL: 15.25
13:12:24.618609 CPU: 71.6°C
13:12:24.618609 GPU: 71.1°C
13:12:24.618609 ALT: 3.04
13:12:24.618609 ACC: [0, -26, 509]
13:12:24.618609 GYR: [0, -2, 1]
13:12:24.618609 ATT: [-2.9, 0.0, 358]
13:12:24.618609 VOL: 15.26
13:12:24.739026 CPU: 72.5°C
13:12:24.739026 GPU: 72.5°C
13:12:24.739026 ALT: 3.13
13:12:24.739026 ACC: [0, -26, 508]
13:12:24.739026 GYR: [-2, 1, -2]
13:12:24.739026 ATT: [-2.9, 0.0, 358]
13:12:24.739026 VOL: 15.26
13:12:24.837233 CPU: 72.1°C
13:12:24.837233 GPU: 72.0°C
13:12:24.837233 ALT: 3.13
13:12:24.837233 ACC: [0, -26, 508]
13:12:24.837233 GYR: [-5, 2, -3]
13:12:24.837233 ATT: [-2.9, 0.0, 358]
13:12:24.837233 VOL: 15.25
13:12:24.927054 CPU: 71.6°C
13:12:24.927054 GPU: 71.5°C
13:12:24.927054 ALT: 3.13
13:12:24.927054 ACC: [0, -25, 508]
13:12:24.927054 GYR: [-2, -2, 1]
13:12:24.927054 ATT: [-2.9, 0.0, 358]
13:12:24.927054 VOL: 15.25
13:12:25.010757 CPU: 72.5°C
13:12:25.010757 GPU: 71.5°C
13:12:25.010757 ALT: 3.13
13:12:25.010757 ACC: [1, -25, 508]
13:12:25.010757 GYR: [1, 1, -1]
13:12:25.010757 ATT: [-2.9, 0.0, 358]
13:12:25.010757 VOL: 15.25
13:12:25.096270 CPU: 72.1°C
13:12:25.096270 GPU: 73.5°C
13:12:25.096270 ALT: 3.13
13:12:25.096270 ACC: [0, -26, 508]
13:12:25.096270 GYR: [0, 3, 1]
13:12:25.096270 ATT: [-2.9, 0.0, 358]
13:12:25.096270 VOL: 15.25
13:12:25.235761 CPU: 72.1°C
13:12:25.235761 GPU: 72.5°C
13:12:25.235761 ALT: 3.13
13:12:25.235761 ACC: [-1, -26, 508]
13:12:25.235761 GYR: [1, -2, 0]
13:12:25.235761 ATT: [-2.9, 0.0, 358]
13:12:25.235761 VOL: 15.25
13:12:25.397015 CPU: 73.5°C
13:12:25.397015 GPU: 72.5°C
13:12:25.397015 ALT: 3.13
13:12:25.397015 ACC: [0, -26, 509]
13:12:25.397015 GYR: [1, -1, 1]
13:12:25.397015 ATT: [-2.9, 0.0, 358]
13:12:25.397015 VOL: 15.25
13:12:25.565336 CPU: 73.5°C
13:12:25.565336 GPU: 72.5°C
13:12:25.565336 ALT: 3.13
13:12:25.565336 ACC: [0, -26, 509]
13:12:25.565336 GYR: [1, -1, -1]
13:12:25.565336 ATT: [-2.9, 0.0, 358]
13:12:25.565336 VOL: 15.26
13:12:25.727325 CPU: 73.0°C
13:12:25.727325 GPU: 72.0°C
13:12:25.727325 ALT: 3.13
13:12:25.727325 ACC: [0, -25, 509]
13:12:25.727325 GYR: [-2, -2, -1]
13:12:25.727325 ATT: [-2.9, 0.0, 358]
13:12:25.727325 VOL: 15.25
13:12:25.859487 CPU: 73.0°C
13:12:25.859487 GPU: 73.0°C
13:12:25.859487 ALT: 3.13
13:12:25.859487 ACC: [0, -26, 508]
13:12:25.859487 GYR: [0, -1, 1]
13:12:25.859487 ATT: [-2.9, 0.0, 358]
13:12:25.859487 VOL: 15.26
13:12:25.988116 CPU: 72.1°C
13:12:25.988116 GPU: 72.5°C
13:12:25.988116 ALT: 3.13
13:12:25.988116 ACC: [0, -26, 508]
13:12:25.988116 GYR: [0, -1, 2]
13:12:25.988116 ATT: [-2.9, 0.0, 358]
13:12:25.988116 VOL: 15.26
13:12:26.121798 CPU: 73.0°C
13:12:26.121798 GPU: 73.0°C
13:12:26.121798 ALT: 3.13
13:12:26.121798 ACC: [0, -25, 509]
13:12:26.121798 GYR: [0, -2, -3]
13:12:26.121798 ATT: [-2.9, 0.0, 358]
13:12:26.121798 VOL: 15.26
13:12:26.215003 CPU: 73.0°C
13:12:26.215003 GPU: 72.0°C
13:12:26.215003 ALT: 3.1
13:12:26.215003 ACC: [-1, -23, 509]
13:12:26.215003 GYR: [-2, -1, 2]
13:12:26.215003 ATT: [-2.9, 0.0, 358]
13:12:26.215003 VOL: 15.26
13:12:26.323207 CPU: 73.5°C
13:12:26.323207 GPU: 73.0°C
13:12:26.323207 ALT: 3.06
13:12:26.323207 ACC: [0, -26, 508]
13:12:26.323207 GYR: [-3, 0, 2]
13:12:26.323207 ATT: [-2.9, 0.0, 358]
13:12:26.323207 VOL: 15.26
13:12:26.409457 CPU: 72.1°C
13:12:26.409457 GPU: 72.0°C
13:12:26.409457 ALT: 3.06
13:12:26.409457 ACC: [0, -26, 508]
13:12:26.409457 GYR: [0, 1, 0]
13:12:26.409457 ATT: [-2.9, 0.0, 358]
13:12:26.409457 VOL: 15.26
13:12:26.512280 CPU: 72.1°C
13:12:26.512280 GPU: 72.0°C
13:12:26.512280 ALT: 3.06
13:12:26.512280 ACC: [0, -25, 508]
13:12:26.512280 GYR: [1, -3, -1]
13:12:26.512280 ATT: [-2.9, 0.0, 358]
13:12:26.512280 VOL: 15.26
13:12:26.606619 CPU: 71.6°C
13:12:26.606619 GPU: 72.0°C
13:12:26.606619 ALT: 3.06
13:12:26.606619 ACC: [0, -25, 507]
13:12:26.606619 GYR: [-1, 1, 1]
13:12:26.606619 ATT: [-2.9, 0.0, 358]
13:12:26.606619 VOL: 15.26
13:12:26.693431 CPU: 73.0°C
13:12:26.693431 GPU: 73.0°C
13:12:26.693431 ALT: 3.06
13:12:26.693431 ACC: [0, -26, 508]
13:12:26.693431 GYR: [-1, 3, -1]
13:12:26.693431 ATT: [-2.9, 0.0, 358]
13:12:26.693431 VOL: 15.26
13:12:26.772769 CPU: 72.1°C
13:12:26.772769 GPU: 72.5°C
13:12:26.772769 ALT: 3.06
13:12:26.772769 ACC: [0, -26, 508]
13:12:26.772769 GYR: [-1, -1, 1]
13:12:26.772769 ATT: [-2.9, 0.0, 358]
13:12:26.772769 VOL: 15.26
13:12:26.850136 CPU: 72.5°C
13:12:26.850136 GPU: 70.6°C
13:12:26.850136 ALT: 3.06
13:12:26.850136 ACC: [-1, -28, 509]
13:12:26.850136 GYR: [3, 1, 0]
13:12:26.850136 ATT: [-2.9, 0.0, 358]
13:12:26.850136 VOL: 15.26
13:12:26.933850 CPU: 72.5°C
13:12:26.933850 GPU: 72.5°C
13:12:26.933850 ALT: 3.06
13:12:26.933850 ACC: [-1, -26, 509]
13:12:26.933850 GYR: [-1, 0, -1]
13:12:26.933850 ATT: [-2.9, 0.0, 358]
13:12:26.933850 VOL: 15.26
13:12:27.009977 CPU: 71.6°C
13:12:27.009977 GPU: 72.0°C
13:12:27.009977 ALT: 3.06
13:12:27.009977 ACC: [0, -25, 507]
13:12:27.009977 GYR: [-1, -2, 1]
13:12:27.009977 ATT: [-2.9, 0.0, 358]
13:12:27.009977 VOL: 15.26
13:12:27.094183 CPU: 72.5°C
13:12:27.094183 GPU: 72.5°C
13:12:27.094183 ALT: 3.06
13:12:27.094183 ACC: [0, -23, 507]
13:12:27.094183 GYR: [-1, -2, 3]
13:12:27.094183 ATT: [-2.9, 0.0, 358]
13:12:27.094183 VOL: 15.26
13:12:27.172544 CPU: 72.1°C
13:12:27.172544 GPU: 71.5°C
13:12:27.172544 ALT: 3.06
13:12:27.172544 ACC: [0, -26, 508]
13:12:27.172544 GYR: [0, 0, -1]
13:12:27.172544 ATT: [-2.9, 0.0, 358]
13:12:27.172544 VOL: 15.26
13:12:27.250464 CPU: 71.6°C
13:12:27.250464 GPU: 72.5°C
13:12:27.250464 ALT: 3.06
13:12:27.250464 ACC: [0, -25, 507]
13:12:27.250464 GYR: [3, -1, 1]
13:12:27.250464 ATT: [-2.9, 0.0, 358]
13:12:27.250464 VOL: 15.25
13:12:27.337079 CPU: 72.1°C
13:12:27.337079 GPU: 72.0°C
13:12:27.337079 ALT: 3.06
13:12:27.337079 ACC: [0, -26, 508]
13:12:27.337079 GYR: [-2, 1, 1]
13:12:27.337079 ATT: [-2.9, 0.0, 358]
13:12:27.337079 VOL: 15.25
13:12:27.416215 CPU: 72.5°C
13:12:27.416215 GPU: 73.0°C
13:12:27.416215 ALT: 3.06
13:12:27.416215 ACC: [0, -22, 509]
13:12:27.416215 GYR: [-1, -2, 0]
13:12:27.416215 ATT: [-2.9, 0.0, 358]
13:12:27.416215 VOL: 15.25
13:12:27.509936 CPU: 72.1°C
13:12:27.509936 GPU: 72.5°C
13:12:27.509936 ALT: 3.09
13:12:27.509936 ACC: [0, -26, 508]
13:12:27.509936 GYR: [0, 0, 1]
13:12:27.509936 ATT: [-2.9, 0.0, 358]
13:12:27.509936 VOL: 15.25
13:12:27.608243 CPU: 73.0°C
13:12:27.608243 GPU: 71.5°C
13:12:27.608243 ALT: 3.13
13:12:27.608243 ACC: [-1, -26, 508]
13:12:27.608243 GYR: [-3, -1, 0]
13:12:27.608243 ATT: [-2.9, 0.0, 358]
13:12:27.608243 VOL: 15.25
13:12:27.691264 CPU: 72.1°C
13:12:27.691264 GPU: 72.0°C
13:12:27.691264 ALT: 3.13
13:12:27.691264 ACC: [-1, -30, 509]
13:12:27.691264 GYR: [0, -1, 0]
13:12:27.691264 ATT: [-2.9, 0.0, 358]
13:12:27.691264 VOL: 15.25
13:12:27.783893 CPU: 73.0°C
13:12:27.783893 GPU: 72.5°C
13:12:27.783893 ALT: 3.13
13:12:27.783893 ACC: [-1, -25, 509]
13:12:27.783893 GYR: [-1, 0, 1]
13:12:27.783893 ATT: [-2.9, 0.0, 358]
13:12:27.783893 VOL: 15.25
13:12:27.883826 CPU: 73.0°C
13:12:27.883826 GPU: 71.5°C
13:12:27.883826 ALT: 3.13
13:12:27.883826 ACC: [0, -26, 507]
13:12:27.883826 GYR: [2, 1, 1]
13:12:27.883826 ATT: [-2.9, 0.0, 358]
13:12:27.883826 VOL: 15.25
13:12:27.972901 CPU: 73.0°C
13:12:27.972901 GPU: 73.0°C
13:12:27.972901 ALT: 3.13
13:12:27.972901 ACC: [-1, -26, 509]
13:12:27.972901 GYR: [-1, 1, 0]
13:12:27.972901 ATT: [-2.9, 0.0, 358]
13:12:27.972901 VOL: 15.25
13:12:28.051910 CPU: 72.5°C
13:12:28.051910 GPU: 72.5°C
13:12:28.051910 ALT: 3.13
13:12:28.051910 ACC: [1, -24, 510]
13:12:28.051910 GYR: [-1, 1, -1]
13:12:28.051910 ATT: [-2.9, 0.0, 358]
13:12:28.051910 VOL: 15.25
13:12:28.133315 CPU: 72.1°C
13:12:28.133315 GPU: 72.0°C
13:12:28.133315 ALT: 3.13
13:12:28.133315 ACC: [0, -26, 508]
13:12:28.133315 GYR: [-1, -1, 1]
13:12:28.133315 ATT: [-2.9, 0.0, 358]
13:12:28.133315 VOL: 15.26
13:12:28.228074 CPU: 73.0°C
13:12:28.228074 GPU: 73.0°C
13:12:28.228074 ALT: 3.13
13:12:28.228074 ACC: [0, -25, 508]
13:12:28.228074 GYR: [-1, -2, 0]
13:12:28.228074 ATT: [-2.9, 0.0, 358]
13:12:28.228074 VOL: 15.25
13:12:28.310665 CPU: 72.5°C
13:12:28.310665 GPU: 72.0°C
13:12:28.310665 ALT: 3.13
13:12:28.310665 ACC: [-1, -27, 509]
13:12:28.310665 GYR: [-2, -1, 2]
13:12:28.310665 ATT: [-2.9, 0.0, 358]
13:12:28.310665 VOL: 15.26
13:12:28.385152 CPU: 72.5°C
13:12:28.385152 GPU: 71.5°C
13:12:28.385152 ALT: 3.13
13:12:28.385152 ACC: [-1, -26, 508]
13:12:28.385152 GYR: [0, -2, 0]
13:12:28.385152 ATT: [-2.9, 0.0, 358]
13:12:28.385152 VOL: 15.26
13:12:28.478968 CPU: 72.5°C
13:12:28.478968 GPU: 72.0°C
13:12:28.478968 ALT: 3.13
13:12:28.478968 ACC: [0, -27, 508]
13:12:28.478968 GYR: [0, -3, 1]
13:12:28.478968 ATT: [-2.9, 0.0, 358]
13:12:28.478968 VOL: 15.26
13:12:28.569360 CPU: 72.5°C
13:12:28.569360 GPU: 72.0°C
13:12:28.569360 ALT: 3.13
13:12:28.569360 ACC: [0, -26, 508]
13:12:28.569360 GYR: [1, -2, 1]
13:12:28.569360 ATT: [-2.9, 0.0, 358]
13:12:28.569360 VOL: 15.26
13:12:28.664969 CPU: 72.1°C
13:12:28.664969 GPU: 72.5°C
13:12:28.664969 ALT: 3.13
13:12:28.664969 ACC: [0, -27, 509]
13:12:28.664969 GYR: [-1, 0, 1]
13:12:28.664969 ATT: [-2.9, 0.0, 358]
13:12:28.664969 VOL: 15.26
13:12:28.763391 CPU: 73.5°C
13:12:28.763391 GPU: 73.0°C
13:12:28.763391 ALT: 3.13
13:12:28.763391 ACC: [-1, -26, 508]
13:12:28.763391 GYR: [-2, 1, -1]
13:12:28.763391 ATT: [-3.0, 0.0, 358]
13:12:28.763391 VOL: 15.25
13:12:28.864822 CPU: 72.1°C
13:12:28.864822 GPU: 72.0°C
13:12:28.864822 ALT: 3.13
13:12:28.864822 ACC: [0, -26, 508]
13:12:28.864822 GYR: [0, 1, 1]
13:12:28.864822 ATT: [-3.0, 0.0, 358]
13:12:28.864822 VOL: 15.25
13:12:28.971904 CPU: 73.5°C
13:12:28.971904 GPU: 72.5°C
13:12:28.971904 ALT: 3.13
13:12:28.971904 ACC: [1, -24, 508]
13:12:28.971904 GYR: [1, -1, -1]
13:12:28.971904 ATT: [-3.0, 0.0, 358]
13:12:28.971904 VOL: 15.26
13:12:29.080333 CPU: 72.5°C
13:12:29.080333 GPU: 72.5°C
13:12:29.080333 ALT: 3.13
13:12:29.080333 ACC: [0, -26, 509]
13:12:29.080333 GYR: [0, -1, -1]
13:12:29.080333 ATT: [-2.9, 0.0, 358]
13:12:29.080333 VOL: 15.26
13:12:29.173607 CPU: 73.5°C
13:12:29.173607 GPU: 72.5°C
13:12:29.173607 ALT: 3.13
13:12:29.173607 ACC: [0, -25, 507]
13:12:29.173607 GYR: [-3, 2, -2]
13:12:29.173607 ATT: [-2.9, 0.0, 358]
13:12:29.173607 VOL: 15.26
13:12:29.252459 CPU: 72.5°C
13:12:29.252459 GPU: 72.5°C
13:12:29.252459 ALT: 3.13
13:12:29.252459 ACC: [0, -25, 506]
13:12:29.252459 GYR: [-2, -1, 1]
13:12:29.252459 ATT: [-2.9, 0.0, 358]
13:12:29.252459 VOL: 15.26
13:12:29.338304 CPU: 72.5°C
13:12:29.338304 GPU: 72.0°C
13:12:29.338304 ALT: 3.13
13:12:29.338304 ACC: [0, -27, 507]
13:12:29.338304 GYR: [0, 0, 1]
13:12:29.338304 ATT: [-2.9, 0.0, 358]
13:12:29.338304 VOL: 15.25
13:12:29.431229 CPU: 73.0°C
13:12:29.431229 GPU: 73.0°C
13:12:29.431229 ALT: 3.13
13:12:29.431229 ACC: [0, -26, 508]
13:12:29.431229 GYR: [0, 1, -1]
13:12:29.431229 ATT: [-2.9, 0.0, 358]
13:12:29.431229 VOL: 15.26
13:12:29.512988 CPU: 71.6°C
13:12:29.512988 GPU: 71.5°C
13:12:29.512988 ALT: 3.13
13:12:29.512988 ACC: [-1, -26, 508]
13:12:29.512988 GYR: [0, -2, 1]
13:12:29.512988 ATT: [-2.9, 0.0, 358]
13:12:29.512988 VOL: 15.26
13:12:29.588339 CPU: 72.1°C
13:12:29.588339 GPU: 73.5°C
13:12:29.588339 ALT: 3.13
13:12:29.588339 ACC: [0, -27, 508]
13:12:29.588339 GYR: [-3, -1, -1]
13:12:29.588339 ATT: [-2.9, 0.0, 358]
13:12:29.588339 VOL: 15.26
13:12:29.670245 CPU: 72.1°C
13:12:29.670245 GPU: 72.0°C
13:12:29.670245 ALT: 3.13
13:12:29.670245 ACC: [0, -25, 509]
13:12:29.670245 GYR: [-3, -1, -2]
13:12:29.670245 ATT: [-2.9, 0.0, 358]
13:12:29.670245 VOL: 15.26
13:12:29.757203 CPU: 72.5°C
13:12:29.757203 GPU: 73.0°C
13:12:29.757203 ALT: 3.13
13:12:29.757203 ACC: [0, -25, 509]
13:12:29.757203 GYR: [-1, 1, 0]
13:12:29.757203 ATT: [-2.9, 0.0, 358]
13:12:29.757203 VOL: 15.26
13:12:29.843976 CPU: 72.5°C
13:12:29.843976 GPU: 72.5°C
13:12:29.843976 ALT: 3.13
13:12:29.843976 ACC: [-1, -27, 509]
13:12:29.843976 GYR: [-2, -4, -1]
13:12:29.843976 ATT: [-2.9, 0.0, 358]
13:12:29.843976 VOL: 15.26
13:12:29.921092 CPU: 72.5°C
13:12:29.921092 GPU: 72.5°C
13:12:29.921092 ALT: 3.13
13:12:29.921092 ACC: [1, -28, 508]
13:12:29.921092 GYR: [-2, -2, 0]
13:12:29.921092 ATT: [-2.9, 0.0, 358]
13:12:29.921092 VOL: 15.26
13:12:30.004875 CPU: 72.5°C
13:12:30.004875 GPU: 72.5°C
13:12:30.004875 ALT: 3.13
13:12:30.004875 ACC: [0, -26, 510]
13:12:30.004875 GYR: [-1, -2, 2]
13:12:30.004875 ATT: [-3.0, 0.0, 358]
13:12:30.004875 VOL: 15.26
13:12:30.098512 CPU: 72.5°C
13:12:30.098512 GPU: 73.5°C
13:12:30.098512 ALT: 3.13
13:12:30.098512 ACC: [0, -25, 507]
13:12:30.098512 GYR: [0, 2, 2]
13:12:30.098512 ATT: [-2.9, 0.0, 358]
13:12:30.098512 VOL: 15.25
13:12:30.190790 CPU: 72.5°C
13:12:30.190790 GPU: 73.0°C
13:12:30.190790 ALT: 3.13
13:12:30.190790 ACC: [0, -27, 508]
13:12:30.190790 GYR: [1, -1, 0]
13:12:30.190790 ATT: [-3.0, 0.0, 358]
13:12:30.190790 VOL: 15.25
13:12:30.277057 CPU: 72.1°C
13:12:30.277057 GPU: 72.0°C
13:12:30.277057 ALT: 3.13
13:12:30.277057 ACC: [0, -23, 507]
13:12:30.277057 GYR: [1, -1, 1]
13:12:30.277057 ATT: [-3.0, 0.0, 358]
13:12:30.277057 VOL: 15.25
13:12:30.375779 CPU: 72.5°C
13:12:30.375779 GPU: 72.5°C
13:12:30.375779 ALT: 3.13
13:12:30.375779 ACC: [0, -26, 509]
13:12:30.375779 GYR: [-1, -3, 1]
13:12:30.375779 ATT: [-2.9, 0.0, 358]
13:12:30.375779 VOL: 15.25
13:12:30.450480 CPU: 71.6°C
13:12:30.450480 GPU: 71.5°C
13:12:30.450480 ALT: 3.13
13:12:30.450480 ACC: [0, -26, 508]
13:12:30.450480 GYR: [-3, 1, -1]
13:12:30.450480 ATT: [-2.9, 0.0, 358]
13:12:30.450480 VOL: 15.25
13:12:30.538106 CPU: 72.5°C
13:12:30.538106 GPU: 72.0°C
13:12:30.538106 ALT: 3.13
13:12:30.538106 ACC: [0, -26, 509]
13:12:30.538106 GYR: [0, 0, -2]
13:12:30.538106 ATT: [-2.9, 0.0, 358]
13:12:30.538106 VOL: 15.25
13:12:30.637160 CPU: 72.5°C
13:12:30.637160 GPU: 71.5°C
13:12:30.637160 ALT: 3.13
13:12:30.637160 ACC: [0, -21, 508]
13:12:30.637160 GYR: [0, -1, 2]
13:12:30.637160 ATT: [-2.9, 0.0, 358]
13:12:30.637160 VOL: 15.25
13:12:30.729909 CPU: 72.5°C
13:12:30.729909 GPU: 72.5°C
13:12:30.729909 ALT: 3.13
13:12:30.729909 ACC: [0, -26, 509]
13:12:30.729909 GYR: [0, -1, -1]
13:12:30.729909 ATT: [-2.9, 0.0, 358]
13:12:30.729909 VOL: 15.25
13:12:30.819254 CPU: 72.1°C
13:12:30.819254 GPU: 72.5°C
13:12:30.819254 ALT: 3.13
13:12:30.819254 ACC: [0, -25, 508]
13:12:30.819254 GYR: [-1, 0, 0]
13:12:30.819254 ATT: [-2.9, 0.0, 358]
13:12:30.819254 VOL: 15.25
13:12:30.903951 CPU: 72.5°C
13:12:30.903951 GPU: 72.0°C
13:12:30.903951 ALT: 3.13
13:12:30.903951 ACC: [0, -26, 508]
13:12:30.903951 GYR: [0, 1, 1]
13:12:30.903951 ATT: [-2.9, 0.0, 358]
13:12:30.903951 VOL: 15.25
13:12:30.987590 CPU: 74.0°C
13:12:30.987590 GPU: 74.0°C
13:12:30.987590 ALT: 3.13
13:12:30.987590 ACC: [0, -26, 508]
13:12:30.987590 GYR: [1, -1, -2]
13:12:30.987590 ATT: [-2.9, 0.0, 358]
13:12:30.987590 VOL: 15.25
13:12:31.085830 CPU: 72.1°C
13:12:31.085830 GPU: 72.0°C
13:12:31.085830 ALT: 3.13
13:12:31.085830 ACC: [0, -25, 508]
13:12:31.085830 GYR: [-1, 0, -2]
13:12:31.085830 ATT: [-2.9, 0.0, 358]
13:12:31.085830 VOL: 15.25
13:12:31.175503 CPU: 72.5°C
13:12:31.175503 GPU: 72.0°C
13:12:31.175503 ALT: 3.13
13:12:31.175503 ACC: [0, -26, 508]
13:12:31.175503 GYR: [0, 1, 1]
13:12:31.175503 ATT: [-2.9, 0.0, 358]
13:12:31.175503 VOL: 15.25
13:12:31.250378 CPU: 72.1°C
13:12:31.250378 GPU: 72.0°C
13:12:31.250378 ALT: 3.13
13:12:31.250378 ACC: [1, -30, 509]
13:12:31.250378 GYR: [1, 0, 0]
13:12:31.250378 ATT: [-3.0, 0.0, 358]
13:12:31.250378 VOL: 15.25
13:12:31.331790 CPU: 72.1°C
13:12:31.331790 GPU: 72.0°C
13:12:31.331790 ALT: 3.13
13:12:31.331790 ACC: [0, -25, 509]
13:12:31.331790 GYR: [1, 0, -1]
13:12:31.331790 ATT: [-3.0, 0.0, 358]
13:12:31.331790 VOL: 15.25
13:12:31.411881 CPU: 73.0°C
13:12:31.411881 GPU: 73.5°C
13:12:31.411881 ALT: 3.13
13:12:31.411881 ACC: [0, -26, 509]
13:12:31.411881 GYR: [-2, -1, 1]
13:12:31.411881 ATT: [-3.0, 0.0, 358]
13:12:31.411881 VOL: 15.26
13:12:31.497948 CPU: 72.1°C
13:12:31.497948 GPU: 72.0°C
13:12:31.497948 ALT: 3.13
13:12:31.497948 ACC: [0, -26, 509]
13:12:31.497948 GYR: [1, 1, 0]
13:12:31.497948 ATT: [-3.0, 0.0, 358]
13:12:31.497948 VOL: 15.26
13:12:31.572189 CPU: 72.1°C
13:12:31.572189 GPU: 72.0°C
13:12:31.572189 ALT: 3.13
13:12:31.572189 ACC: [0, -23, 509]
13:12:31.572189 GYR: [0, 1, -1]
13:12:31.572189 ATT: [-3.0, 0.0, 358]
13:12:31.572189 VOL: 15.26
13:12:31.653352 CPU: 73.0°C
13:12:31.653352 GPU: 72.0°C
13:12:31.653352 ALT: 3.13
13:12:31.653352 ACC: [0, -26, 508]
13:12:31.653352 GYR: [2, 0, -2]
13:12:31.653352 ATT: [-2.9, 0.0, 358]
13:12:31.653352 VOL: 15.26
13:12:31.733893 CPU: 73.0°C
13:12:31.733893 GPU: 73.0°C
13:12:31.733893 ALT: 3.13
13:12:31.733893 ACC: [0, -26, 509]
13:12:31.733893 GYR: [-2, -1, 2]
13:12:31.733893 ATT: [-2.9, 0.0, 358]
13:12:31.733893 VOL: 15.26
13:12:31.830510 CPU: 73.0°C
13:12:31.830510 GPU: 73.0°C
13:12:31.830510 ALT: 3.13
13:12:31.830510 ACC: [0, -26, 508]
13:12:31.830510 GYR: [0, -1, -1]
13:12:31.830510 ATT: [-2.9, 0.0, 358]
13:12:31.830510 VOL: 15.26
13:12:31.920534 CPU: 72.5°C
13:12:31.920534 GPU: 72.5°C
13:12:31.920534 ALT: 3.13
13:12:31.920534 ACC: [0, -26, 509]
13:12:31.920534 GYR: [0, 0, -1]
13:12:31.920534 ATT: [-2.9, 0.0, 358]
13:12:31.920534 VOL: 15.26
13:12:32.004840 CPU: 72.5°C
13:12:32.004840 GPU: 73.0°C
13:12:32.004840 ALT: 3.13
13:12:32.004840 ACC: [0, -26, 508]
13:12:32.004840 GYR: [0, 0, 0]
13:12:32.004840 ATT: [-2.9, 0.0, 358]
13:12:32.004840 VOL: 15.26
13:12:32.083511 CPU: 72.5°C
13:12:32.083511 GPU: 72.5°C
13:12:32.083511 ALT: 3.13
13:12:32.083511 ACC: [0, -26, 509]
13:12:32.083511 GYR: [-1, -1, -1]
13:12:32.083511 ATT: [-2.9, 0.0, 358]
13:12:32.083511 VOL: 15.26
13:12:32.164173 CPU: 74.0°C
13:12:32.164173 GPU: 74.0°C
13:12:32.164173 ALT: 3.13
13:12:32.164173 ACC: [0, -26, 509]
13:12:32.164173 GYR: [0, -3, 1]
13:12:32.164173 ATT: [-2.9, 0.0, 358]
13:12:32.164173 VOL: 15.25
13:12:32.248564 CPU: 72.5°C
13:12:32.248564 GPU: 72.5°C
13:12:32.248564 ALT: 3.19
13:12:32.248564 ACC: [0, -26, 509]
13:12:32.248564 GYR: [1, 0, 0]
13:12:32.248564 ATT: [-2.9, 0.0, 358]
13:12:32.248564 VOL: 15.25
13:12:32.323060 CPU: 73.0°C
13:12:32.323060 GPU: 73.0°C
13:12:32.323060 ALT: 3.21
13:12:32.323060 ACC: [0, -26, 508]
13:12:32.323060 GYR: [-1, -1, 1]
13:12:32.323060 ATT: [-2.9, 0.0, 358]
13:12:32.323060 VOL: 15.25
13:12:32.407756 CPU: 72.5°C
13:12:32.407756 GPU: 72.0°C
13:12:32.407756 ALT: 3.21
13:12:32.407756 ACC: [0, -25, 508]
13:12:32.407756 GYR: [2, 2, 0]
13:12:32.407756 ATT: [-2.9, 0.0, 358]
13:12:32.407756 VOL: 15.25
13:12:32.483885 CPU: 72.1°C
13:12:32.483885 GPU: 72.0°C
13:12:32.483885 ALT: 3.21
13:12:32.483885 ACC: [0, -27, 508]
13:12:32.483885 GYR: [-3, 2, 1]
13:12:32.483885 ATT: [-2.9, 0.0, 358]
13:12:32.483885 VOL: 15.25
13:12:32.564980 CPU: 72.5°C
13:12:32.564980 GPU: 72.5°C
13:12:32.564980 ALT: 3.21
13:12:32.564980 ACC: [-1, -30, 508]
13:12:32.564980 GYR: [0, 0, 1]
13:12:32.564980 ATT: [-3.0, 0.0, 358]
13:12:32.564980 VOL: 15.25
13:12:32.646296 CPU: 72.5°C
13:12:32.646296 GPU: 73.0°C
13:12:32.646296 ALT: 3.21
13:12:32.646296 ACC: [0, -25, 508]
13:12:32.646296 GYR: [-2, 1, 0]
13:12:32.646296 ATT: [-3.0, 0.0, 358]
13:12:32.646296 VOL: 15.25
13:12:32.741958 CPU: 73.0°C
13:12:32.741958 GPU: 73.0°C
13:12:32.741958 ALT: 3.21
13:12:32.741958 ACC: [0, -26, 508]
13:12:32.741958 GYR: [-1, -2, 1]
13:12:32.741958 ATT: [-3.0, 0.0, 358]
13:12:32.741958 VOL: 15.25
13:12:32.844918 CPU: 73.0°C
13:12:32.844918 GPU: 73.0°C
13:12:32.844918 ALT: 3.21
13:12:32.844918 ACC: [0, -26, 508]
13:12:32.844918 GYR: [-1, 0, -2]
13:12:32.844918 ATT: [-3.0, 0.0, 358]
13:12:32.844918 VOL: 15.25
13:12:32.936409 CPU: 72.5°C
13:12:32.936409 GPU: 73.0°C
13:12:32.936409 ALT: 3.21
13:12:32.936409 ACC: [0, -27, 508]
13:12:32.936409 GYR: [-2, 1, 0]
13:12:32.936409 ATT: [-3.0, 0.0, 358]
13:12:32.936409 VOL: 15.25
13:12:33.012078 CPU: 72.5°C
13:12:33.012078 GPU: 72.5°C
13:12:33.012078 ALT: 3.21
13:12:33.012078 ACC: [-1, -26, 509]
13:12:33.012078 GYR: [-1, 1, 2]
13:12:33.012078 ATT: [-3.0, 0.0, 358]
13:12:33.012078 VOL: 15.26
13:12:33.091662 CPU: 73.0°C
13:12:33.091662 GPU: 73.0°C
13:12:33.091662 ALT: 3.21
13:12:33.091662 ACC: [0, -26, 508]
13:12:33.091662 GYR: [-3, -2, 1]
13:12:33.091662 ATT: [-3.0, 0.0, 358]
13:12:33.091662 VOL: 15.25
13:12:33.176041 CPU: 73.0°C
13:12:33.176041 GPU: 72.5°C
13:12:33.176041 ALT: 3.21
13:12:33.176041 ACC: [0, -26, 508]
13:12:33.176041 GYR: [0, 0, -3]
13:12:33.176041 ATT: [-3.0, 0.0, 358]
13:12:33.176041 VOL: 15.25
13:12:33.270288 CPU: 72.5°C
13:12:33.270288 GPU: 72.5°C
13:12:33.270288 ALT: 3.21
13:12:33.270288 ACC: [0, -27, 509]
13:12:33.270288 GYR: [-2, 2, 1]
13:12:33.270288 ATT: [-3.0, 0.0, 358]
13:12:33.270288 VOL: 15.25
13:12:33.348806 CPU: 72.5°C
13:12:33.348806 GPU: 72.5°C
13:12:33.348806 ALT: 3.21
13:12:33.348806 ACC: [0, -25, 509]
13:12:33.348806 GYR: [0, -1, 2]
13:12:33.348806 ATT: [-3.0, 0.0, 358]
13:12:33.348806 VOL: 15.25
13:12:33.435429 CPU: 73.0°C
13:12:33.435429 GPU: 73.0°C
13:12:33.435429 ALT: 3.21
13:12:33.435429 ACC: [0, -26, 508]
13:12:33.435429 GYR: [2, -2, -2]
13:12:33.435429 ATT: [-3.0, 0.0, 358]
13:12:33.435429 VOL: 15.25
13:12:33.530254 CPU: 73.0°C
13:12:33.530254 GPU: 72.0°C
13:12:33.530254 ALT: 3.21
13:12:33.530254 ACC: [-1, -28, 508]
13:12:33.530254 GYR: [0, 1, -1]
13:12:33.530254 ATT: [-3.0, 0.0, 358]
13:12:33.530254 VOL: 15.25
13:12:33.606214 CPU: 73.5°C
13:12:33.606214 GPU: 73.5°C
13:12:33.606214 ALT: 3.21
13:12:33.606214 ACC: [0, -26, 509]
13:12:33.606214 GYR: [0, 0, 1]
13:12:33.606214 ATT: [-3.0, 0.0, 358]
13:12:33.606214 VOL: 15.25
13:12:33.684497 CPU: 73.5°C
13:12:33.684497 GPU: 73.5°C
13:12:33.684497 ALT: 3.21
13:12:33.684497 ACC: [0, -25, 509]
13:12:33.684497 GYR: [-1, -1, 0]
13:12:33.684497 ATT: [-3.0, 0.0, 358]
13:12:33.684497 VOL: 15.25
13:12:33.771578 CPU: 73.5°C
13:12:33.771578 GPU: 72.0°C
13:12:33.771578 ALT: 3.21
13:12:33.771578 ACC: [0, -26, 509]
13:12:33.771578 GYR: [0, -1, 0]
13:12:33.771578 ATT: [-3.0, 0.0, 358]
13:12:33.771578 VOL: 15.25
13:12:33.846043 CPU: 72.5°C
13:12:33.846043 GPU: 72.5°C
13:12:33.846043 ALT: 3.21
13:12:33.846043 ACC: [1, -23, 509]
13:12:33.846043 GYR: [0, 0, -3]
13:12:33.846043 ATT: [-3.0, 0.0, 358]
13:12:33.846043 VOL: 15.25
13:12:33.923830 CPU: 73.0°C
13:12:33.923830 GPU: 73.0°C
13:12:33.923830 ALT: 3.21
13:12:33.923830 ACC: [-1, -26, 509]
13:12:33.923830 GYR: [0, 2, 1]
13:12:33.923830 ATT: [-2.9, 0.0, 358]
13:12:33.923830 VOL: 15.25
13:12:34.008629 CPU: 72.5°C
13:12:34.008629 GPU: 72.5°C
13:12:34.008629 ALT: 3.21
13:12:34.008629 ACC: [0, -26, 509]
13:12:34.008629 GYR: [2, 1, 0]
13:12:34.008629 ATT: [-2.9, 0.0, 358]
13:12:34.008629 VOL: 15.25
13:12:34.082960 CPU: 73.5°C
13:12:34.082960 GPU: 73.5°C
13:12:34.082960 ALT: 3.21
13:12:34.082960 ACC: [0, -26, 509]
13:12:34.082960 GYR: [1, 0, 1]
13:12:34.082960 ATT: [-2.9, 0.0, 358]
13:12:34.082960 VOL: 15.26
13:12:34.168353 CPU: 72.5°C
13:12:34.168353 GPU: 73.0°C
13:12:34.168353 ALT: 3.21
13:12:34.168353 ACC: [0, -26, 509]
13:12:34.168353 GYR: [3, -1, 3]
13:12:34.168353 ATT: [-2.9, 0.0, 358]
13:12:34.168353 VOL: 15.26
13:12:34.264131 CPU: 73.0°C
13:12:34.264131 GPU: 73.0°C
13:12:34.264131 ALT: 3.21
13:12:34.264131 ACC: [-1, -26, 508]
13:12:34.264131 GYR: [-1, -2, -1]
13:12:34.264131 ATT: [-2.9, 0.0, 358]
13:12:34.264131 VOL: 15.26
13:12:34.345819 CPU: 73.0°C
13:12:34.345819 GPU: 73.0°C
13:12:34.345819 ALT: 3.21
13:12:34.345819 ACC: [0, -26, 508]
13:12:34.345819 GYR: [1, 1, 1]
13:12:34.345819 ATT: [-2.9, 0.0, 358]
13:12:34.345819 VOL: 15.26
13:12:34.438284 CPU: 72.1°C
13:12:34.438284 GPU: 72.0°C
13:12:34.438284 ALT: 3.21
13:12:34.438284 ACC: [0, -26, 508]
13:12:34.438284 GYR: [-1, 1, 0]
13:12:34.438284 ATT: [-2.9, 0.0, 358]
13:12:34.438284 VOL: 15.26
13:12:34.518065 CPU: 73.0°C
13:12:34.518065 GPU: 73.5°C
13:12:34.518065 ALT: 3.21
13:12:34.518065 ACC: [0, -26, 509]
13:12:34.518065 GYR: [0, -1, -2]
13:12:34.518065 ATT: [-2.9, 0.0, 358]
13:12:34.518065 VOL: 15.26
13:12:34.612790 CPU: 73.5°C
13:12:34.612790 GPU: 73.5°C
13:12:34.612790 ALT: 3.21
13:12:34.612790 ACC: [0, -26, 509]
13:12:34.612790 GYR: [2, -6, 2]
13:12:34.612790 ATT: [-2.9, 0.0, 358]
13:12:34.612790 VOL: 15.26
13:12:34.691388 CPU: 73.5°C
13:12:34.691388 GPU: 72.5°C
13:12:34.691388 ALT: 3.21
13:12:34.691388 ACC: [0, -26, 509]
13:12:34.691388 GYR: [-1, 0, 2]
13:12:34.691388 ATT: [-2.9, 0.0, 358]
13:12:34.691388 VOL: 15.26
13:12:34.780811 CPU: 73.0°C
13:12:34.780811 GPU: 73.0°C
13:12:34.780811 ALT: 3.21
13:12:34.780811 ACC: [0, -26, 509]
13:12:34.780811 GYR: [0, 0, 4]
13:12:34.780811 ATT: [-2.9, 0.0, 358]
13:12:34.780811 VOL: 15.26
13:12:34.870598 CPU: 73.0°C
13:12:34.870598 GPU: 72.5°C
13:12:34.870598 ALT: 3.21
13:12:34.870598 ACC: [0, -26, 509]
13:12:34.870598 GYR: [2, 1, 1]
13:12:34.870598 ATT: [-2.9, 0.0, 358]
13:12:34.870598 VOL: 15.26
13:12:34.948371 CPU: 73.0°C
13:12:34.948371 GPU: 72.5°C
13:12:34.948371 ALT: 3.21
13:12:34.948371 ACC: [0, -26, 509]
13:12:34.948371 GYR: [0, 1, -1]
13:12:34.948371 ATT: [-2.9, 0.0, 358]
13:12:34.948371 VOL: 15.26
13:12:35.030668 CPU: 72.5°C
13:12:35.030668 GPU: 72.5°C
13:12:35.030668 ALT: 3.21
13:12:35.030668 ACC: [0, -26, 509]
13:12:35.030668 GYR: [0, 0, 0]
13:12:35.030668 ATT: [-2.9, 0.0, 358]
13:12:35.030668 VOL: 15.26
13:12:35.111915 CPU: 72.5°C
13:12:35.111915 GPU: 73.0°C
13:12:35.111915 ALT: 3.21
13:12:35.111915 ACC: [0, -26, 507]
13:12:35.111915 GYR: [1, 0, -1]
13:12:35.111915 ATT: [-2.9, 0.0, 358]
13:12:35.111915 VOL: 15.26
13:12:35.186595 CPU: 72.1°C
13:12:35.186595 GPU: 72.0°C
13:12:35.186595 ALT: 3.21
13:12:35.186595 ACC: [0, -25, 508]
13:12:35.186595 GYR: [-1, 1, 0]
13:12:35.186595 ATT: [-2.9, 0.0, 358]
13:12:35.186595 VOL: 15.26
13:12:35.268697 CPU: 73.5°C
13:12:35.268697 GPU: 73.5°C
13:12:35.268697 ALT: 3.21
13:12:35.268697 ACC: [-1, -27, 509]
13:12:35.268697 GYR: [-1, 2, 2]
13:12:35.268697 ATT: [-2.9, 0.0, 358]
13:12:35.268697 VOL: 15.25
13:12:35.349247 CPU: 73.0°C
13:12:35.349247 GPU: 74.0°C
13:12:35.349247 ALT: 3.21
13:12:35.349247 ACC: [-1, -26, 508]
13:12:35.349247 GYR: [-1, 1, 1]
13:12:35.349247 ATT: [-2.9, 0.0, 358]
13:12:35.349247 VOL: 15.26
13:12:35.428974 CPU: 72.5°C
13:12:35.428974 GPU: 73.5°C
13:12:35.428974 ALT: 3.21
13:12:35.428974 ACC: [1, -22, 509]
13:12:35.428974 GYR: [0, -1, -2]
13:12:35.428974 ATT: [-2.9, 0.0, 358]
13:12:35.428974 VOL: 15.25
13:12:35.513221 CPU: 73.5°C
13:12:35.513221 GPU: 73.5°C
13:12:35.513221 ALT: 3.21
13:12:35.513221 ACC: [0, -26, 509]
