Waiting for MSP_API_VERSION reply...
Waiting for MSP_FC_VARIANT reply...
{'apiVersion': '1.44.0', 'flightControllerIdentifier': 'BTFL', 'flightControllerVersion': '4.3.2', 'version': 0, 'buildInfo': 'Apr  7 2023 03:15:27', 'multiType': 0, 'msp_version': 0, 'capability': 0, 'cycleTime': 314, 'i2cError': 0, 'activeSensors': 35, 'mode': 2, 'profile': 0, 'uid': [3473443, 858998536, 959590705], 'accelerometerTrims': [0, 0], 'name': '', 'displayName': 'BOARD MODULE', 'numProfiles': 3, 'rateProfile': 0, 'boardType': 2, 'armingDisableCount': 26, 'armingDisableFlags': 4, 'armingDisabled': False, 'runawayTakeoffPreventionDisabled': False, 'boardIdentifier': 'SBF4', 'boardVersion': 0, 'commCapabilities': 3, 'targetName': 'SPEEDYBEEF405V3', 'boardName': 'SPEEDYBEEF405V3', 'manufacturerId': '', 'signature': [0, 0, 0, 0, 0, 0, 0, 0, 0, 0, 0, 0, 0, 0, 0, 0, 0, 0, 0, 0, 0, 0, 0, 0, 0, 0, 0, 0, 0, 0, 0, 0], 'cpuload': 39, 'mcuTypeId': 3, 'mspProtocolVersion': 0, 'flightModeFlags': []}
12:42:56.204765 ALT: 1.02
12:42:56.205567 ACC: [6, 14, 513]
12:42:56.236482 ALT: 1.02
12:42:56.236741 ACC: [6, 14, 513]
12:42:56.271212 ALT: 1.02
12:42:56.271425 ACC: [6, 14, 513]
Easycap format used: ImageFormat(type=<BufType.VIDEO_CAPTURE: 1>, description='YUYV 4:2:2', flags=<ImageFormatFlag.0: 0>, pixel_format=<PixelFormat.YUYV: 1448695129>)
12:42:56.300441 ALT: 1.02
12:42:56.300648 ACC: [7, 14, 513]
12:42:56.332422 ALT: 1.02
12:42:56.332662 ACC: [7, 14, 513]
12:42:56.364437 ALT: 1.02
12:42:56.364645 ACC: [6, 14, 513]
12:42:56.397002 ALT: 1.02
12:42:56.397243 ACC: [7, 14, 513]
12:42:56.428554 ALT: 0.99
12:42:56.428785 ACC: [7, 14, 513]
12:42:56.460536 ALT: 0.97
12:42:56.460834 ACC: [6, 14, 513]
12:42:56.492525 ALT: 0.96
12:42:56.492761 ACC: [6, 14, 512]
12:42:56.525479 ALT: 0.96
12:42:56.525719 ACC: [6, 14, 513]
12:42:56.556602 ALT: 0.96
12:42:56.556888 ACC: [6, 14, 513]
12:42:56.590146 ALT: 0.96
12:42:56.590395 ACC: [6, 14, 513]
Initialize navigation params:
Delay=0.03, Kp=40.0, Ki=0.0, Kd=40.0
Starting Main workflow
12:42:56.638684 ALT: 0.96
12:42:56.639627 ACC: [7, 14, 513]
12:42:56.672340 ALT: 0.96
12:42:56.672767 ACC: [6, 14, 513]
12:42:56.700595 ALT: 1.01
12:42:56.700828 ACC: [6, 14, 513]
12:42:56.732834 ALT: 1.02
12:42:56.733102 ACC: [7, 14, 513]
12:42:56.765822 ALT: 1.02
12:42:56.766593 ACC: [7, 14, 513]
12:42:56.796666 ALT: 0.97
12:42:56.797149 ACC: [6, 14, 513]
12:42:56.828608 ALT: 0.96
12:42:56.828966 ACC: [6, 13, 513]
12:42:56.860801 ALT: 0.96
12:42:56.861265 ACC: [7, 14, 513]
12:42:56.892581 ALT: 0.99
12:42:56.892853 ACC: [6, 14, 513]
12:42:56.925118 ALT: 1.01
12:42:56.925512 ACC: [6, 14, 513]
12:42:56.958449 ALT: 1.02
12:42:56.958908 ACC: [6, 14, 513]
12:42:56.988863 ALT: 1.02
12:42:56.989158 ACC: [7, 14, 513]
12:42:57.021107 ALT: 1.02
12:42:57.021779 ACC: [7, 14, 513]
12:42:57.053053 ALT: 0.97
12:42:57.053641 ACC: [6, 14, 513]
12:42:57.086052 ALT: 0.99
12:42:57.086358 ACC: [6, 14, 513]
12:42:57.116585 ALT: 1.01
12:42:57.116879 ACC: [7, 14, 513]
12:42:57.148649 ALT: 0.97
12:42:57.148931 ACC: [6, 14, 513]
12:42:57.180601 ALT: 0.99
12:42:57.180892 ACC: [6, 14, 513]
12:42:57.212611 ALT: 1.01
12:42:57.212840 ACC: [6, 14, 513]
12:42:57.244682 ALT: 1.02
12:42:57.244962 ACC: [6, 14, 513]
12:42:57.276685 ALT: 1.02
12:42:57.276975 ACC: [7, 14, 513]
12:42:57.308618 ALT: 1.02
12:42:57.308841 ACC: [7, 14, 513]
12:42:57.340675 ALT: 0.99
12:42:57.340974 ACC: [6, 14, 513]
12:42:57.372661 ALT: 0.97
12:42:57.372966 ACC: [6, 14, 513]
12:42:57.404628 ALT: 0.96
12:42:57.404850 ACC: [6, 14, 513]
12:42:57.436672 ALT: 0.96
12:42:57.436902 ACC: [6, 14, 513]
12:42:57.468718 ALT: 0.96
12:42:57.468983 ACC: [6, 14, 513]
12:42:57.500672 ALT: 0.96
12:42:57.500951 ACC: [6, 14, 513]
12:42:57.532620 ALT: 0.99
12:42:57.532850 ACC: [6, 14, 513]
12:42:57.564803 ALT: 1.01
12:42:57.565041 ACC: [6, 14, 513]
12:42:57.596698 ALT: 1.02
12:42:57.596919 ACC: [6, 14, 512]
12:42:57.628798 ALT: 1.02
12:42:57.629111 ACC: [6, 14, 513]
12:42:57.663451 ALT: 1.02
12:42:57.663684 ACC: [7, 14, 513]
12:42:57.693305 ALT: 1.02
12:42:57.693630 ACC: [7, 14, 513]
12:42:57.724702 ALT: 1.02
12:42:57.724963 ACC: [7, 14, 513]
12:42:57.756861 ALT: 1.02
12:42:57.757390 ACC: [6, 14, 513]
12:42:57.809222 ALT: 1.02
12:42:57.809561 ACC: [6, 14, 513]
12:42:57.836657 ALT: 1.02
12:42:57.836885 ACC: [7, 14, 512]
12:42:57.868730 ALT: 1.02
12:42:57.868946 ACC: [6, 14, 513]
12:42:57.900707 ALT: 1.02
12:42:57.900919 ACC: [6, 14, 513]
12:42:57.932773 ALT: 1.02
12:42:57.933018 ACC: [6, 14, 513]
12:42:57.973007 ALT: 1.02
12:42:57.973342 ACC: [7, 14, 512]
12:42:57.998893 ALT: 1.02
12:42:57.999129 ACC: [6, 14, 513]
12:42:58.028868 ALT: 1.02
12:42:58.029171 ACC: [7, 14, 513]
12:42:58.064349 ALT: 1.02
12:42:58.064649 ACC: [7, 14, 513]
12:42:58.092993 ALT: 1.02
12:42:58.093276 ACC: [7, 14, 513]
12:42:58.124931 ALT: 1.02
12:42:58.125195 ACC: [7, 14, 513]
12:42:58.157084 ALT: 1.02
12:42:58.157502 ACC: [6, 14, 513]
12:42:58.189126 ALT: 1.02
12:42:58.189375 ACC: [6, 14, 513]
12:42:58.221030 ALT: 1.02
12:42:58.221284 ACC: [6, 14, 513]
12:42:58.252875 ALT: 1.02
12:42:58.253282 ACC: [6, 14, 513]
12:42:58.284827 ALT: 1.02
12:42:58.285166 ACC: [6, 14, 513]
12:42:58.316968 ALT: 1.02
12:42:58.317313 ACC: [6, 14, 513]
12:42:58.348876 ALT: 1.02
12:42:58.349192 ACC: [6, 14, 513]
12:42:58.381486 ALT: 1.02
12:42:58.382669 ACC: [7, 14, 513]
12:42:58.412873 ALT: 1.02
12:42:58.413175 ACC: [7, 14, 513]
12:42:58.444871 ALT: 1.02
12:42:58.445162 ACC: [7, 14, 512]
12:42:58.476903 ALT: 1.02
12:42:58.477151 ACC: [7, 14, 512]
12:42:58.550211 ALT: 1.02
12:42:58.550491 ACC: [7, 14, 512]
12:42:58.574459 ALT: 1.02
12:42:58.574783 ACC: [6, 14, 513]
12:42:58.604842 ALT: 1.02
12:42:58.605081 ACC: [6, 14, 513]
12:42:58.636792 ALT: 1.02
12:42:58.637005 ACC: [7, 14, 512]
12:42:58.668905 ALT: 1.02
12:42:58.669144 ACC: [7, 14, 513]
12:42:58.701077 ALT: 1.02
12:42:58.701318 ACC: [6, 14, 513]
12:42:58.732981 ALT: 1.02
12:42:58.733213 ACC: [6, 14, 513]
12:42:58.766789 ALT: 1.02
12:42:58.767113 ACC: [6, 14, 513]
12:42:58.806132 ALT: 1.02
12:42:58.806546 ACC: [6, 14, 513]
12:42:58.845870 ALT: 1.02
12:42:58.846807 ACC: [6, 13, 512]
12:42:58.879156 ALT: 1.02
12:42:58.879901 ACC: [6, 14, 513]
12:42:58.912232 ALT: 1.02
12:42:58.912981 ACC: [7, 14, 513]
12:42:58.941132 ALT: 1.02
12:42:58.941707 ACC: [7, 14, 513]
12:42:58.972919 ALT: 1.02
12:42:58.973317 ACC: [6, 14, 513]
12:42:59.009518 ALT: 1.02
12:42:59.009770 ACC: [7, 14, 513]
12:42:59.036793 ALT: 1.02
12:42:59.036990 ACC: [7, 14, 513]
12:42:59.068833 ALT: 1.02
12:42:59.069102 ACC: [6, 14, 512]
12:42:59.101129 ALT: 1.06
12:42:59.101460 ACC: [6, 14, 512]
12:42:59.133901 ALT: 1.08
12:42:59.134250 ACC: [7, 14, 513]
12:42:59.165594 ALT: 1.11
12:42:59.165996 ACC: [7, 14, 513]
12:42:59.196991 ALT: 1.08
12:42:59.197225 ACC: [6, 14, 513]
12:42:59.232793 ALT: 1.06
12:42:59.233192 ACC: [6, 14, 512]
12:42:59.261879 ALT: 1.04
12:42:59.262247 ACC: [6, 14, 513]
12:42:59.293213 ALT: 1.04
12:42:59.293459 ACC: [6, 14, 513]
12:42:59.327701 ALT: 1.04
12:42:59.328074 ACC: [6, 14, 513]
12:42:59.357229 ALT: 1.04
12:42:59.357569 ACC: [7, 14, 513]
12:42:59.390251 ALT: 1.04
12:42:59.390679 ACC: [6, 14, 512]
12:42:59.421108 ALT: 1.04
12:42:59.421357 ACC: [6, 14, 512]
12:42:59.452921 ALT: 1.04
12:42:59.453167 ACC: [6, 14, 513]
12:42:59.490427 ALT: 1.04
12:42:59.490732 ACC: [7, 14, 513]
12:42:59.517045 ALT: 1.04
12:42:59.517351 ACC: [6, 14, 513]
12:42:59.549180 ALT: 1.04
12:42:59.549515 ACC: [6, 14, 513]
12:42:59.581725 ALT: 1.04
12:42:59.581993 ACC: [6, 14, 513]
12:42:59.613117 ALT: 1.04
12:42:59.613324 ACC: [7, 14, 513]
12:42:59.644945 ALT: 1.04
12:42:59.645195 ACC: [6, 14, 513]
12:42:59.694332 ALT: 1.04
12:42:59.694534 ACC: [6, 14, 513]
12:42:59.725595 ALT: 1.04
12:42:59.725801 ACC: [6, 14, 513]
12:42:59.757365 ALT: 1.04
12:42:59.757895 ACC: [7, 14, 513]
12:42:59.789265 ALT: 1.04
12:42:59.789529 ACC: [7, 14, 513]
12:42:59.822297 ALT: 1.04
12:42:59.822993 ACC: [6, 14, 513]
12:42:59.854820 ALT: 1.04
12:42:59.855071 ACC: [6, 14, 513]
12:42:59.886536 ALT: 1.04
12:42:59.886785 ACC: [7, 14, 513]
12:42:59.917651 ALT: 1.04
12:42:59.917971 ACC: [7, 14, 513]
12:42:59.949005 ALT: 1.04
12:42:59.949244 ACC: [6, 14, 513]
12:42:59.982662 ALT: 1.04
12:42:59.982871 ACC: [7, 14, 513]
12:43:00.013596 ALT: 1.04
12:43:00.013845 ACC: [7, 14, 513]
12:43:00.044959 ALT: 1.04
12:43:00.045204 ACC: [6, 14, 513]
12:43:00.077001 ALT: 1.04
12:43:00.077296 ACC: [7, 14, 512]
12:43:00.108949 ALT: 1.04
12:43:00.109286 ACC: [6, 14, 512]
12:43:00.141203 ALT: 1.04
12:43:00.141405 ACC: [7, 14, 512]
12:43:00.173765 ALT: 1.04
12:43:00.174129 ACC: [7, 14, 512]
12:43:00.205116 ALT: 1.04
12:43:00.205338 ACC: [7, 14, 512]
12:43:00.237734 ALT: 1.04
12:43:00.237967 ACC: [6, 14, 513]
12:43:00.269083 ALT: 1.04
12:43:00.269299 ACC: [6, 14, 513]
12:43:00.301280 ALT: 1.04
12:43:00.301500 ACC: [7, 14, 513]
12:43:00.334499 ALT: 1.04
12:43:00.334786 ACC: [7, 14, 513]
12:43:00.365409 ALT: 1.04
12:43:00.365692 ACC: [7, 14, 513]
12:43:00.405347 ALT: 1.04
12:43:00.405566 ACC: [6, 14, 513]
12:43:00.433790 ALT: 1.04
12:43:00.433998 ACC: [6, 14, 513]
12:43:00.466321 ALT: 1.04
12:43:00.466863 ACC: [6, 14, 513]
12:43:00.493455 ALT: 1.04
12:43:00.493907 ACC: [6, 14, 513]
12:43:00.533013 ALT: 1.04
12:43:00.533259 ACC: [7, 14, 513]
12:43:00.557461 ALT: 1.04
12:43:00.557773 ACC: [6, 14, 513]
12:43:00.589135 ALT: 1.04
12:43:00.589445 ACC: [6, 14, 513]
12:43:00.621240 ALT: 1.04
12:43:00.621480 ACC: [6, 14, 513]
12:43:00.654574 ALT: 1.07
12:43:00.654830 ACC: [6, 14, 513]
12:43:00.685078 ALT: 1.09
12:43:00.685334 ACC: [6, 14, 513]
12:43:00.717182 ALT: 1.1
12:43:00.717418 ACC: [6, 14, 513]
12:43:00.749137 ALT: 1.11
12:43:00.749365 ACC: [6, 14, 513]
12:43:00.781192 ALT: 1.11
12:43:00.781461 ACC: [6, 14, 513]
12:43:00.813155 ALT: 1.08
12:43:00.813373 ACC: [6, 14, 513]
12:43:00.845126 ALT: 1.06
12:43:00.845335 ACC: [7, 14, 513]
12:43:00.877080 ALT: 1.04
12:43:00.877409 ACC: [6, 14, 513]
12:43:00.909130 ALT: 1.04
12:43:00.909357 ACC: [7, 14, 513]
12:43:00.941147 ALT: 1.04
12:43:00.941370 ACC: [7, 14, 513]
12:43:00.973196 ALT: 1.04
12:43:00.973440 ACC: [7, 14, 512]
12:43:01.005163 ALT: 1.04
12:43:01.005406 ACC: [6, 14, 512]
12:43:01.037293 ALT: 1.04
12:43:01.037517 ACC: [6, 14, 513]
12:43:01.072175 ALT: 1.04
12:43:01.072533 ACC: [6, 14, 512]
12:43:01.103420 ALT: 1.04
12:43:01.103656 ACC: [6, 14, 512]
12:43:01.137997 ALT: 1.04
12:43:01.138284 ACC: [6, 14, 513]
12:43:01.173170 ALT: 1.04
12:43:01.173407 ACC: [6, 14, 513]
12:43:01.215752 ALT: 1.04
12:43:01.216035 ACC: [7, 14, 513]
12:43:01.245177 ALT: 1.04
12:43:01.245398 ACC: [6, 14, 513]
12:43:01.277271 ALT: 1.09
12:43:01.277509 ACC: [6, 14, 513]
12:43:01.309225 ALT: 1.1
12:43:01.309459 ACC: [7, 14, 513]
12:43:01.341244 ALT: 1.11
12:43:01.341486 ACC: [7, 14, 513]
12:43:01.387093 ALT: 1.11
12:43:01.387475 ACC: [6, 14, 513]
12:43:01.421138 ALT: 1.11
12:43:01.421540 ACC: [7, 14, 513]
12:43:01.453357 ALT: 1.11
12:43:01.453623 ACC: [7, 14, 513]
12:43:01.485277 ALT: 1.11
12:43:01.485545 ACC: [6, 14, 513]
12:43:01.517271 ALT: 1.11
12:43:01.517502 ACC: [6, 13, 513]
12:43:01.565452 ALT: 1.11
12:43:01.565661 ACC: [7, 14, 513]
12:43:01.598379 ALT: 1.11
12:43:01.598660 ACC: [6, 14, 513]
12:43:01.630331 ALT: 1.11
12:43:01.630576 ACC: [6, 14, 513]
12:43:01.661868 ALT: 1.11
12:43:01.662359 ACC: [7, 14, 513]
12:43:01.695580 ALT: 1.11
12:43:01.696188 ACC: [7, 14, 513]
12:43:01.725425 ALT: 1.06
12:43:01.725797 ACC: [7, 14, 513]
12:43:01.757471 ALT: 1.08
12:43:01.757706 ACC: [6, 14, 513]
12:43:01.789584 ALT: 1.1
12:43:01.789849 ACC: [6, 14, 513]
12:43:01.821203 ALT: 1.07
12:43:01.821426 ACC: [6, 14, 513]
12:43:01.853534 ALT: 1.05
12:43:01.853769 ACC: [7, 14, 513]
12:43:01.885236 ALT: 1.1
12:43:01.885495 ACC: [7, 14, 513]
12:43:01.917284 ALT: 1.07
12:43:01.917496 ACC: [7, 14, 513]
12:43:01.949294 ALT: 1.05
12:43:01.949505 ACC: [7, 14, 513]
12:43:01.981212 ALT: 1.1
12:43:01.981422 ACC: [6, 14, 513]
12:43:02.013302 ALT: 1.11
12:43:02.013542 ACC: [6, 14, 513]
12:43:02.045292 ALT: 1.11
12:43:02.045524 ACC: [6, 14, 513]
12:43:02.077287 ALT: 1.11
12:43:02.077545 ACC: [7, 14, 513]
12:43:02.109260 ALT: 1.11
12:43:02.109470 ACC: [6, 14, 513]
12:43:02.141273 ALT: 1.11
12:43:02.141502 ACC: [7, 14, 512]
12:43:02.173347 ALT: 1.11
12:43:02.173576 ACC: [6, 14, 513]
12:43:02.205276 ALT: 1.11
12:43:02.205487 ACC: [6, 14, 513]
12:43:02.237284 ALT: 1.11
12:43:02.237493 ACC: [6, 14, 514]
12:43:02.269277 ALT: 1.11
12:43:02.269486 ACC: [6, 14, 513]
12:43:02.301317 ALT: 1.11
12:43:02.301541 ACC: [7, 14, 513]
12:43:02.333509 ALT: 1.11
12:43:02.333734 ACC: [6, 13, 513]
12:43:02.365508 ALT: 1.11
12:43:02.365873 ACC: [6, 14, 512]
12:43:02.397334 ALT: 1.11
12:43:02.397531 ACC: [7, 14, 512]
12:43:02.433286 ALT: 1.11
12:43:02.433557 ACC: [6, 14, 513]
12:43:02.461464 ALT: 1.11
12:43:02.461715 ACC: [6, 14, 513]
12:43:02.495514 ALT: 1.11
12:43:02.496004 ACC: [7, 14, 513]
12:43:02.526043 ALT: 1.11
12:43:02.526341 ACC: [7, 14, 513]
12:43:02.557550 ALT: 1.11
12:43:02.557809 ACC: [7, 14, 512]
12:43:02.589559 ALT: 1.11
12:43:02.589788 ACC: [6, 14, 513]
12:43:02.621321 ALT: 1.11
12:43:02.621529 ACC: [6, 14, 513]
12:43:02.653334 ALT: 1.11
12:43:02.653623 ACC: [6, 14, 513]
12:43:02.685371 ALT: 1.11
12:43:02.685605 ACC: [7, 14, 512]
12:43:02.717371 ALT: 1.11
12:43:02.717582 ACC: [6, 14, 513]
12:43:02.749366 ALT: 1.11
12:43:02.749576 ACC: [6, 14, 513]
12:43:02.781366 ALT: 1.11
12:43:02.781571 ACC: [6, 14, 513]
12:43:02.813376 ALT: 1.11
12:43:02.813580 ACC: [7, 14, 513]
12:43:02.845592 ALT: 1.11
12:43:02.845821 ACC: [7, 14, 513]
12:43:02.877360 ALT: 1.11
12:43:02.877573 ACC: [7, 14, 512]
12:43:02.909375 ALT: 1.11
12:43:02.909587 ACC: [7, 14, 514]
12:43:02.941382 ALT: 1.11
12:43:02.941583 ACC: [6, 14, 513]
12:43:02.973419 ALT: 1.11
12:43:02.973624 ACC: [7, 14, 513]
12:43:03.006101 ALT: 1.11
12:43:03.006304 ACC: [7, 14, 513]
12:43:03.037431 ALT: 1.11
12:43:03.037635 ACC: [6, 14, 513]
12:43:03.069446 ALT: 1.11
12:43:03.069701 ACC: [6, 14, 513]
12:43:03.101650 ALT: 1.11
12:43:03.101916 ACC: [6, 14, 513]
12:43:03.133947 ALT: 1.11
12:43:03.134236 ACC: [6, 13, 513]
12:43:03.165800 ALT: 1.11
12:43:03.166092 ACC: [7, 14, 513]
12:43:03.200377 ALT: 1.11
12:43:03.201031 ACC: [7, 14, 513]
12:43:03.230062 ALT: 1.11
12:43:03.230417 ACC: [7, 14, 513]
12:43:03.262851 ALT: 1.11
12:43:03.263248 ACC: [7, 14, 513]
12:43:03.293650 ALT: 1.11
12:43:03.294042 ACC: [6, 14, 512]
12:43:03.325478 ALT: 1.11
12:43:03.325678 ACC: [7, 14, 513]
12:43:03.357655 ALT: 1.11
12:43:03.357909 ACC: [7, 14, 512]
12:43:03.405460 ALT: 1.11
12:43:03.405703 ACC: [7, 14, 513]
12:43:03.437510 ALT: 1.11
12:43:03.437741 ACC: [6, 14, 513]
12:43:03.470201 ALT: 1.11
12:43:03.470454 ACC: [7, 14, 513]
12:43:03.506257 ALT: 1.11
12:43:03.506544 ACC: [7, 14, 513]
12:43:03.533687 ALT: 1.11
12:43:03.533962 ACC: [6, 14, 513]
12:43:03.565848 ALT: 1.11
12:43:03.566355 ACC: [6, 14, 513]
12:43:03.597747 ALT: 1.11
12:43:03.598130 ACC: [7, 14, 512]
12:43:03.630764 ALT: 1.11
12:43:03.631052 ACC: [6, 14, 512]
12:43:03.662326 ALT: 1.11
12:43:03.662927 ACC: [6, 14, 513]
12:43:03.693570 ALT: 1.11
12:43:03.693774 ACC: [6, 14, 513]
12:43:03.725624 ALT: 1.11
12:43:03.725883 ACC: [6, 14, 513]
12:43:03.757562 ALT: 1.11
12:43:03.757767 ACC: [6, 13, 513]
12:43:03.789559 ALT: 1.11
12:43:03.789795 ACC: [6, 14, 513]
12:43:03.821627 ALT: 1.11
12:43:03.821901 ACC: [6, 14, 513]
12:43:03.853501 ALT: 1.11
12:43:03.853710 ACC: [7, 14, 513]
12:43:03.885520 ALT: 1.11
12:43:03.885728 ACC: [7, 14, 513]
12:43:03.917592 ALT: 1.11
12:43:03.917795 ACC: [6, 14, 513]
12:43:03.949525 ALT: 1.11
12:43:03.949725 ACC: [6, 14, 513]
12:43:03.981592 ALT: 1.11
12:43:03.981804 ACC: [6, 14, 513]
12:43:04.014076 ALT: 1.11
12:43:04.014286 ACC: [6, 14, 513]
12:43:04.045532 ALT: 1.11
12:43:04.045732 ACC: [6, 14, 513]
12:43:04.077563 ALT: 1.11
12:43:04.077767 ACC: [7, 14, 513]
12:43:04.109531 ALT: 1.11
12:43:04.109810 ACC: [6, 14, 513]
12:43:04.141582 ALT: 1.11
12:43:04.141788 ACC: [7, 14, 513]
12:43:04.173587 ALT: 1.11
12:43:04.173792 ACC: [7, 14, 512]
12:43:04.205580 ALT: 1.11
12:43:04.205838 ACC: [7, 14, 513]
12:43:04.237574 ALT: 1.11
12:43:04.237782 ACC: [6, 14, 512]
12:43:04.269610 ALT: 1.11
12:43:04.269814 ACC: [6, 13, 513]
12:43:04.301692 ALT: 1.11
12:43:04.301936 ACC: [6, 13, 513]
12:43:04.333824 ALT: 1.11
12:43:04.334119 ACC: [6, 14, 513]
12:43:04.365612 ALT: 1.11
12:43:04.365808 ACC: [6, 14, 513]
12:43:04.397991 ALT: 1.11
12:43:04.398415 ACC: [6, 14, 512]
12:43:04.430000 ALT: 1.11
12:43:04.430285 ACC: [6, 14, 513]
12:43:04.461708 ALT: 1.11
12:43:04.461958 ACC: [6, 14, 513]
12:43:04.493723 ALT: 1.11
12:43:04.493925 ACC: [6, 14, 512]
12:43:04.525649 ALT: 1.11
12:43:04.525859 ACC: [6, 14, 512]
12:43:04.557651 ALT: 1.11
12:43:04.557865 ACC: [6, 14, 513]
12:43:04.589646 ALT: 1.11
12:43:04.589859 ACC: [6, 14, 513]
12:43:04.621624 ALT: 1.11
12:43:04.621842 ACC: [6, 14, 513]
12:43:04.653608 ALT: 1.11
12:43:04.653818 ACC: [6, 14, 513]
12:43:04.685776 ALT: 1.11
12:43:04.686108 ACC: [6, 14, 513]
12:43:04.717593 ALT: 1.11
12:43:04.717796 ACC: [6, 13, 513]
12:43:04.749658 ALT: 1.11
12:43:04.749868 ACC: [7, 14, 512]
12:43:04.781616 ALT: 1.11
12:43:04.781837 ACC: [6, 14, 513]
12:43:04.813714 ALT: 1.11
12:43:04.814072 ACC: [6, 14, 513]
12:43:04.845813 ALT: 1.11
12:43:04.846109 ACC: [6, 14, 512]
12:43:04.877779 ALT: 1.11
12:43:04.878096 ACC: [6, 14, 512]
12:43:04.909823 ALT: 1.11
12:43:04.910123 ACC: [7, 14, 513]
12:43:04.942498 ALT: 1.11
12:43:04.942724 ACC: [7, 14, 513]
12:43:04.973690 ALT: 1.11
12:43:04.973909 ACC: [7, 14, 513]
12:43:05.005718 ALT: 1.11
12:43:05.005934 ACC: [7, 14, 512]
12:43:05.037712 ALT: 1.11
12:43:05.037963 ACC: [6, 14, 513]
12:43:05.069900 ALT: 1.11
12:43:05.070183 ACC: [6, 13, 513]
12:43:05.101920 ALT: 1.11
12:43:05.102269 ACC: [7, 14, 513]
12:43:05.134420 ALT: 1.11
12:43:05.134739 ACC: [6, 14, 513]
12:43:05.166365 ALT: 1.11
12:43:05.166716 ACC: [6, 14, 513]
12:43:05.198188 ALT: 1.11
12:43:05.198423 ACC: [6, 14, 513]
12:43:05.245744 ALT: 1.11
12:43:05.245967 ACC: [6, 14, 512]
12:43:05.277716 ALT: 1.11
12:43:05.277935 ACC: [6, 14, 513]
12:43:05.310175 ALT: 1.11
12:43:05.310441 ACC: [6, 14, 513]
12:43:05.341778 ALT: 1.11
12:43:05.342068 ACC: [6, 14, 512]
12:43:05.373819 ALT: 1.11
12:43:05.374278 ACC: [6, 14, 513]
12:43:05.405774 ALT: 1.11
12:43:05.406000 ACC: [6, 14, 513]
12:43:05.437899 ALT: 1.11
12:43:05.438301 ACC: [6, 14, 513]
12:43:05.470466 ALT: 1.11
12:43:05.470757 ACC: [6, 13, 512]
12:43:05.503579 ALT: 1.11
12:43:05.503844 ACC: [6, 14, 513]
12:43:05.534541 ALT: 1.11
12:43:05.536138 ACC: [7, 14, 513]
12:43:05.565872 ALT: 1.11
12:43:05.566218 ACC: [6, 14, 513]
12:43:05.598215 ALT: 1.11
12:43:05.598510 ACC: [7, 14, 513]
12:43:05.630108 ALT: 1.11
12:43:05.630355 ACC: [6, 14, 513]
12:43:05.665171 ALT: 1.17
12:43:05.665453 ACC: [6, 14, 513]
12:43:05.701198 ALT: 1.18
12:43:05.701478 ACC: [6, 14, 513]
12:43:05.742877 ALT: 1.19
12:43:05.743138 ACC: [6, 14, 513]
12:43:05.774556 ALT: 1.19
12:43:05.774989 ACC: [7, 14, 513]
12:43:05.805826 ALT: 1.19
12:43:05.806123 ACC: [6, 14, 512]
12:43:05.837811 ALT: 1.19
12:43:05.838272 ACC: [6, 13, 513]
12:43:05.870796 ALT: 1.19
12:43:05.871042 ACC: [7, 14, 513]
12:43:05.902846 ALT: 1.19
12:43:05.903101 ACC: [6, 14, 513]
12:43:05.934425 ALT: 1.16
12:43:05.934662 ACC: [6, 14, 513]
12:43:05.965931 ALT: 1.14
12:43:05.966199 ACC: [6, 14, 513]
12:43:05.999272 ALT: 1.16
12:43:05.999491 ACC: [6, 14, 513]
12:43:06.030708 ALT: 1.18
12:43:06.031124 ACC: [7, 14, 513]
12:43:06.072277 ALT: 1.19
12:43:06.072497 ACC: [7, 14, 513]
12:43:06.110621 ALT: 1.19
12:43:06.111220 ACC: [6, 14, 513]
12:43:06.141939 ALT: 1.19
12:43:06.142261 ACC: [6, 14, 513]
12:43:06.173874 ALT: 1.19
12:43:06.174099 ACC: [6, 14, 513]
12:43:06.206555 ALT: 1.19
12:43:06.206780 ACC: [6, 14, 513]
12:43:06.238924 ALT: 1.19
12:43:06.239308 ACC: [6, 14, 512]
12:43:06.270083 ALT: 1.19
12:43:06.270382 ACC: [6, 14, 513]
12:43:06.302525 ALT: 1.19
12:43:06.302780 ACC: [7, 13, 513]
12:43:06.333864 ALT: 1.19
12:43:06.334158 ACC: [7, 14, 513]
12:43:06.370982 ALT: 1.19
12:43:06.371425 ACC: [6, 14, 513]
12:43:06.399122 ALT: 1.19
12:43:06.399560 ACC: [6, 14, 513]
12:43:06.430349 ALT: 1.19
12:43:06.430779 ACC: [6, 14, 513]
12:43:06.462353 ALT: 1.19
12:43:06.462775 ACC: [7, 14, 513]
12:43:06.511140 ALT: 1.19
12:43:06.511463 ACC: [7, 14, 513]
12:43:06.542184 ALT: 1.19
12:43:06.542535 ACC: [6, 14, 513]
12:43:06.574298 ALT: 1.19
12:43:06.574659 ACC: [6, 14, 513]
12:43:06.606166 ALT: 1.19
12:43:06.606606 ACC: [6, 14, 513]
12:43:06.639432 ALT: 1.19
12:43:06.639707 ACC: [6, 14, 513]
12:43:06.671654 ALT: 1.19
12:43:06.672084 ACC: [6, 14, 513]
12:43:06.702160 ALT: 1.19
12:43:06.702561 ACC: [6, 14, 513]
12:43:06.733998 ALT: 1.19
12:43:06.734401 ACC: [7, 14, 512]
12:43:06.766934 ALT: 1.19
12:43:06.767241 ACC: [6, 13, 512]
12:43:06.800044 ALT: 1.19
12:43:06.800369 ACC: [6, 14, 512]
12:43:06.830303 ALT: 1.19
12:43:06.830544 ACC: [7, 13, 513]
12:43:06.862605 ALT: 1.19
12:43:06.862843 ACC: [7, 14, 513]
12:43:06.894431 ALT: 1.19
12:43:06.894677 ACC: [6, 14, 513]
12:43:06.925986 ALT: 1.19
12:43:06.926279 ACC: [6, 14, 513]
12:43:06.957916 ALT: 1.19
12:43:06.958216 ACC: [6, 14, 513]
12:43:06.990003 ALT: 1.19
12:43:06.990249 ACC: [6, 14, 513]
12:43:07.022081 ALT: 1.19
12:43:07.022377 ACC: [6, 14, 513]
12:43:07.053944 ALT: 1.19
12:43:07.054216 ACC: [6, 14, 513]
12:43:07.085982 ALT: 1.19
12:43:07.086220 ACC: [6, 14, 513]
12:43:07.118176 ALT: 1.19
12:43:07.118423 ACC: [6, 14, 513]
12:43:07.150875 ALT: 1.19
12:43:07.151126 ACC: [6, 14, 513]
12:43:07.182173 ALT: 1.19
12:43:07.182413 ACC: [6, 14, 513]
12:43:07.214087 ALT: 1.19
12:43:07.214391 ACC: [6, 14, 513]
12:43:07.246089 ALT: 1.19
12:43:07.246318 ACC: [6, 14, 513]
12:43:07.278095 ALT: 1.19
12:43:07.278349 ACC: [7, 14, 512]
12:43:07.310220 ALT: 1.19
12:43:07.310448 ACC: [6, 14, 513]
12:43:07.342382 ALT: 1.19
12:43:07.343270 ACC: [7, 14, 513]
12:43:07.374697 ALT: 1.19
12:43:07.375101 ACC: [6, 14, 513]
12:43:07.406178 ALT: 1.19
12:43:07.406603 ACC: [6, 14, 513]
12:43:07.438553 ALT: 1.19
12:43:07.438773 ACC: [6, 13, 513]
12:43:07.477546 ALT: 1.19
12:43:07.477778 ACC: [6, 14, 513]
12:43:07.507075 ALT: 1.19
12:43:07.507379 ACC: [7, 14, 512]
12:43:07.534187 ALT: 1.19
12:43:07.534468 ACC: [6, 13, 513]
12:43:07.575222 ALT: 1.19
12:43:07.575481 ACC: [7, 14, 513]
12:43:07.614177 ALT: 1.19
12:43:07.614421 ACC: [6, 14, 513]
12:43:07.646191 ALT: 1.19
12:43:07.646447 ACC: [6, 14, 513]
12:43:07.678435 ALT: 1.19
12:43:07.678697 ACC: [6, 14, 513]
12:43:07.710190 ALT: 1.19
12:43:07.710423 ACC: [7, 13, 513]
12:43:07.743573 ALT: 1.19
12:43:07.743970 ACC: [6, 13, 513]
12:43:07.775086 ALT: 1.19
12:43:07.775443 ACC: [6, 14, 513]
12:43:07.806509 ALT: 1.19
12:43:07.806732 ACC: [7, 14, 513]
12:43:07.838600 ALT: 1.19
12:43:07.839157 ACC: [6, 14, 513]
12:43:07.871584 ALT: 1.19
12:43:07.871855 ACC: [7, 14, 513]
12:43:07.902442 ALT: 1.19
12:43:07.902771 ACC: [7, 14, 513]
12:43:07.937636 ALT: 1.19
12:43:07.938733 ACC: [7, 14, 513]
12:43:07.975654 ALT: 1.19
12:43:07.975933 ACC: [6, 14, 513]
12:43:08.014339 ALT: 1.19
12:43:08.014676 ACC: [6, 14, 513]
12:43:08.046424 ALT: 1.19
12:43:08.046795 ACC: [6, 14, 512]
12:43:08.081091 ALT: 1.19
12:43:08.081413 ACC: [6, 14, 512]
12:43:08.110879 ALT: 1.19
12:43:08.111093 ACC: [6, 14, 512]
12:43:08.142148 ALT: 1.19
12:43:08.142371 ACC: [7, 14, 513]
12:43:08.174203 ALT: 1.19
12:43:08.174404 ACC: [6, 14, 513]
12:43:08.206694 ALT: 1.19
12:43:08.206934 ACC: [6, 14, 513]
12:43:08.238403 ALT: 1.19
12:43:08.238658 ACC: [6, 14, 512]
12:43:08.270602 ALT: 1.19
12:43:08.271171 ACC: [6, 13, 513]
12:43:08.302539 ALT: 1.19
12:43:08.302798 ACC: [6, 14, 513]
12:43:08.334247 ALT: 1.19
12:43:08.334516 ACC: [7, 13, 513]
12:43:08.366609 ALT: 1.19
12:43:08.366936 ACC: [6, 14, 512]
12:43:08.398598 ALT: 1.19
12:43:08.398882 ACC: [6, 14, 513]
12:43:08.430493 ALT: 1.19
12:43:08.430756 ACC: [6, 13, 512]
12:43:08.463720 ALT: 1.19
12:43:08.464021 ACC: [7, 14, 512]
12:43:08.494178 ALT: 1.19
12:43:08.494445 ACC: [7, 14, 513]
12:43:08.526242 ALT: 1.25
12:43:08.526455 ACC: [6, 14, 513]
12:43:08.558275 ALT: 1.27
12:43:08.558494 ACC: [6, 14, 513]
12:43:08.590331 ALT: 1.28
12:43:08.590556 ACC: [6, 14, 513]
12:43:08.622297 ALT: 1.23
12:43:08.622524 ACC: [6, 14, 513]
12:43:08.654258 ALT: 1.22
12:43:08.654475 ACC: [6, 14, 513]
12:43:08.686264 ALT: 1.21
12:43:08.686480 ACC: [7, 14, 513]
12:43:08.718250 ALT: 1.24
12:43:08.718490 ACC: [6, 14, 513]
12:43:08.750261 ALT: 1.26
12:43:08.750488 ACC: [6, 14, 513]
12:43:08.782267 ALT: 1.28
12:43:08.782475 ACC: [6, 14, 513]
12:43:08.814660 ALT: 1.28
12:43:08.814929 ACC: [7, 14, 513]
12:43:08.846573 ALT: 1.28
12:43:08.847284 ACC: [7, 14, 513]
12:43:08.879894 ALT: 1.23
12:43:08.880403 ACC: [7, 14, 513]
12:43:08.911749 ALT: 1.22
12:43:08.911962 ACC: [7, 13, 513]
12:43:08.942255 ALT: 1.21
12:43:08.942458 ACC: [7, 13, 513]
12:43:08.990477 ALT: 1.26
12:43:08.990701 ACC: [6, 13, 513]
12:43:09.022263 ALT: 1.27
12:43:09.022473 ACC: [7, 14, 513]
12:43:09.054310 ALT: 1.28
12:43:09.054541 ACC: [7, 14, 513]
12:43:09.086292 ALT: 1.28
12:43:09.086496 ACC: [6, 14, 513]
12:43:09.118300 ALT: 1.25
12:43:09.118537 ACC: [6, 14, 513]
12:43:09.150340 ALT: 1.23
12:43:09.150565 ACC: [7, 14, 513]
12:43:09.182334 ALT: 1.21
12:43:09.182551 ACC: [6, 14, 513]
12:43:09.214350 ALT: 1.21
12:43:09.214556 ACC: [6, 14, 513]
12:43:09.250593 ALT: 1.21
12:43:09.250844 ACC: [6, 14, 512]
12:43:09.282578 ALT: 1.26
12:43:09.283044 ACC: [6, 14, 513]
12:43:09.310348 ALT: 1.27
12:43:09.310619 ACC: [6, 14, 513]
12:43:09.342417 ALT: 1.28
12:43:09.342667 ACC: [7, 14, 513]
12:43:09.374513 ALT: 1.28
12:43:09.374728 ACC: [6, 14, 513]
12:43:09.409795 ALT: 1.28
12:43:09.410055 ACC: [6, 14, 513]
12:43:09.439528 ALT: 1.28
12:43:09.439887 ACC: [7, 14, 513]
12:43:09.470935 ALT: 1.28
12:43:09.471166 ACC: [7, 14, 513]
12:43:09.503171 ALT: 1.28
12:43:09.503530 ACC: [7, 14, 513]
12:43:09.535213 ALT: 1.28
12:43:09.535502 ACC: [7, 14, 513]
12:43:09.570359 ALT: 1.28
12:43:09.570726 ACC: [6, 14, 513]
12:43:09.598439 ALT: 1.28
12:43:09.598690 ACC: [6, 13, 513]
12:43:09.630402 ALT: 1.28
12:43:09.631697 ACC: [6, 14, 513]
12:43:09.662306 ALT: 1.28
12:43:09.662524 ACC: [7, 13, 512]
12:43:09.694387 ALT: 1.28
12:43:09.694634 ACC: [7, 14, 513]
12:43:09.726400 ALT: 1.28
12:43:09.726617 ACC: [6, 14, 513]
12:43:09.758375 ALT: 1.28
12:43:09.758608 ACC: [6, 14, 513]
12:43:09.790475 ALT: 1.28
12:43:09.791008 ACC: [7, 14, 512]
12:43:09.822397 ALT: 1.28
12:43:09.822602 ACC: [6, 14, 513]
12:43:09.854379 ALT: 1.28
12:43:09.854593 ACC: [6, 14, 513]
12:43:09.886432 ALT: 1.28
12:43:09.886647 ACC: [6, 14, 512]
12:43:09.918395 ALT: 1.28
12:43:09.918611 ACC: [7, 13, 512]
12:43:09.951713 ALT: 1.28
12:43:09.951927 ACC: [6, 14, 512]
12:43:09.982378 ALT: 1.28
12:43:09.982594 ACC: [6, 14, 512]
12:43:10.014369 ALT: 1.28
12:43:10.014586 ACC: [7, 14, 512]
12:43:10.046384 ALT: 1.28
12:43:10.046588 ACC: [6, 14, 513]
12:43:10.078393 ALT: 1.28
12:43:10.078599 ACC: [7, 14, 513]
12:43:10.110379 ALT: 1.28
12:43:10.110580 ACC: [7, 14, 513]
12:43:10.142416 ALT: 1.28
12:43:10.142618 ACC: [6, 14, 512]
12:43:10.180217 ALT: 1.28
12:43:10.180463 ACC: [7, 14, 512]
12:43:10.227339 ALT: 1.28
12:43:10.227552 ACC: [7, 14, 513]
12:43:10.254517 ALT: 1.28
12:43:10.254724 ACC: [7, 13, 513]
12:43:10.286525 ALT: 1.28
12:43:10.286745 ACC: [6, 14, 513]
12:43:10.318386 ALT: 1.28
12:43:10.318591 ACC: [6, 14, 512]
12:43:10.350456 ALT: 1.28
12:43:10.350659 ACC: [6, 14, 513]
12:43:10.382452 ALT: 1.28
12:43:10.382659 ACC: [6, 13, 513]
12:43:10.414493 ALT: 1.28
12:43:10.414703 ACC: [7, 14, 512]
12:43:10.446447 ALT: 1.28
12:43:10.446666 ACC: [7, 14, 513]
12:43:10.478469 ALT: 1.28
12:43:10.478671 ACC: [6, 14, 513]
12:43:10.510446 ALT: 1.28
12:43:10.510661 ACC: [6, 14, 513]
12:43:10.542850 ALT: 1.28
12:43:10.543062 ACC: [6, 14, 513]
12:43:10.575004 ALT: 1.28
12:43:10.575230 ACC: [6, 14, 513]
12:43:10.606903 ALT: 1.28
12:43:10.607147 ACC: [6, 14, 513]
12:43:10.638704 ALT: 1.28
12:43:10.638911 ACC: [6, 14, 512]
12:43:10.671049 ALT: 1.28
12:43:10.671339 ACC: [6, 14, 513]
12:43:10.703040 ALT: 1.28
12:43:10.703364 ACC: [6, 14, 513]
12:43:10.734709 ALT: 1.28
12:43:10.735177 ACC: [6, 14, 513]
12:43:10.766858 ALT: 1.28
12:43:10.767099 ACC: [6, 14, 512]
12:43:10.798764 ALT: 1.28
12:43:10.799009 ACC: [6, 14, 512]
12:43:10.846506 ALT: 1.28
12:43:10.846715 ACC: [6, 14, 513]
12:43:10.878506 ALT: 1.28
12:43:10.878722 ACC: [6, 14, 513]
12:43:10.910534 ALT: 1.28
12:43:10.910744 ACC: [6, 14, 513]
12:43:10.942773 ALT: 1.28
12:43:10.943049 ACC: [7, 14, 512]
12:43:10.974599 ALT: 1.28
12:43:10.974828 ACC: [7, 13, 513]
12:43:11.006572 ALT: 1.28
12:43:11.006793 ACC: [7, 14, 513]
12:43:11.039095 ALT: 1.28
12:43:11.039370 ACC: [7, 14, 513]
12:43:11.071015 ALT: 1.28
12:43:11.071358 ACC: [6, 13, 513]
12:43:11.102944 ALT: 1.28
12:43:11.103517 ACC: [6, 14, 512]
12:43:11.134987 ALT: 1.28
12:43:11.135505 ACC: [7, 14, 513]
12:43:11.174603 ALT: 1.28
12:43:11.175143 ACC: [6, 13, 513]
12:43:11.198721 ALT: 1.28
12:43:11.199008 ACC: [6, 14, 512]
12:43:11.230745 ALT: 1.28
12:43:11.231634 ACC: [6, 14, 513]
12:43:11.262614 ALT: 1.28
12:43:11.262853 ACC: [6, 14, 512]
12:43:11.294615 ALT: 1.28
12:43:11.294843 ACC: [7, 14, 512]
12:43:11.326719 ALT: 1.28
12:43:11.326992 ACC: [7, 14, 513]
12:43:11.359028 ALT: 1.28
12:43:11.359411 ACC: [6, 14, 513]
12:43:11.390616 ALT: 1.28
12:43:11.390835 ACC: [6, 13, 513]
12:43:11.422663 ALT: 1.28
12:43:11.422927 ACC: [6, 14, 513]
12:43:11.454727 ALT: 1.28
12:43:11.454928 ACC: [6, 14, 513]
12:43:11.486621 ALT: 1.28
12:43:11.486920 ACC: [6, 14, 513]
12:43:11.520568 ALT: 1.28
12:43:11.520886 ACC: [7, 14, 513]
12:43:11.550637 ALT: 1.28
12:43:11.550865 ACC: [7, 14, 513]
12:43:11.582755 ALT: 1.28
12:43:11.582974 ACC: [7, 14, 513]
12:43:11.614606 ALT: 1.28
12:43:11.614827 ACC: [7, 14, 513]
12:43:11.646680 ALT: 1.28
12:43:11.646892 ACC: [6, 14, 513]
12:43:11.678662 ALT: 1.28
12:43:11.678886 ACC: [6, 14, 513]
12:43:11.711078 ALT: 1.28
12:43:11.711336 ACC: [6, 14, 513]
12:43:11.743456 ALT: 1.28
12:43:11.743830 ACC: [7, 14, 512]
12:43:11.775111 ALT: 1.28
12:43:11.775428 ACC: [6, 14, 512]
12:43:11.806955 ALT: 1.28
12:43:11.807303 ACC: [7, 14, 512]
12:43:11.839856 ALT: 1.28
12:43:11.840187 ACC: [6, 14, 513]
12:43:11.870873 ALT: 1.28
12:43:11.871097 ACC: [6, 14, 513]
12:43:11.903802 ALT: 1.28
12:43:11.904127 ACC: [6, 13, 513]
12:43:11.934869 ALT: 1.28
12:43:11.935120 ACC: [6, 14, 512]
12:43:11.966983 ALT: 1.28
12:43:11.967336 ACC: [6, 14, 513]
12:43:11.998862 ALT: 1.28
12:43:11.999083 ACC: [6, 14, 513]
12:43:12.030702 ALT: 1.28
12:43:12.031066 ACC: [7, 14, 513]
12:43:12.062741 ALT: 1.28
12:43:12.062953 ACC: [7, 14, 512]
12:43:12.094773 ALT: 1.28
12:43:12.094998 ACC: [7, 14, 512]
12:43:12.126774 ALT: 1.28
12:43:12.126996 ACC: [6, 13, 512]
12:43:12.158746 ALT: 1.28
12:43:12.158961 ACC: [6, 14, 513]
12:43:12.190781 ALT: 1.32
12:43:12.191020 ACC: [6, 14, 512]
12:43:12.222752 ALT: 1.34
12:43:12.223035 ACC: [6, 14, 512]
12:43:12.254744 ALT: 1.36
12:43:12.255007 ACC: [7, 14, 512]
12:43:12.286695 ALT: 1.36
12:43:12.286922 ACC: [6, 14, 513]
12:43:12.318732 ALT: 1.36
12:43:12.319031 ACC: [6, 14, 513]
12:43:12.352064 ALT: 1.36
12:43:12.352697 ACC: [7, 14, 513]
12:43:12.382765 ALT: 1.36
12:43:12.382994 ACC: [6, 14, 512]
12:43:12.414768 ALT: 1.36
12:43:12.414987 ACC: [7, 14, 513]
12:43:12.446868 ALT: 1.36
12:43:12.447093 ACC: [7, 14, 512]
12:43:12.478705 ALT: 1.36
12:43:12.478988 ACC: [7, 14, 513]
12:43:12.511388 ALT: 1.36
12:43:12.511606 ACC: [7, 13, 513]
12:43:12.542962 ALT: 1.36
12:43:12.543539 ACC: [7, 14, 513]
12:43:12.575353 ALT: 1.36
12:43:12.575626 ACC: [7, 14, 513]
12:43:12.608027 ALT: 1.31
12:43:12.608421 ACC: [6, 14, 513]
12:43:12.654761 ALT: 1.3
12:43:12.654980 ACC: [6, 14, 513]
12:43:12.686841 ALT: 1.3
12:43:12.687075 ACC: [7, 14, 513]
12:43:12.718748 ALT: 1.3
12:43:12.718955 ACC: [6, 13, 513]
12:43:12.750797 ALT: 1.35
12:43:12.751015 ACC: [7, 14, 512]
12:43:12.782865 ALT: 1.33
12:43:12.783157 ACC: [6, 14, 513]
12:43:12.814931 ALT: 1.31
12:43:12.815148 ACC: [6, 14, 512]
12:43:12.846828 ALT: 1.3
12:43:12.847048 ACC: [6, 13, 513]
12:43:12.878872 ALT: 1.3
12:43:12.879088 ACC: [7, 14, 513]
12:43:12.911625 ALT: 1.3
12:43:12.911846 ACC: [7, 14, 512]
12:43:12.942940 ALT: 1.33
12:43:12.943190 ACC: [7, 14, 512]
12:43:12.975557 ALT: 1.35
12:43:12.975808 ACC: [6, 14, 513]
12:43:13.007149 ALT: 1.36
12:43:13.007419 ACC: [6, 14, 513]
12:43:13.039385 ALT: 1.36
12:43:13.039766 ACC: [6, 14, 513]
12:43:13.071221 ALT: 1.36
12:43:13.071523 ACC: [6, 14, 513]
12:43:13.103265 ALT: 1.36
12:43:13.103509 ACC: [6, 14, 513]
12:43:13.135332 ALT: 1.33
12:43:13.135581 ACC: [6, 14, 512]
12:43:13.167308 ALT: 1.31
12:43:13.167602 ACC: [6, 14, 513]
12:43:13.199179 ALT: 1.3
12:43:13.199394 ACC: [6, 13, 513]
12:43:13.230897 ALT: 1.33
12:43:13.231121 ACC: [7, 14, 513]
12:43:13.262951 ALT: 1.35
12:43:13.263173 ACC: [6, 14, 513]
12:43:13.294905 ALT: 1.36
12:43:13.295173 ACC: [6, 14, 513]
12:43:13.326867 ALT: 1.36
12:43:13.327088 ACC: [6, 14, 513]
12:43:13.358901 ALT: 1.36
12:43:13.359146 ACC: [7, 14, 513]
12:43:13.390895 ALT: 1.36
12:43:13.391109 ACC: [7, 14, 513]
12:43:13.423119 ALT: 1.36
12:43:13.423364 ACC: [6, 13, 513]
12:43:13.454867 ALT: 1.36
12:43:13.455078 ACC: [7, 14, 513]
12:43:13.486965 ALT: 1.36
12:43:13.487196 ACC: [6, 14, 513]
12:43:13.519102 ALT: 1.36
12:43:13.519332 ACC: [6, 14, 513]
12:43:13.550933 ALT: 1.36
12:43:13.551196 ACC: [6, 14, 512]
12:43:13.582960 ALT: 1.36
12:43:13.583194 ACC: [7, 13, 513]
12:43:13.614991 ALT: 1.36
12:43:13.615245 ACC: [7, 14, 513]
12:43:13.646930 ALT: 1.36
12:43:13.647203 ACC: [6, 14, 513]
12:43:13.679415 ALT: 1.36
12:43:13.679688 ACC: [7, 13, 513]
12:43:13.711563 ALT: 1.36
12:43:13.711881 ACC: [6, 14, 513]
12:43:13.743022 ALT: 1.36
12:43:13.743285 ACC: [6, 14, 513]
12:43:13.775184 ALT: 1.36
12:43:13.775422 ACC: [6, 13, 513]
12:43:13.807225 ALT: 1.36
12:43:13.808185 ACC: [6, 14, 513]
12:43:13.839023 ALT: 1.36
12:43:13.839295 ACC: [7, 14, 513]
12:43:13.872883 ALT: 1.36
12:43:13.873162 ACC: [6, 14, 513]
12:43:13.903005 ALT: 1.36
12:43:13.903245 ACC: [6, 14, 512]
12:43:13.935392 ALT: 1.36
12:43:13.935626 ACC: [6, 14, 512]
12:43:13.967118 ALT: 1.36
12:43:13.967353 ACC: [7, 14, 513]
12:43:13.999018 ALT: 1.36
12:43:13.999253 ACC: [6, 14, 513]
12:43:14.031062 ALT: 1.36
12:43:14.031292 ACC: [7, 14, 513]
12:43:14.062928 ALT: 1.36
12:43:14.063143 ACC: [7, 14, 513]
12:43:14.095085 ALT: 1.36
12:43:14.095307 ACC: [7, 14, 513]
12:43:14.126995 ALT: 1.36
12:43:14.127203 ACC: [7, 14, 513]
12:43:14.158984 ALT: 1.36
12:43:14.159195 ACC: [6, 14, 513]
12:43:14.190993 ALT: 1.36
12:43:14.191208 ACC: [6, 14, 513]
12:43:14.223109 ALT: 1.36
12:43:14.223374 ACC: [7, 14, 513]
12:43:14.255022 ALT: 1.36
12:43:14.255254 ACC: [6, 14, 513]
12:43:14.287053 ALT: 1.36
12:43:14.287535 ACC: [6, 14, 513]
12:43:14.319048 ALT: 1.36
12:43:14.319258 ACC: [6, 14, 513]
12:43:14.351306 ALT: 1.36
12:43:14.351818 ACC: [6, 14, 513]
12:43:14.383033 ALT: 1.36
12:43:14.383245 ACC: [6, 14, 513]
12:43:14.415303 ALT: 1.36
12:43:14.415753 ACC: [6, 14, 512]
12:43:14.447158 ALT: 1.36
12:43:14.447644 ACC: [6, 14, 513]
12:43:14.495079 ALT: 1.36
12:43:14.495295 ACC: [6, 14, 513]
12:43:14.527123 ALT: 1.36
12:43:14.527353 ACC: [6, 13, 513]
12:43:14.559107 ALT: 1.36
12:43:14.559312 ACC: [6, 14, 513]
12:43:14.591119 ALT: 1.36
12:43:14.591342 ACC: [6, 14, 512]
12:43:14.623075 ALT: 1.36
12:43:14.623300 ACC: [6, 14, 513]
12:43:14.655077 ALT: 1.36
12:43:14.655299 ACC: [7, 14, 513]
12:43:14.687051 ALT: 1.36
12:43:14.687292 ACC: [7, 13, 513]
12:43:14.718996 ALT: 1.36
12:43:14.719205 ACC: [6, 14, 513]
12:43:14.751166 ALT: 1.36
12:43:14.751380 ACC: [6, 14, 513]
12:43:14.783144 ALT: 1.36
12:43:14.783376 ACC: [7, 14, 513]
12:43:14.815075 ALT: 1.36
12:43:14.815280 ACC: [7, 14, 513]
12:43:14.847055 ALT: 1.36
12:43:14.847253 ACC: [7, 14, 512]
12:43:14.879323 ALT: 1.36
12:43:14.879574 ACC: [6, 14, 513]
12:43:14.911333 ALT: 1.36
12:43:14.911612 ACC: [6, 13, 513]
12:43:14.944052 ALT: 1.36
12:43:14.944295 ACC: [6, 13, 513]
12:43:14.975216 ALT: 1.36
12:43:14.975485 ACC: [6, 13, 513]
12:43:15.007803 ALT: 1.36
12:43:15.008176 ACC: [6, 13, 513]
12:43:15.039186 ALT: 1.36
12:43:15.039429 ACC: [6, 14, 512]
12:43:15.071755 ALT: 1.36
12:43:15.072037 ACC: [6, 13, 513]
12:43:15.103542 ALT: 1.36
12:43:15.103820 ACC: [7, 14, 512]
12:43:15.135147 ALT: 1.36
12:43:15.135387 ACC: [7, 14, 512]
12:43:15.167127 ALT: 1.36
12:43:15.167366 ACC: [6, 14, 512]
12:43:15.199163 ALT: 1.36
12:43:15.199376 ACC: [7, 14, 513]
12:43:15.231243 ALT: 1.36
12:43:15.231491 ACC: [7, 14, 513]
12:43:15.263119 ALT: 1.36
12:43:15.263344 ACC: [6, 14, 513]
12:43:15.295339 ALT: 1.36
12:43:15.295646 ACC: [7, 14, 512]
12:43:15.327217 ALT: 1.36
12:43:15.327500 ACC: [6, 14, 513]
12:43:15.359269 ALT: 1.36
12:43:15.359486 ACC: [7, 14, 513]
12:43:15.391501 ALT: 1.36
12:43:15.391737 ACC: [6, 14, 513]
12:43:15.423174 ALT: 1.36
12:43:15.423453 ACC: [6, 14, 513]
12:43:15.455197 ALT: 1.36
12:43:15.455486 ACC: [7, 14, 513]
12:43:15.487193 ALT: 1.36
12:43:15.487401 ACC: [6, 14, 512]
12:43:15.519185 ALT: 1.36
12:43:15.519393 ACC: [6, 14, 513]
12:43:15.551238 ALT: 1.36
12:43:15.551444 ACC: [7, 14, 512]
12:43:15.583400 ALT: 1.36
12:43:15.583620 ACC: [6, 14, 513]
12:43:15.615324 ALT: 1.36
12:43:15.615551 ACC: [7, 14, 513]
12:43:15.647948 ALT: 1.36
12:43:15.648160 ACC: [7, 14, 513]
12:43:15.680345 ALT: 1.36
12:43:15.680611 ACC: [6, 14, 513]
12:43:15.711750 ALT: 1.36
12:43:15.711992 ACC: [7, 13, 512]
12:43:15.743495 ALT: 1.36
12:43:15.743859 ACC: [7, 14, 513]
12:43:15.779288 ALT: 1.36
12:43:15.779547 ACC: [7, 14, 513]
12:43:15.807565 ALT: 1.36
12:43:15.807875 ACC: [7, 14, 512]
12:43:15.839808 ALT: 1.36
12:43:15.840094 ACC: [6, 14, 513]
12:43:15.871285 ALT: 1.36
12:43:15.871924 ACC: [6, 14, 513]
12:43:15.903489 ALT: 1.36
12:43:15.903716 ACC: [7, 14, 513]
12:43:15.935349 ALT: 1.36
12:43:15.935589 ACC: [6, 14, 513]
12:43:15.967298 ALT: 1.36
12:43:15.967523 ACC: [6, 14, 512]
12:43:15.999239 ALT: 1.36
12:43:15.999451 ACC: [6, 14, 513]
12:43:16.031262 ALT: 1.36
12:43:16.031475 ACC: [6, 14, 513]
12:43:16.063404 ALT: 1.36
12:43:16.063642 ACC: [7, 14, 513]
12:43:16.095427 ALT: 1.36
12:43:16.095715 ACC: [7, 14, 513]
12:43:16.127410 ALT: 1.36
12:43:16.127643 ACC: [7, 14, 513]
12:43:16.159318 ALT: 1.36
12:43:16.159528 ACC: [7, 14, 512]
12:43:16.191262 ALT: 1.36
12:43:16.191484 ACC: [7, 14, 512]
12:43:16.223559 ALT: 1.36
12:43:16.223889 ACC: [6, 14, 513]
12:43:16.255338 ALT: 1.36
12:43:16.255557 ACC: [7, 14, 512]
12:43:16.287320 ALT: 1.36
12:43:16.287536 ACC: [7, 14, 512]
12:43:16.335399 ALT: 1.36
12:43:16.335636 ACC: [7, 14, 513]
12:43:16.367350 ALT: 1.4
12:43:16.367576 ACC: [7, 14, 512]
12:43:16.399344 ALT: 1.42
12:43:16.399556 ACC: [6, 14, 512]
12:43:16.431411 ALT: 1.44
12:43:16.431626 ACC: [6, 14, 513]
12:43:16.463376 ALT: 1.41
12:43:16.463625 ACC: [6, 14, 513]
12:43:16.495322 ALT: 1.39
12:43:16.495526 ACC: [6, 13, 513]
12:43:16.527359 ALT: 1.38
12:43:16.527568 ACC: [6, 14, 513]
12:43:16.559589 ALT: 1.38
12:43:16.559818 ACC: [7, 13, 512]
12:43:16.591379 ALT: 1.38
12:43:16.591592 ACC: [7, 13, 513]
12:43:16.623418 ALT: 1.38
12:43:16.623655 ACC: [7, 14, 513]
12:43:16.655368 ALT: 1.38
12:43:16.655580 ACC: [6, 14, 513]
12:43:16.687386 ALT: 1.38
12:43:16.687620 ACC: [7, 13, 513]
12:43:16.719380 ALT: 1.38
12:43:16.719606 ACC: [6, 14, 512]
12:43:16.751422 ALT: 1.38
12:43:16.751649 ACC: [6, 14, 513]
12:43:16.783399 ALT: 1.38
12:43:16.783615 ACC: [7, 14, 513]
12:43:16.815502 ALT: 1.41
12:43:16.815922 ACC: [6, 14, 513]
12:43:16.847666 ALT: 1.43
12:43:16.847913 ACC: [6, 13, 513]
12:43:16.879681 ALT: 1.39
12:43:16.879942 ACC: [6, 14, 513]
12:43:16.911435 ALT: 1.38
12:43:16.911657 ACC: [7, 14, 513]
12:43:16.944019 ALT: 1.38
12:43:16.944372 ACC: [6, 14, 512]
12:43:16.976090 ALT: 1.38
12:43:16.976686 ACC: [6, 14, 513]
12:43:17.007942 ALT: 1.38
12:43:17.008269 ACC: [7, 14, 513]
12:43:17.040503 ALT: 1.38
12:43:17.040763 ACC: [6, 14, 513]
12:43:17.071586 ALT: 1.41
12:43:17.071862 ACC: [6, 13, 513]
12:43:17.103774 ALT: 1.43
12:43:17.104066 ACC: [6, 14, 513]
12:43:17.135417 ALT: 1.44
12:43:17.135659 ACC: [6, 14, 513]
12:43:17.167488 ALT: 1.44
12:43:17.167727 ACC: [6, 14, 513]
12:43:17.199522 ALT: 1.44
12:43:17.199738 ACC: [6, 13, 512]
12:43:17.231472 ALT: 1.39
12:43:17.231716 ACC: [6, 14, 513]
12:43:17.263468 ALT: 1.38
12:43:17.263710 ACC: [6, 13, 513]
12:43:17.295439 ALT: 1.38
12:43:17.295677 ACC: [6, 14, 513]
12:43:17.327479 ALT: 1.38
12:43:17.327713 ACC: [6, 14, 513]
12:43:17.359437 ALT: 1.41
12:43:17.359673 ACC: [7, 14, 512]
12:43:17.391455 ALT: 1.43
12:43:17.391695 ACC: [7, 14, 513]
12:43:17.423457 ALT: 1.44
12:43:17.423695 ACC: [7, 14, 512]
12:43:17.461540 ALT: 1.44
12:43:17.462534 ACC: [7, 14, 513]
12:43:17.488041 ALT: 1.44
12:43:17.488446 ACC: [7, 14, 513]
12:43:17.519484 ALT: 1.44
12:43:17.519730 ACC: [7, 13, 513]
12:43:17.551734 ALT: 1.44
12:43:17.552284 ACC: [6, 14, 513]
12:43:17.583725 ALT: 1.44
12:43:17.584089 ACC: [6, 14, 513]
12:43:17.616398 ALT: 1.44
12:43:17.616687 ACC: [6, 14, 513]
12:43:17.648094 ALT: 1.44
12:43:17.648377 ACC: [6, 13, 512]
12:43:17.679959 ALT: 1.44
12:43:17.680232 ACC: [6, 14, 512]
12:43:17.711597 ALT: 1.44
12:43:17.711817 ACC: [6, 13, 513]
12:43:17.747304 ALT: 1.44
12:43:17.747623 ACC: [7, 14, 513]
12:43:17.775946 ALT: 1.44
12:43:17.776276 ACC: [7, 13, 513]
12:43:17.811600 ALT: 1.44
12:43:17.811827 ACC: [6, 14, 513]
12:43:17.839831 ALT: 1.44
12:43:17.840091 ACC: [6, 13, 513]
12:43:17.871526 ALT: 1.44
12:43:17.871785 ACC: [7, 13, 513]
12:43:17.903580 ALT: 1.44
12:43:17.903851 ACC: [7, 13, 513]
12:43:17.935559 ALT: 1.44
12:43:17.935782 ACC: [7, 13, 513]
12:43:17.967533 ALT: 1.44
12:43:17.967757 ACC: [7, 14, 513]
12:43:17.999578 ALT: 1.44
12:43:17.999793 ACC: [7, 14, 513]
12:43:18.031554 ALT: 1.44
12:43:18.031785 ACC: [6, 14, 513]
12:43:18.063549 ALT: 1.44
12:43:18.063768 ACC: [6, 13, 513]
12:43:18.095579 ALT: 1.44
12:43:18.095797 ACC: [6, 14, 512]
12:43:18.127795 ALT: 1.44
12:43:18.128022 ACC: [7, 14, 512]
12:43:18.176592 ALT: 1.44
12:43:18.176882 ACC: [7, 14, 513]
12:43:18.208293 ALT: 1.44
12:43:18.209029 ACC: [6, 14, 513]
12:43:18.239821 ALT: 1.44
12:43:18.240114 ACC: [6, 14, 513]
12:43:18.271579 ALT: 1.44
12:43:18.271833 ACC: [6, 14, 513]
12:43:18.303572 ALT: 1.44
12:43:18.303805 ACC: [6, 14, 512]
12:43:18.335601 ALT: 1.44
12:43:18.335834 ACC: [7, 13, 513]
12:43:18.367664 ALT: 1.44
12:43:18.367947 ACC: [6, 13, 513]
12:43:18.401345 ALT: 1.44
12:43:18.402182 ACC: [7, 14, 513]
12:43:18.431817 ALT: 1.44
12:43:18.432044 ACC: [7, 13, 513]
12:43:18.463605 ALT: 1.44
12:43:18.463844 ACC: [7, 14, 513]
12:43:18.495658 ALT: 1.44
12:43:18.495886 ACC: [7, 14, 513]
12:43:18.528411 ALT: 1.44
12:43:18.528654 ACC: [6, 14, 512]
12:43:18.559652 ALT: 1.44
12:43:18.559887 ACC: [6, 14, 513]
12:43:18.591643 ALT: 1.44
12:43:18.591880 ACC: [7, 13, 513]
12:43:18.626857 ALT: 1.44
12:43:18.627244 ACC: [6, 14, 512]
12:43:18.655928 ALT: 1.44
12:43:18.656497 ACC: [7, 14, 512]
12:43:18.687908 ALT: 1.44
12:43:18.688137 ACC: [7, 14, 513]
12:43:18.721463 ALT: 1.44
12:43:18.721696 ACC: [6, 14, 513]
12:43:18.753301 ALT: 1.44
12:43:18.753554 ACC: [6, 14, 513]
12:43:18.786185 ALT: 1.44
12:43:18.786684 ACC: [6, 14, 513]
12:43:18.820429 ALT: 1.44
12:43:18.820647 ACC: [6, 14, 512]
12:43:18.852398 ALT: 1.44
12:43:18.852636 ACC: [7, 13, 513]
12:43:18.880080 ALT: 1.44
12:43:18.880303 ACC: [6, 13, 513]
12:43:18.914310 ALT: 1.44
12:43:18.914783 ACC: [6, 14, 513]
12:43:18.944195 ALT: 1.44
12:43:18.944573 ACC: [6, 14, 512]
12:43:18.976196 ALT: 1.44
12:43:18.976552 ACC: [6, 14, 512]
12:43:19.007744 ALT: 1.44
12:43:19.008018 ACC: [7, 14, 513]
12:43:19.039946 ALT: 1.44
12:43:19.040205 ACC: [6, 14, 513]
12:43:19.072040 ALT: 1.44
12:43:19.072313 ACC: [6, 14, 512]
12:43:19.103636 ALT: 1.44
12:43:19.103860 ACC: [7, 13, 513]
12:43:19.135702 ALT: 1.44
12:43:19.135928 ACC: [7, 14, 512]
12:43:19.169264 ALT: 1.44
12:43:19.169506 ACC: [6, 14, 513]
12:43:19.199726 ALT: 1.44
12:43:19.199945 ACC: [6, 14, 513]
12:43:19.231720 ALT: 1.44
12:43:19.231946 ACC: [7, 13, 513]
12:43:19.263680 ALT: 1.44
12:43:19.263898 ACC: [6, 13, 513]
12:43:19.295798 ALT: 1.44
12:43:19.296073 ACC: [7, 14, 513]
12:43:19.327760 ALT: 1.44
12:43:19.328020 ACC: [6, 14, 512]
12:43:19.359795 ALT: 1.44
12:43:19.360015 ACC: [7, 14, 512]
12:43:19.391769 ALT: 1.44
12:43:19.392001 ACC: [7, 14, 513]
12:43:19.423856 ALT: 1.44
12:43:19.424082 ACC: [6, 14, 513]
12:43:19.455770 ALT: 1.44
12:43:19.455991 ACC: [7, 14, 512]
12:43:19.487773 ALT: 1.44
12:43:19.487992 ACC: [7, 14, 513]
12:43:19.519768 ALT: 1.44
12:43:19.519967 ACC: [7, 13, 513]
12:43:19.551792 ALT: 1.44
12:43:19.551993 ACC: [6, 13, 513]
12:43:19.583989 ALT: 1.44
12:43:19.584339 ACC: [7, 14, 513]
12:43:19.616183 ALT: 1.44
12:43:19.616422 ACC: [7, 14, 513]
12:43:19.648052 ALT: 1.44
12:43:19.649004 ACC: [6, 14, 513]
12:43:19.680011 ALT: 1.44
12:43:19.680231 ACC: [7, 14, 513]
12:43:19.712128 ALT: 1.44
12:43:19.712423 ACC: [7, 14, 513]
12:43:19.744138 ALT: 1.44
12:43:19.744681 ACC: [6, 14, 513]
12:43:19.777040 ALT: 1.44
12:43:19.777430 ACC: [6, 14, 513]
12:43:19.807910 ALT: 1.44
12:43:19.808162 ACC: [6, 14, 513]
12:43:19.840561 ALT: 1.44
12:43:19.840799 ACC: [7, 14, 513]
12:43:19.872025 ALT: 1.44
12:43:19.872271 ACC: [7, 14, 513]
12:43:19.903810 ALT: 1.44
12:43:19.904036 ACC: [6, 14, 513]
12:43:19.935771 ALT: 1.44
12:43:19.935994 ACC: [7, 14, 513]
12:43:19.967853 ALT: 1.44
12:43:19.968063 ACC: [6, 14, 512]
12:43:20.015977 ALT: 1.44
12:43:20.016225 ACC: [7, 14, 512]
12:43:20.047942 ALT: 1.44
12:43:20.048147 ACC: [7, 14, 513]
12:43:20.081163 ALT: 1.44
12:43:20.081541 ACC: [6, 14, 513]
12:43:20.112151 ALT: 1.44
12:43:20.112661 ACC: [6, 14, 513]
12:43:20.146215 ALT: 1.44
12:43:20.147049 ACC: [6, 14, 513]
12:43:20.175941 ALT: 1.44
12:43:20.176162 ACC: [7, 14, 513]
12:43:20.207901 ALT: 1.44
12:43:20.208194 ACC: [6, 14, 512]
12:43:20.239964 ALT: 1.44
12:43:20.240193 ACC: [6, 14, 513]
12:43:20.271859 ALT: 1.44
12:43:20.272085 ACC: [6, 14, 513]
12:43:20.319922 ALT: 1.44
12:43:20.320203 ACC: [7, 14, 513]
12:43:20.353114 ALT: 1.44
12:43:20.353355 ACC: [7, 14, 513]
12:43:20.387493 ALT: 1.44
12:43:20.387715 ACC: [6, 14, 512]
12:43:20.415925 ALT: 1.44
12:43:20.416206 ACC: [6, 14, 513]
12:43:20.448162 ALT: 1.44
12:43:20.448402 ACC: [7, 13, 512]
12:43:20.480358 ALT: 1.44
12:43:20.480770 ACC: [7, 13, 512]
12:43:20.511946 ALT: 1.44
12:43:20.512201 ACC: [7, 13, 513]
12:43:20.544177 ALT: 1.44
12:43:20.544636 ACC: [6, 14, 513]
12:43:20.576340 ALT: 1.44
12:43:20.576618 ACC: [6, 14, 513]
12:43:20.607999 ALT: 1.44
12:43:20.608250 ACC: [7, 14, 512]
12:43:20.639977 ALT: 1.44
12:43:20.640242 ACC: [6, 14, 512]
12:43:20.671853 ALT: 1.44
12:43:20.672065 ACC: [6, 14, 512]
12:43:20.703924 ALT: 1.44
12:43:20.704159 ACC: [7, 14, 513]
12:43:20.735885 ALT: 1.44
12:43:20.736115 ACC: [6, 14, 513]
12:43:20.767891 ALT: 1.44
12:43:20.768115 ACC: [7, 14, 513]
12:43:20.799959 ALT: 1.44
12:43:20.800258 ACC: [7, 14, 513]
12:43:20.831929 ALT: 1.44
12:43:20.832137 ACC: [7, 14, 513]
12:43:20.863951 ALT: 1.44
12:43:20.864166 ACC: [7, 14, 513]
12:43:20.896028 ALT: 1.44
12:43:20.896270 ACC: [6, 14, 512]
12:43:20.927936 ALT: 1.44
12:43:20.928163 ACC: [6, 13, 513]
12:43:20.959993 ALT: 1.44
12:43:20.960210 ACC: [6, 13, 513]
12:43:20.991999 ALT: 1.44
12:43:20.992225 ACC: [6, 13, 513]
12:43:21.023955 ALT: 1.44
12:43:21.024159 ACC: [6, 14, 513]
12:43:21.055978 ALT: 1.44
12:43:21.056199 ACC: [6, 14, 513]
12:43:21.088007 ALT: 1.44
12:43:21.088218 ACC: [7, 14, 512]
12:43:21.120030 ALT: 1.44
12:43:21.120233 ACC: [7, 14, 512]
12:43:21.152875 ALT: 1.44
12:43:21.153298 ACC: [6, 14, 512]
12:43:21.184157 ALT: 1.44
12:43:21.184412 ACC: [7, 14, 512]
12:43:21.216523 ALT: 1.44
12:43:21.216759 ACC: [7, 14, 513]
12:43:21.248493 ALT: 1.44
12:43:21.248779 ACC: [6, 14, 513]
12:43:21.280311 ALT: 1.44
12:43:21.280516 ACC: [7, 13, 513]
12:43:21.312232 ALT: 1.44
12:43:21.312730 ACC: [7, 14, 513]
12:43:21.344096 ALT: 1.44
12:43:21.344344 ACC: [7, 14, 512]
12:43:21.376208 ALT: 1.44
12:43:21.376593 ACC: [6, 14, 512]
12:43:21.408637 ALT: 1.44
12:43:21.408904 ACC: [6, 13, 512]
12:43:21.442274 ALT: 1.44
12:43:21.442639 ACC: [6, 13, 513]
12:43:21.472112 ALT: 1.44
12:43:21.472358 ACC: [6, 14, 513]
12:43:21.504043 ALT: 1.44
12:43:21.504276 ACC: [7, 14, 512]
12:43:21.536097 ALT: 1.44
12:43:21.536365 ACC: [7, 14, 512]
12:43:21.568031 ALT: 1.44
12:43:21.568256 ACC: [6, 14, 512]
12:43:21.603922 ALT: 1.44
12:43:21.604192 ACC: [6, 14, 512]
12:43:21.632100 ALT: 1.44
12:43:21.632339 ACC: [7, 14, 513]
12:43:21.664394 ALT: 1.44
12:43:21.664906 ACC: [6, 14, 513]
12:43:21.696155 ALT: 1.44
12:43:21.696407 ACC: [6, 14, 513]
12:43:21.728348 ALT: 1.44
12:43:21.728607 ACC: [6, 14, 512]
12:43:21.760125 ALT: 1.44
12:43:21.760340 ACC: [7, 14, 512]
12:43:21.792146 ALT: 1.48
12:43:21.792372 ACC: [7, 13, 513]
12:43:21.824121 ALT: 1.5
12:43:21.824342 ACC: [7, 13, 513]
12:43:21.872131 ALT: 1.48
12:43:21.872352 ACC: [6, 14, 513]
12:43:21.904154 ALT: 1.46
12:43:21.904379 ACC: [6, 14, 512]
12:43:21.936133 ALT: 1.46
12:43:21.936353 ACC: [6, 14, 513]
12:43:21.968144 ALT: 1.46
12:43:21.968366 ACC: [6, 14, 513]
12:43:22.000123 ALT: 1.49
12:43:22.000346 ACC: [6, 14, 513]
12:43:22.032163 ALT: 1.51
12:43:22.032385 ACC: [7, 14, 513]
12:43:22.064188 ALT: 1.53
12:43:22.064410 ACC: [6, 14, 513]
12:43:22.096133 ALT: 1.53
12:43:22.096361 ACC: [6, 13, 513]
12:43:22.128182 ALT: 1.53
12:43:22.128648 ACC: [6, 14, 513]
12:43:22.160164 ALT: 1.48
12:43:22.160387 ACC: [6, 13, 513]
12:43:22.192179 ALT: 1.47
12:43:22.192406 ACC: [6, 14, 513]
12:43:22.226912 ALT: 1.46
12:43:22.228248 ACC: [7, 14, 513]
12:43:22.256404 ALT: 1.46
12:43:22.256643 ACC: [7, 14, 513]
12:43:22.288480 ALT: 1.46
12:43:22.288719 ACC: [7, 14, 512]
12:43:22.321362 ALT: 1.46
12:43:22.322319 ACC: [6, 13, 512]
12:43:22.352234 ALT: 1.46
12:43:22.352516 ACC: [6, 13, 513]
12:43:22.388016 ALT: 1.46
12:43:22.388217 ACC: [6, 14, 513]
12:43:22.416189 ALT: 1.46
12:43:22.416395 ACC: [6, 14, 513]
12:43:22.454542 ALT: 1.46
12:43:22.454838 ACC: [6, 14, 513]
12:43:22.496276 ALT: 1.46
12:43:22.496589 ACC: [7, 14, 513]
12:43:22.528133 ALT: 1.46
12:43:22.528342 ACC: [7, 14, 513]
12:43:22.560167 ALT: 1.46
12:43:22.560373 ACC: [7, 14, 512]
12:43:22.592317 ALT: 1.46
12:43:22.592544 ACC: [6, 13, 512]
12:43:22.624188 ALT: 1.46
12:43:22.624394 ACC: [6, 13, 513]
12:43:22.656189 ALT: 1.46
12:43:22.656396 ACC: [6, 13, 513]
12:43:22.688267 ALT: 1.46
12:43:22.688491 ACC: [7, 14, 513]
12:43:22.722079 ALT: 1.46
12:43:22.722340 ACC: [6, 14, 513]
12:43:22.754551 ALT: 1.46
12:43:22.755173 ACC: [7, 13, 512]
12:43:22.785135 ALT: 1.46
12:43:22.785508 ACC: [7, 14, 513]
12:43:22.816769 ALT: 1.46
12:43:22.816987 ACC: [7, 14, 513]
12:43:22.848649 ALT: 1.46
12:43:22.849300 ACC: [6, 14, 513]
12:43:22.880182 ALT: 1.46
12:43:22.880373 ACC: [6, 14, 513]
12:43:22.912859 ALT: 1.46
12:43:22.913551 ACC: [6, 14, 513]
12:43:22.944829 ALT: 1.49
12:43:22.945231 ACC: [6, 14, 513]
12:43:22.977667 ALT: 1.51
12:43:22.978315 ACC: [6, 14, 513]
12:43:23.008386 ALT: 1.49
12:43:23.008689 ACC: [6, 13, 513]
12:43:23.040250 ALT: 1.47
12:43:23.040488 ACC: [7, 13, 513]
12:43:23.072294 ALT: 1.46
12:43:23.072535 ACC: [7, 14, 513]
12:43:23.104286 ALT: 1.46
12:43:23.104564 ACC: [6, 14, 513]
12:43:23.136265 ALT: 1.46
12:43:23.136487 ACC: [6, 14, 513]
12:43:23.168268 ALT: 1.46
12:43:23.168485 ACC: [6, 13, 513]
12:43:23.200337 ALT: 1.49
12:43:23.200564 ACC: [6, 13, 513]
12:43:23.232309 ALT: 1.51
12:43:23.232570 ACC: [6, 13, 513]
12:43:23.264297 ALT: 1.52
12:43:23.264577 ACC: [6, 13, 513]
12:43:23.296331 ALT: 1.53
12:43:23.296568 ACC: [6, 13, 513]
12:43:23.328366 ALT: 1.53
12:43:23.328596 ACC: [6, 14, 513]
12:43:23.360290 ALT: 1.53
12:43:23.360521 ACC: [6, 14, 512]
12:43:23.392324 ALT: 1.53
12:43:23.392555 ACC: [7, 14, 513]
12:43:23.424351 ALT: 1.53
12:43:23.424570 ACC: [6, 14, 513]
12:43:23.456340 ALT: 1.53
12:43:23.456559 ACC: [6, 14, 513]
12:43:23.488570 ALT: 1.53
12:43:23.488830 ACC: [6, 14, 513]
12:43:23.520683 ALT: 1.53
12:43:23.520950 ACC: [7, 13, 513]
12:43:23.552690 ALT: 1.53
12:43:23.552973 ACC: [6, 14, 512]
12:43:23.584438 ALT: 1.53
12:43:23.584657 ACC: [6, 13, 513]
12:43:23.616566 ALT: 1.5
12:43:23.616816 ACC: [6, 13, 513]
12:43:23.648639 ALT: 1.48
12:43:23.648838 ACC: [6, 13, 513]
12:43:23.680758 ALT: 1.46
12:43:23.680981 ACC: [7, 13, 513]
12:43:23.712620 ALT: 1.46
12:43:23.712897 ACC: [7, 13, 513]
12:43:23.744651 ALT: 1.46
12:43:23.744964 ACC: [7, 14, 513]
12:43:23.780709 ALT: 1.46
12:43:23.781092 ACC: [6, 14, 513]
12:43:23.808390 ALT: 1.46
12:43:23.808637 ACC: [6, 14, 513]
12:43:23.840397 ALT: 1.46
12:43:23.840623 ACC: [6, 14, 513]
12:43:23.872433 ALT: 1.46
12:43:23.872666 ACC: [6, 14, 512]
12:43:23.904606 ALT: 1.46
12:43:23.905068 ACC: [7, 13, 513]
12:43:23.936777 ALT: 1.46
12:43:23.937006 ACC: [7, 14, 513]
12:43:23.974403 ALT: 1.46
12:43:23.974602 ACC: [6, 14, 513]
12:43:24.000440 ALT: 1.49
12:43:24.000655 ACC: [6, 13, 512]
12:43:24.032425 ALT: 1.51
12:43:24.032688 ACC: [6, 14, 513]
12:43:24.064399 ALT: 1.52
12:43:24.064632 ACC: [6, 14, 513]
12:43:24.096484 ALT: 1.53
12:43:24.096712 ACC: [6, 14, 513]
12:43:24.128424 ALT: 1.53
12:43:24.128645 ACC: [6, 13, 512]
12:43:24.160456 ALT: 1.53
12:43:24.160680 ACC: [7, 13, 513]
12:43:24.192439 ALT: 1.53
12:43:24.192680 ACC: [7, 13, 513]
12:43:24.224447 ALT: 1.53
12:43:24.224669 ACC: [6, 14, 513]
12:43:24.256491 ALT: 1.5
12:43:24.256706 ACC: [6, 13, 513]
12:43:24.288948 ALT: 1.48
12:43:24.289160 ACC: [6, 13, 513]
12:43:24.320411 ALT: 1.47
12:43:24.320640 ACC: [6, 13, 513]
12:43:24.352444 ALT: 1.46
12:43:24.352649 ACC: [7, 14, 512]
12:4