Waiting for MSP_API_VERSION reply...
Waiting for MSP_FC_VARIANT reply...
{'apiVersion': '1.44.0', 'flightControllerIdentifier': 'BTFL', 'flightControllerVersion': '4.3.2', 'version': 0, 'buildInfo': 'Apr  7 2023 03:15:27', 'multiType': 0, 'msp_version': 0, 'capability': 0, 'cycleTime': 314, 'i2cError': 0, 'activeSensors': 35, 'mode': 2, 'profile': 0, 'uid': [3473443, 858998536, 959590705], 'accelerometerTrims': [0, 0], 'name': '', 'displayName': 'BOARD MODULE', 'numProfiles': 3, 'rateProfile': 0, 'boardType': 2, 'armingDisableCount': 26, 'armingDisableFlags': 4, 'armingDisabled': False, 'runawayTakeoffPreventionDisabled': False, 'boardIdentifier': 'SBF4', 'boardVersion': 0, 'commCapabilities': 3, 'targetName': 'SPEEDYBEEF405V3', 'boardName': 'SPEEDYBEEF405V3', 'manufacturerId': '', 'signature': [0, 0, 0, 0, 0, 0, 0, 0, 0, 0, 0, 0, 0, 0, 0, 0, 0, 0, 0, 0, 0, 0, 0, 0, 0, 0, 0, 0, 0, 0, 0, 0], 'cpuload': 39, 'mcuTypeId': 3, 'mspProtocolVersion': 0, 'flightModeFlags': []}
15:39:53.622052 ALT: 0.63
15:39:53.622469 ACC: [16, 9, 512]
15:39:53.654006 ALT: 0.63
15:39:53.654253 ACC: [16, 8, 512]
15:39:53.699835 ALT: 0.63
15:39:53.700126 ACC: [16, 8, 512]
15:39:53.734413 ALT: 0.63
15:39:53.734697 ACC: [16, 9, 512]
15:39:53.772795 ALT: 0.63
15:39:53.773072 ACC: [16, 9, 512]
15:39:53.800411 ALT: 0.63
15:39:53.800706 ACC: [16, 9, 512]
15:39:53.830406 ALT: 0.63
15:39:53.830631 ACC: [16, 9, 512]
15:39:53.868234 ALT: 0.63
15:39:53.868559 ACC: [16, 8, 513]
15:39:53.897035 ALT: 0.63
15:39:53.897274 ACC: [16, 9, 512]
15:39:53.926020 ALT: 0.63
15:39:53.926259 ACC: [17, 9, 512]
15:39:53.958897 ALT: 0.63
15:39:53.959188 ACC: [17, 8, 512]
15:39:53.990077 ALT: 0.63
15:39:53.990319 ACC: [16, 8, 512]
15:39:54.022112 ALT: 0.63
15:39:54.022365 ACC: [16, 9, 512]
15:39:54.054305 ALT: 0.63
15:39:54.054624 ACC: [16, 8, 512]
15:39:54.086129 ALT: 0.63
15:39:54.086376 ACC: [16, 9, 512]
15:39:54.118341 ALT: 0.63
15:39:54.118955 ACC: [17, 9, 512]
15:39:54.150182 ALT: 0.63
15:39:54.150449 ACC: [16, 9, 512]
15:39:54.182153 ALT: 0.63
15:39:54.182449 ACC: [16, 8, 512]
15:39:54.215669 ALT: 0.63
15:39:54.216265 ACC: [16, 9, 512]
15:39:54.246275 ALT: 0.63
15:39:54.246568 ACC: [16, 9, 513]
15:39:54.278376 ALT: 0.63
15:39:54.278721 ACC: [16, 8, 513]
15:39:54.310145 ALT: 0.63
15:39:54.310375 ACC: [16, 8, 512]
15:39:54.342132 ALT: 0.63
15:39:54.342369 ACC: [16, 9, 512]
15:39:54.374156 ALT: 0.66
15:39:54.374388 ACC: [16, 9, 512]
15:39:54.406308 ALT: 0.68
15:39:54.406534 ACC: [17, 8, 512]
15:39:54.438222 ALT: 0.69
15:39:54.438570 ACC: [16, 9, 512]
15:39:54.470257 ALT: 0.7
15:39:54.470570 ACC: [16, 9, 512]
15:39:54.502157 ALT: 0.67
15:39:54.502393 ACC: [16, 9, 512]
15:39:54.534172 ALT: 0.64
15:39:54.534434 ACC: [16, 9, 512]
15:39:54.566155 ALT: 0.63
15:39:54.566407 ACC: [16, 9, 512]
15:39:54.598255 ALT: 0.63
15:39:54.598478 ACC: [16, 9, 512]
15:39:54.630177 ALT: 0.63
15:39:54.630452 ACC: [16, 8, 512]
15:39:54.662202 ALT: 0.63
15:39:54.662470 ACC: [16, 8, 512]
15:39:54.694338 ALT: 0.63
15:39:54.694792 ACC: [16, 9, 512]
15:39:54.726232 ALT: 0.63
15:39:54.726464 ACC: [16, 9, 512]
15:39:54.758234 ALT: 0.63
15:39:54.758530 ACC: [16, 8, 512]
15:39:54.790179 ALT: 0.63
15:39:54.790476 ACC: [17, 9, 512]
15:39:54.822232 ALT: 0.63
15:39:54.822486 ACC: [16, 9, 513]
15:39:54.854202 ALT: 0.63
15:39:54.854466 ACC: [16, 8, 513]
15:39:54.886143 ALT: 0.63
15:39:54.886350 ACC: [16, 8, 512]
15:39:54.918194 ALT: 0.63
15:39:54.918406 ACC: [16, 9, 512]
15:39:54.950239 ALT: 0.63
15:39:54.950517 ACC: [16, 9, 512]
15:39:54.982167 ALT: 0.66
15:39:54.982400 ACC: [16, 9, 513]
15:39:55.014760 ALT: 0.68
15:39:55.015017 ACC: [16, 9, 512]
15:39:55.046760 ALT: 0.66
15:39:55.046970 ACC: [16, 9, 513]
15:39:55.078335 ALT: 0.63
15:39:55.078584 ACC: [16, 9, 513]
15:39:55.111455 ALT: 0.63
15:39:55.111765 ACC: [16, 9, 512]
15:39:55.142521 ALT: 0.63
15:39:55.142827 ACC: [17, 9, 512]
15:39:55.174200 ALT: 0.63
15:39:55.174435 ACC: [16, 9, 512]
15:39:55.222219 ALT: 0.63
15:39:55.222524 ACC: [16, 9, 512]
15:39:55.254428 ALT: 0.63
15:39:55.254800 ACC: [17, 9, 512]
15:39:55.286287 ALT: 0.63
15:39:55.286561 ACC: [17, 9, 512]
15:39:55.318285 ALT: 0.63
15:39:55.318603 ACC: [17, 9, 512]
15:39:55.350336 ALT: 0.63
15:39:55.350605 ACC: [17, 9, 512]
15:39:55.382497 ALT: 0.63
15:39:55.382842 ACC: [16, 9, 512]
15:39:55.414346 ALT: 0.63
15:39:55.414717 ACC: [16, 9, 512]
15:39:55.446363 ALT: 0.63
15:39:55.446751 ACC: [16, 9, 513]
15:39:55.478308 ALT: 0.63
15:39:55.478587 ACC: [16, 9, 512]
15:39:55.510557 ALT: 0.63
15:39:55.510826 ACC: [16, 9, 512]
15:39:55.542290 ALT: 0.63
15:39:55.542542 ACC: [16, 9, 513]
15:39:55.574332 ALT: 0.63
15:39:55.574592 ACC: [16, 9, 512]
15:39:55.606368 ALT: 0.63
15:39:55.606628 ACC: [16, 8, 512]
15:39:55.638419 ALT: 0.63
15:39:55.638712 ACC: [16, 8, 512]
15:39:55.670366 ALT: 0.63
15:39:55.670620 ACC: [17, 9, 512]
15:39:55.702331 ALT: 0.63
15:39:55.702572 ACC: [17, 8, 512]
15:39:55.734298 ALT: 0.63
15:39:55.734533 ACC: [17, 8, 513]
15:39:55.767075 ALT: 0.63
15:39:55.768029 ACC: [16, 9, 512]
15:39:55.799086 ALT: 0.63
15:39:55.799958 ACC: [16, 9, 513]
15:39:55.830936 ALT: 0.63
15:39:55.831814 ACC: [16, 8, 513]
15:39:55.862590 ALT: 0.63
15:39:55.863053 ACC: [16, 9, 513]
15:39:55.894429 ALT: 0.63
15:39:55.894722 ACC: [16, 9, 512]
15:39:55.926337 ALT: 0.63
15:39:55.926589 ACC: [16, 8, 512]
15:39:55.958319 ALT: 0.63
15:39:55.958608 ACC: [16, 8, 512]
15:39:55.990379 ALT: 0.63
15:39:55.990624 ACC: [16, 9, 512]
15:39:56.022347 ALT: 0.63
15:39:56.022565 ACC: [16, 9, 512]
15:39:56.054472 ALT: 0.66
15:39:56.054752 ACC: [16, 8, 512]
15:39:56.086355 ALT: 0.69
15:39:56.086598 ACC: [16, 9, 512]
15:39:56.118340 ALT: 0.7
15:39:56.118564 ACC: [16, 9, 513]
15:39:56.150403 ALT: 0.7
15:39:56.150670 ACC: [16, 8, 513]
15:39:56.182356 ALT: 0.7
15:39:56.182571 ACC: [16, 9, 512]
15:39:56.214411 ALT: 0.7
15:39:56.214669 ACC: [16, 9, 512]
15:39:56.246369 ALT: 0.7
15:39:56.246592 ACC: [17, 8, 512]
15:39:56.278307 ALT: 0.7
15:39:56.278515 ACC: [16, 9, 512]
15:39:56.310422 ALT: 0.7
15:39:56.310660 ACC: [16, 9, 512]
15:39:56.342390 ALT: 0.67
15:39:56.342629 ACC: [16, 8, 512]
15:39:56.374333 ALT: 0.65
15:39:56.374612 ACC: [16, 9, 512]
15:39:56.406967 ALT: 0.64
15:39:56.407178 ACC: [16, 9, 512]
15:39:56.438483 ALT: 0.63
15:39:56.438701 ACC: [16, 8, 512]
15:39:56.470393 ALT: 0.63
15:39:56.470634 ACC: [16, 9, 512]
15:39:56.502407 ALT: 0.63
15:39:56.502670 ACC: [16, 10, 512]
15:39:56.534421 ALT: 0.63
15:39:56.534691 ACC: [17, 8, 512]
15:39:56.566442 ALT: 0.63
15:39:56.566677 ACC: [17, 8, 512]
15:39:56.598418 ALT: 0.66
15:39:56.598634 ACC: [16, 9, 512]
15:39:56.630486 ALT: 0.68
15:39:56.630732 ACC: [16, 8, 512]
15:39:56.662460 ALT: 0.69
15:39:56.662833 ACC: [16, 9, 512]
15:39:56.694490 ALT: 0.67
15:39:56.694868 ACC: [17, 9, 512]
15:39:56.726391 ALT: 0.65
15:39:56.726679 ACC: [16, 9, 512]
15:39:56.758405 ALT: 0.64
15:39:56.758615 ACC: [16, 8, 512]
15:39:56.790494 ALT: 0.63
15:39:56.790711 ACC: [16, 9, 512]
15:39:56.822475 ALT: 0.63
15:39:56.822740 ACC: [17, 9, 512]
15:39:56.854655 ALT: 0.63
15:39:56.854959 ACC: [17, 8, 512]
15:39:56.886604 ALT: 0.63
15:39:56.886969 ACC: [16, 9, 512]
15:39:56.918633 ALT: 0.63
15:39:56.919004 ACC: [16, 9, 512]
15:39:56.950433 ALT: 0.63
15:39:56.950638 ACC: [16, 9, 512]
15:39:56.982574 ALT: 0.63
15:39:56.982896 ACC: [17, 9, 512]
15:39:57.014456 ALT: 0.66
15:39:57.014653 ACC: [17, 9, 512]
15:39:57.062468 ALT: 0.69
15:39:57.062702 ACC: [16, 9, 513]
15:39:57.094491 ALT: 0.7
15:39:57.094735 ACC: [16, 9, 513]
15:39:57.126498 ALT: 0.7
15:39:57.126757 ACC: [17, 9, 513]
15:39:57.158555 ALT: 0.67
15:39:57.158851 ACC: [17, 9, 513]
15:39:57.190643 ALT: 0.67
15:39:57.190953 ACC: [16, 9, 512]
15:39:57.222511 ALT: 0.69
15:39:57.222748 ACC: [16, 9, 512]
15:39:57.254444 ALT: 0.66
15:39:57.254643 ACC: [16, 9, 512]
15:39:57.286774 ALT: 0.64
15:39:57.287024 ACC: [16, 8, 513]
15:39:57.318531 ALT: 0.63
15:39:57.318747 ACC: [16, 9, 512]
15:39:57.350510 ALT: 0.63
15:39:57.350713 ACC: [16, 9, 512]
15:39:57.382565 ALT: 0.63
15:39:57.382781 ACC: [16, 8, 512]
15:39:57.414526 ALT: 0.66
15:39:57.414760 ACC: [17, 8, 512]
15:39:57.446552 ALT: 0.69
15:39:57.446768 ACC: [17, 9, 512]
15:39:57.478540 ALT: 0.7
15:39:57.478751 ACC: [16, 8, 512]
15:39:57.510531 ALT: 0.7
15:39:57.510745 ACC: [16, 9, 512]
15:39:57.542577 ALT: 0.7
15:39:57.542817 ACC: [16, 9, 512]
15:39:57.574547 ALT: 0.65
15:39:57.574778 ACC: [17, 9, 512]
15:39:57.606532 ALT: 0.64
15:39:57.606751 ACC: [17, 8, 512]
15:39:57.638622 ALT: 0.63
15:39:57.638884 ACC: [16, 9, 512]
15:39:57.670602 ALT: 0.63
15:39:57.670837 ACC: [16, 9, 512]
15:39:57.702781 ALT: 0.66
15:39:57.703700 ACC: [16, 8, 513]
15:39:57.734560 ALT: 0.68
15:39:57.734888 ACC: [16, 9, 513]
15:39:57.766607 ALT: 0.69
15:39:57.766825 ACC: [16, 9, 512]
15:39:57.798690 ALT: 0.7
15:39:57.798969 ACC: [16, 8, 512]
15:39:57.830656 ALT: 0.7
15:39:57.830933 ACC: [16, 10, 512]
15:39:57.862590 ALT: 0.67
15:39:57.862818 ACC: [16, 9, 512]
15:39:57.894580 ALT: 0.65
15:39:57.894822 ACC: [17, 8, 512]
15:39:57.926565 ALT: 0.63
15:39:57.926791 ACC: [17, 9, 512]
15:39:57.958678 ALT: 0.63
15:39:57.958893 ACC: [17, 10, 512]
15:39:57.991780 ALT: 0.63
15:39:57.992045 ACC: [16, 8, 513]
15:39:58.022690 ALT: 0.66
15:39:58.022929 ACC: [16, 9, 513]
15:39:58.054642 ALT: 0.69
15:39:58.054872 ACC: [16, 9, 512]
15:39:58.086631 ALT: 0.7
15:39:58.086871 ACC: [16, 8, 513]
15:39:58.118648 ALT: 0.7
15:39:58.118872 ACC: [16, 9, 513]
15:39:58.150689 ALT: 0.7
15:39:58.151009 ACC: [16, 10, 512]
15:39:58.182800 ALT: 0.7
15:39:58.183088 ACC: [16, 8, 513]
15:39:58.214712 ALT: 0.7
15:39:58.214974 ACC: [16, 9, 512]
15:39:58.246864 ALT: 0.7
15:39:58.247237 ACC: [16, 9, 512]
15:39:58.278767 ALT: 0.7
15:39:58.279185 ACC: [16, 9, 512]
15:39:58.310642 ALT: 0.7
15:39:58.310843 ACC: [17, 8, 512]
15:39:58.342669 ALT: 0.7
15:39:58.342892 ACC: [16, 9, 512]
15:39:58.374600 ALT: 0.67
15:39:58.374817 ACC: [16, 8, 512]
15:39:58.406665 ALT: 0.64
15:39:58.406886 ACC: [17, 8, 512]
15:39:58.438638 ALT: 0.63
15:39:58.438844 ACC: [17, 9, 512]
15:39:58.470627 ALT: 0.63
15:39:58.470860 ACC: [16, 8, 512]
15:39:58.502573 ALT: 0.63
15:39:58.502775 ACC: [17, 8, 513]
15:39:58.534573 ALT: 0.63
15:39:58.534783 ACC: [16, 9, 512]
15:39:58.566580 ALT: 0.63
15:39:58.566827 ACC: [16, 9, 513]
15:39:58.598578 ALT: 0.63
15:39:58.598782 ACC: [16, 8, 513]
15:39:58.630565 ALT: 0.63
15:39:58.630770 ACC: [16, 9, 512]
15:39:58.662569 ALT: 0.63
15:39:58.662767 ACC: [16, 9, 512]
15:39:58.694571 ALT: 0.63
15:39:58.694767 ACC: [16, 9, 512]
15:39:58.726562 ALT: 0.66
15:39:58.726754 ACC: [16, 9, 512]
15:39:58.758578 ALT: 0.69
15:39:58.758775 ACC: [16, 9, 512]
15:39:58.790598 ALT: 0.7
15:39:58.790795 ACC: [16, 8, 513]
15:39:58.822676 ALT: 0.7
15:39:58.822910 ACC: [17, 8, 513]
15:39:58.854631 ALT: 0.7
15:39:58.854841 ACC: [16, 9, 512]
15:39:58.902625 ALT: 0.7
15:39:58.902836 ACC: [16, 9, 512]
15:39:58.934658 ALT: 0.7
15:39:58.934860 ACC: [16, 9, 512]
15:39:58.966624 ALT: 0.7
15:39:58.966816 ACC: [17, 8, 512]
15:39:58.998642 ALT: 0.7
15:39:58.998834 ACC: [16, 8, 512]
15:39:59.030643 ALT: 0.7
15:39:59.030833 ACC: [16, 9, 512]
15:39:59.062650 ALT: 0.67
15:39:59.062844 ACC: [16, 9, 512]
15:39:59.094871 ALT: 0.65
15:39:59.095246 ACC: [16, 8, 513]
15:39:59.126788 ALT: 0.64
15:39:59.126997 ACC: [17, 9, 513]
15:39:59.158741 ALT: 0.66
15:39:59.158994 ACC: [17, 9, 512]
15:39:59.190771 ALT: 0.68
15:39:59.191001 ACC: [17, 8, 512]
15:39:59.222790 ALT: 0.69
15:39:59.223033 ACC: [16, 8, 513]
15:39:59.254807 ALT: 0.7
15:39:59.255027 ACC: [16, 9, 512]
15:39:59.286798 ALT: 0.7
15:39:59.287034 ACC: [16, 8, 512]
15:39:59.318775 ALT: 0.7
15:39:59.318992 ACC: [16, 8, 513]
15:39:59.350804 ALT: 0.7
15:39:59.351021 ACC: [16, 9, 512]
15:39:59.382874 ALT: 0.7
15:39:59.383121 ACC: [16, 8, 512]
15:39:59.414813 ALT: 0.7
15:39:59.415040 ACC: [16, 7, 512]
15:39:59.446821 ALT: 0.7
15:39:59.447047 ACC: [16, 9, 512]
15:39:59.478958 ALT: 0.7
15:39:59.479263 ACC: [16, 10, 512]
15:39:59.510820 ALT: 0.7
15:39:59.511039 ACC: [16, 9, 512]
15:39:59.542879 ALT: 0.7
15:39:59.543125 ACC: [16, 9, 513]
15:39:59.574861 ALT: 0.7
15:39:59.575078 ACC: [16, 9, 512]
15:39:59.606832 ALT: 0.7
15:39:59.607051 ACC: [17, 9, 512]
15:39:59.638907 ALT: 0.7
15:39:59.639172 ACC: [16, 9, 512]
15:39:59.671095 ALT: 0.7
15:39:59.671509 ACC: [16, 9, 512]
15:39:59.703008 ALT: 0.7
15:39:59.703384 ACC: [16, 9, 512]
15:39:59.735008 ALT: 0.7
15:39:59.735387 ACC: [16, 9, 512]
15:39:59.767072 ALT: 0.7
15:39:59.767495 ACC: [17, 8, 512]
15:39:59.799029 ALT: 0.7
15:39:59.799386 ACC: [16, 9, 513]
15:39:59.831014 ALT: 0.7
15:39:59.831393 ACC: [16, 9, 512]
15:39:59.863107 ALT: 0.7
15:39:59.863574 ACC: [16, 9, 512]
15:39:59.895019 ALT: 0.7
15:39:59.895394 ACC: [16, 9, 512]
15:39:59.927069 ALT: 0.7
15:39:59.927437 ACC: [16, 9, 512]
15:39:59.959123 ALT: 0.7
15:39:59.959546 ACC: [16, 9, 513]
15:39:59.991090 ALT: 0.7
15:39:59.991458 ACC: [16, 8, 513]
15:40:00.023000 ALT: 0.7
15:40:00.023272 ACC: [16, 9, 513]
15:40:00.055053 ALT: 0.7
15:40:00.055445 ACC: [16, 9, 512]
15:40:00.087035 ALT: 0.7
15:40:00.087405 ACC: [16, 8, 513]
15:40:00.119041 ALT: 0.7
15:40:00.119409 ACC: [17, 9, 512]
15:40:00.151070 ALT: 0.7
15:40:00.151465 ACC: [16, 9, 512]
15:40:00.183032 ALT: 0.7
15:40:00.183412 ACC: [16, 8, 513]
15:40:00.215066 ALT: 0.7
15:40:00.215434 ACC: [16, 9, 512]
15:40:00.246989 ALT: 0.7
15:40:00.247216 ACC: [16, 10, 512]
15:40:00.279073 ALT: 0.7
15:40:00.279771 ACC: [16, 9, 512]
15:40:00.311071 ALT: 0.7
15:40:00.311421 ACC: [17, 8, 512]
15:40:00.343128 ALT: 0.7
15:40:00.343559 ACC: [16, 9, 513]
15:40:00.375078 ALT: 0.7
15:40:00.375457 ACC: [16, 8, 512]
15:40:00.407078 ALT: 0.7
15:40:00.407443 ACC: [16, 9, 512]
15:40:00.439137 ALT: 0.7
15:40:00.439580 ACC: [16, 9, 512]
15:40:00.471087 ALT: 0.7
15:40:00.471465 ACC: [16, 9, 512]
15:40:00.503121 ALT: 0.7
15:40:00.503483 ACC: [16, 8, 512]
15:40:00.535129 ALT: 0.7
15:40:00.535511 ACC: [16, 8, 512]
15:40:00.567108 ALT: 0.7
15:40:00.567537 ACC: [16, 9, 512]
15:40:00.599131 ALT: 0.7
15:40:00.599493 ACC: [17, 9, 513]
15:40:00.631090 ALT: 0.7
15:40:00.631413 ACC: [16, 9, 512]
15:40:00.663149 ALT: 0.7
15:40:00.663545 ACC: [16, 9, 512]
15:40:00.695130 ALT: 0.7
15:40:00.695540 ACC: [16, 9, 512]
15:40:00.743142 ALT: 0.7
15:40:00.743508 ACC: [16, 9, 512]
15:40:00.775220 ALT: 0.7
15:40:00.775655 ACC: [16, 9, 512]
15:40:00.807183 ALT: 0.7
15:40:00.807613 ACC: [16, 9, 512]
15:40:00.838936 ALT: 0.7
15:40:00.839145 ACC: [16, 9, 513]
15:40:00.871000 ALT: 0.7
15:40:00.871219 ACC: [16, 9, 512]
15:40:00.903052 ALT: 0.7
15:40:00.903287 ACC: [16, 8, 513]
15:40:00.935110 ALT: 0.7
15:40:00.935405 ACC: [16, 9, 512]
15:40:00.967058 ALT: 0.7
15:40:00.967301 ACC: [16, 9, 512]
15:40:00.999038 ALT: 0.7
15:40:00.999252 ACC: [17, 8, 512]
15:40:01.031034 ALT: 0.7
15:40:01.031246 ACC: [16, 9, 512]
15:40:01.063028 ALT: 0.7
15:40:01.063242 ACC: [16, 9, 512]
15:40:01.095037 ALT: 0.7
15:40:01.095246 ACC: [16, 8, 512]
15:40:01.127059 ALT: 0.7
15:40:01.127270 ACC: [16, 8, 512]
15:40:01.159051 ALT: 0.7
15:40:01.159261 ACC: [16, 9, 512]
15:40:01.191065 ALT: 0.67
15:40:01.191278 ACC: [16, 9, 512]
15:40:01.223068 ALT: 0.64
15:40:01.223284 ACC: [16, 8, 512]
15:40:01.255104 ALT: 0.63
15:40:01.255407 ACC: [16, 9, 512]
15:40:01.287097 ALT: 0.63
15:40:01.287394 ACC: [16, 9, 512]
15:40:01.319091 ALT: 0.63
15:40:01.319300 ACC: [17, 8, 513]
15:40:01.351129 ALT: 0.63
15:40:01.351388 ACC: [16, 8, 513]
15:40:01.383115 ALT: 0.63
15:40:01.383386 ACC: [16, 8, 512]
15:40:01.415983 ALT: 0.63
15:40:01.416287 ACC: [16, 8, 512]
15:40:01.447111 ALT: 0.66
15:40:01.447397 ACC: [17, 8, 512]
15:40:01.479113 ALT: 0.69
15:40:01.479370 ACC: [16, 8, 512]
15:40:01.511113 ALT: 0.7
15:40:01.511387 ACC: [16, 9, 513]
15:40:01.543113 ALT: 0.7
15:40:01.543386 ACC: [16, 9, 512]
15:40:01.575148 ALT: 0.7
15:40:01.575454 ACC: [16, 9, 512]
15:40:01.609206 ALT: 0.7
15:40:01.609470 ACC: [16, 9, 512]
15:40:01.639439 ALT: 0.7
15:40:01.639838 ACC: [17, 9, 513]
15:40:01.673831 ALT: 0.7
15:40:01.674107 ACC: [17, 9, 512]
15:40:01.703516 ALT: 0.7
15:40:01.703874 ACC: [16, 9, 512]
15:40:01.735186 ALT: 0.7
15:40:01.735449 ACC: [16, 8, 513]
15:40:01.767227 ALT: 0.7
15:40:01.767495 ACC: [16, 9, 513]
15:40:01.799132 ALT: 0.7
15:40:01.799381 ACC: [16, 9, 512]
15:40:01.831233 ALT: 0.7
15:40:01.831503 ACC: [16, 9, 512]
15:40:01.863184 ALT: 0.7
15:40:01.863455 ACC: [16, 9, 513]
15:40:01.895178 ALT: 0.7
15:40:01.895445 ACC: [17, 9, 512]
15:40:01.927186 ALT: 0.7
15:40:01.927475 ACC: [16, 8, 513]
15:40:01.959152 ALT: 0.7
15:40:01.959415 ACC: [16, 9, 512]
15:40:01.991182 ALT: 0.7
15:40:01.991467 ACC: [16, 8, 512]
15:40:02.023229 ALT: 0.7
15:40:02.023518 ACC: [16, 8, 512]
15:40:02.055149 ALT: 0.7
15:40:02.055360 ACC: [16, 9, 513]
15:40:02.087132 ALT: 0.7
15:40:02.087376 ACC: [16, 9, 512]
15:40:02.119502 ALT: 0.7
15:40:02.119903 ACC: [16, 8, 512]
15:40:02.151252 ALT: 0.7
15:40:02.151576 ACC: [16, 9, 512]
15:40:02.183500 ALT: 0.7
15:40:02.183795 ACC: [17, 9, 512]
15:40:02.215371 ALT: 0.7
15:40:02.215606 ACC: [16, 9, 512]
15:40:02.247251 ALT: 0.7
15:40:02.247513 ACC: [16, 8, 512]
15:40:02.279241 ALT: 0.7
15:40:02.279520 ACC: [16, 9, 512]
15:40:02.311355 ALT: 0.7
15:40:02.311682 ACC: [16, 8, 512]
15:40:02.343272 ALT: 0.7
15:40:02.343564 ACC: [16, 8, 513]
15:40:02.375194 ALT: 0.7
15:40:02.375438 ACC: [16, 9, 512]
15:40:02.407236 ALT: 0.7
15:40:02.407601 ACC: [16, 9, 512]
15:40:02.439284 ALT: 0.7
15:40:02.439580 ACC: [16, 8, 512]
15:40:02.471219 ALT: 0.7
15:40:02.471481 ACC: [16, 9, 512]
15:40:02.503413 ALT: 0.7
15:40:02.503734 ACC: [16, 8, 512]
15:40:02.535375 ALT: 0.7
15:40:02.535695 ACC: [16, 8, 512]
15:40:02.583251 ALT: 0.7
15:40:02.583616 ACC: [16, 9, 512]
15:40:02.615498 ALT: 0.7
15:40:02.615808 ACC: [16, 8, 512]
15:40:02.647293 ALT: 0.7
15:40:02.647621 ACC: [16, 8, 512]
15:40:02.679354 ALT: 0.7
15:40:02.679611 ACC: [16, 9, 512]
15:40:02.711203 ALT: 0.7
15:40:02.711462 ACC: [16, 9, 512]
15:40:02.743450 ALT: 0.7
15:40:02.743777 ACC: [16, 9, 512]
15:40:02.775283 ALT: 0.7
15:40:02.775582 ACC: [16, 9, 512]
15:40:02.807296 ALT: 0.7
15:40:02.807598 ACC: [16, 8, 512]
15:40:02.839249 ALT: 0.7
15:40:02.839504 ACC: [16, 8, 513]
15:40:02.871604 ALT: 0.7
15:40:02.871939 ACC: [16, 9, 512]
15:40:02.903283 ALT: 0.74
15:40:02.903594 ACC: [17, 8, 512]
15:40:02.935357 ALT: 0.77
15:40:02.935631 ACC: [17, 8, 512]
15:40:02.967276 ALT: 0.78
15:40:02.967541 ACC: [16, 9, 513]
15:40:02.999353 ALT: 0.75
15:40:02.999628 ACC: [16, 8, 512]
15:40:03.031500 ALT: 0.72
15:40:03.031790 ACC: [16, 9, 512]
15:40:03.063356 ALT: 0.72
15:40:03.063709 ACC: [17, 9, 512]
15:40:03.095344 ALT: 0.72
15:40:03.095584 ACC: [17, 9, 512]
15:40:03.127585 ALT: 0.72
15:40:03.127905 ACC: [16, 8, 512]
15:40:03.159298 ALT: 0.72
15:40:03.159561 ACC: [16, 8, 513]
15:40:03.191492 ALT: 0.72
15:40:03.191739 ACC: [16, 9, 512]
15:40:03.223430 ALT: 0.72
15:40:03.223681 ACC: [17, 9, 512]
15:40:03.255461 ALT: 0.72
15:40:03.255747 ACC: [16, 8, 513]
15:40:03.287479 ALT: 0.72
15:40:03.287721 ACC: [16, 10, 512]
15:40:03.319721 ALT: 0.72
15:40:03.320225 ACC: [16, 9, 512]
15:40:03.351642 ALT: 0.72
15:40:03.351902 ACC: [17, 7, 513]
15:40:03.383449 ALT: 0.75
15:40:03.383686 ACC: [17, 8, 512]
15:40:03.415663 ALT: 0.77
15:40:03.415944 ACC: [16, 9, 512]
15:40:03.447480 ALT: 0.78
15:40:03.447735 ACC: [16, 8, 513]
15:40:03.479491 ALT: 0.78
15:40:03.479782 ACC: [17, 9, 513]
15:40:03.511441 ALT: 0.75
15:40:03.511702 ACC: [16, 10, 512]
15:40:03.543479 ALT: 0.72
15:40:03.543703 ACC: [16, 9, 512]
15:40:03.575631 ALT: 0.72
15:40:03.575872 ACC: [16, 8, 512]
15:40:03.607607 ALT: 0.72
15:40:03.607876 ACC: [16, 9, 512]
15:40:03.639866 ALT: 0.72
15:40:03.640191 ACC: [16, 9, 513]
15:40:03.671674 ALT: 0.72
15:40:03.672003 ACC: [16, 8, 513]
15:40:03.703506 ALT: 0.72
15:40:03.703781 ACC: [16, 8, 513]
15:40:03.735484 ALT: 0.72
15:40:03.735788 ACC: [16, 8, 512]
15:40:03.767466 ALT: 0.72
15:40:03.767767 ACC: [16, 8, 512]
15:40:03.799601 ALT: 0.72
15:40:03.799914 ACC: [16, 9, 513]
15:40:03.831452 ALT: 0.72
15:40:03.831725 ACC: [16, 9, 513]
15:40:03.863432 ALT: 0.75
15:40:03.863661 ACC: [16, 9, 512]
15:40:03.895481 ALT: 0.78
15:40:03.895772 ACC: [16, 9, 512]
15:40:03.927442 ALT: 0.78
15:40:03.927670 ACC: [16, 9, 513]
15:40:03.959513 ALT: 0.78
15:40:03.959766 ACC: [16, 9, 512]
15:40:03.991598 ALT: 0.75
15:40:03.991916 ACC: [16, 9, 512]
15:40:04.023452 ALT: 0.73
15:40:04.023691 ACC: [16, 9, 513]
15:40:04.055552 ALT: 0.72
15:40:04.055917 ACC: [16, 9, 512]
15:40:04.087470 ALT: 0.72
15:40:04.087713 ACC: [16, 8, 512]
15:40:04.119689 ALT: 0.72
15:40:04.119954 ACC: [16, 8, 512]
15:40:04.151532 ALT: 0.75
15:40:04.151800 ACC: [16, 9, 512]
15:40:04.183576 ALT: 0.77
15:40:04.183862 ACC: [16, 9, 512]
15:40:04.215499 ALT: 0.75
15:40:04.215736 ACC: [16, 9, 512]
15:40:04.247545 ALT: 0.75
15:40:04.247796 ACC: [17, 8, 512]
15:40:04.279577 ALT: 0.77
15:40:04.279845 ACC: [16, 9, 512]
15:40:04.311595 ALT: 0.75
15:40:04.311868 ACC: [16, 9, 512]
15:40:04.343519 ALT: 0.75
15:40:04.343773 ACC: [16, 9, 512]
15:40:04.375506 ALT: 0.77
15:40:04.375729 ACC: [16, 9, 512]
15:40:04.407594 ALT: 0.78
15:40:04.407874 ACC: [16, 9, 512]
15:40:04.439537 ALT: 0.78
15:40:04.439796 ACC: [16, 8, 513]
15:40:04.471573 ALT: 0.78
15:40:04.471826 ACC: [16, 8, 512]
15:40:04.503563 ALT: 0.78
15:40:04.503825 ACC: [16, 10, 512]
15:40:04.535601 ALT: 0.78
15:40:04.535873 ACC: [16, 8, 512]
15:40:04.567531 ALT: 0.78
15:40:04.567751 ACC: [16, 8, 513]
15:40:04.599599 ALT: 0.78
15:40:04.599844 ACC: [16, 9, 512]
15:40:04.631534 ALT: 0.78
15:40:04.631751 ACC: [16, 9, 512]
15:40:04.663596 ALT: 0.78
15:40:04.663867 ACC: [16, 8, 512]
15:40:04.695544 ALT: 0.78
15:40:04.695768 ACC: [16, 9, 512]
15:40:04.727627 ALT: 0.78
15:40:04.727867 ACC: [16, 9, 513]
15:40:04.759619 ALT: 0.75
15:40:04.759895 ACC: [16, 8, 513]
15:40:04.791558 ALT: 0.72
15:40:04.791776 ACC: [16, 9, 513]
15:40:04.823880 ALT: 0.72
15:40:04.824271 ACC: [17, 9, 512]
15:40:04.855690 ALT: 0.75
15:40:04.856020 ACC: [17, 8, 513]
15:40:04.887585 ALT: 0.77
15:40:04.887845 ACC: [16, 8, 513]
15:40:04.919565 ALT: 0.78
15:40:04.919797 ACC: [15, 9, 512]
15:40:04.951561 ALT: 0.78
15:40:04.951773 ACC: [16, 9, 512]
15:40:04.983622 ALT: 0.78
15:40:04.983875 ACC: [16, 8, 513]
15:40:05.015655 ALT: 0.78
15:40:05.015984 ACC: [16, 9, 512]
15:40:05.047646 ALT: 0.78
15:40:05.047909 ACC: [15, 9, 512]
15:40:05.079616 ALT: 0.78
15:40:05.079887 ACC: [16, 8, 513]
15:40:05.111636 ALT: 0.78
15:40:05.111883 ACC: [16, 9, 512]
15:40:05.143608 ALT: 0.78
15:40:05.143813 ACC: [16, 9, 512]
15:40:05.175709 ALT: 0.78
15:40:05.176003 ACC: [16, 8, 512]
15:40:05.207614 ALT: 0.78
15:40:05.207862 ACC: [16, 8, 513]
15:40:05.239709 ALT: 0.78
15:40:05.239933 ACC: [16, 9, 512]
15:40:05.271779 ALT: 0.75
15:40:05.272036 ACC: [16, 8, 512]
15:40:05.303697 ALT: 0.72
15:40:05.303939 ACC: [17, 8, 512]
15:40:05.335737 ALT: 0.72
15:40:05.336042 ACC: [16, 9, 512]
15:40:05.367684 ALT: 0.72
15:40:05.367965 ACC: [16, 9, 512]
15:40:05.399624 ALT: 0.72
15:40:05.399839 ACC: [16, 8, 512]
15:40:05.432006 ALT: 0.72
15:40:05.432816 ACC: [16, 9, 512]
15:40:05.463681 ALT: 0.72
15:40:05.463996 ACC: [16, 9, 512]
15:40:05.495720 ALT: 0.72
15:40:05.495997 ACC: [16, 8, 512]
15:40:05.527700 ALT: 0.72
15:40:05.527964 ACC: [16, 8, 512]
15:40:05.559659 ALT: 0.72
15:40:05.559904 ACC: [16, 9, 512]
15:40:05.591657 ALT: 0.72
15:40:05.591877 ACC: [16, 8, 512]
15:40:05.623714 ALT: 0.75
15:40:05.623971 ACC: [16, 8, 512]
15:40:05.655664 ALT: 0.78
15:40:05.655879 ACC: [16, 9, 512]
15:40:05.687813 ALT: 0.78
15:40:05.688094 ACC: [16, 8, 512]
15:40:05.719676 ALT: 0.78
15:40:05.719901 ACC: [16, 9, 512]
15:40:05.751769 ALT: 0.78
15:40:05.752052 ACC: [16, 8, 513]
15:40:05.783683 ALT: 0.78
15:40:05.783899 ACC: [16, 8, 513]
15:40:05.815788 ALT: 0.78
15:40:05.816093 ACC: [16, 9, 512]
15:40:05.847691 ALT: 0.78
15:40:05.847905 ACC: [16, 9, 512]
15:40:05.879766 ALT: 0.78
15:40:05.880037 ACC: [16, 8, 512]
15:40:05.911691 ALT: 0.78
15:40:05.911913 ACC: [16, 8, 513]
15:40:05.943755 ALT: 0.78
15:40:05.943996 ACC: [16, 9, 512]
15:40:05.975749 ALT: 0.75
15:40:05.976003 ACC: [16, 8, 512]
15:40:06.007678 ALT: 0.72
15:40:06.007912 ACC: [16, 9, 512]
15:40:06.039893 ALT: 0.72
15:40:06.040197 ACC: [16, 9, 512]
15:40:06.071732 ALT: 0.72
15:40:06.072034 ACC: [16, 8, 512]
15:40:06.103742 ALT: 0.72
15:40:06.103978 ACC: [16, 9, 512]
15:40:06.135791 ALT: 0.72
15:40:06.136041 ACC: [16, 9, 512]
15:40:06.167747 ALT: 0.72
15:40:06.167967 ACC: [16, 9, 513]
15:40:06.199785 ALT: 0.75
15:40:06.200005 ACC: [16, 8, 513]
15:40:06.247766 ALT: 0.77
15:40:06.248044 ACC: [16, 9, 512]
15:40:06.279790 ALT: 0.78
15:40:06.280053 ACC: [16, 8, 513]
15:40:06.311736 ALT: 0.78
15:40:06.311942 ACC: [16, 8, 512]
15:40:06.343790 ALT: 0.78
15:40:06.344030 ACC: [17, 9, 512]
15:40:06.375751 ALT: 0.75
15:40:06.375961 ACC: [16, 9, 512]
15:40:06.407800 ALT: 0.72
15:40:06.408038 ACC: [16, 8, 513]
15:40:06.439752 ALT: 0.72
15:40:06.439953 ACC: [16, 8, 512]
15:40:06.471814 ALT: 0.72
15:40:06.472050 ACC: [16, 8, 512]
15:40:06.503803 ALT: 0.72
15:40:06.504050 ACC: [16, 8, 512]
15:40:06.535819 ALT: 0.72
15:40:06.536062 ACC: [16, 9, 512]
15:40:06.567770 ALT: 0.72
15:40:06.567977 ACC: [16, 9, 513]
15:40:06.599830 ALT: 0.72
15:40:06.600069 ACC: [17, 8, 513]
15:40:06.632049 ALT: 0.72
15:40:06.632416 ACC: [17, 9, 512]
15:40:06.663830 ALT: 0.72
15:40:06.664144 ACC: [16, 9, 512]
15:40:06.695763 ALT: 0.72
15:40:06.696020 ACC: [16, 8, 512]
15:40:06.728032 ALT: 0.72
15:40:06.728361 ACC: [16, 8, 512]
15:40:06.759826 ALT: 0.72
15:40:06.760106 ACC: [16, 8, 512]
15:40:06.791965 ALT: 0.72
15:40:06.792258 ACC: [16, 8, 512]
15:40:06.823824 ALT: 0.72
15:40:06.824068 ACC: [16, 9, 512]
15:40:06.855868 ALT: 0.72
15:40:06.856149 ACC: [16, 8, 512]
15:40:06.887853 ALT: 0.72
15:40:06.888229 ACC: [17, 8, 512]
15:40:06.919889 ALT: 0.75
15:40:06.920158 ACC: [16, 9, 512]
15:40:06.952122 ALT: 0.77
15:40:06.952852 ACC: [16, 9, 512]
15:40:06.983887 ALT: 0.78
15:40:06.984096 ACC: [16, 8, 513]
15:40:07.015722 ALT: 0.78
15:40:07.015909 ACC: [16, 8, 513]
15:40:07.048034 ALT: 0.78
15:40:07.048269 ACC: [16, 8, 513]
15:40:07.084200 ALT: 0.78
15:40:07.084432 ACC: [16, 9, 512]
15:40:07.111895 ALT: 0.75
15:40:07.112127 ACC: [16, 9, 512]
15:40:07.143997 ALT: 0.73
15:40:07.144260 ACC: [17, 9, 513]
15:40:07.175958 ALT: 0.75
15:40:07.176204 ACC: [16, 9, 512]
15:40:07.207906 ALT: 0.78
15:40:07.208126 ACC: [16, 9, 512]
15:40:07.239969 ALT: 0.78
15:40:07.240220 ACC: [16, 9, 512]
15:40:07.271975 ALT: 0.78
15:40:07.272208 ACC: [16, 9, 512]
15:40:07.303982 ALT: 0.78
15:40:07.304256 ACC: [17, 8, 512]
15:40:07.335948 ALT: 0.78
15:40:07.336195 ACC: [16, 8, 512]
15:40:07.368015 ALT: 0.78
15:40:07.368303 ACC: [16, 10, 512]
15:40:07.399936 ALT: 0.78
15:40:07.400180 ACC: [16, 9, 512]
15:40:07.431887 ALT: 0.78
15:40:07.432088 ACC: [17, 8, 513]
15:40:07.463998 ALT: 0.75
15:40:07.464252 ACC: [17, 9, 512]
15:40:07.496003 ALT: 0.73
15:40:07.496251 ACC: [16, 9, 512]
15:40:07.527953 ALT: 0.72
15:40:07.528181 ACC: [15, 8, 513]
15:40:07.560006 ALT: 0.72
15:40:07.560261 ACC: [16, 8, 512]
15:40:07.591953 ALT: 0.72
15:40:07.592176 ACC: [17, 9, 512]
15:40:07.624038 ALT: 0.72
15:40:07.624341 ACC: [16, 8, 512]
15:40:07.656034 ALT: 0.72
15:40:07.656277 ACC: [16, 8, 512]
15:40:07.688123 ALT: 0.75
15:40:07.688375 ACC: [16, 9, 512]
15:40:07.719985 ALT: 0.78
15:40:07.720223 ACC: [16, 9, 512]
15:40:07.752272 ALT: 0.78
15:40:07.752602 ACC: [16, 8, 512]
15:40:07.783850 ALT: 0.78
15:40:07.784042 ACC: [17, 9, 512]
15:40:07.816096 ALT: 0.75
15:40:07.816374 ACC: [16, 9, 512]
15:40:07.848056 ALT: 0.73
15:40:07.848299 ACC: [15, 9, 512]
15:40:07.880036 ALT: 0.72
15:40:07.880286 ACC: [16, 9, 512]
15:40:07.912018 ALT: 0.72
15:40:07.912275 ACC: [17, 8, 512]
15:40:07.944030 ALT: 0.72
15:40:07.944263 ACC: [17, 9, 512]
15:40:07.976098 ALT: 0.72
15:40:07.976381 ACC: [16, 9, 512]
15:40:08.008107 ALT: 0.72
15:40:08.008372 ACC: [16, 9, 512]
15:40:08.040064 ALT: 0.72
15:40:08.040325 ACC: [16, 8, 512]
15:40:08.088115 ALT: 0.72
15:40:08.088379 ACC: [17, 8, 512]
15:40:08.120028 ALT: 0.72
15:40:08.120270 ACC: [16, 9, 512]
15:40:08.152091 ALT: 0.72
15:40:08.152317 ACC: [16, 8, 512]
15:40:08.184114 ALT: 0.72
15:40:08.184355 ACC: [17, 8, 512]
15:40:08.216052 ALT: 0.72
15:40:08.216273 ACC: [17, 9, 513]
15:40:08.248095 ALT: 0.72
15:40:08.248340 ACC: [16, 9, 512]
15:40:08.280162 ALT: 0.72
15:40:08.280387 ACC: [16, 8, 512]
15:40:08.312134 ALT: 0.72
15:40:08.312379 ACC: [16, 9, 512]
15:40:08.344099 ALT: 0.72
15:40:08.344328 ACC: [16, 9, 512]
15:40:08.376132 ALT: 0.72
15:40:08.376425 ACC: [16, 8, 512]
15:40:08.408146 ALT: 0.72
15:40:08.408368 ACC: [16, 8, 512]
15:40:08.440088 ALT: 0.72
15:40:08.440292 ACC: [16, 8, 512]
15:40:08.472212 ALT: 0.72
15:40:08.472484 ACC: [16, 8, 512]
15:40:08.504180 ALT: 0.72
15:40:08.504404 ACC: [17, 9, 512]
15:40:08.536228 ALT: 0.72
15:40:08.536527 ACC: [16, 8, 512]
15:40:08.568123 ALT: 0.72
15:40:08.568343 ACC: [16, 9, 512]
15:40:08.600284 ALT: 0.72
15:40:08.600633 ACC: [16, 9, 512]
15:40:08.632081 ALT: 0.72
15:40:08.632321 ACC: [16, 8, 512]
15:40:08.664107 ALT: 0.72
15:40:08.664313 ACC: [16, 8, 512]
15:40:08.696116 ALT: 0.72
15:40:08.696309 ACC: [16, 9, 512]
15:40:08.728088 ALT: 0.72
15:40:08.728286 ACC: [16, 9, 512]
15:40:08.760129 ALT: 0.72
15:40:08.760363 ACC: [16, 8, 512]
15:40:08.792200 ALT: 0.72
15:40:08.792463 ACC: [16, 9, 512]
15:40:08.824222 ALT: 0.72
15:40:08.824468 ACC: [17, 9, 512]
15:40:08.856226 ALT: 0.72
15:40:08.856478 ACC: [16, 9, 513]
15:40:08.888178 ALT: 0.72
15:40:08.888419 ACC: [16, 8, 512]
15:40:08.920171 ALT: 0.72
15:40:08.920397 ACC: [16, 9, 512]
15:40:08.952217 ALT: 0.72
15:40:08.952467 ACC: [16, 9, 512]
15:40:08.984418 ALT: 0.72
15:40:08.984721 ACC: [16, 9, 513]
15:40:09.016182 ALT: 0.72
15:40:09.016406 ACC: [16, 9, 512]
15:40:09.048336 ALT: 0.72
15:40:09.048599 ACC: [17, 8, 512]
15:40:09.080160 ALT: 0.72
15:40:09.080399 ACC: [16, 8, 513]
15:40:09.112231 ALT: 0.72
15:40:09.112495 ACC: [16, 8, 512]
15:40:09.144155 ALT: 0.72
15:40:09.144375 ACC: [16, 8, 513]
15:40:09.176162 ALT: 0.72
15:40:09.176395 ACC: [17, 8, 512]
15:40:09.208167 ALT: 0.72
15:40:09.208393 ACC: [16, 9, 512]
15:40:09.240163 ALT: 0.72
15:40:09.240373 ACC: [16, 8, 512]
15:40:09.272206 ALT: 0.72
15:40:09.272439 ACC: [15, 8, 513]
15:40:09.304271 ALT: 0.72
15:40:09.304531 ACC: [16, 8, 512]
15:40:09.336468 ALT: 0.72
15:40:09.336796 ACC: [16, 8, 512]
15:40:09.368488 ALT: 0.72
15:40:09.368897 ACC: [16, 9, 512]
15:40:09.400399 ALT: 0.72
15:40:09.400681 ACC: [16, 9, 512]
15:40:09.432480 ALT: 0.72
15:40:09.432820 ACC: [16, 8, 512]
15:40:09.464445 ALT: 0.72
15:40:09.464740 ACC: [16, 8, 513]
15:40:09.496231 ALT: 0.72
15:40:09.496471 ACC: [16, 9, 512]
15:40:09.528406 ALT: 0.72
15:40:09.528731 ACC: [16, 8, 512]
15:40:09.560299 ALT: 0.72
15:40:09.560569 ACC: [16, 9, 512]
15:40:09.592240 ALT: 0.72
15:40:09.592498 ACC: [16, 9, 512]
15:40:09.624637 ALT: 0.72
15:40:09.625013 ACC: [16, 8, 512]
15:40:09.656159 ALT: 0.72
15:40:09.656350 ACC: [16, 9, 513]
15:40:09.688352 ALT: 0.72
15:40:09.688664 ACC: [16, 9, 513]
15:40:09.720360 ALT: 0.72
15:40:09.720641 ACC: [16, 9, 513]
15:40:09.752410 ALT: 0.72
15:40:09.752660 ACC: [16, 9, 513]
15:40:09.784272 ALT: 0.72
15:40:09.784514 ACC: [16, 9, 512]
15:40:09.816396 ALT: 0.72
15:40:09.816671 ACC: [16, 8, 512]
15:40:09.848335 ALT: 0.72
15:40:09.848573 ACC: [17, 8, 513]
15:40:09.896348 ALT: 0.72
15:40:09.896617 ACC: [16, 9, 512]
15:40:09.928324 ALT: 0.75
15:40:09.928565 ACC: [16, 8, 512]
15:40:09.960329 ALT: 0.77
15:40:09.960589 ACC: [16, 9, 512]
15:40:09.992484 ALT: 0.78
15:40:09.992808 ACC: [16, 9, 512]
15:40:10.024565 ALT: 0.75
15:40:10.024896 ACC: [16, 8, 512]
15:40:10.056368 ALT: 0.73
15:40:10.056579 ACC: [16, 9, 512]
15:40:10.088353 ALT: 0.72
15:40:10.088574 ACC: [16, 8, 512]
15:40:10.120319 ALT: 0.72
15:40:10.120574 ACC: [16, 9, 512]
15:40:10.152292 ALT: 0.72
15:40:10.152508 ACC: [16, 9, 513]
15:40:10.184325 ALT: 0.72
15:40:10.184542 ACC: [16, 8, 513]
15:40:10.216340 ALT: 0.72
15:40:10.216554 ACC: [16, 9, 513]
15:40:10.248391 ALT: 0.72
15:40:10.248632 ACC: [16, 9, 512]
15:40:10.280318 ALT: 0.75
15:40:10.280524 ACC: [16, 9, 512]
15:40:10.312313 ALT: 0.77
15:40:10.312507 ACC: [16, 9, 513]
15:40:10.344297 ALT: 0.78
15:40:10.344493 ACC: [16, 9, 512]
15:40:10.376345 ALT: 0.78
15:40:10.376543 ACC: [16, 9, 512]
15:40:10.408327 ALT: 0.73
15:40:10.408517 ACC: [16, 8, 512]
15:40:10.440340 ALT: 0.72
15:40:10.440531 ACC: [16, 8, 512]
15:40:10.472397 ALT: 0.72
15:40:10.472592 ACC: [16, 9, 512]
15:40:10.504367 ALT: 0.72
15:40:10.504559 ACC: [16, 8, 512]
15:40:10.536335 ALT: 0.75
15:40:10.536526 ACC: [16, 8, 512]
15:40:10.568373 ALT: 0.77
15:40:10.568575 ACC: [16, 9, 512]
15:40:10.600377 ALT: 0.78
15:40:10.600572 ACC: [16, 8, 512]
15:40:10.632352 ALT: 0.78
15:40:10.632553 ACC: [16, 8, 513]
15:40:10.664376 ALT: 0.78
15:40:10.664573 ACC: [16, 9, 512]
15:40:10.696377 ALT: 0.78
15:40:10.696580 ACC: [16, 8, 512]
15:40:10.728396 ALT: 0.78
15:40:10.728601 ACC: [16, 8, 512]
15:40:10.760380 ALT: 0.78
15:40:10.760574 ACC: [17, 9, 512]
15:40:10.792385 ALT: 0.78
15:40:10.792591 ACC: [17, 9, 512]
15:40:10.824396 ALT: 0.78
15:40:10.824641 ACC: [16, 9, 512]
15:40:10.856402 ALT: 0.78
15:40:10.856601 ACC: [16, 9, 512]
15:40:10.888452 ALT: 0.78
15:40:10.888652 ACC: [16, 9, 512]
15:40:10.920427 ALT: 0.78
15:40:10.920633 ACC: [16, 9, 512]
15:40:10.952436 ALT: 0.78
15:40:10.952626 ACC: [16, 8, 512]
15:40:10.984414 ALT: 0.75
15:40:10.984610 ACC: [16, 9, 512]
15:40:11.016426 ALT: 0.73
15:40:11.016625 ACC: [16, 9, 512]
15:40:11.048425 ALT: 0.72
15:40:11.048626 ACC: [16, 9, 512]
15:40:11.080431 ALT: 0.72
15:40:11.080630 ACC: [16, 9, 512]
15:40:11.112453 ALT: 0.72
15:40:11.112653 ACC: [16, 9, 512]
15:40:11.144461 ALT: 0.72
15:40:11.144658 ACC: [16, 9, 512]
15:40:11.176458 ALT: 0.72
15:40:11.176663 ACC: [16, 8, 512]
15:40:11.208473 ALT: 0.72
15:40:11.208665 ACC: [16, 9, 512]
15:40:11.240514 ALT: 0.72
15:40:11.240725 ACC: [17, 9, 512]
15:40:11.272737 ALT: 0.72
15:40:11.273117 ACC: [16, 9, 512]
15:40:11.304576 ALT: 0.72
15:40:11.304829 ACC: [16, 8, 512]
15:40:11.336478 ALT: 0.72
15:40:11.336705 ACC: [16, 8, 512]
15:40:11.368516 ALT: 0.72
15:40:11.368790 ACC: [16, 9, 513]
15:40:11.400493 ALT: 0.72
15:40:11.400731 ACC: [16, 9, 512]
15:40:11.432552 ALT: 0.72
15:40:11.432770 ACC: [16, 8, 512]
15:40:11.464461 ALT: 0.77
15:40:11.464669 ACC: [16, 8, 512]
15:40:11.496506 ALT: 0.78
15:40:11.496782 ACC: [16, 8, 512]
15:40:11.528650 ALT: 0.78
15:40:11.528887 ACC: [17, 8, 512]
15:40:11.560564 ALT: 0.78
15:40:11.560801 ACC: [16, 8, 513]
15:40:11.592567 ALT: 0.78
15:40:11.592815 ACC: [16, 8, 513]
15:40:11.624526 ALT: 0.78
15:40:11.624748 ACC: [16, 9, 512]
15:40:11.656560 ALT: 0.78
15:40:11.656758 ACC: [16, 8, 512]
15:40:11.688608 ALT: 0.78
15:40:11.688914 ACC: [16, 8, 512]
15:40:11.736586 ALT: 0.78
15:40:11.736952 ACC: [16, 9, 512]
15:40:11.768543 ALT: 0.73
15:40:11.768755 ACC: [16, 8, 512]
15:40:11.800533 ALT: 0.72
15:40:11.800740 ACC: [16, 9, 512]
15:40:11.832687 ALT: 0.72
15:40:11.832945 ACC: [16, 8, 512]
15:40:11.864577 ALT: 0.72
15:40:11.864793 ACC: [16, 8, 512]
15:40:11.896566 ALT: 0.72
15:40:11.896776 ACC: [16, 8, 512]
15:40:11.928619 ALT: 0.72
15:40:11.928861 ACC: [16, 9, 512]
15:40:11.960623 ALT: 0.72
15:40:11.960871 ACC: [16, 7, 513]
15:40:11.992578 ALT: 0.72
15:40:11.992795 ACC: [16, 8, 512]
15:40:12.024620 ALT: 0.72
15:40:12.024859 ACC: [16, 9, 512]
15:40:12.056691 ALT: 0.75
15:40:12.056942 ACC: [16, 9, 512]
15:40:12.088623 ALT: 0.78
15:40:12.088859 ACC: [16, 8, 512]
15:40:12.120595 ALT: 0.78
15:40:12.120813 ACC: [16, 8, 512]
15:40:12.152590 ALT: 0.78
15:40:12.152804 ACC: [16, 9, 512]
15:40:12.184659 ALT: 0.78
15:40:12.184943 ACC: [16, 8, 513]
15:40:12.216620 ALT: 0.78
15:40:12.216847 ACC: [16, 8, 512]
15:40:12.248690 ALT: 0.75
15:40:12.248927 ACC: [16, 9, 513]
15:40:12.280634 ALT: 0.73
15:40:12.280858 ACC: [16, 8, 512]
15:40:12.312765 ALT: 0.72
15:40:12.313001 ACC: [16, 8, 512]
15:40:12.344731 ALT: 0.72
15:40:12.344987 ACC: [16, 8, 512]
15:40:12.376641 ALT: 0.72
15:40:12.376851 ACC: [16, 8, 512]
15:40:12.408693 ALT: 0.72
15:40:12.408945 ACC: [16, 9, 512]
15:40:12.440650 ALT: 0.72
15:40:12.440880 ACC: [16, 9, 512]
15:40:12.472612 ALT: 0.72
15:40:12.472828 ACC: [16, 9, 512]
15:40:12.504631 ALT: 0.72
15:40:12.504841 ACC: [16, 8, 513]
15:40:12.536751 ALT: 0.72
15:40:12.537020 ACC: [16, 9, 513]
15:40:12.568634 ALT: 0.75
15:40:12.568837 ACC: [17, 9, 512]
15:40:12.600682 ALT: 0.78
15:40:12.601015 ACC: [16, 9, 513]
15:40:12.632659 ALT: 0.78
15:40:12.632870 ACC: [16, 8, 512]
15:40:12.664792 ALT: 0.78
15:40:12.665003 ACC: [16, 9, 513]
15:40:12.696669 ALT: 0.78
15:40:12.696948 ACC: [16, 9, 513]
15:40:12.728681 ALT: 0.78
15:40:12.728894 ACC: [17, 9, 512]
15:40:12.760695 ALT: 0.75
15:40:12.760916 ACC: [17, 8, 512]
15:40:12.792805 ALT: 0.72
15:40:12.793051 ACC: [16, 8, 512]
15:40:12.824687 ALT: 0.72
15:40:12.824897 ACC: [17, 9, 512]
15:40:12.856687 ALT: 0.72
15:40:12.856892 ACC: [16, 9, 512]
15:40:12.888700 ALT: 0.72
15:40:12.888911 ACC: [16, 8, 513]
15:40:12.920695 ALT: 0.72
15:40:12.920899 ACC: [16, 9, 512]
15:40:12.952746 ALT: 0.75
15:40:12.952972 ACC: [16, 9, 512]
15:40:12.984726 ALT: 0.77
15:40:12.984940 ACC: [16, 8, 513]
15:40:13.016790 ALT: 0.78
15:40:13.017021 ACC: [16, 9, 512]
15:40:13.048736 ALT: 0.78
15:40:13.048949 ACC: [16, 9, 512]
15:40:13.080730 ALT: 0.78
15:40:13.080985 ACC: [16, 7, 512]
15:40:13.112831 ALT: 0.78
15:40:13.113090 ACC: [16, 8, 512]
15:40:13.144750 ALT: 0.78
15:40:13.145063 ACC: [16, 9, 512]
15:40:13.176741 ALT: 0.78
15:40:13.176952 ACC: [16, 8, 512]
15:40:13.208840 ALT: 0.78
15:40:13.209148 ACC: [16, 8, 512]
15:40:13.240754 ALT: 0.78
15:40:13.240992 ACC: [16, 10, 512]
15:40:13.272845 ALT: 0.78
15:40:13.273090 ACC: [16, 9, 513]
15:40:13.304855 ALT: 0.78
15:40:13.305084 ACC: [16, 8, 513]
15:40:13.336767 ALT: 0.78
15:40:13.336971 ACC: [16, 9, 512]
15:40:13.368766 ALT: 0.78
15:40:13.368975 ACC: [16, 9, 512]
15:40:13.400781 ALT: 0.78
15:40:13.400985 ACC: [16, 8, 513]
15:40:13.432823 ALT: 0.78
15:40:13.433034 ACC: [16, 9, 512]
15:40:13.464839 ALT: 0.78
15:40:13.465080 ACC: [16, 9, 512]
15:40:13.496847 ALT: 0.78
15:40:13.497157 ACC: [16, 8, 512]
15:40:13.528868 ALT: 0.78
15:40:13.529168 ACC: [17, 9, 512]
15:40:13.576873 ALT: 0.78
15:40:13.577160 ACC: [16, 9, 513]
15:40:13.608973 ALT: 0.78
15:40:13.609244 ACC: [16, 8, 512]
15:40:13.640877 ALT: 0.78
15:40:13.641116 ACC: [16, 9, 512]
15:40:13.672898 ALT: 0.78
15:40:13.673183 ACC: [16, 9, 513]
15:40:13.704893 ALT: 0.78
15:40:13.705164 ACC: [16, 8, 512]
15:40:13.736923 ALT: 0.78
15:40:13.737182 ACC: [16, 8, 512]
15:40:13.768893 ALT: 0.78
15:40:13.769158 ACC: [16, 9, 512]
15:40:13.800940 ALT: 0.78
15:40:13.801203 ACC: [16, 8, 512]
15:40:13.832955 ALT: 0.78
15:40:13.833205 ACC: [16, 8, 512]
15:40:13.864916 ALT: 0.78
15:40:13.865179 ACC: [16, 9, 512]
15:40:13.896977 ALT: 0.78
15:40:13.897287 ACC: [16, 8, 512]
15:40:13.928956 ALT: 0.78
15:40:13.929235 ACC: [17, 8, 513]
15:40:13.960915 ALT: 0.78
15:40:13.961238 ACC: [16, 9, 512]
15:40:13.992949 ALT: 0.78
15:40:13.993235 ACC: [16, 9, 512]
15:40:14.024974 ALT: 0.82
15:40:14.025275 ACC: [17, 8, 512]
15:40:14.056937 ALT: 0.86
15:40:14.057201 ACC: [16, 8, 512]
15:40:14.088963 ALT: 0.87
15:40:14.089241 ACC: [16, 9, 512]
15:40:14.120960 ALT: 0.84
15:40:14.121222 ACC: [16, 8, 512]
15:40:14.153040 ALT: 0.81
15:40:14.153314 ACC: [16, 8, 512]
15:40:14.184989 ALT: 0.8
15:40:14.185226 ACC: [16, 8, 512]
15:40:14.216901 ALT: 0.83
15:40:14.217117 ACC: [16, 9, 512]
15:40:14.248984 ALT: 0.85
15:40:14.249218 ACC: [16, 9, 512]
15:40:14.280901 ALT: 0.86
15:40:14.281136 ACC: [16, 9, 512]
15:40:14.312901 ALT: 0.84
15:40:14.313115 ACC: [16, 9, 512]
15:40:14.344949 ALT: 0.82
15:40:14.345170 ACC: [16, 8, 512]
15:40:14.376942 ALT: 0.81
15:40:14.377222 ACC: [16, 8, 512]
15:40:14.409033 ALT: 0.8
15:40:14.409306 ACC: [16, 9, 513]
15:40:14.441011 ALT: 0.8
15:40:14.441245 ACC: [16, 9, 512]
15:40:14.472938 ALT: 0.8
15:40:14.473147 ACC: [16, 9, 512]
15:40:14.505067 ALT: 0.8
15:40:14.505366 ACC: [17, 8, 512]
15:40:14.537003 ALT: 0.8
15:40:14.537271 ACC: [16, 8, 512]
15:40:14.569032 ALT: 0.8
15:40:14.569351 ACC: [16, 9, 512]
15:40:14.601052 ALT: 0.8
15:40:14.601302 ACC: [16, 9, 512]
15:40:14.633047 ALT: 0.8
15:40:14.633319 ACC: [16, 8, 512]
15:40:14.665129 ALT: 0.8
15:40:14.665487 ACC: [16, 9, 512]
15:40:14.696985 ALT: 0.8
15:40:14.697223 ACC: [16, 9, 512]
15:40:14.729034 ALT: 0.8
15:40:14.729244 ACC: [16, 9, 512]
15:40:14.761173 ALT: 0.8
15:40:14.761474 ACC: [16, 8, 512]
15:40:14.793085 ALT: 0.8
15:40:14.793336 ACC: [16, 9, 512]
15:40:14.825025 ALT: 0.8
15:40:14.825264 ACC: [16, 8, 512]
15:40:14.857115 ALT: 0.8
15:40:14.857382 ACC: [17, 8, 512]
15:40:14.889058 ALT: 0.8
15:40:14.889296 ACC: [16, 9, 512]
15:40:14.921097 ALT: 0.8
15:40:14.921349 ACC: [16, 9, 512]
15:40:14.953039 ALT: 0.8
15:40:14.953266 ACC: [17, 8, 512]
15:40:14.985426 ALT: 0.8
15:40:14.985745 ACC: [16, 8, 512]
15:40:15.017055 ALT: 0.8
15:40:15.017291 ACC: [16, 8, 512]
15:40:15.049641 ALT: 0.8
15:40:15.049939 ACC: [16, 9, 512]
15:40:15.081217 ALT: 0.8
15:40:15.081519 ACC: [16, 9, 513]
15:40:15.113112 ALT: 0.8
15:40:15.113379 ACC: [16, 8, 512]
15:40:15.145102 ALT: 0.8
15:40:15.145445 ACC: [16, 8, 512]
15:40:15.177205 ALT: 0.8
15:40:15.177596 ACC: [16, 9, 512]
15:40:15.209181 ALT: 0.8
15:40:15.209425 ACC: [16, 9, 512]
15:40:15.241123 ALT: 0.8
15:40:15.241400 ACC: [16, 9, 512]
15:40:15.273321 ALT: 0.8
15:40:15.273572 ACC: [16, 8, 512]
15:40:15.305076 ALT: 0.8
15:40:15.305318 ACC: [16, 9, 512]
15:40:15.337120 ALT: 0.8
15:40:15.337325 ACC: [16, 9, 513]
15:40:15.369276 ALT: 0.8
15:40:15.369624 ACC: [16, 9, 513]
15:40:15.417163 ALT: 0.8
15:40:15.417412 ACC: [16, 8, 512]
15:40:15.449160 ALT: 0.8
15:40:15.449408 ACC: [16, 9, 512]
15:40:15.481165 ALT: 0.8
15:40:15.481502 ACC: [16, 9, 512]
15:40:15.513177 ALT: 0.8
15:40:15.513460 ACC: [16, 8, 512]
15:40:15.545185 ALT: 0.8
15:40:15.545452 ACC: [16, 8, 512]
15:40:15.577178 ALT: 0.8
15:40:15.577452 ACC: [16, 9, 513]
15:40:15.609246 ALT: 0.8
15:40:15.609514 ACC: [16, 8, 512]
15:40:15.641192 ALT: 0.8
15:40:15.641452 ACC: [16, 8, 512]
15:40:15.673208 ALT: 0.8
15:40:15.673468 ACC: [16, 8, 513]
15:40:15.705225 ALT: 0.8
15:40:15.705505 ACC: [16, 8, 513]
15:40:15.737205 ALT: 0.8
15:40:15.737744 ACC: [16, 8, 512]
15:40:15.769277 ALT: 0.8
15:40:15.769592 ACC: [16, 8, 512]
15:40:15.801247 ALT: 0.8
15:40:15.801520 ACC: [16, 8, 512]
15:40:15.833276 ALT: 0.8
15:40:15.833530 ACC: [16, 8, 512]
15:40:15.865236 ALT: 0.8
15:40:15.865487 ACC: [16, 9, 512]
15:40:15.897284 ALT: 0.8
15:40:15.897545 ACC: [16, 9, 512]
15:40:15.929205 ALT: 0.8
15:40:15.929474 ACC: [16, 9, 512]
15:40:15.961209 ALT: 0.8
15:40:15.961522 ACC: [16, 9, 512]
15:40:15.993293 ALT: 0.8
15:40:15.993552 ACC: [16, 8, 513]
15:40:16.025225 ALT: 0.8
15:40:16.025511 ACC: [16, 8, 512]
15:40:16.057259 ALT: 0.8
15:40:16.057530 ACC: [16, 8, 512]
15:40:16.089260 ALT: 0.8
15:40:16.089553 ACC: [16, 8, 512]
15:40:16.121255 ALT: 0.8
15:40:16.121529 ACC: [16, 8, 513]
15:40:16.153355 ALT: 0.8
15:40:16.153709 ACC: [16, 9, 513]
15:40:16.185317 ALT: 0.8
15:40:16.185593 ACC: [17, 9, 512]
15:40:16.217352 ALT: 0.8
15:40:16.217633 ACC: [16, 9, 512]
15:40:16.249384 ALT: 0.8
15:40:16.249657 ACC: [16, 9, 512]
15:40:16.281344 ALT: 0.8
15:40:16.281605 ACC: [16, 8, 512]
15:40:16.313286 ALT: 0.8
15:40:16.313557 ACC: [16, 8, 512]
15:40:16.345535 ALT: 0.8
15:40:16.345808 ACC: [16, 8, 512]
15:40:16.377301 ALT: 0.8
15:40:16.377565 ACC: [16, 9, 512]
15:40:16.409233 ALT: 0.8
15:40:16.409456 ACC: [16, 9, 512]
15:40:16.441331 ALT: 0.8
15:40:16.441623 ACC: [16, 8, 513]
15:40:16.473263 ALT: 0.8
15:40:16.473561 ACC: [16, 8, 512]
15:40:16.505275 ALT: 0.8
15:40:16.505507 ACC: [16, 9, 512]
15:40:16.537340 ALT: 0.8
15:40:16.537607 ACC: [16, 8, 512]
15:40:16.569449 ALT: 0.8
15:40:16.569740 ACC: [16, 8, 512]
15:40:16.601246 ALT: 0.8
15:40:16.601474 ACC: [16, 9, 512]
15:40:16.633358 ALT: 0.8
15:40:16.633636 ACC: [16, 8, 512]
15:40:16.665245 ALT: 0.8
15:40:16.665487 ACC: [16, 8, 512]
15:40:16.697283 ALT: 0.8
15:40:16.697509 ACC: [16, 9, 512]
15:40:16.729274 ALT: 0.8
15:40:16.729500 ACC: [17, 8, 512]
15:40:16.761262 ALT: 0.8
15:40:16.761501 ACC: [16, 9, 512]
15:40:16.793275 ALT: 0.8
15:40:16.793502 ACC: [16, 9, 512]
15:40:16.825249 ALT: 0.8
15:40:16.825453 ACC: [16, 8, 513]
15:40:16.857432 ALT: 0.8
15:40:16.857694 ACC: [17, 8, 512]
15:40:16.889281 ALT: 0.8
15:40:16.889549 ACC: [16, 9, 512]
15:40:16.921290 ALT: 0.8
15:40:16.921526 ACC: [16, 9, 512]
15:40:16.953284 ALT: 0.8
15:40:16.953517 ACC: [16, 8, 512]
15:40:16.985354 ALT: 0.8
15:40:16.985576 ACC: [16, 9, 512]
15:40:17.017310 ALT: 0.8
15:40:17.017540 ACC: [16, 9, 512]
15:40:17.049406 ALT: 0.8
15:40:17.049768 ACC: [16, 8, 512]
15:40:17.081435 ALT: 0.8
15:40:17.081769 ACC: [16, 8, 512]
15:40:17.113435 ALT: 0.8
15:40:17.113770 ACC: [16, 9, 512]
15:40:17.145520 ALT: 0.8
15:40:17.145889 ACC: [16, 8, 512]
15:40:17.177641 ALT: 0.8
15:40:17.178066 ACC: [16, 8, 512]
15:40:17.209442 ALT: 0.8
15:40:17.209715 ACC: [16, 9, 512]
15:40:17.257419 ALT: 0.8
15:40:17.257698 ACC: [17, 8, 513]
15:40:17.289352 ALT: 0.83
15:40:17.289563 ACC: [16, 8, 512]
15:40:17.321360 ALT: 0.85
15:40:17.321570 ACC: [16, 9, 512]
15:40:17.353358 ALT: 0.87
15:40:17.353574 ACC: [16, 8, 512]
15:40:17.385364 ALT: 0.87
15:40:17.385575 ACC: [16, 8, 513]
15:40:17.417382 ALT: 0.87
15:40:17.417596 ACC: [16, 9, 512]
15:40:17.449368 ALT: 0.87
15:40:17.449575 ACC: [16, 8, 512]
15:40:17.481403 ALT: 0.87
15:40:17.481620 ACC: [16, 8, 512]
15:40:17.513383 ALT: 0.87
15:40:17.513595 ACC: [16, 9, 512]
15:40:17.545392 ALT: 0.87
15:40:17.545601 ACC: [16, 8, 512]
15:40:17.577437 ALT: 0.87
15:40:17.577647 ACC: [16, 7, 513]
15:40:17.609406 ALT: 0.87
15:40:17.609623 ACC: [16, 9, 512]
15:40:17.641395 ALT: 0.87
15:40:17.641599 ACC: [16, 9, 512]
15:40:17.673392 ALT: 0.87
15:40:17.673598 ACC: [16, 8, 513]
15:40:17.705448 ALT: 0.82
15:40:17.705665 ACC: [16, 9, 513]
15:40:17.737421 ALT: 0.81
15:40:17.737669 ACC: [16, 9, 512]
15:40:17.769566 ALT: 0.8
15:40:17.769824 ACC: [16, 8, 513]
15:40:17.801428 ALT: 0.8
15:40:17.801647 ACC: [17, 8, 512]
15:40:17.833482 ALT: 0.8
15:40:17.833756 ACC: [16, 8, 512]
15:40:17.865462 ALT: 0.8
15:40:17.865689 ACC: [16, 8, 512]
15:40:17.897498 ALT: 0.8
15:40:17.897744 ACC: [16, 9, 512]
15:40:17.929491 ALT: 0.8
15:40:17.929784 ACC: [16, 9, 512]
15:40:17.961435 ALT: 0.8
15:40:17.961667 ACC: [16, 8, 512]
15:40:17.993524 ALT: 0.8
15:40:17.993733 ACC: [16, 8, 512]
15:40:18.025431 ALT: 0.8
15:40:18.025644 ACC: [16, 8, 512]
15:40:18.057672 ALT: 0.8
15:40:18.058080 ACC: [16, 8, 512]
15:40:18.090129 ALT: 0.8
15:40:18.090756 ACC: [16, 8, 512]
15:40:18.121529 ALT: 0.8
15:40:18.121758 ACC: [16, 8, 513]
15:40:18.153497 ALT: 0.8
15:40:18.153726 ACC: [16, 9, 512]
15:40:18.185518 ALT: 0.8
15:40:18.185770 ACC: [16, 8, 512]
15:40:18.217663 ALT: 0.8
15:40:18.218089 ACC: [16, 9, 513]
15:40:18.249495 ALT: 0.8
15:40:18.249705 ACC: [16, 8, 512]
15:40:18.281481 ALT: 0.8
15:40:18.281697 ACC: [17, 9, 513]
15:40:18.313489 ALT: 0.8
15:40:18.313706 ACC: [16, 8, 513]
15:40:18.345492 ALT: 0.8
15:40:18.345751 ACC: [16, 9, 512]
15:40:18.377503 ALT: 0.8
15:40:18.377731 ACC: [16, 9, 512]
15:40:18.409541 ALT: 0.8
15:40:18.409751 ACC: [17, 8, 512]
15:40:18.441522 ALT: 0.8
15:40:18.441725 ACC: [16, 9, 512]
15:40:18.473501 ALT: 0.8
15:40:18.473707 ACC: [17, 9, 512]
15:40:18.505523 ALT: 0.8
15:40:18.505735 ACC: [16, 8, 512]
15:40:18.537524 ALT: 0.8
15:40:18.537733 ACC: [15, 8, 512]
15:40:18.569531 ALT: 0.8
15:40:18.569738 ACC: [16, 8, 512]
15:40:18.601525 ALT: 0.8
15:40:18.601728 ACC: [18, 9, 512]
15:40:18.633567 ALT: 0.8
15:40:18.633790 ACC: [17, 9, 512]
15:40:18.665575 ALT: 0.8
15:40:18.665795 ACC: [14, 9, 512]
15:40:18.698952 ALT: 0.8
15:40:18.700579 ACC: [15, 9, 512]
15:40:18.729543 ALT: 0.8
15:40:18.729757 ACC: [16, 8, 512]
15:40:18.761560 ALT: 0.8
15:40:18.761753 ACC: [18, 8, 512]
15:40:18.793665 ALT: 0.8
15:40:18.794001 ACC: [18, 9, 512]
15:40:18.825725 ALT: 0.8
15:40:18.826059 ACC: [15, 9, 512]
15:40:18.857685 ALT: 0.76
15:40:18.858014 ACC: [14, 8, 513]
15:40:18.889671 ALT: 0.73
15:40:18.890000 ACC: [17, 8, 513]
15:40:18.921758 ALT: 0.72
15:40:18.922086 ACC: [17, 21, 509]
15:40:18.953715 ALT: 0.75
15:40:18.954051 ACC: [1, 17, 521]
15:40:18.985583 ALT: 0.78
15:40:18.985833 ACC: [12, -8, 516]
15:40:19.017609 ALT: 0.78
15:40:19.017819 ACC: [27, 3, 516]
15:40:19.049758 ALT: 0.78
15:40:19.050111 ACC: [28, 20, 512]
15:40:19.097838 ALT: 0.78
15:40:19.098221 ACC: [17, 9, 513]
15:40:19.129681 ALT: 0.78
15:40:19.130007 ACC: [19, 20, 508]
15:40:19.161765 ALT: 0.78
15:40:19.162316 ACC: [17, 4, 512]
15:40:19.193655 ALT: 0.78
15:40:19.193872 ACC: [6, -6, 514]
15:40:19.225729 ALT: 0.78
15:40:19.226057 ACC: [-17, -5, 517]
15:40:19.257801 ALT: 0.78
15:40:19.258099 ACC: [12, 1, 506]
15:40:19.289892 ALT: 0.78
15:40:19.290274 ACC: [57, 18, 508]
15:40:19.321722 ALT: 0.78
15:40:19.322051 ACC: [40, 13, 511]
15:40:19.353796 ALT: 0.78
15:40:19.354122 ACC: [8, 10, 512]
15:40:19.385754 ALT: 0.78
15:40:19.386088 ACC: [-6, 16, 509]
15:40:19.417576 ALT: 0.78
15:40:19.417771 ACC: [-12, -1, 513]
15:40:19.449824 ALT: 0.78
15:40:19.450102 ACC: [1, -9, 517]
15:40:19.481792 ALT: 0.78
15:40:19.482128 ACC: [30, 12, 512]
15:40:19.513772 ALT: 0.78
15:40:19.514858 ACC: [39, 21, 508]
15:40:19.545795 ALT: 0.78
15:40:19.546132 ACC: [30, 13, 510]
15:40:19.577780 ALT: 0.78
15:40:19.578109 ACC: [15, 2, 514]
15:40:19.609830 ALT: 0.78
15:40:19.610162 ACC: [2, 1, 515]
15:40:19.641736 ALT: 0.78
15:40:19.642083 ACC: [2, 11, 511]
15:40:19.673831 ALT: 0.78
15:40:19.674231 ACC: [18, 13, 510]
15:40:19.705676 ALT: 0.78
15:40:19.706026 ACC: [28, 3, 514]
15:40:19.737706 ALT: 0.78
15:40:19.738010 ACC: [18, 5, 514]
15:40:19.769816 ALT: 0.78
15:40:19.770116 ACC: [9, 12, 511]
15:40:19.801791 ALT: 0.78
15:40:19.802085 ACC: [11, 11, 511]
15:40:19.833833 ALT: 0.78
15:40:19.834075 ACC: [20, 10, 512]
15:40:19.865661 ALT: 0.78
15:40:19.865849 ACC: [22, 9, 513]
15:40:19.897865 ALT: 0.78
15:40:19.898200 ACC: [21, 7, 513]
15:40:19.929768 ALT: 0.78
15:40:19.930120 ACC: [18, 0, 514]
15:40:19.961931 ALT: 0.78
15:40:19.962269 ACC: [16, 8, 514]
15:40:19.993865 ALT: 0.78
15:40:19.994145 ACC: [15, 21, 508]
15:40:20.025771 ALT: 0.78
15:40:20.026068 ACC: [14, 7, 512]
15:40:20.057793 ALT: 0.78
15:40:20.058126 ACC: [13, -4, 517]
15:40:20.089675 ALT: 0.78
15:40:20.089899 ACC: [13, 9, 512]
15:40:20.121750 ALT: 0.78
15:40:20.122041 ACC: [17, 15, 510]
15:40:20.153884 ALT: 0.78
15:40:20.154161 ACC: [20, 10, 513]
15:40:20.185824 ALT: 0.78
