Waiting for MSP_API_VERSION reply...
Waiting for MSP_FC_VARIANT reply...
{'apiVersion': '1.44.0', 'flightControllerIdentifier': 'BTFL', 'flightControllerVersion': '4.3.2', 'version': 0, 'buildInfo': 'Nov 28 2022 07:26:30', 'multiType': 0, 'msp_version': 0, 'capability': 0, 'cycleTime': 312, 'i2cError': 0, 'activeSensors': 35, 'mode': 2, 'profile': 0, 'uid': [3145761, 858867466, 875836466], 'accelerometerTrims': [0, 0], 'name': '', 'displayName': 'BOARD MODULE', 'numProfiles': 3, 'rateProfile': 0, 'boardType': 2, 'armingDisableCount': 26, 'armingDisableFlags': 4, 'armingDisabled': False, 'runawayTakeoffPreventionDisabled': False, 'boardIdentifier': 'S405', 'boardVersion': 0, 'commCapabilities': 55, 'targetName': 'STM32F405', 'boardName': 'SPEEDYBEEF405V3', 'manufacturerId': 'SPBE', 'signature': [0, 0, 0, 0, 0, 0, 0, 0, 0, 0, 0, 0, 0, 0, 0, 0, 0, 0, 0, 0, 0, 0, 0, 0, 0, 0, 0, 0, 0, 0, 0, 0], 'cpuload': 21, 'mcuTypeId': 3, 'mspProtocolVersion': 0, 'flightModeFlags': []}
15:05:29.699030 ALT: 2.94
15:05:29.714876 ALT: 2.94
15:05:29.730909 ALT: 2.94
15:05:29.746861 ALT: 2.94
15:05:29.762867 ALT: 2.94
15:05:29.778945 ALT: 2.94
15:05:29.794852 ALT: 2.94
15:05:29.810869 ALT: 2.94
15:05:29.827328 ALT: 2.94
15:05:29.843190 ALT: 2.94
15:05:29.859984 ALT: 2.94
15:05:29.874969 ALT: 2.94
15:05:29.892422 ALT: 2.94
15:05:29.906972 ALT: 2.94
15:05:29.922977 ALT: 2.94
15:05:29.939443 ALT: 2.94
15:05:29.954949 ALT: 2.94
15:05:29.971664 ALT: 2.98
Easycap format used: ImageFormat(type=<BufType.VIDEO_CAPTURE: 1>, description='YUYV 4:2:2', flags=<ImageFormatFlag.0: 0>, pixel_format=<PixelFormat.YUYV: 1448695129>)
15:05:29.986927 ALT: 3.0
15:05:30.002974 ALT: 3.0
15:05:30.018947 ALT: 3.01
15:05:30.034913 ALT: 3.02
15:05:30.050916 ALT: 3.02
15:05:30.066905 ALT: 3.02
15:05:30.082928 ALT: 3.02
15:05:30.098987 ALT: 3.02
15:05:30.114919 ALT: 3.02
15:05:30.131032 ALT: 3.02
15:05:30.146985 ALT: 3.02
15:05:30.163012 ALT: 3.02
15:05:30.178977 ALT: 3.02
15:05:30.195001 ALT: 3.02
15:05:30.211081 ALT: 3.02
Initialize navigation params:
Delay=0.01, Kp=4.0, Ki=0.0, Kd=0.01
15:05:30.229390 ALT: 3.02
Starting Main workflow
15:05:30.243674 ALT: 3.02
15:05:30.259359 ALT: 3.02
15:05:30.275260 ALT: 3.02
15:05:30.298451 ALT: 3.02
15:05:30.310836 ALT: 3.02
15:05:30.323034 ALT: 3.02
15:05:30.339040 ALT: 3.02
15:05:30.355202 ALT: 3.02
15:05:30.371252 ALT: 3.02
15:05:30.387053 ALT: 3.02
15:05:30.403053 ALT: 3.02
15:05:30.422340 ALT: 3.02
15:05:30.435234 ALT: 3.02
15:05:30.451136 ALT: 3.02
15:05:30.467345 ALT: 3.02
15:05:30.483085 ALT: 3.02
15:05:30.501935 ALT: 3.02
15:05:30.515141 ALT: 3.02
15:05:30.533870 ALT: 3.02
15:05:30.547156 ALT: 3.02
15:05:30.566030 ALT: 3.02
15:05:30.579148 ALT: 3.02
15:05:30.598477 ALT: 3.02
15:05:30.611169 ALT: 3.02
15:05:30.627907 ALT: 3.02
15:05:30.643184 ALT: 3.02
15:05:30.659166 ALT: 3.02
15:05:30.674995 ALT: 3.02
15:05:30.691224 ALT: 3.02
15:05:30.707266 ALT: 3.02
15:05:30.723231 ALT: 3.02
15:05:30.739138 ALT: 3.02
15:05:30.755088 ALT: 3.02
15:05:30.771438 ALT: 3.02
15:05:30.787160 ALT: 3.02
15:05:30.803206 ALT: 3.02
15:05:30.819200 ALT: 3.02
15:05:30.835474 ALT: 3.02
15:05:30.851245 ALT: 3.02
15:05:30.868199 ALT: 3.02
15:05:30.883169 ALT: 3.02
15:05:30.899808 ALT: 3.02
15:05:30.915156 ALT: 3.02
15:05:30.933891 ALT: 3.02
15:05:30.947192 ALT: 3.02
15:05:30.963410 ALT: 3.02
15:05:30.979220 ALT: 3.02
15:05:30.995268 ALT: 3.02
15:05:31.011448 ALT: 3.02
15:05:31.027151 ALT: 3.02
15:05:31.043165 ALT: 3.02
15:05:31.059290 ALT: 3.02
15:05:31.080683 ALT: 3.02
15:05:31.091475 ALT: 3.02
15:05:31.107256 ALT: 3.02
15:05:31.123199 ALT: 3.02
15:05:31.139304 ALT: 3.02
15:05:31.155258 ALT: 3.02
15:05:31.171305 ALT: 3.02
15:05:31.187241 ALT: 3.02
15:05:31.203895 ALT: 3.02
15:05:31.219390 ALT: 3.02
15:05:31.236781 ALT: 3.02
15:05:31.251205 ALT: 3.02
15:05:31.267663 ALT: 3.02
15:05:31.283239 ALT: 3.02
15:05:31.302866 ALT: 3.02
15:05:31.315513 ALT: 3.02
15:05:31.336959 ALT: 3.02
15:05:31.347950 ALT: 3.02
15:05:31.363415 ALT: 3.02
15:05:31.379270 ALT: 3.02
15:05:31.398647 ALT: 3.02
15:05:31.411198 ALT: 3.02
15:05:31.427196 ALT: 3.02
15:05:31.447734 ALT: 3.02
15:05:31.459202 ALT: 3.02
15:05:31.475254 ALT: 3.02
15:05:31.491161 ALT: 3.02
15:05:31.507215 ALT: 3.02
15:05:31.523226 ALT: 3.02
15:05:31.539319 ALT: 3.02
15:05:31.556550 ALT: 3.02
15:05:31.572086 ALT: 3.02
15:05:31.587292 ALT: 3.02
15:05:31.603376 ALT: 3.02
15:05:31.619399 ALT: 3.02
15:05:31.635400 ALT: 3.02
15:05:31.652415 ALT: 3.02
15:05:31.672146 ALT: 3.02
15:05:31.683433 ALT: 3.02
15:05:31.699393 ALT: 3.02
15:05:31.715461 ALT: 3.02
15:05:31.731340 ALT: 3.02
15:05:31.747354 ALT: 3.02
15:05:31.763318 ALT: 3.02
15:05:31.779253 ALT: 3.02
15:05:31.795322 ALT: 3.02
15:05:31.811209 ALT: 3.02
15:05:31.827228 ALT: 3.02
15:05:31.843270 ALT: 3.02
15:05:31.859249 ALT: 3.02
15:05:31.875315 ALT: 3.02
15:05:31.891293 ALT: 3.02
15:05:31.907303 ALT: 3.02
15:05:31.923572 ALT: 3.02
15:05:31.946725 ALT: 3.02
15:05:31.957757 ALT: 3.02
15:05:31.971389 ALT: 3.02
15:05:31.987367 ALT: 3.02
15:05:32.006500 ALT: 3.02
15:05:32.019343 ALT: 3.02
15:05:32.036514 ALT: 3.02
15:05:32.051345 ALT: 3.02
15:05:32.067365 ALT: 3.02
15:05:32.109506 ALT: 3.02
15:05:32.120382 ALT: 3.02
15:05:32.135519 ALT: 3.02
15:05:32.147411 ALT: 3.02
15:05:32.164107 ALT: 3.02
15:05:32.179403 ALT: 3.02
15:05:32.198650 ALT: 3.02
15:05:32.218719 ALT: 3.02
15:05:32.230408 ALT: 3.02
15:05:32.243740 ALT: 3.02
15:05:32.259385 ALT: 3.02
15:05:32.275525 ALT: 3.02
15:05:32.291306 ALT: 3.02
15:05:32.307523 ALT: 3.02
15:05:32.323624 ALT: 3.02
15:05:32.339522 ALT: 3.02
15:05:32.355489 ALT: 3.02
15:05:32.371552 ALT: 3.02
15:05:32.387471 ALT: 3.02
15:05:32.403993 ALT: 3.02
15:05:32.419469 ALT: 3.02
15:05:32.435580 ALT: 3.02
15:05:32.451510 ALT: 3.02
15:05:32.468016 ALT: 3.02
15:05:32.483536 ALT: 3.02
15:05:32.499558 ALT: 3.02
15:05:32.515447 ALT: 3.02
15:05:32.531506 ALT: 3.02
15:05:32.547413 ALT: 3.02
15:05:32.565524 ALT: 3.02
15:05:32.579534 ALT: 3.02
15:05:32.595374 ALT: 3.02
15:05:32.611434 ALT: 3.02
15:05:32.627408 ALT: 3.02
15:05:32.643732 ALT: 3.02
15:05:32.659438 ALT: 3.02
15:05:32.678598 ALT: 3.02
15:05:32.691269 ALT: 3.02
15:05:32.707496 ALT: 3.02
15:05:32.723497 ALT: 3.02
15:05:32.740293 ALT: 3.02
15:05:32.755435 ALT: 3.02
15:05:32.771608 ALT: 3.02
15:05:32.787472 ALT: 3.02
15:05:32.803405 ALT: 3.02
15:05:32.821301 ALT: 3.02
15:05:32.835781 ALT: 3.02
15:05:32.851444 ALT: 3.02
15:05:32.867578 ALT: 3.02
15:05:32.883405 ALT: 3.02
15:05:32.899806 ALT: 3.02
15:05:32.915520 ALT: 3.02
15:05:32.931607 ALT: 3.02
15:05:32.947799 ALT: 3.02
15:05:32.963446 ALT: 3.02
15:05:32.979589 ALT: 3.02
15:05:32.995348 ALT: 3.02
15:05:33.011644 ALT: 3.02
15:05:33.027463 ALT: 3.02
15:05:33.043491 ALT: 3.02
15:05:33.059426 ALT: 3.02
15:05:33.075611 ALT: 3.02
15:05:33.091494 ALT: 3.02
15:05:33.107516 ALT: 3.02
15:05:33.123574 ALT: 3.02
15:05:33.139495 ALT: 3.02
15:05:33.155505 ALT: 3.02
15:05:33.171567 ALT: 3.02
15:05:33.187395 ALT: 3.02
15:05:33.203419 ALT: 3.02
15:05:33.220357 ALT: 3.02
15:05:33.238249 ALT: 3.02
15:05:33.251744 ALT: 3.02
15:05:33.268359 ALT: 3.02
15:05:33.286284 ALT: 3.02
15:05:33.299977 ALT: 3.02
15:05:33.318580 ALT: 3.02
15:05:33.336096 ALT: 3.02
15:05:33.350509 ALT: 3.02
15:05:33.363516 ALT: 3.02
15:05:33.381783 ALT: 3.02
15:05:33.398323 ALT: 3.02
15:05:33.415804 ALT: 3.02
15:05:33.427520 ALT: 3.02
15:05:33.443455 ALT: 3.02
15:05:33.459716 ALT: 3.02
15:05:33.475629 ALT: 3.02
15:05:33.492136 ALT: 3.02
15:05:33.508154 ALT: 3.02
15:05:33.523569 ALT: 3.02
15:05:33.539733 ALT: 3.02
15:05:33.555537 ALT: 3.02
15:05:33.574456 ALT: 3.02
15:05:33.587698 ALT: 3.02
15:05:33.603829 ALT: 3.02
15:05:33.619648 ALT: 3.02
15:05:33.638194 ALT: 3.02
15:05:33.651793 ALT: 3.02
15:05:33.669926 ALT: 3.02
15:05:33.684493 ALT: 3.02
15:05:33.701990 ALT: 3.02
15:05:33.715553 ALT: 3.02
15:05:33.733583 ALT: 3.02
15:05:33.748556 ALT: 3.02
15:05:33.763596 ALT: 3.02
15:05:33.783196 ALT: 3.02
15:05:33.795698 ALT: 3.02
15:05:33.814664 ALT: 3.02
15:05:33.827692 ALT: 3.02
15:05:33.844582 ALT: 3.02
15:05:33.859686 ALT: 3.02
15:05:33.877258 ALT: 3.02
15:05:33.891546 ALT: 3.02
15:05:33.909176 ALT: 3.02
15:05:33.926573 ALT: 3.02
15:05:33.939620 ALT: 3.02
15:05:33.955606 ALT: 3.02
15:05:33.974874 ALT: 3.02
15:05:33.987679 ALT: 3.02
15:05:34.006839 ALT: 3.02
15:05:34.019613 ALT: 3.02
15:05:34.042221 ALT: 3.02
15:05:34.054335 ALT: 3.02
15:05:34.067833 ALT: 3.02
15:05:34.083654 ALT: 3.02
15:05:34.099710 ALT: 3.02
15:05:34.115663 ALT: 3.02
15:05:34.131530 ALT: 3.02
15:05:34.148040 ALT: 3.02
15:05:34.163588 ALT: 3.02
15:05:34.180385 ALT: 3.02
15:05:34.195716 ALT: 3.02
15:05:34.212374 ALT: 3.02
15:05:34.227808 ALT: 3.02
15:05:34.243702 ALT: 3.02
15:05:34.260220 ALT: 3.02
15:05:34.275669 ALT: 3.02
15:05:34.291577 ALT: 3.02
15:05:34.307691 ALT: 3.02
15:05:34.324232 ALT: 3.02
15:05:34.339690 ALT: 3.02
15:05:34.356491 ALT: 3.02
15:05:34.373310 ALT: 3.02
15:05:34.387676 ALT: 3.02
15:05:34.403719 ALT: 3.02
15:05:34.425808 ALT: 3.02
15:05:34.437449 ALT: 3.02
15:05:34.451592 ALT: 3.02
15:05:34.470187 ALT: 3.02
15:05:34.483651 ALT: 3.02
15:05:34.502170 ALT: 3.02
15:05:34.515747 ALT: 3.02
15:05:34.531657 ALT: 3.02
15:05:34.547832 ALT: 3.02
15:05:34.563555 ALT: 3.02
15:05:34.579866 ALT: 3.02
15:05:34.595590 ALT: 3.02
15:05:34.611733 ALT: 3.02
15:05:34.627651 ALT: 3.02
15:05:34.643636 ALT: 3.02
15:05:34.659715 ALT: 3.02
15:05:34.675699 ALT: 3.02
15:05:34.691714 ALT: 3.02
15:05:34.707800 ALT: 3.02
15:05:34.723725 ALT: 3.02
15:05:34.739930 ALT: 3.02
15:05:34.756286 ALT: 3.02
15:05:34.771908 ALT: 3.02
15:05:34.787631 ALT: 3.02
15:05:34.803873 ALT: 3.02
15:05:34.819799 ALT: 3.02
15:05:34.851768 ALT: 3.02
15:05:34.867786 ALT: 3.02
15:05:34.883910 ALT: 3.02
15:05:34.899746 ALT: 3.02
15:05:34.915693 ALT: 3.02
15:05:34.931704 ALT: 3.02
15:05:34.947757 ALT: 3.02
15:05:34.963853 ALT: 3.02
15:05:34.980638 ALT: 3.02
15:05:34.995945 ALT: 3.02
15:05:35.011765 ALT: 3.02
15:05:35.027781 ALT: 3.02
15:05:35.043789 ALT: 3.02
15:05:35.059716 ALT: 3.02
15:05:35.075764 ALT: 3.02
15:05:35.091988 ALT: 3.02
15:05:35.109192 ALT: 3.02
15:05:35.123897 ALT: 3.02
15:05:35.139870 ALT: 3.02
15:05:35.155792 ALT: 3.02
15:05:35.171840 ALT: 3.02
15:05:35.189158 ALT: 3.02
15:05:35.203789 ALT: 3.02
15:05:35.220891 ALT: 3.02
15:05:35.236364 ALT: 3.06
15:05:35.253381 ALT: 3.06
15:05:35.267875 ALT: 3.06
15:05:35.287018 ALT: 3.08
15:05:35.299839 ALT: 3.08
15:05:35.316978 ALT: 3.08
15:05:35.334563 ALT: 3.1
15:05:35.348010 ALT: 3.11
15:05:35.363638 ALT: 3.11
15:05:35.380427 ALT: 3.11
15:05:35.395782 ALT: 3.11
15:05:35.411770 ALT: 3.11
15:05:35.427751 ALT: 3.11
15:05:35.444683 ALT: 3.11
15:05:35.459863 ALT: 3.11
15:05:35.475998 ALT: 3.11
15:05:35.491848 ALT: 3.11
15:05:35.507857 ALT: 3.11
15:05:35.523822 ALT: 3.11
15:05:35.540035 ALT: 3.11
15:05:35.556885 ALT: 3.11
15:05:35.572112 ALT: 3.11
15:05:35.587850 ALT: 3.11
15:05:35.604032 ALT: 3.11
15:05:35.620009 ALT: 3.11
15:05:35.635964 ALT: 3.11
15:05:35.651900 ALT: 3.11
15:05:35.667925 ALT: 3.11
15:05:35.684742 ALT: 3.11
15:05:35.700043 ALT: 3.11
15:05:35.715930 ALT: 3.11
15:05:35.731790 ALT: 3.11
15:05:35.754684 ALT: 3.11
15:05:35.766000 ALT: 3.11
15:05:35.780079 ALT: 3.11
15:05:35.801050 ALT: 3.11
15:05:35.815551 ALT: 3.11
15:05:35.828061 ALT: 3.11
15:05:35.846764 ALT: 3.11
15:05:35.861066 ALT: 3.11
15:05:35.877308 ALT: 3.11
15:05:35.892132 ALT: 3.11
15:05:35.908694 ALT: 3.11
15:05:35.924594 ALT: 3.11
15:05:35.940597 ALT: 3.11
15:05:35.956244 ALT: 3.11
15:05:35.972957 ALT: 3.11
15:05:35.987986 ALT: 3.11
15:05:36.004906 ALT: 3.11
15:05:36.022257 ALT: 3.11
15:05:36.037529 ALT: 3.11
15:05:36.051922 ALT: 3.11
15:05:36.067873 ALT: 3.11
15:05:36.084180 ALT: 3.11
15:05:36.099868 ALT: 3.11
15:05:36.115983 ALT: 3.11
15:05:36.131760 ALT: 3.11
15:05:36.147965 ALT: 3.11
15:05:36.163803 ALT: 3.11
15:05:36.180237 ALT: 3.11
15:05:36.195958 ALT: 3.11
15:05:36.213117 ALT: 3.11
15:05:36.228340 ALT: 3.11
15:05:36.243924 ALT: 3.11
15:05:36.260199 ALT: 3.11
15:05:36.275975 ALT: 3.11
15:05:36.291996 ALT: 3.11
15:05:36.308154 ALT: 3.11
15:05:36.324202 ALT: 3.11
15:05:36.341079 ALT: 3.11
15:05:36.355985 ALT: 3.11
15:05:36.372359 ALT: 3.11
15:05:36.388041 ALT: 3.11
15:05:36.404010 ALT: 3.11
15:05:36.419901 ALT: 3.11
15:05:36.436113 ALT: 3.11
15:05:36.451917 ALT: 3.11
15:05:36.468066 ALT: 3.11
15:05:36.483973 ALT: 3.11
15:05:36.500136 ALT: 3.11
15:05:36.515984 ALT: 3.11
15:05:36.531869 ALT: 3.11
15:05:36.548012 ALT: 3.11
15:05:36.563911 ALT: 3.11
15:05:36.580622 ALT: 3.11
15:05:36.595956 ALT: 3.11
15:05:36.611970 ALT: 3.11
15:05:36.627989 ALT: 3.11
15:05:36.647336 ALT: 3.11
15:05:36.659901 ALT: 3.11
15:05:36.675983 ALT: 3.11
15:05:36.692306 ALT: 3.11
15:05:36.708195 ALT: 3.11
15:05:36.723970 ALT: 3.11
15:05:36.740882 ALT: 3.11
15:05:36.755992 ALT: 3.11
15:05:36.772313 ALT: 3.11
15:05:36.788011 ALT: 3.11
15:05:36.805695 ALT: 3.11
15:05:36.819926 ALT: 3.11
15:05:36.836012 ALT: 3.11
15:05:36.851897 ALT: 3.11
15:05:36.868020 ALT: 3.11
15:05:36.884097 ALT: 3.11
15:05:36.899860 ALT: 3.11
15:05:36.916045 ALT: 3.11
15:05:36.931876 ALT: 3.11
15:05:36.948124 ALT: 3.11
15:05:36.963978 ALT: 3.11
15:05:36.980424 ALT: 3.15
15:05:36.996015 ALT: 3.15
15:05:37.012082 ALT: 3.17
15:05:37.028088 ALT: 3.18
15:05:37.044172 ALT: 3.18
15:05:37.060000 ALT: 3.18
15:05:37.076054 ALT: 3.18
15:05:37.091982 ALT: 3.19
15:05:37.109558 ALT: 3.19
15:05:37.124141 ALT: 3.19
15:05:37.140254 ALT: 3.19
15:05:37.155988 ALT: 3.19
15:05:37.174135 ALT: 3.19
15:05:37.188089 ALT: 3.19
15:05:37.204123 ALT: 3.19
15:05:37.220246 ALT: 3.19
15:05:37.236278 ALT: 3.19
15:05:37.253069 ALT: 3.19
15:05:37.268150 ALT: 3.19
15:05:37.284197 ALT: 3.19
15:05:37.300117 ALT: 3.19
15:05:37.316122 ALT: 3.19
15:05:37.331940 ALT: 3.19
15:05:37.348708 ALT: 3.19
15:05:37.364162 ALT: 3.19
15:05:37.380689 ALT: 3.19
15:05:37.396190 ALT: 3.19
15:05:37.412323 ALT: 3.19
15:05:37.428142 ALT: 3.19
15:05:37.444173 ALT: 3.19
15:05:37.460182 ALT: 3.19
15:05:37.478487 ALT: 3.19
15:05:37.492202 ALT: 3.19
15:05:37.509962 ALT: 3.19
15:05:37.547917 ALT: 3.19
15:05:37.558617 ALT: 3.19
15:05:37.572204 ALT: 3.19
15:05:37.588264 ALT: 3.19
15:05:37.605183 ALT: 3.19
15:05:37.620217 ALT: 3.19
15:05:37.639154 ALT: 3.19
15:05:37.652135 ALT: 3.19
15:05:37.668387 ALT: 3.19
15:05:37.684209 ALT: 3.19
15:05:37.700145 ALT: 3.19
15:05:37.716294 ALT: 3.19
15:05:37.732027 ALT: 3.19
15:05:37.748190 ALT: 3.19
15:05:37.764259 ALT: 3.19
15:05:37.780267 ALT: 3.19
15:05:37.796190 ALT: 3.19
15:05:37.812968 ALT: 3.19
15:05:37.828242 ALT: 3.19
15:05:37.844167 ALT: 3.19
15:05:37.860186 ALT: 3.19
15:05:37.876155 ALT: 3.19
15:05:37.892075 ALT: 3.19
15:05:37.908419 ALT: 3.19
15:05:37.924171 ALT: 3.19
15:05:37.940398 ALT: 3.19
15:05:37.956190 ALT: 3.19
15:05:37.972374 ALT: 3.19
15:05:37.988153 ALT: 3.19
15:05:38.004198 ALT: 3.19
15:05:38.020199 ALT: 3.19
15:05:38.036197 ALT: 3.19
15:05:38.052116 ALT: 3.19
15:05:38.068219 ALT: 3.19
15:05:38.084234 ALT: 3.19
15:05:38.100072 ALT: 3.19
15:05:38.116347 ALT: 3.19
15:05:38.132032 ALT: 3.19
15:05:38.148417 ALT: 3.19
15:05:38.164380 ALT: 3.19
15:05:38.180625 ALT: 3.19
15:05:38.196397 ALT: 3.19
15:05:38.212228 ALT: 3.19
15:05:38.228200 ALT: 3.19
15:05:38.244362 ALT: 3.19
15:05:38.260203 ALT: 3.23
15:05:38.276484 ALT: 3.23
15:05:38.292162 ALT: 3.23
15:05:38.308491 ALT: 3.25
15:05:38.324321 ALT: 3.25
15:05:38.340403 ALT: 3.26
15:05:38.356258 ALT: 3.27
15:05:38.372335 ALT: 3.27
15:05:38.388237 ALT: 3.27
15:05:38.404324 ALT: 3.27
15:05:38.420306 ALT: 3.27
15:05:38.436243 ALT: 3.27
15:05:38.452160 ALT: 3.27
15:05:38.468218 ALT: 3.27
15:05:38.484332 ALT: 3.27
15:05:38.500234 ALT: 3.27
15:05:38.516279 ALT: 3.27
15:05:38.532154 ALT: 3.27
15:05:38.548431 ALT: 3.27
15:05:38.570809 ALT: 3.27
15:05:38.581751 ALT: 3.27
15:05:38.596524 ALT: 3.27
15:05:38.612345 ALT: 3.27
15:05:38.628364 ALT: 3.27
15:05:38.644474 ALT: 3.27
15:05:38.660390 ALT: 3.27
15:05:38.678322 ALT: 3.27
15:05:38.692364 ALT: 3.27
15:05:38.709916 ALT: 3.27
15:05:38.724351 ALT: 3.27
15:05:38.742004 ALT: 3.27
15:05:38.756420 ALT: 3.27
15:05:38.772481 ALT: 3.27
15:05:38.788384 ALT: 3.27
15:05:38.806982 ALT: 3.27
15:05:38.820466 ALT: 3.27
15:05:38.841658 ALT: 3.27
15:05:38.852643 ALT: 3.27
15:05:38.868287 ALT: 3.27
15:05:38.884310 ALT: 3.27
15:05:38.900247 ALT: 3.27
15:05:38.916441 ALT: 3.27
15:05:38.932260 ALT: 3.27
15:05:38.948354 ALT: 3.27
15:05:38.964469 ALT: 3.27
15:05:38.980457 ALT: 3.27
15:05:38.996347 ALT: 3.27
15:05:39.012769 ALT: 3.27
15:05:39.028358 ALT: 3.27
15:05:39.044361 ALT: 3.27
15:05:39.060387 ALT: 3.27
15:05:39.076500 ALT: 3.27
15:05:39.092248 ALT: 3.27
15:05:39.109364 ALT: 3.27
15:05:39.124373 ALT: 3.27
15:05:39.140626 ALT: 3.27
15:05:39.156758 ALT: 3.27
15:05:39.172459 ALT: 3.27
15:05:39.188405 ALT: 3.27
15:05:39.204503 ALT: 3.27
15:05:39.220385 ALT: 3.27
15:05:39.236461 ALT: 3.27
15:05:39.252481 ALT: 3.27
15:05:39.268308 ALT: 3.27
15:05:39.284632 ALT: 3.27
15:05:39.300347 ALT: 3.27
15:05:39.316422 ALT: 3.27
15:05:39.332324 ALT: 3.27
15:05:39.348405 ALT: 3.27
15:05:39.364456 ALT: 3.27
15:05:39.380618 ALT: 3.27
15:05:39.396510 ALT: 3.27
15:05:39.414401 ALT: 3.27
15:05:39.428491 ALT: 3.27
15:05:39.444551 ALT: 3.27
15:05:39.460467 ALT: 3.27
15:05:39.476610 ALT: 3.27
15:05:39.492461 ALT: 3.27
15:05:39.508783 ALT: 3.27
15:05:39.524488 ALT: 3.27
15:05:39.541576 ALT: 3.27
15:05:39.556488 ALT: 3.27
15:05:39.572399 ALT: 3.27
15:05:39.588491 ALT: 3.27
15:05:39.606853 ALT: 3.27
15:05:39.620338 ALT: 3.27
15:05:39.636429 ALT: 3.27
15:05:39.652480 ALT: 3.27
15:05:39.668394 ALT: 3.27
15:05:39.684409 ALT: 3.27
15:05:39.700397 ALT: 3.27
15:05:39.716491 ALT: 3.27
15:05:39.732469 ALT: 3.27
15:05:39.748844 ALT: 3.27
15:05:39.764439 ALT: 3.27
15:05:39.781022 ALT: 3.27
15:05:39.796495 ALT: 3.27
15:05:39.813489 ALT: 3.27
15:05:39.828525 ALT: 3.27
15:05:39.844938 ALT: 3.27
15:05:39.860526 ALT: 3.27
15:05:39.877740 ALT: 3.27
15:05:39.892505 ALT: 3.27
15:05:39.910640 ALT: 3.27
15:05:39.924467 ALT: 3.27
15:05:39.943132 ALT: 3.27
15:05:39.956518 ALT: 3.27
15:05:39.974976 ALT: 3.27
15:05:39.988539 ALT: 3.27
15:05:40.004614 ALT: 3.27
15:05:40.020586 ALT: 3.27
15:05:40.036686 ALT: 3.27
15:05:40.052526 ALT: 3.27
15:05:40.068440 ALT: 3.27
15:05:40.084713 ALT: 3.27
15:05:40.100522 ALT: 3.27
15:05:40.116628 ALT: 3.27
15:05:40.132609 ALT: 3.27
15:05:40.149215 ALT: 3.27
15:05:40.164659 ALT: 3.27
15:05:40.180677 ALT: 3.27
15:05:40.196606 ALT: 3.27
15:05:40.212733 ALT: 3.27
15:05:40.228574 ALT: 3.27
15:05:40.244942 ALT: 3.27
15:05:40.260587 ALT: 3.27
15:05:40.278210 ALT: 3.27
15:05:40.292555 ALT: 3.27
15:05:40.308706 ALT: 3.27
15:05:40.340607 ALT: 3.27
15:05:40.357251 ALT: 3.27
15:05:40.375340 ALT: 3.27
15:05:40.388632 ALT: 3.27
15:05:40.404666 ALT: 3.27
15:05:40.420586 ALT: 3.27
15:05:40.436570 ALT: 3.27
15:05:40.452759 ALT: 3.27
15:05:40.468547 ALT: 3.27
15:05:40.484660 ALT: 3.27
15:05:40.500505 ALT: 3.27
15:05:40.516660 ALT: 3.27
15:05:40.532572 ALT: 3.27
15:05:40.549654 ALT: 3.27
15:05:40.564652 ALT: 3.27
15:05:40.580827 ALT: 3.27
15:05:40.596684 ALT: 3.27
15:05:40.614058 ALT: 3.27
15:05:40.628676 ALT: 3.27
15:05:40.644724 ALT: 3.27
15:05:40.660629 ALT: 3.27
15:05:40.676784 ALT: 3.27
15:05:40.692657 ALT: 3.27
15:05:40.708769 ALT: 3.27
15:05:40.724657 ALT: 3.27
15:05:40.742627 ALT: 3.27
15:05:40.756657 ALT: 3.27
15:05:40.772693 ALT: 3.27
15:05:40.788720 ALT: 3.27
15:05:40.804632 ALT: 3.27
15:05:40.820633 ALT: 3.27
15:05:40.836578 ALT: 3.27
15:05:40.852650 ALT: 3.27
15:05:40.868691 ALT: 3.27
15:05:40.884689 ALT: 3.27
15:05:40.900662 ALT: 3.27
15:05:40.916692 ALT: 3.27
15:05:40.932679 ALT: 3.27
15:05:40.949940 ALT: 3.27
15:05:40.964705 ALT: 3.27
15:05:40.982244 ALT: 3.27
15:05:40.997482 ALT: 3.27
15:05:41.012831 ALT: 3.27
15:05:41.028836 ALT: 3.27
15:05:41.044954 ALT: 3.27
15:05:41.060762 ALT: 3.27
15:05:41.080046 ALT: 3.27
15:05:41.092679 ALT: 3.27
15:05:41.110716 ALT: 3.27
15:05:41.124722 ALT: 3.27
15:05:41.140693 ALT: 3.27
15:05:41.157389 ALT: 3.27
15:05:41.172682 ALT: 3.27
15:05:41.188735 ALT: 3.27
15:05:41.206632 ALT: 3.27
15:05:41.220764 ALT: 3.27
15:05:41.236700 ALT: 3.27
15:05:41.252767 ALT: 3.27
15:05:41.268658 ALT: 3.27
15:05:41.284952 ALT: 3.27
15:05:41.300749 ALT: 3.27
15:05:41.316758 ALT: 3.27
15:05:41.332731 ALT: 3.27
15:05:41.349425 ALT: 3.27
15:05:41.364708 ALT: 3.27
15:05:41.381825 ALT: 3.27
15:05:41.396736 ALT: 3.27
15:05:41.414028 ALT: 3.31
15:05:41.428747 ALT: 3.33
15:05:41.450204 ALT: 3.33
15:05:41.460901 ALT: 3.35
15:05:41.476884 ALT: 3.35
15:05:41.492919 ALT: 3.36
15:05:41.508891 ALT: 3.36
15:05:41.524706 ALT: 3.36
15:05:41.541163 ALT: 3.36
15:05:41.556784 ALT: 3.36
15:05:41.572737 ALT: 3.36
15:05:41.588775 ALT: 3.36
15:05:41.604727 ALT: 3.36
15:05:41.620818 ALT: 3.36
15:05:41.637032 ALT: 3.36
15:05:41.652874 ALT: 3.36
15:05:41.668824 ALT: 3.36
15:05:41.685139 ALT: 3.36
15:05:41.700864 ALT: 3.36
15:05:41.716868 ALT: 3.36
15:05:41.732769 ALT: 3.36
15:05:41.749383 ALT: 3.36
15:05:41.764817 ALT: 3.36
15:05:41.781752 ALT: 3.36
15:05:41.796853 ALT: 3.36
15:05:41.813101 ALT: 3.36
15:05:41.828823 ALT: 3.36
15:05:41.844969 ALT: 3.36
15:05:41.860847 ALT: 3.36
15:05:41.876955 ALT: 3.36
15:05:41.892818 ALT: 3.36
15:05:41.908945 ALT: 3.36
15:05:41.924775 ALT: 3.36
15:05:41.940836 ALT: 3.36
15:05:41.956936 ALT: 3.36
15:05:41.972952 ALT: 3.36
15:05:41.988845 ALT: 3.36
15:05:42.004829 ALT: 3.36
15:05:42.020874 ALT: 3.36
15:05:42.036812 ALT: 3.36
15:05:42.052955 ALT: 3.36
15:05:42.068787 ALT: 3.36
15:05:42.084728 ALT: 3.36
15:05:42.100945 ALT: 3.36
15:05:42.117836 ALT: 3.36
15:05:42.132863 ALT: 3.36
15:05:42.149969 ALT: 3.36
15:05:42.164776 ALT: 3.36
15:05:42.182252 ALT: 3.36
15:05:42.196935 ALT: 3.36
15:05:42.213114 ALT: 3.36
15:05:42.228873 ALT: 3.36
15:05:42.245222 ALT: 3.36
15:05:42.260820 ALT: 3.36
15:05:42.283865 ALT: 3.36
15:05:42.294640 ALT: 3.36
15:05:42.311171 ALT: 3.36
15:05:42.324851 ALT: 3.36
15:05:42.340917 ALT: 3.36
15:05:42.356910 ALT: 3.36
15:05:42.372865 ALT: 3.36
15:05:42.388933 ALT: 3.36
15:05:42.404849 ALT: 3.36
15:05:42.420973 ALT: 3.36
15:05:42.436780 ALT: 3.36
15:05:42.452972 ALT: 3.36
15:05:42.468936 ALT: 3.33
15:05:42.484838 ALT: 3.31
15:05:42.500901 ALT: 3.31
15:05:42.516966 ALT: 3.3
15:05:42.532908 ALT: 3.29
15:05:42.549335 ALT: 3.29
15:05:42.564802 ALT: 3.29
15:05:42.581242 ALT: 3.29
15:05:42.597046 ALT: 3.29
15:05:42.613020 ALT: 3.32
15:05:42.628992 ALT: 3.32
15:05:42.645202 ALT: 3.34
15:05:42.660925 ALT: 856.13
15:05:42.677975 ALT: 858.69
15:05:42.693135 ALT: 3.36
15:05:42.708956 ALT: 3.36
15:05:42.724853 ALT: 3.36
15:05:42.740971 ALT: 3.36
15:05:42.757046 ALT: 3.36
15:05:42.773262 ALT: 3.36
15:05:42.788983 ALT: 3.36
15:05:42.804809 ALT: 3.36
15:05:42.820948 ALT: 3.36
15:05:42.836922 ALT: 3.36
15:05:42.852892 ALT: 3.36
15:05:42.868931 ALT: 3.36
15:05:42.884871 ALT: 3.36
15:05:42.900973 ALT: 3.36
15:05:42.918036 ALT: 3.36
15:05:42.933004 ALT: 3.36
15:05:42.949257 ALT: 3.36
15:05:42.964887 ALT: 3.36
15:05:42.981108 ALT: 3.36
15:05:42.997024 ALT: 3.36
15:05:43.013221 ALT: 3.36
15:05:43.029039 ALT: 3.36
15:05:43.045075 ALT: 3.36
15:05:43.061009 ALT: 3.36
15:05:43.092997 ALT: 3.36
15:05:43.108967 ALT: 3.36
15:05:43.124949 ALT: 3.36
15:05:43.141085 ALT: 3.36
15:05:43.157670 ALT: 3.36
15:05:43.173008 ALT: 3.36
15:05:43.189045 ALT: 3.36
15:05:43.204850 ALT: 3.36
15:05:43.222357 ALT: 3.36
15:05:43.236948 ALT: 3.36
15:05:43.252953 ALT: 3.36
15:05:43.269059 ALT: 3.36
15:05:43.285643 ALT: 3.36
15:05:43.301095 ALT: 3.36
15:05:43.318258 ALT: 3.36
15:05:43.333048 ALT: 3.36
15:05:43.349323 ALT: 3.36
15:05:43.364953 ALT: 3.36
15:05:43.381236 ALT: 3.36
15:05:43.397217 ALT: 3.36
15:05:43.413217 ALT: 3.36
15:05:43.429104 ALT: 3.36
15:05:43.445232 ALT: 3.36
15:05:43.461152 ALT: 3.36
15:05:43.477144 ALT: 3.36
15:05:43.493117 ALT: 3.36
15:05:43.509127 ALT: 3.36
15:05:43.525033 ALT: 3.36
15:05:43.541157 ALT: 3.36
15:05:43.557110 ALT: 3.36
15:05:43.572994 ALT: 3.36
15:05:43.589156 ALT: 3.36
15:05:43.604876 ALT: 3.36
15:05:43.621043 ALT: 3.36
15:05:43.637041 ALT: 3.36
15:05:43.653019 ALT: 3.36
15:05:43.669076 ALT: 3.36
15:05:43.685284 ALT: 3.36
15:05:43.701114 ALT: 3.36
15:05:43.717931 ALT: 3.36
15:05:43.733105 ALT: 3.36
15:05:43.749791 ALT: 3.36
15:05:43.764993 ALT: 3.36
15:05:43.781249 ALT: 3.36
15:05:43.797130 ALT: 3.36
15:05:43.813319 ALT: 3.36
15:05:43.829243 ALT: 3.36
15:05:43.845193 ALT: 3.36
15:05:43.861146 ALT: 3.36
15:05:43.879403 ALT: 3.36
15:05:43.893086 ALT: 3.36
15:05:43.909180 ALT: 3.36
15:05:43.925064 ALT: 3.36
15:05:43.941122 ALT: 3.36
15:05:43.957181 ALT: 3.36
15:05:43.973039 ALT: 3.36
15:05:43.989186 ALT: 3.36
15:05:44.005052 ALT: 3.36
15:05:44.021143 ALT: 3.36
15:05:44.037157 ALT: 3.36
15:05:44.053141 ALT: 3.36
15:05:44.069207 ALT: 3.36
15:05:44.085440 ALT: 3.36
15:05:44.101193 ALT: 3.36
15:05:44.117269 ALT: 3.36
15:05:44.133191 ALT: 3.36
15:05:44.149512 ALT: 3.36
15:05:44.165086 ALT: 3.36
15:05:44.181419 ALT: 3.36
15:05:44.197240 ALT: 3.36
15:05:44.213357 ALT: 3.36
15:05:44.229167 ALT: 3.4
15:05:44.247074 ALT: 3.4
15:05:44.261419 ALT: 3.4
15:05:44.277194 ALT: 3.42
15:05:44.293248 ALT: 3.44
15:05:44.309279 ALT: 3.44
15:05:44.325102 ALT: 3.45
15:05:44.341277 ALT: 3.45
15:05:44.357893 ALT: 3.45
15:05:44.373107 ALT: 3.45
15:05:44.389198 ALT: 3.45
15:05:44.405059 ALT: 3.45
15:05:44.421179 ALT: 3.45
15:05:44.437250 ALT: 3.45
15:05:44.453231 ALT: 3.45
15:05:44.469273 ALT: 3.45
15:05:44.485746 ALT: 3.45
15:05:44.501217 ALT: 3.45
15:05:44.517579 ALT: 3.45
15:05:44.533218 ALT: 3.45
15:05:44.549606 ALT: 3.45
15:05:44.565175 ALT: 3.45
15:05:44.581463 ALT: 3.45
15:05:44.597242 ALT: 3.45
15:05:44.613444 ALT: 3.45
15:05:44.629245 ALT: 3.45
15:05:44.652904 ALT: 3.45
15:05:44.678585 ALT: 3.45
15:05:44.693127 ALT: 3.45
15:05:44.709307 ALT: 3.45
15:05:44.725151 ALT: 3.45
15:05:44.741379 ALT: 3.45
15:05:44.757377 ALT: 3.45
15:05:44.773232 ALT: 3.45
15:05:44.789246 ALT: 3.45
15:05:44.805025 ALT: 3.45
15:05:44.821128 ALT: 3.45
15:05:44.837155 ALT: 3.45
15:05:44.853240 ALT: 3.45
15:05:44.869294 ALT: 3.45
15:05:44.885170 ALT: 3.45
15:05:44.901232 ALT: 3.45
15:05:44.917254 ALT: 3.45
15:05:44.933202 ALT: 3.45
15:05:44.949731 ALT: 3.45
15:05:44.965160 ALT: 3.45
15:05:44.981379 ALT: 3.45
15:05:44.997464 ALT: 3.45
15:05:45.013482 ALT: 3.45
15:05:45.029222 ALT: 3.45
15:05:45.045170 ALT: 3.45
15:05:45.061214 ALT: 3.45
15:05:45.078995 ALT: 3.45
15:05:45.093316 ALT: 3.45
15:05:45.109550 ALT: 3.45
15:05:45.125177 ALT: 3.45
15:05:45.141135 ALT: 3.45
15:05:45.157233 ALT: 3.45
15:05:45.173164 ALT: 3.49
15:05:45.189187 ALT: 3.51
15:05:45.205123 ALT: 3.51
15:05:45.221288 ALT: 3.51
15:05:45.237319 ALT: 3.51
15:05:45.253236 ALT: 3.52
15:05:45.269213 ALT: 3.52
15:05:45.285464 ALT: 3.53
15:05:45.301168 ALT: 3.53
15:05:45.317416 ALT: 3.53
15:05:45.333245 ALT: 3.53
15:05:45.349742 ALT: 3.53
15:05:45.365266 ALT: 3.53
15:05:45.381404 ALT: 3.53
15:05:45.397360 ALT: 3.53
15:05:45.413378 ALT: 3.53
15:05:45.429290 ALT: 3.53
15:05:45.448424 ALT: 3.53
15:05:45.464325 ALT: 3.53
15:05:45.480392 ALT: 3.53
15:05:45.493375 ALT: 3.53
15:05:45.509749 ALT: 3.53
15:05:45.525937 ALT: 3.53
15:05:45.541318 ALT: 3.53
15:05:45.557379 ALT: 3.53
15:05:45.575942 ALT: 3.53
15:05:45.590273 ALT: 3.53
15:05:45.605436 ALT: 3.53
15:05:45.621508 ALT: 3.53
15:05:45.637390 ALT: 3.53
15:05:45.653524 ALT: 3.53
15:05:45.679808 ALT: 3.53
15:05:45.694612 ALT: 3.53
15:05:45.717462 ALT: 3.53
15:05:45.733280 ALT: 3.53
15:05:45.749493 ALT: 3.53
15:05:45.765338 ALT: 3.53
15:05:45.781453 ALT: 3.53
15:05:45.797420 ALT: 3.53
15:05:45.813413 ALT: 3.53
15:05:45.829433 ALT: 3.53
15:05:45.845371 ALT: 3.53
15:05:45.861298 ALT: 3.53
15:05:45.877382 ALT: 3.53
15:05:45.893506 ALT: 3.53
15:05:45.909425 ALT: 3.53
15:05:45.925314 ALT: 3.53
15:05:45.941254 ALT: 3.53
15:05:45.957353 ALT: 3.53
15:05:45.973232 ALT: 3.53
15:05:45.989391 ALT: 3.53
15:05:46.005283 ALT: 3.53
15:05:46.021808 ALT: 3.53
15:05:46.037432 ALT: 3.53
15:05:46.053391 ALT: 3.53
15:05:46.069358 ALT: 3.53
15:05:46.085420 ALT: 3.53
15:05:46.101445 ALT: 3.53
15:05:46.117572 ALT: 3.53
15:05:46.133307 ALT: 3.53
15:05:46.150839 ALT: 3.53
15:05:46.165370 ALT: 3.53
15:05:46.181713 ALT: 3.53
15:05:46.197565 ALT: 3.53
15:05:46.213621 ALT: 3.53
15:05:46.229382 ALT: 3.53
15:05:46.245369 ALT: 3.53
15:05:46.261488 ALT: 3.53
15:05:46.277438 ALT: 3.53
15:05:46.293392 ALT: 3.53
15:05:46.309457 ALT: 3.53
15:05:46.325375 ALT: 3.53
15:05:46.341375 ALT: 3.53
15:05:46.357497 ALT: 3.53
15:05:46.373357 ALT: 3.53
15:05:46.389372 ALT: 3.53
15:05:46.405338 ALT: 3.53
15:05:46.421538 ALT: 3.53
15:05:46.437455 ALT: 3.53
15:05:46.453439 ALT: 3.53
15:05:46.469415 ALT: 3.53
15:05:46.485466 ALT: 3.53
15:05:46.501472 ALT: 3.53
15:05:46.517494 ALT: 3.53
15:05:46.533522 ALT: 3.53
15:05:46.549929 ALT: 3.53
15:05:46.565399 ALT: 3.53
15:05:46.581662 ALT: 3.53
15:05:46.597543 ALT: 3.53
15:05:46.619018 ALT: 3.53
15:05:46.631404 ALT: 3.53
15:05:46.646362 ALT: 3.53
15:05:46.672565 ALT: 3.53
15:05:46.693824 ALT: 3.53
15:05:46.709928 ALT: 3.53
15:05:46.725426 ALT: 3.53
15:05:46.741383 ALT: 3.53
15:05:46.757482 ALT: 3.53
15:05:46.773427 ALT: 3.53
15:05:46.789562 ALT: 3.53
15:05:46.805438 ALT: 3.53
15:05:46.821529 ALT: 3.53
15:05:46.837447 ALT: 3.53
15:05:46.853485 ALT: 3.53
15:05:46.869496 ALT: 3.53
15:05:46.885487 ALT: 3.53
15:05:46.901471 ALT: 3.53
15:05:46.917910 ALT: 3.53
15:05:46.933565 ALT: 3.53
15:05:46.950011 ALT: 3.53
15:05:46.965525 ALT: 3.53
15:05:46.982049 ALT: 3.53
15:05:46.997565 ALT: 3.53
15:05:47.013526 ALT: 3.53
15:05:47.030055 ALT: 3.53
15:05:47.045528 ALT: 3.53
15:05:47.061980 ALT: 3.53
15:05:47.077564 ALT: 3.53
15:05:47.093584 ALT: 3.53
15:05:47.109440 ALT: 3.53
15:05:47.125440 ALT: 3.5
15:05:47.141452 ALT: 3.5
15:05:47.157575 ALT: 3.48
15:05:47.173405 ALT: 3.48
15:05:47.189620 ALT: 3.47
15:05:47.214371 ALT: 3.47
15:05:47.225472 ALT: 3.47
15:05:47.237640 ALT: 3.47
15:05:47.253703 ALT: 3.47
15:05:47.269706 ALT: 3.47
15:05:47.285709 ALT: 3.47
15:05:47.301728 ALT: 3.47
15:05:47.319063 ALT: 3.47
15:05:47.333658 ALT: 3.47
15:05:47.350964 ALT: 3.47
15:05:47.365675 ALT: 3.47
15:05:47.383033 ALT: 3.47
15:05:47.397659 ALT: 3.47
15:05:47.415925 ALT: 3.47
15:05:47.430718 ALT: 3.47
15:05:47.447849 ALT: 3.47
15:05:47.461974 ALT: 3.47
15:05:47.480270 ALT: 3.47
15:05:47.493632 ALT: 3.47
15:05:47.509587 ALT: 3.47
15:05:47.525643 ALT: 3.47
15:05:47.541662 ALT: 3.47
15:05:47.557686 ALT: 3.47
15:05:47.574337 ALT: 3.47
15:05:47.589709 ALT: 3.47
15:05:47.605651 ALT: 3.47
15:05:47.621709 ALT: 3.47
15:05:47.637743 ALT: 3.47
15:05:47.653701 ALT: 3.47
15:05:47.669750 ALT: 3.47
15:05:47.685708 ALT: 3.47
15:05:47.701707 ALT: 3.47
15:05:47.719560 ALT: 3.47
15:05:47.733711 ALT: 3.47
15:05:47.751437 ALT: 3.47
15:05:47.765649 ALT: 3.47
15:05:47.782871 ALT: 3.47
15:05:47.797750 ALT: 3.47
15:05:47.813741 ALT: 3.47
15:05:47.831498 ALT: 3.47
15:05:47.845882 ALT: 3.47
15:05:47.861961 ALT: 3.47
15:05:47.877782 ALT: 3.47
15:05:47.893735 ALT: 3.47
15:05:47.912137 ALT: 3.47
15:05:47.925751 ALT: 3.47
15:05:47.941687 ALT: 3.47
15:05:47.957800 ALT: 3.47
15:05:47.973867 ALT: 3.47
15:05:47.989796 ALT: 3.47
15:05:48.005615 ALT: 3.47
15:05:48.022639 ALT: 3.47
15:05:48.037759 ALT: 3.47
15:05:48.053737 ALT: 3.47
15:05:48.072839 ALT: 3.47
15:05:48.090555 ALT: 3.47
15:05:48.101919 ALT: 3.47
15:05:48.117913 ALT: 3.47
15:05:48.135198 ALT: 3.47
15:05:48.149926 ALT: 3.47
15:05:48.165760 ALT: 3.47
15:05:48.182000 ALT: 3.47
15:05:48.199746 ALT: 3.47
15:05:48.216183 ALT: 3.47
15:05:48.232161 ALT: 3.47
15:05:48.247836 ALT: 3.47
15:05:48.266557 ALT: 3.47
15:05:48.277775 ALT: 3.47
15:05:48.293859 ALT: 3.47
15:05:48.309801 ALT: 3.47
15:05:48.325910 ALT: 3.47
15:05:48.341919 ALT: 3.47
15:05:48.358244 ALT: 3.47
15:05:48.374845 ALT: 3.47
15:05:48.390199 ALT: 3.47
15:05:48.405903 ALT: 3.47
15:05:48.421897 ALT: 3.47
15:05:48.437939 ALT: 3.47
15:05:48.453810 ALT: 3.47
15:05:48.470086 ALT: 3.47
15:05:48.486009 ALT: 3.47
15:05:48.501867 ALT: 3.47
15:05:48.518184 ALT: 3.47
15:05:48.533787 ALT: 3.47
15:05:48.549929 ALT: 3.47
15:05:48.565826 ALT: 3.47
15:05:48.584734 ALT: 3.47
15:05:48.613965 ALT: 3.47
15:05:48.630980 ALT: 3.47
15:05:48.645801 ALT: 3.47
15:05:48.664798 ALT: 3.47
15:05:48.677799 ALT: 3.47
15:05:48.693952 ALT: 3.47
15:05:48.710526 ALT: 3.47
15:05:48.726026 ALT: 3.47
15:05:48.742311 ALT: 3.47
15:05:48.760547 ALT: 3.47
15:05:48.783380 ALT: 3.47
15:05:48.806242 ALT: 3.47
15:05:48.822146 ALT: 3.47
15:05:48.838039 ALT: 3.47
15:05:48.854545 ALT: 3.47
15:05:48.869955 ALT: 3.47
15:05:48.886044 ALT: 3.47
15:05:48.902049 ALT: 3.47
15:05:48.918410 ALT: 3.47
15:05:48.934000 ALT: 3.47
15:05:48.949913 ALT: 3.47
15:05:48.965851 ALT: 3.47
15:05:48.982276 ALT: 3.47
15:05:48.999103 ALT: 3.47
15:05:49.013892 ALT: 3.47
15:05:49.031581 ALT: 3.47
15:05:49.048870 ALT: 3.47
15:05:49.061929 ALT: 3.47
15:05:49.077893 ALT: 3.47
15:05:49.093964 ALT: 3.47
15:05:49.109905 ALT: 3.47
15:05:49.125894 ALT: 3.47
15:05:49.141991 ALT: 3.47
15:05:49.157971 ALT: 3.47
15:05:49.174294 ALT: 3.47
15:05:49.189881 ALT: 3.47
15:05:49.205950 ALT: 3.47
15:05:49.221903 ALT: 3.47
15:05:49.238081 ALT: 3.5
15:05:49.254456 ALT: 3.52
15:05:49.270184 ALT: 3.52
15:05:49.290032 ALT: 3.53
15:05:49.301912 ALT: 3.53
15:05:49.318383 ALT: 3.53
15:05:49.333994 ALT: 3.53
15:05:49.350319 ALT: 3.53
15:05:49.365918 ALT: 3.53
15:05:49.383069 ALT: 3.53
15:05:49.397965 ALT: 3.53
15:05:49.413967 ALT: 3.53
15:05:49.430503 ALT: 3.53
15:05:49.445977 ALT: 3.53
15:05:49.462059 ALT: 3.53
15:05:49.477936 ALT: 3.53
15:05:49.494672 ALT: 3.53
15:05:49.509938 ALT: 3.53
15:05:49.525890 ALT: 3.53
15:05:49.542090 ALT: 3.53
15:05:49.563197 ALT: 3.53
15:05:49.574822 ALT: 3.53
15:05:49.591071 ALT: 3.53
15:05:49.606022 ALT: 3.53
15:05:49.621982 ALT: 3.53
15:05:49.638216 ALT: 3.53
15:05:49.654411 ALT: 3.53
15:05:49.670677 ALT: 3.53
15:05:49.686234 ALT: 3.53
15:05:49.702055 ALT: 3.53
15:05:49.718287 ALT: 3.53
15:05:49.734030 ALT: 3.53
15:05:49.750388 ALT: 3.53
15:05:49.766083 ALT: 3.53
15:05:49.782242 ALT: 3.53
15:05:49.799403 ALT: 3.53
15:05:49.814689 ALT: 3.53
15:05:49.830803 ALT: 3.53
15:05:49.846526 ALT: 3.53
15:05:49.865714 ALT: 3.53
15:05:49.878082 ALT: 3.53
15:05:49.894614 ALT: 3.53
15:05:49.910060 ALT: 3.53
15:05:49.926222 ALT: 3.53
15:05:49.942120 ALT: 3.53
15:05:49.958130 ALT: 3.53
15:05:49.974147 ALT: 3.53
15:05:49.991213 ALT: 3.53
15:05:50.006139 ALT: 3.53
15:05:50.022224 ALT: 3.53
15:05:50.038275 ALT: 3.53
15:05:50.055693 ALT: 3.53
15:05:50.070778 ALT: 3.53
15:05:50.086598 ALT: 3.53
15:05:50.103364 ALT: 3.53
15:05:50.119139 ALT: 3.53
15:05:50.134567 ALT: 3.53
15:05:50.150488 ALT: 3.53
15:05:50.166351 ALT: 3.53
15:05:50.182785 ALT: 3.53
15:05:50.198019 ALT: 3.53
15:05:50.214075 ALT: 3.53
15:05:50.230553 ALT: 3.53
15:05:50.246137 ALT: 3.53
15:05:50.262722 ALT: 3.53
15:05:50.277984 ALT: 3.53
15:05:50.294283 ALT: 3.53
15:05:50.310361 ALT: 3.53
15:05:50.330410 ALT: 3.53
15:05:50.342037 ALT: 3.53
15:05:50.358140 ALT: 3.53
15:05:50.374613 ALT: 3.53
15:05:50.390197 ALT: 3.53
15:05:50.406076 ALT: 3.53
15:05:50.422321 ALT: 3.53
15:05:50.438203 ALT: 3.53
15:05:50.455066 ALT: 3.53
15:05:50.470331 ALT: 3.53
15:05:50.486594 ALT: 3.53
15:05:50.502445 ALT: 3.53
15:05:50.520063 ALT: 3.53
15:05:50.534083 ALT: 3.53
15:05:50.550309 ALT: 3.53
15:05:50.566954 ALT: 3.53
15:05:50.582240 ALT: 3.53
15:05:50.598338 ALT: 3.53
15:05:50.614170 ALT: 3.53
15:05:50.630537 ALT: 3.53
15:05:50.646074 ALT: 3.53
15:05:50.662330 ALT: 3.53
15:05:50.678189 ALT: 3.53
15:05:50.694208 ALT: 3.53
15:05:50.710330 ALT: 3.53
15:05:50.726645 ALT: 3.53
15:05:50.742235 ALT: 3.53
15:05:50.758075 ALT: 3.53
15:05:50.774324 ALT: 3.53
15:05:50.790366 ALT: 3.53
15:05:50.806213 ALT: 3.53
15:05:50.822303 ALT: 3.53
15:05:50.838166 ALT: 3.53
15:05:50.854211 ALT: 3.53
15:05:50.870213 ALT: 3.53
15:05:50.886235 ALT: 3.53
15:05:50.902339 ALT: 3.53
15:05:50.920003 ALT: 3.53
15:05:50.934207 ALT: 3.57
15:05:50.950355 ALT: 3.57
15:05:50.966376 ALT: 3.59
15:05:50.982257 ALT: 3.59
15:05:50.998202 ALT: 3.61
15:05:51.014219 ALT: 3.62
15:05:51.030377 ALT: 3.62
15:05:51.046020 ALT: 3.62
15:05:51.063749 ALT: 3.62
15:05:51.078129 ALT: 3.62
15:05:51.094249 ALT: 3.62
15:05:51.110311 ALT: 3.62
15:05:51.126185 ALT: 3.62
15:05:51.142310 ALT: 3.62
15:05:51.158177 ALT: 3.62
15:05:51.174370 ALT: 3.62
15:05:51.190323 ALT: 3.62
15:05:51.206202 ALT: 3.62
15:05:51.222287 ALT: 3.62
15:05:51.238336 ALT: 3.62
15:05:51.254617 ALT: 3.62
15:05:51.270610 ALT: 3.62
15:05:51.286632 ALT: 3.62
15:05:51.302542 ALT: 3.62
15:05:51.319414 ALT: 3.62
15:05:51.335945 ALT: 3.62
15:05:51.351327 ALT: 3.62
15:05:51.382269 ALT: 3.62
15:05:51.398263 ALT: 3.62
15:05:51.415269 ALT: 3.62
15:05:51.430407 ALT: 3.62
15:05:51.446172 ALT: 3.62
15:05:51.462682 ALT: 3.62
15:05:51.478180 ALT: 3.62
15:05:51.494206 ALT: 3.62
15:05:51.510314 ALT: 3.62
15:05:51.526234 ALT: 3.62
15:05:51.542213 ALT: 3.62
15:05:51.560200 ALT: 3.62
15:05:51.574328 ALT: 3.62
15:05:51.590350 ALT: 3.62
15:05:51.606143 ALT: 3.62
15:05:51.622403 ALT: 3.62
15:05:51.638379 ALT: 3.62
15:05:51.654996 ALT: 3.62
15:05:51.670249 ALT: 3.62
15:05:51.686877 ALT: 3.62
15:05:51.702277 ALT: 3.62
15:05:51.718325 ALT: 3.62
15:05:51.734388 ALT: 3.62
15:05:51.750462 ALT: 3.62
15:05:51.766402 ALT: 3.62
15:05:51.786832 ALT: 3.62
15:05:51.798706 ALT: 3.62
15:05:51.814548 ALT: 3.62
15:05:51.830754 ALT: 3.62
15:05:51.846329 ALT: 3.62
15:05:51.863859 ALT: 3.62
15:05:51.878367 ALT: 3.62
15:05:51.894404 ALT: 3.62
15:05:51.910486 ALT: 3.62
15:05:51.926441 ALT: 3.62
15:05:51.942436 ALT: 3.62
15:05:51.958492 ALT: 3.62
15:05:51.974459 ALT: 3.62
15:05:51.990531 ALT: 3.62
15:05:52.006359 ALT: 3.62
15:05:52.025118 ALT: 3.62
15:05:52.038403 ALT: 3.62
15:05:52.058394 ALT: 3.62
15:05:52.070483 ALT: 3.62
15:05:52.086600 ALT: 3.62
15:05:52.102464 ALT: 3.62
15:05:52.118426 ALT: 3.62
15:05:52.134474 ALT: 3.62
15:05:52.150377 ALT: 3.62
15:05:52.166433 ALT: 3.62
15:05:52.182421 ALT: 3.62
15:05:52.198519 ALT: 3.59
15:05:52.214355 ALT: 3.57
15:05:52.231627 ALT: 3.57
15:05:52.246604 ALT: 3.56
15:05:52.265929 ALT: 3.55
15:05:52.278398 ALT: 3.55
15:05:52.297678 ALT: 3.55
15:05:52.310479 ALT: 3.55
15:05:52.326460 ALT: 3.55
15:05:52.342453 ALT: 3.55
15:05:52.358424 ALT: 3.55
15:05:52.374403 ALT: 3.55
15:05:52.390450 ALT: 3.55
15:05:52.406433 ALT: 3.55
15:05:52.423552 ALT: 3.55
15:05:52.438320 ALT: 3.55
15:05:52.455366 ALT: 3.55
15:05:52.470458 ALT: 3.55
15:05:52.487524 ALT: 3.55
15:05:52.502439 ALT: 3.55
15:05:52.518380 ALT: 3.55
15:05:52.534483 ALT: 3.55
15:05:52.550457 ALT: 3.55
15:05:52.569685 ALT: 3.55
15:05:52.582477 ALT: 3.55
15:05:52.598349 ALT: 3.55
15:05:52.614388 ALT: 3.55
15:05:52.631514 ALT: 3.55
15:05:52.648801 ALT: 3.55
15:05:52.664866 ALT: 3.55
15:05:52.678406 ALT: 3.55
15:05:52.697858 ALT: 3.55
15:05:52.710521 ALT: 3.55
15:05:52.726547 ALT: 3.55
15:05:52.742552 ALT: 3.55
15:05:52.758453 ALT: 3.55
15:05:52.774543 ALT: 3.55
15:05:52.790507 ALT: 3.55
15:05:52.806457 ALT: 3.55
15:05:52.822606 ALT: 3.58
15:05:52.838492 ALT: 3.6
15:05:52.856302 ALT: 3.6
15:05:52.870546 ALT: 3.61
15:05:52.887762 ALT: 3.61
15:05:52.902466 ALT: 3.62
15:05:52.918434 ALT: 3.62
15:05:52.934456 ALT: 3.62
15:05:52.950482 ALT: 3.62
15:05:52.966502 ALT: 3.62
15:05:52.982544 ALT: 3.62
15:05:52.998525 ALT: 3.62
15:05:53.014415 ALT: 3.62
15:05:53.031769 ALT: 3.62
15:05:53.046419 ALT: 3.62
15:05:53.064879 ALT: 3.62
15:05:53.078482 ALT: 3.62
15:05:53.097855 ALT: 3.62
15:05:53.110494 ALT: 3.62
15:05:53.126507 ALT: 3.62
15:05:53.142526 ALT: 3.62
15:05:53.158480 ALT: 3.62
15:05:53.174627 ALT: 3.62
15:05:53.190493 ALT: 3.62
15:05:53.206491 ALT: 3.62
15:05:53.223509 ALT: 3.62
15:05:53.238433 ALT: 3.62
15:05:53.255912 ALT: 3.62
15:05:53.270503 ALT: 3.62
15:05:53.287932 ALT: 3.62
15:05:53.302511 ALT: 3.62
15:05:53.318449 ALT: 3.62
15:05:53.334466 ALT: 3.62
15:05:53.350527 ALT: 3.62
15:05:53.366487 ALT: 3.62
15:05:53.382529 ALT: 3.62
15:05:53.398471 ALT: 3.62
15:05:53.414591 ALT: 3.62
15:05:53.432542 ALT: 3.62
15:05:53.446404 ALT: 3.62
15:05:53.463668 ALT: 3.62
15:05:53.478586 ALT: 3.62
15:05:53.497058 ALT: 3.62
15:05:53.510639 ALT: 3.62
15:05:53.526549 ALT: 3.62
15:05:53.542594 ALT: 3.62
15:05:53.558514 ALT: 3.62
15:05:53.574627 ALT: 3.62
15:05:53.591886 ALT: 3.62
15:05:53.606537 ALT: 3.62
15:05:53.622712 ALT: 3.62
15:05:53.638543 ALT: 3.62
15:05:53.654997 ALT: 3.62
15:05:53.670541 ALT: 3.62
15:05:53.686643 ALT: 3.62
15:05:53.702599 ALT: 3.62
15:05:53.718541 ALT: 3.62
15:05:53.734627 ALT: 3.62
15:05:53.750608 ALT: 3.62
15:05:53.766599 ALT: 3.66
15:05:53.782608 ALT: 3.66
15:05:53.798548 ALT: 3.68
15:05:53.814563 ALT: 3.69
15:05:53.830702 ALT: 3.69
15:05:53.846578 ALT: 3.7
15:05:53.863001 ALT: 3.7
15:05:53.878620 ALT: 3.7
15:05:53.894974 ALT: 3.7
15:05:53.910620 ALT: 3.7
15:05:53.926633 ALT: 3.7
15:05:53.942669 ALT: 3.7
15:05:53.958577 ALT: 3.7
15:05:53.974644 ALT: 3.7
15:05:53.992528 ALT: 3.7
15:05:54.006636 ALT: 3.7
15:05:54.022794 ALT: 3.7
15:05:54.038562 ALT: 3.7
15:05:54.056143 ALT: 3.7
15:05:54.070669 ALT: 3.7
15:05:54.086667 ALT: 3.7
15:05:54.102678 ALT: 3.7
15:05:54.120746 ALT: 3.7
15:05:54.134645 ALT: 3.7
15:05:54.152991 ALT: 3.7
15:05:54.166741 ALT: 3.7
15:05:54.182613 ALT: 3.7
15:05:54.198600 ALT: 3.7
15:05:54.214600 ALT: 3.7
15:05:54.230748 ALT: 3.7
15:05:54.246617 ALT: 3.7
15:05:54.264509 ALT: 3.7
15:05:54.278588 ALT: 3.7
15:05:54.295254 ALT: 3.7
15:05:54.310685 ALT: 3.7
15:05:54.326736 ALT: 3.7
15:05:54.342695 ALT: 3.7
15:05:54.358612 ALT: 3.7
15:05:54.374690 ALT: 3.7
15:05:54.391981 ALT: 3.7
15:05:54.406697 ALT: 3.7
15:05:54.423029 ALT: 3.7
15:05:54.438606 ALT: 3.7
15:05:54.455554 ALT: 3.7
15:05:54.470771 ALT: 3.7
15:05:54.486756 ALT: 3.7
15:05:54.502742 ALT: 3.7
15:05:54.518670 ALT: 3.7
15:05:54.534777 ALT: 3.7
15:05:54.550741 ALT: 3.7
15:05:54.566693 ALT: 3.7
15:05:54.582674 ALT: 3.7
15:05:54.598753 ALT: 3.7
15:05:54.614683 ALT: 3.7
15:05:54.632299 ALT: 3.7
15:05:54.646730 ALT: 3.7
15:05:54.662999 ALT: 3.7
15:05:54.678757 ALT: 3.7
15:05:54.694993 ALT: 3.7
15:05:54.710790 ALT: 3.7
15:05:54.726722 ALT: 3.7
15:05:54.742772 ALT: 3.7
15:05:54.758683 ALT: 3.7
15:05:54.774790 ALT: 3.7
15:05:54.791144 ALT: 3.7
15:05:54.806895 ALT: 3.7
15:05:54.823154 ALT: 3.7
15:05:54.838690 ALT: 3.7
15:05:54.856162 ALT: 3.7
15:05:54.870783 ALT: 3.7
15:05:54.886902 ALT: 3.7
15:05:54.902787 ALT: 3.7
15:05:54.918837 ALT: 3.7
15:05:54.934794 ALT: 3.7
15:05:54.950797 ALT: 3.7
15:05:54.966778 ALT: 3.7
15:05:54.982747 ALT: 3.7
15:05:54.998736 ALT: 3.7
15:05:55.014735 ALT: 3.7
15:05:55.031068 ALT: 3.7
15:05:55.046777 ALT: 3.7
15:05:55.064517 ALT: 3.7
15:05:55.078790 ALT: 3.7
15:05:55.098567 ALT: 3.7
15:05:55.110812 ALT: 3.7
15:05:55.126851 ALT: 3.7
15:05:55.142833 ALT: 3.7
15:05:55.165376 ALT: 3.7
15:05:55.176101 ALT: 3.7
15:05:55.192556 ALT: 3.7
15:05:55.207591 ALT: 3.7
15:05:55.225820 ALT: 3.7
15:05:55.238895 ALT: 3.7
15:05:55.260803 ALT: 3.7
15:05:55.271595 ALT: 3.7
15:05:55.288781 ALT: 3.7
15:05:55.302861 ALT: 3.7
15:05:55.318763 ALT: 3.7
15:05:55.334804 ALT: 3.7
15:05:55.350849 ALT: 3.7
15:05:55.366881 ALT: 3.7
15:05:55.382810 ALT: 3.7
15:05:55.398788 ALT: 3.7
15:05:55.414759 ALT: 3.7
15:05:55.431791 ALT: 3.7
15:05:55.446857 ALT: 3.7
15:05:55.464227 ALT: 3.7
15:05:55.478816 ALT: 3.7
15:05:55.497990 ALT: 3.7
15:05:55.510880 ALT: 3.7
15:05:55.526844 ALT: 3.7
15:05:55.542888 ALT: 3.7
15:05:55.565015 ALT: 3.7
15:05:55.575774 ALT: 3.7
15:05:55.592868 ALT: 3.7
15:05:55.607667 ALT: 3.7
15:05:55.625200 ALT: 3.7
15:05:55.638796 ALT: 3.7
15:05:55.655712 ALT: 3.7
15:05:55.670863 ALT: 3.7
15:05:55.686951 ALT: 3.7
15:05:55.702917 ALT: 3.7
15:05:55.718915 ALT: 3.7
15:05:55.734920 ALT: 3.7
15:05:55.750837 ALT: 3.7
15:05:55.766844 ALT: 3.7
15:05:55.782796 ALT: 3.7
15:05:55.798830 ALT: 3.7
15:05:55.814872 ALT: 3.7
15:05:55.830982 ALT: 3.7
15:05:55.846920 ALT: 3.7
15:05:55.863292 ALT: 3.7
15:05:55.878871 ALT: 3.7
15:05:55.895168 ALT: 3.7
15:05:55.910988 ALT: 3.7
15:05:55.926945 ALT: 3.7
15:05:55.942926 ALT: 3.7
15:05:55.960360 ALT: 3.7
15:05:55.975089 ALT: 3.7
15:05:55.991325 ALT: 3.7
15:05:56.007522 ALT: 3.7
15:05:56.023362 ALT: 3.7
15:05:56.038877 ALT: 3.7
15:05:56.056960 ALT: 3.7
15:05:56.070920 ALT: 3.7
15:05:56.088879 ALT: 3.7
15:05:56.102955 ALT: 3.7
15:05:56.121400 ALT: 3.7
15:05:56.134959 ALT: 3.7
15:05:56.150893 ALT: 3.7
15:05:56.166987 ALT: 3.7
15:05:56.182887 ALT: 3.7
15:05:56.199023 ALT: 3.7
15:05:56.215012 ALT: 3.7
15:05:56.231003 ALT: 3.7
15:05:56.247053 ALT: 3.7
15:05:56.263231 ALT: 3.7
15:05:56.278934 ALT: 3.7
15:05:56.295340 ALT: 3.7
15:05:56.311174 ALT: 3.7
15:05:56.326973 ALT: 3.7
15:05:56.343024 ALT: 3.7
15:05:56.360331 ALT: 3.7
15:05:56.375040 ALT: 3.7
15:05:56.391917 ALT: 3.7
15:05:56.407377 ALT: 3.7
15:05:56.425339 ALT: 3.7
15:05:56.438939 ALT: 3.7
15:05:56.456964 ALT: 3.7
15:05:56.471043 ALT: 3.7
15:05:56.488889 ALT: 3.7
15:05:56.503076 ALT: 3.7
15:05:56.521035 ALT: 3.7
15:05:56.535072 ALT: 3.7
15:05:56.550948 ALT: 3.7
15:05:56.566992 ALT: 3.7
15:05:56.582958 ALT: 3.7
15:05:56.599028 ALT: 3.7
15:05:56.615034 ALT: 3.7
15:05:56.631011 ALT: 3.7
15:05:56.646989 ALT: 3.7
15:05:56.663209 ALT: 3.7
15:05:56.679000 ALT: 3.7
15:05:56.695443 ALT: 3.7
15:05:56.711045 ALT: 3.7
15:05:56.727076 ALT: 3.7
15:05:56.743058 ALT: 3.7
15:05:56.759802 ALT: 3.7
15:05:56.775061 ALT: 3.7
15:05:56.791406 ALT: 3.7
15:05:56.807341 ALT: 3.7
15:05:56.823092 ALT: 3.7
15:05:56.855098 ALT: 3.7
15:05:56.871080 ALT: 3.7
15:05:56.887151 ALT: 3.7
15:05:56.903097 ALT: 3.7
15:05:56.919007 ALT: 3.7
15:05:56.935138 ALT: 3.7
15:05:56.951009 ALT: 3.7
15:05:56.967105 ALT: 3.7
15: