Easycap format used: ImageFormat(type=<BufType.VIDEO_CAPTURE: 1>, description='YUYV 4:2:2', flags=<ImageFormatFlag.0: 0>, pixel_format=<PixelFormat.YUYV: 1448695129>)
Starting Main workflow
Waiting for MSP_API_VERSION reply...
Waiting for MSP_FC_VARIANT reply...
{'apiVersion': '1.44.0', 'flightControllerIdentifier': 'BTFL', 'flightControllerVersion': '4.3.2', 'version': 0, 'buildInfo': 'Nov 28 2022 07:26:30', 'multiType': 0, 'msp_version': 0, 'capability': 0, 'cycleTime': 313, 'i2cError': 0, 'activeSensors': 35, 'mode': 2, 'profile': 0, 'uid': [3145761, 858867466, 875836466], 'accelerometerTrims': [0, 0], 'name': '', 'displayName': 'BOARD MODULE', 'numProfiles': 3, 'rateProfile': 0, 'boardType': 2, 'armingDisableCount': 26, 'armingDisableFlags': 4, 'armingDisabled': False, 'runawayTakeoffPreventionDisabled': False, 'boardIdentifier': 'S405', 'boardVersion': 0, 'commCapabilities': 55, 'targetName': 'STM32F405', 'boardName': 'SPEEDYBEEF405V3', 'manufacturerId': 'SPBE', 'signature': [0, 0, 0, 0, 0, 0, 0, 0, 0, 0, 0, 0, 0, 0, 0, 0, 0, 0, 0, 0, 0, 0, 0, 0, 0, 0, 0, 0, 0, 0, 0, 0], 'cpuload': 21, 'mcuTypeId': 3, 'mspProtocolVersion': 0, 'flightModeFlags': []}
14:49:12.042360 Sending ALT to Pipe
14:49:12.042360 CPU: 69.1°C
14:49:12.042360 GPU: 70.1°C
14:49:12.042360 ALT: 0.42
14:49:12.042360 ACC: [3, -8, 505]
14:49:12.042360 GYR: [-2, 3, 0]
14:49:12.042360 ATT: [-1.0, -0.4, 0]
14:49:12.042360 VOL: 15.55
14:49:12.070258 CPU: 69.1°C
14:49:12.070258 GPU: 69.6°C
14:49:12.070258 ALT: 0.42
14:49:12.070258 ACC: [3, -9, 505]
14:49:12.070258 GYR: [0, -1, -1]
14:49:12.070258 ATT: [-1.0, -0.4, 0]
14:49:12.070258 VOL: 15.55
14:49:12.180722 CPU: 69.1°C
14:49:12.180722 GPU: 70.1°C
14:49:12.180722 ALT: 0.42
14:49:12.180722 ACC: [4, -8, 505]
14:49:12.180722 GYR: [-1, 0, -2]
14:49:12.180722 ATT: [-1.0, -0.4, 0]
14:49:12.180722 VOL: 15.55
14:49:12.285066 CPU: 69.1°C
14:49:12.285066 GPU: 69.1°C
14:49:12.285066 ALT: 0.42
14:49:12.285066 ACC: [3, -9, 505]
14:49:12.285066 GYR: [-1, 1, 0]
14:49:12.285066 ATT: [-1.0, -0.4, 0]
14:49:12.285066 VOL: 15.55
14:49:12.368627 CPU: 68.7°C
14:49:12.368627 GPU: 67.6°C
14:49:12.368627 ALT: 0.42
14:49:12.368627 ACC: [3, -8, 505]
14:49:12.368627 GYR: [-1, -1, 0]
14:49:12.368627 ATT: [-1.0, -0.4, 0]
14:49:12.368627 VOL: 15.55
14:49:12.455787 CPU: 69.6°C
14:49:12.455787 GPU: 69.6°C
14:49:12.455787 ALT: 0.42
14:49:12.455787 ACC: [4, -8, 505]
14:49:12.455787 GYR: [0, -1, 0]
14:49:12.455787 ATT: [-1.0, -0.4, 0]
14:49:12.455787 VOL: 15.54
14:49:12.606751 CPU: 69.1°C
14:49:12.606751 GPU: 68.1°C
14:49:12.606751 ALT: 0.42
14:49:12.606751 ACC: [3, -8, 504]
14:49:12.606751 GYR: [0, -2, -1]
14:49:12.606751 ATT: [-1.0, -0.4, 0]
14:49:12.606751 VOL: 15.54
14:49:12.749064 CPU: 69.6°C
14:49:12.749064 GPU: 70.6°C
14:49:12.749064 ALT: 0.42
14:49:12.749064 ACC: [3, -8, 504]
14:49:12.749064 GYR: [0, -1, -2]
14:49:12.749064 ATT: [-1.0, -0.4, 0]
14:49:12.749064 VOL: 15.54
14:49:12.874511 CPU: 69.6°C
14:49:12.874511 GPU: 69.1°C
14:49:12.874511 ALT: 0.42
14:49:12.874511 ACC: [3, -8, 505]
14:49:12.874511 GYR: [2, -1, 0]
14:49:12.874511 ATT: [-1.0, -0.4, 0]
14:49:12.874511 VOL: 15.54
14:49:12.963059 CPU: 69.1°C
14:49:12.963059 GPU: 69.6°C
14:49:12.963059 ALT: 0.42
14:49:12.963059 ACC: [3, -9, 504]
14:49:12.963059 GYR: [1, 0, 1]
14:49:12.963059 ATT: [-1.0, -0.4, 0]
14:49:12.963059 VOL: 15.55
14:49:13.056820 CPU: 69.6°C
14:49:13.056820 GPU: 70.1°C
14:49:13.056820 ALT: 0.42
14:49:13.056820 ACC: [3, -9, 505]
14:49:13.056820 GYR: [2, 2, -1]
14:49:13.056820 ATT: [-1.0, -0.4, 0]
14:49:13.056820 VOL: 15.55
14:49:13.138158 CPU: 69.1°C
14:49:13.138158 GPU: 70.1°C
14:49:13.138158 ALT: 0.42
14:49:13.138158 ACC: [3, -8, 505]
14:49:13.138158 GYR: [1, -1, -4]
14:49:13.138158 ATT: [-1.0, -0.4, 0]
14:49:13.138158 VOL: 15.55
14:49:13.224469 CPU: 70.1°C
14:49:13.224469 GPU: 70.1°C
14:49:13.224469 ALT: 0.42
14:49:13.224469 ACC: [4, -8, 504]
14:49:13.224469 GYR: [-1, 0, 0]
14:49:13.224469 ATT: [-1.0, -0.4, 0]
14:49:13.224469 VOL: 15.55
14:49:13.316677 CPU: 70.1°C
14:49:13.316677 GPU: 70.1°C
14:49:13.316677 ALT: 0.42
14:49:13.316677 ACC: [3, -8, 505]
14:49:13.316677 GYR: [-1, 1, 2]
14:49:13.316677 ATT: [-1.0, -0.4, 0]
14:49:13.316677 VOL: 15.55
14:49:13.414600 CPU: 68.7°C
14:49:13.414600 GPU: 69.1°C
14:49:13.414600 ALT: 0.42
14:49:13.414600 ACC: [3, -8, 505]
14:49:13.414600 GYR: [-1, 1, -2]
14:49:13.414600 ATT: [-1.0, -0.4, 0]
14:49:13.414600 VOL: 15.55
14:49:13.510515 CPU: 69.6°C
14:49:13.510515 GPU: 69.6°C
14:49:13.510515 ALT: 0.42
14:49:13.510515 ACC: [3, -9, 505]
14:49:13.510515 GYR: [-1, -1, 2]
14:49:13.510515 ATT: [-1.0, -0.4, 0]
14:49:13.510515 VOL: 15.55
14:49:13.631533 CPU: 70.6°C
14:49:13.631533 GPU: 70.6°C
14:49:13.631533 ALT: 0.42
14:49:13.631533 ACC: [3, -9, 505]
14:49:13.631533 GYR: [-1, -2, 1]
14:49:13.631533 ATT: [-1.0, -0.4, 0]
14:49:13.631533 VOL: 15.55
14:49:13.717997 CPU: 69.1°C
14:49:13.717997 GPU: 70.1°C
14:49:13.717997 ALT: 0.42
14:49:13.717997 ACC: [3, -9, 505]
14:49:13.717997 GYR: [0, -1, -1]
14:49:13.717997 ATT: [-1.0, -0.4, 0]
14:49:13.717997 VOL: 15.55
14:49:13.810894 CPU: 69.6°C
14:49:13.810894 GPU: 69.6°C
14:49:13.810894 ALT: 0.42
14:49:13.810894 ACC: [3, -9, 505]
14:49:13.810894 GYR: [2, 1, 0]
14:49:13.810894 ATT: [-1.0, -0.4, 0]
14:49:13.810894 VOL: 15.55
14:49:13.900731 CPU: 70.6°C
14:49:13.900731 GPU: 69.6°C
14:49:13.900731 ALT: 0.42
14:49:13.900731 ACC: [3, -8, 505]
14:49:13.900731 GYR: [0, -1, 0]
14:49:13.900731 ATT: [-1.0, -0.4, 0]
14:49:13.900731 VOL: 15.54
14:49:13.999276 CPU: 70.1°C
14:49:13.999276 GPU: 70.1°C
14:49:13.999276 ALT: 0.42
14:49:13.999276 ACC: [3, -8, 505]
14:49:13.999276 GYR: [1, -1, 0]
14:49:13.999276 ATT: [-1.0, -0.4, 0]
14:49:13.999276 VOL: 15.54
14:49:14.087096 CPU: 70.1°C
14:49:14.087096 GPU: 70.1°C
14:49:14.087096 ALT: 0.42
14:49:14.087096 ACC: [3, -9, 504]
14:49:14.087096 GYR: [0, 3, -1]
14:49:14.087096 ATT: [-1.0, -0.4, 0]
14:49:14.087096 VOL: 15.54
14:49:14.177267 CPU: 69.6°C
14:49:14.177267 GPU: 70.1°C
14:49:14.177267 ALT: 0.42
14:49:14.177267 ACC: [4, -8, 505]
14:49:14.177267 GYR: [-2, 0, -1]
14:49:14.177267 ATT: [-1.0, -0.4, 0]
14:49:14.177267 VOL: 15.55
14:49:14.277417 CPU: 69.6°C
14:49:14.277417 GPU: 69.6°C
14:49:14.277417 ALT: 0.42
14:49:14.277417 ACC: [3, -9, 505]
14:49:14.277417 GYR: [0, 1, 0]
14:49:14.277417 ATT: [-1.0, -0.4, 0]
14:49:14.277417 VOL: 15.55
14:49:14.381084 CPU: 69.6°C
14:49:14.381084 GPU: 69.6°C
14:49:14.381084 ALT: 0.42
14:49:14.381084 ACC: [3, -9, 505]
14:49:14.381084 GYR: [-1, 1, 0]
14:49:14.381084 ATT: [-1.0, -0.4, 0]
14:49:14.381084 VOL: 15.56
14:49:14.466449 CPU: 70.1°C
14:49:14.466449 GPU: 70.1°C
14:49:14.466449 ALT: 0.42
14:49:14.466449 ACC: [3, -8, 505]
14:49:14.466449 GYR: [-1, -2, 0]
14:49:14.466449 ATT: [-1.0, -0.4, 0]
14:49:14.466449 VOL: 15.56
14:49:14.549642 CPU: 68.7°C
14:49:14.549642 GPU: 69.6°C
14:49:14.549642 ALT: 0.42
14:49:14.549642 ACC: [3, -9, 505]
14:49:14.549642 GYR: [-1, -1, 1]
14:49:14.549642 ATT: [-1.0, -0.4, 0]
14:49:14.549642 VOL: 15.56
14:49:14.657030 CPU: 70.1°C
14:49:14.657030 GPU: 69.1°C
14:49:14.657030 ALT: 0.42
14:49:14.657030 ACC: [3, -8, 505]
14:49:14.657030 GYR: [1, 0, 0]
14:49:14.657030 ATT: [-1.0, -0.4, 0]
14:49:14.657030 VOL: 15.56
14:49:14.737922 CPU: 70.6°C
14:49:14.737922 GPU: 69.6°C
14:49:14.737922 ALT: 0.42
14:49:14.737922 ACC: [3, -9, 505]
14:49:14.737922 GYR: [-1, 0, 1]
14:49:14.737922 ATT: [-1.0, -0.4, 0]
14:49:14.737922 VOL: 15.55
14:49:14.862367 CPU: 70.1°C
14:49:14.862367 GPU: 70.1°C
14:49:14.862367 ALT: 0.42
14:49:14.862367 ACC: [3, -8, 505]
14:49:14.862367 GYR: [-2, 1, -1]
14:49:14.862367 ATT: [-1.0, -0.4, 0]
14:49:14.862367 VOL: 15.55
14:49:14.949878 CPU: 70.1°C
14:49:14.949878 GPU: 70.1°C
14:49:14.949878 ALT: 0.42
14:49:14.949878 ACC: [3, -8, 505]
14:49:14.949878 GYR: [2, 2, 0]
14:49:14.949878 ATT: [-1.0, -0.4, 0]
14:49:14.949878 VOL: 15.56
14:49:15.057796 CPU: 70.1°C
14:49:15.057796 GPU: 70.1°C
14:49:15.057796 ALT: 0.42
14:49:15.057796 ACC: [3, -9, 505]
14:49:15.057796 GYR: [-3, 0, 0]
14:49:15.057796 ATT: [-1.0, -0.4, 0]
14:49:15.057796 VOL: 15.55
14:49:15.145145 CPU: 70.1°C
14:49:15.145145 GPU: 69.6°C
14:49:15.145145 ALT: 0.42
14:49:15.145145 ACC: [3, -8, 504]
14:49:15.145145 GYR: [-1, 2, 0]
14:49:15.145145 ATT: [-1.0, -0.4, 0]
14:49:15.145145 VOL: 15.55
14:49:15.245697 CPU: 69.1°C
14:49:15.245697 GPU: 69.1°C
14:49:15.245697 ALT: 0.42
14:49:15.245697 ACC: [3, -8, 505]
14:49:15.245697 GYR: [-1, -1, -2]
14:49:15.245697 ATT: [-1.0, -0.4, 0]
14:49:15.245697 VOL: 15.55
14:49:15.350040 CPU: 71.1°C
14:49:15.350040 GPU: 69.6°C
14:49:15.350040 ALT: 0.42
14:49:15.350040 ACC: [3, -9, 504]
14:49:15.350040 GYR: [-1, 3, 0]
14:49:15.350040 ATT: [-1.0, -0.3, 0]
14:49:15.350040 VOL: 15.55
14:49:15.453813 CPU: 69.6°C
14:49:15.453813 GPU: 70.6°C
14:49:15.453813 ALT: 0.42
14:49:15.453813 ACC: [3, -8, 505]
14:49:15.453813 GYR: [1, 2, 0]
14:49:15.453813 ATT: [-1.0, -0.3, 0]
14:49:15.453813 VOL: 15.55
14:49:15.557173 CPU: 70.1°C
14:49:15.557173 GPU: 70.1°C
14:49:15.557173 ALT: 0.42
14:49:15.557173 ACC: [3, -9, 505]
14:49:15.557173 GYR: [0, -3, -1]
14:49:15.557173 ATT: [-1.0, -0.4, 0]
14:49:15.557173 VOL: 15.55
14:49:15.632659 CPU: 70.6°C
14:49:15.632659 GPU: 70.6°C
14:49:15.632659 ALT: 0.42
14:49:15.632659 ACC: [4, -9, 505]
14:49:15.632659 GYR: [-1, 0, 1]
14:49:15.632659 ATT: [-1.0, -0.4, 0]
14:49:15.632659 VOL: 15.55
14:49:15.726664 CPU: 69.6°C
14:49:15.726664 GPU: 69.6°C
14:49:15.726664 ALT: 0.42
14:49:15.726664 ACC: [3, -9, 505]
14:49:15.726664 GYR: [0, -2, -1]
14:49:15.726664 ATT: [-1.0, -0.4, 0]
14:49:15.726664 VOL: 15.55
14:49:15.809959 CPU: 69.6°C
14:49:15.809959 GPU: 69.6°C
14:49:15.809959 ALT: 0.42
14:49:15.809959 ACC: [3, -9, 505]
14:49:15.809959 GYR: [-3, 2, 1]
14:49:15.809959 ATT: [-1.0, -0.4, 0]
14:49:15.809959 VOL: 15.55
14:49:15.898317 CPU: 69.6°C
14:49:15.898317 GPU: 69.1°C
14:49:15.898317 ALT: 0.42
14:49:15.898317 ACC: [3, -8, 505]
14:49:15.898317 GYR: [-1, 1, 1]
14:49:15.898317 ATT: [-1.0, -0.4, 0]
14:49:15.898317 VOL: 15.55
14:49:15.993913 CPU: 70.1°C
14:49:15.993913 GPU: 70.1°C
14:49:15.993913 ALT: 0.42
14:49:15.993913 ACC: [3, -8, 505]
14:49:15.993913 GYR: [-2, 1, 1]
14:49:15.993913 ATT: [-1.0, -0.4, 0]
14:49:15.993913 VOL: 15.55
14:49:16.105220 CPU: 70.6°C
14:49:16.105220 GPU: 70.6°C
14:49:16.105220 ALT: 0.42
14:49:16.105220 ACC: [3, -8, 505]
14:49:16.105220 GYR: [0, -1, 0]
14:49:16.105220 ATT: [-1.0, -0.4, 0]
14:49:16.105220 VOL: 15.55
14:49:16.201811 CPU: 70.1°C
14:49:16.201811 GPU: 71.1°C
14:49:16.201811 ALT: 0.42
14:49:16.201811 ACC: [4, -8, 504]
14:49:16.201811 GYR: [0, 0, -1]
14:49:16.201811 ATT: [-1.0, -0.4, 0]
14:49:16.201811 VOL: 15.55
14:49:16.322382 CPU: 69.1°C
14:49:16.322382 GPU: 69.1°C
14:49:16.322382 ALT: 0.42
14:49:16.322382 ACC: [4, -9, 505]
14:49:16.322382 GYR: [0, 1, 0]
14:49:16.322382 ATT: [-1.0, -0.4, 0]
14:49:16.322382 VOL: 15.55
14:49:16.449774 CPU: 70.1°C
14:49:16.449774 GPU: 70.1°C
14:49:16.449774 ALT: 0.42
14:49:16.449774 ACC: [3, -8, 505]
14:49:16.449774 GYR: [-3, -1, 1]
14:49:16.449774 ATT: [-1.0, -0.4, 0]
14:49:16.449774 VOL: 15.54
14:49:16.530143 CPU: 70.1°C
14:49:16.530143 GPU: 70.1°C
14:49:16.530143 ALT: 0.42
14:49:16.530143 ACC: [3, -9, 505]
14:49:16.530143 GYR: [0, 1, -2]
14:49:16.530143 ATT: [-1.0, -0.4, 0]
14:49:16.530143 VOL: 15.54
14:49:16.613205 CPU: 69.6°C
14:49:16.613205 GPU: 69.6°C
14:49:16.613205 ALT: 0.42
14:49:16.613205 ACC: [3, -8, 505]
14:49:16.613205 GYR: [-1, 2, 0]
14:49:16.613205 ATT: [-1.0, -0.4, 0]
14:49:16.613205 VOL: 15.55
14:49:16.706700 CPU: 70.1°C
14:49:16.706700 GPU: 70.6°C
14:49:16.706700 ALT: 0.33
14:49:16.706700 ACC: [3, -8, 505]
14:49:16.706700 GYR: [0, 1, -1]
14:49:16.706700 ATT: [-1.0, -0.4, 0]
14:49:16.706700 VOL: 15.54
14:49:16.789318 CPU: 70.6°C
14:49:16.789318 GPU: 70.6°C
14:49:16.789318 ALT: 0.33
14:49:16.789318 ACC: [3, -8, 504]
14:49:16.789318 GYR: [0, 0, -1]
14:49:16.789318 ATT: [-1.0, -0.4, 0]
14:49:16.789318 VOL: 15.54
14:49:16.860987 CPU: 70.6°C
14:49:16.860987 GPU: 70.6°C
14:49:16.860987 ALT: 0.33
14:49:16.860987 ACC: [3, -6, 505]
14:49:16.860987 GYR: [0, 1, -1]
14:49:16.860987 ATT: [-0.9, -0.4, 0]
14:49:16.860987 VOL: 15.55
14:49:16.946242 CPU: 69.1°C
14:49:16.946242 GPU: 70.1°C
14:49:16.946242 ALT: 0.33
14:49:16.946242 ACC: [3, -8, 505]
14:49:16.946242 GYR: [-1, 2, 1]
14:49:16.946242 ATT: [-0.9, -0.4, 0]
14:49:16.946242 VOL: 15.54
14:49:17.023604 CPU: 71.1°C
14:49:17.023604 GPU: 71.1°C
14:49:17.023604 ALT: 0.33
14:49:17.023604 ACC: [3, -9, 505]
14:49:17.023604 GYR: [1, -2, -1]
14:49:17.023604 ATT: [-0.9, -0.4, 0]
14:49:17.023604 VOL: 15.54
14:49:17.106410 CPU: 70.1°C
14:49:17.106410 GPU: 71.1°C
14:49:17.106410 ALT: 0.33
14:49:17.106410 ACC: [3, -8, 504]
14:49:17.106410 GYR: [1, -1, 1]
14:49:17.106410 ATT: [-0.9, -0.4, 0]
14:49:17.106410 VOL: 15.54
14:49:17.198404 CPU: 70.1°C
14:49:17.198404 GPU: 70.1°C
14:49:17.198404 ALT: 0.33
14:49:17.198404 ACC: [3, -9, 504]
14:49:17.198404 GYR: [-1, 0, 0]
14:49:17.198404 ATT: [-0.9, -0.4, 0]
14:49:17.198404 VOL: 15.54
14:49:17.286014 CPU: 70.6°C
14:49:17.286014 GPU: 69.6°C
14:49:17.286014 ALT: 0.33
14:49:17.286014 ACC: [3, -8, 505]
14:49:17.286014 GYR: [1, 1, -2]
14:49:17.286014 ATT: [-1.0, -0.4, 0]
14:49:17.286014 VOL: 15.54
14:49:17.380383 CPU: 70.1°C
14:49:17.380383 GPU: 70.1°C
14:49:17.380383 ALT: 0.33
14:49:17.380383 ACC: [3, -8, 505]
14:49:17.380383 GYR: [-2, 2, -2]
14:49:17.380383 ATT: [-1.0, -0.4, 0]
14:49:17.380383 VOL: 15.56
14:49:17.456092 CPU: 69.6°C
14:49:17.456092 GPU: 69.6°C
14:49:17.456092 ALT: 0.33
14:49:17.456092 ACC: [3, -9, 505]
14:49:17.456092 GYR: [-1, 1, 2]
14:49:17.456092 ATT: [-1.0, -0.4, 0]
14:49:17.456092 VOL: 15.56
14:49:17.541724 CPU: 70.1°C
14:49:17.541724 GPU: 70.1°C
14:49:17.541724 ALT: 0.33
14:49:17.541724 ACC: [3, -8, 504]
14:49:17.541724 GYR: [2, -1, 0]
14:49:17.541724 ATT: [-1.0, -0.4, 0]
14:49:17.541724 VOL: 15.55
14:49:17.651976 CPU: 70.1°C
14:49:17.651976 GPU: 69.6°C
14:49:17.651976 ALT: 0.33
14:49:17.651976 ACC: [3, -8, 505]
14:49:17.651976 GYR: [0, 2, 0]
14:49:17.651976 ATT: [-1.0, -0.4, 0]
14:49:17.651976 VOL: 15.56
14:49:17.748973 CPU: 70.1°C
14:49:17.748973 GPU: 70.6°C
14:49:17.748973 ALT: 0.33
14:49:17.748973 ACC: [3, -8, 505]
14:49:17.748973 GYR: [-1, -2, 0]
14:49:17.748973 ATT: [-1.0, -0.4, 0]
14:49:17.748973 VOL: 15.55
14:49:17.842152 CPU: 69.1°C
14:49:17.842152 GPU: 69.1°C
14:49:17.842152 ALT: 0.33
14:49:17.842152 ACC: [4, -8, 505]
14:49:17.842152 GYR: [1, 1, 0]
14:49:17.842152 ATT: [-1.0, -0.4, 0]
14:49:17.842152 VOL: 15.56
14:49:17.936608 CPU: 69.1°C
14:49:17.936608 GPU: 69.1°C
14:49:17.936608 ALT: 0.33
14:49:17.936608 ACC: [3, -8, 504]
14:49:17.936608 GYR: [1, 0, -2]
14:49:17.936608 ATT: [-1.0, -0.4, 0]
14:49:17.936608 VOL: 15.56
14:49:18.031011 CPU: 69.6°C
14:49:18.031011 GPU: 69.6°C
14:49:18.031011 ALT: 0.33
14:49:18.031011 ACC: [3, -8, 504]
14:49:18.031011 GYR: [1, 0, -2]
14:49:18.031011 ATT: [-1.0, -0.4, 0]
14:49:18.031011 VOL: 15.56
14:49:18.112894 CPU: 70.1°C
14:49:18.112894 GPU: 69.6°C
14:49:18.112894 ALT: 0.33
14:49:18.112894 ACC: [3, -8, 504]
14:49:18.112894 GYR: [2, 0, -2]
14:49:18.112894 ATT: [-1.0, -0.4, 0]
14:49:18.112894 VOL: 15.55
14:49:18.192384 CPU: 70.1°C
14:49:18.192384 GPU: 68.6°C
14:49:18.192384 ALT: 0.33
14:49:18.192384 ACC: [4, -8, 505]
14:49:18.192384 GYR: [0, -1, -1]
14:49:18.192384 ATT: [-1.0, -0.4, 0]
14:49:18.192384 VOL: 15.55
14:49:18.277555 CPU: 69.1°C
14:49:18.277555 GPU: 69.6°C
14:49:18.277555 ALT: 0.29
14:49:18.277555 ACC: [3, -9, 505]
14:49:18.277555 GYR: [-1, 0, -2]
14:49:18.277555 ATT: [-1.0, -0.4, 0]
14:49:18.277555 VOL: 15.55
14:49:18.368386 CPU: 68.2°C
14:49:18.368386 GPU: 68.1°C
14:49:18.368386 ALT: 0.25
14:49:18.368386 ACC: [3, -8, 505]
14:49:18.368386 GYR: [1, 0, 0]
14:49:18.368386 ATT: [-1.0, -0.4, 0]
14:49:18.368386 VOL: 15.55
14:49:18.448870 CPU: 69.1°C
14:49:18.448870 GPU: 69.1°C
14:49:18.448870 ALT: 0.31
14:49:18.448870 ACC: [3, -9, 505]
14:49:18.448870 GYR: [1, -1, 2]
14:49:18.448870 ATT: [-1.0, -0.4, 0]
14:49:18.448870 VOL: 15.55
14:49:18.527771 CPU: 69.1°C
14:49:18.527771 GPU: 67.2°C
14:49:18.527771 ALT: 0.31
14:49:18.527771 ACC: [3, -8, 505]
14:49:18.527771 GYR: [1, 0, 0]
14:49:18.527771 ATT: [-1.0, -0.4, 0]
14:49:18.527771 VOL: 15.56
14:49:18.611288 CPU: 68.2°C
14:49:18.611288 GPU: 68.6°C
14:49:18.611288 ALT: 0.31
14:49:18.611288 ACC: [3, -9, 504]
14:49:18.611288 GYR: [0, 2, 0]
14:49:18.611288 ATT: [-1.0, -0.3, 0]
14:49:18.611288 VOL: 15.56
14:49:18.691434 CPU: 69.1°C
14:49:18.691434 GPU: 68.1°C
14:49:18.691434 ALT: 0.31
14:49:18.691434 ACC: [3, -9, 505]
14:49:18.691434 GYR: [-3, 3, -2]
14:49:18.691434 ATT: [-1.0, -0.3, 0]
14:49:18.691434 VOL: 15.56
14:49:18.767833 CPU: 69.6°C
14:49:18.767833 GPU: 67.6°C
14:49:18.767833 ALT: 0.31
14:49:18.767833 ACC: [3, -8, 505]
14:49:18.767833 GYR: [-2, 0, -3]
14:49:18.767833 ATT: [-1.0, -0.3, 0]
14:49:18.767833 VOL: 15.55
14:49:18.852248 CPU: 68.7°C
14:49:18.852248 GPU: 69.1°C
14:49:18.852248 ALT: 0.31
14:49:18.852248 ACC: [3, -9, 505]
14:49:18.852248 GYR: [0, 0, 0]
14:49:18.852248 ATT: [-1.0, -0.3, 0]
14:49:18.852248 VOL: 15.55
14:49:18.949049 CPU: 68.2°C
14:49:18.949049 GPU: 68.1°C
14:49:18.949049 ALT: 0.31
14:49:18.949049 ACC: [3, -9, 504]
14:49:18.949049 GYR: [0, 0, 1]
14:49:18.949049 ATT: [-1.0, -0.4, 0]
14:49:18.949049 VOL: 15.55
14:49:19.042666 CPU: 68.7°C
14:49:19.042666 GPU: 68.6°C
14:49:19.042666 ALT: 0.31
14:49:19.042666 ACC: [3, -9, 505]
14:49:19.042666 GYR: [-2, 0, 0]
14:49:19.042666 ATT: [-1.0, -0.3, 0]
14:49:19.042666 VOL: 15.55
14:49:19.124751 CPU: 68.7°C
14:49:19.124751 GPU: 68.6°C
14:49:19.124751 ALT: 0.31
14:49:19.124751 ACC: [3, -8, 504]
14:49:19.124751 GYR: [-1, 2, -2]
14:49:19.124751 ATT: [-1.0, -0.3, 0]
14:49:19.124751 VOL: 15.55
14:49:19.205794 CPU: 68.2°C
14:49:19.205794 GPU: 68.1°C
14:49:19.205794 ALT: 0.31
14:49:19.205794 ACC: [4, -9, 505]
14:49:19.205794 GYR: [-1, 0, 2]
14:49:19.205794 ATT: [-1.0, -0.3, 0]
14:49:19.205794 VOL: 15.55
14:49:19.281255 CPU: 68.2°C
14:49:19.281255 GPU: 68.1°C
14:49:19.281255 ALT: 0.31
14:49:19.281255 ACC: [3, -8, 505]
14:49:19.281255 GYR: [-1, 3, -1]
14:49:19.281255 ATT: [-1.0, -0.4, 0]
14:49:19.281255 VOL: 15.55
14:49:19.362812 CPU: 68.2°C
14:49:19.362812 GPU: 68.1°C
14:49:19.362812 ALT: 0.31
14:49:19.362812 ACC: [4, -8, 505]
14:49:19.362812 GYR: [-1, -1, -1]
14:49:19.362812 ATT: [-1.0, -0.4, 0]
14:49:19.362812 VOL: 15.55
14:49:19.440623 CPU: 68.2°C
14:49:19.440623 GPU: 68.1°C
14:49:19.440623 ALT: 0.25
14:49:19.440623 ACC: [3, -8, 504]
14:49:19.440623 GYR: [2, 0, 0]
14:49:19.440623 ATT: [-0.9, -0.4, 0]
14:49:19.440623 VOL: 15.55
14:49:19.522782 CPU: 68.2°C
14:49:19.522782 GPU: 69.1°C
14:49:19.522782 ALT: 0.25
14:49:19.522782 ACC: [3, -9, 505]
14:49:19.522782 GYR: [0, 0, 0]
14:49:19.522782 ATT: [-1.0, -0.4, 0]
14:49:19.522782 VOL: 15.55
14:49:19.599323 CPU: 69.6°C
14:49:19.599323 GPU: 68.1°C
14:49:19.599323 ALT: 0.25
14:49:19.599323 ACC: [3, -9, 505]
14:49:19.599323 GYR: [-1, -2, -2]
14:49:19.599323 ATT: [-1.0, -0.4, 0]
14:49:19.599323 VOL: 15.55
14:49:19.685340 CPU: 69.1°C
14:49:19.685340 GPU: 69.1°C
14:49:19.685340 ALT: 0.25
14:49:19.685340 ACC: [4, -8, 505]
14:49:19.685340 GYR: [3, -1, 1]
14:49:19.685340 ATT: [-1.0, -0.4, 0]
14:49:19.685340 VOL: 15.55
14:49:19.781781 CPU: 68.7°C
14:49:19.781781 GPU: 68.6°C
14:49:19.781781 ALT: 0.25
14:49:19.781781 ACC: [4, -8, 505]
14:49:19.781781 GYR: [2, 2, 0]
14:49:19.781781 ATT: [-1.0, -0.4, 0]
14:49:19.781781 VOL: 15.55
14:49:19.876815 CPU: 69.6°C
14:49:19.876815 GPU: 69.6°C
14:49:19.876815 ALT: 0.25
14:49:19.876815 ACC: [3, -7, 505]
14:49:19.876815 GYR: [1, 0, 2]
14:49:19.876815 ATT: [-0.9, -0.4, 0]
14:49:19.876815 VOL: 15.55
14:49:19.955225 CPU: 69.1°C
14:49:19.955225 GPU: 69.1°C
14:49:19.955225 ALT: 0.25
14:49:19.955225 ACC: [3, -8, 504]
14:49:19.955225 GYR: [-1, 2, -1]
14:49:19.955225 ATT: [-0.9, -0.4, 0]
14:49:19.955225 VOL: 15.55
14:49:20.079735 CPU: 69.6°C
14:49:20.079735 GPU: 69.6°C
14:49:20.079735 ALT: 0.25
14:49:20.079735 ACC: [3, -8, 505]
14:49:20.079735 GYR: [-2, -4, -1]
14:49:20.079735 ATT: [-0.9, -0.4, 0]
14:49:20.079735 VOL: 15.55
14:49:20.167520 CPU: 69.1°C
14:49:20.167520 GPU: 68.6°C
14:49:20.167520 ALT: 0.25
14:49:20.167520 ACC: [3, -8, 505]
14:49:20.167520 GYR: [-2, 0, -3]
14:49:20.167520 ATT: [-0.9, -0.4, 0]
14:49:20.167520 VOL: 15.55
14:49:20.300374 CPU: 70.1°C
14:49:20.300374 GPU: 69.6°C
14:49:20.300374 ALT: 0.25
14:49:20.300374 ACC: [3, -9, 505]
14:49:20.300374 GYR: [1, -1, -1]
14:49:20.300374 ATT: [-0.9, -0.4, 0]
14:49:20.300374 VOL: 15.55
14:49:20.401199 CPU: 70.1°C
14:49:20.401199 GPU: 68.1°C
14:49:20.401199 ALT: 0.25
14:49:20.401199 ACC: [4, -8, 505]
14:49:20.401199 GYR: [-1, 2, 1]
14:49:20.401199 ATT: [-0.9, -0.4, 0]
14:49:20.401199 VOL: 15.55
14:49:20.535618 CPU: 70.1°C
14:49:20.535618 GPU: 68.6°C
14:49:20.535618 ALT: 0.25
14:49:20.535618 ACC: [3, -9, 505]
14:49:20.535618 GYR: [2, -1, 0]
14:49:20.535618 ATT: [-0.9, -0.4, 0]
14:49:20.535618 VOL: 15.55
14:49:20.695872 CPU: 70.1°C
14:49:20.695872 GPU: 68.6°C
14:49:20.695872 ALT: 0.21
14:49:20.695872 ACC: [4, -8, 505]
14:49:20.695872 GYR: [-1, 3, -2]
14:49:20.695872 ATT: [-1.0, -0.4, 0]
14:49:20.695872 VOL: 15.55
14:49:20.797183 CPU: 70.1°C
14:49:20.797183 GPU: 68.6°C
14:49:20.797183 ALT: 0.16
14:49:20.797183 ACC: [3, -9, 505]
14:49:20.797183 GYR: [-1, -2, -1]
14:49:20.797183 ATT: [-1.0, -0.4, 0]
14:49:20.797183 VOL: 15.55
14:49:20.931413 CPU: 69.1°C
14:49:20.931413 GPU: 69.6°C
14:49:20.931413 ALT: 0.16
14:49:20.931413 ACC: [3, -9, 504]
14:49:20.931413 GYR: [-3, 0, 0]
14:49:20.931413 ATT: [-1.0, -0.4, 0]
14:49:20.931413 VOL: 15.55
14:49:21.014385 CPU: 68.7°C
14:49:21.014385 GPU: 68.6°C
14:49:21.014385 ALT: 0.16
14:49:21.014385 ACC: [3, -8, 505]
14:49:21.014385 GYR: [0, 0, -1]
14:49:21.014385 ATT: [-1.0, -0.4, 0]
14:49:21.014385 VOL: 15.55
14:49:21.108166 CPU: 69.1°C
14:49:21.108166 GPU: 70.1°C
14:49:21.108166 ALT: 0.16
14:49:21.108166 ACC: [3, -8, 504]
14:49:21.108166 GYR: [-1, 0, 0]
14:49:21.108166 ATT: [-1.0, -0.4, 0]
14:49:21.108166 VOL: 15.55
14:49:21.196255 CPU: 69.1°C
14:49:21.196255 GPU: 69.6°C
14:49:21.196255 ALT: 0.16
14:49:21.196255 ACC: [3, -10, 505]
14:49:21.196255 GYR: [0, 1, -3]
14:49:21.196255 ATT: [-1.0, -0.4, 0]
14:49:21.196255 VOL: 15.55
14:49:21.296403 CPU: 68.7°C
14:49:21.296403 GPU: 69.1°C
14:49:21.296403 ALT: 0.16
14:49:21.296403 ACC: [3, -8, 505]
14:49:21.296403 GYR: [-2, -1, -1]
14:49:21.296403 ATT: [-1.0, -0.4, 0]
14:49:21.296403 VOL: 15.55
14:49:21.380555 CPU: 70.1°C
14:49:21.380555 GPU: 70.1°C
14:49:21.380555 ALT: 0.16
14:49:21.380555 ACC: [3, -8, 505]
14:49:21.380555 GYR: [-2, -2, 1]
14:49:21.380555 ATT: [-1.0, -0.4, 0]
14:49:21.380555 VOL: 15.55
14:49:21.463375 CPU: 70.1°C
14:49:21.463375 GPU: 70.1°C
14:49:21.463375 ALT: 0.16
14:49:21.463375 ACC: [3, -8, 505]
14:49:21.463375 GYR: [0, 1, -2]
14:49:21.463375 ATT: [-1.0, -0.4, 0]
14:49:21.463375 VOL: 15.55
14:49:21.541046 CPU: 69.1°C
14:49:21.541046 GPU: 69.6°C
14:49:21.541046 ALT: 0.16
14:49:21.541046 ACC: [3, -9, 505]
14:49:21.541046 GYR: [0, 1, -1]
14:49:21.541046 ATT: [-1.0, -0.4, 0]
14:49:21.541046 VOL: 15.55
14:49:21.620807 CPU: 69.6°C
14:49:21.620807 GPU: 69.6°C
14:49:21.620807 ALT: 0.16
14:49:21.620807 ACC: [3, -8, 505]
14:49:21.620807 GYR: [2, 0, -2]
14:49:21.620807 ATT: [-1.0, -0.4, 0]
14:49:21.620807 VOL: 15.55
14:49:21.697402 CPU: 70.1°C
14:49:21.697402 GPU: 69.1°C
14:49:21.697402 ALT: 0.16
14:49:21.697402 ACC: [3, -8, 505]
14:49:21.697402 GYR: [-1, 0, 1]
14:49:21.697402 ATT: [-1.0, -0.4, 0]
14:49:21.697402 VOL: 15.55
14:49:21.779977 CPU: 69.1°C
14:49:21.779977 GPU: 69.1°C
14:49:21.779977 ALT: 0.16
14:49:21.779977 ACC: [3, -8, 505]
14:49:21.779977 GYR: [1, -1, -1]
14:49:21.779977 ATT: [-1.0, -0.4, 0]
14:49:21.779977 VOL: 15.55
14:49:21.876141 CPU: 68.7°C
14:49:21.876141 GPU: 69.1°C
14:49:21.876141 ALT: 0.16
14:49:21.876141 ACC: [3, -9, 505]
14:49:21.876141 GYR: [2, 1, 1]
14:49:21.876141 ATT: [-1.0, -0.4, 0]
14:49:21.876141 VOL: 15.55
14:49:21.973076 CPU: 69.6°C
14:49:21.973076 GPU: 69.6°C
14:49:21.973076 ALT: 0.1
14:49:21.973076 ACC: [3, -8, 505]
14:49:21.973076 GYR: [1, 2, -2]
14:49:21.973076 ATT: [-1.0, -0.4, 0]
14:49:21.973076 VOL: 15.55
14:49:22.052298 CPU: 69.1°C
14:49:22.052298 GPU: 69.1°C
14:49:22.052298 ALT: 0.08
14:49:22.052298 ACC: [3, -8, 505]
14:49:22.052298 GYR: [-1, 1, -1]
14:49:22.052298 ATT: [-1.0, -0.4, 0]
14:49:22.052298 VOL: 15.55
14:49:22.137695 CPU: 69.1°C
14:49:22.137695 GPU: 69.1°C
14:49:22.137695 ALT: 0.14
14:49:22.137695 ACC: [4, -8, 505]
14:49:22.137695 GYR: [0, 2, 0]
14:49:22.137695 ATT: [-1.0, -0.4, 0]
14:49:22.137695 VOL: 15.55
14:49:22.231720 CPU: 69.1°C
14:49:22.231720 GPU: 70.1°C
14:49:22.231720 ALT: 0.14
14:49:22.231720 ACC: [3, -8, 504]
14:49:22.231720 GYR: [0, 0, 0]
14:49:22.231720 ATT: [-1.0, -0.4, 0]
14:49:22.231720 VOL: 15.55
14:49:22.338616 CPU: 69.6°C
14:49:22.338616 GPU: 69.6°C
14:49:22.338616 ALT: 0.14
14:49:22.338616 ACC: [3, -8, 504]
14:49:22.338616 GYR: [0, 0, -1]
14:49:22.338616 ATT: [-1.0, -0.4, 0]
14:49:22.338616 VOL: 15.55
14:49:22.448656 CPU: 67.7°C
14:49:22.448656 GPU: 67.6°C
14:49:22.448656 ALT: 0.14
14:49:22.448656 ACC: [4, -9, 505]
14:49:22.448656 GYR: [0, -1, -1]
14:49:22.448656 ATT: [-1.0, -0.4, 0]
14:49:22.448656 VOL: 15.55
14:49:22.530305 CPU: 69.1°C
14:49:22.530305 GPU: 68.6°C
14:49:22.530305 ALT: 0.14
14:49:22.530305 ACC: [3, -8, 505]
14:49:22.530305 GYR: [0, 0, 0]
14:49:22.530305 ATT: [-1.0, -0.4, 0]
14:49:22.530305 VOL: 15.55
14:49:22.619593 CPU: 69.6°C
14:49:22.619593 GPU: 70.6°C
14:49:22.619593 ALT: 0.14
14:49:22.619593 ACC: [3, -8, 505]
14:49:22.619593 GYR: [2, 0, 0]
14:49:22.619593 ATT: [-0.9, -0.4, 0]
14:49:22.619593 VOL: 15.55
14:49:22.705072 CPU: 68.7°C
14:49:22.705072 GPU: 67.6°C
14:49:22.705072 ALT: 0.14
14:49:22.705072 ACC: [3, -8, 506]
14:49:22.705072 GYR: [-1, 2, -3]
14:49:22.705072 ATT: [-1.0, -0.4, 0]
14:49:22.705072 VOL: 15.55
14:49:22.792703 CPU: 70.1°C
14:49:22.792703 GPU: 68.6°C
14:49:22.792703 ALT: 0.14
14:49:22.792703 ACC: [3, -8, 505]
14:49:22.792703 GYR: [1, -1, 0]
14:49:22.792703 ATT: [-1.0, -0.4, 0]
14:49:22.792703 VOL: 15.55
14:49:22.880782 CPU: 70.1°C
14:49:22.880782 GPU: 69.6°C
14:49:22.880782 ALT: 0.14
14:49:22.880782 ACC: [3, -8, 505]
14:49:22.880782 GYR: [-3, 0, -2]
14:49:22.880782 ATT: [-1.0, -0.4, 0]
14:49:22.880782 VOL: 15.55
14:49:22.983042 CPU: 69.6°C
14:49:22.983042 GPU: 69.1°C
14:49:22.983042 ALT: 0.14
14:49:22.983042 ACC: [4, -9, 505]
14:49:22.983042 GYR: [4, -2, -1]
14:49:22.983042 ATT: [-1.0, -0.4, 0]
14:49:22.983042 VOL: 15.55
14:49:23.084831 CPU: 68.7°C
14:49:23.084831 GPU: 69.6°C
14:49:23.084831 ALT: 0.14
14:49:23.084831 ACC: [3, -9, 505]
14:49:23.084831 GYR: [-1, 0, 0]
14:49:23.084831 ATT: [-1.0, -0.4, 0]
14:49:23.084831 VOL: 15.55
14:49:23.184476 CPU: 69.6°C
14:49:23.184476 GPU: 70.1°C
14:49:23.184476 ALT: 0.14
14:49:23.184476 ACC: [3, -8, 505]
14:49:23.184476 GYR: [2, -2, 1]
14:49:23.184476 ATT: [-1.0, -0.4, 0]
14:49:23.184476 VOL: 15.55
14:49:23.308248 CPU: 69.6°C
14:49:23.308248 GPU: 69.6°C
14:49:23.308248 ALT: 0.11
14:49:23.308248 ACC: [3, -8, 505]
14:49:23.308248 GYR: [-1, 0, 0]
14:49:23.308248 ATT: [-1.0, -0.4, 0]
14:49:23.308248 VOL: 15.55
14:49:23.396568 CPU: 70.1°C
14:49:23.396568 GPU: 69.6°C
14:49:23.396568 ALT: 0.08
14:49:23.396568 ACC: [3, -8, 506]
14:49:23.396568 GYR: [-2, -3, -3]
14:49:23.396568 ATT: [-1.0, -0.4, 0]
14:49:23.396568 VOL: 15.55
14:49:23.478354 CPU: 69.1°C
14:49:23.478354 GPU: 69.6°C
14:49:23.478354 ALT: 0.08
14:49:23.478354 ACC: [3, -8, 505]
14:49:23.478354 GYR: [2, 0, 1]
14:49:23.478354 ATT: [-1.0, -0.4, 0]
14:49:23.478354 VOL: 15.55
14:49:23.556417 CPU: 68.7°C
14:49:23.556417 GPU: 69.6°C
14:49:23.556417 ALT: 0.08
14:49:23.556417 ACC: [3, -9, 505]
14:49:23.556417 GYR: [1, 0, -1]
14:49:23.556417 ATT: [-1.0, -0.4, 0]
14:49:23.556417 VOL: 15.55
14:49:23.643173 CPU: 68.7°C
14:49:23.643173 GPU: 68.1°C
14:49:23.643173 ALT: 0.08
14:49:23.643173 ACC: [3, -8, 505]
14:49:23.643173 GYR: [-1, 0, -2]
14:49:23.643173 ATT: [-1.0, -0.4, 0]
14:49:23.643173 VOL: 15.55
14:49:23.755600 CPU: 70.1°C
14:49:23.755600 GPU: 70.1°C
14:49:23.755600 ALT: 0.08
14:49:23.755600 ACC: [3, -8, 505]
14:49:23.755600 GYR: [2, 0, 0]
14:49:23.755600 ATT: [-1.0, -0.4, 0]
14:49:23.755600 VOL: 15.55
14:49:23.849645 CPU: 68.7°C
14:49:23.849645 GPU: 68.6°C
14:49:23.849645 ALT: 0.08
14:49:23.849645 ACC: [3, -8, 505]
14:49:23.849645 GYR: [0, -1, 0]
14:49:23.849645 ATT: [-1.0, -0.4, 0]
14:49:23.849645 VOL: 15.55
14:49:23.943360 CPU: 70.1°C
14:49:23.943360 GPU: 69.1°C
14:49:23.943360 ALT: 0.08
14:49:23.943360 ACC: [3, -9, 505]
14:49:23.943360 GYR: [-2, 1, 0]
14:49:23.943360 ATT: [-1.0, -0.4, 0]
14:49:23.943360 VOL: 15.55
14:49:24.050843 CPU: 69.6°C
14:49:24.050843 GPU: 69.6°C
14:49:24.050843 ALT: 0.08
14:49:24.050843 ACC: [3, -9, 505]
14:49:24.050843 GYR: [-1, 2, 3]
14:49:24.050843 ATT: [-1.0, -0.4, 0]
14:49:24.050843 VOL: 15.55
14:49:24.136923 CPU: 69.6°C
14:49:24.136923 GPU: 70.1°C
14:49:24.136923 ALT: 0.08
14:49:24.136923 ACC: [4, -8, 505]
14:49:24.136923 GYR: [1, 0, 0]
14:49:24.136923 ATT: [-1.0, -0.4, 0]
14:49:24.136923 VOL: 15.55
14:49:24.246158 CPU: 69.6°C
14:49:24.246158 GPU: 69.6°C
14:49:24.246158 ALT: 0.08
14:49:24.246158 ACC: [4, -9, 505]
14:49:24.246158 GYR: [0, 0, -1]
14:49:24.246158 ATT: [-1.0, -0.4, 0]
14:49:24.246158 VOL: 15.55
14:49:24.365248 CPU: 69.1°C
14:49:24.365248 GPU: 70.1°C
14:49:24.365248 ALT: 0.08
14:49:24.365248 ACC: [4, -9, 505]
14:49:24.365248 GYR: [-1, -1, -2]
14:49:24.365248 ATT: [-1.0, -0.4, 0]
14:49:24.365248 VOL: 15.55
14:49:24.461901 CPU: 70.6°C
14:49:24.461901 GPU: 69.1°C
14:49:24.461901 ALT: 0.08
14:49:24.461901 ACC: [3, -8, 505]
14:49:24.461901 GYR: [0, 1, -2]
14:49:24.461901 ATT: [-1.0, -0.4, 0]
14:49:24.461901 VOL: 15.55
14:49:24.549108 CPU: 69.1°C
14:49:24.549108 GPU: 70.6°C
14:49:24.549108 ALT: 0.08
14:49:24.549108 ACC: [3, -8, 505]
14:49:24.549108 GYR: [-3, 1, -1]
14:49:24.549108 ATT: [-1.0, -0.4, 0]
14:49:24.549108 VOL: 15.55
14:49:24.660343 CPU: 71.1°C
14:49:24.660343 GPU: 71.1°C
14:49:24.660343 ALT: 0.08
14:49:24.660343 ACC: [3, -9, 504]
14:49:24.660343 GYR: [0, 0, -2]
14:49:24.660343 ATT: [-1.0, -0.4, 0]
14:49:24.660343 VOL: 15.55
14:49:24.760071 CPU: 70.6°C
14:49:24.760071 GPU: 70.6°C
14:49:24.760071 ALT: 0.08
14:49:24.760071 ACC: [3, -9, 505]
14:49:24.760071 GYR: [-1, 2, 0]
14:49:24.760071 ATT: [-1.0, -0.4, 0]
14:49:24.760071 VOL: 15.55
14:49:24.847480 CPU: 70.6°C
14:49:24.847480 GPU: 70.6°C
14:49:24.847480 ALT: 0.08
14:49:24.847480 ACC: [3, -8, 505]
14:49:24.847480 GYR: [0, 1, 2]
14:49:24.847480 ATT: [-1.0, -0.4, 0]
14:49:24.847480 VOL: 15.55
14:49:24.943628 CPU: 70.1°C
14:49:24.943628 GPU: 69.1°C
14:49:24.943628 ALT: 0.08
14:49:24.943628 ACC: [3, -8, 505]
14:49:24.943628 GYR: [0, 2, 1]
14:49:24.943628 ATT: [-1.0, -0.4, 0]
14:49:24.943628 VOL: 15.55
14:49:25.030621 CPU: 70.6°C
14:49:25.030621 GPU: 70.6°C
14:49:25.030621 ALT: 0.02
14:49:25.030621 ACC: [3, -8, 505]
14:49:25.030621 GYR: [0, -3, 2]
14:49:25.030621 ATT: [-1.0, -0.4, 0]
14:49:25.030621 VOL: 15.55
14:49:25.135268 CPU: 70.6°C
14:49:25.135268 GPU: 70.1°C
14:49:25.135268 ALT: -0.01
14:49:25.135268 ACC: [3, -8, 505]
14:49:25.135268 GYR: [1, 1, 1]
14:49:25.135268 ATT: [-1.0, -0.4, 0]
14:49:25.135268 VOL: 15.55
14:49:25.228717 CPU: 70.1°C
14:49:25.228717 GPU: 69.6°C
14:49:25.228717 ALT: -0.01
14:49:25.228717 ACC: [3, -9, 505]
14:49:25.228717 GYR: [0, -1, 3]
14:49:25.228717 ATT: [-1.0, -0.4, 0]
14:49:25.228717 VOL: 15.54
14:49:25.327133 CPU: 70.1°C
14:49:25.327133 GPU: 71.1°C
14:49:25.327133 ALT: -0.01
14:49:25.327133 ACC: [3, -8, 505]
14:49:25.327133 GYR: [-1, -2, -1]
14:49:25.327133 ATT: [-1.0, -0.4, 0]
14:49:25.327133 VOL: 15.54
14:49:25.412004 CPU: 70.1°C
14:49:25.412004 GPU: 70.6°C
14:49:25.412004 ALT: -0.01
14:49:25.412004 ACC: [3, -8, 505]
14:49:25.412004 GYR: [-2, 1, -2]
14:49:25.412004 ATT: [-1.0, -0.4, 0]
14:49:25.412004 VOL: 15.54
14:49:25.515830 CPU: 70.1°C
14:49:25.515830 GPU: 70.6°C
14:49:25.515830 ALT: -0.01
14:49:25.515830 ACC: [3, -8, 506]
14:49:25.515830 GYR: [1, -3, 3]
14:49:25.515830 ATT: [-1.0, -0.4, 0]
14:49:25.515830 VOL: 15.54
14:49:25.605010 CPU: 71.1°C
14:49:25.605010 GPU: 71.1°C
14:49:25.605010 ALT: -0.01
14:49:25.605010 ACC: [3, -8, 506]
14:49:25.605010 GYR: [2, -2, 1]
14:49:25.605010 ATT: [-1.0, -0.4, 0]
14:49:25.605010 VOL: 15.53
14:49:25.690526 CPU: 71.1°C
14:49:25.690526 GPU: 70.1°C
14:49:25.690526 ALT: -0.01
14:49:25.690526 ACC: [3, -8, 505]
14:49:25.690526 GYR: [0, -1, -1]
14:49:25.690526 ATT: [-1.0, -0.4, 0]
14:49:25.690526 VOL: 15.53
14:49:25.786429 CPU: 70.6°C
14:49:25.786429 GPU: 70.6°C
14:49:25.786429 ALT: -0.01
14:49:25.786429 ACC: [3, -9, 506]
14:49:25.786429 GYR: [2, -2, 0]
14:49:25.786429 ATT: [-1.0, -0.4, 0]
14:49:25.786429 VOL: 15.53
14:49:25.879796 CPU: 69.1°C
14:49:25.879796 GPU: 69.1°C
14:49:25.879796 ALT: -0.01
14:49:25.879796 ACC: [3, -8, 505]
14:49:25.879796 GYR: [-1, 3, -1]
14:49:25.879796 ATT: [-1.0, -0.4, 0]
14:49:25.879796 VOL: 15.53
14:49:25.971471 CPU: 69.6°C
14:49:25.971471 GPU: 69.6°C
14:49:25.971471 ALT: -0.01
14:49:25.971471 ACC: [3, -8, 505]
14:49:25.971471 GYR: [2, -1, -1]
14:49:25.971471 ATT: [-0.9, -0.4, 0]
14:49:25.971471 VOL: 15.54
14:49:26.064821 CPU: 70.1°C
14:49:26.064821 GPU: 69.6°C
14:49:26.064821 ALT: -0.01
14:49:26.064821 ACC: [3, -8, 505]
14:49:26.064821 GYR: [-1, 2, -1]
14:49:26.064821 ATT: [-0.9, -0.4, 0]
14:49:26.064821 VOL: 15.54
14:49:26.157538 CPU: 70.6°C
14:49:26.157538 GPU: 69.6°C
14:49:26.157538 ALT: -0.01
14:49:26.157538 ACC: [3, -9, 505]
14:49:26.157538 GYR: [1, 0, -3]
14:49:26.157538 ATT: [-0.9, -0.4, 0]
14:49:26.157538 VOL: 15.53
14:49:26.240862 CPU: 69.1°C
14:49:26.240862 GPU: 69.1°C
14:49:26.240862 ALT: -0.01
14:49:26.240862 ACC: [3, -9, 505]
14:49:26.240862 GYR: [1, 1, 1]
14:49:26.240862 ATT: [-0.9, -0.4, 0]
14:49:26.240862 VOL: 15.53
14:49:26.323572 CPU: 68.7°C
14:49:26.323572 GPU: 69.1°C
14:49:26.323572 ALT: -0.01
14:49:26.323572 ACC: [3, -9, 505]
14:49:26.323572 GYR: [-1, -2, 0]
14:49:26.323572 ATT: [-0.9, -0.4, 0]
14:49:26.323572 VOL: 15.53
14:49:26.401289 CPU: 69.6°C
14:49:26.401289 GPU: 69.6°C
14:49:26.401289 ALT: -0.01
14:49:26.401289 ACC: [3, -8, 505]
14:49:26.401289 GYR: [0, 2, 2]
14:49:26.401289 ATT: [-0.9, -0.4, 0]
14:49:26.401289 VOL: 15.54
14:49:26.483251 CPU: 70.1°C
14:49:26.483251 GPU: 70.1°C
14:49:26.483251 ALT: -0.01
14:49:26.483251 ACC: [3, -8, 505]
14:49:26.483251 GYR: [1, -2, 0]
14:49:26.483251 ATT: [-1.0, -0.4, 0]
14:49:26.483251 VOL: 15.54
14:49:26.564853 CPU: 69.6°C
14:49:26.564853 GPU: 68.6°C
14:49:26.564853 ALT: -0.01
14:49:26.564853 ACC: [3, -8, 505]
14:49:26.564853 GYR: [0, 1, -2]
14:49:26.564853 ATT: [-0.9, -0.4, 0]
14:49:26.564853 VOL: 15.54
14:49:26.642803 CPU: 68.7°C
14:49:26.642803 GPU: 68.6°C
14:49:26.642803 ALT: -0.01
14:49:26.642803 ACC: [3, -8, 505]
14:49:26.642803 GYR: [2, 0, 1]
14:49:26.642803 ATT: [-0.9, -0.4, 0]
14:49:26.642803 VOL: 15.54
14:49:26.723796 CPU: 69.6°C
14:49:26.723796 GPU: 69.6°C
14:49:26.723796 ALT: -0.01
14:49:26.723796 ACC: [3, -9, 505]
14:49:26.723796 GYR: [2, 1, 3]
14:49:26.723796 ATT: [-1.0, -0.4, 0]
14:49:26.723796 VOL: 15.54
14:49:26.805038 CPU: 69.1°C
14:49:26.805038 GPU: 68.6°C
14:49:26.805038 ALT: -0.05
14:49:26.805038 ACC: [3, -8, 505]
14:49:26.805038 GYR: [1, 1, 2]
14:49:26.805038 ATT: [-1.0, -0.4, 0]
14:49:26.805038 VOL: 15.54
14:49:26.900453 CPU: 68.7°C
14:49:26.900453 GPU: 68.1°C
14:49:26.900453 ALT: -0.03
14:49:26.900453 ACC: [4, -8, 505]
14:49:26.900453 GYR: [2, -1, -1]
14:49:26.900453 ATT: [-1.0, -0.4, 0]
14:49:26.900453 VOL: 15.54
14:49:26.994936 CPU: 69.6°C
14:49:26.994936 GPU: 69.6°C
14:49:26.994936 ALT: -0.03
14:49:26.994936 ACC: [4, -8, 505]
14:49:26.994936 GYR: [0, -2, -1]
14:49:26.994936 ATT: [-0.9, -0.4, 0]
14:49:26.994936 VOL: 15.54
14:49:27.071660 CPU: 68.7°C
14:49:27.071660 GPU: 70.6°C
14:49:27.071660 ALT: -0.03
14:49:27.071660 ACC: [3, -9, 505]
14:49:27.071660 GYR: [1, -1, -2]
14:49:27.071660 ATT: [-0.9, -0.4, 0]
14:49:27.071660 VOL: 15.54
14:49:27.161778 CPU: 69.1°C
14:49:27.161778 GPU: 69.6°C
14:49:27.161778 ALT: -0.03
14:49:27.161778 ACC: [2, -9, 505]
14:49:27.161778 GYR: [0, 0, 0]
14:49:27.161778 ATT: [-0.9, -0.4, 0]
14:49:27.161778 VOL: 15.54
14:49:27.252985 CPU: 69.6°C
14:49:27.252985 GPU: 69.6°C
14:49:27.252985 ALT: -0.03
14:49:27.252985 ACC: [3, -8, 505]
14:49:27.252985 GYR: [1, 0, 1]
14:49:27.252985 ATT: [-1.0, -0.3, 0]
14:49:27.252985 VOL: 15.54
14:49:27.332651 CPU: 68.7°C
14:49:27.332651 GPU: 69.1°C
14:49:27.332651 ALT: -0.03
14:49:27.332651 ACC: [3, -8, 505]
14:49:27.332651 GYR: [-1, 1, -1]
14:49:27.332651 ATT: [-0.9, -0.3, 0]
14:49:27.332651 VOL: 15.54
14:49:27.411490 CPU: 68.2°C
14:49:27.411490 GPU: 69.1°C
14:49:27.411490 ALT: -0.03
14:49:27.411490 ACC: [3, -8, 505]
14:49:27.411490 GYR: [-1, -2, 2]
14:49:27.411490 ATT: [-0.9, -0.4, 0]
14:49:27.411490 VOL: 15.54
14:49:27.494432 CPU: 68.7°C
14:49:27.494432 GPU: 68.6°C
14:49:27.494432 ALT: -0.03
14:49:27.494432 ACC: [3, -9, 505]
14:49:27.494432 GYR: [-1, -2, 0]
14:49:27.494432 ATT: [-0.9, -0.4, 0]
14:49:27.494432 VOL: 15.54
14:49:27.571097 CPU: 69.6°C
14:49:27.571097 GPU: 68.1°C
14:49:27.571097 ALT: -0.03
14:49:27.571097 ACC: [3, -8, 505]
14:49:27.571097 GYR: [0, 2, 0]
14:49:27.571097 ATT: [-0.9, -0.4, 0]
14:49:27.571097 VOL: 15.54
14:49:27.667859 CPU: 69.1°C
14:49:27.667859 GPU: 69.1°C
14:49:27.667859 ALT: -0.03
14:49:27.667859 ACC: [3, -8, 505]
14:49:27.667859 GYR: [1, -1, -1]
14:49:27.667859 ATT: [-0.9, -0.4, 0]
14:49:27.667859 VOL: 15.54
14:49:27.748620 CPU: 68.7°C
14:49:27.748620 GPU: 68.1°C
14:49:27.748620 ALT: -0.03
14:49:27.748620 ACC: [3, -8, 505]
14:49:27.748620 GYR: [0, -1, 0]
14:49:27.748620 ATT: [-1.0, -0.4, 0]
14:49:27.748620 VOL: 15.54
14:49:27.831136 CPU: 69.6°C
14:49:27.831136 GPU: 69.6°C
14:49:27.831136 ALT: -0.03
14:49:27.831136 ACC: [3, -9, 505]
14:49:27.831136 GYR: [0, 0, 0]
14:49:27.831136 ATT: [-0.9, -0.4, 0]
14:49:27.831136 VOL: 15.54
14:49:27.922783 CPU: 68.7°C
14:49:27.922783 GPU: 67.6°C
14:49:27.922783 ALT: -0.03
14:49:27.922783 ACC: [4, -9, 505]
14:49:27.922783 GYR: [2, 0, 2]
14:49:27.922783 ATT: [-0.9, -0.4, 0]
14:49:27.922783 VOL: 15.54
14:49:28.003612 CPU: 68.7°C
14:49:28.003612 GPU: 68.6°C
14:49:28.003612 ALT: -0.03
14:49:28.003612 ACC: [5, -6, 505]
14:49:28.003612 GYR: [-1, 0, 1]
14:49:28.003612 ATT: [-0.9, -0.4, 0]
14:49:28.003612 VOL: 15.54
14:49:28.082292 CPU: 68.7°C
14:49:28.082292 GPU: 68.6°C
14:49:28.082292 ALT: -0.03
14:49:28.082292 ACC: [3, -8, 505]
14:49:28.082292 GYR: [0, -1, -2]
14:49:28.082292 ATT: [-0.9, -0.4, 0]
14:49:28.082292 VOL: 15.54
14:49:28.163172 CPU: 69.1°C
14:49:28.163172 GPU: 68.6°C
14:49:28.163172 ALT: -0.03
14:49:28.163172 ACC: [3, -8, 505]
14:49:28.163172 GYR: [-1, 3, -1]
14:49:28.163172 ATT: [-0.9, -0.4, 0]
14:49:28.163172 VOL: 15.54
14:49:28.242006 CPU: 68.7°C
14:49:28.242006 GPU: 68.6°C
14:49:28.242006 ALT: -0.03
14:49:28.242006 ACC: [3, -8, 505]
14:49:28.242006 GYR: [0, 2, -1]
14:49:28.242006 ATT: [-0.9, -0.4, 0]
14:49:28.242006 VOL: 15.54
14:49:28.326821 CPU: 69.1°C
14:49:28.326821 GPU: 69.1°C
14:49:28.326821 ALT: -0.03
14:49:28.326821 ACC: [3, -9, 505]
14:49:28.326821 GYR: [-2, 1, 1]
14:49:28.326821 ATT: [-0.9, -0.4, 0]
14:49:28.326821 VOL: 15.54
14:49:28.405900 CPU: 67.7°C
14:49:28.405900 GPU: 67.6°C
14:49:28.405900 ALT: -0.03
14:49:28.405900 ACC: [3, -9, 505]
14:49:28.405900 GYR: [1, 2, 0]
14:49:28.405900 ATT: [-1.0, -0.4, 0]
14:49:28.405900 VOL: 15.55
14:49:28.498121 CPU: 69.1°C
14:49:28.498121 GPU: 68.1°C
14:49:28.498121 ALT: -0.03
14:49:28.498121 ACC: [3, -9, 505]
14:49:28.498121 GYR: [-4, -3, 0]
14:49:28.498121 ATT: [-1.0, -0.4, 0]
14:49:28.498121 VOL: 15.55
14:49:28.577719 CPU: 69.1°C
14:49:28.577719 GPU: 67.6°C
14:49:28.577719 ALT: -0.03
14:49:28.577719 ACC: [3, -9, 505]
14:49:28.577719 GYR: [-4, 1, 0]
14:49:28.577719 ATT: [-1.0, -0.4, 0]
14:49:28.577719 VOL: 15.54
14:49:28.665563 CPU: 67.2°C
14:49:28.665563 GPU: 68.1°C
14:49:28.665563 ALT: -0.03
14:49:28.665563 ACC: [3, -9, 505]
14:49:28.665563 GYR: [5, 1, -1]
14:49:28.665563 ATT: [-1.0, -0.4, 0]
14:49:28.665563 VOL: 15.54
14:49:28.755704 CPU: 68.7°C
14:49:28.755704 GPU: 69.1°C
14:49:28.755704 ALT: -0.03
14:49:28.755704 ACC: [3, -9, 506]
14:49:28.755704 GYR: [-5, -5, -2]
14:49:28.755704 ATT: [-1.0, -0.4, 0]
14:49:28.755704 VOL: 15.54
14:49:28.836927 CPU: 69.1°C
14:49:28.836927 GPU: 69.1°C
14:49:28.836927 ALT: -0.03
14:49:28.836927 ACC: [3, -9, 505]
14:49:28.836927 GYR: [1, 1, 2]
14:49:28.836927 ATT: [-1.0, -0.4, 0]
14:49:28.836927 VOL: 15.54
14:49:28.914596 CPU: 69.1°C
14:49:28.914596 GPU: 69.1°C
14:49:28.914596 ALT: 0.05
14:49:28.914596 ACC: [3, -9, 505]
14:49:28.914596 GYR: [1, -2, 3]
14:49:28.914596 ATT: [-1.0, -0.4, 0]
14:49:28.914596 VOL: 15.54
14:49:29.000189 CPU: 69.1°C
14:49:29.000189 GPU: 69.1°C
14:49:29.000189 ALT: 0.06
14:49:29.000189 ACC: [3, -9, 505]
14:49:29.000189 GYR: [1, 0, -2]
14:49:29.000189 ATT: [-1.0, -0.4, 0]
14:49:29.000189 VOL: 15.54
14:49:29.072702 CPU: 68.2°C
14:49:29.072702 GPU: 68.1°C
14:49:29.072702 ALT: 0.06
14:49:29.072702 ACC: [3, -9, 506]
14:49:29.072702 GYR: [-2, -2, 1]
14:49:29.072702 ATT: [-1.0, -0.4, 0]
14:49:29.072702 VOL: 15.54
14:49:29.154406 CPU: 68.7°C
14:49:29.154406 GPU: 68.6°C
14:49:29.154406 ALT: 0.06
14:49:29.154406 ACC: [4, -9, 506]
14:49:29.154406 GYR: [3, -2, 4]
14:49:29.154406 ATT: [-1.0, -0.4, 0]
14:49:29.154406 VOL: 15.54
14:49:29.241090 CPU: 69.1°C
14:49:29.241090 GPU: 69.1°C
14:49:29.241090 ALT: 0.06
14:49:29.241090 ACC: [3, -9, 505]
14:49:29.241090 GYR: [0, 0, 0]
14:49:29.241090 ATT: [-1.0, -0.4, 0]
14:49:29.241090 VOL: 15.54
14:49:29.331407 CPU: 67.7°C
14:49:29.331407 GPU: 68.6°C
14:49:29.331407 ALT: 0.06
14:49:29.331407 ACC: [3, -9, 505]
14:49:29.331407 GYR: [0, 0, 0]
14:49:29.331407 ATT: [-1.0, -0.4, 0]
14:49:29.331407 VOL: 15.54
14:49:29.414233 CPU: 69.6°C
14:49:29.414233 GPU: 69.6°C
14:49:29.414233 ALT: 0.06
14:49:29.414233 ACC: [3, -9, 505]
14:49:29.414233 GYR: [1, 1, -3]
14:49:29.414233 ATT: [-1.0, -0.4, 0]
14:49:29.414233 VOL: 15.54
14:49:29.493111 CPU: 68.7°C
14:49:29.493111 GPU: 68.6°C
14:49:29.493111 ALT: 0.06
14:49:29.493111 ACC: [3, -9, 505]
14:49:29.493111 GYR: [-1, 0, -1]
14:49:29.493111 ATT: [-1.0, -0.4, 0]
14:49:29.493111 VOL: 15.54
14:49:29.570859 CPU: 69.1°C
14:49:29.570859 GPU: 69.6°C
14:49:29.570859 ALT: 0.06
14:49:29.570859 ACC: [3, -9, 505]
14:49:29.570859 GYR: [-2, 2, -3]
14:49:29.570859 ATT: [-1.0, -0.4, 0]
14:49:29.570859 VOL: 15.54
14:49:29.671392 CPU: 68.7°C
14:49:29.671392 GPU: 68.6°C
14:49:29.671392 ALT: 0.06
14:49:29.671392 ACC: [3, -9, 506]
14:49:29.671392 GYR: [-1, 1, 0]
14:49:29.671392 ATT: [-1.0, -0.4, 0]
14:49:29.671392 VOL: 15.54
14:49:29.746075 CPU: 69.1°C
14:49:29.746075 GPU: 68.6°C
14:49:29.746075 ALT: 0.06
14:49:29.746075 ACC: [3, -10, 506]
14:49:29.746075 GYR: [0, 0, 0]
14:49:29.746075 ATT: [-1.0, -0.4, 0]
14:49:29.746075 VOL: 15.54
14:49:29.830082 CPU: 69.1°C
14:49:29.830082 GPU: 69.1°C
14:49:29.830082 ALT: 0.06
14:49:29.830082 ACC: [3, -9, 505]
14:49:29.830082 GYR: [-1, -1, -1]
14:49:29.830082 ATT: [-1.0, -0.4, 0]
14:49:29.830082 VOL: 15.54
14:49:29.917140 CPU: 69.6°C
14:49:29.917140 GPU: 69.6°C
14:49:29.917140 ALT: 0.06
14:49:29.917140 ACC: [3, -9, 505]
14:49:29.917140 GYR: [2, 0, 1]
14:49:29.917140 ATT: [-1.0, -0.4, 0]
14:49:29.917140 VOL: 15.54
14:49:30.013844 CPU: 68.7°C
14:49:30.013844 GPU: 68.6°C
14:49:30.013844 ALT: 0.06
14:49:30.013844 ACC: [3, -9, 505]
14:49:30.013844 GYR: [1, 0, -3]
14:49:30.013844 ATT: [-1.0, -0.4, 0]
14:49:30.013844 VOL: 15.54
14:49:30.103485 CPU: 69.1°C
14:49:30.103485 GPU: 70.1°C
14:49:30.103485 ALT: 0.06
14:49:30.103485 ACC: [3, -9, 505]
14:49:30.103485 GYR: [0, 0, 1]
14:49:30.103485 ATT: [-1.0, -0.4, 0]
14:49:30.103485 VOL: 15.55
14:49:30.215175 CPU: 69.1°C
14:49:30.215175 GPU: 70.1°C
14:49:30.215175 ALT: 0.06
14:49:30.215175 ACC: [3, -9, 506]
14:49:30.215175 GYR: [2, -1, -1]
14:49:30.215175 ATT: [-1.0, -0.4, 0]
14:49:30.215175 VOL: 15.55
14:49:30.411060 CPU: 68.7°C
14:49:30.411060 GPU: 70.6°C
14:49:30.411060 ALT: 0.06
14:49:30.411060 ACC: [3, -9, 505]
14:49:30.411060 GYR: [0, -1, 0]
14:49:30.411060 ATT: [-1.0, -0.4, 0]
14:49:30.411060 VOL: 15.55
14:49:30.644881 CPU: 70.6°C
14:49:30.644881 GPU: 70.6°C
14:49:30.644881 ALT: 0.14
14:49:30.644881 ACC: [3, -9, 505]
14:49:30.644881 GYR: [-2, 0, -1]
14:49:30.644881 ATT: [-1.0, -0.4, 0]
14:49:30.644881 VOL: 15.55
14:49:30.837825 CPU: 70.1°C
14:49:30.837825 GPU: 70.1°C
14:49:30.837825 ALT: 0.14
14:49:30.837825 ACC: [3, -9, 506]
14:49:30.837825 GYR: [-1, 3, 0]
14:49:30.837825 ATT: [-1.0, -0.4, 0]
14:49:30.837825 VOL: 15.55
14:49:31.021727 CPU: 70.1°C
14:49:31.021727 GPU: 69.6°C
14:49:31.021727 ALT: 0.14
14:49:31.021727 ACC: [3, -9, 506]
14:49:31.021727 GYR: [1, 0, 3]
14:49:31.021727 ATT: [-1.0, -0.4, 0]
14:49:31.021727 VOL: 15.55
14:49:31.106115 CPU: 69.6°C
14:49:31.106115 GPU: 70.1°C
14:49:31.106115 ALT: 0.14
14:49:31.106115 ACC: [4, -9, 506]
14:49:31.106115 GYR: [0, 1, 1]
14:49:31.106115 ATT: [-1.0, -0.4, 0]
14:49:31.106115 VOL: 15.55
14:49:31.191074 CPU: 69.6°C
14:49:31.191074 GPU: 69.6°C
14:49:31.191074 ALT: 0.14
14:49:31.191074 ACC: [3, -9, 506]
14:49:31.191074 GYR: [0, -1, 0]
14:49:31.191074 ATT: [-1.0, -0.4, 0]
14:49:31.191074 VOL: 15.55
14:49:31.287374 CPU: 69.6°C
14:49:31.287374 GPU: 68.6°C
14:49:31.287374 ALT: 0.14
14:49:31.287374 ACC: [3, -9, 506]
14:49:31.287374 GYR: [0, -1, 1]
14:49:31.287374 ATT: [-1.0, -0.4, 0]
14:49:31.287374 VOL: 15.55
14:49:31.365041 CPU: 69.1°C
14:49:31.365041 GPU: 69.1°C
14:49:31.365041 ALT: 0.14
14:49:31.365041 ACC: [3, -9, 506]
14:49:31.365041 GYR: [-1, -2, 0]
14:49:31.365041 ATT: [-1.0, -0.4, 0]
14:49:31.365041 VOL: 15.55
14:49:31.447791 CPU: 69.1°C
14:49:31.447791 GPU: 69.6°C
14:49:31.447791 ALT: 0.14
14:49:31.447791 ACC: [3, -9, 505]
14:49:31.447791 GYR: [-1, -2, -1]
14:49:31.447791 ATT: [-1.0, -0.4, 0]
14:49:31.447791 VOL: 15.55
14:49:31.522608 CPU: 69.1°C
14:49:31.522608 GPU: 69.1°C
14:49:31.522608 ALT: 0.14
14:49:31.522608 ACC: [3, -9, 505]
14:49:31.522608 GYR: [2, -2, 0]
14:49:31.522608 ATT: [-1.0, -0.4, 0]
14:49:31.522608 VOL: 15.55
14:49:31.603403 CPU: 69.6°C
14:49:31.603403 GPU: 69.6°C
14:49:31.603403 ALT: 0.14
14:49:31.603403 ACC: [3, -8, 505]
14:49:31.603403 GYR: [-1, 2, 3]
14:49:31.603403 ATT: [-1.0, -0.4, 0]
14:49:31.603403 VOL: 15.55
14:49:31.686358 CPU: 70.1°C
14:49:31.686358 GPU: 69.6°C
14:49:31.686358 ALT: 0.14
14:49:31.686358 ACC: [3, -8, 506]
14:49:31.686358 GYR: [0, 1, -2]
14:49:31.686358 ATT: [-1.0, -0.4, 0]
14:49:31.686358 VOL: 15.55
14:49:31.809011 CPU: 70.1°C
14:49:31.809011 GPU: 70.1°C
14:49:31.809011 ALT: 0.14
14:49:31.809011 ACC: [4, -9, 506]
14:49:31.809011 GYR: [2, -1, 1]
14:49:31.809011 ATT: [-1.0, -0.4, 0]
14:49:31.809011 VOL: 15.55
14:49:31.903715 CPU: 71.6°C
14:49:31.903715 GPU: 70.1°C
14:49:31.903715 ALT: 0.14
14:49:31.903715 ACC: [3, -9, 505]
14:49:31.903715 GYR: [0, 0, -1]
14:49:31.903715 ATT: [-1.0, -0.4, 0]
14:49:31.903715 VOL: 15.54
14:49:31.992281 CPU: 70.1°C
14:49:31.992281 GPU: 69.6°C
14:49:31.992281 ALT: 0.14
14:49:31.992281 ACC: [3, -9, 505]
14:49:31.992281 GYR: [0, 1, 1]
14:49:31.992281 ATT: [-1.0, -0.4, 0]
14:49:31.992281 VOL: 15.54
14:49:32.099037 CPU: 70.6°C
14:49:32.099037 GPU: 70.6°C
14:49:32.099037 ALT: 0.14
14:49:32.099037 ACC: [3, -9, 505]
14:49:32.099037 GYR: [3, 1, 0]
14:49:32.099037 ATT: [-1.0, -0.4, 0]
14:49:32.099037 VOL: 15.54
14:49:32.193836 CPU: 70.6°C
14:49:32.193836 GPU: 70.6°C
14:49:32.193836 ALT: 0.14
14:49:32.193836 ACC: [3, -9, 506]
14:49:32.193836 GYR: [-2, 2, 3]
14:49:32.193836 ATT: [-1.0, -0.4, 0]
14:49:32.193836 VOL: 15.54
14:49:32.287701 CPU: 70.1°C
14:49:32.287701 GPU: 70.1°C
14:49:32.287701 ALT: 0.14
14:49:32.287701 ACC: [3, -9, 506]
14:49:32.287701 GYR: [1, 1, -1]
14:49:32.287701 ATT: [-1.0, -0.4, 0]
14:49:32.287701 VOL: 15.54
14:49:32.397414 CPU: 70.1°C
14:49:32.397414 GPU: 70.1°C
14:49:32.397414 ALT: 0.14
14:49:32.397414 ACC: [3, -8, 505]
14:49:32.397414 GYR: [1, 1, -2]
14:49:32.397414 ATT: [-1.0, -0.4, 0]
14:49:32.397414 VOL: 15.54
14:49:32.486113 CPU: 70.6°C
14:49:32.486113 GPU: 70.6°C
14:49:32.486113 ALT: 0.14
14:49:32.486113 ACC: [3, -9, 505]
14:49:32.486113 GYR: [1, 4, 3]
14:49:32.486113 ATT: [-1.0, -0.3, 0]
14:49:32.486113 VOL: 15.55
14:49:32.563915 CPU: 70.6°C
14:49:32.563915 GPU: 70.1°C
14:49:32.563915 ALT: 0.09
14:49:32.563915 ACC: [3, -9, 505]
14:49:32.563915 GYR: [0, 1, 0]
14:49:32.563915 ATT: [-1.0, -0.4, 0]
14:49:32.563915 VOL: 15.54
14:49:32.641296 CPU: 71.1°C
14:49:32.641296 GPU: 71.1°C
14:49:32.641296 ALT: 0.08
14:49:32.641296 ACC: [3, -9, 506]
14:49:32.641296 GYR: [0, 1, 3]
14:49:32.641296 ATT: [-1.0, -0.4, 0]
14:49:32.641296 VOL: 15.54
14:49:32.723313 CPU: 70.6°C
14:49:32.723313 GPU: 70.6°C
14:49:32.723313 ALT: 0.08
14:49:32.723313 ACC: [3, -9, 505]
14:49:32.723313 GYR: [-2, 1, -1]
14:49:32.723313 ATT: [-1.0, -0.4, 0]
14:49:32.723313 VOL: 15.54
14:49:32.805162 CPU: 70.6°C
14:49:32.805162 GPU: 69.6°C
14:49:32.805162 ALT: 0.14
14:49:32.805162 ACC: [3, -9, 505]
14:49:32.805162 GYR: [0, -2, 0]
14:49:32.805162 ATT: [-1.0, -0.4, 0]
14:49:32.805162 VOL: 15.55
14:49:32.904124 CPU: 70.6°C
14:49:32.904124 GPU: 71.1°C
14:49:32.904124 ALT: 0.14
14:49:32.904124 ACC: [3, -9, 505]
14:49:32.904124 GYR: [-2, 0, -1]
14:49:32.904124 ATT: [-1.0, -0.4, 0]
