Waiting for MSP_API_VERSION reply...
Waiting for MSP_FC_VARIANT reply...
{'apiVersion': '1.44.0', 'flightControllerIdentifier': 'BTFL', 'flightControllerVersion': '4.3.2', 'version': 0, 'buildInfo': 'Nov 28 2022 07:26:30', 'multiType': 0, 'msp_version': 0, 'capability': 0, 'cycleTime': 312, 'i2cError': 0, 'activeSensors': 35, 'mode': 2, 'profile': 0, 'uid': [3145761, 858867466, 875836466], 'accelerometerTrims': [0, 0], 'name': '', 'displayName': 'BOARD MODULE', 'numProfiles': 3, 'rateProfile': 0, 'boardType': 2, 'armingDisableCount': 26, 'armingDisableFlags': 4, 'armingDisabled': False, 'runawayTakeoffPreventionDisabled': False, 'boardIdentifier': 'S405', 'boardVersion': 0, 'commCapabilities': 55, 'targetName': 'STM32F405', 'boardName': 'SPEEDYBEEF405V3', 'manufacturerId': 'SPBE', 'signature': [0, 0, 0, 0, 0, 0, 0, 0, 0, 0, 0, 0, 0, 0, 0, 0, 0, 0, 0, 0, 0, 0, 0, 0, 0, 0, 0, 0, 0, 0, 0, 0], 'cpuload': 22, 'mcuTypeId': 3, 'mspProtocolVersion': 0, 'flightModeFlags': []}
15:37:40.953880 ALT: 6.69
15:37:40.968798 ALT: 6.69
15:37:40.984784 ALT: 6.69
15:37:41.000676 ALT: 6.69
15:37:41.016634 ALT: 6.69
15:37:41.032746 ALT: 6.69
15:37:41.048791 ALT: 6.69
15:37:41.064614 ALT: 6.69
15:37:41.080700 ALT: 6.69
15:37:41.096584 ALT: 6.69
15:37:41.113123 ALT: 6.69
15:37:41.128539 ALT: 6.69
15:37:41.145733 ALT: 6.69
15:37:41.160612 ALT: 6.69
15:37:41.176632 ALT: 6.69
15:37:41.192565 ALT: 6.69
15:37:41.208635 ALT: 6.69
15:37:41.230994 ALT: 6.69
Easycap format used: ImageFormat(type=<BufType.VIDEO_CAPTURE: 1>, description='YUYV 4:2:2', flags=<ImageFormatFlag.0: 0>, pixel_format=<PixelFormat.YUYV: 1448695129>)
15:37:41.243564 ALT: 6.69
15:37:41.301291 ALT: 6.69
15:37:41.322510 ALT: 6.69
15:37:41.352770 ALT: 6.69
15:37:41.368623 ALT: 6.69
15:37:41.385578 ALT: 6.69
15:37:41.401468 ALT: 6.69
15:37:41.417275 ALT: 6.69
15:37:41.439340 ALT: 6.69
15:37:41.451418 ALT: 6.69
15:37:41.465332 ALT: 6.69
15:37:41.481053 ALT: 6.69
15:37:41.496841 ALT: 6.69
15:37:41.515020 ALT: 6.69
15:37:41.528782 ALT: 6.69
15:37:41.544785 ALT: 6.69
15:37:41.560757 ALT: 6.69
15:37:41.576668 ALT: 6.69
15:37:41.592809 ALT: 6.69
15:37:41.609846 ALT: 6.69
15:37:41.625157 ALT: 6.69
15:37:41.642888 ALT: 6.69
Initialize navigation params:
Delay=0.01, Kp=40.0, Ki=0.0, Kd=0.0
Starting Main workflow
15:37:41.656692 ALT: 6.69
15:37:41.672784 ALT: 6.69
15:37:41.695281 ALT: 6.69
15:37:41.706287 ALT: 6.69
15:37:41.721831 ALT: 6.69
15:37:41.736723 ALT: 6.69
15:37:41.752894 ALT: 6.69
15:37:41.768815 ALT: 6.69
15:37:41.784711 ALT: 6.69
15:37:41.801772 ALT: 6.69
15:37:41.816750 ALT: 6.69
15:37:41.832812 ALT: 6.69
15:37:41.873200 ALT: 6.69
15:37:41.883911 ALT: 6.69
15:37:41.900376 ALT: 6.69
15:37:41.912656 ALT: 6.69
15:37:41.928820 ALT: 6.69
15:37:41.947102 ALT: 6.69
15:37:41.968796 ALT: 6.69
15:37:41.992984 ALT: 6.69
15:37:42.010136 ALT: 6.69
15:37:42.027068 ALT: 6.69
15:37:42.040869 ALT: 6.69
15:37:42.059226 ALT: 6.69
15:37:42.073024 ALT: 6.69
15:37:42.092234 ALT: 6.69
15:37:42.107672 ALT: 6.69
15:37:42.123183 ALT: 6.69
15:37:42.136779 ALT: 6.69
15:37:42.153123 ALT: 6.69
15:37:42.168820 ALT: 6.69
15:37:42.185584 ALT: 6.69
15:37:42.201968 ALT: 6.69
15:37:42.216917 ALT: 6.73
15:37:42.232946 ALT: 6.73
15:37:42.248827 ALT: 6.75
15:37:42.266911 ALT: 6.76
15:37:42.280855 ALT: 6.76
15:37:42.296964 ALT: 6.77
15:37:42.312988 ALT: 6.77
15:37:42.328984 ALT: 6.77
15:37:42.344884 ALT: 6.77
15:37:42.360845 ALT: 6.77
15:37:42.384286 ALT: 6.77
15:37:42.399428 ALT: 6.77
15:37:42.424910 ALT: 6.77
15:37:42.443369 ALT: 6.77
15:37:42.456907 ALT: 6.77
15:37:42.474271 ALT: 6.77
15:37:42.489496 ALT: 6.77
15:37:42.505887 ALT: 6.77
15:37:42.523764 ALT: 6.77
15:37:42.536884 ALT: 6.77
15:37:42.552816 ALT: 6.77
15:37:42.568953 ALT: 6.77
15:37:42.584783 ALT: 6.77
15:37:42.600828 ALT: 6.77
15:37:42.616933 ALT: 6.77
15:37:42.633639 ALT: 6.77
15:37:42.648785 ALT: 6.77
15:37:42.665119 ALT: 6.77
15:37:42.680787 ALT: 6.77
15:37:42.696918 ALT: 6.77
15:37:42.712852 ALT: 6.77
15:37:42.728831 ALT: 6.77
15:37:42.745105 ALT: 6.77
15:37:42.760962 ALT: 6.77
15:37:42.777002 ALT: 6.77
15:37:42.797438 ALT: 6.77
15:37:42.808878 ALT: 6.77
15:37:42.826538 ALT: 6.77
15:37:42.841143 ALT: 6.77
15:37:42.857006 ALT: 6.77
15:37:42.881649 ALT: 6.77
15:37:42.904929 ALT: 6.77
15:37:42.920956 ALT: 6.77
15:37:42.936852 ALT: 6.77
15:37:42.953067 ALT: 6.77
15:37:42.968966 ALT: 6.77
15:37:42.984963 ALT: 6.77
15:37:43.003080 ALT: 6.77
15:37:43.016994 ALT: 6.77
15:37:43.034031 ALT: 6.77
15:37:43.050719 ALT: 6.77
15:37:43.065178 ALT: 6.77
15:37:43.081579 ALT: 6.77
15:37:43.098177 ALT: 6.77
15:37:43.114617 ALT: 6.77
15:37:43.130115 ALT: 6.77
15:37:43.144943 ALT: 6.77
15:37:43.161654 ALT: 6.77
15:37:43.176919 ALT: 6.77
15:37:43.196364 ALT: 6.77
15:37:43.209943 ALT: 6.77
15:37:43.226703 ALT: 6.77
15:37:43.240922 ALT: 6.77
15:37:43.259600 ALT: 6.77
15:37:43.272971 ALT: 6.77
15:37:43.289045 ALT: 6.77
15:37:43.311077 ALT: 6.77
15:37:43.321907 ALT: 6.77
15:37:43.337024 ALT: 6.77
15:37:43.353007 ALT: 6.77
15:37:43.368962 ALT: 6.77
15:37:43.384974 ALT: 6.77
15:37:43.400988 ALT: 6.77
15:37:43.416960 ALT: 6.77
15:37:43.433096 ALT: 6.77
15:37:43.448977 ALT: 6.77
15:37:43.481009 ALT: 6.77
15:37:43.497214 ALT: 6.77
15:37:43.512986 ALT: 6.77
15:37:43.530371 ALT: 6.77
15:37:43.544990 ALT: 6.77
15:37:43.561186 ALT: 6.77
15:37:43.577021 ALT: 6.77
15:37:43.594224 ALT: 6.77
15:37:43.609066 ALT: 6.77
15:37:43.630795 ALT: 6.77
15:37:43.641903 ALT: 6.77
15:37:43.664072 ALT: 6.77
15:37:43.689297 ALT: 6.77
15:37:43.705110 ALT: 6.77
15:37:43.721083 ALT: 6.77
15:37:43.737076 ALT: 6.77
15:37:43.753425 ALT: 6.77
15:37:43.769058 ALT: 6.77
15:37:43.785162 ALT: 6.77
15:37:43.801086 ALT: 6.77
15:37:43.816948 ALT: 6.77
15:37:43.833355 ALT: 6.77
15:37:43.849001 ALT: 6.77
15:37:43.865254 ALT: 6.77
15:37:43.881086 ALT: 6.77
15:37:43.897408 ALT: 6.77
15:37:43.913061 ALT: 6.77
15:37:43.928974 ALT: 6.77
15:37:43.945130 ALT: 6.77
15:37:43.965427 ALT: 6.77
15:37:43.977055 ALT: 6.77
15:37:43.996246 ALT: 6.77
15:37:44.008981 ALT: 6.77
15:37:44.026973 ALT: 6.77
15:37:44.041118 ALT: 6.77
15:37:44.057456 ALT: 6.77
15:37:44.073126 ALT: 6.77
15:37:44.089387 ALT: 6.77
15:37:44.105177 ALT: 6.77
15:37:44.124818 ALT: 6.81
15:37:44.137663 ALT: 6.83
15:37:44.153046 ALT: 6.83
15:37:44.171002 ALT: 6.83
15:37:44.185550 ALT: 6.85
15:37:44.205817 ALT: 6.86
15:37:44.216981 ALT: 6.86
15:37:44.233277 ALT: 6.86
15:37:44.249081 ALT: 6.86
15:37:44.265198 ALT: 6.86
15:37:44.281064 ALT: 6.86
15:37:44.297235 ALT: 6.86
15:37:44.313096 ALT: 6.86
15:37:44.329540 ALT: 6.86
15:37:44.345293 ALT: 6.86
15:37:44.361162 ALT: 6.86
15:37:44.377240 ALT: 6.86
15:37:44.393174 ALT: 6.86
15:37:44.409614 ALT: 6.86
15:37:44.428164 ALT: 6.86
15:37:44.441087 ALT: 6.86
15:37:44.457893 ALT: 6.86
15:37:44.473179 ALT: 6.86
15:37:44.491142 ALT: 6.86
15:37:44.505786 ALT: 6.86
15:37:44.525197 ALT: 6.86
15:37:44.537111 ALT: 6.86
15:37:44.553204 ALT: 6.86
15:37:44.569249 ALT: 6.86
15:37:44.585224 ALT: 6.86
15:37:44.605419 ALT: 6.86
15:37:44.617080 ALT: 6.86
15:37:44.634983 ALT: 6.86
15:37:44.649238 ALT: 6.86
15:37:44.665297 ALT: 6.86
15:37:44.681123 ALT: 6.86
15:37:44.698098 ALT: 6.86
15:37:44.713225 ALT: 6.86
15:37:44.730604 ALT: 6.86
15:37:44.745186 ALT: 6.86
15:37:44.763578 ALT: 6.86
15:37:44.777193 ALT: 6.86
15:37:44.794190 ALT: 6.86
15:37:44.809138 ALT: 6.86
15:37:44.825306 ALT: 6.86
15:37:44.841182 ALT: 6.86
15:37:44.857448 ALT: 6.86
15:37:44.873177 ALT: 6.86
15:37:44.889309 ALT: 6.86
15:37:44.905179 ALT: 6.86
15:37:44.921203 ALT: 6.86
15:37:44.937179 ALT: 6.86
15:37:44.953230 ALT: 6.86
15:37:44.969157 ALT: 6.86
15:37:44.985196 ALT: 6.86
15:37:45.001171 ALT: 6.86
15:37:45.017134 ALT: 6.86
15:37:45.033183 ALT: 6.86
15:37:45.049136 ALT: 6.86
15:37:45.065219 ALT: 6.86
15:37:45.081162 ALT: 6.86
15:37:45.097196 ALT: 6.86
15:37:45.113175 ALT: 6.86
15:37:45.129532 ALT: 6.86
15:37:45.145205 ALT: 6.86
15:37:45.161410 ALT: 6.86
15:37:45.177225 ALT: 6.86
15:37:45.193387 ALT: 6.86
15:37:45.209258 ALT: 6.86
15:37:45.225404 ALT: 6.86
15:37:45.241458 ALT: 6.86
15:37:45.257553 ALT: 6.86
15:37:45.273226 ALT: 6.86
15:37:45.289409 ALT: 6.86
15:37:45.305290 ALT: 6.86
15:37:45.324037 ALT: 6.86
15:37:45.337502 ALT: 6.86
15:37:45.356108 ALT: 6.86
15:37:45.369228 ALT: 6.86
15:37:45.388095 ALT: 6.86
15:37:45.401221 ALT: 6.86
15:37:45.417169 ALT: 6.86
15:37:45.433289 ALT: 6.86
15:37:45.449193 ALT: 6.86
15:37:45.465269 ALT: 6.86
15:37:45.481302 ALT: 6.86
15:37:45.497326 ALT: 6.86
15:37:45.513356 ALT: 6.86
15:37:45.529657 ALT: 6.86
15:37:45.545352 ALT: 6.86
15:37:45.561730 ALT: 6.86
15:37:45.577401 ALT: 6.86
15:37:45.593711 ALT: 6.86
15:37:45.609365 ALT: 6.86
15:37:45.625828 ALT: 6.86
15:37:45.641443 ALT: 6.86
15:37:45.657534 ALT: 6.86
15:37:45.673341 ALT: 6.86
15:37:45.689798 ALT: 6.86
15:37:45.705376 ALT: 6.86
15:37:45.721451 ALT: 6.86
15:37:45.737362 ALT: 6.83
15:37:45.756497 ALT: 6.81
15:37:45.769306 ALT: 6.81
15:37:45.785399 ALT: 6.8
15:37:45.801334 ALT: 6.79
15:37:45.817316 ALT: 6.79
15:37:45.839256 ALT: 6.82
15:37:45.865694 ALT: 6.82
15:37:45.881364 ALT: 6.84
15:37:45.898424 ALT: 6.85
15:37:45.913285 ALT: 6.85
15:37:45.930461 ALT: 6.86
15:37:45.945339 ALT: 6.86
15:37:45.963510 ALT: 6.86
15:37:45.977370 ALT: 6.86
15:37:45.993697 ALT: 6.86
15:37:46.009563 ALT: 6.86
15:37:46.034224 ALT: 6.86
15:37:46.045005 ALT: 6.86
15:37:46.057454 ALT: 6.86
15:37:46.073453 ALT: 6.86
15:37:46.089513 ALT: 6.86
15:37:46.105369 ALT: 6.86
15:37:46.123237 ALT: 6.86
15:37:46.137308 ALT: 6.86
15:37:46.153425 ALT: 6.86
15:37:46.169376 ALT: 6.86
15:37:46.185337 ALT: 6.86
15:37:46.201430 ALT: 6.86
15:37:46.217347 ALT: 6.86
15:37:46.233498 ALT: 6.86
15:37:46.265434 ALT: 6.86
15:37:46.281388 ALT: 6.86
15:37:46.297629 ALT: 6.86
15:37:46.313395 ALT: 6.86
15:37:46.329746 ALT: 6.86
15:37:46.345437 ALT: 6.86
15:37:46.361706 ALT: 6.86
15:37:46.377402 ALT: 6.86
15:37:46.393868 ALT: 6.86
15:37:46.409559 ALT: 6.86
15:37:46.425901 ALT: 6.86
15:37:46.441829 ALT: 6.86
15:37:46.458606 ALT: 6.86
15:37:46.473450 ALT: 6.86
15:37:46.489528 ALT: 6.86
15:37:46.505492 ALT: 6.86
15:37:46.521465 ALT: 6.86
15:37:46.537678 ALT: 6.86
15:37:46.553559 ALT: 6.86
15:37:46.569462 ALT: 6.86
15:37:46.585388 ALT: 6.86
15:37:46.601542 ALT: 6.86
15:37:46.617384 ALT: 6.86
15:37:46.633416 ALT: 6.86
15:37:46.649471 ALT: 6.86
15:37:46.665447 ALT: 6.86
15:37:46.681460 ALT: 6.86
15:37:46.697730 ALT: 6.86
15:37:46.713852 ALT: 6.86
15:37:46.729470 ALT: 6.86
15:37:46.745549 ALT: 6.86
15:37:46.762290 ALT: 6.86
15:37:46.777511 ALT: 6.86
15:37:46.793442 ALT: 6.86
15:37:46.809743 ALT: 6.86
15:37:46.826271 ALT: 6.86
15:37:46.841515 ALT: 6.86
15:37:46.857524 ALT: 6.86
15:37:46.873535 ALT: 6.86
15:37:46.891005 ALT: 6.86
15:37:46.905497 ALT: 6.86
15:37:46.921498 ALT: 6.86
15:37:46.937482 ALT: 6.86
15:37:46.953460 ALT: 6.86
15:37:46.969482 ALT: 6.86
15:37:46.985407 ALT: 6.86
15:37:47.001457 ALT: 6.86
15:37:47.017561 ALT: 6.86
15:37:47.033566 ALT: 6.86
15:37:47.049491 ALT: 6.86
15:37:47.065759 ALT: 6.86
15:37:47.081600 ALT: 6.86
15:37:47.098431 ALT: 6.86
15:37:47.113590 ALT: 6.86
15:37:47.129846 ALT: 6.86
15:37:47.145649 ALT: 6.86
15:37:47.161886 ALT: 6.86
15:37:47.177572 ALT: 6.86
15:37:47.193586 ALT: 6.86
15:37:47.210724 ALT: 6.86
15:37:47.225857 ALT: 6.86
15:37:47.241801 ALT: 6.86
15:37:47.257740 ALT: 6.86
15:37:47.273590 ALT: 6.86
15:37:47.289540 ALT: 6.86
15:37:47.305598 ALT: 6.86
15:37:47.321581 ALT: 6.86
15:37:47.338189 ALT: 6.86
15:37:47.353619 ALT: 6.86
15:37:47.369511 ALT: 6.86
15:37:47.385567 ALT: 6.86
15:37:47.401555 ALT: 6.9
15:37:47.417649 ALT: 6.9
15:37:47.433646 ALT: 6.92
15:37:47.449590 ALT: 6.93
15:37:47.465567 ALT: 6.93
15:37:47.482570 ALT: 6.94
15:37:47.497919 ALT: 6.94
15:37:47.513683 ALT: 6.94
15:37:47.529937 ALT: 6.94
15:37:47.545629 ALT: 6.94
15:37:47.563498 ALT: 6.94
15:37:47.577620 ALT: 6.94
15:37:47.595970 ALT: 6.94
15:37:47.609690 ALT: 6.94
15:37:47.626837 ALT: 6.94
15:37:47.641627 ALT: 6.94
15:37:47.657711 ALT: 6.94
15:37:47.673639 ALT: 6.94
15:37:47.689630 ALT: 6.94
15:37:47.705646 ALT: 6.94
15:37:47.721673 ALT: 6.94
15:37:47.737594 ALT: 6.94
15:37:47.753594 ALT: 6.94
15:37:47.769679 ALT: 6.94
15:37:47.785655 ALT: 6.94
15:37:47.801611 ALT: 6.94
15:37:47.817656 ALT: 6.94
15:37:47.833590 ALT: 6.94
15:37:47.849622 ALT: 6.94
15:37:47.865756 ALT: 6.94
15:37:47.881654 ALT: 6.94
15:37:47.901061 ALT: 6.94
15:37:47.913632 ALT: 6.94
15:37:47.931834 ALT: 6.94
15:37:47.945645 ALT: 6.94
15:37:47.961869 ALT: 6.94
15:37:47.979115 ALT: 6.94
15:37:47.993767 ALT: 6.94
15:37:48.012209 ALT: 6.94
15:37:48.025787 ALT: 6.94
15:37:48.041681 ALT: 6.94
15:37:48.057881 ALT: 6.94
15:37:48.073704 ALT: 6.94
15:37:48.089763 ALT: 6.94
15:37:48.106453 ALT: 6.94
15:37:48.121767 ALT: 6.94
15:37:48.137786 ALT: 6.94
15:37:48.153674 ALT: 6.94
15:37:48.170629 ALT: 6.94
15:37:48.185726 ALT: 6.94
15:37:48.201883 ALT: 6.94
15:37:48.217773 ALT: 6.94
15:37:48.233783 ALT: 6.94
15:37:48.249793 ALT: 6.94
15:37:48.268002 ALT: 6.94
15:37:48.281731 ALT: 6.94
15:37:48.298591 ALT: 6.94
15:37:48.313801 ALT: 6.94
15:37:48.330020 ALT: 6.94
15:37:48.345732 ALT: 6.94
15:37:48.364628 ALT: 6.94
15:37:48.377853 ALT: 6.94
15:37:48.396488 ALT: 6.94
15:37:48.409767 ALT: 6.94
15:37:48.429046 ALT: 6.94
15:37:48.441764 ALT: 6.94
15:37:48.461246 ALT: 6.94
15:37:48.473757 ALT: 6.94
15:37:48.493017 ALT: 6.94
15:37:48.505775 ALT: 6.94
15:37:48.522948 ALT: 6.94
15:37:48.537780 ALT: 6.94
15:37:48.553693 ALT: 6.94
15:37:48.569771 ALT: 6.94
15:37:48.585777 ALT: 6.94
15:37:48.601755 ALT: 6.94
15:37:48.618020 ALT: 6.94
15:37:48.633919 ALT: 6.94
15:37:48.650311 ALT: 6.94
15:37:48.666580 ALT: 6.94
15:37:48.682857 ALT: 6.94
15:37:48.698523 ALT: 6.94
15:37:48.713888 ALT: 6.94
15:37:48.730011 ALT: 6.94
15:37:48.745770 ALT: 6.94
15:37:48.764051 ALT: 6.98
15:37:48.777871 ALT: 6.98
15:37:48.795502 ALT: 7.0
15:37:48.809724 ALT: 7.02
15:37:48.825873 ALT: 7.02
15:37:48.841813 ALT: 7.03
15:37:48.857799 ALT: 7.03
15:37:48.873799 ALT: 7.03
15:37:48.889775 ALT: 7.03
15:37:48.905788 ALT: 7.03
15:37:48.921728 ALT: 7.03
15:37:48.937794 ALT: 7.03
15:37:48.953741 ALT: 7.03
15:37:48.969856 ALT: 7.03
15:37:48.985757 ALT: 7.03
15:37:49.001767 ALT: 7.03
15:37:49.017709 ALT: 7.03
15:37:49.033807 ALT: 7.03
15:37:49.049764 ALT: 7.03
15:37:49.065938 ALT: 7.03
15:37:49.081745 ALT: 7.03
15:37:49.098076 ALT: 7.03
15:37:49.113764 ALT: 7.03
15:37:49.130444 ALT: 7.03
15:37:49.145762 ALT: 7.03
15:37:49.161996 ALT: 7.03
15:37:49.177764 ALT: 7.03
15:37:49.194058 ALT: 7.03
15:37:49.209918 ALT: 7.03
15:37:49.226024 ALT: 7.03
15:37:49.241820 ALT: 7.03
15:37:49.257855 ALT: 7.03
15:37:49.273803 ALT: 7.03
15:37:49.289993 ALT: 7.03
15:37:49.305804 ALT: 7.03
15:37:49.321772 ALT: 7.03
15:37:49.337821 ALT: 7.03
15:37:49.353808 ALT: 7.03
15:37:49.369780 ALT: 7.03
15:37:49.385832 ALT: 7.03
15:37:49.401883 ALT: 7.03
15:37:49.417842 ALT: 7.03
15:37:49.433898 ALT: 7.03
15:37:49.449811 ALT: 7.03
15:37:49.466038 ALT: 7.03
15:37:49.481874 ALT: 7.03
15:37:49.498037 ALT: 7.03
15:37:49.513875 ALT: 7.03
15:37:49.530282 ALT: 7.03
15:37:49.545912 ALT: 7.03
15:37:49.562234 ALT: 7.03
15:37:49.578078 ALT: 7.03
15:37:49.593879 ALT: 7.03
15:37:49.610167 ALT: 7.03
15:37:49.625979 ALT: 7.03
15:37:49.641899 ALT: 7.03
15:37:49.657893 ALT: 7.03
15:37:49.673871 ALT: 7.03
15:37:49.689924 ALT: 7.03
15:37:49.705881 ALT: 7.03
15:37:49.721865 ALT: 7.03
15:37:49.737881 ALT: 7.03
15:37:49.753837 ALT: 7.03
15:37:49.769907 ALT: 7.03
15:37:49.785875 ALT: 7.03
15:37:49.801958 ALT: 7.03
15:37:49.817848 ALT: 7.03
15:37:49.833956 ALT: 7.03
15:37:49.849887 ALT: 7.03
15:37:49.866068 ALT: 7.03
15:37:49.881862 ALT: 7.03
15:37:49.898091 ALT: 7.03
15:37:49.913929 ALT: 7.03
15:37:49.930153 ALT: 7.03
15:37:49.945986 ALT: 7.03
15:37:49.962125 ALT: 7.03
15:37:49.977947 ALT: 7.03
15:37:49.994157 ALT: 7.03
15:37:50.009916 ALT: 7.03
15:37:50.026024 ALT: 7.03
15:37:50.041982 ALT: 7.03
15:37:50.057946 ALT: 7.03
15:37:50.073945 ALT: 7.03
15:37:50.090009 ALT: 7.03
15:37:50.105916 ALT: 7.03
15:37:50.121919 ALT: 7.03
15:37:50.137928 ALT: 7.03
15:37:50.153933 ALT: 7.03
15:37:50.169969 ALT: 7.03
15:37:50.185943 ALT: 7.03
15:37:50.201979 ALT: 7.03
15:37:50.218013 ALT: 7.03
15:37:50.234003 ALT: 7.03
15:37:50.249947 ALT: 7.03
15:37:50.266299 ALT: 7.03
15:37:50.282004 ALT: 7.03
15:37:50.298103 ALT: 7.03
15:37:50.314005 ALT: 7.03
15:37:50.330383 ALT: 7.03
15:37:50.346053 ALT: 7.03
15:37:50.362488 ALT: 7.03
15:37:50.378031 ALT: 7.03
15:37:50.394354 ALT: 7.03
15:37:50.410161 ALT: 7.03
15:37:50.426015 ALT: 7.03
15:37:50.442032 ALT: 7.03
15:37:50.458094 ALT: 7.03
15:37:50.473967 ALT: 7.03
15:37:50.490082 ALT: 7.03
15:37:50.506042 ALT: 7.03
15:37:50.521956 ALT: 7.03
15:37:50.538039 ALT: 7.03
15:37:50.554005 ALT: 7.03
15:37:50.570033 ALT: 7.03
15:37:50.585984 ALT: 7.03
15:37:50.602004 ALT: 7.03
15:37:50.617988 ALT: 7.03
15:37:50.634075 ALT: 7.03
15:37:50.650003 ALT: 7.03
15:37:50.666082 ALT: 7.03
15:37:50.682035 ALT: 7.03
15:37:50.698186 ALT: 7.03
15:37:50.714004 ALT: 7.03
15:37:50.730228 ALT: 7.03
15:37:50.746172 ALT: 7.03
15:37:50.762264 ALT: 7.03
15:37:50.778043 ALT: 7.03
15:37:50.794243 ALT: 7.03
15:37:50.810056 ALT: 7.03
15:37:50.826100 ALT: 7.03
15:37:50.842061 ALT: 7.03
15:37:50.858108 ALT: 7.03
15:37:50.874052 ALT: 7.03
15:37:50.890111 ALT: 7.03
15:37:50.906017 ALT: 7.03
15:37:50.922039 ALT: 7.03
15:37:50.938054 ALT: 7.03
15:37:50.954070 ALT: 7.03
15:37:50.970127 ALT: 7.03
15:37:50.986137 ALT: 7.03
15:37:51.002054 ALT: 7.03
15:37:51.018040 ALT: 7.03
15:37:51.034109 ALT: 7.03
15:37:51.050088 ALT: 7.03
15:37:51.066274 ALT: 7.03
15:37:51.082114 ALT: 7.03
15:37:51.098620 ALT: 7.03
15:37:51.114121 ALT: 7.03
15:37:51.130156 ALT: 7.03
15:37:51.146143 ALT: 7.03
15:37:51.162296 ALT: 7.03
15:37:51.178135 ALT: 7.03
15:37:51.197357 ALT: 7.03
15:37:51.210172 ALT: 7.03
15:37:51.226165 ALT: 7.03
15:37:51.242193 ALT: 7.03
15:37:51.258155 ALT: 7.03
15:37:51.274117 ALT: 7.03
15:37:51.290051 ALT: 7.03
15:37:51.306116 ALT: 7.03
15:37:51.322120 ALT: 7.03
15:37:51.338140 ALT: 7.03
15:37:51.354184 ALT: 7.03
15:37:51.370135 ALT: 7.03
15:37:51.386116 ALT: 7.03
15:37:51.402213 ALT: 7.03
15:37:51.418146 ALT: 7.03
15:37:51.434199 ALT: 7.03
15:37:51.450150 ALT: 7.03
15:37:51.471303 ALT: 7.03
15:37:51.482138 ALT: 7.03
15:37:51.498387 ALT: 7.03
15:37:51.514171 ALT: 7.03
15:37:51.530390 ALT: 7.03
15:37:51.546182 ALT: 7.03
15:37:51.562420 ALT: 7.03
15:37:51.578277 ALT: 7.03
15:37:51.594302 ALT: 7.03
15:37:51.610470 ALT: 7.03
15:37:51.626153 ALT: 7.03
15:37:51.642193 ALT: 7.03
15:37:51.658221 ALT: 7.03
15:37:51.674176 ALT: 7.03
15:37:51.690185 ALT: 7.03
15:37:51.706173 ALT: 7.03
15:37:51.738178 ALT: 7.03
15:37:51.754252 ALT: 7.03
15:37:51.770202 ALT: 7.03
15:37:51.786186 ALT: 7.03
15:37:51.802216 ALT: 7.03
15:37:51.818206 ALT: 7.03
15:37:51.834231 ALT: 7.03
15:37:51.850194 ALT: 7.03
15:37:51.866621 ALT: 7.03
15:37:51.882219 ALT: 7.03
15:37:51.898563 ALT: 7.03
15:37:51.914296 ALT: 7.03
15:37:51.930832 ALT: 7.03
15:37:51.946306 ALT: 7.03
15:37:51.962490 ALT: 7.03
15:37:51.978308 ALT: 7.03
15:37:51.994321 ALT: 7.03
15:37:52.010605 ALT: 7.03
15:37:52.026270 ALT: 7.03
15:37:52.042291 ALT: 7.03
15:37:52.058298 ALT: 7.03
15:37:52.074226 ALT: 7.03
15:37:52.090230 ALT: 7.03
15:37:52.106242 ALT: 7.03
15:37:52.122239 ALT: 7.07
15:37:52.138284 ALT: 7.07
15:37:52.154271 ALT: 7.09
15:37:52.170256 ALT: 7.1
15:37:52.186240 ALT: 7.1
15:37:52.202300 ALT: 7.11
15:37:52.218227 ALT: 7.11
15:37:52.234295 ALT: 7.11
15:37:52.250260 ALT: 7.11
15:37:52.266283 ALT: 7.11
15:37:52.282256 ALT: 7.11
15:37:52.298470 ALT: 7.11
15:37:52.314312 ALT: 7.11
15:37:52.330558 ALT: 7.11
15:37:52.346382 ALT: 7.11
15:37:52.362528 ALT: 7.11
15:37:52.378374 ALT: 7.11
15:37:52.394374 ALT: 7.11
15:37:52.410607 ALT: 7.11
15:37:52.426333 ALT: 7.11
15:37:52.442385 ALT: 7.11
15:37:52.458317 ALT: 7.11
15:37:52.474300 ALT: 7.11
15:37:52.490431 ALT: 7.11
15:37:52.506269 ALT: 7.11
15:37:52.522328 ALT: 7.11
15:37:52.538312 ALT: 7.11
15:37:52.554336 ALT: 7.11
15:37:52.570312 ALT: 7.11
15:37:52.586358 ALT: 7.11
15:37:52.602339 ALT: 7.11
15:37:52.618333 ALT: 7.11
15:37:52.634335 ALT: 7.11
15:37:52.650344 ALT: 7.11
15:37:52.666410 ALT: 7.11
15:37:52.682382 ALT: 7.11
15:37:52.698611 ALT: 7.11
15:37:52.714370 ALT: 7.11
15:37:52.730897 ALT: 7.11
15:37:52.746419 ALT: 7.11
15:37:52.762402 ALT: 7.11
15:37:52.778405 ALT: 7.11
15:37:52.794371 ALT: 7.11
15:37:52.810609 ALT: 7.11
15:37:52.826436 ALT: 7.11
15:37:52.842419 ALT: 7.11
15:37:52.858339 ALT: 7.11
15:37:52.874357 ALT: 7.11
15:37:52.890339 ALT: 7.11
15:37:52.906412 ALT: 7.11
15:37:52.922394 ALT: 7.11
15:37:52.938404 ALT: 7.11
15:37:52.954415 ALT: 7.11
15:37:52.970391 ALT: 7.11
15:37:52.986369 ALT: 7.11
15:37:53.002433 ALT: 7.11
15:37:53.018428 ALT: 7.11
15:37:53.034380 ALT: 7.11
15:37:53.050432 ALT: 7.11
15:37:53.066583 ALT: 7.11
15:37:53.082395 ALT: 7.11
15:37:53.098575 ALT: 7.11
15:37:53.114374 ALT: 7.11
15:37:53.130614 ALT: 7.11
15:37:53.146433 ALT: 7.11
15:37:53.162417 ALT: 7.11
15:37:53.178537 ALT: 7.11
15:37:53.194473 ALT: 7.11
15:37:53.210689 ALT: 7.11
15:37:53.226453 ALT: 7.11
15:37:53.242583 ALT: 7.11
15:37:53.258393 ALT: 7.11
15:37:53.274418 ALT: 7.11
15:37:53.290433 ALT: 7.11
15:37:53.306435 ALT: 7.11
15:37:53.322439 ALT: 7.11
15:37:53.338436 ALT: 7.11
15:37:53.354526 ALT: 7.11
15:37:53.370523 ALT: 7.11
15:37:53.386441 ALT: 7.11
15:37:53.402462 ALT: 7.11
15:37:53.418481 ALT: 7.11
15:37:53.434502 ALT: 7.11
15:37:53.450442 ALT: 7.11
15:37:53.466927 ALT: 7.11
15:37:53.482499 ALT: 7.11
15:37:53.498769 ALT: 7.11
15:37:53.514524 ALT: 7.11
15:37:53.530515 ALT: 7.11
15:37:53.546544 ALT: 7.11
15:37:53.562492 ALT: 7.11
15:37:53.578530 ALT: 7.11
15:37:53.594520 ALT: 7.11
15:37:53.610814 ALT: 7.11
15:37:53.626492 ALT: 7.11
15:37:53.642528 ALT: 7.11
15:37:53.658475 ALT: 7.11
15:37:53.674547 ALT: 7.11
15:37:53.690463 ALT: 7.11
15:37:53.706452 ALT: 7.11
15:37:53.722519 ALT: 7.11
15:37:53.738484 ALT: 7.11
15:37:53.754532 ALT: 7.11
15:37:53.770589 ALT: 7.11
15:37:53.786493 ALT: 7.11
15:37:53.802571 ALT: 7.11
15:37:53.818501 ALT: 7.11
15:37:53.834537 ALT: 7.11
15:37:53.850500 ALT: 7.11
15:37:53.866701 ALT: 7.11
15:37:53.882518 ALT: 7.11
15:37:53.898777 ALT: 7.11
15:37:53.914979 ALT: 7.11
15:37:53.930960 ALT: 7.11
15:37:53.946629 ALT: 7.11
15:37:53.962567 ALT: 7.11
15:37:53.978574 ALT: 7.11
15:37:53.994543 ALT: 7.11
15:37:54.010758 ALT: 7.11
15:37:54.026500 ALT: 7.11
15:37:54.042964 ALT: 7.11
15:37:54.058555 ALT: 7.11
15:37:54.074544 ALT: 7.11
15:37:54.090604 ALT: 7.11
15:37:54.106544 ALT: 7.11
15:37:54.122606 ALT: 7.11
15:37:54.138540 ALT: 7.11
15:37:54.154580 ALT: 7.11
15:37:54.170554 ALT: 7.11
15:37:54.186573 ALT: 7.11
15:37:54.202596 ALT: 7.11
15:37:54.218573 ALT: 7.11
15:37:54.234606 ALT: 7.11
15:37:54.250554 ALT: 7.11
15:37:54.267110 ALT: 7.11
15:37:54.282621 ALT: 7.11
15:37:54.299044 ALT: 7.11
15:37:54.314700 ALT: 7.11
15:37:54.330924 ALT: 7.11
15:37:54.346672 ALT: 7.11
15:37:54.362698 ALT: 7.11
15:37:54.378679 ALT: 7.11
15:37:54.394619 ALT: 7.11
15:37:54.410857 ALT: 7.11
15:37:54.426549 ALT: 7.11
15:37:54.442689 ALT: 7.11
15:37:54.458572 ALT: 7.11
15:37:54.490602 ALT: 7.11
15:37:54.506617 ALT: 7.11
15:37:54.522622 ALT: 7.11
15:37:54.538742 ALT: 7.11
15:37:54.554624 ALT: 7.11
15:37:54.570681 ALT: 7.11
15:37:54.586605 ALT: 7.11
15:37:54.602815 ALT: 7.11
15:37:54.618604 ALT: 7.11
15:37:54.634896 ALT: 7.11
15:37:54.650623 ALT: 7.11
15:37:54.666960 ALT: 7.11
15:37:54.682600 ALT: 7.11
15:37:54.698920 ALT: 7.11
15:37:54.714752 ALT: 7.11
15:37:54.731004 ALT: 7.15
15:37:54.746709 ALT: 7.17
15:37:54.762754 ALT: 7.17
15:37:54.778733 ALT: 7.17
15:37:54.794748 ALT: 7.19
15:37:54.810799 ALT: 7.19
15:37:54.826709 ALT: 7.2
15:37:54.842760 ALT: 7.2
15:37:54.858699 ALT: 7.2
15:37:54.874681 ALT: 7.2
15:37:54.890736 ALT: 7.2
15:37:54.906691 ALT: 7.2
15:37:54.922786 ALT: 7.2
15:37:54.938779 ALT: 7.2
15:37:54.954757 ALT: 7.2
15:37:54.970746 ALT: 7.2
15:37:54.986685 ALT: 7.2
15:37:55.002774 ALT: 7.2
15:37:55.018749 ALT: 7.2
15:37:55.035083 ALT: 7.2
15:37:55.050856 ALT: 7.2
15:37:55.067077 ALT: 7.2
15:37:55.082804 ALT: 7.2
15:37:55.099074 ALT: 7.2
15:37:55.114751 ALT: 7.2
15:37:55.130830 ALT: 7.2
15:37:55.146765 ALT: 7.2
15:37:55.162790 ALT: 7.2
15:37:55.178798 ALT: 7.2
15:37:55.194774 ALT: 7.2
15:37:55.210884 ALT: 7.2
15:37:55.226682 ALT: 7.2
15:37:55.242775 ALT: 7.2
15:37:55.258700 ALT: 7.2
15:37:55.274731 ALT: 7.2
15:37:55.290741 ALT: 7.2
15:37:55.306770 ALT: 7.2
15:37:55.322714 ALT: 7.2
15:37:55.338810 ALT: 7.2
15:37:55.354779 ALT: 7.2
15:37:55.370868 ALT: 7.2
15:37:55.386734 ALT: 7.2
15:37:55.402831 ALT: 7.2
15:37:55.418726 ALT: 7.2
15:37:55.434966 ALT: 7.2
15:37:55.450772 ALT: 7.2
15:37:55.466980 ALT: 7.2
15:37:55.482860 ALT: 7.2
15:37:55.499038 ALT: 7.2
15:37:55.514789 ALT: 7.2
15:37:55.530779 ALT: 7.2
15:37:55.546875 ALT: 7.2
15:37:55.562886 ALT: 7.2
15:37:55.578879 ALT: 7.2
15:37:55.594922 ALT: 7.2
15:37:55.610997 ALT: 7.2
15:37:55.626899 ALT: 7.2
15:37:55.642943 ALT: 7.2
15:37:55.658871 ALT: 7.2
15:37:55.674760 ALT: 7.2
15:37:55.690907 ALT: 7.2
15:37:55.706794 ALT: 7.2
15:37:55.723030 ALT: 7.24
15:37:55.738899 ALT: 7.24
15:37:55.754922 ALT: 7.26
15:37:55.770884 ALT: 7.26
15:37:55.786845 ALT: 7.27
15:37:55.802913 ALT: 7.28
15:37:55.818847 ALT: 7.28
15:37:55.835351 ALT: 7.28
15:37:55.850849 ALT: 7.28
15:37:55.867186 ALT: 7.28
15:37:55.882826 ALT: 7.28
15:37:55.899341 ALT: 7.28
15:37:55.914910 ALT: 7.28
15:37:55.930973 ALT: 7.28
15:37:55.947011 ALT: 7.28
15:37:55.962881 ALT: 7.28
15:37:55.978926 ALT: 7.28
15:37:55.994891 ALT: 7.28
15:37:56.011005 ALT: 7.28
15:37:56.026868 ALT: 7.28
15:37:56.043053 ALT: 7.28
15:37:56.058893 ALT: 7.28
15:37:56.075062 ALT: 7.28
15:37:56.090928 ALT: 7.28
15:37:56.106890 ALT: 7.28
15:37:56.122907 ALT: 7.28
15:37:56.138980 ALT: 7.28
15:37:56.154905 ALT: 7.28
15:37:56.170937 ALT: 7.28
15:37:56.186924 ALT: 7.28
15:37:56.203122 ALT: 7.28
15:37:56.218859 ALT: 7.28
15:37:56.235184 ALT: 7.28
15:37:56.250879 ALT: 7.28
15:37:56.268491 ALT: 7.28
15:37:56.282926 ALT: 7.28
15:37:56.298914 ALT: 7.28
15:37:56.314922 ALT: 7.28
15:37:56.330986 ALT: 7.28
15:37:56.346948 ALT: 7.28
15:37:56.362983 ALT: 7.28
15:37:56.378947 ALT: 7.28
15:37:56.394901 ALT: 7.28
15:37:56.411164 ALT: 7.28
15:37:56.427001 ALT: 7.28
15:37:56.443025 ALT: 7.28
15:37:56.458977 ALT: 7.28
15:37:56.474919 ALT: 7.28
15:37:56.490994 ALT: 7.28
15:37:56.506984 ALT: 7.28
15:37:56.523070 ALT: 7.28
15:37:56.538988 ALT: 7.28
15:37:56.554969 ALT: 7.28
15:37:56.570984 ALT: 7.28
15:37:56.586914 ALT: 7.28
15:37:56.603446 ALT: 7.28
15:37:56.619014 ALT: 7.28
15:37:56.635607 ALT: 7.28
15:37:56.650988 ALT: 7.28
15:37:56.667580 ALT: 7.28
15:37:56.683000 ALT: 7.28
15:37:56.699021 ALT: 7.28
15:37:56.715003 ALT: 7.28
15:37:56.731250 ALT: 7.28
15:37:56.746997 ALT: 7.28
15:37:56.763013 ALT: 7.28
15:37:56.779023 ALT: 7.28
15:37:56.794982 ALT: 7.28
15:37:56.811079 ALT: 7.28
15:37:56.826935 ALT: 7.28
15:37:56.844175 ALT: 7.28
15:37:56.858955 ALT: 7.28
15:37:56.875034 ALT: 7.28
15:37:56.890997 ALT: 7.28
15:37:56.907074 ALT: 7.28
15:37:56.923018 ALT: 7.28
15:37:56.939001 ALT: 7.28
15:37:56.955017 ALT: 7.28
15:37:56.971027 ALT: 7.28
15:37:56.986988 ALT: 7.28
15:37:57.003145 ALT: 7.28
15:37:57.018976 ALT: 7.28
15:37:57.035150 ALT: 7.28
15:37:57.050974 ALT: 7.28
15:37:57.067201 ALT: 7.28
15:37:57.083049 ALT: 7.28
15:37:57.099051 ALT: 7.28
15:37:57.115018 ALT: 7.28
15:37:57.131046 ALT: 7.28
15:37:57.147040 ALT: 7.28
15:37:57.163045 ALT: 7.28
15:37:57.179064 ALT: 7.28
15:37:57.195006 ALT: 7.28
15:37:57.211072 ALT: 7.28
15:37:57.226975 ALT: 7.28
15:37:57.243276 ALT: 7.28
15:37:57.259044 ALT: 7.28
15:37:57.275081 ALT: 7.28
15:37:57.291050 ALT: 7.28
15:37:57.307078 ALT: 7.28
15:37:57.323103 ALT: 7.28
15:37:57.339095 ALT: 7.28
15:37:57.355025 ALT: 7.28
15:37:57.371077 ALT: 7.28
15:37:57.387043 ALT: 7.28
15:37:57.403408 ALT: 7.28
15:37:57.419074 ALT: 7.28
15:37:57.435591 ALT: 7.28
15:37:57.451097 ALT: 7.28
15:37:57.467135 ALT: 7.28
15:37:57.483075 ALT: 7.28
15:37:57.499143 ALT: 7.28
15:37:57.515053 ALT: 7.28
15:37:57.531107 ALT: 7.28
15:37:57.547092 ALT: 7.28
15:37:57.563103 ALT: 7.28
15:37:57.579122 ALT: 7.28
15:37:57.595040 ALT: 7.28
15:37:57.611274 ALT: 7.28
15:37:57.627085 ALT: 7.28
15:37:57.643328 ALT: 7.28
15:37:57.659092 ALT: 7.28
15:37:57.675167 ALT: 7.28
15:37:57.691075 ALT: 7.28
15:37:57.707116 ALT: 7.28
15:37:57.723123 ALT: 7.28
15:37:57.739183 ALT: 7.28
15:37:57.755142 ALT: 7.28
15:37:57.771101 ALT: 7.28
15:37:57.787109 ALT: 7.28
15:37:57.803254 ALT: 7.28
15:37:57.819104 ALT: 7.28
15:37:57.835239 ALT: 7.28
15:37:57.851099 ALT: 7.28
15:37:57.867158 ALT: 7.28
15:37:57.883129 ALT: 7.28
15:37:57.899164 ALT: 7.28
15:37:57.915198 ALT: 7.28
15:37:57.931109 ALT: 7.28
15:37:57.947117 ALT: 7.28
15:37:57.963084 ALT: 7.28
15:37:57.979172 ALT: 7.28
15:37:57.995081 ALT: 7.28
15:37:58.011171 ALT: 7.28
15:37:58.027136 ALT: 7.28
15:37:58.043287 ALT: 7.28
15:37:58.059153 ALT: 7.28
15:37:58.075186 ALT: 7.28
15:37:58.091186 ALT: 7.28
15:37:58.107189 ALT: 7.28
15:37:58.123184 ALT: 7.28
15:37:58.139208 ALT: 7.28
15:37:58.155173 ALT: 7.28
15:37:58.171200 ALT: 7.28
15:37:58.187165 ALT: 7.28
15:37:58.203208 ALT: 7.28
15:37:58.219177 ALT: 7.28
15:37:58.235218 ALT: 7.28
15:37:58.251167 ALT: 7.28
15:37:58.267276 ALT: 7.28
15:37:58.283204 ALT: 7.28
15:37:58.299219 ALT: 7.28
15:37:58.315231 ALT: 7.28
15:37:58.331229 ALT: 7.28
15:37:58.347221 ALT: 7.28
15:37:58.363127 ALT: 7.28
15:37:58.379172 ALT: 7.28
15:37:58.395140 ALT: 7.28
15:37:58.411227 ALT: 7.28
15:37:58.427193 ALT: 7.28
15:37:58.443426 ALT: 7.28
15:37:58.459207 ALT: 7.28
15:37:58.475240 ALT: 7.28
15:37:58.491262 ALT: 7.28
15:37:58.507290 ALT: 7.28
15:37:58.523221 ALT: 7.28
15:37:58.539260 ALT: 7.28
15:37:58.555252 ALT: 7.32
15:37:58.571328 ALT: 7.32
15:37:58.587198 ALT: 7.34
15:37:58.603353 ALT: 7.36
15:37:58.619219 ALT: 7.36
15:37:58.635373 ALT: 7.37
15:37:58.651270 ALT: 7.37
15:37:58.667312 ALT: 7.37
15:37:58.683289 ALT: 7.37
15:37:58.699328 ALT: 7.37
15:37:58.715287 ALT: 7.37
15:37:58.731345 ALT: 7.37
15:37:58.747292 ALT: 7.37
15:37:58.763267 ALT: 7.37
15:37:58.779331 ALT: 7.37
15:37:58.795203 ALT: 7.37
15:37:58.811289 ALT: 7.37
15:37:58.827259 ALT: 7.37
15:37:58.843505 ALT: 7.37
15:37:58.859339 ALT: 7.37
15:37:58.875360 ALT: 7.37
15:37:58.891337 ALT: 7.37
15:37:58.907790 ALT: 7.37
15:37:58.923313 ALT: 7.37
15:37:58.939334 ALT: 7.37
15:37:58.955313 ALT: 7.37
15:37:58.971456 ALT: 7.37
15:37:58.987249 ALT: 7.37
15:37:59.003559 ALT: 7.37
15:37:59.019282 ALT: 7.37
15:37:59.035492 ALT: 7.37
15:37:59.051293 ALT: 7.37
15:37:59.067379 ALT: 7.37
15:37:59.083304 ALT: 7.37
15:37:59.099364 ALT: 7.37
15:37:59.115343 ALT: 7.37
15:37:59.131334 ALT: 7.37
15:37:59.147356 ALT: 7.37
15:37:59.163341 ALT: 7.37
15:37:59.179366 ALT: 7.37
15:37:59.195303 ALT: 7.37
15:37:59.211432 ALT: 7.37
15:37:59.227395 ALT: 7.37
15:37:59.243462 ALT: 7.37
15:37:59.259478 ALT: 7.37
15:37:59.275438 ALT: 7.37
15:37:59.291350 ALT: 7.37
15:37:59.307335 ALT: 7.37
15:37:59.323378 ALT: 7.37
15:37:59.339405 ALT: 7.37
15:37:59.355328 ALT: 7.37
15:37:59.371385 ALT: 7.37
15:37:59.387330 ALT: 7.37
15:37:59.403392 ALT: 7.37
15:37:59.419317 ALT: 7.37
15:37:59.435397 ALT: 7.37
15:37:59.451349 ALT: 7.37
15:37:59.467443 ALT: 7.37
15:37:59.483382 ALT: 7.37
15:37:59.499415 ALT: 7.37
15:37:59.515398 ALT: 7.37
15:37:59.531411 ALT: 7.37
15:37:59.547396 ALT: 7.37
15:37:59.563321 ALT: 7.37
15:37:59.579416 ALT: 7.37
15:37:59.595363 ALT: 7.37
15:37:59.611407 ALT: 7.37
15:37:59.627381 ALT: 7.37
15:37:59.643538 ALT: 7.37
15:37:59.659361 ALT: 7.37
15:37:59.675429 ALT: 7.37
15:37:59.691449 ALT: 7.37
15:37:59.707429 ALT: 7.37
15:37:59.723404 ALT: 7.37
15:37:59.739598 ALT: 7.37
15:37:59.755442 ALT: 7.37
15:37:59.771631 ALT: 7.37
15:37:59.787462 ALT: 7.37
15:37:59.803659 ALT: 7.37
15:37:59.819411 ALT: 7.37
15:37:59.835494 ALT: 7.37
15:37:59.851413 ALT: 7.37
15:37:59.867503 ALT: 7.37
15:37:59.883438 ALT: 7.37
15:37:59.899431 ALT: 7.37
15:37:59.915438 ALT: 7.37
15:37:59.931391 ALT: 7.37
15:37:59.963409 ALT: 7.37
15:37:59.979531 ALT: 7.37
15:37:59.995473 ALT: 7.37
15:38:00.011571 ALT: 7.37
15:38:00.027503 ALT: 7.37
15:38:00.043665 ALT: 7.37
15:38:00.059482 ALT: 7.37
15:38:00.075504 ALT: 7.37
15:38:00.091493 ALT: 7.37
15:38:00.107480 ALT: 7.37
15:38:00.123440 ALT: 7.37
15:38:00.139518 ALT: 7.37
15:38:00.155461 ALT: 7.37
15:38:00.171669 ALT: 7.37
15:38:00.187488 ALT: 7.37
15:38:00.203535 ALT: 7.37
15:38:00.219444 ALT: 7.37
15:38:00.235499 ALT: 7.37
15:38:00.251475 ALT: 7.37
15:38:00.267506 ALT: 7.37
15:38:00.283532 ALT: 7.37
15:38:00.299548 ALT: 7.37
15:38:00.315500 ALT: 7.37
15:38:00.331439 ALT: 7.37
15:38:00.347550 ALT: 7.37
15:38:00.363435 ALT: 7.37
15:38:00.379535 ALT: 7.37
15:38:00.395489 ALT: 7.37
15:38:00.411568 ALT: 7.37
15:38:00.427499 ALT: 7.37
15:38:00.443734 ALT: 7.37
15:38:00.459578 ALT: 7.37
15:38:00.475544 ALT: 7.37
15:38:00.491484 ALT: 7.37
15:38:00.507621 ALT: 7.37
15:38:00.523532 ALT: 7.37
15:38:00.539735 ALT: 7.37
15:38:00.555561 ALT: 7.37
15:38:00.571721 ALT: 7.37
15:38:00.587567 ALT: 7.37
15:38:00.603787 ALT: 7.37
15:38:00.619538 ALT: 7.37
15:38:00.635604 ALT: 7.37
15:38:00.651541 ALT: 7.37
15:38:00.667575 ALT: 7.37
15:38:00.683514 ALT: 7.37
15:38:00.699564 ALT: 7.37
15:38:00.715548 ALT: 7.37
15:38:00.731523 ALT: 7.37
15:38:00.747591 ALT: 7.37
15:38:00.763542 ALT: 7.37
15:38:00.779597 ALT: 7.37
15:38:00.795608 ALT: 7.37
15:38:00.811609 ALT: 7.37
15:38:00.827670 ALT: 7.37
15:38:00.843757 ALT: 7.37
15:38:00.859580 ALT: 7.37
15:38:00.875732 ALT: 7.37
15:38:00.891694 ALT: 7.37
15:38:00.907556 ALT: 7.37
15:38:00.923587 ALT: 7.37
15:38:00.939637 ALT: 7.37
15:38:00.955698 ALT: 7.37
15:38:00.971636 ALT: 7.37
15:38:00.987638 ALT: 7.37
15:38:01.003662 ALT: 7.37
15:38:01.019566 ALT: 7.37
15:38:01.035628 ALT: 7.37
15:38:01.051605 ALT: 7.37
15:38:01.067624 ALT: 7.37
15:38:01.083554 ALT: 7.37
15:38:01.099648 ALT: 7.37
15:38:01.115629 ALT: 7.37
15:38:01.131572 ALT: 7.37
15:38:01.147642 ALT: 7.37
15:38:01.163621 ALT: 7.41
15:38:01.179682 ALT: 7.41
15:38:01.195613 ALT: 7.43
15:38:01.214292 ALT: 7.44
15:38:01.227618 ALT: 7.44
15:38:01.243786 ALT: 7.45
15:38:01.259631 ALT: 7.45
15:38:01.275701 ALT: 7.45
15:38:01.291656 ALT: 7.45
15:38:01.307860 ALT: 7.45
15:38:01.323676 ALT: 7.45
15:38:01.339875 ALT: 7.45
15:38:01.355674 ALT: 7.45
15:38:01.371843 ALT: 7.45
15:38:01.387728 ALT: 7.45
15:38:01.404556 ALT: 7.45
15:38:01.419711 ALT: 7.45
15:38:01.435717 ALT: 7.45
15:38:01.451752 ALT: 7.45
15:38:01.467744 ALT: 7.45
15:38:01.483659 ALT: 7.45
15:38:01.499635 ALT: 7.45
15:38:01.515716 ALT: 7.45
15:38:01.531667 ALT: 7.45
15:38:01.547728 ALT: 7.45
15:38:01.563677 ALT: 7.45
15:38:01.579733 ALT: 7.45
15:38:01.595742 ALT: 7.45
15:38:01.611946 ALT: 7.45
15:38:01.627752 ALT: 7.45
15:38:01.643929 ALT: 7.45
15:38:01.659703 ALT: 7.45
15:38:01.675731 ALT: 7.45
15:38:01.691697 ALT: 7.45
15:38:01.707796 ALT: 7.45
15:38:01.723748 ALT: 7.45
15:38:01.739887 ALT: 7.45
15:38:01.755746 ALT: 7.45
15:38:01.773954 ALT: 7.45
15:38:01.787760 ALT: 7.45
15:38:01.803743 ALT: 7.45
15:38:01.819706 ALT: 7.45
15:38:01.835749 ALT: 7.45
15:38:01.851721 ALT: 7.45
15:38:01.867759 ALT: 7.45
15:38:01.883720 ALT: 7.45
15:38:01.899682 ALT: 7.45
15:38:01.915752 ALT: 7.45
15:38:01.931683 ALT: 7.45
15:38:01.947766 ALT: 7.45
15:38:01.963741 ALT: 7.45
15:38:01.979774 ALT: 7.45
15:38:01.995750 ALT: 7.45
15:38:02.011839 ALT: 7.45
15:38:02.027772 ALT: 7.45
15:38:02.044244 ALT: 7.45
15:38:02.059801 ALT: 7.45
15:38:02.075847 ALT: 7.45
15:38:02.091805 ALT: 7.45
15:38:02.108064 ALT: 7.45
15:38:02.123814 ALT: 7.45
15:38:02.140010 ALT: 7.45
15:38:02.155779 ALT: 7.45
15:38:02.171981 ALT: 7.45
15:38:02.187826 ALT: 7.45
15:38:02.203872 ALT: 7.45
15:38:02.219798 ALT: 7.45
15:38:02.235947 ALT: 7.45
15:38:02.251792 ALT: 7.45
15:38:02.267845 ALT: 7.45
15:38:02.283797 ALT: 7.45
15:38:02.299788 ALT: 7.45
15:38:02.315835 ALT: 7.45
15:38:02.331778 ALT: 7.45
15:38:02.347838 ALT: 7.45
15:38:02.363814 ALT: 7.45
15:38:02.379814 ALT: 7.45
15:38:02.395845 ALT: 7.45
15:38:02.412557 ALT: 7.45
15:38:02.428005 ALT: 7.45
15:38:02.444078 ALT: 7.45
15:38:02.459861 ALT: 7.45
15:38:02.475882 ALT: 7.45
15:38:02.491908 ALT: 7.45
15:38:02.508299 ALT: 7.45
15:38:02.523940 ALT: 7.45
15:38:02.540177 ALT: 7.45
15:38:02.555867 ALT: 7.45
15:38:02.571912 ALT: 7.45
15:38:02.587864 ALT: 7.45
15:38:02.603912 ALT: 7.45
15:38:02.619833 ALT: 7.45
15:38:02.635859 ALT: 7.45
15:38:02.651875 ALT: 7.45
15:38:02.667842 ALT: 7.45
15:38:02.683846 ALT: 7.45
15:38:02.715833 ALT: 7.45
15:38:02.731876 ALT: 7.45
15:38:02.747895 ALT: 7.45
15:38:02.763859 ALT: 7.45
15:38:02.779899 ALT: 7.45
15:38:02.795856 ALT: 7.45
15:38:02.811996 ALT: 7.45
15:38:02.827877 ALT: 7.45
15:38:02.844013 ALT: 7.45
15:38:02.859858 ALT: 7.45
15:38:02.875967 ALT: 7.45
15:38:02.891897 ALT: 7.45
15:38:02.908032 ALT: 7.45
15:38:02.923884 ALT: 7.45
15:38:02.940397 ALT: 7.45
15:38:02.955927 ALT: 7.45
15:38:02.971974 ALT: 7.45
15:38:02.987952 ALT: 7.45
15:38:03.003916 ALT: 7.45
15:38:03.019890 ALT: 7.45
15:38:03.035941 ALT: 7.45
15:38:03.051900 ALT: 7.45
15:38:03.067898 ALT: 7.45
15:38:03.083948 ALT: 7.45
15:38:03.099857 ALT: 7.45
15:38:03.115940 ALT: 7.45
15:38:03.131909 ALT: 7.45
15:38:03.147944 ALT: 7.45
15:38:03.167160 ALT: 7.45
15:38:03.180583 ALT: 7.45
15:38:03.195960 ALT: 7.45
15:38:03.215405 ALT: 7.45
15:38:03.227920 ALT: 7.45
15:38:03.244110 ALT: 7.45
15:38:03.259958 ALT: 7.45
15:38:03.276022 ALT: 7.45
15:38:03.291986 ALT: 7.45
15:38:03.308028 ALT: 7.45
15:38:03.323985 ALT: 7.45
15:38:03.340349 ALT: 7.45
15:38:03.355994 ALT: 7.45
15:38:03.372009 ALT: 7.45
15:38:03.387957 ALT: 7.45
15:38:03.404013 ALT: 7.45
15:38:03.420019 ALT: 7.45
15:38:03.436052 ALT: 7.45
15:38:03.451946 ALT: 7.45
15:38:03.467917 ALT: 7.45
15:38:03.484001 ALT: 7.45
15:38:03.499917 ALT: 7.45
15:38:03.515953 ALT: 7.45
15:38:03.532019 ALT: 7.45
15:38:03.547967 ALT: 7.45
15:38:03.564022 ALT: 7.45
15:38:03.580046 ALT: 7.45
15:38:03.595964 ALT: 7.45
15:38:03.612182 ALT: 7.45
15:38:03.628023 ALT: 7.45
15:38:03.644194 ALT: 7.45
15:38:03.660066 ALT: 7.45
15:38:03.676508 ALT: 7.45
15:38:03.692086 ALT: 7.45
15:38:03.708486 ALT: 7.45
15:38:03.724048 ALT: 7.49
15:38:03.740089 ALT: 7.49
15:38:03.756042 ALT: 7.51
15:38:03.772041 ALT: 7.53
15:38:03.788045 ALT: 7.53
15:38:03.804080 ALT: 7.54
15:38:03.820035 ALT: 7.54
15:38:03.836165 ALT: 7.54
15:38:03.852047 ALT: 7.54
15:38:03.867983 ALT: 7.54
15:38:03.884089 ALT: 7.54
15:38:03.899987 ALT: 7.54
15:38:03.916099 ALT: 7.54
15:38:03.932056 ALT: 7.54
15:38:03.948082 ALT: 7.54
15:38:03.964073 ALT: 7.54
15:38:03.980653 ALT: 7.54
15:38:03.996040 ALT: 7.54
15:38:04.012311 ALT: 7.54
15:38:04.028058 ALT: 7.54
15:38:04.044292 ALT: 7.54
15:38:04.060056 ALT: 7.54
15:38:04.076263 ALT: 7.54
15:38:04.092107 ALT: 7.54
15:38:04.108291 ALT: 7.54
15:38:04.124068 ALT: 7.54
15:38:04.140319 ALT: 7.54
15:38:04.156106 ALT: 7.54
15:38:04.172114 ALT: 7.54
15:38:04.188079 ALT: 7.54
15:38:04.204165 ALT: 7.54
15:38:04.220076 ALT: 7.54
15:38:04.236104 ALT: 7.54
15:38:04.252103 ALT: 7.54
15:38:04.268160 ALT: 7.54
15:38:04.284078 ALT: 7.54
15:38:04.300151 ALT: 7.54
15:38:04.316126 ALT: 7.54
15:38:04.332107 ALT: 7.54
15:38:04.348115 ALT: 7.54
15:38:04.364164 ALT: 7.54
15:38:04.380294 ALT: 7.54
15:38:04.396145 ALT: 7.54
15:38:04.412585 ALT: 7.54
15:38:04.428195 ALT: 7.54
15:38:04.444626 ALT: 7.54
15:38:04.460168 ALT: 7.54
15:38:04.476112 ALT: 7.54
15:38:04.492164 ALT: 7.54
15:38:04.508184 ALT: 7.54
15:38:04.524159 ALT: 7.54
15:38:04.540469 ALT: 7.54
15:38:04.556154 ALT: 7.54
15:38:04.572217 ALT: 7.54
15:38:04.588163 ALT: 7.54
15:38:04.604275 ALT: 7.54
15:38:04.620149 ALT: 7.54
15:38:04.636222 ALT: 7.54
15:38:04.652164 ALT: 7.54
15:38:04.668098 ALT: 7.54
15:38:04.684211 ALT: 7.54
15:38:04.700147 ALT: 7.54
15:38:04.716224 ALT: 7.54
15:38:04.732118 ALT: 7.54
15:38:04.748412 ALT: 7.54
15:38:04.764160 ALT: 7.54
15:38:04.780831 ALT: 7.54
15:38:04.796119 ALT: 7.54
15:38:04.812373 ALT: 7.54
15:38:04.828147 ALT: 7.54
15:38:04.844461 ALT: 7.54
15:38:04.860168 ALT: 7.54
15:38:04.876402 ALT: 7.54
15:38:04.892216 ALT: 7.54
15:38:04.908428 ALT: 7.54
15:38:04.924152 ALT: 7.54
15:38:04.940248 ALT: 7.54
15:38:04.956234 ALT: 7.54
15:38:04.972229 ALT: 7.54
15:38:04.988238 ALT: 7.54
15:38:05.004338 ALT: 7.54
15:38:05.020258 ALT: 7.54
15:38:05.036216 ALT: 7.54
15:38:05.052255 ALT: 7.54
15:38:05.068221 ALT: 7.54
15:38:05.084265 ALT: 7.54
15:38:05.100273 ALT: 7.54
15:38:05.116252 ALT: 7.54
15:38:05.132263 ALT: 7.54
15:38:05.148412 ALT: 7.54
15:38:05.164266 ALT: 7.54
15:38:05.180374 ALT: 7.54
15:38:05.196255 ALT: 7.54
15:38:05.212438 ALT: 7.54
15:38:05.228579 ALT: 7.54
15:38:05.246105 ALT: 7.54
15:38:05.260253 ALT: 7.54
15:38:05.276512 ALT: 7.54
15:38:05.292359 ALT: 7.54
15:38:05.308296 ALT: 7.54
15:38:05.324279 ALT: 7.54
15:38:05.340329 ALT: 7.54
15:38:05.356286 ALT: 7.54
15:38:05.372307 ALT: 7.54
15:38:05.388301 ALT: 7.54
15:38:05.404296 ALT: 7.54
15:38:05.420281 ALT: 7.54
15:38:05.436257 ALT: 7.54
15:38:05.452310 ALT: 7.54
15:38:05.468218 ALT: 7.54
15:38:05.484312 ALT: 7.54
15:38:05.500273 ALT: 7.54
15:38:05.516288 ALT: 7.54
15:38:05.532278 ALT: 7.54
15:38:05.548445 ALT: 7.54
15:38:05.564241 ALT: 7.54
15:38:05.580343 ALT: 7.54
15:38:05.596294 ALT: 7.54
15:38:05.612488 ALT: 7.54
15:38:05.628290 ALT: 7.54
15:38:05.644499 ALT: 7.54
15:38:05.660312 ALT: 7.54
15:38:05.676575 ALT: 7.54
15:38:05.692303 ALT: 7.54
15:38:05.708597 ALT: 7.54
15:38:05.724361 ALT: 7.54
15:38:05.740342 ALT: 7.54
15:38:05.756320 ALT: 7.54
15:38:05.772404 ALT: 7.54
15:38:05.788344 ALT: 7.54
15:38:05.807148 ALT: 7.54
15:38:05.820274 ALT: 7.54
15:38:05.836322 ALT: 7.54
15:38:05.852378 ALT: 7.54
15:38:05.868325 ALT: 7.54
15:38:05.884360 ALT: 7.54
15:38:05.900326 ALT: 7.54
15:38:05.916387 ALT: 7.54
15:38:05.932314 ALT: 7.54
15:38:05.948446 ALT: 7.54
15:38:05.964382 ALT: 7.54
15:38:05.980461 ALT: 7.54
15:38:05.996411 ALT: 7.54
15:38:06.012582 ALT: 7.54
15:38:06.028432 ALT: 7.54
15:38:06.044834 ALT: 7.54
15:38:06.060627 ALT: 7.54
15:38:06.076794 ALT: 7.54
15:38:06.092394 ALT: 7.54
15:38:06.108463 ALT: 7.54
15:38:06.124350 ALT: 7.54
15:38:06.140560 ALT: 7.54
15:38:06.156381 ALT: 7.54
15:38:06.172473 ALT: 7.54
15:38:06.188480 ALT: 7.54
15:38:06.204413 ALT: 7.54
15:38:06.220384 ALT: 7.54
15:38:06.236339 ALT: 7.54
15:38:06.252448 ALT: 7.54
15:38:06.268402 ALT: 7.54
15:38:06.284440 ALT: 7.54
15:38:06.300383 ALT: 7.54
15:38:06.316454 ALT: 7.54
15:38:06.332390 ALT: 7.54
15:38:06.349000 ALT: 7.54
15:38:06.364412 ALT: 7.54
15:38:06.380620 ALT: 7.54
15:38:06.396396 ALT: 7.54
15:38:06.412615 ALT: 7.54
15:38:06.428483 ALT: 7.54
15:38:06.444716 ALT: 7.54
15:38:06.460408 ALT: 7.54
15:38:06.476713 ALT: 7.54
15:38:06.492439 ALT: 7.54
15:38:06.508517 ALT: 7.54
15:38:06.524431 ALT: 7.54
15:38:06.540488 ALT: 7.54
15:38:06.556452 ALT: 7.54
15:38:06.572490 ALT: 7.54
15:38:06.588495 ALT: 7.54
15:38:06.604429 ALT: 7.54
15:38:06.620481 ALT: 7.54
15:38:06.636477 ALT: 7.54
15:38:06.652479 ALT: 7.54
15:38:06.668476 ALT: 7.54
15:38:06.684492 ALT: 7.54
15:38:06.700508 ALT: 7.54
15:38:06.716492 ALT: 7.54
15:38:06.732489 ALT: 7.54
15:38:06.748669 ALT: 7.54
15:38:06.764507 ALT: 7.54
15:38:06.780974 ALT: 7.54
15:38:06.796620 ALT: 7.54
15:38:06.813155 ALT: 7.54
15:38:06.828577 ALT: 7.54
15:38:06.844501 ALT: 7.54
15:38:06.860728 ALT: 7.54
15:38:06.876553 ALT: 7.54
15:38:06.892526 ALT: 7.54
15:38:06.908537 ALT: 7.54
15:38:06.924525 ALT: 7.54
15:38:06.940569 ALT: 7.54
15:38:06.956512 ALT: 7.54
15:38:06.972569 ALT: 7.54
15:38:06.988530 ALT: 7.54
15:38:07.004445 ALT: 7.54
15:38:07.020516 ALT: 7.54
15:38:07.036465 ALT: 7.54
15:38:07.052482 ALT: 7.54
15:38:07.068504 ALT: 7.54
15:38:07.084563 ALT: 7.54
15:38:07.100502 ALT: 7.54
15:38:07.116560 ALT: 7.54
15:38:07.132517 ALT: 7.54
15:38:07.148733 ALT: 7.54
15:38:07.164533 ALT: 7.54
15:38:07.180628 ALT: 7.54
15:38:07.196559 ALT: 7.54
15:38:07.212812 ALT: 7.54
15:38:07.228598 ALT: 7.54
15:38:07.244764 ALT: 7.54
15:38:07.260529 ALT: 7.54
15:38:07.276820 ALT: 7.54
15:38:07.292583 ALT: 7.54
15:38:07.308667 ALT: 7.54
15:38:07.324566 ALT: 7.54
15:38:07.340634 ALT: 7.54
15:38:07.356564 ALT: 7.54
15:38:07.372563 ALT: 7.54
15:38:07.388593 ALT: 7.54
15:38:07.404531 ALT: 7.54
15:38:07.420565 ALT: 7.54
15:38:07.436515 ALT: 7.54
15:38:07.452621 ALT: 7.54
15:38:07.468647 ALT: 7.54
15:38:07.484626 ALT: 7.54
15:38:07.500639 ALT: 7.54
15:38:07.516633 ALT: 7.54
15:38:07.532573 ALT: 7.54
15:38:07.548636 ALT: 7.54
15:38:07.564650 ALT: 7.54
15:38:07.580636 ALT: 7.54
15:38:07.596629 ALT: 7.54
15:38:07.612883 ALT: 7.54
15:38:07.628664 ALT: 7.54
15:38:07.644897 ALT: 7.54
15:38:07.660588 ALT: 7.54
15:38:07.676824 ALT: 7.54
15:38:07.692622 ALT: 7.54
15:38:07.708721 ALT: 7.54
15:38:07.724621 ALT: 7.54
15:38:07.740641 ALT: 7.54
15:38:07.756620 ALT: 7.54
15:38:07.772663 ALT: 7.54
15:38:07.788669 ALT: 7.54
15:38:07.804620 ALT: 7.54
15:38:07.820622 ALT: 7.54
15:38:07.836628 ALT: 7.54
15:38:07.852671 ALT: 7.54
15:38:07.868680 ALT: 7.54
15:38:07.884689 ALT: 7.54
15:38:07.900682 ALT: 7.54
15:38:07.916650 ALT: 7.54
15:38:07.932691 ALT: 7.54
15:38:07.948832 ALT: 7.54
15:38:07.964786 ALT: 7.54
15:38:07.980906 ALT: 7.54
15:38:07.996700 ALT: 7.54
15:38:08.012947 ALT: 7.54
15:38:08.028742 ALT: 7.54
15:38:08.045131 ALT: 7.54
15:38:08.060988 ALT: 7.54
15:38:08.076741 ALT: 7.54
15:38:08.094045 ALT: 7.54
15:38:08.108685 ALT: 7.54
15:38:08.124722 ALT: 7.54
15:38:08.140767 ALT: 7.54
15:38:08.156840 ALT: 7.54
15:38:08.188651 ALT: 7.54
15:38:08.204685 ALT: 7.54
15:38:08.220684 ALT: 7.54
15:38:08.236687 ALT: 7.54
15:38:08.252787 ALT: 7.54
15:38:08.268710 ALT: 7.54
15:38:08.284751 ALT: 7.54
15:38:08.300706 ALT: 7.54
15:38:08.316782 ALT: 7.54
15:38:08.332720 ALT: 7.54
15:38:08.348872 ALT: 7.54
15:38:08.364714 ALT: 7.54
15:38:08.380989 ALT: 7.54
15:38:08.396859 ALT: 7.54
15:38:08.413040 ALT: 7.54
15:38:08.428784 ALT: 7.54
15:38:08.445023 ALT: 7.54
15:38:08.460822 ALT: 7.54
15:38:08.476860 ALT: 7.54
15:38:08.492907 ALT: 7.54
15:38:08.508837 ALT: 7.54
15:38:08.524853 ALT: 7.54
15:38:08.540879 ALT: 7.54
15:38:08.556851 ALT: 7.54
15:38:08.572736 ALT: 7.54
15:38:08.588795 ALT: 7.54
15:38:08.604745 ALT: 7.54
15:38:08.620818 ALT: 7.54
15:38:08.636755 ALT: 7.54
15:38:08.652799 ALT: 7.54
15:38:08.668740 ALT: 7.54
15:38:08.684812 ALT: 7.54
15:38:08.700785 ALT: 7.54
15:38:08.716759 ALT: 7.54
15:38:08.732799 ALT: 7.54
15:38:08.748874 ALT: 7.54
15:38:08.764844 ALT: 7.54
15:38:08.781028 ALT: 7.54
15:38:08.796813 ALT: 7.54
15:38:08.813091 ALT: 7.54
15:38:08.828843 ALT: 7.54
15:38:08.845126 ALT: 7.54
15:38:08.860814 ALT: 7.54
15:38:08.876840 ALT: 7.54
15:38:08.892869 ALT: 7.54
15:38:08.908831 ALT: 7.54
15:38:08.924764 ALT: 7.54
15:38:08.940848 ALT: 7.54
15:38:08.956799 ALT: 7.54
15:38:08.972795 ALT: 7.54
15:38:08.988855 ALT: 7.54
15:38:09.004795 ALT: 7.54
15:38:09.020823 ALT: 7.54
15:38:09.036817 ALT: 7.54
15:38:09.052919 ALT: 7.54
15:38:09.068796 ALT: 7.54
15:38:09.084895 ALT: 7.54
15:38:09.100845 ALT: 7.54
15:38:09.116871 ALT: 7.54
15:38:09.132848 ALT: 7.54
15:38:09.148905 ALT: 7.54
15:38:09.164918 ALT: 7.54
15:38:09.181211 ALT: 7.54
15:38:09.196880 ALT: 7.54
15:38:09.213101 ALT: 7.54
15:38:09.228947 ALT: 7.54
15:38:09.245082 ALT: 7.54
15:38:09.260846 ALT: 7.54
15:38:09.276945 ALT: 7.58
15:38:09.293174 ALT: 7.58
15:38:09.308903 ALT: 7.6
15:38:09.324900 ALT: 7.6
15:38:09.340820 ALT: 7.61
15:38:09.356862 ALT: 7.62
15:38:09.372861 ALT: 7.62
15:38:09.388857 ALT: 7.62
15:38:09.404884 ALT: 7.62
15:38:09.420889 ALT: 7.62
15:38:09.436901 ALT: 7.62
15:38:09.452909 ALT: 7.62
15:38:09.468902 ALT: 7.62
15:38:09.484919 ALT: 7.62
15:38:09.500925 ALT: 7.62
15:38:09.516936 ALT: 7.62
15:38:09.532926 ALT: 7.62
15:38:09.548991 ALT: 7.62
15:38:09.564908 ALT: 7.62
15:38:09.581410 ALT: 7.62
15:38:09.596985 ALT: 7.62
15:38:09.612966 ALT: 7.62
15:38:09.629011 ALT: 7.62
15:38:09.644927 ALT: 7.62
15:38:09.660999 ALT: 7.62
15:38:09.676960 ALT: 7.62
15:38:09.693003 ALT: 7.62
15:38:09.709007 ALT: 7.62
15:38:09.724942 ALT: 7.62
15:38:09.740973 ALT: 7.62
15:38:09.756983 ALT: 7.62
15:38:09.772898 ALT: 7.62
15:38:09.788930 ALT: 7.62
15:38:09.804956 ALT: 7.62
15:38:09.820944 ALT: 7.62
15:38:09.836956 ALT: 7.62
15:38:09.852988 ALT: 7.62
15:38:09.868980 ALT: 7.62
15:38:09.884986 ALT: 7.62
15:38:09.900958 ALT: 7.62
15:38:09.917011 ALT: 7.62
15:38:09.933014 ALT: 7.62
15:38:09.948978 ALT: 7.62
15:38:09.965041 ALT: 7.62
15:38:09.981204 ALT: 7.62
15:38:09.997053 ALT: 7.62
15:38:10.013377 ALT: 7.62
15:38:10.029008 ALT: 7.62
15:38:10.045011 ALT: 7.62
15:38:10.061136 ALT: 7.62
15:38:10.076994 ALT: 7.62
15:38:10.093250 ALT: 7.62
15:38:10.109075 ALT: 7.62
15:38:10.125170 ALT: 7.62
15:38:10.140970 ALT: 7.62
15:38:10.157005 ALT: 7.62
15:38:10.173022 ALT: 7.62
15:38:10.189015 ALT: 7.62
15:38:10.204990 ALT: 7.62
15:38:10.220998 ALT: 7.62
15:38:10.236995 ALT: 7.62
15:38:10.253385 ALT: 7.62
15:38:10.269005 ALT: 7.62
15:38:10.285068 ALT: 7.62
15:38:10.301020 ALT: 7.62
15:38:10.317074 ALT: 7.62
15:38:10.333000 ALT: 7.62
15:38:10.349262 ALT: 7.62
15:38:10.365081 ALT: 7.62
15:38:10.381275 ALT: 7.62
15:38:10.397050 ALT: 7.62
15:38:10.413186 ALT: 7.62
15:38:10.429068 ALT: 7.62
15:38:10.445090 ALT: 7.62
15:38:10.461158 ALT: 7.62
15:38:10.477088 ALT: 7.62
15:38:10.493311 ALT: 7.62
15:38:10.509135 ALT: 7.62
15:38:10.525255 ALT: 7.62
15:38:10.541062 ALT: 7.62
15:38:10.557073 ALT: 7.62
15:38:10.573077 ALT: 7.62
15:38:10.591223 ALT: 7.62
15:38:10.606084 ALT: 7.62
15:38:10.622224 ALT: 7.62
15:38:10.639162 ALT: 7.62
15:38:10.653923 ALT: 7.62
15:38:10.669183 ALT: 7.62
15:38:10.685119 ALT: 7.62
15:38:10.708338 ALT: 7.62
15:38:10.719169 ALT: 7.62
15:38:10.733079 ALT: 7.62
15:38:10.749357 ALT: 7.62
15:38:10.765176 ALT: 7.62
15:38:10.781994 ALT: 7.62
15:38:10.797113 ALT: 7.62
15:38:10.813336 ALT: 7.62
15:38:10.829173 ALT: 7.62
15:38:10.845237 ALT: 7.62
15:38:10.861220 ALT: 7.62
15:38:10.877189 ALT: 7.62
15:38:10.893379 ALT: 7.62
15:38:10.909229 ALT: 7.62
15:38:10.941127 ALT: 7.62
15:38:10.957124 ALT: 7.62
15:38:10.973103 ALT: 7.62
15:38:10.989132 ALT: 7.62
15:38:11.005176 ALT: 7.62
15:38:11.021081 ALT: 7.62
15:38:11.037141 ALT: 7.62
15:38:11.053173 ALT: 7.62
15:38:11.069133 ALT: 7.62
15:38:11.085192 ALT: 7.62
15:38:11.101162 ALT: 7.62
15:38:11.117243 ALT: 7.62
15:38:11.133869 ALT: 7.62
15:38:11.151876 ALT: 7.62
15:38:11.169432 ALT: 7.62
15:38:11.181329 ALT: 7.62
15:38:11.197224 ALT: 7.62
15:38:11.213642 ALT: 7.62
15:38:11.229245 ALT: 7.62
15:38:11.245247 ALT: 7.62
15:38:11.261313 ALT: 7.62
15:38:11.277227 ALT: 7.62
15:38:11.293532 ALT: 7.62
15:38:11.309210 ALT: 7.62
15:38:11.325272 ALT: 7.62
15:38:11.341164 ALT: 7.62
15:38:11.357228 ALT: 7.62
15:38:11.373208 ALT: 7.62
15:38:11.389321 ALT: 7.62
15:38:11.405242 ALT: 7.62
15:38:11.421202 ALT: 7.62
15:38:11.437200 ALT: 7.62
15:38:11.453386 ALT: 7.62
15:38:11.469197 ALT: 7.62
15:38:11.485266 ALT: 7.62
15:38:11.501164 ALT: 7.62
15:38:11.517274 ALT: 7.62
15:38:11.533275 ALT: 7.62
15:38:11.549406 ALT: 7.62
15:38:11.565252 ALT: 7.62
15:38:11.581463 ALT: 7.62
15:38:11.597250 ALT: 7.62
15:38:11.613271 ALT: 7.62
15:38:11.629270 ALT: 7.62
15:38:11.645305 ALT: 7.62
15:38:11.661290 ALT: 7.62
15:38:11.677361 ALT: 7.62
15:38:11.693519 ALT: 7.62
15:38:11.709328 ALT: 7.62
15:38:11.725534 ALT: 7.62
15:38:11.741327 ALT: 7.62
15:38:11.757198 ALT: 7.62
15:38:11.773285 ALT: 7.62
15:38:11.789231 ALT: 7.62
15:38:11.805291 ALT: 7.62
15:38:11.821248 ALT: 7.62
15:38:11.837289 ALT: 7.62
15:38:11.853289 ALT: 7.62
15:38:11.869261 ALT: 7.62
15:38:11.885310 ALT: 7.62
15:38:11.901267 ALT: 7.62
15:38:11.917737 ALT: 7.62
15:38:11.933308 ALT: 7.62
15:38:11.949734 ALT: 7.62
15:38:11.965286 ALT: 7.62
15:38:11.981613 ALT: 7.62
15:38:11.997330 ALT: 7.62
15:38:12.013344 ALT: 7.62
15:38:12.029338 ALT: 7.62
15:38:12.045344 ALT: 7.62
15:38:12.061442 ALT: 7.62
15:38:12.077411 ALT: 7.62
15:38:12.093575 ALT: 7.62
15:38:12.109268 ALT: 7.62
15:38:12.125346 ALT: 7.62
15:38:12.141316 ALT: 7.62
15:38:12.159477 ALT: 7.62
15:38:12.173398 ALT: 7.62
15:38:12.189328 ALT: 7.62
15:38:12.205347 ALT: 7.62
15:38:12.221389 ALT: 7.62
15:38:12.237320 ALT: 7.62
15:38:12.253350 ALT: 7.62
15:38:12.269318 ALT: 7.62
15:38:12.285392 ALT: 7.62
15:38:12.301369 ALT: 7.62
15:38:12.317566 ALT: 7.62
15:38:12.333334 ALT: 7.62
15:38:12.349586 ALT: 7.62
15:38:12.365383 ALT: 7.62
15:38:12.381630 ALT: 7.62
15:38:12.397368 ALT: 7.62
15:38:12.413516 ALT: 7.62
15:38:12.429370 ALT: 7.62
15:38:12.445431 ALT: 7.62
15:38:12.461395 ALT: 7.62
15:38:12.477417 ALT: 7.62
15:38:12.493519 ALT: 7.62
15:38:12.509365 ALT: 7.62
15:38:12.525371 ALT: 7.62
15:38:12.541426 ALT: 7.62
15:38:12.557382 ALT: 7.62
15:38:12.573414 ALT: 7.62
15:38:12.589382 ALT: 7.62
15:38:12.605389 ALT: 7.62
15:38:12.621396 ALT: 7.62
15:38:12.637487 ALT: 7.62
15:38:12.653391 ALT: 7.62
15:38:12.669382 ALT: 7.62
15:38:12.685425 ALT: 7.62
15:38:12.701403 ALT: 7.62
15:38:12.717755 ALT: 7.62
15:38:12.733411 ALT: 7.62
15:38:12.749851 ALT: 7.62
15:38:12.765440 ALT: 7.62
15:38:12.781833 ALT: 7.62
15:38:12.797420 ALT: 7.62
15:38:12.813441 ALT: 7.62
15:38:12.829473 ALT: 7.62
15:38:12.845435 ALT: 7.62
15:38:12.861430 ALT: 7.62
15:38:12.877444 ALT: 7.62
15:38:12.893759 ALT: 7.62
15:38:12.909370 ALT: 7.62
15:38:12.925500 ALT: 7.62
15:38:12.941457 ALT: 7.62
15:38:12.957421 ALT: 7.62
15:38:12.973436 ALT: 7.62
15:38:12.989434 ALT: 7.62
15:38:13.005472 ALT: 7.62
15:38:13.021450 ALT: 7.62
15:38:13.037499 ALT: 7.62
15:38:13.053501 ALT: 7.62
15:38:13.069424 ALT: 7.62
15:38:13.085442 ALT: 7.62
15:38:13.102254 ALT: 7.62
15:38:13.117633 ALT: 7.62
15:38:13.133488 ALT: 7.62
15:38:13.149674 ALT: 7.62
15:38:13.165504 ALT: 7.62
15:38:13.181672 ALT: 7.62
15:38:13.197473 ALT: 7.62
15:38:13.213491 ALT: 7.62
15:38:13.229499 ALT: 7.62
15:38:13.245495 ALT: 7.62
15:38:13.261507 ALT: 7.62
15:38:13.282328 ALT: 7.62
15:38:13.293818 ALT: 7.62
15:38:13.309611 ALT: 7.62
15:38:13.326145 ALT: 7.62
15:38:13.343171 ALT: 7.62
15:38:13.357652 ALT: 7.62
15:38:13.373670 ALT: 7.62
15:38:13.391491 ALT: 7.62
15:38:13.406940 ALT: 7.62
15:38:13.421665 ALT: 7.62
15:38:13.437843 ALT: 7.62
15:38:13.453575 ALT: 7.62
15:38:13.470581 ALT: 7.62
15:38:13.486400 ALT: 7.62
15:38:13.501507 ALT: 7.62
15:38:13.517602 ALT: 7.62
15:38:13.533543 ALT: 7.62
15:38:13.549704 ALT: 7.62
15:38:13.567934 ALT: 7.62
15:38:13.581508 ALT: 7.62
15:38:13.597548 ALT: 7.62
15:38:13.613584 ALT: 7.62
15:38:13.629619 ALT: 7.62
15:38:13.645561 ALT: 7.62
15:38:13.661624 ALT: 7.62
15:38:13.677612 ALT: 7.62
15:38:13.693846 ALT: 7.62
15:38:13.709502 ALT: 7.62
15:38:13.726007 ALT: 7.62
15:38:13.741697 ALT: 7.62
15:38:13.768096 ALT: 7.62
15:38:13.785432 ALT: 7.62
15:38:13.805636 ALT: 7.62
15:38:13.821626 ALT: 7.62
15:38:13.837896 ALT: 7.62
15:38:13.853607 ALT: 7.62
15:38:13.869759 ALT: 7.62
15:38:13.885863 ALT: 7.62
15:38:13.901688 ALT: 7.62
15:38:13.917658 ALT: 7.62
15:38:13.933658 ALT: 7.62
15:38:13.949786 ALT: 7.62
15:38:13.965631 ALT: 7.62
15:38:13.981664 ALT: 7.62
15:38:13.997628 ALT: 7.62
15:38:14.013639 ALT: 7.62
15:38:14.029652 ALT: 7.62
15:38:14.045705 ALT: 7.62
15:38:14.061641 ALT: 7.62
15:38:14.077546 ALT: 7.62
15:38:14.093830 ALT: 7.62
15:38:14.109544 ALT: 7.62
15:38:14.125644 ALT: 7.62
15:38:14.141636 ALT: 7.62
15:38:14.157599 ALT: 7.62
15:38:14.173614 ALT: 7.62
15:38:14.189632 ALT: 7.62
15:38:14.205668 ALT: 7.62
15:38:14.221643 ALT: 7.62
15:38:14.237680 ALT: 7.62
15:38:14.253641 ALT: 7.62
15:38:14.269588 ALT: 7.62
15:38:14.287543 ALT: 7.62
15:38:14.301626 ALT: 7.62
15:38:14.317902 ALT: 7.62
15:38:14.333699 ALT: 7.62
15:38:14.349767 ALT: 7.62
15:38:14.365696 ALT: 7.62
15:38:14.381677 ALT: 7.62
15:38:14.397647 ALT: 7.62
15:38:14.413701 ALT: 7.62
15:38:14.429705 ALT: 7.62
15:38:14.445764 ALT: 7.62
15:38:14.461711 ALT: 7.62
15:38:14.477626 ALT: 7.62
15:38:14.493978 ALT: 7.62
15:38:14.509740 ALT: 7.62
15:38:14.526974 ALT: 7.62
15:38:14.541750 ALT: 7.62
15:38:14.557660 ALT: 7.62
15:38:14.573720 ALT: 7.62
15:38:14.589706 ALT: 7.62
15:38:14.605701 ALT: 7.62
15:38:14.621702 ALT: 7.62
15:38:14.637664 ALT: 7.62
15:38:14.653723 ALT: 7.62
15:38:14.669674 ALT: 7.62
15:38:14.686175 ALT: 7.62
15:38:14.701686 ALT: 7.62
15:38:14.718086 ALT: 7.62
15:38:14.733661 ALT: 7.62
15:38:14.750140 ALT: 7.62
15:38:14.765733 ALT: 7.62
15:38:14.781719 ALT: 7.62
15:38:14.797674 ALT: 7.62
15:38:14.813748 ALT: 7.62
15:38:14.829691 ALT: 7.62
15:38:14.845698 ALT: 7.62
15:38:14.861735 ALT: 7.62
15:38:14.877657 ALT: 7.62
15:38:14.893827 ALT: 7.62
15:38:14.909733 ALT: 7.62
15:38:14.925748 ALT: 7.62
15:38:14.941743 ALT: 7.62
15:38:14.957729 ALT: 7.62
15:38:14.973748 ALT: 7.62
15:38:14.989785 ALT: 7.62
15:38:15.005761 ALT: 7.62
15:38:15.021774 ALT: 7.62
15:38:15.037721 ALT: 7.62
15:38:15.053952 ALT: 7.62
15:38:15.069739 ALT: 7.62
15:38:15.086040 ALT: 7.62
15:38:15.101734 ALT: 7.62
15:38:15.117919 ALT: 7.62
15:38:15.133768 ALT: 7.62
15:38:15.149740 ALT: 7.62
15:38:15.165864 ALT: 7.62
15:38:15.181855 ALT: 7.62
15:38:15.197821 ALT: 7.62
15:38:15.213778 ALT: 7.62
15:38:15.229840 ALT: 7.62
15:38:15.245796 ALT: 7.62
15:38:15.261882 ALT: 7.62
15:38:15.277785 ALT: 7.62
15:38:15.293986 ALT: 7.62
15:38:15.309800 ALT: 7.62
15:38:15.325846 ALT: 7.62
15:38:15.341887 ALT: 7.62
15:38:15.357874 ALT: 7.62
15:38:15.373846 ALT: 7.62
15:38:15.389860 ALT: 7.62
15:38:15.405811 ALT: 7.62
15:38:15.421852 ALT: 7.62
15:38:15.437825 ALT: 7.62
15:38:15.453842 ALT: 7.62
15:38:15.469839 ALT: 7.62
15:38:15.486312 ALT: 7.62
15:38:15.501896 ALT: 7.62
15:38:15.518106 ALT: 7.62
15:38:15.533826 ALT: 7.62
15:38:15.549842 ALT: 7.62
15:38:15.565851 ALT: 7.62
15:38:15.581838 ALT: 7.62
15:38:15.597827 ALT: 7.62
15:38:15.613934 ALT: 7.62
15:38:15.629873 ALT: 7.62
15:38:15.645785 ALT: 7.62
15:38:15.661885 ALT: 7.62
15:38:15.677824 ALT: 7.62
15:38:15.694466 ALT: 7.62
15:38:15.709847 ALT: 7.62
15:38:15.725951 ALT: 7.62
15:38:15.741864 ALT: 7.62
15:38:15.757918 ALT: 7.62
15:38:15.773878 ALT: 7.62
15:38:15.789917 ALT: 7.62
15:38:15.805872 ALT: 7.62
15:38:15.821861 ALT: 7.62
15:38:15.837916 ALT: 7.62
15:38:15.854210 ALT: 7.62
15:38:15.869858 ALT: 7.62
15:38:15.886134 ALT: 7.62
15:38:15.901862 ALT: 7.62
15:38:15.918204 ALT: 7.62
15:38:15.933849 ALT: 7.62
15:38:15.949914 ALT: 7.62
15:38:15.965925 ALT: 7.62
15:38:15.981984 ALT: 7.62
15:38:15.997926 ALT: 7.62
15:38:16.013994 ALT: 7.62
15:38:16.029903 ALT: 7.62
15:38:16.045872 ALT: 7.62
15:38:16.061944 ALT: 7.62
15:38:16.077879 ALT: 7.62
15:38:16.094150 ALT: 7.62
15:38:16.109961 ALT: 7.62
15:38:16.126016 ALT: 7.62
15:38:16.142011 ALT: 7.62
15:38:16.157913 ALT: 7.62
15:38:16.174036 ALT: 7.62
15:38:16.189984 ALT: 7.62
15:38:16.205953 ALT: 7.62
15:38:16.221934 ALT: 7.62
15:38:16.237977 ALT: 7.62
15:38:16.254023 ALT: 7.62
15:38:16.269978 ALT: 7.62
15:38:16.286386 ALT: 7.62
15:38:16.301968 ALT: 7.62
15:38:16.318206 ALT: 7.62
15:38:16.333947 ALT: 7.62
15:38:16.349973 ALT: 7.62
15:38:16.365951 ALT: 7.62
15:38:16.381974 ALT: 7.62
15:38:16.397982 ALT: 7.62
15:38:16.429927 ALT: 7.62
15:38:16.445901 ALT: 7.62
15:38:16.461997 ALT: 7.62
15:38:16.477941 ALT: 7.62
15:38:16.494128 ALT: 7.62
15:38:16.509963 ALT: 7.62
15:38:16.526018 ALT: 7.62
15:38:16.541996 ALT: 7.62
15:38:16.558052 ALT: 7.62
15:38:16.573997 ALT: 7.62
15:38:16.590039 ALT: 7.62
15:38:16.606001 ALT: 7.62
15:38:16.622038 ALT: 7.62
15:38:16.638011 ALT: 7.62
15:38:16.654256 ALT: 7.62
15:38:16.670005 ALT: 7.66
15:38:16.686268 ALT: 7.66
15:38:16.702010 ALT: 7.68
15:38:16.718045 ALT: 7.7
15:38:16.733990 ALT: 7.7
15:38:16.750068 ALT: 7.71
15:38:16.766059 ALT: 7.71
15:38:16.782035 ALT: 7.71
15:38:16.798037 ALT: 7.71
15:38:16.814003 ALT: 7.71
15:38:16.830070 ALT: 7.71
15:38:16.846020 ALT: 7.71
15:38:16.862115 ALT: 7.71
15:38:16.877996 ALT: 7.71
15:38:16.894106 ALT: 7.71
15:38:16.910023 ALT: 7.71
15:38:16.926120 ALT: 7.71
15:38:16.942170 ALT: 7.71
15:38:16.958115 ALT: 7.71
15:38:16.974114 ALT: 7.71
15:38:16.990049 ALT: 7.71
15:38:17.006064 ALT: 7.71
15:38:17.022151 ALT: 7.71
15:38:17.038132 ALT: 7.71
15:38:17.054166 ALT: 7.71
15:38:17.070055 ALT: 7.71
15:38:17.086455 ALT: 7.71
15:38:17.102076 ALT: 7.71
15:38:17.118104 ALT: 7.71
15:38:17.134098 ALT: 7.71
15:38:17.150143 ALT: 7.71
15:38:17.166084 ALT: 7.71
15:38:17.182178 ALT: 7.71
15:38:17.198107 ALT: 7.71
15:38:17.214019 ALT: 7.71
15:38:17.230086 ALT: 7.71
15:38:17.246018 ALT: 7.71
15:38:17.262109 ALT: 7.71
15:38:17.278091 ALT: 7.71
15:38:17.294169 ALT: 7.71
15:38:17.310061 ALT: 7.71
15:38:17.326174 ALT: 7.71
15:38:17.342053 ALT: 7.71
15:38:17.358183 ALT: 7.71
15:38:17.374102 ALT: 7.71
15:38:17.390129 ALT: 7.71
15:38:17.406112 ALT: 7.71
15:38:17.422303 ALT: 7.71
15:38:17.438131 ALT: 7.71
15:38:17.454407 ALT: 7.71
15:38:17.470107 ALT: 7.71
15:38:17.486355 ALT: 7.71
15:38:17.502145 ALT: 7.71
15:38:17.518217 ALT: 7.71
15:38:17.534088 ALT: 7.71
15:38:17.550156 ALT: 7.71
15:38:17.566151 ALT: 7.71
15:38:17.582172 ALT: 7.71
15:38:17.598196 ALT: 7.71
15:38:17.614109 ALT: 7.71
15:38:17.630241 ALT: 7.71
15:38:17.646120 ALT: 7.71
15:38:17.662207 ALT: 7.71
15:38:17.678167 ALT: 7.71
15:38:17.694444 ALT: 7.71
15:38:17.710180 ALT: 7.71
15:38:17.726251 ALT: 7.71
15:38:17.742319 ALT: 7.71
15:38:17.758256 ALT: 7.71
15:38:17.774232 ALT: 7.71
15:38:17.790206 ALT: 7.71
15:38:17.806189 ALT: 7.71
15:38:17.822242 ALT: 7.71
15:38:17.838204 ALT: 7.71
15:38:17.854214 ALT: 7.71
15:38:17.870198 ALT: 7.71
15:38:17.886182 ALT: 7.71
15:38:17.902169 ALT: 7.71
15:38:17.918208 ALT: 7.71
15:38:17.934237 ALT: 7.71
15:38:17.950216 ALT: 7.71
15:38:17.966145 ALT: 7.71
15:38:17.982235 ALT: 7.71
15:38:17.998195 ALT: 7.71
15:38:18.014139 ALT: 7.71
15:38:18.030227 ALT: 7.71
15:38:18.046209 ALT: 7.71
15:38:18.062259 ALT: 7.71
15:38:18.078177 ALT: 7.71
15:38:18.094278 ALT: 7.71
15:38:18.110182 ALT: 7.71
15:38:18.126261 ALT: 7.71
15:38:18.142166 ALT: 7.71
15:38:18.158286 ALT: 7.71
15:38:18.174259 ALT: 7.71
15:38:18.190290 ALT: 7.71
15:38:18.206238 ALT: 7.71
15:38:18.222588 ALT: 7.71
15:38:18.238309 ALT: 7.71
15:38:18.254455 ALT: 7.71
15:38:18.270254 ALT: 7.71
15:38:18.286522 ALT: 7.71
15:38:18.302246 ALT: 7.71
15:38:18.318320 ALT: 7.71
15:38:18.334194 ALT: 7.71
15:38:18.350270 ALT: 7.71
15:38:18.366231 ALT: 7.71
15:38:18.382247 ALT: 7.71
15:38:18.398247 ALT: 7.71
15:38:18.414250 ALT: 7.71
15:38:18.430249 ALT: 7.71
15:38:18.446285 ALT: 7.71
15:38:18.462342 ALT: 7.71
15:38:18.478271 ALT: 7.71
15:38:18.494414 ALT: 7.71
15:38:18.510293 ALT: 7.71
15:38:18.526323 ALT: 7.71
15:38:18.542314 ALT: 7.71
15:38:18.558339 ALT: 7.71
15:38:18.574317 ALT: 7.71
15:38:18.590624 ALT: 7.71
15:38:18.606346 ALT: 7.71
15:38:18.622370 ALT: 7.71
15:38:18.638311 ALT: 7.71
15:38:18.654486 ALT: 7.71
15:38:18.670261 ALT: 7.71
15:38:18.686508 ALT: 7.71
15:38:18.702290 ALT: 7.71
15:38:18.718363 ALT: 7.71
15:38:18.734315 ALT: 7.71
15:38:18.750335 ALT: 7.71
15:38:18.766379 ALT: 7.71
15:38:18.782265 ALT: 7.71
15:38:18.798344 ALT: 7.71
15:38:18.814259 ALT: 7.71
15:38:18.830366 ALT: 7.71
15:38:18.846276 ALT: 7.71
15:38:18.862377 ALT: 7.71
15:38:18.878321 ALT: 7.71
15:38:18.894540 ALT: 7.71
15:38:18.910320 ALT: 7.71
15:38:18.926493 ALT: 7.71
15:38:18.942346 ALT: 7.71
15:38:18.958377 ALT: 7.71
15:38:18.974350 ALT: 7.71
15:38:18.990591 ALT: 7.71
15:38:19.006395 ALT: 7.71
15:38:19.022704 ALT: 7.71
15:38:19.038382 ALT: 7.71
15:38:19.055009 ALT: 7.71
15:38:19.070376 ALT: 7.71
15:38:19.086450 ALT: 7.71
15:38:19.102343 ALT: 7.71
15:38:19.118349 ALT: 7.71
15:38:19.134377 ALT: 7.71
15:38:19.150406 ALT: 7.71
15:38:19.182368 ALT: 7.71
15:38:19.198414 ALT: 7.71
15:38:19.214444 ALT: 7.71
15:38:19.230430 ALT: 7.71
15:38:19.246414 ALT: 7.71
15:38:19.262448 ALT: 7.71
15:38:19.278426 ALT: 7.71
15:38:19.294570 ALT: 7.71
15:38:19.310463 ALT: 7.71
15:38:19.326817 ALT: 7.71
15:38:19.342442 ALT: 7.71
15:38:19.358514 ALT: 7.71
15:38:19.374486 ALT: 7.71
15:38:19.390780 ALT: 7.71
15:38:19.406509 ALT: 7.71
15:38:19.422501 ALT: 7.71
15:38:19.438459 ALT: 7.71
15:38:19.454605 ALT: 7.71
15:38:19.470418 ALT: 7.71
15:38:19.486585 ALT: 7.71
15:38:19.502456 ALT: 7.71
15:38:19.518439 ALT: 7.71
15:38:19.534425 ALT: 7.71
15:38:19.550496 ALT: 7.71
15:38:19.566479 ALT: 7.71
15:38:19.582332 ALT: 7.71
15:38:19.598454 ALT: 7.71
15:38:19.614353 ALT: 7.71
15:38:19.630502 ALT: 7.71
15:38:19.646460 ALT: 7.71
15:38:19.662509 ALT: 7.71
15:38:19.678453 ALT: 7.71
15:38:19.694729 ALT: 7.71
15:38:19.710455 ALT: 7.71
15:38:19.726516 ALT: 7.71
15:38:19.742473 ALT: 7.71
15:38:19.758528 ALT: 7.71
15:38:19.774496 ALT: 7.71
15:38:19.790739 ALT: 7.71
15:38:19.806519 ALT: 7.71
15:38:19.822817 ALT: 7.71
15:38:19.838553 ALT: 7.71
15:38:19.854687 ALT: 7.71
15:38:19.870484 ALT: 7.71
15:38:19.886534 ALT: 7.71
15:38:19.902470 ALT: 7.71
15:38:19.918511 ALT: 7.71
15:38:19.934526 ALT: 7.71
15:38:19.950511 ALT: 7.71
15:38:19.966511 ALT: 7.71
15:38:19.982520 ALT: 7.71
15:38:19.998572 ALT: 7.71
15:38:20.014511 ALT: 7.71
15:38:20.030531 ALT: 7.71
15:38:20.046517 ALT: 7.71
15:38:20.062607 ALT: 7.71
15:38:20.078536 ALT: 7.71
15:38:20.094734 ALT: 7.71
15:38:20.110548 ALT: 7.71
15:38:20.126736 ALT: 7.71
15:38:20.142596 ALT: 7.71
15:38:20.159106 ALT: 7.71
15:38:20.174596 ALT: 7.71
15:38:20.190906 ALT: 7.71
15:38:20.206555 ALT: 7.71
15:38:20.222583 ALT: 7.71
15:38:20.238568 ALT: 7.71
15:38:20.254671 ALT: 7.71
15:38:20.270555 ALT: 7.71
15:38:20.286540 ALT: 7.71
15:38:20.302545 ALT: 7.71
15:38:20.318619 ALT: 7.71
15:38:20.334530 ALT: 7.71
15:38:20.350495 ALT: 7.71
15:38:20.366607 ALT: 7.71
15:38:20.382496 ALT: 7.71
15:38:20.398618 ALT: 7.71
15:38:20.414588 ALT: 7.71
15:38:20.430569 ALT: 7.71
15:38:20.446562 ALT: 7.71
15:38:20.463035 ALT: 7.71
15:38:20.478547 ALT: 7.71
15:38:20.494779 ALT: 7.71
15:38:20.510564 ALT: 7.71
15:38:20.526784 ALT: 7.71
15:38:20.542587 ALT: 7.71
15:38:20.558855 ALT: 7.71
15:38:20.574624 ALT: 7.71
15:38:20.590871 ALT: 7.71
15:38:20.606609 ALT: 7.71
15:38:20.622834 ALT: 7.71
15:38:20.638617 ALT: 7.71
15:38:20.654684 ALT: 7.71
15:38:20.670567 ALT: 7.71
15:38:20.686718 ALT: 7.71
15:38:20.702626 ALT: 7.71
15:38:20.718696 ALT: 7.71
15:38:20.734593 ALT: 7.71
15:38:20.750581 ALT: 7.71
15:38:20.766670 ALT: 7.71
15:38:20.782606 ALT: 7.71
15:38:20.798678 ALT: 7.71
15:38:20.814666 ALT: 7.71
15:38:20.830705 ALT: 7.71
15:38:20.846607 ALT: 7.71
15:38:20.862884 ALT: 7.71
15:38:20.878668 ALT: 7.71
15:38:20.894909 ALT: 7.71
15:38:20.910694 ALT: 7.71
15:38:20.926964 ALT: 7.71
15:38:20.942694 ALT: 7.71
15:38:20.959068 ALT: 7.71
15:38:20.974792 ALT: 7.71
15:38:20.993132 ALT: 7.71
15:38:21.006767 ALT: 7.71
15:38:21.022727 ALT: 7.71
15:38:21.038772 ALT: 7.71
15:38:21.054715 ALT: 7.71
15:38:21.070716 ALT: 7.71
15:38:21.086715 ALT: 7.71
15:38:21.102740 ALT: 7.71
15:38:21.118746 ALT: 7.71
15:38:21.134711 ALT: 7.71
15:38:21.150626 ALT: 7.71
15:38:21.166708 ALT: 7.71
15:38:21.182626 ALT: 7.71
15:38:21.198736 ALT: 7.71
15:38:21.214721 ALT: 7.71
15:38:21.230751 ALT: 7.71
15:38:21.246756 ALT: 7.71
15:38:21.262954 ALT: 7.71
15:38:21.278729 ALT: 7.71
15:38:21.294936 ALT: 7.71
15:38:21.310711 ALT: 7.71
15:38:21.328091 ALT: 7.71
15:38:21.345669 ALT: 7.71
15:38:21.358855 ALT: 7.71
15:38:21.375249 ALT: 7.71
15:38:21.390852 ALT: 7.71
15:38:21.409470 ALT: 7.71
15:38:21.422924 ALT: 7.71
15:38:21.438915 ALT: 7.71
15:38:21.455121 ALT: 7.71
15:38:21.471415 ALT: 7.71
15:38:21.490513 ALT: 7.71
15:38:21.502960 ALT: 7.71
15:38:21.522879 ALT: 7.71
15:38:21.534748 ALT: 7.71
15:38:21.550877 ALT: 7.71
15:38:21.566888 ALT: 7.71
15:38:21.582821 ALT: 7.71
15:38:21.598881 ALT: 7.71
15:38:21.614889 ALT: 7.71
15:38:21.631884 ALT: 7.71
15:38:21.646875 ALT: 7.71
15:38:21.666821 ALT: 7.71
15:38:21.678869 ALT: 7.71
15:38:21.694882 ALT: 7.71
15:38:21.710849 ALT: 7.71
15:38:21.727197 ALT: 7.71
15:38:21.742884 ALT: 7.71
15:38:21.759744 ALT: 7.71
15:38:21.774973 ALT: 7.71
15:38:21.790980 ALT: 7.71
15:38:21.810886 ALT: 7.71
15:38:21.823019 ALT: 7.71
15:38:21.839005 ALT: 7.71
15:38:21.855863 ALT: 7.71
15:38:21.870979 ALT: 7.71
15:38:21.887081 ALT: 7.71
15:38:21.902868 ALT: 7.71
15:38:21.918871 ALT: 7.71
15:38:21.934852 ALT: 7.71
15:38:21.950933 ALT: 7.71
15:38:21.966811 ALT: 7.71
15:38:21.982865 ALT: 7.71
15:38:21.998885 ALT: 7.71
15:38:22.014939 ALT: 7.71
15:38:22.032950 ALT: 7.71
15:38:22.046935 ALT: 7.71
15:38:22.065658 ALT: 7.71
15:38:22.079167 ALT: 7.71
15:38:22.096689 ALT: 7.71
15:38:22.110902 ALT: 7.71
15:38:22.127321 ALT: 7.71
15:38:22.142951 ALT: 7.71
15:38:22.161485 ALT: 7.71
15:38:22.174927 ALT: 7.71
15:38:22.191167 ALT: 7.71
15:38:22.206974 ALT: 7.71
15:38:22.222933 ALT: 7.71
15:38:22.238950 ALT: 7.71
15:38:22.254971 ALT: 7.71
15:38:22.270984 ALT: 7.71
15:38:22.287044 ALT: 7.71
15:38:22.302938 ALT: 7.71
15:38:22.318903 ALT: 7.71
15:38:22.334951 ALT: 7.71
15:38:22.350937 ALT: 7.71
15:38:22.367026 ALT: 7.71
15:38:22.382911 ALT: 7.71
15:38:22.398965 ALT: 7.71
15:38:22.414915 ALT: 7.71
15:38:22.433541 ALT: 7.71
15:38:22.446891 ALT: 7.71
15:38:22.470319 ALT: 7.71
15:38:22.486198 ALT: 7.71
15:38:22.499170 ALT: 7.71
15:38:22.510899 ALT: 7.71
15:38:22.534181 ALT: 7.71
15:38:22.565648 ALT: 7.71
15:38:22.576411 ALT: 7.71
15:38:22.598500 ALT: 7.71
15:38:22.609228 ALT: 7.71
15:38:22.623156 ALT: 7.71
15:38:22.638991 ALT: 7.71
15:38:22.655179 ALT: 7.71
15:38:22.671535 ALT: 7.71
15:38:22.686977 ALT: 7.71
15:38:22.702978 ALT: 7.71
15:38:22.718931 ALT: 7.71
15:38:22.734969 ALT: 7.71
15:38:22.750951 ALT: 7.71
15:38:22.766926 ALT: 7.71
15:38:22.783042 ALT: 7.71
15:38:22.798978 ALT: 7.71
15:38:22.814986 ALT: 7.71
15:38:22.832786 ALT: 7.71
15:38:22.846960 ALT: 7.71
15:38:22.865061 ALT: 7.71
15:38:22.879054 ALT: 7.71
15:38:22.897097 ALT: 7.71
15:38:22.910981 ALT: 7.71
15:38:22.927177 ALT: 7.71
15:38:22.943030 ALT: 7.71
15:38:22.959292 ALT: 7.71
15:38:22.975115 ALT: 7.71
15:38:22.991223 ALT: 7.71
15:38:23.007049 ALT: 7.71
15:38:23.024279 ALT: 7.71
15:38:23.039203 ALT: 7.71
15:38:23.055096 ALT: 7.71
15:38:23.071497 ALT: 7.71
15:38:23.090169 ALT: 7.71
15:38:23.102987 ALT: 7.71
15:38:23.119056 ALT: 7.71
15:38:23.135113 ALT: 7.71
15:38:23.151097 ALT: 7.71
15:38:23.167107 ALT: 7.71
15:38:23.183089 ALT: 7.71
15:38:23.202077 ALT: 7.71
15:38:23.215132 ALT: 7.71
15:38:23.233768 ALT: 7.71
15:38:23.247514 ALT: 7.71
15:38:23.263113 ALT: 7.71
15:38:23.279958 ALT: 7.71
15:38:23.298622 ALT: 7.71
15:38:23.311013 ALT: 7.71
15:38:23.327172 ALT: 7.71
15:38:23.343040 ALT: 7.71
15:38:23.359169 ALT: 7.71
15:38:23.375119 ALT: 7.71
15:38:23.391196 ALT: 7.71
15:38:23.407062 ALT: 7.71
15:38:23.423078 ALT: 7.71
15:38:23.439048 ALT: 7.75
15:38:23.458102 ALT: 7.77
15:38:23.471444 ALT: 7.77
15:38:23.487092 ALT: 7.78
15:38:23.503112 ALT: 7.79
15:38:23.519067 ALT: 7.79
15:38:23.535078 ALT: 7.79
15:38:23.551075 ALT: 7.79
15:38:23.567122 ALT: 7.79
15:38:23.583054 ALT: 7.79
15:38:23.599074 ALT: 7.79
15:38:23.615117 ALT: 7.79
15:38:23.631369 ALT: 7.79
15:38:23.647040 ALT: 7.79
15:38:23.663144 ALT: 7.79
15:38:23.679119 ALT: 7.79
15:38:23.697678 ALT: 7.79
15:38:23.712205 ALT: 7.79
15:38:23.727242 ALT: 7.79
15:38:23.745733 ALT: 7.79
15:38:23.759068 ALT: 7.79
15:38:23.775118 ALT: 7.79
15:38:23.794744 ALT: 7.79
15:38:23.807182 ALT: 7.79
15:38:23.823215 ALT: 7.79
15:38:23.839147 ALT: 7.79
15:38:23.855177 ALT: 7.79
15:38:23.871109 ALT: 7.79
15:38:23.887054 ALT: 7.79
15:38:23.904959 ALT: 7.79
15:38:23.919089 ALT: 7.79
15:38:23.935162 ALT: 7.79
15:38:23.951119 ALT: 7.79
15:38:23.967175 ALT: 7.79
15:38:23.983177 ALT: 7.79
15:38:23.999364 ALT: 7.79
15:38:24.015137 ALT: 7.79
15:38:24.031248 ALT: 7.79
15:38:24.047165 ALT: 7.79
15:38:24.063245 ALT: 7.79
15:38:24.079195 ALT: 7.79
15:38:24.096032 ALT: 7.79
15:38:24.111506 ALT: 7.79
15:38:24.127213 ALT: 7.79
15:38:24.144512 ALT: 7.79
15:38:24.159378 ALT: 7.79
15:38:24.175186 ALT: 7.79
15:38:24.191442 ALT: 7.79
15:38:24.207522 ALT: 7.79
15:38:24.227050 ALT: 7.79
15:38:24.239405 ALT: 7.79
15:38:24.255194 ALT: 7.79
15:38:24.271370 ALT: 7.79
15:38:24.291049 ALT: 7.79
15:38:24.303229 ALT: 7.79
15:38:24.319162 ALT: 7.79
15:38:24.335325 ALT: 7.79
15:38:24.351203 ALT: 7.79
15:38:24.367464 ALT: 7.79
15:38:24.383253 ALT: 7.79
15:38:24.400134 ALT: 7.79
15:38:24.415275 ALT: 7.79
15:38:24.432776 ALT: 7.79
15:38:24.447313 ALT: 7.79
15:38:24.463793 ALT: 7.79
15:38:24.479242 ALT: 7.79
15:38:24.495696 ALT: 7.79
15:38:24.512281 ALT: 7.79
15:38:24.530322 ALT: 7.79
15:38:24.544774 ALT: 7.79
15:38:24.560063 ALT: 7.79
15:38:24.575310 ALT: 7.79
15:38:24.594985 ALT: 7.79
15:38:24.607275 ALT: 7.79
15:38:24.623887 ALT: 7.79
15:38:24.639264 ALT: 7.79
15:38:24.671309 ALT: 7.79
15:38:24.687250 ALT: 7.79
15:38:24.703287 ALT: 7.79
15:38:24.719216 ALT: 7.79
15:38:24.735293 ALT: 7.79
15:38:24.751289 ALT: 7.79
15:38:24.767292 ALT: 7.79
15:38:24.783278 ALT: 7.79
15:38:24.799331 ALT: 7.79
15:38:24.815338 ALT: 7.79
15:38:24.833107 ALT: 7.79
15:38:24.847282 ALT: 7.79
15:38:24.864437 ALT: 7.79
15:38:24.879836 ALT: 7.79
15:38:24.898430 ALT: 7.79
15:38:24.913026 ALT: 7.79
15:38:24.931223 ALT: 7.79
15:38:24.946436 ALT: 7.79
15:38:24.959350 ALT: 7.79
15:38:24.979594 ALT: 7.79
15:38:24.991511 ALT: 7.79
15:38:25.007286 ALT: 7.79
15:38:25.023568 ALT: 7.79
15:38:25.039320 ALT: 7.79
15:38:25.055274 ALT: 7.79
15:38:25.071350 ALT: 7.79
15:38:25.087315 ALT: 7.79
15:38:25.105115 ALT: 7.79
15:38:25.119341 ALT: 7.79
15:38:25.135446 ALT: 7.79
15:38:25.151375 ALT: 7.79
15:38:25.167347 ALT: 7.79
15:38:25.183344 ALT: 7.79
15:38:25.199373 ALT: 7.79
15:38:25.215340 ALT: 7.79
15:38:25.231452 ALT: 7.79
15:38:25.247309 ALT: 7.79
15:38:25.263433 ALT: 7.79
15:38:25.279365 ALT: 7.79
15:38:25.295733 ALT: 7.79
15:38:25.311965 ALT: 7.79
15:38:25.327392 ALT: 7.79
15:38:25.344126 ALT: 7.79
15:38:25.359395 ALT: 7.79
15:38:25.375379 ALT: 7.79
15:38:25.391517 ALT: 7.79
15:38:25.407365 ALT: 7.79
15:38:25.423337 ALT: 7.79
15:38:25.439402 ALT: 7.79
15:38:25.455319 ALT: 7.79
15:38:25.471358 ALT: 7.79
15:38:25.487340 ALT: 7.79
15:38:25.503387 ALT: 7.79
15:38:25.519988 ALT: 7.79
15:38:25.535424 ALT: 7.79
15:38:25.551367 ALT: 7.79
15:38:25.567419 ALT: 7.79
15:38:25.583397 ALT: 7.79
15:38:25.599435 ALT: 7.79
15:38:25.615384 ALT: 7.79
15:38:25.632580 ALT: 7.79
15:38:25.647397 ALT: 7.79
15:38:25.663898 ALT: 7.79
15:38:25.679501 ALT: 7.79
15:38:25.696283 ALT: 7.79
15:38:25.711414 ALT: 7.79
15:38:25.727512 ALT: 7.79
15:38:25.743482 ALT: 7.79
15:38:25.759500 ALT: 7.79
15:38:25.775471 ALT: 7.79
15:38:25.791467 ALT: 7.79
15:38:25.807489 ALT: 7.79
15:38:25.823514 ALT: 7.79
15:38:25.839469 ALT: 7.79
15:38:25.855371 ALT: 7.79
15:38:25.871399 ALT: 7.79
15:38:25.887454 ALT: 7.79
15:38:25.903429 ALT: 7.79
15:38:25.919405 ALT: 7.79
15:38:25.935433 ALT: 7.79
15:38:25.951438 ALT: 7.79
15:38:25.967442 ALT: 7.79
15:38:25.983524 ALT: 7.79
15:38:25.999838 ALT: 7.79
15:38:26.015491 ALT: 7.79
15:38:26.031677 ALT: 7.79
15:38:26.047470 ALT: 7.79
15:38:26.063614 ALT: 7.79
15:38:26.079446 ALT: 7.79
15:38:26.095474 ALT: 7.79
15:38:26.111633 ALT: 7.79
15:38:26.127586 ALT: 7.79
15:38:26.143589 ALT: 7.79
15:38:26.159524 ALT: 7.79
15:38:26.175513 ALT: 7.79
15:38:26.191482 ALT: 7.79
15:38:26.207545 ALT: 7.79
15:38:26.223474 ALT: 7.79
15:38:26.239462 ALT: 7.79
15:38:26.255480 ALT: 7.79
15:38:26.271464 ALT: 7.79
15:38:26.287507 ALT: 7.79
15:38:26.303450 ALT: 7.79
15:38:26.319497 ALT: 7.79
15:38:26.335793 ALT: 7.79
15:38:26.351503 ALT: 7.79
15:38:26.367563 ALT: 7.79
15:38:26.383537 ALT: 7.79
15:38:26.399527 ALT: 7.79
15:38:26.415551 ALT: 7.79
15:38:26.431598 ALT: 7.79
15:38:26.447509 ALT: 7.79
15:38:26.463658 ALT: 7.79
15:38:26.479554 ALT: 7.79
15:38:26.495817 ALT: 7.79
15:38:26.511492 ALT: 7.79
15:38:26.528908 ALT: 7.79
15:38:26.543478 ALT: 7.79
15:38:26.559528 ALT: 7.79
15:38:26.575576 ALT: 7.79
15:38:26.591621 ALT: 7.79
15:38:26.607549 ALT: 7.79
15:38:26.623482 ALT: 7.79
15:38:26.639497 ALT: 7.79
15:38:26.655475 ALT: 7.79
15:38:26.671579 ALT: 7.79
15:38:26.687594 ALT: 7.79
15:38:26.703557 ALT: 7.79
15:38:26.719638 ALT: 7.79
15:38:26.735562 ALT: 7.79
15:38:26.751617 ALT: 7.79
15:38:26.767558 ALT: 7.79
15:38:26.783545 ALT: 7.79
15:38:26.799563 ALT: 7.79
15:38:26.815590 ALT: 7.79
15:38:26.832043 ALT: 7.79
15:38:26.847605 ALT: 7.79
15:38:26.863680 ALT: 7.79
15:38:26.879623 ALT: 7.79
15:38:26.895946 ALT: 7.79
15:38:26.911911 ALT: 7.79
15:38:26.927726 ALT: 7.79
15:38:26.943625 ALT: 7.79
15:38:26.959629 ALT: 7.79
15:38:26.975665 ALT: 7.79
15:38:26.994414 ALT: 7.79
15:38:27.007637 ALT: 7.79
15:38:27.023630 ALT: 7.79
15:38:27.039665 ALT: 7.79
15:38:27.055587 ALT: 7.79
15:38:27.071680 ALT: 7.79
15:38:27.088133 ALT: 7.79
15:38:27.103679 ALT: 7.79
15:38:27.119640 ALT: 7.79
15:38:27.135706 ALT: 7.79
15:38:27.151688 ALT: 7.79
15:38:27.167698 ALT: 7.79
15:38:27.183672 ALT: 7.79
15:38:27.199653 ALT: 7.79
15:38:27.215736 ALT: 7.79
15:38:27.231769 ALT: 7.79
15:38:27.247642 ALT: 7.79
15:38:27.263964 ALT: 7.79
15:38:27.279948 ALT: 7.79
15:38:27.302176 ALT: 7.79
15:38:27.312889 ALT: 7.79
15:38:27.327721 ALT: 7.79
15:38:27.344888 ALT: 7.79
15:38:27.359676 ALT: 7.79
15:38:27.375912 ALT: 7.79
15:38:27.391697 ALT: 7.79
15:38:27.423598 ALT: 7.79
15:38:27.439713 ALT: 7.79
15:38:27.455926 ALT: 7.79
15:38:27.471855 ALT: 7.79
15:38:27.488085 ALT: 7.79
15:38:27.504847 ALT: 7.79
15:38:27.519751 ALT: 7.79
15:38:27.535737 ALT: 7.79
15:38:27.551710 ALT: 7.79
15:38:27.567729 ALT: 7.79
15:38:27.583725 ALT: 7.79
15:38:27.600162 ALT: 7.79
15:38:27.615735 ALT: 7.79
15:38:27.634351 ALT: 7.79
15:38:27.647758 ALT: 7.79
15:38:27.665031 ALT: 7.79
15:38:27.679734 ALT: 7.79
15:38:27.697083 ALT: 7.79
15:38:27.712605 ALT: 7.79
15:38:27.727723 ALT: 7.79
15:38:27.743878 ALT: 7.79
15:38:27.760923 ALT: 7.79
15:38:27.775936 ALT: 7.79
15:38:27.794999 ALT: 7.79
15:38:27.807743 ALT: 7.79
15:38:27.823701 ALT: 7.79
15:38:27.839740 ALT: 7.79
15:38:27.855759 ALT: 7.79
15:38:27.871755 ALT: 7.79
15:38:27.887867 ALT: 7.79
15:38:27.903749 ALT: 7.79
15:38:27.919775 ALT: 7.79
15:38:27.935820 ALT: 7.79
15:38:27.951780 ALT: 7.79
15:38:27.967795 ALT: 7.79
15:38:27.983783 ALT: 7.79
15:38:27.999789 ALT: 7.79
15:38:28.015803 ALT: 7.79
15:38:28.031920 ALT: 7.79
15:38:28.047790 ALT: 7.79
15:38:28.063916 ALT: 7.79
15:38:28.079752 ALT: 7.79
15:38:28.095812 ALT: 7.79
15:38:28.111847 ALT: 7.79
15:38:28.127840 ALT: 7.79
15:38:28.144538 ALT: 7.79
15:38:28.159854 ALT: 7.79
15:38:28.175898 ALT: 7.79
15:38:28.191757 ALT: 7.79
15:38:28.209168 ALT: 7.79
15:38:28.227549 ALT: 7.79
15:38:28.239939 ALT: 7.79
15:38:28.255856 ALT: 7.79
15:38:28.271875 ALT: 7.79
15:38:28.287748 ALT: 7.79
15:38:28.303769 ALT: 7.79
15:38:28.319727 ALT: 7.79
15:38:28.335822 ALT: 7.79
15:38:28.351817 ALT: 7.79
15:38:28.367820 ALT: 7.79
15:38:28.383740 ALT: 7.79
15:38:28.399834 ALT: 7.79
15:38:28.415784 ALT: 7.79
15:38:28.432138 ALT: 7.79
15:38:28.447842 ALT: 7.79
15:38:28.464021 ALT: 7.79
15:38:28.480018 ALT: 7.79
15:38:28.495977 ALT: 7.79
15:38:28.511837 ALT: 7.79
15:38:28.527912 ALT: 7.79
15:38:28.544094 ALT: 7.79
15:38:28.562607 ALT: 7.79
15:38:28.576066 ALT: 7.79
15:38:28.592289 ALT: 7.79
15:38:28.607939 ALT: 7.79
15:38:28.623786 ALT: 7.79
15:38:28.639854 ALT: 7.79
15:38:28.656032 ALT: 7.79
15:38:28.671919 ALT: 7.79
15:38:28.687901 ALT: 7.79
15:38:28.703975 ALT: 7.79
15:38:28.719950 ALT: 7.79
15:38:28.735866 ALT: 7.79
15:38:28.751881 ALT: 7.79
15:38:28.767911 ALT: 7.79
15:38:28.783980 ALT: 7.79
15:38:28.800085 ALT: 7.79
15:38:28.818982 ALT: 7.79
15:38:28.832128 ALT: 7.79
15:38:28.847992 ALT: 7.79
15:38:28.863963 ALT: 7.79
15:38:28.881564 ALT: 7.79
15:38:28.896035 ALT: 7.79
15:38:28.911901 ALT: 7.79
15:38:28.927909 ALT: 7.79
15:38:28.944338 ALT: 7.79
15:38:28.959912 ALT: 7.79
15:38:28.976023 ALT: 7.79
15:38:28.991891 ALT: 7.79
15:38:29.007989 ALT: 7.79
15:38:29.023876 ALT: 7.79
15:38:29.040042 ALT: 7.79
15:38:29.055929 ALT: 7.79
15:38:29.071924 ALT: 7.79
15:38:29.088051 ALT: 7.79
15:38:29.103992 ALT: 7.79
15:38:29.119978 ALT: 7.79
15:38:29.136016 ALT: 7.79
15:38:29.151937 ALT: 7.79
15:38:29.169343 ALT: 7.79
15:38:29.183938 ALT: 7.79
15:38:29.200108 ALT: 7.79
15:38:29.216274 ALT: 7.79
15:38:29.232091 ALT: 7.79
15:38:29.248060 ALT: 7.79
15:38:29.264557 ALT: 7.79
15:38:29.279940 ALT: 7.79
15:38:29.299190 ALT: 7.79
15:38:29.312202 ALT: 7.79
15:38:29.330999 ALT: 7.79
15:38:29.344153 ALT: 7.79
15:38:29.362972 ALT: 7.79
15:38:29.377107 ALT: 7.79
15:38:29.391951 ALT: 7.79
15:38:29.407997 ALT: 7.79
15:38:29.423949 ALT: 7.79
15:38:29.439988 ALT: 7.79
15:38:29.456005 ALT: 7.79
15:38:29.471990 ALT: 7.79
15:38:29.488030 ALT: 7.79
15:38:29.503970 ALT: 7.79
15:38:29.520036 ALT: 7.79
15:38:29.536575 ALT: 7.79
15:38:29.552064 ALT: 7.79
15:38:29.568070 ALT: 7.79
15:38:29.584012 ALT: 7.79
15:38:29.601692 ALT: 7.79
15:38:29.616024 ALT: 7.79
15:38:29.634093 ALT: 7.79
15:38:29.648110 ALT: 7.79
15:38:29.666219 ALT: 7.79
15:38:29.680047 ALT: 7.79
15:38:29.696055 ALT: 7.79
15:38:29.714352 ALT: 7.79
15:38:29.729433 ALT: 7.79
15:38:29.746432 ALT: 7.79
15:38:29.760236 ALT: 7.79
15:38:29.776494 ALT: 7.79
15:38:29.792020 ALT: 7.79
15:38:29.808146 ALT: 7.79
15:38:29.824007 ALT: 7.79
15:38:29.840073 ALT: 7.79
15:38:29.856034 ALT: 7.79
15:38:29.872231 ALT: 7.79
15:38:29.888110 ALT: 7.79
15:38:29.904156 ALT: 7.79
15:38:29.920514 ALT: 7.79
15:38:29.936493 ALT: 7.79
15:38:29.952353 ALT: 7.79
15:38:29.968119 ALT: 7.79
15:38:29.984214 ALT: 7.79
15:38:30.000672 ALT: 7.79
15:38:30.016089 ALT: 7.79
15:38:30.032988 ALT: 7.79
15:38:30.048123 ALT: 7.79
15:38:30.064303 ALT: 7.79
15:38:30.080078 ALT: 7.79
15:38:30.096382 ALT: 7.79
15:38:30.112065 ALT: 7.79
15:38:30.129912 ALT: 7.79
15:38:30.144496 ALT: 7.79
15:38:30.161899 ALT: 7.79
15:38:30.176111 ALT: 7.79
15:38:30.192098 ALT: 7.79
15:38:30.208827 ALT: 7.79
15:38:30.224221 ALT: 7.79
15:38:30.241192 ALT: 7.79
15:38:30.256189 ALT: 7.79
15:38:30.272125 ALT: 7.79
15:38:30.288132 ALT: 7.79
15:38:30.304320 ALT: 7.79
15:38:30.320109 ALT: 7.79
15:38:30.336145 ALT: 7.79
15:38:30.352116 ALT: 7.79
15:38:30.368173 ALT: 7.79
15:38:30.384199 ALT: 7.79
15:38:30.400211 ALT: 7.79
15:38:30.416154 ALT: 7.79
15:38:30.432228 ALT: 7.79
15:38:30.448077 ALT: 7.79
15:38:30.464125 ALT: 7.79
15:38:30.480277 ALT: 7.79
15:38:30.496135 ALT: 7.79
15:38:30.512129 ALT: 7.79
15:38:30.528132 ALT: 7.79
15:38:30.544203 ALT: 7.79
15:38:30.560098 ALT: 7.79
15:38:30.576188 ALT: 7.79
15:38:30.592104 ALT: 7.79
15:38:30.608084 ALT: 7.79
15:38:30.624160 ALT: 7.79
15:38:30.640116 ALT: 7.79
15:38:30.656133 ALT: 7.79
15:38:30.672175 ALT: 7.79
15:38:30.688115 ALT: 7.79
15:38:30.704157 ALT: 7.79
15:38:30.720190 ALT: 7.79
15:38:30.736181 ALT: 7.79
15:38:30.752135 ALT: 7.79
15:38:30.768413 ALT: 7.79
15:38:30.784138 ALT: 7.79
15:38:30.800440 ALT: 7.79
15:38:30.816173 ALT: 7.79
15:38:30.832405 ALT: 7.79
15:38:30.848181 ALT: 7.79
15:38:30.864299 ALT: 7.79
15:38:30.880210 ALT: 7.79
15:38:30.896225 ALT: 7.79
15:38:30.912228 ALT: 7.79
15:38:30.928239 ALT: 7.79
15:38:30.944325 ALT: 7.79
15:38:30.960243 ALT: 7.79
15:38:30.976236 ALT: 7.79
15:38:30.992193 ALT: 7.79
15:38:31.008209 ALT: 7.79
15:38:31.024218 ALT: 7.79
15:38:31.040223 ALT: 7.79
15:38:31.056180 ALT: 7.79
15:38:31.072287 ALT: 7.79
15:38:31.088208 ALT: 7.79
15:38:31.104213 ALT: 7.79
15:38:31.120236 ALT: 7.79
15:38:31.136267 ALT: 7.79
15:38:31.152190 ALT: 7.79
15:38:31.168410 ALT: 7.79
15:38:31.184180 ALT: 7.79
15:38:31.200382 ALT: 7.79
15:38:31.216204 ALT: 7.79
15:38:31.232561 ALT: 7.79
15:38:31.248281 ALT: 7.79
15:38:31.264340 ALT: 7.79
15:38:31.280264 ALT: 7.79
15:38:31.296235 ALT: 7.79
15:38:31.312307 ALT: 7.79
15:38:31.328317 ALT: 7.79
15:38:31.344430 ALT: 7.79
15:38:31.360174 ALT: 7.79
15:38:31.376287 ALT: 7.79
15:38:31.392181 ALT: 7.79
15:38:31.408252 ALT: 7.79
15:38:31.424272 ALT: 7.79
15:38:31.440249 ALT: 7.79
15:38:31.456359 ALT: 7.79
15:38:31.476982 ALT: 7.79
15:38:31.488313 ALT: 7.79
15:38:31.504399 ALT: 7.79
15:38:31.520240 ALT: 7.79
15:38:31.536319 ALT: 7.79
15:38:31.552250 ALT: 7.79
15:38:31.568459 ALT: 7.79
15:38:31.584265 ALT: 7.79
15:38:31.600481 ALT: 7.79
15:38:31.616279 ALT: 7.79
15:38:31.632471 ALT: 7.79
15:38:31.648331 ALT: 7.79
15:38:31.664429 ALT: 7.79
15:38:31.680304 ALT: 7.79
15:38:31.696327 ALT: 7.79
15:38:31.712330 ALT: 7.79
15:38:31.728386 ALT: 7.79
15:38:31.744440 ALT: 7.79
15:38:31.760327 ALT: 7.79
15:38:31.776355 ALT: 7.79
15:38:31.792355 ALT: 7.79
15:38:31.808311 ALT: 7.79
15:38:31.824353 ALT: 7.79
15:38:31.840289 ALT: 7.79
15:38:31.856315 ALT: 7.79
15:38:31.872318 ALT: 7.79
15:38:31.888288 ALT: 7.79
15:38:31.904380 ALT: 7.79
15:38:31.920297 ALT: 7.79
15:38:31.936368 ALT: 7.79
15:38:31.952283 ALT: 7.79
15:38:31.968796 ALT: 7.79
15:38:31.984323 ALT: 7.79
15:38:32.000334 ALT: 7.79
15:38:32.016336 ALT: 7.79
15:38:32.032451 ALT: 7.79
15:38:32.048377 ALT: 7.79
15:38:32.064451 ALT: 7.79
15:38:32.080383 ALT: 7.79
15:38:32.096392 ALT: 7.79
15:38:32.112417 ALT: 7.79
15:38:32.128303 ALT: 7.79
15:38:32.144454 ALT: 7.79
15:38:32.160343 ALT: 7.79
15:38:32.176433 ALT: 7.79
15:38:32.192422 ALT: 7.79
15:38:32.208411 ALT: 7.79
15:38:32.224369 ALT: 7.79
15:38:32.240410 ALT: 7.79
15:38:32.256394 ALT: 7.79
15:38:32.272430 ALT: 7.79
15:38:32.288388 ALT: 7.79
15:38:32.304404 ALT: 7.79
15:38:32.320375 ALT: 7.79
15:38:32.336582 ALT: 7.79
15:38:32.352347 ALT: 7.79
15:38:32.368629 ALT: 7.79
15:38:32.384404 ALT: 7.79
                                                                                                                                                                                                                                                                                                                                                                                                                                                                                                                                                                                                                                                                                                                                                                                                                                                                                                                                                                                                                                                                                                                                                                                                                                                                                                                                                                                                                                                                                                                                                                                                                                                                                                                                                                                                                                                                                                                                                      