Easycap format used: ImageFormat(type=<BufType.VIDEO_CAPTURE: 1>, description='YUYV 4:2:2', flags=<ImageFormatFlag.0: 0>, pixel_format=<PixelFormat.YUYV: 1448695129>)
Starting Main workflow
Waiting for MSP_API_VERSION reply...
Waiting for MSP_FC_VARIANT reply...
{'apiVersion': '1.44.0', 'flightControllerIdentifier': 'BTFL', 'flightControllerVersion': '4.3.2', 'version': 0, 'buildInfo': 'Nov 28 2022 07:26:30', 'multiType': 0, 'msp_version': 0, 'capability': 0, 'cycleTime': 313, 'i2cError': 0, 'activeSensors': 35, 'mode': 2, 'profile': 0, 'uid': [3145761, 858867466, 875836466], 'accelerometerTrims': [0, 0], 'name': '', 'displayName': 'BOARD MODULE', 'numProfiles': 3, 'rateProfile': 0, 'boardType': 2, 'armingDisableCount': 26, 'armingDisableFlags': 4, 'armingDisabled': False, 'runawayTakeoffPreventionDisabled': False, 'boardIdentifier': 'S405', 'boardVersion': 0, 'commCapabilities': 55, 'targetName': 'STM32F405', 'boardName': 'SPEEDYBEEF405V3', 'manufacturerId': 'SPBE', 'signature': [0, 0, 0, 0, 0, 0, 0, 0, 0, 0, 0, 0, 0, 0, 0, 0, 0, 0, 0, 0, 0, 0, 0, 0, 0, 0, 0, 0, 0, 0, 0, 0], 'cpuload': 21, 'mcuTypeId': 3, 'mspProtocolVersion': 0, 'flightModeFlags': []}
16:14:13.329779 CPU: 48.7°C
16:14:13.329779 GPU: 48.7°C
16:14:13.329779 ALT: 4.54
16:14:13.329779 ACC: [-2, 54, 504]
16:14:13.329779 GYR: [0, -2, 2]
16:14:13.329779 ATT: [6.1, 0.2, 358]
16:14:13.329779 VOL: 15.35
16:14:13.439421 CPU: 49.2°C
16:14:13.439421 GPU: 48.7°C
16:14:13.439421 ALT: 4.54
16:14:13.439421 ACC: [-2, 54, 504]
16:14:13.439421 GYR: [0, 0, -1]
16:14:13.439421 ATT: [6.1, 0.2, 358]
16:14:13.439421 VOL: 15.35
16:14:13.532020 CPU: 48.7°C
16:14:13.532020 GPU: 48.7°C
16:14:13.532020 ALT: 4.54
16:14:13.532020 ACC: [-2, 53, 504]
16:14:13.532020 GYR: [2, -2, 0]
16:14:13.532020 ATT: [6.1, 0.2, 358]
16:14:13.532020 VOL: 15.35
16:14:13.626366 CPU: 49.2°C
16:14:13.626366 GPU: 49.6°C
16:14:13.626366 ALT: 4.54
16:14:13.626366 ACC: [-2, 53, 504]
16:14:13.626366 GYR: [0, -1, -1]
16:14:13.626366 ATT: [6.1, 0.2, 358]
16:14:13.626366 VOL: 15.35
16:14:13.714483 CPU: 49.2°C
16:14:13.714483 GPU: 48.2°C
16:14:13.714483 ALT: 4.54
16:14:13.714483 ACC: [-2, 53, 504]
16:14:13.714483 GYR: [-1, 2, -1]
16:14:13.714483 ATT: [6.1, 0.2, 358]
16:14:13.714483 VOL: 15.35
16:14:13.796386 CPU: 48.2°C
16:14:13.796386 GPU: 48.2°C
16:14:13.796386 ALT: 4.54
16:14:13.796386 ACC: [-2, 53, 504]
16:14:13.796386 GYR: [4, 0, 3]
16:14:13.796386 ATT: [6.1, 0.2, 358]
16:14:13.796386 VOL: 15.35
16:14:13.879871 CPU: 48.2°C
16:14:13.879871 GPU: 49.1°C
16:14:13.879871 ALT: 4.54
16:14:13.879871 ACC: [-3, 53, 504]
16:14:13.879871 GYR: [1, -4, 0]
16:14:13.879871 ATT: [6.1, 0.3, 358]
16:14:13.879871 VOL: 15.35
16:14:13.959445 CPU: 48.7°C
16:14:13.959445 GPU: 48.7°C
16:14:13.959445 ALT: 4.6
16:14:13.959445 ACC: [-2, 54, 504]
16:14:13.959445 GYR: [2, 0, 1]
16:14:13.959445 ATT: [6.1, 0.3, 358]
16:14:13.959445 VOL: 15.35
16:14:14.036132 CPU: 50.1°C
16:14:14.036132 GPU: 50.1°C
16:14:14.036132 ALT: 4.63
16:14:14.036132 ACC: [-2, 54, 504]
16:14:14.036132 GYR: [1, -3, 0]
16:14:14.036132 ATT: [6.1, 0.3, 358]
16:14:14.036132 VOL: 15.35
16:14:14.160448 CPU: 48.7°C
16:14:14.160448 GPU: 49.6°C
16:14:14.160448 ALT: 4.63
16:14:14.160448 ACC: [-2, 54, 504]
16:14:14.160448 GYR: [1, -2, 2]
16:14:14.160448 ATT: [6.1, 0.2, 358]
16:14:14.160448 VOL: 15.35
16:14:14.262644 CPU: 48.2°C
16:14:14.262644 GPU: 47.7°C
16:14:14.262644 ALT: 4.63
16:14:14.262644 ACC: [-2, 54, 504]
16:14:14.262644 GYR: [0, 0, 2]
16:14:14.262644 ATT: [6.1, 0.2, 358]
16:14:14.262644 VOL: 15.35
16:14:14.353380 CPU: 49.2°C
16:14:14.353380 GPU: 49.1°C
16:14:14.353380 ALT: 4.63
16:14:14.353380 ACC: [-2, 53, 504]
16:14:14.353380 GYR: [1, 2, 1]
16:14:14.353380 ATT: [6.1, 0.2, 358]
16:14:14.353380 VOL: 15.35
16:14:14.447936 CPU: 49.2°C
16:14:14.447936 GPU: 48.7°C
16:14:14.447936 ALT: 4.63
16:14:14.447936 ACC: [-2, 53, 504]
16:14:14.447936 GYR: [-1, -1, -1]
16:14:14.447936 ATT: [6.1, 0.2, 358]
16:14:14.447936 VOL: 15.35
16:14:14.527963 CPU: 49.2°C
16:14:14.527963 GPU: 49.6°C
16:14:14.527963 ALT: 4.63
16:14:14.527963 ACC: [-2, 54, 505]
16:14:14.527963 GYR: [3, 1, 1]
16:14:14.527963 ATT: [6.1, 0.2, 358]
16:14:14.527963 VOL: 15.35
16:14:14.629190 CPU: 49.7°C
16:14:14.629190 GPU: 48.2°C
16:14:14.629190 ALT: 4.63
16:14:14.629190 ACC: [-2, 54, 504]
16:14:14.629190 GYR: [0, -2, -1]
16:14:14.629190 ATT: [6.1, 0.2, 358]
16:14:14.629190 VOL: 15.35
16:14:14.743863 CPU: 48.2°C
16:14:14.743863 GPU: 49.1°C
16:14:14.743863 ALT: 4.63
16:14:14.743863 ACC: [-1, 53, 504]
16:14:14.743863 GYR: [0, 0, 3]
16:14:14.743863 ATT: [6.1, 0.2, 358]
16:14:14.743863 VOL: 15.35
16:14:14.867169 CPU: 49.7°C
16:14:14.867169 GPU: 49.1°C
16:14:14.867169 ALT: 4.63
16:14:14.867169 ACC: [-2, 54, 504]
16:14:14.867169 GYR: [1, -1, 2]
16:14:14.867169 ATT: [6.1, 0.2, 358]
16:14:14.867169 VOL: 15.35
16:14:14.975336 CPU: 50.1°C
16:14:14.975336 GPU: 50.1°C
16:14:14.975336 ALT: 4.63
16:14:14.975336 ACC: [-2, 53, 504]
16:14:14.975336 GYR: [0, -1, 2]
16:14:14.975336 ATT: [6.1, 0.2, 358]
16:14:14.975336 VOL: 15.35
16:14:15.071188 CPU: 48.2°C
16:14:15.071188 GPU: 49.6°C
16:14:15.071188 ALT: 4.63
16:14:15.071188 ACC: [-2, 53, 503]
16:14:15.071188 GYR: [0, -2, -1]
16:14:15.071188 ATT: [6.1, 0.2, 358]
16:14:15.071188 VOL: 15.35
16:14:15.165708 CPU: 49.7°C
16:14:15.165708 GPU: 49.1°C
16:14:15.165708 ALT: 4.63
16:14:15.165708 ACC: [-3, 54, 504]
16:14:15.165708 GYR: [1, -1, 2]
16:14:15.165708 ATT: [6.1, 0.2, 358]
16:14:15.165708 VOL: 15.35
16:14:15.265051 CPU: 48.7°C
16:14:15.265051 GPU: 49.6°C
16:14:15.265051 ALT: 4.63
16:14:15.265051 ACC: [-2, 53, 504]
16:14:15.265051 GYR: [1, -2, 1]
16:14:15.265051 ATT: [6.1, 0.2, 358]
16:14:15.265051 VOL: 15.35
16:14:15.402690 CPU: 49.7°C
16:14:15.402690 GPU: 48.7°C
16:14:15.402690 ALT: 4.63
16:14:15.402690 ACC: [-2, 53, 504]
16:14:15.402690 GYR: [0, 1, 0]
16:14:15.402690 ATT: [6.1, 0.2, 358]
16:14:15.402690 VOL: 15.35
16:14:15.503234 CPU: 49.7°C
16:14:15.503234 GPU: 49.6°C
16:14:15.503234 ALT: 4.63
16:14:15.503234 ACC: [-3, 53, 504]
16:14:15.503234 GYR: [-1, -3, -1]
16:14:15.503234 ATT: [6.1, 0.2, 358]
16:14:15.503234 VOL: 15.35
16:14:15.596090 CPU: 49.2°C
16:14:15.596090 GPU: 49.1°C
16:14:15.596090 ALT: 4.63
16:14:15.596090 ACC: [-2, 54, 504]
16:14:15.596090 GYR: [2, -2, 1]
16:14:15.596090 ATT: [6.1, 0.2, 358]
16:14:15.596090 VOL: 15.35
16:14:15.685109 CPU: 48.7°C
16:14:15.685109 GPU: 48.7°C
16:14:15.685109 ALT: 4.63
16:14:15.685109 ACC: [-2, 53, 504]
16:14:15.685109 GYR: [-1, -2, 2]
16:14:15.685109 ATT: [6.1, 0.2, 358]
16:14:15.685109 VOL: 15.36
16:14:15.774907 CPU: 49.2°C
16:14:15.774907 GPU: 49.1°C
16:14:15.774907 ALT: 4.63
16:14:15.774907 ACC: [-3, 53, 504]
16:14:15.774907 GYR: [0, 0, -2]
16:14:15.774907 ATT: [6.1, 0.2, 358]
16:14:15.774907 VOL: 15.35
16:14:15.872715 CPU: 49.7°C
16:14:15.872715 GPU: 49.6°C
16:14:15.872715 ALT: 4.63
16:14:15.872715 ACC: [-1, 53, 504]
16:14:15.872715 GYR: [2, -1, 1]
16:14:15.872715 ATT: [6.1, 0.2, 358]
16:14:15.872715 VOL: 15.35
16:14:15.957254 CPU: 50.6°C
16:14:15.957254 GPU: 50.6°C
16:14:15.957254 ALT: 4.63
16:14:15.957254 ACC: [-2, 54, 504]
16:14:15.957254 GYR: [2, -1, 2]
16:14:15.957254 ATT: [6.1, 0.2, 358]
16:14:15.957254 VOL: 15.35
16:14:16.062964 CPU: 49.2°C
16:14:16.062964 GPU: 49.1°C
16:14:16.062964 ALT: 4.63
16:14:16.062964 ACC: [-2, 53, 504]
16:14:16.062964 GYR: [0, -3, 4]
16:14:16.062964 ATT: [6.1, 0.2, 358]
16:14:16.062964 VOL: 15.35
16:14:16.171178 CPU: 50.1°C
16:14:16.171178 GPU: 50.1°C
16:14:16.171178 ALT: 4.63
16:14:16.171178 ACC: [-2, 54, 504]
16:14:16.171178 GYR: [1, -1, 0]
16:14:16.171178 ATT: [6.1, 0.2, 358]
16:14:16.171178 VOL: 15.35
16:14:16.263113 CPU: 50.1°C
16:14:16.263113 GPU: 50.1°C
16:14:16.263113 ALT: 4.63
16:14:16.263113 ACC: [-2, 53, 504]
16:14:16.263113 GYR: [2, -1, 1]
16:14:16.263113 ATT: [6.1, 0.2, 358]
16:14:16.263113 VOL: 15.35
16:14:16.359832 CPU: 49.7°C
16:14:16.359832 GPU: 50.6°C
16:14:16.359832 ALT: 4.63
16:14:16.359832 ACC: [-2, 53, 503]
16:14:16.359832 GYR: [2, 0, -1]
16:14:16.359832 ATT: [6.1, 0.2, 358]
16:14:16.359832 VOL: 15.35
16:14:16.459865 CPU: 49.7°C
16:14:16.459865 GPU: 50.1°C
16:14:16.459865 ALT: 4.63
16:14:16.459865 ACC: [-2, 53, 504]
16:14:16.459865 GYR: [1, -1, 0]
16:14:16.459865 ATT: [6.1, 0.2, 358]
16:14:16.459865 VOL: 15.35
16:14:16.553680 CPU: 50.6°C
16:14:16.553680 GPU: 50.1°C
16:14:16.553680 ALT: 4.63
