Waiting for MSP_API_VERSION reply...
Waiting for MSP_FC_VARIANT reply...
{'apiVersion': '1.44.0', 'flightControllerIdentifier': 'BTFL', 'flightControllerVersion': '4.3.2', 'version': 0, 'buildInfo': 'Apr  7 2023 03:15:27', 'multiType': 0, 'msp_version': 0, 'capability': 0, 'cycleTime': 314, 'i2cError': 0, 'activeSensors': 35, 'mode': 2, 'profile': 0, 'uid': [3473443, 858998536, 959590705], 'accelerometerTrims': [0, 0], 'name': '', 'displayName': 'BOARD MODULE', 'numProfiles': 3, 'rateProfile': 0, 'boardType': 2, 'armingDisableCount': 26, 'armingDisableFlags': 4, 'armingDisabled': False, 'runawayTakeoffPreventionDisabled': False, 'boardIdentifier': 'SBF4', 'boardVersion': 0, 'commCapabilities': 3, 'targetName': 'SPEEDYBEEF405V3', 'boardName': 'SPEEDYBEEF405V3', 'manufacturerId': '', 'signature': [0, 0, 0, 0, 0, 0, 0, 0, 0, 0, 0, 0, 0, 0, 0, 0, 0, 0, 0, 0, 0, 0, 0, 0, 0, 0, 0, 0, 0, 0, 0, 0], 'cpuload': 19, 'mcuTypeId': 3, 'mspProtocolVersion': 0, 'flightModeFlags': []}
15:54:45.446631 ALT: -0.44
15:54:45.462674 ALT: -0.44
15:54:45.478610 ALT: -0.44
15:54:45.494687 ALT: -0.44
15:54:45.510787 ALT: -0.44
15:54:45.526652 ALT: -0.44
15:54:45.548477 ALT: -0.44
15:54:45.561266 ALT: -0.44
15:54:45.578027 ALT: -0.44
15:54:45.600811 ALT: -0.44
15:54:45.613018 ALT: -0.44
15:54:45.625135 ALT: -0.44
15:54:45.638916 ALT: -0.44
15:54:45.654903 ALT: -0.44
15:54:45.674798 ALT: -0.44
15:54:45.687513 ALT: -0.44
15:54:45.704057 ALT: -0.44
15:54:45.734635 ALT: -0.44
15:54:45.752056 ALT: -0.44
15:54:45.773553 ALT: -0.44
15:54:45.797501 ALT: -0.44
15:54:45.825850 ALT: -0.44
15:54:45.854753 ALT: -0.44
15:54:45.872865 ALT: -0.44
15:54:45.888231 ALT: -0.44
15:54:45.915061 ALT: -0.44
15:54:45.929732 ALT: -0.44
15:54:45.943016 ALT: -0.44
15:54:45.958690 ALT: -0.44
15:54:45.974697 ALT: -0.44
15:54:45.990707 ALT: -0.44
15:54:46.006761 ALT: -0.44
15:54:46.035260 ALT: -0.44
15:54:46.055059 ALT: -0.44
15:54:46.070829 ALT: -0.44
15:54:46.086836 ALT: -0.44
15:54:46.102876 ALT: -0.44
15:54:46.120168 ALT: -0.44
15:54:46.134801 ALT: -0.44
15:54:46.150887 ALT: -0.44
15:54:46.167008 ALT: -0.44
15:54:46.182840 ALT: -0.44
15:54:46.198956 ALT: -0.44
15:54:46.214765 ALT: -0.44
15:54:46.230784 ALT: -0.44
15:54:46.248503 ALT: -0.44
15:54:46.263128 ALT: -0.44
15:54:46.279120 ALT: -0.44
15:54:46.295046 ALT: -0.44
15:54:46.310872 ALT: -0.44
15:54:46.327100 ALT: -0.44
15:54:46.342796 ALT: -0.44
15:54:46.358859 ALT: -0.44
15:54:46.374947 ALT: -0.44
15:54:46.390855 ALT: -0.44
15:54:46.407263 ALT: -0.44
15:54:46.422821 ALT: -0.44
15:54:46.438823 ALT: -0.44
15:54:46.454964 ALT: -0.44
15:54:46.471020 ALT: -0.44
15:54:46.486827 ALT: -0.44
15:54:46.502852 ALT: -0.44
15:54:46.518811 ALT: -0.44
15:54:46.534755 ALT: -0.44
15:54:46.550820 ALT: -0.44
15:54:46.566803 ALT: -0.44
15:54:46.582834 ALT: -0.44
15:54:46.598962 ALT: -0.44
15:54:46.614751 ALT: -0.44
15:54:46.630843 ALT: -0.44
15:54:46.646890 ALT: -0.44
15:54:46.663173 ALT: -0.44
15:54:46.678811 ALT: -0.44
15:54:46.694944 ALT: -0.44
15:54:46.710860 ALT: -0.44
15:54:46.726762 ALT: -0.44
15:54:46.742880 ALT: -0.44
15:54:46.758853 ALT: -0.44
15:54:46.774840 ALT: -0.44
15:54:46.790814 ALT: -0.44
15:54:46.806914 ALT: -0.44
15:54:46.822904 ALT: -0.44
15:54:46.838891 ALT: -0.44
15:54:46.854835 ALT: -0.44
15:54:46.870852 ALT: -0.44
15:54:46.886765 ALT: -0.44
15:54:46.902922 ALT: -0.44
15:54:46.918779 ALT: -0.44
15:54:46.934845 ALT: -0.44
15:54:46.950824 ALT: -0.44
15:54:46.966902 ALT: -0.44
15:54:46.983961 ALT: -0.44
15:54:46.998803 ALT: -0.44
15:54:47.014925 ALT: -0.44
15:54:47.030948 ALT: -0.44
15:54:47.046928 ALT: -0.44
15:54:47.064621 ALT: -0.44
15:54:47.078860 ALT: -0.44
15:54:47.101348 ALT: -0.44
15:54:47.113469 ALT: -0.44
15:54:47.127042 ALT: -0.44
15:54:47.143073 ALT: -0.44
15:54:47.158952 ALT: -0.44
15:54:47.174960 ALT: -0.44
15:54:47.190921 ALT: -0.44
15:54:47.206870 ALT: -0.44
15:54:47.222909 ALT: -0.44
15:54:47.240084 ALT: -0.44
15:54:47.255052 ALT: -0.44
15:54:47.270964 ALT: -0.44
15:54:47.287020 ALT: -0.44
15:54:47.303157 ALT: -0.44
15:54:47.319017 ALT: -0.44
15:54:47.334964 ALT: -0.44
15:54:47.350964 ALT: -0.44
15:54:47.366983 ALT: -0.44
15:54:47.383031 ALT: -0.44
15:54:47.400129 ALT: -0.44
15:54:47.414996 ALT: -0.44
15:54:47.431017 ALT: -0.44
15:54:47.447015 ALT: -0.44
15:54:47.463160 ALT: -0.44
15:54:47.478969 ALT: -0.44
15:54:47.495162 ALT: -0.44
15:54:47.511073 ALT: -0.44
15:54:47.526974 ALT: -0.44
15:54:47.543434 ALT: -0.44
15:54:47.558892 ALT: -0.44
15:54:47.575046 ALT: -0.44
15:54:47.590914 ALT: -0.44
15:54:47.606995 ALT: -0.44
15:54:47.623034 ALT: -0.44
15:54:47.641237 ALT: -0.44
15:54:47.655023 ALT: -0.44
15:54:47.671157 ALT: -0.44
15:54:47.687222 ALT: -0.44
15:54:47.703007 ALT: -0.44
15:54:47.720006 ALT: -0.44
15:54:47.737176 ALT: -0.44
15:54:47.752064 ALT: -0.44
15:54:47.768020 ALT: -0.44
15:54:47.783972 ALT: -0.44
15:54:47.800147 ALT: -0.44
15:54:47.816163 ALT: -0.44
15:54:47.831379 ALT: -0.44
15:54:47.847082 ALT: -0.44
15:54:47.862991 ALT: -0.44
15:54:47.878990 ALT: -0.44
15:54:47.894972 ALT: -0.44
15:54:47.926957 ALT: -0.44
15:54:47.943032 ALT: -0.44
15:54:47.958958 ALT: -0.44
15:54:47.974995 ALT: -0.44
15:54:47.990971 ALT: -0.44
15:54:48.006955 ALT: -0.44
15:54:48.023024 ALT: -0.44
15:54:48.039021 ALT: -0.44
15:54:48.055005 ALT: -0.44
15:54:48.071085 ALT: -0.44
15:54:48.086995 ALT: -0.44
15:54:48.103105 ALT: -0.44
15:54:48.119004 ALT: -0.44
15:54:48.135035 ALT: -0.44
15:54:48.151047 ALT: -0.44
15:54:48.167001 ALT: -0.44
15:54:48.183048 ALT: -0.44
15:54:48.199312 ALT: -0.44
15:54:48.216096 ALT: -0.44
15:54:48.231167 ALT: -0.44
15:54:48.247023 ALT: -0.44
15:54:48.263060 ALT: -0.44
15:54:48.279390 ALT: -0.44
15:54:48.295245 ALT: -0.44
15:54:48.311629 ALT: -0.44
15:54:48.327446 ALT: -0.44
15:54:48.342991 ALT: -0.44
15:54:48.359008 ALT: -0.44
15:54:48.375027 ALT: -0.44
15:54:48.391031 ALT: -0.44
15:54:48.407043 ALT: -0.44
15:54:48.423083 ALT: -0.44
15:54:48.439092 ALT: -0.44
15:54:48.455015 ALT: -0.44
15:54:48.471494 ALT: -0.44
15:54:48.487048 ALT: -0.44
15:54:48.503504 ALT: -0.44
15:54:48.519038 ALT: -0.44
15:54:48.535075 ALT: -0.44
15:54:48.551141 ALT: -0.44
15:54:48.567075 ALT: -0.44
15:54:48.583184 ALT: -0.44
15:54:48.599211 ALT: -0.44
15:54:48.615151 ALT: -0.44
15:54:48.631124 ALT: -0.44
15:54:48.647190 ALT: -0.44
15:54:48.663213 ALT: -0.44
15:54:48.679112 ALT: -0.44
15:54:48.695103 ALT: -0.44
15:54:48.711072 ALT: -0.44
15:54:48.727093 ALT: -0.44
15:54:48.743131 ALT: -0.44
15:54:48.759193 ALT: -0.44
15:54:48.775149 ALT: -0.44
15:54:48.791213 ALT: -0.44
15:54:48.807299 ALT: -0.44
15:54:48.823076 ALT: -0.44
15:54:48.839246 ALT: -0.44
15:54:48.855125 ALT: -0.44
15:54:48.871158 ALT: -0.44
15:54:48.887238 ALT: -0.44
15:54:48.903164 ALT: -0.44
15:54:48.919393 ALT: -0.44
15:54:48.935212 ALT: -0.44
15:54:48.951111 ALT: -0.44
15:54:48.967208 ALT: -0.44
15:54:48.983466 ALT: -0.44
15:54:48.999154 ALT: -0.44
15:54:49.015244 ALT: -0.44
15:54:49.031208 ALT: -0.44
15:54:49.047142 ALT: -0.44
15:54:49.063213 ALT: -0.44
15:54:49.079236 ALT: -0.44
15:54:49.095168 ALT: -0.44
15:54:49.111169 ALT: -0.44
15:54:49.127579 ALT: -0.44
15:54:49.143302 ALT: -0.44
15:54:49.159174 ALT: -0.44
15:54:49.175162 ALT: -0.44
15:54:49.191111 ALT: -0.44
15:54:49.207331 ALT: -0.44
15:54:49.223184 ALT: -0.44
15:54:49.239238 ALT: -0.44
15:54:49.255171 ALT: -0.44
15:54:49.271147 ALT: -0.44
15:54:49.287172 ALT: -0.44
15:54:49.303136 ALT: -0.44
15:54:49.319145 ALT: -0.44
15:54:49.335175 ALT: -0.44
15:54:49.351212 ALT: -0.44
15:54:49.367167 ALT: -0.44
15:54:49.383148 ALT: -0.44
15:54:49.399261 ALT: -0.44
15:54:49.415386 ALT: -0.44
15:54:49.431228 ALT: -0.44
15:54:49.447593 ALT: -0.44
15:54:49.463288 ALT: -0.44
15:54:49.479225 ALT: -0.44
15:54:49.495195 ALT: -0.44
15:54:49.511239 ALT: -0.44
15:54:49.527219 ALT: -0.44
15:54:49.543235 ALT: -0.44
15:54:49.559192 ALT: -0.44
15:54:49.575234 ALT: -0.44
15:54:49.591241 ALT: -0.44
15:54:49.607250 ALT: -0.44
15:54:49.623493 ALT: -0.44
15:54:49.639213 ALT: -0.44
15:54:49.655264 ALT: -0.44
15:54:49.671236 ALT: -0.44
15:54:49.687231 ALT: -0.44
15:54:49.703292 ALT: -0.44
15:54:49.719308 ALT: -0.44
15:54:49.735291 ALT: -0.44
15:54:49.751274 ALT: -0.44
15:54:49.767228 ALT: -0.44
15:54:49.783287 ALT: -0.44
15:54:49.799296 ALT: -0.44
15:54:49.815344 ALT: -0.44
15:54:49.831343 ALT: -0.44
15:54:49.847291 ALT: -0.44
15:54:49.863629 ALT: -0.44
15:54:49.879295 ALT: -0.44
15:54:49.895292 ALT: -0.44
15:54:49.911336 ALT: -0.44
15:54:49.928197 ALT: -0.44
15:54:49.943353 ALT: -0.44
15:54:49.959293 ALT: -0.44
15:54:49.975288 ALT: -0.44
15:54:49.991287 ALT: -0.44
15:54:50.007398 ALT: -0.44
15:54:50.023313 ALT: -0.44
15:54:50.039327 ALT: -0.44
15:54:50.055300 ALT: -0.44
15:54:50.071384 ALT: -0.44
15:54:50.087326 ALT: -0.44
15:54:50.103590 ALT: -0.44
15:54:50.119348 ALT: -0.44
15:54:50.135961 ALT: -0.44
15:54:50.151472 ALT: -0.44
15:54:50.167328 ALT: -0.44
15:54:50.184007 ALT: -0.44
15:54:50.199352 ALT: -0.44
15:54:50.215297 ALT: -0.44
15:54:50.231316 ALT: -0.44
15:54:50.247389 ALT: -0.44
15:54:50.263374 ALT: -0.44
15:54:50.279362 ALT: -0.44
15:54:50.295336 ALT: -0.44
15:54:50.311504 ALT: -0.44
15:54:50.327495 ALT: -0.44
15:54:50.343300 ALT: -0.44
15:54:50.359318 ALT: -0.44
15:54:50.375337 ALT: -0.48
15:54:50.391411 ALT: -0.48
15:54:50.408057 ALT: -0.5
15:54:50.423523 ALT: -0.51
15:54:50.439532 ALT: -0.51
15:54:50.455365 ALT: -0.52
15:54:50.471411 ALT: -0.52
15:54:50.487294 ALT: -0.52
15:54:50.503330 ALT: -0.52
15:54:50.519321 ALT: -0.52
15:54:50.535321 ALT: -0.52
15:54:50.551539 ALT: -0.52
15:54:50.567322 ALT: -0.52
15:54:50.583390 ALT: -0.52
15:54:50.599366 ALT: -0.52
15:54:50.615384 ALT: -0.52
15:54:50.631458 ALT: -0.52
15:54:50.647465 ALT: -0.52
15:54:50.679370 ALT: -0.52
15:54:50.695371 ALT: -0.52
15:54:50.711439 ALT: -0.52
15:54:50.727377 ALT: -0.52
15:54:50.743304 ALT: -0.52
15:54:50.759298 ALT: -0.52
15:54:50.775303 ALT: -0.52
15:54:50.791295 ALT: -0.52
15:54:50.807313 ALT: -0.52
15:54:50.823304 ALT: -0.52
15:54:50.839381 ALT: -0.52
15:54:50.855338 ALT: -0.52
15:54:50.871325 ALT: -0.52
15:54:50.887302 ALT: -0.52
15:54:50.903376 ALT: -0.52
15:54:50.919349 ALT: -0.52
15:54:50.935318 ALT: -0.52
15:54:50.951307 ALT: -0.52
15:54:50.967312 ALT: -0.52
15:54:50.983302 ALT: -0.52
15:54:50.999313 ALT: -0.52
15:54:51.015376 ALT: -0.52
15:54:51.031369 ALT: -0.52
15:54:51.047335 ALT: -0.52
15:54:51.063347 ALT: -0.52
15:54:51.079342 ALT: -0.52
15:54:51.095335 ALT: -0.52
15:54:51.111338 ALT: -0.52
15:54:51.127436 ALT: -0.52
15:54:51.143459 ALT: -0.52
15:54:51.159380 ALT: -0.52
15:54:51.175387 ALT: -0.52
15:54:51.191357 ALT: -0.52
15:54:51.207386 ALT: -0.52
15:54:51.223477 ALT: -0.52
15:54:51.239372 ALT: -0.52
15:54:51.256236 ALT: -0.52
15:54:51.287445 ALT: -0.52
15:54:51.303376 ALT: -0.52
15:54:51.319416 ALT: -0.52
15:54:51.335396 ALT: -0.52
15:54:51.351415 ALT: -0.52
15:54:51.367413 ALT: -0.52
15:54:51.383457 ALT: -0.52
15:54:51.399475 ALT: -0.52
15:54:51.415537 ALT: -0.52
15:54:51.431563 ALT: -0.52
15:54:51.447532 ALT: -0.52
15:54:51.463550 ALT: -0.52
15:54:51.479566 ALT: -0.52
15:54:51.495558 ALT: -0.52
15:54:51.511527 ALT: -0.52
15:54:51.527570 ALT: -0.52
15:54:51.543476 ALT: -0.52
15:54:51.559613 ALT: -0.52
15:54:51.575541 ALT: -0.52
15:54:51.591567 ALT: -0.52
15:54:51.607569 ALT: -0.52
15:54:51.623513 ALT: -0.52
15:54:51.639525 ALT: -0.52
15:54:51.655672 ALT: -0.52
15:54:51.671582 ALT: -0.52
15:54:51.687547 ALT: -0.52
15:54:51.748721 ALT: -0.52
15:54:51.767573 ALT: -0.52
15:54:51.817647 ALT: -0.52
15:54:51.831626 ALT: -0.52
15:54:51.847841 ALT: -0.52
15:54:51.863873 ALT: -0.52
15:54:51.879642 ALT: -0.52
15:54:51.895649 ALT: -0.52
15:54:51.911608 ALT: -0.52
15:54:51.927648 ALT: -0.52
15:54:51.943648 ALT: -0.52
15:54:51.959635 ALT: -0.52
15:54:51.975604 ALT: -0.52
15:54:51.991568 ALT: -0.52
15:54:52.007559 ALT: -0.52
15:54:52.023657 ALT: -0.52
15:54:52.039556 ALT: -0.52
15:54:52.055621 ALT: -0.52
15:54:52.071577 ALT: -0.52
15:54:52.087605 ALT: -0.52
15:54:52.103875 ALT: -0.52
15:54:52.119797 ALT: -0.52
15:54:52.135775 ALT: -0.52
15:54:52.151830 ALT: -0.52
15:54:52.167886 ALT: -0.52
15:54:52.183844 ALT: -0.52
15:54:52.199877 ALT: -0.52
15:54:52.215900 ALT: -0.52
15:54:52.231847 ALT: -0.52
15:54:52.247843 ALT: -0.52
15:54:52.263884 ALT: -0.52
15:54:52.279900 ALT: -0.52
15:54:52.295837 ALT: -0.52
15:54:52.311828 ALT: -0.52
15:54:52.327879 ALT: -0.52
15:54:52.343847 ALT: -0.52
15:54:52.359833 ALT: -0.52
15:54:52.376004 ALT: -0.52
15:54:52.391874 ALT: -0.52
15:54:52.407884 ALT: -0.52
15:54:52.423890 ALT: -0.52
15:54:52.439903 ALT: -0.52
15:54:52.455984 ALT: -0.52
15:54:52.471876 ALT: -0.52
15:54:52.487921 ALT: -0.52
15:54:52.503853 ALT: -0.52
15:54:52.519861 ALT: -0.52
15:54:52.535841 ALT: -0.52
15:54:52.551774 ALT: -0.49
15:54:52.567898 ALT: -0.47
15:54:52.583872 ALT: -0.47
15:54:52.599925 ALT: -0.46
15:54:52.615888 ALT: -0.46
15:54:52.631890 ALT: -0.46
15:54:52.647886 ALT: -0.46
15:54:52.663993 ALT: -0.46
15:54:52.679909 ALT: -0.46
15:54:52.695895 ALT: -0.46
15:54:52.711874 ALT: -0.46
15:54:52.727778 ALT: -0.46
15:54:52.743995 ALT: -0.46
15:54:52.759919 ALT: -0.46
15:54:52.775910 ALT: -0.46
15:54:52.791970 ALT: -0.46
15:54:52.808169 ALT: -0.46
15:54:52.823838 ALT: -0.46
15:54:52.839902 ALT: -0.46
15:54:52.855917 ALT: -0.46
15:54:52.871912 ALT: -0.46
15:54:52.887926 ALT: -0.46
15:54:52.903925 ALT: -0.46
15:54:52.919927 ALT: -0.46
15:54:52.935932 ALT: -0.46
15:54:52.951951 ALT: -0.46
15:54:52.968003 ALT: -0.46
15:54:52.983960 ALT: -0.46
15:54:52.999950 ALT: -0.46
15:54:53.015994 ALT: -0.46
15:54:53.032003 ALT: -0.46
15:54:53.047971 ALT: -0.46
15:54:53.063984 ALT: -0.46
15:54:53.079979 ALT: -0.46
15:54:53.095998 ALT: -0.46
15:54:53.111952 ALT: -0.46
15:54:53.127965 ALT: -0.46
15:54:53.144041 ALT: -0.46
15:54:53.159975 ALT: -0.46
15:54:53.175953 ALT: -0.46
15:54:53.191976 ALT: -0.46
15:54:53.208014 ALT: -0.46
15:54:53.223993 ALT: -0.46
15:54:53.239985 ALT: -0.46
15:54:53.256010 ALT: -0.46
15:54:53.271749 ALT: -0.46
15:54:53.287926 ALT: -0.49
15:54:53.303981 ALT: -0.49
15:54:53.319928 ALT: -0.51
15:54:53.335898 ALT: -0.52
15:54:53.351968 ALT: -0.52
15:54:53.367862 ALT: -0.52
15:54:53.383903 ALT: -0.52
15:54:53.399927 ALT: -0.52
15:54:53.415910 ALT: -0.52
15:54:53.431893 ALT: -0.52
15:54:53.447873 ALT: -0.52
15:54:53.463870 ALT: -0.52
15:54:53.479889 ALT: -0.52
15:54:53.495875 ALT: -0.52
15:54:53.511887 ALT: -0.52
15:54:53.528009 ALT: -0.52
15:54:53.543886 ALT: -0.52
15:54:53.559942 ALT: -0.52
15:54:53.575884 ALT: -0.52
15:54:53.591925 ALT: -0.52
15:54:53.607932 ALT: -0.52
15:54:53.623949 ALT: -0.52
15:54:53.639905 ALT: -0.52
15:54:53.655907 ALT: -0.52
15:54:53.671905 ALT: -0.52
15:54:53.687909 ALT: -0.52
15:54:53.703920 ALT: -0.52
15:54:53.719922 ALT: -0.52
15:54:53.735926 ALT: -0.52
15:54:53.751931 ALT: -0.52
15:54:53.767909 ALT: -0.52
15:54:53.783920 ALT: -0.52
15:54:53.800000 ALT: -0.52
15:54:53.815924 ALT: -0.52
15:54:53.831959 ALT: -0.52
15:54:53.847936 ALT: -0.52
15:54:53.863953 ALT: -0.52
15:54:53.879950 ALT: -0.52
15:54:53.895924 ALT: -0.52
15:54:53.911944 ALT: -0.52
15:54:53.927956 ALT: -0.52
15:54:53.943927 ALT: -0.52
15:54:53.959918 ALT: -0.52
15:54:53.975904 ALT: -0.52
15:54:53.991947 ALT: -0.52
15:54:54.007955 ALT: -0.52
15:54:54.023986 ALT: -0.52
15:54:54.039937 ALT: -0.52
15:54:54.056115 ALT: -0.52
15:54:54.072111 ALT: -0.52
15:54:54.087941 ALT: -0.52
15:54:54.103934 ALT: -0.52
15:54:54.120239 ALT: -0.52
15:54:54.136020 ALT: -0.52
15:54:54.151941 ALT: -0.52
15:54:54.168175 ALT: -0.52
15:54:54.184025 ALT: -0.52
15:54:54.200155 ALT: -0.52
15:54:54.216022 ALT: -0.52
15:54:54.231946 ALT: -0.52
15:54:54.247985 ALT: -0.52
15:54:54.263982 ALT: -0.52
15:54:54.279954 ALT: -0.52
15:54:54.295958 ALT: -0.49
15:54:54.311988 ALT: -0.47
15:54:54.327984 ALT: -0.47
15:54:54.343969 ALT: -0.46
15:54:54.360001 ALT: -0.46
15:54:54.376038 ALT: -0.46
15:54:54.392036 ALT: -0.46
15:54:54.407989 ALT: -0.46
15:54:54.423968 ALT: -0.46
15:54:54.440063 ALT: -0.46
15:54:54.455944 ALT: -0.46
15:54:54.472377 ALT: -0.46
15:54:54.488098 ALT: -0.46
15:54:54.504394 ALT: -0.46
15:54:54.520046 ALT: -0.46
15:54:54.536104 ALT: -0.46
15:54:54.552391 ALT: -0.46
15:54:54.568435 ALT: -0.46
15:54:54.584389 ALT: -0.46
15:54:54.600639 ALT: -0.46
15:54:54.616255 ALT: -0.46
15:54:54.632216 ALT: -0.46
15:54:54.648327 ALT: -0.46
15:54:54.664078 ALT: -0.46
15:54:54.680306 ALT: -0.46
15:54:54.696056 ALT: -0.46
15:54:54.712156 ALT: -0.46
15:54:54.728209 ALT: -0.46
15:54:54.744031 ALT: -0.46
15:54:54.760050 ALT: -0.46
15:54:54.776116 ALT: -0.46
15:54:54.792045 ALT: -0.46
15:54:54.808193 ALT: -0.46
15:54:54.824081 ALT: -0.46
15:54:54.840120 ALT: -0.46
15:54:54.856080 ALT: -0.46
15:54:54.872118 ALT: -0.46
15:54:54.888482 ALT: -0.46
15:54:54.904073 ALT: -0.46
15:54:54.920187 ALT: -0.46
15:54:54.936226 ALT: -0.46
15:54:54.952241 ALT: -0.46
15:54:54.968131 ALT: -0.46
15:54:54.984287 ALT: -0.46
15:54:55.000142 ALT: -0.46
15:54:55.016191 ALT: -0.46
15:54:55.032234 ALT: -0.46
15:54:55.048139 ALT: -0.46
15:54:55.064332 ALT: -0.46
15:54:55.080041 ALT: -0.46
15:54:55.096264 ALT: -0.46
15:54:55.112054 ALT: -0.46
15:54:55.128152 ALT: -0.46
15:54:55.144124 ALT: -0.46
15:54:55.160387 ALT: -0.46
15:54:55.176138 ALT: -0.46
15:54:55.191969 ALT: -0.46
15:54:55.208087 ALT: -0.46
15:54:55.224113 ALT: -0.46
15:54:55.240174 ALT: -0.46
15:54:55.256212 ALT: -0.46
15:54:55.272112 ALT: -0.46
15:54:55.288114 ALT: -0.46
15:54:55.304156 ALT: -0.46
15:54:55.320291 ALT: -0.46
15:54:55.336108 ALT: -0.46
15:54:55.352172 ALT: -0.46
15:54:55.368112 ALT: -0.46
15:54:55.384144 ALT: -0.46
15:54:55.400164 ALT: -0.46
15:54:55.416194 ALT: -0.46
15:54:55.432141 ALT: -0.46
15:54:55.448183 ALT: -0.46
15:54:55.464068 ALT: -0.46
15:54:55.480160 ALT: -0.46
15:54:55.496143 ALT: -0.49
15:54:55.512135 ALT: -0.49
15:54:55.528270 ALT: -0.51
15:54:55.543990 ALT: -0.52
15:54:55.560039 ALT: -0.52
15:54:55.576183 ALT: -0.52
15:54:55.592178 ALT: -0.52
15:54:55.608185 ALT: -0.52
15:54:55.624203 ALT: -0.52
15:54:55.640178 ALT: -0.52
15:54:55.656150 ALT: -0.52
15:54:55.672183 ALT: -0.52
15:54:55.688200 ALT: -0.52
15:54:55.704212 ALT: -0.52
15:54:55.720166 ALT: -0.52
15:54:55.736184 ALT: -0.52
15:54:55.752201 ALT: -0.52
15:54:55.768173 ALT: -0.52
15:54:55.784249 ALT: -0.52
15:54:55.800262 ALT: -0.52
15:54:55.816184 ALT: -0.52
15:54:55.832194 ALT: -0.52
15:54:55.848188 ALT: -0.52
15:54:55.864220 ALT: -0.52
15:54:55.880164 ALT: -0.52
15:54:55.896050 ALT: -0.52
15:54:55.912201 ALT: -0.52
15:54:55.928244 ALT: -0.52
15:54:55.944158 ALT: -0.52
15:54:55.960285 ALT: -0.52
15:54:55.976167 ALT: -0.52
15:54:55.992266 ALT: -0.52
15:54:56.008273 ALT: -0.52
15:54:56.024176 ALT: -0.52
15:54:56.040184 ALT: -0.52
15:54:56.056256 ALT: -0.52
15:54:56.072227 ALT: -0.52
15:54:56.088276 ALT: -0.52
15:54:56.104192 ALT: -0.52
15:54:56.120259 ALT: -0.52
15:54:56.136297 ALT: -0.52
15:54:56.152298 ALT: -0.52
15:54:56.168318 ALT: -0.52
15:54:56.184322 ALT: -0.52
15:54:56.200310 ALT: -0.52
15:54:56.216257 ALT: -0.52
15:54:56.248589 ALT: -0.52
15:54:56.264293 ALT: -0.52
15:54:56.280254 ALT: -0.52
15:54:56.296309 ALT: -0.52
15:54:56.312402 ALT: -0.52
15:54:56.328227 ALT: -0.52
15:54:56.344291 ALT: -0.52
15:54:56.360257 ALT: -0.52
15:54:56.376350 ALT: -0.52
15:54:56.392340 ALT: -0.52
15:54:56.408195 ALT: -0.52
15:54:56.424175 ALT: -0.52
15:54:56.440216 ALT: -0.52
15:54:56.456208 ALT: -0.52
15:54:56.472191 ALT: -0.52
15:54:56.488213 ALT: -0.52
15:54:56.504207 ALT: -0.52
15:54:56.520252 ALT: -0.52
15:54:56.536250 ALT: -0.52
15:54:56.552264 ALT: -0.52
15:54:56.568461 ALT: -0.52
15:54:56.584523 ALT: -0.52
15:54:56.600241 ALT: -0.52
15:54:56.616319 ALT: -0.52
15:54:56.632366 ALT: -0.52
15:54:56.648370 ALT: -0.52
15:54:56.664348 ALT: -0.52
15:54:56.680296 ALT: -0.52
15:54:56.696364 ALT: -0.52
15:54:56.712352 ALT: -0.52
15:54:56.728328 ALT: -0.52
15:54:56.744401 ALT: -0.52
15:54:56.760375 ALT: -0.52
15:54:56.776337 ALT: -0.52
15:54:56.792524 ALT: -0.52
15:54:56.808507 ALT: -0.52
15:54:56.824348 ALT: -0.52
15:54:56.840295 ALT: -0.52
15:54:56.856322 ALT: -0.52
15:54:56.872307 ALT: -0.52
15:54:56.888310 ALT: -0.52
15:54:56.904301 ALT: -0.52
15:54:56.920322 ALT: -0.52
15:54:56.936378 ALT: -0.52
15:54:56.952314 ALT: -0.52
15:54:56.968311 ALT: -0.52
15:54:56.984316 ALT: -0.52
15:54:57.000302 ALT: -0.52
15:54:57.016327 ALT: -0.52
15:54:57.032330 ALT: -0.52
15:54:57.048355 ALT: -0.52
15:54:57.064340 ALT: -0.52
15:54:57.080541 ALT: -0.52
15:54:57.096579 ALT: -0.52
15:54:57.112992 ALT: -0.52
15:54:57.128893 ALT: -0.52
15:54:57.144601 ALT: -0.52
15:54:57.160437 ALT: -0.52
15:54:57.176495 ALT: -0.52
15:54:57.192494 ALT: -0.52
15:54:57.208559 ALT: -0.52
15:54:57.224629 ALT: -0.52
15:54:57.240433 ALT: -0.52
15:54:57.256469 ALT: -0.52
15:54:57.272372 ALT: -0.52
15:54:57.288554 ALT: -0.52
15:54:57.304524 ALT: -0.52
15:54:57.320405 ALT: -0.52
15:54:57.336443 ALT: -0.52
15:54:57.352464 ALT: -0.56
15:54:57.368416 ALT: -0.56
15:54:57.384419 ALT: -0.58
15:54:57.400405 ALT: -0.6
15:54:57.416409 ALT: -0.6
15:54:57.432420 ALT: -0.61
15:54:57.448455 ALT: -0.61
15:54:57.464613 ALT: -0.61
15:54:57.480588 ALT: -0.61
15:54:57.496398 ALT: -0.61
15:54:57.512556 ALT: -0.61
15:54:57.528641 ALT: -0.61
15:54:57.544551 ALT: -0.61
15:54:57.560514 ALT: -0.61
15:54:57.576470 ALT: -0.61
15:54:57.592405 ALT: -0.61
15:54:57.608459 ALT: -0.61
15:54:57.624514 ALT: -0.61
15:54:57.640480 ALT: -0.61
15:54:57.656487 ALT: -0.61
15:54:57.672544 ALT: -0.61
15:54:57.688499 ALT: -0.61
15:54:57.704498 ALT: -0.61
15:54:57.720447 ALT: -0.61
15:54:57.736543 ALT: -0.61
15:54:57.752491 ALT: -0.61
15:54:57.768574 ALT: -0.61
15:54:57.784502 ALT: -0.61
15:54:57.800563 ALT: -0.61
15:54:57.816449 ALT: -0.61
15:54:57.832536 ALT: -0.61
15:54:57.848631 ALT: -0.61
15:54:57.864534 ALT: -0.61
15:54:57.880570 ALT: -0.61
15:54:57.896694 ALT: -0.61
15:54:57.912625 ALT: -0.61
15:54:57.928491 ALT: -0.61
15:54:57.944751 ALT: -0.61
15:54:57.960558 ALT: -0.61
15:54:57.976554 ALT: -0.61
15:54:57.992518 ALT: -0.61
15:54:58.008588 ALT: -0.61
15:54:58.024606 ALT: -0.61
15:54:58.040574 ALT: -0.61
15:54:58.056504 ALT: -0.61
15:54:58.072487 ALT: -0.61
15:54:58.088596 ALT: -0.61
15:54:58.104490 ALT: -0.61
15:54:58.120680 ALT: -0.61
15:54:58.136578 ALT: -0.61
15:54:58.152511 ALT: -0.61
15:54:58.168610 ALT: -0.61
15:54:58.184532 ALT: -0.61
15:54:58.200514 ALT: -0.61
15:54:58.216549 ALT: -0.61
15:54:58.232565 ALT: -0.61
15:54:58.248605 ALT: -0.61
15:54:58.264558 ALT: -0.61
15:54:58.280552 ALT: -0.61
15:54:58.296563 ALT: -0.61
15:54:58.312525 ALT: -0.61
15:54:58.328551 ALT: -0.61
15:54:58.344549 ALT: -0.61
15:54:58.360570 ALT: -0.61
15:54:58.376569 ALT: -0.61
15:54:58.392558 ALT: -0.61
15:54:58.408560 ALT: -0.58
15:54:58.424561 ALT: -0.58
15:54:58.440563 ALT: -0.56
15:54:58.456562 ALT: -0.56
15:54:58.472566 ALT: -0.56
15:54:58.488571 ALT: -0.55
15:54:58.504634 ALT: -0.54
15:54:58.520559 ALT: -0.54
15:54:58.536676 ALT: -0.54
15:54:58.552616 ALT: -0.54
15:54:58.568602 ALT: -0.54
15:54:58.584587 ALT: -0.54
15:54:58.600715 ALT: -0.57
15:54:58.616631 ALT: -0.57
15:54:58.632618 ALT: -0.59
15:54:58.648605 ALT: -0.6
15:54:58.664606 ALT: -0.6
15:54:58.680615 ALT: -0.61
15:54:58.696600 ALT: -0.61
15:54:58.712845 ALT: -0.61
15:54:58.728666 ALT: -0.61
15:54:58.744930 ALT: -0.61
15:54:58.760601 ALT: -0.61
15:54:58.776704 ALT: -0.61
15:54:58.792642 ALT: -0.61
15:54:58.808626 ALT: -0.61
15:54:58.824634 ALT: -0.61
15:54:58.840730 ALT: -0.61
15:54:58.856613 ALT: -0.61
15:54:58.872652 ALT: -0.61
15:54:58.888640 ALT: -0.61
15:54:58.904633 ALT: -0.61
15:54:58.920638 ALT: -0.61
15:54:58.936635 ALT: -0.61
15:54:58.952650 ALT: -0.61
15:54:58.968640 ALT: -0.61
15:54:59.000769 ALT: -0.61
15:54:59.019104 ALT: -0.61
15:54:59.032604 ALT: -0.61
15:54:59.048734 ALT: -0.61
15:54:59.064702 ALT: -0.61
15:54:59.080691 ALT: -0.61
15:54:59.096703 ALT: -0.61
15:54:59.112684 ALT: -0.61
15:54:59.128697 ALT: -0.61
15:54:59.144684 ALT: -0.61
15:54:59.160673 ALT: -0.61
15:54:59.176690 ALT: -0.61
15:54:59.192716 ALT: -0.61
15:54:59.208711 ALT: -0.61
15:54:59.224687 ALT: -0.61
15:54:59.240688 ALT: -0.61
15:54:59.256796 ALT: -0.61
15:54:59.272679 ALT: -0.61
15:54:59.288707 ALT: -0.61
15:54:59.304742 ALT: -0.61
15:54:59.320934 ALT: -0.61
15:54:59.336703 ALT: -0.61
15:54:59.352742 ALT: -0.61
15:54:59.368731 ALT: -0.61
15:54:59.384718 ALT: -0.61
15:54:59.400732 ALT: -0.61
15:54:59.416717 ALT: -0.61
15:54:59.432741 ALT: -0.61
15:54:59.448719 ALT: -0.61
15:54:59.464725 ALT: -0.61
15:54:59.480720 ALT: -0.61
15:54:59.496727 ALT: -0.61
15:54:59.512853 ALT: -0.61
15:54:59.528830 ALT: -0.61
15:54:59.544725 ALT: -0.61
15:54:59.560751 ALT: -0.61
15:54:59.576741 ALT: -0.61
15:54:59.592994 ALT: -0.61
15:54:59.608685 ALT: -0.61
15:54:59.624849 ALT: -0.61
15:54:59.640749 ALT: -0.61
15:54:59.656748 ALT: -0.61
15:54:59.672740 ALT: -0.61
15:54:59.688756 ALT: -0.61
15:54:59.704742 ALT: -0.61
15:54:59.720760 ALT: -0.61
15:54:59.738902 ALT: -0.61
15:54:59.754649 ALT: -0.61
15:54:59.768777 ALT: -0.61
15:54:59.784830 ALT: -0.61
15:54:59.800766 ALT: -0.61
15:54:59.816791 ALT: -0.61
15:54:59.832781 ALT: -0.61
15:54:59.848787 ALT: -0.61
15:54:59.864782 ALT: -0.61
15:54:59.880954 ALT: -0.61
15:54:59.896840 ALT: -0.61
15:54:59.912907 ALT: -0.61
15:54:59.928923 ALT: -0.61
15:54:59.944836 ALT: -0.61
15:54:59.960812 ALT: -0.61
15:54:59.976794 ALT: -0.61
15:54:59.992798 ALT: -0.61
15:55:00.008941 ALT: -0.61
15:55:00.024730 ALT: -0.61
15:55:00.040895 ALT: -0.61
15:55:00.056815 ALT: -0.61
15:55:00.072866 ALT: -0.61
15:55:00.088851 ALT: -0.61
15:55:00.104821 ALT: -0.61
15:55:00.120811 ALT: -0.61
15:55:00.136926 ALT: -0.61
15:55:00.152861 ALT: -0.61
15:55:00.168843 ALT: -0.61
15:55:00.184825 ALT: -0.61
15:55:00.200819 ALT: -0.61
15:55:00.216921 ALT: -0.61
15:55:00.232858 ALT: -0.61
15:55:00.248935 ALT: -0.61
15:55:00.264835 ALT: -0.61
15:55:00.280863 ALT: -0.61
15:55:00.296884 ALT: -0.61
15:55:00.312944 ALT: -0.61
15:55:00.328823 ALT: -0.61
15:55:00.344882 ALT: -0.61
15:55:00.360850 ALT: -0.65
15:55:00.376849 ALT: -0.65
15:55:00.393119 ALT: -0.67
15:55:00.408892 ALT: -0.67
15:55:00.424921 ALT: -0.67
15:55:00.440911 ALT: -0.68
15:55:00.456960 ALT: -0.69
15:55:00.472886 ALT: -0.69
15:55:00.489001 ALT: -0.69
15:55:00.505067 ALT: -0.69
15:55:00.520895 ALT: -0.69
15:55:00.537029 ALT: -0.69
15:55:00.552968 ALT: -0.69
15:55:00.568925 ALT: -0.69
15:55:00.584958 ALT: -0.69
15:55:00.600955 ALT: -0.69
15:55:00.617003 ALT: -0.69
15:55:00.632987 ALT: -0.69
15:55:00.648976 ALT: -0.69
15:55:00.665200 ALT: -0.69
15:55:00.680974 ALT: -0.69
15:55:00.697069 ALT: -0.69
15:55:00.712864 ALT: -0.69
15:55:00.728928 ALT: -0.69
15:55:00.745027 ALT: -0.69
15:55:00.761073 ALT: -0.69
15:55:00.776973 ALT: -0.69
15:55:00.793000 ALT: -0.69
15:55:00.809147 ALT: -0.69
15:55:00.824967 ALT: -0.69
15:55:00.840914 ALT: -0.69
15:55:00.856915 ALT: -0.69
15:55:00.873001 ALT: -0.69
15:55:00.888951 ALT: -0.69
15:55:00.905005 ALT: -0.69
15:55:00.920931 ALT: -0.69
15:55:00.936964 ALT: -0.69
15:55:00.952950 ALT: -0.69
15:55:00.968963 ALT: -0.69
15:55:00.984923 ALT: -0.69
15:55:01.000939 ALT: -0.69
15:55:01.016923 ALT: -0.73
15:55:01.032938 ALT: -0.75
15:55:01.048948 ALT: -0.75
15:55:01.064960 ALT: -0.77
15:55:01.080927 ALT: -0.78
15:55:01.096938 ALT: -0.78
15:55:01.112923 ALT: -0.78
15:55:01.128971 ALT: -0.78
15:55:01.144946 ALT: -0.78
15:55:01.160939 ALT: -0.78
15:55:01.176967 ALT: -0.78
15:55:01.192939 ALT: -0.78
15:55:01.208963 ALT: -0.78
15:55:01.224960 ALT: -0.78
15:55:01.240961 ALT: -0.78
15:55:01.256956 ALT: -0.78
15:55:01.272955 ALT: -0.78
15:55:01.288966 ALT: -0.78
15:55:01.304993 ALT: -0.78
15:55:01.321028 ALT: -0.78
15:55:01.336965 ALT: -0.78
15:55:01.352957 ALT: -0.78
15:55:01.368952 ALT: -0.78
15:55:01.384950 ALT: -0.78
15:55:01.400963 ALT: -0.78
15:55:01.416950 ALT: -0.78
15:55:01.432974 ALT: -0.78
15:55:01.449006 ALT: -0.78
15:55:01.465040 ALT: -0.78
15:55:01.481022 ALT: -0.78
15:55:01.497026 ALT: -0.78
15:55:01.513013 ALT: -0.78
15:55:01.528969 ALT: -0.78
15:55:01.544997 ALT: -0.78
15:55:01.561023 ALT: -0.78
15:55:01.577026 ALT: -0.78
15:55:01.593046 ALT: -0.78
15:55:01.609055 ALT: -0.78
15:55:01.625039 ALT: -0.78
15:55:01.641045 ALT: -0.78
15:55:01.657045 ALT: -0.78
15:55:01.673029 ALT: -0.78
15:55:01.689008 ALT: -0.78
15:55:01.705043 ALT: -0.78
15:55:01.721274 ALT: -0.78
15:55:01.737062 ALT: -0.78
15:55:01.753045 ALT: -0.78
15:55:01.769059 ALT: -0.78
15:55:01.785065 ALT: -0.78
15:55:01.801083 ALT: -0.78
15:55:01.817056 ALT: -0.78
15:55:01.833077 ALT: -0.78
15:55:01.849094 ALT: -0.78
15:55:01.865076 ALT: -0.78
15:55:01.881075 ALT: -0.78
15:55:01.897048 ALT: -0.78
15:55:01.913084 ALT: -0.78
15:55:01.929067 ALT: -0.78
15:55:01.945183 ALT: -0.78
15:55:01.961325 ALT: -0.82
15:55:01.977125 ALT: -0.82
15:55:01.993106 ALT: -0.84
15:55:02.009100 ALT: -0.84
15:55:02.025181 ALT: -0.85
15:55:02.041153 ALT: -0.86
15:55:02.057117 ALT: -0.86
15:55:02.073110 ALT: -0.86
15:55:02.089154 ALT: -0.86
15:55:02.105173 ALT: -0.86
15:55:02.121110 ALT: -0.86
15:55:02.137063 ALT: -0.86
15:55:02.153218 ALT: -0.86
15:55:02.169122 ALT: -0.86
15:55:02.185249 ALT: -0.86
15:55:02.201199 ALT: -0.86
15:55:02.217245 ALT: -0.86
15:55:02.233312 ALT: -0.86
15:55:02.249195 ALT: -0.86
15:55:02.265119 ALT: -0.86
15:55:02.281261 ALT: -0.86
15:55:02.297140 ALT: -0.86
15:55:02.313289 ALT: -0.86
15:55:02.329162 ALT: -0.86
15:55:02.345255 ALT: -0.86
15:55:02.361228 ALT: -0.86
15:55:02.377226 ALT: -0.86
15:55:02.393231 ALT: -0.86
15:55:02.409385 ALT: -0.86
15:55:02.425401 ALT: -0.86
15:55:02.441163 ALT: -0.86
15:55:02.457194 ALT: -0.86
15:55:02.473179 ALT: -0.86
15:55:02.489223 ALT: -0.86
15:55:02.505363 ALT: -0.86
15:55:02.521266 ALT: -0.86
15:55:02.537315 ALT: -0.86
15:55:02.553187 ALT: -0.86
15:55:02.569273 ALT: -0.86
15:55:02.585252 ALT: -0.86
15:55:02.601230 ALT: -0.86
15:55:02.617201 ALT: -0.83
15:55:02.633249 ALT: -0.83
15:55:02.649249 ALT: -0.81
15:55:02.665242 ALT: -0.8
15:55:02.681315 ALT: -203.71
15:55:02.697236 ALT: -203.71
15:55:02.713246 ALT: -203.71
15:55:02.729241 ALT: -203.71
15:55:02.745203 ALT: -203.71
15:55:02.761222 ALT: -203.71
15:55:02.777203 ALT: -203.71
15:55:02.793246 ALT: -203.71
15:55:02.809228 ALT: -203.71
15:55:02.825198 ALT: -203.71
15:55:02.841290 ALT: -203.71
15:55:02.857226 ALT: -203.71
15:55:02.873222 ALT: -203.71
15:55:02.889255 ALT: -203.71
15:55:02.905221 ALT: -203.71
15:55:02.921392 ALT: -203.71
15:55:02.937251 ALT: -203.71
15:55:02.953195 ALT: -203.71
15:55:02.969289 ALT: -203.71
15:55:02.985328 ALT: -203.71
15:55:03.001444 ALT: -203.71
15:55:03.017336 ALT: -203.71
15:55:03.033285 ALT: -203.71
15:55:03.049301 ALT: -203.71
15:55:03.065255 ALT: -203.71
15:55:03.081275 ALT: -203.71
15:55:03.097502 ALT: -203.71
15:55:03.113212 ALT: -203.71
15:55:03.129288 ALT: -203.71
15:55:03.145509 ALT: -203.71
15:55:03.161282 ALT: -203.71
15:55:03.177360 ALT: -203.71
15:55:03.193341 ALT: -203.71
15:55:03.209266 ALT: -203.71
15:55:03.225365 ALT: -203.71
15:55:03.241268 ALT: -203.71
15:55:03.257392 ALT: -203.71
15:55:03.273387 ALT: -203.71
15:55:03.289268 ALT: -203.71
15:55:03.305269 ALT: -203.71
15:55:03.321428 ALT: -203.71
15:55:03.337316 ALT: -203.71
15:55:03.353333 ALT: -203.71
15:55:03.369350 ALT: -203.71
15:55:03.385327 ALT: -203.71
15:55:03.401322 ALT: -203.71
15:55:03.417382 ALT: -203.71
15:55:03.433426 ALT: -203.71
15:55:03.449451 ALT: -203.71
15:55:03.465341 ALT: -203.71
15:55:03.481352 ALT: -203.71
15:55:03.497303 ALT: -203.71
15:55:03.513306 ALT: -203.71
15:55:03.529472 ALT: -203.71
15:55:03.545315 ALT: -203.71
15:55:03.561324 ALT: -203.71
15:55:03.577322 ALT: -203.71
15:55:03.593385 ALT: -203.71
15:55:03.609389 ALT: -203.71
15:55:03.625370 ALT: -203.71
15:55:03.641395 ALT: -203.71
15:55:03.657401 ALT: -203.71
15:55:03.673446 ALT: -203.71
15:55:03.689450 ALT: -203.71
15:55:03.705412 ALT: -203.71
15:55:03.721394 ALT: -203.71
15:55:03.737380 ALT: -203.71
15:55:03.753403 ALT: -203.71
15:55:03.769388 ALT: -203.71
15:55:03.785370 ALT: -203.71
15:55:03.801443 ALT: -203.71
15:55:03.817441 ALT: -203.71
15:55:03.833419 ALT: -203.71
15:55:03.849593 ALT: -203.71
15:55:03.865440 ALT: -203.71
15:55:03.881422 ALT: -203.71
15:55:03.897413 ALT: -203.71
15:55:03.913453 ALT: -203.71
15:55:03.929453 ALT: -203.71
15:55:03.945679 ALT: -203.71
15:55:03.961636 ALT: -203.71
15:55:03.977409 ALT: -203.71
15:55:03.993413 ALT: -203.71
15:55:04.009407 ALT: -203.71
15:55:04.025444 ALT: -203.71
15:55:04.041409 ALT: -203.71
15:55:04.057483 ALT: -203.71
15:55:04.073416 ALT: -203.71
15:55:04.089506 ALT: -203.71
15:55:04.105469 ALT: -203.71
15:55:04.121760 ALT: -203.71
15:55:04.137495 ALT: -203.71
15:55:04.153436 ALT: -203.71
15:55:04.169430 ALT: -203.71
15:55:04.185420 ALT: -203.71
15:55:04.201643 ALT: -203.71
15:55:04.217422 ALT: -203.71
15:55:04.233480 ALT: -203.71
15:55:04.249438 ALT: -203.71
15:55:04.265450 ALT: -203.71
15:55:04.281490 ALT: -203.71
15:55:04.297484 ALT: -203.71
15:55:04.313544 ALT: -203.71
15:55:04.329556 ALT: -211.39
15:55:04.345661 ALT: -0.85
15:55:04.361555 ALT: -0.85
15:55:04.377504 ALT: -0.86
15:55:04.393593 ALT: -0.86
15:55:04.409541 ALT: -0.86
15:55:04.425578 ALT: -0.86
15:55:04.441727 ALT: -0.86
15:55:04.473559 ALT: -0.86
15:55:04.489604 ALT: -0.86
15:55:04.505544 ALT: -0.86
15:55:04.521608 ALT: -0.86
15:55:04.537567 ALT: -0.86
15:55:04.553565 ALT: -0.86
15:55:04.569625 ALT: -0.86
15:55:04.585616 ALT: -0.86
15:55:04.601608 ALT: -0.86
15:55:04.617556 ALT: -0.86
15:55:04.633700 ALT: -0.86
15:55:04.649578 ALT: -0.86
15:55:04.665632 ALT: -0.86
15:55:04.681645 ALT: -0.86
15:55:04.697633 ALT: -0.86
15:55:04.713636 ALT: -0.86
15:55:04.729668 ALT: -0.86
15:55:04.745601 ALT: -0.86
15:55:04.761595 ALT: -0.86
15:55:04.777653 ALT: -0.86
15:55:04.793628 ALT: -0.86
15:55:04.809651 ALT: -0.86
15:55:04.825829 ALT: -0.86
15:55:04.841632 ALT: -0.86
15:55:04.857696 ALT: -0.86
15:55:04.873722 ALT: -0.86
15:55:04.889615 ALT: -0.86
15:55:04.905629 ALT: -0.86
15:55:04.921864 ALT: -0.86
15:55:04.937669 ALT: -0.86
15:55:04.953670 ALT: -0.86
15:55:04.969887 ALT: -0.86
15:55:04.985729 ALT: -0.86
15:55:05.001570 ALT: -0.86
15:55:05.017564 ALT: -0.86
15:55:05.033584 ALT: -0.86
15:55:05.049752 ALT: -0.86
15:55:05.065753 ALT: -0.86
15:55:05.081563 ALT: -0.86
15:55:05.097547 ALT: -0.86
15:55:05.113550 ALT: -0.86
15:55:05.129598 ALT: -0.86
15:55:05.145614 ALT: -0.86
15:55:05.161604 ALT: -0.86
15:55:05.177634 ALT: -0.86
15:55:05.193569 ALT: -0.86
15:55:05.209563 ALT: -0.86
15:55:05.225571 ALT: -0.86
15:55:05.241680 ALT: -0.86
15:55:05.257615 ALT: -0.86
15:55:05.273611 ALT: -0.86
15:55:05.289648 ALT: -0.86
15:55:05.305601 ALT: -0.86
15:55:05.321690 ALT: -0.9
15:55:05.337705 ALT: -0.9
15:55:05.353698 ALT: -0.92
15:55:05.369757 ALT: -0.94
15:55:05.385741 ALT: -0.94
15:55:05.401776 ALT: -0.95
15:55:05.417661 ALT: -0.95
15:55:05.433769 ALT: -0.95
15:55:05.449687 ALT: -0.95
15:55:05.465757 ALT: -0.95
15:55:05.481714 ALT: -0.95
15:55:05.497767 ALT: -0.95
15:55:05.513626 ALT: -0.95
15:55:05.529683 ALT: -0.95
15:55:05.545719 ALT: -0.95
15:55:05.561634 ALT: -0.95
15:55:05.577650 ALT: -0.95
15:55:05.593746 ALT: -0.95
15:55:05.609681 ALT: -0.95
15:55:05.625827 ALT: -0.95
15:55:05.641747 ALT: -0.95
15:55:05.657751 ALT: -0.95
15:55:05.673709 ALT: -0.95
15:55:05.689747 ALT: -0.95
15:55:05.705840 ALT: -0.95
15:55:05.721721 ALT: -0.95
15:55:05.737744 ALT: -0.95
15:55:05.753676 ALT: -0.95
15:55:05.769819 ALT: -0.95
15:55:05.785681 ALT: -0.95
15:55:05.801824 ALT: -0.95
15:55:05.817857 ALT: -0.95
15:55:05.833802 ALT: -0.95
15:55:05.849786 ALT: -0.95
15:55:05.865801 ALT: -0.95
15:55:05.881877 ALT: -0.95
15:55:05.897786 ALT: -0.95
15:55:05.913801 ALT: -0.95
15:55:05.929808 ALT: -0.95
15:55:05.945758 ALT: -0.95
15:55:05.961829 ALT: -0.95
15:55:05.977803 ALT: -0.95
15:55:05.993791 ALT: -0.95
15:55:06.009727 ALT: -0.95
15:55:06.025707 ALT: -0.95
15:55:06.041841 ALT: -0.95
15:55:06.057842 ALT: -0.95
15:55:06.073778 ALT: -0.95
15:55:06.089707 ALT: -0.95
15:55:06.105780 ALT: -0.95
15:55:06.121826 ALT: -0.95
15:55:06.137853 ALT: -0.95
15:55:06.153690 ALT: -0.95
15:55:06.169851 ALT: -0.95
15:55:06.185786 ALT: -0.95
15:55:06.201835 ALT: -0.95
15:55:06.217822 ALT: -0.95
15:55:06.233812 ALT: -0.95
15:55:06.249775 ALT: -0.95
15:55:06.265769 ALT: -0.95
15:55:06.281855 ALT: -0.95
15:55:06.297894 ALT: -0.95
15:55:06.313807 ALT: -0.95
15:55:06.329852 ALT: -0.95
15:55:06.345856 ALT: -0.95
15:55:06.361823 ALT: -0.95
15:55:06.377833 ALT: -0.95
15:55:06.393878 ALT: -0.95
15:55:06.409877 ALT: -0.95
15:55:06.425878 ALT: -0.95
15:55:06.441866 ALT: -0.95
15:55:06.457864 ALT: -0.95
15:55:06.473885 ALT: -0.95
15:55:06.489832 ALT: -0.95
15:55:06.505888 ALT: -0.95
15:55:06.521854 ALT: -0.95
15:55:06.537856 ALT: -0.95
15:55:06.553979 ALT: -0.95
15:55:06.569907 ALT: -0.95
15:55:06.585860 ALT: -0.95
15:55:06.601865 ALT: -0.95
15:55:06.617911 ALT: -0.95
15:55:06.633937 ALT: -0.95
15:55:06.649992 ALT: -0.95
15:55:06.665860 ALT: -0.95
15:55:06.681940 ALT: -0.95
15:55:06.697940 ALT: -0.95
15:55:06.714053 ALT: -0.95
15:55:06.729887 ALT: -0.95
15:55:06.745920 ALT: -0.95
15:55:06.761899 ALT: -0.95
15:55:06.777957 ALT: -0.95
15:55:06.794166 ALT: -0.95
15:55:06.809873 ALT: -0.95
15:55:06.826061 ALT: -0.95
15:55:06.841999 ALT: -0.95
15:55:06.857934 ALT: -0.95
15:55:06.873933 ALT: -0.95
15:55:06.889976 ALT: -0.95
15:55:06.905924 ALT: -0.95
15:55:06.921944 ALT: -0.95
15:55:06.937980 ALT: -0.95
15:55:06.953939 ALT: -0.95
15:55:06.969884 ALT: -0.95
15:55:06.986024 ALT: -0.95
15:55:07.002066 ALT: -0.95
15:55:07.017994 ALT: -0.95
15:55:07.034031 ALT: -0.95
15:55:07.050651 ALT: -0.95
15:55:07.065933 ALT: -0.95
15:55:07.081956 ALT: -0.95
15:55:07.097971 ALT: -0.95
15:55:07.113936 ALT: -0.95
15:55:07.129871 ALT: -0.95
15:55:07.145937 ALT: -0.95
15:55:07.162014 ALT: -0.95
15:55:07.177962 ALT: -0.95
15:55:07.193970 ALT: -0.95
15:55:07.226066 ALT: -0.95
15:55:07.242047 ALT: -0.99
15:55:07.257991 ALT: -1.01
15:55:07.273993 ALT: -1.02
15:55:07.289962 ALT: -1.02
15:55:07.305984 ALT: -1.03
15:55:07.322091 ALT: -1.03
15:55:07.337935 ALT: -1.03
15:55:07.353937 ALT: -1.03
15:55:07.369927 ALT: -1.03
15:55:07.385943 ALT: -1.03
15:55:07.401936 ALT: -1.03
15:55:07.417993 ALT: -1.03
15:55:07.433943 ALT: -1.03
15:55:07.449943 ALT: -1.03
15:55:07.465938 ALT: -1.03
15:55:07.481946 ALT: -1.03
15:55:07.497940 ALT: -1.03
15:55:07.513953 ALT: -1.03
15:55:07.530355 ALT: -1.03
15:55:07.545958 ALT: -1.03
15:55:07.561978 ALT: -1.03
15:55:07.577976 ALT: -1.03
15:55:07.593969 ALT: -1.03
15:55:07.609967 ALT: -1.03
15:55:07.625976 ALT: -1.03
15:55:07.641981 ALT: -1.03
15:55:07.658030 ALT: -1.03
15:55:07.673978 ALT: -1.03
15:55:07.689964 ALT: -1.03
15:55:07.705981 ALT: -1.03
15:55:07.722007 ALT: -1.03
15:55:07.738024 ALT: -1.03
15:55:07.753997 ALT: -1.03
15:55:07.770134 ALT: -1.03
15:55:07.786111 ALT: -1.03
15:55:07.802184 ALT: -1.03
15:55:07.818082 ALT: -1.03
15:55:07.834183 ALT: -1.03
15:55:07.850152 ALT: -1.03
15:55:07.866042 ALT: -1.03
15:55:07.882048 ALT: -1.03
15:55:07.898061 ALT: -1.03
15:55:07.914031 ALT: -1.03
15:55:07.930074 ALT: -1.03
15:55:07.946081 ALT: -1.03
15:55:07.962037 ALT: -1.03
15:55:07.978021 ALT: -1.03
15:55:07.994023 ALT: -1.03
15:55:08.010078 ALT: -1.03
15:55:08.026049 ALT: -1.03
15:55:08.042026 ALT: -1.03
15:55:08.058078 ALT: -1.03
15:55:08.074069 ALT: -1.03
15:55:08.090056 ALT: -1.03
15:55:08.106044 ALT: -1.03
15:55:08.122062 ALT: -1.03
15:55:08.138049 ALT: -1.03
15:55:08.154057 ALT: -1.03
15:55:08.170046 ALT: -1.03
15:55:08.186066 ALT: -1.03
15:55:08.202108 ALT: -1.03
15:55:08.218080 ALT: -1.03
15:55:08.234055 ALT: -1.03
15:55:08.250122 ALT: -1.03
15:55:08.266078 ALT: -1.03
15:55:08.282085 ALT: -1.03
15:55:08.298066 ALT: -1.03
15:55:08.314088 ALT: -1.03
15:55:08.330091 ALT: -1.03
15:55:08.346109 ALT: -1.03
15:55:08.362098 ALT: -1.03
15:55:08.378207 ALT: -1.03
15:55:08.394115 ALT: -1.03
15:55:08.410141 ALT: -1.03
15:55:08.426163 ALT: -1.03
15:55:08.442127 ALT: -1.03
15:55:08.458131 ALT: -1.03
15:55:08.474137 ALT: -1.03
15:55:08.490126 ALT: -1.03
15:55:08.506313 ALT: -1.03
15:55:08.522252 ALT: -1.03
15:55:08.538103 ALT: -1.03
15:55:08.554097 ALT: -1.03
15:55:08.570358 ALT: -1.03
15:55:08.586268 ALT: -1.03
15:55:08.602255 ALT: -1.03
15:55:08.618147 ALT: -1.03
15:55:08.634210 ALT: -1.03
15:55:08.650151 ALT: -1.03
15:55:08.666141 ALT: -1.03
15:55:08.682129 ALT: -1.03
15:55:08.698172 ALT: -1.03
15:55:08.714312 ALT: -1.03
15:55:08.730337 ALT: -1.03
15:55:08.746226 ALT: -1.03
15:55:08.762090 ALT: -1.03
15:55:08.779485 ALT: -1.03
15:55:08.794181 ALT: -1.03
15:55:08.810174 ALT: -1.03
15:55:08.826192 ALT: -1.03
15:55:08.842221 ALT: -1.03
15:55:08.858210 ALT: -1.03
15:55:08.874183 ALT: -1.03
15:55:08.890186 ALT: -1.03
15:55:08.906172 ALT: -1.03
15:55:08.922195 ALT: -1.03
15:55:08.938194 ALT: -1.03
15:55:08.954202 ALT: -1.03
15:55:08.970170 ALT: -1.03
15:55:08.986196 ALT: -1.03
15:55:09.002216 ALT: -1.03
15:55:09.018258 ALT: -1.03
15:55:09.034194 ALT: -1.03
15:55:09.050219 ALT: -1.03
15:55:09.066200 ALT: -1.03
15:55:09.082217 ALT: -1.03
15:55:09.098263 ALT: -1.03
15:55:09.114232 ALT: -1.03
15:55:09.130206 ALT: -1.03
15:55:09.146225 ALT: -1.03
15:55:09.162205 ALT: -1.03
15:55:09.178223 ALT: -1.03
15:55:09.194253 ALT: -1.03
15:55:09.210231 ALT: -1.03
15:55:09.226214 ALT: -1.03
15:55:09.242235 ALT: -1.03
15:55:09.258220 ALT: -1.03
15:55:09.274251 ALT: -1.0
15:55:09.290232 ALT: -1.0
15:55:09.307595 ALT: -0.98
15:55:09.322241 ALT: -0.97
15:55:09.338245 ALT: -0.97
15:55:09.354241 ALT: -0.97
15:55:09.370250 ALT: -0.97
15:55:09.386267 ALT: -0.97
15:55:09.402252 ALT: -0.97
15:55:09.418258 ALT: -0.97
15:55:09.434304 ALT: -0.97
15:55:09.450246 ALT: -0.97
15:55:09.466404 ALT: -0.97
15:55:09.482342 ALT: -0.97
15:55:09.498298 ALT: -0.97
15:55:09.514264 ALT: -0.97
15:55:09.531359 ALT: -0.97
15:55:09.546315 ALT: -0.97
15:55:09.562380 ALT: -0.97
15:55:09.578308 ALT: -0.97
15:55:09.594372 ALT: -0.97
15:55:09.610335 ALT: -0.97
15:55:09.626266 ALT: -0.97
15:55:09.642308 ALT: -0.97
15:55:09.658369 ALT: -0.97
15:55:09.674294 ALT: -0.97
15:55:09.690384 ALT: -0.97
15:55:09.706321 ALT: -0.97
15:55:09.722274 ALT: -0.97
15:55:09.738298 ALT: -0.97
15:55:09.754367 ALT: -0.97
15:55:09.770339 ALT: -0.97
15:55:09.786288 ALT: -0.97
15:55:09.802329 ALT: -0.97
15:55:09.818319 ALT: -0.97
15:55:09.834338 ALT: -0.97
15:55:09.850349 ALT: -0.97
15:55:09.866312 ALT: -0.97
15:55:09.882299 ALT: -0.97
15:55:09.898340 ALT: -0.97
15:55:09.914302 ALT: -0.97
15:55:09.930285 ALT: -0.97
15:55:09.946259 ALT: -0.97
15:55:09.962327 ALT: -0.97
15:55:09.978335 ALT: -0.97
15:55:09.994328 ALT: -0.97
15:55:10.010347 ALT: -0.97
15:55:10.026372 ALT: -0.97
15:55:10.042401 ALT: -0.97
15:55:10.058343 ALT: -0.97
15:55:10.074321 ALT: -0.97
15:55:10.090291 ALT: -0.97
15:55:10.106366 ALT: -0.97
15:55:10.122414 ALT: -0.97
15:55:10.138581 ALT: -0.97
15:55:10.154401 ALT: -0.97
15:55:10.170455 ALT: -0.97
15:55:10.186418 ALT: -0.97
15:55:10.202460 ALT: -0.97
15:55:10.218387 ALT: -0.97
15:55:10.234357 ALT: -0.97
15:55:10.250381 ALT: -0.97
15:55:10.266326 ALT: -0.97
15:55:10.282399 ALT: -0.97
15:55:10.298368 ALT: -0.97
15:55:10.314412 ALT: -0.97
15:55:10.330390 ALT: -0.97
15:55:10.346371 ALT: -0.97
15:55:10.362387 ALT: -0.97
15:55:10.378467 ALT: -0.97
15:55:10.394460 ALT: -0.97
15:55:10.410414 ALT: -0.97
15:55:10.426341 ALT: -0.97
15:55:10.442413 ALT: -0.97
15:55:10.458426 ALT: -0.97
15:55:10.474375 ALT: -0.97
15:55:10.490441 ALT: -0.97
15:55:10.506432 ALT: -0.97
15:55:10.522430 ALT: -0.97
15:55:10.538414 ALT: -0.97
15:55:10.554432 ALT: -0.97
15:55:10.570400 ALT: -0.97
15:55:10.586344 ALT: -0.97
15:55:10.602433 ALT: -0.97
15:55:10.618513 ALT: -0.97
15:55:10.634447 ALT: -0.97
15:55:10.650421 ALT: -0.97
15:55:10.666464 ALT: -0.97
15:55:10.682425 ALT: -0.97
15:55:10.698459 ALT: -0.97
15:55:10.714435 ALT: -0.97
15:55:10.730448 ALT: -0.97
15:55:10.746533 ALT: -0.97
15:55:10.762459 ALT: -0.97
15:55:10.778443 ALT: -0.97
15:55:10.794598 ALT: -0.97
15:55:10.810467 ALT: -0.97
15:55:10.826442 ALT: -0.97
15:55:10.842475 ALT: -0.97
15:55:10.858462 ALT: -0.97
15:55:10.874462 ALT: -0.97
15:55:10.890447 ALT: -0.97
15:55:10.906397 ALT: -0.97
15:55:10.922484 ALT: -0.97
15:55:10.938478 ALT: -0.97
15:55:10.954460 ALT: -0.97
15:55:10.970532 ALT: -0.97
15:55:10.986482 ALT: -0.97
15:55:11.002573 ALT: -0.97
15:55:11.018522 ALT: -0.97
15:55:11.034476 ALT: -0.97
15:55:11.050425 ALT: -0.97
15:55:11.066504 ALT: -0.97
15:55:11.082596 ALT: -0.97
15:55:11.098559 ALT: -0.97
15:55:11.114581 ALT: -0.97
15:55:11.130556 ALT: -0.97
15:55:11.146565 ALT: -0.97
15:55:11.162687 ALT: -0.97
15:55:11.178592 ALT: -0.97
15:55:11.194545 ALT: -1.0
15:55:11.210584 ALT: -1.02
15:55:11.226653 ALT: -1.02
15:55:11.242514 ALT: -1.03
15:55:11.258507 ALT: -1.03
15:55:11.274539 ALT: -1.03
15:55:11.290551 ALT: -1.03
15:55:11.306541 ALT: -1.03
15:55:11.322536 ALT: -1.03
15:55:11.338617 ALT: -1.03
15:55:11.354528 ALT: -1.03
15:55:11.370654 ALT: -1.03
15:55:11.386602 ALT: -1.03
15:55:11.402628 ALT: -1.03
15:55:11.418660 ALT: -1.03
15:55:11.434731 ALT: -1.03
15:55:11.450712 ALT: -1.03
15:55:11.466585 ALT: -1.03
15:55:11.482648 ALT: -1.03
15:55:11.498570 ALT: -1.03
15:55:11.514581 ALT: -1.03
15:55:11.530650 ALT: -1.03
15:55:11.546581 ALT: -1.03
15:55:11.562679 ALT: -1.03
15:55:11.578597 ALT: -1.03
15:55:11.594960 ALT: -1.03
15:55:11.610725 ALT: -1.03
15:55:11.626514 ALT: -1.03
15:55:11.642498 ALT: -1.03
15:55:11.658780 ALT: -1.03
15:55:11.674657 ALT: -1.03
15:55:11.690661 ALT: -1.03
15:55:11.706647 ALT: -1.03
15:55:11.722650 ALT: -1.03
15:55:11.738650 ALT: -1.03
15:55:11.754670 ALT: -1.03
15:55:11.770639 ALT: -1.03
15:55:11.786625 ALT: -1.03
15:55:11.802680 ALT: -1.03
15:55:11.818627 ALT: -1.03
15:55:11.834643 ALT: -1.03
15:55:11.850634 ALT: -1.03
15:55:11.866655 ALT: -1.03
15:55:11.882637 ALT: -1.03
15:55:11.898654 ALT: -1.03
15:55:11.914659 ALT: -1.03
15:55:11.930666 ALT: -1.03
15:55:11.946672 ALT: -1.03
15:55:11.962680 ALT: -1.03
15:55:11.978684 ALT: -1.03
15:55:11.994660 ALT: -1.03
15:55:12.010640 ALT: -1.03
15:55:12.026663 ALT: -1.03
15:55:12.042647 ALT: -1.03
15:55:12.058658 ALT: -1.07
15:55:12.074648 ALT: -1.07
15:55:12.090663 ALT: -1.09
15:55:12.106650 ALT: -1.09
15:55:12.122680 ALT: -1.1
15:55:12.138662 ALT: -1.11
15:55:12.154720 ALT: -1.11
15:55:12.170787 ALT: -1.11
15:55:12.186751 ALT: -1.11
15:55:12.202683 ALT: -1.11
15:55:12.218754 ALT: -1.11
15:55:12.234728 ALT: -1.11
15:55:12.250810 ALT: -1.11
15:55:12.266698 ALT: -1.11
15:55:12.282681 ALT: -1.11
15:55:12.298711 ALT: -1.11
15:55:12.314641 ALT: -1.11
15:55:12.330638 ALT: -1.11
15:55:12.346626 ALT: -1.11
15:55:12.362632 ALT: -1.11
15:55:12.378632 ALT: -1.11
15:55:12.394680 ALT: -1.11
15:55:12.410640 ALT: -1.11
15:55:12.426645 ALT: -1.11
15:55:12.442656 ALT: -1.11
15:55:12.458661 ALT: -1.11
15:55:12.474638 ALT: -1.11
15:55:12.490644 ALT: -1.11
15:55:12.506647 ALT: -1.11
15:55:12.522667 ALT: -1.11
15:55:12.538741 ALT: -1.11
15:55:12.554732 ALT: -1.11
15:55:12.570715 ALT: -1.11
15:55:12.586651 ALT: -1.11
15:55:12.602867 ALT: -1.11
15:55:12.618872 ALT: -1.11
15:55:12.634724 ALT: -1.11
15:55:12.650766 ALT: -1.11
15:55:12.666818 ALT: -1.11
15:55:12.698894 ALT: -1.11
15:55:12.714787 ALT: -1.11
15:55:12.730898 ALT: -1.11
15:55:12.746828 ALT: -1.11
15:55:12.762931 ALT: -1.11
15:55:12.778875 ALT: -1.11
15:55:12.794827 ALT: -1.11
15:55:12.810824 ALT: -1.11
15:55:12.826901 ALT: -1.11
15:55:12.843294 ALT: -1.11
15:55:12.858863 ALT: -1.11
15:55:12.874936 ALT: -1.11
15:55:12.890775 ALT: -1.11
15:55:12.906918 ALT: -1.11
15:55:12.922944 ALT: -1.11
15:55:12.938879 ALT: -1.11
15:55:12.954848 ALT: -1.11
15:55:12.970952 ALT: -1.11
15:55:12.986890 ALT: -1.11
15:55:13.002886 ALT: -1.11
15:55:13.018939 ALT: -1.11
15:55:13.034861 ALT: -1.11
15:55:13.050893 ALT: -1.11
15:55:13.066822 ALT: -1.11
15:55:13.082910 ALT: -1.11
15:55:13.098860 ALT: -1.11
15:55:13.114909 ALT: -1.11
15:55:13.130967 ALT: -1.11
15:55:13.146932 ALT: -1.11
15:55:13.162887 ALT: -1.11
15:55:13.178886 ALT: -1.11
15:55:13.194991 ALT: -1.11
15:55:13.210989 ALT: -1.11
15:55:13.226959 ALT: -1.11
15:55:13.242932 ALT: -1.11
15:55:13.258917 ALT: -1.11
15:55:13.274980 ALT: -1.11
15:55:13.290898 ALT: -1.11
15:55:13.306941 ALT: -1.11
15:55:13.322894 ALT: -1.11
15:55:13.338992 ALT: -1.11
15:55:13.354962 ALT: -1.11
15:55:13.370874 ALT: -1.11
15:55:13.386864 ALT: -1.11
15:55:13.402916 ALT: -1.11
15:55:13.574270 ALT: -1.11
15:55:13.594808 ALT: -1.11
15:55:13.610955 ALT: -1.11
15:55:13.636729 ALT: -1.11
15:55:13.647594 ALT: -1.11
15:55:13.658965 ALT: -1.11
15:55:13.674967 ALT: -1.11
15:55:13.690928 ALT: -1.11
15:55:13.706899 ALT: -1.11
15:55:13.723000 ALT: -1.11
15:55:13.738994 ALT: -1.11
15:55:13.754989 ALT: -1.11
15:55:13.770903 ALT: -1.15
15:55:13.786915 ALT: -1.15
15:55:13.802964 ALT: -1.15
15:55:13.819130 ALT: -1.17
15:55:13.835018 ALT: -1.19
15:55:13.850849 ALT: -1.19
15:55:13.868068 ALT: -1.2
15:55:13.882983 ALT: -1.2
15:55:13.899008 ALT: -1.2
15:55:13.914961 ALT: -1.2
15:55:13.930993 ALT: -1.2
15:55:13.946991 ALT: -1.2
15:55:13.962953 ALT: -1.2
15:55:13.978972 ALT: -1.2
15:55:13.994941 ALT: -1.2
15:55:14.010972 ALT: -1.2
15:55:14.026957 ALT: -1.2
15:55:14.042975 ALT: -1.2
15:55:14.058952 ALT: -1.2
15:55:14.074963 ALT: -1.2
15:55:14.090983 ALT: -1.2
15:55:14.106968 ALT: -1.2
15:55:14.122958 ALT: -1.2
15:55:14.138993 ALT: -1.2
15:55:14.154976 ALT: -1.2
15:55:14.171024 ALT: -1.2
15:55:14.186968 ALT: -1.2
15:55:14.202990 ALT: -1.2
15:55:14.218972 ALT: -1.2
15:55:14.234991 ALT: -1.2
15:55:14.250980 ALT: -1.2
15:55:14.267027 ALT: -1.2
15:55:14.282988 ALT: -1.2
15:55:14.299009 ALT: -1.2
15:55:14.314986 ALT: -1.2
15:55:14.331011 ALT: -1.2
15:55:14.347070 ALT: -1.2
15:55:14.363002 ALT: -1.2
15:55:14.378979 ALT: -1.2
15:55:14.395060 ALT: -1.2
15:55:14.411030 ALT: -1.2
15:55:14.427061 ALT: -1.2
15:55:14.443032 ALT: -1.2
15:55:14.459045 ALT: -1.2
15:55:14.475057 ALT: -1.2
15:55:14.491063 ALT: -1.2
15:55:14.507060 ALT: -1.2
15:55:14.523183 ALT: -1.2
15:55:14.539097 ALT: -1.2
15:55:14.555203 ALT: -1.2
15:55:14.571082 ALT: -1.2
15:55:14.587068 ALT: -1.2
15:55:14.603114 ALT: -1.2
15:55:14.619095 ALT: -1.17
15:55:14.635091 ALT: -1.15
15:55:14.651034 ALT: -1.15
15:55:14.667110 ALT: -1.14
15:55:14.683086 ALT: -1.14
15:55:14.699066 ALT: -1.13
15:55:14.715095 ALT: -1.13
15:55:14.731135 ALT: -1.13
15:55:14.747136 ALT: -1.13
15:55:14.763137 ALT: -1.13
15:55:14.779152 ALT: -1.13
15:55:14.795028 ALT: -1.13
15:55:14.811138 ALT: -1.13
15:55:14.827072 ALT: -1.13
15:55:14.843080 ALT: -1.13
15:55:14.859081 ALT: -1.13
15:55:14.875109 ALT: -1.13
15:55:14.891084 ALT: -1.13
15:55:14.907098 ALT: -1.13
15:55:14.923094 ALT: -1.13
15:55:14.939135 ALT: -1.13
15:55:14.955195 ALT: -1.13
15:55:14.971192 ALT: -1.09
