Waiting for MSP_API_VERSION reply...
Waiting for MSP_FC_VARIANT reply...
{'apiVersion': '1.44.0', 'flightControllerIdentifier': 'BTFL', 'flightControllerVersion': '4.3.2', 'version': 0, 'buildInfo': 'Apr  7 2023 03:15:27', 'multiType': 0, 'msp_version': 0, 'capability': 0, 'cycleTime': 314, 'i2cError': 0, 'activeSensors': 35, 'mode': 2, 'profile': 0, 'uid': [3473443, 858998536, 959590705], 'accelerometerTrims': [0, 0], 'name': '', 'displayName': 'BOARD MODULE', 'numProfiles': 3, 'rateProfile': 0, 'boardType': 2, 'armingDisableCount': 26, 'armingDisableFlags': 4, 'armingDisabled': False, 'runawayTakeoffPreventionDisabled': False, 'boardIdentifier': 'SBF4', 'boardVersion': 0, 'commCapabilities': 3, 'targetName': 'SPEEDYBEEF405V3', 'boardName': 'SPEEDYBEEF405V3', 'manufacturerId': '', 'signature': [0, 0, 0, 0, 0, 0, 0, 0, 0, 0, 0, 0, 0, 0, 0, 0, 0, 0, 0, 0, 0, 0, 0, 0, 0, 0, 0, 0, 0, 0, 0, 0], 'cpuload': 19, 'mcuTypeId': 3, 'mspProtocolVersion': 0, 'flightModeFlags': []}
18:10:47.120179 ALT: 0.95
18:10:47.120675 ACC: [20, -8, 509]
18:10:47.152289 ALT: 0.95
18:10:47.152629 ACC: [20, -8, 510]
18:10:47.189118 ALT: 0.95
18:10:47.189410 ACC: [20, -7, 510]
Easycap format used: ImageFormat(type=<BufType.VIDEO_CAPTURE: 1>, description='YUYV 4:2:2', flags=<ImageFormatFlag.0: 0>, pixel_format=<PixelFormat.YUYV: 1448695129>)
18:10:47.216492 ALT: 0.95
18:10:47.216814 ACC: [20, -7, 510]
18:10:47.248317 ALT: 0.95
18:10:47.248631 ACC: [21, -8, 510]
18:10:47.280242 ALT: 0.95
18:10:47.280464 ACC: [20, -8, 510]
18:10:47.312338 ALT: 0.95
18:10:47.312566 ACC: [20, -7, 510]
18:10:47.344294 ALT: 0.99
18:10:47.344571 ACC: [20, -8, 510]
18:10:47.376445 ALT: 1.02
18:10:47.376752 ACC: [20, -8, 510]
18:10:47.408302 ALT: 1.03
18:10:47.408500 ACC: [20, -8, 510]
18:10:47.440479 ALT: 1.03
18:10:47.440710 ACC: [20, -8, 510]
18:10:47.474536 ALT: 1.03
18:10:47.474800 ACC: [20, -8, 510]
Initialize navigation params:
Delay=0.02, Kp=40.0, Ki=0.0, Kd=40.0
Starting Main workflow
18:10:47.504754 ALT: 1.03
18:10:47.505040 ACC: [20, -8, 510]
18:10:47.536601 ALT: 1.03
18:10:47.536836 ACC: [20, -8, 510]
18:10:47.612553 ALT: 1.03
18:10:47.613357 ACC: [20, -8, 510]
18:10:47.648591 ALT: 1.03
18:10:47.648874 ACC: [20, -7, 510]
18:10:47.680518 ALT: 1.03
18:10:47.680788 ACC: [20, -8, 510]
18:10:47.712505 ALT: 1.03
18:10:47.712751 ACC: [20, -8, 510]
18:10:47.749017 ALT: 1.03
18:10:47.749448 ACC: [20, -8, 510]
18:10:47.797988 ALT: 1.03
18:10:47.798303 ACC: [20, -7, 510]
18:10:47.837635 ALT: 1.03
18:10:47.837886 ACC: [20, -8, 510]
18:10:47.872978 ALT: 1.03
18:10:47.873229 ACC: [20, -8, 510]
18:10:47.904670 ALT: 1.03
18:10:47.904914 ACC: [20, -8, 510]
18:10:47.936472 ALT: 1.03
18:10:47.936827 ACC: [20, -8, 510]
18:10:47.968461 ALT: 1.03
18:10:47.968806 ACC: [20, -8, 510]
18:10:48.001242 ALT: 1.03
18:10:48.001527 ACC: [20, -8, 510]
18:10:48.032603 ALT: 1.03
18:10:48.032853 ACC: [20, -8, 510]
18:10:48.064880 ALT: 1.03
18:10:48.065325 ACC: [20, -8, 510]
18:10:48.096671 ALT: 1.03
18:10:48.096993 ACC: [20, -8, 510]
18:10:48.132977 ALT: 1.03
18:10:48.133405 ACC: [19, -8, 510]
18:10:48.160518 ALT: 1.03
18:10:48.160802 ACC: [20, -8, 509]
18:10:48.192707 ALT: 1.03
18:10:48.193064 ACC: [19, -7, 510]
18:10:48.224986 ALT: 1.03
18:10:48.225319 ACC: [20, -7, 510]
18:10:48.256776 ALT: 1.03
18:10:48.257088 ACC: [20, -8, 510]
18:10:48.288536 ALT: 1.03
18:10:48.288790 ACC: [20, -7, 509]
18:10:48.323540 ALT: 1.03
18:10:48.323763 ACC: [20, -8, 510]
18:10:48.359921 ALT: 1.03
18:10:48.365183 ACC: [20, -7, 510]
18:10:48.400636 ALT: 1.03
18:10:48.400905 ACC: [20, -7, 510]
18:10:48.440626 ALT: 1.03
18:10:48.440901 ACC: [20, -8, 509]
18:10:48.482973 ALT: 1.03
18:10:48.483962 ACC: [20, -8, 510]
18:10:48.512609 ALT: 1.03
18:10:48.512887 ACC: [20, -8, 510]
18:10:48.544553 ALT: 1.03
18:10:48.544918 ACC: [20, -8, 510]
18:10:48.592659 ALT: 1.03
18:10:48.592979 ACC: [20, -8, 510]
18:10:48.624609 ALT: 1.03
18:10:48.624987 ACC: [20, -8, 510]
18:10:48.657097 ALT: 1.03
18:10:48.657310 ACC: [20, -8, 510]
18:10:48.688781 ALT: 1.03
18:10:48.689336 ACC: [20, -8, 510]
18:10:48.720967 ALT: 1.03
18:10:48.721501 ACC: [20, -8, 510]
18:10:48.752735 ALT: 1.03
18:10:48.753094 ACC: [21, -8, 509]
18:10:48.784701 ALT: 1.03
18:10:48.785009 ACC: [20, -8, 509]
18:10:48.833462 ALT: 1.03
18:10:48.833781 ACC: [20, -8, 509]
18:10:48.868945 ALT: 1.03
18:10:48.869312 ACC: [20, -8, 510]
18:10:48.896619 ALT: 1.03
18:10:48.896955 ACC: [20, -8, 509]
18:10:48.928617 ALT: 1.03
18:10:48.928825 ACC: [20, -8, 510]
18:10:48.960581 ALT: 1.03
18:10:48.960855 ACC: [20, -8, 510]
18:10:48.992703 ALT: 1.03
18:10:48.992992 ACC: [20, -8, 510]
18:10:49.025146 ALT: 1.03
18:10:49.025377 ACC: [20, -8, 510]
18:10:49.056945 ALT: 1.03
18:10:49.057293 ACC: [20, -8, 510]
18:10:49.090463 ALT: 1.03
18:10:49.090797 ACC: [20, -7, 510]
18:10:49.120670 ALT: 1.03
18:10:49.120991 ACC: [20, -7, 510]
18:10:49.152690 ALT: 1.03
18:10:49.153026 ACC: [20, -8, 510]
18:10:49.184674 ALT: 1.03
18:10:49.185464 ACC: [20, -8, 510]
18:10:49.217088 ALT: 1.03
18:10:49.217465 ACC: [20, -8, 510]
18:10:49.248688 ALT: 1.03
18:10:49.249006 ACC: [20, -8, 510]
18:10:49.281008 ALT: 1.03
18:10:49.281671 ACC: [20, -8, 510]
18:10:49.312708 ALT: 1.03
18:10:49.312976 ACC: [20, -8, 510]
18:10:49.344609 ALT: 1.03
18:10:49.344899 ACC: [20, -8, 510]
18:10:49.377127 ALT: 1.03
18:10:49.377430 ACC: [20, -8, 510]
18:10:49.408600 ALT: 1.03
18:10:49.408853 ACC: [20, -8, 510]
18:10:49.441066 ALT: 1.03
18:10:49.441357 ACC: [21, -8, 510]
18:10:49.481497 ALT: 1.03
18:10:49.481955 ACC: [20, -8, 510]
18:10:49.510959 ALT: 1.03
18:10:49.511203 ACC: [20, -8, 510]
18:10:49.536867 ALT: 1.03
18:10:49.538952 ACC: [20, -8, 510]
18:10:49.575024 ALT: 1.03
18:10:49.575271 ACC: [20, -8, 509]
18:10:49.600585 ALT: 1.03
18:10:49.600806 ACC: [20, -8, 509]
18:10:49.632735 ALT: 1.03
18:10:49.644398 ACC: [20, -8, 510]
18:10:49.681061 ALT: 1.03
18:10:49.685230 ACC: [20, -8, 510]
18:10:49.731301 ALT: 1.03
18:10:49.731600 ACC: [20, -8, 510]
18:10:49.765842 ALT: 1.03
18:10:49.766295 ACC: [20, -8, 510]
18:10:49.794119 ALT: 1.03
18:10:49.795126 ACC: [20, -8, 510]
18:10:49.825325 ALT: 1.03
18:10:49.826110 ACC: [20, -7, 510]
18:10:49.860800 ALT: 1.03
18:10:49.861548 ACC: [20, -8, 510]
18:10:49.911599 ALT: 1.03
18:10:49.912588 ACC: [20, -8, 510]
18:10:49.961625 ALT: 1.03
18:10:49.962304 ACC: [20, -7, 510]
18:10:50.016753 ALT: 1.03
18:10:50.017094 ACC: [20, -8, 510]
18:10:50.048829 ALT: 1.03
18:10:50.049102 ACC: [20, -8, 510]
18:10:50.080747 ALT: 1.03
18:10:50.081019 ACC: [20, -8, 510]
18:10:50.112658 ALT: 1.03
18:10:50.112864 ACC: [20, -8, 510]
18:10:50.144831 ALT: 1.03
18:10:50.145070 ACC: [20, -8, 510]
18:10:50.176748 ALT: 1.03
18:10:50.176984 ACC: [20, -7, 510]
18:10:50.209365 ALT: 1.03
18:10:50.210144 ACC: [20, -7, 510]
18:10:50.240742 ALT: 1.03
18:10:50.240998 ACC: [20, -8, 510]
18:10:50.272720 ALT: 1.03
18:10:50.272970 ACC: [20, -8, 510]
18:10:50.311954 ALT: 1.03
18:10:50.315134 ACC: [20, -7, 510]
18:10:50.352630 ALT: 1.03
18:10:50.352848 ACC: [20, -8, 510]
18:10:50.384889 ALT: 1.03
18:10:50.385169 ACC: [20, -8, 510]
18:10:50.416703 ALT: 1.03
18:10:50.416936 ACC: [20, -7, 510]
18:10:50.449188 ALT: 1.03
18:10:50.449471 ACC: [20, -8, 510]
18:10:50.482802 ALT: 1.03
18:10:50.484154 ACC: [20, -8, 510]
18:10:50.512697 ALT: 1.03
18:10:50.512942 ACC: [20, -8, 510]
18:10:50.544702 ALT: 1.03
18:10:50.545032 ACC: [20, -8, 510]
18:10:50.576843 ALT: 1.03
18:10:50.577157 ACC: [20, -8, 510]
18:10:50.611915 ALT: 1.03
18:10:50.612172 ACC: [20, -8, 510]
18:10:50.640823 ALT: 1.03
18:10:50.641146 ACC: [20, -8, 510]
18:10:50.674971 ALT: 1.03
18:10:50.675192 ACC: [20, -8, 510]
18:10:50.704802 ALT: 1.03
18:10:50.705036 ACC: [20, -8, 510]
18:10:50.736877 ALT: 1.03
18:10:50.737356 ACC: [20, -8, 509]
18:10:50.785083 ALT: 1.03
18:10:50.790335 ACC: [20, -8, 509]
18:10:50.816836 ALT: 1.03
18:10:50.817110 ACC: [20, -8, 510]
18:10:50.848666 ALT: 1.03
18:10:50.848925 ACC: [20, -8, 510]
18:10:50.881972 ALT: 1.03
18:10:50.882567 ACC: [20, -8, 510]
18:10:50.913206 ALT: 1.03
18:10:50.914726 ACC: [20, -8, 510]
18:10:50.960852 ALT: 1.03
18:10:50.961137 ACC: [20, -8, 509]
18:10:50.993039 ALT: 1.03
18:10:50.993298 ACC: [20, -8, 510]
18:10:51.027171 ALT: 1.03
18:10:51.027392 ACC: [20, -8, 509]
18:10:51.059350 ALT: 1.03
18:10:51.059827 ACC: [20, -8, 510]
18:10:51.089159 ALT: 1.03
18:10:51.089606 ACC: [20, -8, 510]
18:10:51.122306 ALT: 1.03
18:10:51.123207 ACC: [20, -8, 510]
18:10:51.152943 ALT: 1.03
18:10:51.153146 ACC: [20, -8, 510]
18:10:51.184975 ALT: 1.03
18:10:51.185263 ACC: [20, -8, 510]
18:10:51.233629 ALT: 1.03
18:10:51.235881 ACC: [20, -8, 510]
18:10:51.282008 ALT: 1.03
18:10:51.282247 ACC: [21, -8, 510]
18:10:51.312839 ALT: 1.03
18:10:51.313073 ACC: [20, -7, 510]
18:10:51.347355 ALT: 1.03
18:10:51.349111 ACC: [20, -8, 510]
18:10:51.383858 ALT: 1.03
18:10:51.384362 ACC: [20, -8, 510]
18:10:51.408827 ALT: 1.03
18:10:51.409047 ACC: [20, -8, 510]
18:10:51.440899 ALT: 1.03
18:10:51.441129 ACC: [20, -8, 510]
18:10:51.472845 ALT: 1.03
18:10:51.473075 ACC: [20, -8, 509]
18:10:51.506453 ALT: 1.03
18:10:51.506808 ACC: [20, -8, 509]
18:10:51.540582 ALT: 1.03
18:10:51.540869 ACC: [20, -8, 510]
18:10:51.568901 ALT: 1.03
18:10:51.569169 ACC: [20, -7, 510]
18:10:51.601949 ALT: 1.03
18:10:51.602188 ACC: [20, -8, 510]
18:10:51.632804 ALT: 1.03
18:10:51.633031 ACC: [20, -8, 510]
18:10:51.664852 ALT: 1.03
18:10:51.665097 ACC: [20, -8, 510]
18:10:51.696872 ALT: 1.03
18:10:51.697142 ACC: [20, -7, 510]
18:10:51.729043 ALT: 1.03
18:10:51.729438 ACC: [20, -8, 510]
18:10:51.772631 ALT: 1.03
18:10:51.772888 ACC: [20, -8, 510]
18:10:51.811301 ALT: 1.03
18:10:51.811526 ACC: [20, -8, 510]
18:10:51.840982 ALT: 1.03
18:10:51.841220 ACC: [20, -8, 510]
18:10:51.875527 ALT: 1.03
18:10:51.875801 ACC: [20, -8, 510]
18:10:51.908101 ALT: 1.03
18:10:51.909060 ACC: [20, -8, 510]
18:10:51.936966 ALT: 1.03
18:10:51.937267 ACC: [20, -8, 510]
18:10:51.970404 ALT: 1.03
18:10:51.970649 ACC: [20, -8, 510]
18:10:52.001021 ALT: 1.03
18:10:52.001288 ACC: [20, -8, 510]
18:10:52.032916 ALT: 1.03
18:10:52.033185 ACC: [20, -8, 510]
18:10:52.064851 ALT: 1.03
18:10:52.065085 ACC: [20, -8, 510]
18:10:52.096978 ALT: 1.03
18:10:52.097316 ACC: [20, -8, 509]
18:10:52.128991 ALT: 1.03
18:10:52.129217 ACC: [20, -8, 510]
18:10:52.160950 ALT: 1.03
18:10:52.161166 ACC: [20, -8, 510]
18:10:52.192932 ALT: 1.03
18:10:52.193160 ACC: [20, -8, 510]
18:10:52.224958 ALT: 1.03
18:10:52.225248 ACC: [20, -8, 510]
18:10:52.257358 ALT: 1.03
18:10:52.257761 ACC: [20, -8, 510]
18:10:52.289060 ALT: 1.03
18:10:52.289393 ACC: [20, -8, 510]
18:10:52.321101 ALT: 1.03
18:10:52.321402 ACC: [20, -8, 510]
18:10:52.353411 ALT: 1.03
18:10:52.353659 ACC: [20, -8, 510]
18:10:52.384964 ALT: 1.03
18:10:52.385300 ACC: [19, -8, 510]
18:10:52.417441 ALT: 1.03
18:10:52.417677 ACC: [20, -8, 510]
18:10:52.449006 ALT: 1.03
18:10:52.449366 ACC: [20, -8, 509]
18:10:52.480995 ALT: 1.03
18:10:52.481213 ACC: [20, -8, 510]
18:10:52.513062 ALT: 1.03
18:10:52.513298 ACC: [20, -8, 510]
18:10:52.545014 ALT: 1.03
18:10:52.545245 ACC: [20, -8, 510]
18:10:52.595859 ALT: 1.03
18:10:52.596114 ACC: [20, -8, 510]
18:10:52.625378 ALT: 1.03
18:10:52.625657 ACC: [20, -8, 509]
18:10:52.657360 ALT: 1.03
18:10:52.657779 ACC: [20, -7, 509]
18:10:52.706936 ALT: 1.03
18:10:52.708773 ACC: [20, -8, 510]
18:10:52.737623 ALT: 1.03
18:10:52.738022 ACC: [20, -8, 509]
18:10:52.769134 ALT: 1.03
18:10:52.769403 ACC: [20, -8, 510]
18:10:52.801075 ALT: 1.07
18:10:52.801343 ACC: [20, -8, 510]
18:10:52.833041 ALT: 1.09
18:10:52.833279 ACC: [20, -8, 510]
18:10:52.865058 ALT: 1.12
18:10:52.865987 ACC: [20, -8, 510]
18:10:52.897116 ALT: 1.12
18:10:52.897323 ACC: [20, -8, 509]
18:10:52.929022 ALT: 1.12
18:10:52.929230 ACC: [20, -8, 509]
18:10:52.961084 ALT: 1.12
18:10:52.961305 ACC: [20, -8, 510]
18:10:52.997162 ALT: 1.12
18:10:52.997396 ACC: [20, -8, 510]
18:10:53.025276 ALT: 1.12
18:10:53.026039 ACC: [20, -8, 510]
18:10:53.058989 ALT: 1.12
18:10:53.059202 ACC: [20, -8, 510]
18:10:53.090473 ALT: 1.12
18:10:53.090823 ACC: [20, -8, 509]
18:10:53.121116 ALT: 1.12
18:10:53.121391 ACC: [20, -8, 509]
18:10:53.153081 ALT: 1.12
18:10:53.153320 ACC: [20, -8, 510]
18:10:53.185109 ALT: 1.12
18:10:53.185329 ACC: [20, -8, 510]
18:10:53.217425 ALT: 1.12
18:10:53.217660 ACC: [20, -8, 510]
18:10:53.249041 ALT: 1.12
18:10:53.249272 ACC: [20, -8, 510]
18:10:53.281078 ALT: 1.12
18:10:53.281344 ACC: [20, -8, 510]
18:10:53.313078 ALT: 1.12
18:10:53.313313 ACC: [20, -7, 509]
18:10:53.345064 ALT: 1.12
18:10:53.345278 ACC: [20, -8, 510]
18:10:53.377119 ALT: 1.12
18:10:53.377395 ACC: [20, -8, 510]
18:10:53.409142 ALT: 1.12
18:10:53.409352 ACC: [20, -8, 510]
18:10:53.441136 ALT: 1.12
18:10:53.441349 ACC: [20, -8, 510]
18:10:53.473143 ALT: 1.12
18:10:53.473351 ACC: [20, -8, 510]
18:10:53.505116 ALT: 1.12
18:10:53.505322 ACC: [20, -8, 510]
18:10:53.537381 ALT: 1.12
18:10:53.537605 ACC: [20, -8, 509]
18:10:53.570169 ALT: 1.12
18:10:53.571191 ACC: [20, -8, 509]
18:10:53.601240 ALT: 1.12
18:10:53.601468 ACC: [20, -8, 510]
18:10:53.633191 ALT: 1.12
18:10:53.633434 ACC: [20, -8, 510]
18:10:53.665207 ALT: 1.12
18:10:53.665423 ACC: [20, -8, 510]
18:10:53.697201 ALT: 1.12
18:10:53.697421 ACC: [20, -8, 510]
18:10:53.729197 ALT: 1.12
18:10:53.729434 ACC: [20, -8, 509]
18:10:53.761149 ALT: 1.12
18:10:53.761480 ACC: [20, -8, 510]
18:10:53.793205 ALT: 1.12
18:10:53.793427 ACC: [20, -8, 510]
18:10:53.826595 ALT: 1.12
18:10:53.827438 ACC: [20, -8, 510]
18:10:53.859613 ALT: 1.12
18:10:53.859836 ACC: [20, -8, 510]
18:10:53.892555 ALT: 1.12
18:10:53.892854 ACC: [20, -8, 510]
18:10:53.921217 ALT: 1.12
18:10:53.921473 ACC: [20, -8, 509]
18:10:53.955534 ALT: 1.12
18:10:53.955818 ACC: [20, -8, 510]
18:10:53.985141 ALT: 1.12
18:10:53.985377 ACC: [20, -8, 509]
18:10:54.017354 ALT: 1.12
18:10:54.017655 ACC: [20, -7, 510]
18:10:54.049227 ALT: 1.12
18:10:54.049482 ACC: [20, -8, 510]
18:10:54.081230 ALT: 1.12
18:10:54.081457 ACC: [20, -7, 510]
18:10:54.113278 ALT: 1.12
18:10:54.113518 ACC: [20, -8, 510]
18:10:54.145247 ALT: 1.12
18:10:54.145494 ACC: [20, -7, 509]
18:10:54.177250 ALT: 1.12
18:10:54.177465 ACC: [20, -8, 509]
18:10:54.209328 ALT: 1.12
18:10:54.209564 ACC: [20, -7, 510]
18:10:54.241479 ALT: 1.12
18:10:54.241821 ACC: [20, -8, 510]
18:10:54.273418 ALT: 1.12
18:10:54.273705 ACC: [20, -8, 509]
18:10:54.305282 ALT: 1.12
18:10:54.305661 ACC: [20, -8, 509]
18:10:54.337404 ALT: 1.12
18:10:54.337647 ACC: [20, -8, 510]
18:10:54.369729 ALT: 1.12
18:10:54.370004 ACC: [20, -7, 510]
18:10:54.401365 ALT: 1.12
18:10:54.401629 ACC: [20, -8, 510]
18:10:54.433264 ALT: 1.12
18:10:54.433475 ACC: [20, -8, 509]
18:10:54.465265 ALT: 1.12
18:10:54.465475 ACC: [20, -7, 509]
18:10:54.497454 ALT: 1.12
18:10:54.497727 ACC: [20, -7, 510]
18:10:54.545262 ALT: 1.12
18:10:54.545650 ACC: [20, -7, 510]
18:10:54.577324 ALT: 1.12
18:10:54.577547 ACC: [20, -8, 510]
18:10:54.609467 ALT: 1.12
18:10:54.609686 ACC: [20, -8, 510]
18:10:54.641294 ALT: 1.12
18:10:54.641509 ACC: [20, -8, 510]
18:10:54.673568 ALT: 1.12
18:10:54.673894 ACC: [20, -8, 510]
18:10:54.705345 ALT: 1.12
18:10:54.705558 ACC: [20, -7, 510]
18:10:54.737325 ALT: 1.12
18:10:54.737557 ACC: [20, -8, 510]
18:10:54.769284 ALT: 1.12
18:10:54.769496 ACC: [20, -8, 510]
18:10:54.801671 ALT: 1.12
18:10:54.801951 ACC: [20, -7, 510]
18:10:54.833329 ALT: 1.12
18:10:54.833532 ACC: [20, -8, 510]
18:10:54.865280 ALT: 1.12
18:10:54.865488 ACC: [20, -8, 510]
18:10:54.897375 ALT: 1.12
18:10:54.897580 ACC: [20, -8, 510]
18:10:54.929398 ALT: 1.12
18:10:54.929599 ACC: [20, -8, 510]
18:10:54.961409 ALT: 1.12
18:10:54.961625 ACC: [20, -8, 509]
18:10:54.993605 ALT: 1.12
18:10:54.994132 ACC: [20, -8, 510]
18:10:55.026051 ALT: 1.12
18:10:55.026479 ACC: [20, -8, 510]
18:10:55.057442 ALT: 1.12
18:10:55.057771 ACC: [20, -8, 510]
18:10:55.089419 ALT: 1.12
18:10:55.089651 ACC: [20, -8, 510]
18:10:55.121385 ALT: 1.12
18:10:55.121604 ACC: [19, -8, 510]
18:10:55.153458 ALT: 1.12
18:10:55.153704 ACC: [20, -8, 510]
18:10:55.185491 ALT: 1.12
18:10:55.185701 ACC: [20, -8, 510]
18:10:55.217332 ALT: 1.12
18:10:55.217541 ACC: [20, -8, 510]
18:10:55.249390 ALT: 1.12
18:10:55.249600 ACC: [20, -8, 510]
18:10:55.281362 ALT: 1.12
18:10:55.281571 ACC: [20, -8, 510]
18:10:55.313320 ALT: 1.12
18:10:55.313666 ACC: [20, -8, 510]
18:10:55.361775 ALT: 1.12
18:10:55.362422 ACC: [20, -7, 509]
18:10:55.399082 ALT: 1.12
18:10:55.399449 ACC: [20, -8, 510]
18:10:55.429151 ALT: 1.12
18:10:55.429410 ACC: [20, -8, 510]
18:10:55.459929 ALT: 1.12
18:10:55.460731 ACC: [20, -8, 510]
18:10:55.489560 ALT: 1.12
18:10:55.490069 ACC: [20, -8, 510]
18:10:55.521726 ALT: 1.12
18:10:55.521952 ACC: [20, -8, 510]
18:10:55.553530 ALT: 1.12
18:10:55.553795 ACC: [20, -8, 510]
18:10:55.585452 ALT: 1.12
18:10:55.585708 ACC: [20, -8, 510]
18:10:55.617486 ALT: 1.12
18:10:55.617725 ACC: [20, -8, 510]
18:10:55.649481 ALT: 1.12
18:10:55.649708 ACC: [20, -7, 510]
18:10:55.681497 ALT: 1.12
18:10:55.681723 ACC: [20, -7, 510]
18:10:55.713461 ALT: 1.12
18:10:55.713696 ACC: [20, -8, 510]
18:10:55.745455 ALT: 1.12
18:10:55.745687 ACC: [20, -8, 510]
18:10:55.777447 ALT: 1.12
18:10:55.777680 ACC: [20, -8, 510]
18:10:55.809497 ALT: 1.12
18:10:55.809728 ACC: [20, -8, 510]
18:10:55.842099 ALT: 1.12
18:10:55.842322 ACC: [20, -8, 510]
18:10:55.875881 ALT: 1.12
18:10:55.876109 ACC: [20, -8, 510]
18:10:55.905789 ALT: 1.12
18:10:55.906038 ACC: [20, -8, 510]
18:10:55.937472 ALT: 1.12
18:10:55.937714 ACC: [20, -8, 510]
18:10:55.969555 ALT: 1.12
18:10:55.969776 ACC: [20, -8, 510]
18:10:56.001467 ALT: 1.12
18:10:56.001685 ACC: [20, -8, 509]
18:10:56.033533 ALT: 1.12
18:10:56.033776 ACC: [21, -8, 510]
18:10:56.065512 ALT: 1.12
18:10:56.065759 ACC: [20, -8, 509]
18:10:56.100720 ALT: 1.12
18:10:56.101176 ACC: [20, -8, 510]
18:10:56.129610 ALT: 1.12
18:10:56.129848 ACC: [20, -8, 510]
18:10:56.161924 ALT: 1.12
18:10:56.162121 ACC: [20, -8, 510]
18:10:56.193490 ALT: 1.12
18:10:56.193686 ACC: [20, -8, 510]
18:10:56.228902 ALT: 1.12
18:10:56.229198 ACC: [20, -8, 510]
18:10:56.273525 ALT: 1.12
18:10:56.273783 ACC: [20, -8, 510]
18:10:56.305479 ALT: 1.12
18:10:56.305689 ACC: [20, -8, 510]
18:10:56.337638 ALT: 1.12
18:10:56.337879 ACC: [20, -8, 510]
18:10:56.369624 ALT: 1.12
18:10:56.369877 ACC: [20, -8, 510]
18:10:56.417527 ALT: 1.12
18:10:56.417766 ACC: [20, -7, 510]
18:10:56.449485 ALT: 1.12
18:10:56.449701 ACC: [20, -8, 510]
18:10:56.481663 ALT: 1.12
18:10:56.481905 ACC: [20, -8, 510]
18:10:56.513569 ALT: 1.12
18:10:56.513765 ACC: [20, -8, 510]
18:10:56.545666 ALT: 1.12
18:10:56.545914 ACC: [20, -8, 510]
18:10:56.577526 ALT: 1.12
18:10:56.577741 ACC: [20, -8, 509]
18:10:56.609552 ALT: 1.12
18:10:56.609800 ACC: [20, -8, 510]
18:10:56.658045 ALT: 1.12
18:10:56.658451 ACC: [20, -8, 510]
18:10:56.694081 ALT: 1.12
18:10:56.694369 ACC: [20, -8, 510]
18:10:56.721658 ALT: 1.12
18:10:56.721879 ACC: [20, -8, 510]
18:10:56.753599 ALT: 1.12
18:10:56.753833 ACC: [20, -8, 510]
18:10:56.785657 ALT: 1.12
18:10:56.785915 ACC: [20, -8, 510]
18:10:56.817949 ALT: 1.12
18:10:56.818380 ACC: [20, -8, 509]
18:10:56.851101 ALT: 1.12
18:10:56.851354 ACC: [20, -8, 509]
18:10:56.885022 ALT: 1.12
18:10:56.885285 ACC: [20, -8, 510]
18:10:56.913775 ALT: 1.12
18:10:56.913983 ACC: [21, -7, 510]
18:10:56.949078 ALT: 1.12
18:10:56.949301 ACC: [20, -8, 509]
18:10:56.979754 ALT: 1.12
18:10:56.980773 ACC: [20, -8, 510]
18:10:57.010099 ALT: 1.12
18:10:57.010319 ACC: [20, -8, 510]
18:10:57.041885 ALT: 1.12
18:10:57.042195 ACC: [20, -8, 510]
18:10:57.077740 ALT: 1.12
18:10:57.077988 ACC: [20, -8, 510]
18:10:57.105626 ALT: 1.12
18:10:57.105976 ACC: [20, -8, 510]
18:10:57.137738 ALT: 1.12
18:10:57.137958 ACC: [20, -8, 509]
18:10:57.170511 ALT: 1.12
18:10:57.170757 ACC: [20, -8, 509]
18:10:57.201745 ALT: 1.12
18:10:57.201963 ACC: [20, -8, 509]
18:10:57.233666 ALT: 1.12
18:10:57.233875 ACC: [20, -8, 510]
18:10:57.265664 ALT: 1.12
18:10:57.265880 ACC: [20, -8, 510]
18:10:57.297687 ALT: 1.12
18:10:57.297894 ACC: [20, -8, 510]
18:10:57.330012 ALT: 1.12
18:10:57.330344 ACC: [20, -8, 509]
18:10:57.361800 ALT: 1.12
18:10:57.362121 ACC: [20, -7, 510]
18:10:57.393887 ALT: 1.12
18:10:57.394200 ACC: [20, -8, 510]
18:10:57.425840 ALT: 1.12
18:10:57.426162 ACC: [20, -8, 510]
18:10:57.457817 ALT: 1.12
18:10:57.458025 ACC: [20, -7, 510]
18:10:57.490277 ALT: 1.12
18:10:57.490638 ACC: [20, -8, 510]
18:10:57.521782 ALT: 1.16
18:10:57.522060 ACC: [20, -8, 510]
18:10:57.553610 ALT: 1.19
18:10:57.553829 ACC: [20, -8, 510]
18:10:57.585673 ALT: 1.2
18:10:57.585897 ACC: [20, -8, 510]
18:10:57.617646 ALT: 1.2
18:10:57.617851 ACC: [20, -8, 510]
18:10:57.649650 ALT: 1.2
18:10:57.649856 ACC: [20, -8, 510]
18:10:57.681721 ALT: 1.2
18:10:57.681981 ACC: [20, -8, 510]
18:10:57.713690 ALT: 1.2
18:10:57.713949 ACC: [20, -7, 510]
18:10:57.745734 ALT: 1.2
18:10:57.745953 ACC: [20, -7, 510]
18:10:57.777739 ALT: 1.2
18:10:57.777971 ACC: [20, -8, 510]
18:10:57.809806 ALT: 1.2
18:10:57.810012 ACC: [20, -8, 510]
18:10:57.841838 ALT: 1.2
18:10:57.842223 ACC: [20, -8, 510]
18:10:57.873726 ALT: 1.2
18:10:57.873948 ACC: [20, -7, 510]
18:10:57.905728 ALT: 1.2
18:10:57.905935 ACC: [21, -8, 510]
18:10:57.937915 ALT: 1.2
18:10:57.938123 ACC: [20, -8, 510]
18:10:57.969718 ALT: 1.2
18:10:57.969924 ACC: [20, -7, 510]
18:10:58.001767 ALT: 1.2
18:10:58.001972 ACC: [20, -8, 510]
18:10:58.033756 ALT: 1.2
18:10:58.033963 ACC: [20, -8, 510]
18:10:58.065816 ALT: 1.2
18:10:58.066009 ACC: [20, -8, 510]
18:10:58.098046 ALT: 1.2
18:10:58.098380 ACC: [20, -8, 510]
18:10:58.129962 ALT: 1.2
18:10:58.130298 ACC: [20, -8, 510]
18:10:58.162029 ALT: 1.2
18:10:58.162357 ACC: [20, -8, 509]
18:10:58.194039 ALT: 1.2
18:10:58.194323 ACC: [20, -8, 510]
18:10:58.226014 ALT: 1.2
18:10:58.226332 ACC: [20, -8, 510]
18:10:58.260429 ALT: 1.2
18:10:58.260696 ACC: [20, -8, 509]
18:10:58.289915 ALT: 1.2
18:10:58.290166 ACC: [20, -8, 510]
18:10:58.321781 ALT: 1.2
18:10:58.321984 ACC: [21, -8, 510]
18:10:58.353719 ALT: 1.2
18:10:58.353926 ACC: [20, -8, 510]
18:10:58.385754 ALT: 1.2
18:10:58.385961 ACC: [20, -8, 509]
18:10:58.417772 ALT: 1.2
18:10:58.417978 ACC: [20, -8, 510]
18:10:58.449760 ALT: 1.2
18:10:58.449967 ACC: [20, -8, 510]
18:10:58.481887 ALT: 1.2
18:10:58.482114 ACC: [20, -8, 510]
18:10:58.513781 ALT: 1.2
18:10:58.514034 ACC: [20, -8, 510]
18:10:58.545833 ALT: 1.2
18:10:58.546043 ACC: [20, -8, 510]
18:10:58.577901 ALT: 1.2
18:10:58.578107 ACC: [20, -8, 510]
18:10:58.610031 ALT: 1.17
18:10:58.610241 ACC: [20, -8, 510]
18:10:58.641792 ALT: 1.15
18:10:58.642011 ACC: [20, -8, 510]
18:10:58.673831 ALT: 1.14
18:10:58.674036 ACC: [20, -8, 510]
18:10:58.705833 ALT: 1.14
18:10:58.706037 ACC: [20, -8, 510]
18:10:58.737815 ALT: 1.14
18:10:58.738020 ACC: [20, -8, 509]
18:10:58.769884 ALT: 1.17
18:10:58.770092 ACC: [20, -8, 509]
18:10:58.801864 ALT: 1.19
18:10:58.802068 ACC: [20, -8, 509]
18:10:58.833894 ALT: 1.2
18:10:58.834085 ACC: [20, -8, 510]
18:10:58.865892 ALT: 1.2
18:10:58.866087 ACC: [20, -8, 510]
18:10:58.897916 ALT: 1.2
18:10:58.898111 ACC: [20, -8, 510]
18:10:58.930171 ALT: 1.2
18:10:58.930449 ACC: [20, -8, 509]
18:10:58.962198 ALT: 1.2
18:10:58.962512 ACC: [20, -8, 509]
18:10:58.994237 ALT: 1.2
18:10:58.994497 ACC: [20, -7, 510]
18:10:59.028540 ALT: 1.2
18:10:59.028797 ACC: [20, -8, 510]
18:10:59.057894 ALT: 1.2
18:10:59.058111 ACC: [20, -8, 510]
18:10:59.089875 ALT: 1.2
18:10:59.090083 ACC: [20, -8, 510]
18:10:59.121825 ALT: 1.2
18:10:59.122042 ACC: [20, -8, 509]
18:10:59.153854 ALT: 1.2
18:10:59.154117 ACC: [20, -8, 510]
18:10:59.185892 ALT: 1.2
18:10:59.186099 ACC: [20, -8, 510]
18:10:59.217899 ALT: 1.2
18:10:59.218102 ACC: [20, -8, 509]
18:10:59.249918 ALT: 1.2
18:10:59.250122 ACC: [21, -8, 510]
18:10:59.281902 ALT: 1.2
18:10:59.282150 ACC: [20, -8, 510]
18:10:59.313896 ALT: 1.2
18:10:59.314104 ACC: [20, -8, 510]
18:10:59.346036 ALT: 1.2
18:10:59.346244 ACC: [20, -8, 510]
18:10:59.378384 ALT: 1.2
18:10:59.378841 ACC: [20, -8, 509]
18:10:59.410911 ALT: 1.2
18:10:59.411246 ACC: [20, -8, 510]
18:10:59.442042 ALT: 1.2
18:10:59.442309 ACC: [20, -8, 510]
18:10:59.474275 ALT: 1.2
18:10:59.474556 ACC: [20, -8, 510]
18:10:59.506732 ALT: 1.2
18:10:59.507004 ACC: [20, -8, 509]
18:10:59.538279 ALT: 1.2
18:10:59.540047 ACC: [21, -8, 509]
18:10:59.571401 ALT: 1.2
18:10:59.572116 ACC: [20, -8, 510]
18:10:59.602470 ALT: 1.2
18:10:59.603033 ACC: [20, -8, 510]
18:10:59.650987 ALT: 1.2
18:10:59.651593 ACC: [20, -8, 510]
18:10:59.682249 ALT: 1.2
18:10:59.682591 ACC: [20, -8, 510]
18:10:59.714122 ALT: 1.2
18:10:59.714433 ACC: [20, -8, 510]
18:10:59.745962 ALT: 1.2
18:10:59.746163 ACC: [20, -8, 510]
18:10:59.778801 ALT: 1.2
18:10:59.779123 ACC: [20, -8, 510]
18:10:59.812866 ALT: 1.2
18:10:59.813071 ACC: [20, -8, 510]
18:10:59.842306 ALT: 1.2
18:10:59.842525 ACC: [20, -8, 510]
18:10:59.874071 ALT: 1.2
18:10:59.874358 ACC: [20, -8, 510]
18:10:59.906310 ALT: 1.2
18:10:59.906685 ACC: [20, -8, 510]
18:10:59.938383 ALT: 1.2
18:10:59.938761 ACC: [20, -8, 510]
18:10:59.970258 ALT: 1.2
18:10:59.970665 ACC: [20, -8, 510]
18:11:00.002705 ALT: 1.2
18:11:00.003177 ACC: [20, -8, 510]
18:11:00.034045 ALT: 1.2
18:11:00.034256 ACC: [21, -8, 510]
18:11:00.066276 ALT: 1.2
18:11:00.066613 ACC: [20, -8, 511]
18:11:00.114026 ALT: 1.2
18:11:00.114232 ACC: [20, -8, 510]
18:11:00.146074 ALT: 1.2
18:11:00.146281 ACC: [20, -8, 510]
18:11:00.178372 ALT: 1.2
18:11:00.178582 ACC: [20, -8, 510]
18:11:00.210135 ALT: 1.2
18:11:00.210423 ACC: [20, -8, 510]
18:11:00.242049 ALT: 1.2
18:11:00.242249 ACC: [20, -8, 510]
18:11:00.274071 ALT: 1.2
18:11:00.274274 ACC: [20, -8, 510]
18:11:00.306046 ALT: 1.2
18:11:00.306256 ACC: [20, -8, 510]
18:11:00.338059 ALT: 1.2
18:11:00.338265 ACC: [20, -8, 510]
18:11:00.370083 ALT: 1.2
18:11:00.370290 ACC: [20, -8, 510]
18:11:00.402088 ALT: 1.2
18:11:00.402280 ACC: [20, -8, 510]
18:11:00.434084 ALT: 1.2
18:11:00.434283 ACC: [20, -8, 509]
18:11:00.466366 ALT: 1.2
18:11:00.466675 ACC: [21, -7, 510]
18:11:00.500434 ALT: 1.2
18:11:00.501156 ACC: [20, -8, 510]
18:11:00.532719 ALT: 1.2
18:11:00.532993 ACC: [20, -8, 510]
18:11:00.564252 ALT: 1.2
18:11:00.564774 ACC: [20, -8, 510]
18:11:00.594281 ALT: 1.2
18:11:00.594569 ACC: [20, -8, 510]
18:11:00.626300 ALT: 1.2
18:11:00.626572 ACC: [20, -8, 510]
18:11:00.658208 ALT: 1.2
18:11:00.658435 ACC: [20, -8, 509]
18:11:00.690149 ALT: 1.2
18:11:00.690416 ACC: [20, -8, 510]
18:11:00.722097 ALT: 1.2
18:11:00.722343 ACC: [20, -8, 510]
18:11:00.754158 ALT: 1.2
18:11:00.754399 ACC: [20, -8, 510]
18:11:00.786147 ALT: 1.2
18:11:00.786355 ACC: [20, -8, 510]
18:11:00.824403 ALT: 1.2
18:11:00.824796 ACC: [20, -8, 510]
18:11:00.850123 ALT: 1.2
18:11:00.850332 ACC: [20, -8, 510]
18:11:00.882392 ALT: 1.2
18:11:00.882839 ACC: [20, -8, 510]
18:11:00.914221 ALT: 1.2
18:11:00.914473 ACC: [20, -8, 510]
18:11:00.946475 ALT: 1.2
18:11:00.946717 ACC: [20, -8, 510]
18:11:00.980746 ALT: 1.2
18:11:00.981015 ACC: [20, -8, 510]
18:11:01.010349 ALT: 1.2
18:11:01.010612 ACC: [20, -8, 510]
18:11:01.042270 ALT: 1.2
18:11:01.042500 ACC: [20, -8, 510]
18:11:01.074268 ALT: 1.2
18:11:01.074496 ACC: [20, -8, 509]
18:11:01.106343 ALT: 1.2
18:11:01.106612 ACC: [20, -8, 510]
18:11:01.138911 ALT: 1.2
18:11:01.139135 ACC: [20, -8, 510]
18:11:01.170206 ALT: 1.2
18:11:01.170405 ACC: [20, -8, 509]
18:11:01.202222 ALT: 1.2
18:11:01.202440 ACC: [20, -8, 509]
18:11:01.234280 ALT: 1.2
18:11:01.234496 ACC: [20, -8, 510]
18:11:01.266604 ALT: 1.2
18:11:01.266932 ACC: [20, -8, 510]
18:11:01.298276 ALT: 1.2
18:11:01.298532 ACC: [20, -8, 510]
18:11:01.330593 ALT: 1.2
18:11:01.330878 ACC: [20, -8, 510]
18:11:01.362435 ALT: 1.2
18:11:01.362959 ACC: [20, -8, 510]
18:11:01.394314 ALT: 1.2
18:11:01.394561 ACC: [20, -8, 510]
18:11:01.426360 ALT: 1.2
18:11:01.426633 ACC: [20, -8, 510]
18:11:01.458950 ALT: 1.2
18:11:01.459220 ACC: [20, -8, 510]
18:11:01.490236 ALT: 1.2
18:11:01.490709 ACC: [20, -8, 510]
18:11:01.522303 ALT: 1.2
18:11:01.522530 ACC: [20, -8, 510]
18:11:01.554471 ALT: 1.2
18:11:01.554701 ACC: [20, -8, 510]
18:11:01.586312 ALT: 1.2
18:11:01.586565 ACC: [21, -8, 510]
18:11:01.618341 ALT: 1.2
18:11:01.618591 ACC: [20, -8, 510]
18:11:01.650378 ALT: 1.2
18:11:01.650634 ACC: [20, -8, 510]
18:11:01.682312 ALT: 1.2
18:11:01.682548 ACC: [20, -8, 510]
18:11:01.714711 ALT: 1.2
18:11:01.714965 ACC: [20, -8, 510]
18:11:01.747189 ALT: 1.2
18:11:01.747539 ACC: [20, -8, 510]
18:11:01.778298 ALT: 1.2
18:11:01.778507 ACC: [20, -8, 510]
18:11:01.810310 ALT: 1.2
18:11:01.810542 ACC: [20, -8, 510]
18:11:01.842319 ALT: 1.2
18:11:01.842541 ACC: [20, -8, 510]
18:11:01.874293 ALT: 1.2
18:11:01.874499 ACC: [19, -8, 510]
18:11:01.906326 ALT: 1.2
18:11:01.906539 ACC: [20, -8, 510]
18:11:01.954350 ALT: 1.2
18:11:01.954828 ACC: [21, -8, 510]
18:11:01.986362 ALT: 1.2
18:11:01.986577 ACC: [20, -9, 510]
18:11:02.018346 ALT: 1.2
18:11:02.018555 ACC: [20, -8, 510]
18:11:02.050435 ALT: 1.2
18:11:02.050677 ACC: [20, -8, 510]
18:11:02.082667 ALT: 1.2
18:11:02.082921 ACC: [20, -8, 510]
18:11:02.114368 ALT: 1.2
18:11:02.114581 ACC: [20, -8, 510]
18:11:02.146585 ALT: 1.2
18:11:02.146814 ACC: [20, -8, 510]
18:11:02.178779 ALT: 1.2
18:11:02.179119 ACC: [20, -8, 509]
18:11:02.210367 ALT: 1.2
18:11:02.210584 ACC: [20, -8, 510]
18:11:02.242375 ALT: 1.2
18:11:02.242630 ACC: [20, -8, 510]
18:11:02.274391 ALT: 1.2
18:11:02.274612 ACC: [20, -8, 510]
18:11:02.306370 ALT: 1.2
18:11:02.306585 ACC: [20, -8, 509]
18:11:02.339058 ALT: 1.2
18:11:02.339418 ACC: [20, -8, 510]
18:11:02.370472 ALT: 1.2
18:11:02.370691 ACC: [20, -8, 510]
18:11:02.402778 ALT: 1.2
18:11:02.402999 ACC: [20, -8, 510]
18:11:02.436091 ALT: 1.2
18:11:02.436827 ACC: [20, -8, 510]
18:11:02.466879 ALT: 1.2
18:11:02.467265 ACC: [20, -8, 510]
18:11:02.499157 ALT: 1.2
18:11:02.499588 ACC: [20, -8, 510]
18:11:02.532530 ALT: 1.2
18:11:02.532842 ACC: [20, -8, 510]
18:11:02.562486 ALT: 1.2
18:11:02.562717 ACC: [20, -8, 510]
18:11:02.594499 ALT: 1.2
18:11:02.594726 ACC: [20, -8, 510]
18:11:02.626428 ALT: 1.2
18:11:02.626643 ACC: [20, -8, 510]
18:11:02.658534 ALT: 1.2
18:11:02.658786 ACC: [20, -8, 510]
18:11:02.690438 ALT: 1.2
18:11:02.690658 ACC: [20, -8, 510]
18:11:02.722508 ALT: 1.2
18:11:02.722731 ACC: [20, -8, 510]
18:11:02.754443 ALT: 1.2
18:11:02.754732 ACC: [20, -8, 510]
18:11:02.786457 ALT: 1.2
18:11:02.786683 ACC: [20, -8, 510]
18:11:02.818474 ALT: 1.2
18:11:02.818697 ACC: [20, -8, 510]
18:11:02.850495 ALT: 1.2
18:11:02.850720 ACC: [20, -8, 510]
18:11:02.882507 ALT: 1.2
18:11:02.882718 ACC: [20, -8, 510]
18:11:02.914875 ALT: 1.2
18:11:02.915088 ACC: [20, -8, 510]
18:11:02.947378 ALT: 1.2
18:11:02.948016 ACC: [20, -8, 510]
18:11:02.978448 ALT: 1.2
18:11:02.978876 ACC: [20, -8, 510]
18:11:03.010497 ALT: 1.2
18:11:03.010736 ACC: [20, -8, 510]
18:11:03.042508 ALT: 1.2
18:11:03.042724 ACC: [20, -8, 510]
18:11:03.074581 ALT: 1.2
18:11:03.074808 ACC: [20, -8, 510]
18:11:03.106477 ALT: 1.2
18:11:03.106701 ACC: [20, -8, 510]
18:11:03.138669 ALT: 1.2
18:11:03.138907 ACC: [20, -8, 510]
18:11:03.171254 ALT: 1.2
18:11:03.171483 ACC: [20, -8, 510]
18:11:03.205453 ALT: 1.2
18:11:03.205670 ACC: [20, -7, 510]
18:11:03.236022 ALT: 1.2
18:11:03.236324 ACC: [20, -8, 510]
18:11:03.270053 ALT: 1.2
18:11:03.270311 ACC: [20, -8, 509]
18:11:03.298557 ALT: 1.2
18:11:03.298776 ACC: [20, -8, 510]
18:11:03.330602 ALT: 1.2
18:11:03.330946 ACC: [20, -8, 510]
18:11:03.362706 ALT: 1.2
18:11:03.362917 ACC: [20, -8, 509]
18:11:03.394806 ALT: 1.2
18:11:03.395023 ACC: [20, -8, 509]
18:11:03.427294 ALT: 1.2
18:11:03.427530 ACC: [20, -8, 509]
18:11:03.458481 ALT: 1.2
18:11:03.458699 ACC: [20, -8, 510]
18:11:03.490630 ALT: 1.2
18:11:03.490840 ACC: [20, -8, 510]
18:11:03.522520 ALT: 1.2
18:11:03.522740 ACC: [20, -8, 510]
18:11:03.554542 ALT: 1.2
18:11:03.554759 ACC: [20, -8, 510]
18:11:03.586580 ALT: 1.2
18:11:03.586798 ACC: [20, -8, 510]
18:11:03.618554 ALT: 1.2
18:11:03.618771 ACC: [20, -8, 510]
18:11:03.650599 ALT: 1.2
18:11:03.650812 ACC: [20, -8, 510]
18:11:03.682616 ALT: 1.2
18:11:03.682826 ACC: [20, -8, 510]
18:11:03.714713 ALT: 1.2
18:11:03.715244 ACC: [20, -8, 509]
18:11:03.762667 ALT: 1.2
18:11:03.762885 ACC: [21, -8, 510]
18:11:03.794679 ALT: 1.2
18:11:03.794903 ACC: [20, -8, 510]
18:11:03.826558 ALT: 1.2
18:11:03.826787 ACC: [20, -8, 510]
18:11:03.858543 ALT: 1.2
18:11:03.858769 ACC: [20, -8, 510]
18:11:03.890620 ALT: 1.2
18:11:03.890835 ACC: [20, -8, 510]
18:11:03.922655 ALT: 1.2
18:11:03.922881 ACC: [20, -8, 510]
18:11:03.954608 ALT: 1.2
18:11:03.954827 ACC: [21, -8, 510]
18:11:03.986650 ALT: 1.2
18:11:03.986897 ACC: [20, -8, 510]
18:11:04.018668 ALT: 1.2
18:11:04.018939 ACC: [20, -8, 510]
18:11:04.050672 ALT: 1.2
18:11:04.050887 ACC: [20, -8, 510]
18:11:04.082773 ALT: 1.2
18:11:04.083007 ACC: [20, -8, 510]
18:11:04.114709 ALT: 1.2
18:11:04.114918 ACC: [20, -8, 510]
18:11:04.146806 ALT: 1.2
18:11:04.147056 ACC: [20, -8, 510]
18:11:04.178616 ALT: 1.2
18:11:04.178826 ACC: [20, -8, 510]
18:11:04.210657 ALT: 1.2
18:11:04.210871 ACC: [20, -8, 510]
18:11:04.242735 ALT: 1.2
18:11:04.242983 ACC: [20, -8, 510]
18:11:04.274656 ALT: 1.2
18:11:04.274873 ACC: [20, -8, 510]
18:11:04.306611 ALT: 1.2
18:11:04.306849 ACC: [20, -8, 510]
18:11:04.338608 ALT: 1.2
18:11:04.338807 ACC: [20, -8, 510]
18:11:04.370742 ALT: 1.2
18:11:04.370970 ACC: [20, -8, 510]
18:11:04.402800 ALT: 1.2
18:11:04.403368 ACC: [20, -8, 510]
18:11:04.435056 ALT: 1.2
18:11:04.435498 ACC: [20, -8, 511]
18:11:04.466927 ALT: 1.2
18:11:04.467207 ACC: [20, -8, 510]
18:11:04.498730 ALT: 1.2
18:11:04.499064 ACC: [20, -8, 510]
18:11:04.530696 ALT: 1.2
18:11:04.530899 ACC: [20, -8, 510]
18:11:04.562807 ALT: 1.2
18:11:04.563122 ACC: [20, -8, 510]
18:11:04.595292 ALT: 1.2
18:11:04.595501 ACC: [20, -8, 510]
18:11:04.626705 ALT: 1.2
18:11:04.626923 ACC: [20, -8, 509]
18:11:04.658675 ALT: 1.2
18:11:04.658890 ACC: [20, -8, 510]
18:11:04.690719 ALT: 1.2
18:11:04.690936 ACC: [20, -8, 510]
18:11:04.723024 ALT: 1.2
18:11:04.723257 ACC: [20, -8, 510]
18:11:04.754739 ALT: 1.2
18:11:04.754956 ACC: [20, -8, 510]
18:11:04.786733 ALT: 1.2
18:11:04.786946 ACC: [21, -8, 510]
18:11:04.818678 ALT: 1.2
18:11:04.818900 ACC: [20, -8, 509]
18:11:04.850843 ALT: 1.2
18:11:04.851059 ACC: [20, -8, 510]
18:11:04.883319 ALT: 1.2
18:11:04.883676 ACC: [20, -8, 510]
18:11:04.915636 ALT: 1.2
18:11:04.915853 ACC: [20, -8, 510]
18:11:04.946726 ALT: 1.2
18:11:04.946943 ACC: [20, -8, 509]
18:11:04.978738 ALT: 1.2
18:11:04.978946 ACC: [20, -8, 510]
18:11:05.010760 ALT: 1.2
18:11:05.010979 ACC: [20, -8, 510]
18:11:05.042699 ALT: 1.2
18:11:05.042932 ACC: [20, -8, 510]
18:11:05.074819 ALT: 1.2
18:11:05.075151 ACC: [20, -8, 510]
18:11:05.106861 ALT: 1.2
18:11:05.107074 ACC: [20, -8, 509]
18:11:05.138752 ALT: 1.2
18:11:05.138995 ACC: [21, -8, 510]
18:11:05.171009 ALT: 1.2
18:11:05.171212 ACC: [20, -8, 510]
18:11:05.202925 ALT: 1.2
18:11:05.203214 ACC: [20, -8, 510]
18:11:05.235007 ALT: 1.2
18:11:05.235610 ACC: [20, -8, 510]
18:11:05.267204 ALT: 1.2
18:11:05.267455 ACC: [20, -8, 510]
18:11:05.299082 ALT: 1.2
18:11:05.299545 ACC: [20, -8, 510]
18:11:05.330881 ALT: 1.2
18:11:05.331214 ACC: [20, -8, 510]
18:11:05.362915 ALT: 1.2
18:11:05.363134 ACC: [20, -8, 510]
18:11:05.394771 ALT: 1.2
18:11:05.395009 ACC: [20, -8, 510]
18:11:05.426782 ALT: 1.2
18:11:05.427008 ACC: [20, -8, 509]
18:11:05.458816 ALT: 1.2
18:11:05.459035 ACC: [20, -8, 510]
18:11:05.490871 ALT: 1.2
18:11:05.491088 ACC: [20, -8, 510]
18:11:05.522843 ALT: 1.2
18:11:05.523059 ACC: [20, -8, 510]
18:11:05.554836 ALT: 1.2
18:11:05.555052 ACC: [20, -8, 510]
18:11:05.605301 ALT: 1.2
18:11:05.605519 ACC: [20, -8, 509]
18:11:05.635081 ALT: 1.2
18:11:05.635361 ACC: [20, -8, 510]
18:11:05.672481 ALT: 1.2
18:11:05.672867 ACC: [20, -7, 510]
18:11:05.699085 ALT: 1.2
18:11:05.699321 ACC: [20, -8, 510]
18:11:05.730920 ALT: 1.2
18:11:05.731396 ACC: [20, -8, 510]
18:11:05.762921 ALT: 1.2
18:11:05.763185 ACC: [20, -8, 510]
18:11:05.794834 ALT: 1.2
18:11:05.795060 ACC: [20, -8, 509]
18:11:05.826866 ALT: 1.2
18:11:05.827082 ACC: [21, -8, 509]
18:11:05.859027 ALT: 1.2
18:11:05.859256 ACC: [20, -8, 510]
18:11:05.890961 ALT: 1.2
18:11:05.891180 ACC: [20, -8, 510]
18:11:05.924072 ALT: 1.2
18:11:05.924387 ACC: [20, -8, 510]
18:11:05.954919 ALT: 1.2
18:11:05.955162 ACC: [20, -8, 510]
18:11:05.992667 ALT: 1.2
18:11:05.992925 ACC: [20, -8, 510]
18:11:06.018953 ALT: 1.2
18:11:06.019168 ACC: [20, -8, 510]
18:11:06.051619 ALT: 1.2
18:11:06.052035 ACC: [20, -8, 510]
18:11:06.082893 ALT: 1.2
18:11:06.083095 ACC: [20, -8, 510]
18:11:06.114910 ALT: 1.2
18:11:06.115119 ACC: [20, -8, 510]
18:11:06.146947 ALT: 1.2
18:11:06.147174 ACC: [20, -8, 510]
18:11:06.178911 ALT: 1.2
18:11:06.179178 ACC: [20, -8, 510]
18:11:06.210957 ALT: 1.2
18:11:06.211204 ACC: [20, -8, 510]
18:11:06.242990 ALT: 1.2
18:11:06.243204 ACC: [20, -8, 510]
18:11:06.274981 ALT: 1.2
18:11:06.275211 ACC: [20, -8, 510]
18:11:06.307094 ALT: 1.2
18:11:06.307288 ACC: [20, -8, 510]
18:11:06.338945 ALT: 1.2
18:11:06.339174 ACC: [20, -8, 509]
18:11:06.371732 ALT: 1.2
18:11:06.372057 ACC: [20, -8, 509]
18:11:06.403174 ALT: 1.2
18:11:06.403499 ACC: [20, -8, 510]
18:11:06.435163 ALT: 1.2
18:11:06.435482 ACC: [20, -8, 510]
18:11:06.469769 ALT: 1.2
18:11:06.469997 ACC: [20, -8, 510]
18:11:06.498997 ALT: 1.2
18:11:06.499207 ACC: [20, -8, 510]
18:11:06.531070 ALT: 1.2
18:11:06.531280 ACC: [20, -8, 510]
18:11:06.562974 ALT: 1.2
18:11:06.563189 ACC: [20, -8, 510]
18:11:06.594875 ALT: 1.2
18:11:06.595080 ACC: [20, -8, 510]
18:11:06.626957 ALT: 1.2
18:11:06.627208 ACC: [20, -8, 510]
18:11:06.658945 ALT: 1.2
18:11:06.659149 ACC: [20, -8, 510]
18:11:06.691031 ALT: 1.2
18:11:06.691232 ACC: [20, -8, 510]
18:11:06.723019 ALT: 1.2
18:11:06.723225 ACC: [20, -8, 510]
18:11:06.754988 ALT: 1.2
18:11:06.755194 ACC: [20, -8, 509]
18:11:06.786984 ALT: 1.2
18:11:06.787190 ACC: [20, -8, 510]
18:11:06.819016 ALT: 1.2
18:11:06.819218 ACC: [20, -8, 510]
18:11:06.850966 ALT: 1.2
18:11:06.851167 ACC: [20, -8, 510]
18:11:06.883022 ALT: 1.2
18:11:06.883230 ACC: [20, -8, 510]
18:11:06.915003 ALT: 1.2
18:11:06.915205 ACC: [20, -8, 510]
18:11:06.947504 ALT: 1.2
18:11:06.947717 ACC: [20, -8, 510]
18:11:06.979029 ALT: 1.2
18:11:06.979232 ACC: [20, -8, 510]
18:11:07.011064 ALT: 1.2
18:11:07.011268 ACC: [20, -8, 510]
18:11:07.043047 ALT: 1.2
18:11:07.043246 ACC: [20, -8, 510]
18:11:07.075058 ALT: 1.2
18:11:07.075262 ACC: [20, -8, 510]
18:11:07.107068 ALT: 1.2
18:11:07.107266 ACC: [20, -8, 510]
18:11:07.139137 ALT: 1.2
18:11:07.139375 ACC: [19, -8, 510]
18:11:07.171241 ALT: 1.2
18:11:07.171571 ACC: [20, -8, 510]
18:11:07.203184 ALT: 1.2
18:11:07.203518 ACC: [20, -8, 510]
18:11:07.235198 ALT: 1.2
18:11:07.235540 ACC: [20, -8, 509]
18:11:07.267046 ALT: 1.2
18:11:07.267315 ACC: [20, -8, 510]
18:11:07.299106 ALT: 1.2
18:11:07.299404 ACC: [20, -8, 510]
18:11:07.331194 ALT: 1.2
18:11:07.331412 ACC: [20, -8, 509]
18:11:07.362973 ALT: 1.2
18:11:07.363178 ACC: [21, -8, 510]
18:11:07.395004 ALT: 1.24
18:11:07.395210 ACC: [20, -8, 510]
18:11:07.443074 ALT: 1.26
18:11:07.443278 ACC: [20, -8, 510]
18:11:07.475121 ALT: 1.29
18:11:07.475330 ACC: [20, -8, 510]
18:11:07.507329 ALT: 1.29
18:11:07.507871 ACC: [20, -8, 511]
18:11:07.539349 ALT: 1.29
18:11:07.539689 ACC: [20, -8, 510]
18:11:07.571556 ALT: 1.29
18:11:07.572884 ACC: [20, -8, 510]
18:11:07.603265 ALT: 1.29
18:11:07.603605 ACC: [20, -8, 510]
18:11:07.635295 ALT: 1.29
18:11:07.635618 ACC: [20, -8, 510]
18:11:07.667512 ALT: 1.29
18:11:07.667712 ACC: [20, -8, 510]
18:11:07.699320 ALT: 1.29
18:11:07.699549 ACC: [20, -8, 510]
18:11:07.731083 ALT: 1.29
18:11:07.731305 ACC: [20, -9, 510]
18:11:07.763092 ALT: 1.29
18:11:07.763297 ACC: [20, -8, 510]
18:11:07.795086 ALT: 1.29
18:11:07.795291 ACC: [19, -8, 510]
18:11:07.827117 ALT: 1.29
18:11:07.827321 ACC: [20, -8, 510]
18:11:07.859127 ALT: 1.29
18:11:07.859338 ACC: [20, -8, 510]
18:11:07.891111 ALT: 1.29
18:11:07.891313 ACC: [20, -8, 510]
18:11:07.923155 ALT: 1.29
18:11:07.923363 ACC: [20, -8, 510]
18:11:07.955159 ALT: 1.29
18:11:07.955365 ACC: [21, -8, 509]
18:11:07.987168 ALT: 1.29
18:11:07.987423 ACC: [20, -8, 510]
18:11:08.019161 ALT: 1.29
18:11:08.019366 ACC: [20, -8, 510]
18:11:08.051239 ALT: 1.29
18:11:08.051449 ACC: [20, -8, 510]
18:11:08.083144 ALT: 1.29
18:11:08.083353 ACC: [20, -8, 509]
18:11:08.115245 ALT: 1.29
18:11:08.115450 ACC: [20, -8, 510]
18:11:08.147175 ALT: 1.29
18:11:08.147383 ACC: [20, -8, 510]
18:11:08.179201 ALT: 1.29
18:11:08.179406 ACC: [20, -8, 510]
18:11:08.211181 ALT: 1.29
18:11:08.211386 ACC: [20, -8, 510]
18:11:08.243207 ALT: 1.29
18:11:08.243419 ACC: [20, -8, 510]
18:11:08.275271 ALT: 1.29
18:11:08.275472 ACC: [20, -8, 510]
18:11:08.307218 ALT: 1.29
18:11:08.307417 ACC: [20, -8, 510]
18:11:08.339327 ALT: 1.29
18:11:08.339552 ACC: [20, -8, 510]
18:11:08.372526 ALT: 1.29
18:11:08.373359 ACC: [20, -8, 510]
18:11:08.405867 ALT: 1.29
18:11:08.406092 ACC: [20, -8, 510]
18:11:08.436587 ALT: 1.29
18:11:08.437406 ACC: [20, -8, 510]
18:11:08.467287 ALT: 1.26
18:11:08.467510 ACC: [20, -8, 510]
18:11:08.500602 ALT: 1.23
18:11:08.500836 ACC: [20, -8, 510]
18:11:08.531214 ALT: 1.22
18:11:08.531452 ACC: [20, -8, 510]
18:11:08.563233 ALT: 1.22
18:11:08.563443 ACC: [20, -8, 510]
18:11:08.595234 ALT: 1.22
18:11:08.595441 ACC: [20, -8, 510]
18:11:08.627210 ALT: 1.22
18:11:08.627417 ACC: [19, -8, 510]
18:11:08.659255 ALT: 1.22
18:11:08.659468 ACC: [20, -8, 510]
18:11:08.691297 ALT: 1.22
18:11:08.691504 ACC: [20, -7, 510]
18:11:08.723259 ALT: 1.22
18:11:08.723467 ACC: [20, -8, 510]
18:11:08.755335 ALT: 1.22
18:11:08.755538 ACC: [20, -8, 510]
18:11:08.787856 ALT: 1.22
18:11:08.788057 ACC: [20, -8, 510]
18:11:08.819381 ALT: 1.22
18:11:08.819588 ACC: [20, -8, 510]
18:11:08.854055 ALT: 1.22
18:11:08.854398 ACC: [20, -8, 510]
18:11:08.883271 ALT: 1.22
18:11:08.883474 ACC: [20, -8, 510]
18:11:08.915380 ALT: 1.22
18:11:08.915607 ACC: [20, -8, 510]
18:11:08.947332 ALT: 1.22
18:11:08.947540 ACC: [20, -8, 509]
18:11:08.979316 ALT: 1.22
18:11:08.979518 ACC: [20, -8, 510]
18:11:09.011334 ALT: 1.22
18:11:09.011539 ACC: [20, -8, 509]
18:11:09.043354 ALT: 1.22
18:11:09.043558 ACC: [20, -8, 510]
18:11:09.075334 ALT: 1.22
18:11:09.075534 ACC: [20, -8, 510]
18:11:09.108869 ALT: 1.22
18:11:09.109186 ACC: [20, -8, 510]
18:11:09.139573 ALT: 1.22
18:11:09.139906 ACC: [20, -8, 510]
18:11:09.172879 ALT: 1.22
18:11:09.173379 ACC: [20, -8, 510]
18:11:09.204772 ALT: 1.22
18:11:09.205279 ACC: [20, -8, 509]
18:11:09.235520 ALT: 1.22
18:11:09.235750 ACC: [20, -8, 510]
18:11:09.283370 ALT: 1.22
18:11:09.283578 ACC: [20, -8, 509]
18:11:09.315357 ALT: 1.22
18:11:09.315583 ACC: [20, -8, 510]
18:11:09.347368 ALT: 1.22
18:11:09.347576 ACC: [20, -8, 510]
18:11:09.379389 ALT: 1.22
18:11:09.379594 ACC: [20, -8, 510]
18:11:09.411411 ALT: 1.22
18:11:09.411618 ACC: [20, -8, 510]
18:11:09.443406 ALT: 1.22
18:11:09.443610 ACC: [20, -8, 510]
18:11:09.475664 ALT: 1.22
18:11:09.476593 ACC: [20, -8, 510]
18:11:09.508919 ALT: 1.22
18:11:09.509237 ACC: [20, -8, 510]
18:11:09.540848 ALT: 1.22
18:11:09.541584 ACC: [20, -8, 509]
18:11:09.572735 ALT: 1.22
18:11:09.573661 ACC: [20, -8, 509]
18:11:09.606060 ALT: 1.22
18:11:09.606294 ACC: [20, -8, 510]
18:11:09.635705 ALT: 1.22
18:11:09.635935 ACC: [20, -8, 510]
18:11:09.667683 ALT: 1.22
18:11:09.667886 ACC: [20, -8, 510]
18:11:09.699562 ALT: 1.22
18:11:09.699764 ACC: [20, -8, 510]
18:11:09.731398 ALT: 1.22
18:11:09.731603 ACC: [20, -8, 510]
18:11:09.763384 ALT: 1.22
18:11:09.763590 ACC: [20, -8, 509]
18:11:09.795390 ALT: 1.22
18:11:09.795616 ACC: [20, -8, 510]
18:11:09.827426 ALT: 1.22
18:11:09.827629 ACC: [20, -8, 509]
18:11:09.859422 ALT: 1.22
18:11:09.859643 ACC: [20, -8, 510]
18:11:09.891525 ALT: 1.22
18:11:09.891756 ACC: [20, -8, 510]
18:11:09.923451 ALT: 1.22
18:11:09.923660 ACC: [20, -8, 510]
18:11:09.956189 ALT: 1.22
18:11:09.956419 ACC: [20, -8, 510]
18:11:09.987522 ALT: 1.22
18:11:09.987749 ACC: [20, -8, 509]
18:11:10.019509 ALT: 1.22
18:11:10.019733 ACC: [20, -8, 510]
18:11:10.051496 ALT: 1.22
18:11:10.051715 ACC: [20, -8, 510]
18:11:10.083762 ALT: 1.22
18:11:10.083974 ACC: [20, -8, 510]
18:11:10.115471 ALT: 1.22
18:11:10.115684 ACC: [20, -8, 510]
18:11:10.147499 ALT: 1.22
18:11:10.147719 ACC: [20, -8, 510]
18:11:10.179536 ALT: 1.22
18:11:10.179817 ACC: [20, -8, 510]
18:11:10.211522 ALT: 1.22
18:11:10.211745 ACC: [20, -8, 510]
18:11:10.243627 ALT: 1.22
18:11:10.243853 ACC: [20, -8, 510]
18:11:10.275741 ALT: 1.22
18:11:10.276013 ACC: [20, -8, 510]
18:11:10.307595 ALT: 1.22
18:11:10.307855 ACC: [20, -8, 510]
18:11:10.339746 ALT: 1.22
18:11:10.340157 ACC: [20, -8, 510]
18:11:10.371699 ALT: 1.25
18:11:10.372084 ACC: [20, -8, 509]
18:11:10.403595 ALT: 1.28
18:11:10.403855 ACC: [20, -9, 510]
18:11:10.435597 ALT: 1.29
18:11:10.435845 ACC: [20, -8, 510]
18:11:10.467758 ALT: 1.29
18:11:10.467984 ACC: [20, -8, 510]
18:11:10.499492 ALT: 1.29
18:11:10.499707 ACC: [20, -8, 510]
18:11:10.535324 ALT: 1.29
18:11:10.535564 ACC: [20, -8, 510]
18:11:10.563547 ALT: 1.29
18:11:10.563781 ACC: [20, -8, 510]
18:11:10.595597 ALT: 1.29
18:11:10.595827 ACC: [20, -8, 510]
18:11:10.627526 ALT: 1.29
18:11:10.627759 ACC: [20, -8, 510]
18:11:10.659594 ALT: 1.29
18:11:10.659823 ACC: [20, -8, 510]
18:11:10.691625 ALT: 1.29
18:11:10.691841 ACC: [20, -8, 510]
18:11:10.723595 ALT: 1.29
18:11:10.723812 ACC: [20, -8, 510]
18:11:10.755787 ALT: 1.29
18:11:10.756204 ACC: [20, -8, 510]
18:11:10.787613 ALT: 1.29
18:11:10.787827 ACC: [20, -8, 510]
18:11:10.819623 ALT: 1.29
18:11:10.823511 ACC: [20, -8, 510]
18:11:10.851614 ALT: 1.29
18:11:10.851854 ACC: [19, -9, 510]
18:11:10.883578 ALT: 1.29
18:11:10.884070 ACC: [20, -8, 510]
18:11:10.915610 ALT: 1.29
18:11:10.915837 ACC: [20, -8, 510]
18:11:10.947649 ALT: 1.29
18:11:10.947918 ACC: [20, -8, 509]
18:11:10.979632 ALT: 1.29
18:11:10.979856 ACC: [21, -8, 509]
18:11:11.011700 ALT: 1.29
18:11:11.011920 ACC: [20, -8, 510]
18:11:11.043647 ALT: 1.29
18:11:11.043862 ACC: [20, -8, 510]
18:11:11.075638 ALT: 1.29
18:11:11.075885 ACC: [20, -8, 510]
18:11:11.124029 ALT: 1.29
18:11:11.124269 ACC: [20, -8, 510]
18:11:11.156718 ALT: 1.29
18:11:11.156969 ACC: [20, -8, 510]
18:11:11.187671 ALT: 1.29
18:11:11.187897 ACC: [20, -8, 510]
18:11:11.219637 ALT: 1.29
18:11:11.219845 ACC: [20, -8, 510]
18:11:11.251621 ALT: 1.29
18:11:11.251832 ACC: [20, -8, 510]
18:11:11.283659 ALT: 1.29
18:11:11.283886 ACC: [20, -8, 510]
18:11:11.315714 ALT: 1.29
18:11:11.315939 ACC: [20, -7, 510]
18:11:11.347720 ALT: 1.29
18:11:11.347939 ACC: [20, -8, 510]
18:11:11.379732 ALT: 1.29
18:11:11.379952 ACC: [20, -8, 510]
18:11:11.411683 ALT: 1.29
18:11:11.411906 ACC: [20, -8, 510]
18:11:11.443706 ALT: 1.29
18:11:11.443920 ACC: [20, -8, 510]
18:11:11.475723 ALT: 1.29
18:11:11.475961 ACC: [20, -8, 510]
18:11:11.507839 ALT: 1.29
18:11:11.508334 ACC: [20, -8, 509]
18:11:11.539736 ALT: 1.29
18:11:11.540150 ACC: [20, -8, 510]
18:11:11.573420 ALT: 1.29
18:11:11.573797 ACC: [20, -8, 510]
18:11:11.603867 ALT: 1.29
18:11:11.604092 ACC: [20, -8, 510]
18:11:11.635785 ALT: 1.29
18:11:11.636010 ACC: [20, -8, 510]
18:11:11.667720 ALT: 1.29
18:11:11.667974 ACC: [20, -8, 510]
18:11:11.699667 ALT: 1.29
18:11:11.699893 ACC: [20, -8, 510]
18:11:11.731703 ALT: 1.29
18:11:11.731935 ACC: [20, -8, 510]
18:11:11.763735 ALT: 1.29
18:11:11.763955 ACC: [20, -7, 510]
18:11:11.795702 ALT: 1.29
18:11:11.795915 ACC: [20, -8, 510]
18:11:11.827747 ALT: 1.29
18:11:11.827978 ACC: [20, -8, 510]
18:11:11.859779 ALT: 1.29
18:11:11.860010 ACC: [20, -8, 510]
18:11:11.891724 ALT: 1.29
18:11:11.891953 ACC: [20, -8, 510]
18:11:11.924538 ALT: 1.29
18:11:11.924748 ACC: [20, -8, 510]
18:11:11.955825 ALT: 1.29
18:11:11.956092 ACC: [20, -8, 510]
18:11:11.987784 ALT: 1.29
18:11:11.988018 ACC: [20, -8, 510]
18:11:12.019804 ALT: 1.29
18:11:12.020028 ACC: [20, -8, 510]
18:11:12.052091 ALT: 1.29
18:11:12.052356 ACC: [20, -8, 510]
18:11:12.083810 ALT: 1.29
18:11:12.084032 ACC: [20, -8, 510]
18:11:12.115788 ALT: 1.29
18:11:12.116011 ACC: [20, -8, 509]
18:11:12.147797 ALT: 1.29
18:11:12.148023 ACC: [20, -8, 510]
18:11:12.179813 ALT: 1.29
18:11:12.180040 ACC: [20, -8, 510]
18:11:12.211817 ALT: 1.29
18:11:12.212040 ACC: [20, -8, 510]
18:11:12.243819 ALT: 1.29
18:11:12.244068 ACC: [20, -8, 510]
18:11:12.277504 ALT: 1.29
18:11:12.278474 ACC: [20, -8, 510]
18:11:12.307767 ALT: 1.29
18:11:12.307972 ACC: [20, -8, 510]
18:11:12.339941 ALT: 1.29
18:11:12.340357 ACC: [20, -8, 510]
18:11:12.371881 ALT: 1.29
18:11:12.372099 ACC: [20, -8, 510]
18:11:12.403886 ALT: 1.29
18:11:12.404119 ACC: [20, -8, 510]
18:11:12.436261 ALT: 1.29
18:11:12.436480 ACC: [20, -8, 510]
18:11:12.467766 ALT: 1.29
18:11:12.468025 ACC: [20, -8, 510]
18:11:12.499828 ALT: 1.29
18:11:12.500061 ACC: [20, -8, 510]
18:11:12.531926 ALT: 1.29
18:11:12.532150 ACC: [20, -8, 510]
18:11:12.563812 ALT: 1.29
18:11:12.564045 ACC: [20, -8, 510]
18:11:12.595875 ALT: 1.29
18:11:12.596096 ACC: [20, -8, 510]
18:11:12.627834 ALT: 1.29
18:11:12.628056 ACC: [20, -8, 510]
18:11:12.659848 ALT: 1.29
18:11:12.660114 ACC: [20, -8, 509]
18:11:12.692661 ALT: 1.29
18:11:12.692883 ACC: [20, -8, 510]
18:11:12.724724 ALT: 1.29
18:11:12.724945 ACC: [20, -8, 510]
18:11:12.755880 ALT: 1.29
18:11:12.756111 ACC: [20, -8, 510]
18:11:12.787935 ALT: 1.29
18:11:12.788153 ACC: [20, -8, 509]
18:11:12.819848 ALT: 1.29
18:11:12.820055 ACC: [20, -8, 510]
18:11:12.851849 ALT: 1.29
18:11:12.852082 ACC: [20, -8, 510]
18:11:12.883924 ALT: 1.29
18:11:12.884146 ACC: [20, -8, 510]
18:11:12.915903 ALT: 1.29
18:11:12.916112 ACC: [20, -8, 509]
18:11:12.963967 ALT: 1.29
18:11:12.964197 ACC: [20, -8, 510]
18:11:12.995913 ALT: 1.29
18:11:12.996143 ACC: [20, -8, 510]
18:11:13.027874 ALT: 1.29
18:11:13.028100 ACC: [20, -8, 510]
18:11:13.059849 ALT: 1.29
18:11:13.060065 ACC: [20, -8, 510]
18:11:13.092402 ALT: 1.29
18:11:13.092631 ACC: [20, -8, 510]
18:11:13.123943 ALT: 1.29
18:11:13.124176 ACC: [20, -8, 510]
18:11:13.155937 ALT: 1.29
18:11:13.156165 ACC: [20, -8, 510]
18:11:13.187914 ALT: 1.29
18:11:13.188135 ACC: [20, -8, 510]
18:11:13.219940 ALT: 1.29
18:11:13.220158 ACC: [20, -8, 510]
18:11:13.251999 ALT: 1.29
18:11:13.252253 ACC: [20, -8, 510]
18:11:13.283997 ALT: 1.29
18:11:13.284212 ACC: [20, -8, 509]
18:11:13.316034 ALT: 1.29
18:11:13.316419 ACC: [20, -8, 510]
18:11:13.347964 ALT: 1.29
18:11:13.348186 ACC: [20, -8, 510]
18:11:13.380007 ALT: 1.29
18:11:13.380315 ACC: [20, -8, 510]
18:11:13.411970 ALT: 1.29
18:11:13.412303 ACC: [20, -8, 510]
18:11:13.444290 ALT: 1.29
18:11:13.444551 ACC: [20, -8, 510]
18:11:13.476155 ALT: 1.29
18:11:13.476644 ACC: [20, -8, 510]
18:11:13.508142 ALT: 1.29
18:11:13.508468 ACC: [20, -8, 510]
18:11:13.540106 ALT: 1.29
18:11:13.540574 ACC: [19, -8, 510]
18:11:13.571996 ALT: 1.29
18:11:13.572212 ACC: [20, -8, 510]
18:11:13.604007 ALT: 1.29
18:11:13.604343 ACC: [20, -8, 510]
18:11:13.636167 ALT: 1.29
18:11:13.636463 ACC: [20, -8, 510]
18:11:13.667995 ALT: 1.29
18:11:13.668203 ACC: [20, -8, 510]
18:11:13.699970 ALT: 1.29
18:11:13.700191 ACC: [20, -8, 510]
18:11:13.732031 ALT: 1.29
18:11:13.732335 ACC: [20, -8, 510]
18:11:13.764042 ALT: 1.29
18:11:13.764293 ACC: [20, -8, 510]
18:11:13.796058 ALT: 1.29
18:11:13.796305 ACC: [20, -8, 510]
18:11:13.827999 ALT: 1.29
18:11:13.828288 ACC: [20, -8, 510]
18:11:13.859910 ALT: 1.29
18:11:13.860121 ACC: [20, -8, 510]
18:11:13.892606 ALT: 1.29
18:11:13.892845 ACC: [20, -8, 510]
18:11:13.924037 ALT: 1.29
18:11:13.924308 ACC: [20, -8, 510]
18:11:13.956080 ALT: 1.29
18:11:13.956473 ACC: [20, -8, 510]
18:11:13.988015 ALT: 1.29
18:11:13.988278 ACC: [20, -8, 510]
18:11:14.020045 ALT: 1.29
18:11:14.020315 ACC: [20, -8, 510]
18:11:14.052030 ALT: 1.29
18:11:14.052355 ACC: [20, -8, 510]
18:11:14.084036 ALT: 1.29
18:11:14.084367 ACC: [20, -8, 510]
18:11:14.116023 ALT: 1.29
18:11:14.116261 ACC: [20, -8, 510]
18:11:14.148116 ALT: 1.29
18:11:14.148363 ACC: [20, -8, 510]
18:11:14.180607 ALT: 1.29
18:11:14.180967 ACC: [20, -8, 510]
18:11:14.212109 ALT: 1.29
18:11:14.212739 ACC: [19, -8, 510]
18:11:14.244321 ALT: 1.29
18:11:14.244667 ACC: [20, -8, 510]
18:11:14.276167 ALT: 1.29
18:11:14.276548 ACC: [20, -8, 510]
18:11:14.308387 ALT: 1.29
18:11:14.308736 ACC: [20, -8, 510]
18:11:14.340275 ALT: 1.29
18:11:14.340496 ACC: [20, -8, 509]
18:11:14.372383 ALT: 1.29
18:11:14.372927 ACC: [20, -8, 510]
18:11:14.405036 ALT: 1.29
18:11:14.405290 ACC: [20, -8, 510]
18:11:14.436086 ALT: 1.29
18:11:14.436410 ACC: [20, -8, 510]
18:11:14.468129 ALT: 1.29
18:11:14.468375 ACC: [20, -8, 510]
18:11:14.500122 ALT: 1.29
18:11:14.500433 ACC: [20, -8, 510]
18:11:14.532159 ALT: 1.29
18:11:14.532444 ACC: [20, -8, 510]
18:11:14.564157 ALT: 1.29
18:11:14.564391 ACC: [20, -8, 510]
18:11:14.596133 ALT: 1.29
18:11:14.596365 ACC: [20, -8, 510]
18:11:14.628115 ALT: 1.29
18:11:14.628357 ACC: [20, -8, 510]
18:11:14.660906 ALT: 1.29
18:11:14.661111 ACC: [20, -8, 510]
18:11:14.692541 ALT: 1.29
18:11:14.692760 ACC: [20, -8, 510]
18:11:14.724176 ALT: 1.29
18:11:14.724448 ACC: [20, -8, 510]
18:11:14.756151 ALT: 1.29
18:11:14.756396 ACC: [21, -8, 510]
18:11:14.788294 ALT: 1.29
18:11:14.788517 ACC: [20, -8, 510]
18:11:14.820150 ALT: 1.29
18:11:14.820398 ACC: [20, -8, 510]
18:11:14.852156 ALT: 1.29
18:11:14.852423 ACC: [20, -8, 509]
18:11:14.884177 ALT: 1.29
18:11:14.884453 ACC: [20, -8, 509]
18:11:14.916155 ALT: 1.29
18:11:14.916448 ACC: [20, -8, 510]
18:11:14.948273 ALT: 1.29
18:11:14.948478 ACC: [20, -8, 510]
18:11:14.981680 ALT: 1.29
18:11:14.981994 ACC: [20, -8, 510]
18:11:15.012595 ALT: 1.29
18:11:15.012891 ACC: [20, -8, 509]
18:11:15.044158 ALT: 1.29
18:11:15.044418 ACC: [20, -8, 510]
18:11:15.076482 ALT: 1.29
18:11:15.076841 ACC: [20, -8, 510]
18:11:15.108460 ALT: 1.29
18:11:15.108779 ACC: [20, -8, 510]
18:11:15.140357 ALT: 1.29
18:11:15.140605 ACC: [20, -8, 510]
18:11:15.172455 ALT: 1.29
18:11:15.172678 ACC: [20, -8, 510]
18:11:15.204190 ALT: 1.29
18:11:15.204437 ACC: [20, -8, 510]
18:11:15.236148 ALT: 1.29
18:11:15.236398 ACC: [20, -8, 510]
18:11:15.268272 ALT: 1.29
18:11:15.268490 ACC: [20, -8, 509]
18:11:15.300292 ALT: 1.29
18:11:15.300505 ACC: [20, -8, 509]
18:11:15.332348 ALT: 1.29
18:11:15.332568 ACC: [20, -8, 510]
18:11:15.364200 ALT: 1.29
18:11:15.364469 ACC: [20, -8, 509]
18:11:15.396365 ALT: 1.29
18:11:15.396595 ACC: [20, -8, 510]
18:11:15.428242 ALT: 1.29
18:11:15.428458 ACC: [20, -8, 510]
18:11:15.460900 ALT: 1.29
18:11:15.461278 ACC: [20, -8, 510]
18:11:15.492278 ALT: 1.29
18:11:15.492491 ACC: [20, -8, 510]
18:11:15.524296 ALT: 1.29
18:11:15.524504 ACC: [20, -8, 510]
18:11:15.556293 ALT: 1.29
18:11:15.556506 ACC: [20, -9, 510]
18:11:15.588287 ALT: 1.29
18:11:15.588503 ACC: [20, -8, 510]
18:11:15.620259 ALT: 1.29
18:11:15.620470 ACC: [20, -8, 510]
18:11:15.652300 ALT: 1.29
18:11:15.652532 ACC: [20, -8, 510]
18:11:15.684290 ALT: 1.29
18:11:15.684499 ACC: [20, -8, 510]
18:11:15.716316 ALT: 1.29
18:11:15.716526 ACC: [20, -8, 510]
18:11:15.749507 ALT: 1.29
18:11:15.749815 ACC: [21, -8, 510]
18:11:15.780727 ALT: 1.29
18:11:15.781076 ACC: [20, -8, 510]
18:11:15.814813 ALT: 1.29
18:11:15.815028 ACC: [20, -8, 510]
18:11:15.844412 ALT: 1.29
18:11:15.844631 ACC: [20, -8, 510]
18:11:15.876464 ALT: 1.29
18:11:15.876819 ACC: [20, -8, 510]
18:11:15.908335 ALT: 1.29
18:11:15.908571 ACC: [20, -8, 510]
18:11:15.940428 ALT: 1.29
18:11:15.940707 ACC: [20, -8, 510]
18:11:15.972323 ALT: 1.29
18:11:15.972553 ACC: [20, -8, 510]
18:11:16.004303 ALT: 1.29
18:11:16.004576 ACC: [20, -8, 510]
18:11:16.036316 ALT: 1.29
18:11:16.036525 ACC: [20, -8, 510]
18:11:16.068370 ALT: 1.29
18:11:16.068579 ACC: [20, -8, 510]
18:11:16.100414 ALT: 1.29
18:11:16.100674 ACC: [20, -8, 510]
18:11:16.132352 ALT: 1.29
18:11:16.132565 ACC: [20, -8, 510]
18:11:16.170575 ALT: 1.29
18:11:16.171255 ACC: [20, -8, 510]
18:11:16.196671 ALT: 1.29
18:11:16.198227 ACC: [20, -8, 510]
18:11:16.228684 ALT: 1.29
18:11:16.228903 ACC: [20, -8, 510]
18:11:16.261245 ALT: 1.29
18:11:16.261692 ACC: [20, -8, 510]
18:11:16.292450 ALT: 1.29
18:11:16.292716 ACC: [20, -8, 510]
18:11:16.324409 ALT: 1.29
18:11:16.324676 ACC: [20, -8, 510]
18:11:16.356422 ALT: 1.29
18:11:16.356701 ACC: [20, -8, 510]
18:11:16.388509 ALT: 1.29
18:11:16.388808 ACC: [20, -8, 510]
18:11:16.420457 ALT: 1.29
18:11:16.420746 ACC: [20, -8, 510]
18:11:16.452281 ALT: 1.29
18:11:16.452494 ACC: [20, -8, 510]
18:11:16.484212 ALT: 1.29
18:11:16.484488 ACC: [20, -8, 510]
18:11:16.516303 ALT: 1.29
18:11:16.516563 ACC: [20, -8, 510]
18:11:16.550338 ALT: 1.33
18:11:16.550548 ACC: [20, -8, 510]
18:11:16.582172 ALT: 1.35
18:11:16.582392 ACC: [20, -8, 510]
18:11:16.632425 ALT: 1.36
18:11:16.632670 ACC: [20, -8, 509]
18:11:16.664484 ALT: 1.37
18:11:16.664694 ACC: [20, -8, 510]
18:11:16.694573 ALT: 1.37
18:11:16.694835 ACC: [20, -8, 510]
18:11:16.724702 ALT: 1.37
18:11:16.724942 ACC: [20, -8, 510]
18:11:16.757162 ALT: 1.37
18:11:16.757379 ACC: [20, -8, 510]
18:11:16.789257 ALT: 1.37
18:11:16.789490 ACC: [20, -8, 510]
18:11:16.820773 ALT: 1.37
18:11:16.821015 ACC: [20, -8, 510]
18:11:16.852937 ALT: 1.37
18:11:16.853186 ACC: [20, -8, 510]
18:11:16.884581 ALT: 1.37
18:11:16.884834 ACC: [20, -8, 510]
18:11:16.916209 ALT: 1.37
18:11:16.917016 ACC: [20, -8, 510]
18:11:16.948421 ALT: 1.37
18:11:16.948673 ACC: [20, -8, 510]
18:11:16.980515 ALT: 1.37
18:11:16.980892 ACC: [20, -8, 510]
18:11:17.016152 ALT: 1.37
18:11:17.016513 ACC: [20, -8, 510]
18:11:17.048202 ALT: 1.37
18:11:17.048490 ACC: [20, -8, 510]
18:11:17.076273 ALT: 1.37
18:11:17.076528 ACC: [20, -8, 510]
18:11:17.108679 ALT: 1.37
18:11:17.108924 ACC: [20, -8, 510]
18:11:17.141233 ALT: 1.37
18:11:17.141476 ACC: [20, -8, 510]
18:11:17.172541 ALT: 1.37
18:11:17.172767 ACC: [20, -8, 510]
18:11:17.220318 ALT: 1.37
18:11:17.220549 ACC: [20, -9, 510]
18:11:17.259744 ALT: 1.37
18:11:17.260004 ACC: [20, -8, 510]
18:11:17.301332 ALT: 1.37
18:11:17.301556 ACC: [20, -8, 510]
18:11:17.340428 ALT: 1.37
18:11:17.340681 ACC: [20, -8, 510]
18:11:17.380393 ALT: 1.37
18:11:17.380745 ACC: [20, -8, 510]
18:11:17.412458 ALT: 1.37
18:11:17.412715 ACC: [19, -8, 510]
18:11:17.444651 ALT: 1.37
18:11:17.444872 ACC: [20, -8, 510]
18:11:17.476403 ALT: 1.37
18:11:17.480532 ACC: [20, -8, 510]
18:11:17.508818 ALT: 1.37
18:11:17.509373 ACC: [20, -8, 510]
18:11:17.540718 ALT: 1.37
18:11:17.541132 ACC: [20, -8, 510]
18:11:17.572159 ALT: 1.37
18:11:17.572466 ACC: [20, -8, 510]
18:11:17.604108 ALT: 1.37
18:11:17.604351 ACC: [20, -8, 510]
18:11:17.636138 ALT: 1.34
18:11:17.636382 ACC: [20, -8, 510]
18:11:17.668340 ALT: 1.32
18:11:17.668648 ACC: [20, -8, 510]
18:11:17.700177 ALT: 1.31
18:11:17.700515 ACC: [20, -8, 510]
18:11:17.732398 ALT: 1.31
18:11:17.732656 ACC: [20, -8, 510]
18:11:17.764328 ALT: 1.31
18:11:17.764578 ACC: [21, -8, 510]
18:11:17.796549 ALT: 1.31
18:11:17.796877 ACC: [20, -8, 510]
18:11:17.832105 ALT: 1.34
18:11:17.832504 ACC: [20, -8, 510]
18:11:17.860164 ALT: 1.36
18:11:17.860469 ACC: [20, -8, 510]
18:11:17.892368 ALT: 1.37
18:11:17.892594 ACC: [21, -8, 510]
18:11:17.924197 ALT: 1.37
18:11:17.924515 ACC: [20, -8, 510]
18:11:17.956178 ALT: 1.37
18:11:17.956504 ACC: [20, -8, 510]
18:11:17.988158 ALT: 1.37
18:11:17.988472 ACC: [20, -8, 510]
18:11:18.020277 ALT: 1.37
18:11:18.020565 ACC: [20, -8, 510]
18:11:18.052186 ALT: 1.37
18:11:18.052543 ACC: [20, -8, 510]
18:11:18.084128 ALT: 1.37
18:11:18.084397 ACC: [20, -8, 510]
18:11:18.117081 ALT: 1.37
18:11:18.117351 ACC: [20, -8, 510]
18:11:18.148272 ALT: 1.37
18:11:18.148730 ACC: [20, -8, 510]
18:11:18.180208 ALT: 1.37
18:11:18.180603 ACC: [20, -8, 510]
18:11:18.212419 ALT: 1.37
18:11:18.212881 ACC: [20, -8, 510]
18:11:18.244342 ALT: 1.37
18:11:18.244769 ACC: [20, -8, 510]
18:11:18.276392 ALT: 1.37
18:11:18.276643 ACC: [20, -8, 510]
18:11:18.310527 ALT: 1.37
18:11:18.310747 ACC: [20, -8, 510]
18:11:18.340431 ALT: 1.37
18:11:18.340718 ACC: [20, -8, 510]
18:11:18.372107 ALT: 1.37
18:11:18.372624 ACC: [20, -8, 509]
18:11:18.404031 ALT: 1.37
18:11:18.404264 ACC: [20, -8, 510]
18:11:18.436095 ALT: 1.37
18:11:18.436328 ACC: [20, -8, 510]
18:11:18.468145 ALT: 1.37
18:11:18.468411 ACC: [20, -9, 510]
18:11:18.516699 ALT: 1.37
18:11:18.516993 ACC: [20, -8, 510]
18:11:18.548351 ALT: 1.37
18:11:18.548577 ACC: [20, -8, 510]
18:11:18.580277 ALT: 1.37
18:11:18.580624 ACC: [21, -8, 510]
18:11:18.612299 ALT: 1.37
18:11:18.612705 ACC: [20, -8, 510]
18:11:18.644175 ALT: 1.37
18:11:18.644586 ACC: [20, -8, 510]
18:11:18.676140 ALT: 1.37
18:11:18.676396 ACC: [20, -8, 510]
18:11:18.708423 ALT: 1.37
18:11:18.708697 ACC: [20, -9, 510]
18:11:18.740071 ALT: 1.37
18:11:18.740342 ACC: [20, -8, 510]
18:11:18.772046 ALT: 1.37
18:11:18.772315 ACC: [20, -8, 510]
18:11:18.804127 ALT: 1.37
18:11:18.804368 ACC: [20, -8, 510]
18:11:18.836047 ALT: 1.37
18:11:18.836288 ACC: [20, -8, 510]
18:11:18.868093 ALT: 1.37
18:11:18.868355 ACC: [20, -8, 510]
18:11:18.900067 ALT: 1.37
18:11:18.900378 ACC: [20, -8, 510]
18:11:18.932074 ALT: 1.37
18:11:18.932318 ACC: [20, -8, 510]
18:11:18.964108 ALT: 1.37
18:11:18.964337 ACC: [20, -8, 510]
18:11:18.996165 ALT: 1.37
18:11:18.996431 ACC: [20, -8, 510]
18:11:19.028065 ALT: 1.37
18:11:19.028307 ACC: [20, -9, 510]
18:11:19.060064 ALT: 1.37
18:11:19.060426 ACC: [20, -8, 510]
18:11:19.092177 ALT: 1.37
18:11:19.092486 ACC: [20, -8, 510]
18:11:19.124096 ALT: 1.37
18:11:19.124334 ACC: [20, -8, 510]
18:11:19.156055 ALT: 1.37
18:11:19.156293 ACC: [20, -8, 510]
18:11:19.188027 ALT: 1.37
18:11:19.188258 ACC: [20, -8, 510]
18:11:19.220176 ALT: 1.37
18:11:19.220493 ACC: [20, -8, 510]
18:11:19.252052 ALT: 1.37
18:11:19.252279 ACC: [20, -8, 510]
18:11:19.284058 ALT: 1.37
18:11:19.284331 ACC: [20, -8, 509]
18:11:19.316202 ALT: 1.37
18:11:19.316715 ACC: [20, -8, 509]
18:11:19.348122 ALT: 1.37
18:11:19.348497 ACC: [20, -8, 510]
18:11:19.380537 ALT: 1.37
18:11:19.380808 ACC: [20, -8, 510]
18:11:19.412305 ALT: 1.37
18:11:19.412752 ACC: [21, -8, 510]
18:11:19.444054 ALT: 1.37
18:11:19.444301 ACC: [20, -8, 510]
18:11:19.476085 ALT: 1.37
18:11:19.476387 ACC: [20, -8, 510]
18:11:19.508003 ALT: 1.37
18:11:19.508506 ACC: [20, -8, 510]
18:11:19.540049 ALT: 1.37
18:11:19.540352 ACC: [20, -8, 510]
18:11:19.572149 ALT: 1.37
18:11:19.572470 ACC: [20, -8, 510]
18:11:19.604089 ALT: 1.37
18:11:19.604489 ACC: [20, -8, 510]
18:11:19.636106 ALT: 1.37
18:11:19.636417 ACC: [20, -8, 510]
18:11:19.668075 ALT: 1.37
18:11:19.668335 ACC: [20, -8, 510]
18:11:19.700098 ALT: 1.37
18:11:19.700370 ACC: [20, -8, 510]
18:11:19.732073 ALT: 1.37
18:11:19.732325 ACC: [20, -8, 509]
18:11:19.764389 ALT: 1.37
18:11:19.764609 ACC: [20, -8, 510]
18:11:19.796045 ALT: 1.37
18:11:19.796330 ACC: [20, -8, 510]
18:11:19.827993 ALT: 1.37
18:11:19.828197 ACC: [20, -8, 510]
18:11:19.860042 ALT: 1.37
18:11:19.860460 ACC: [21, -8, 510]
18:11:19.892009 ALT: 1.37
18:11:19.892346 ACC: [20, -8, 510]
18:11:19.924000 ALT: 1.37
18:11:19.924239 ACC: [20, -8, 510]
18:11:19.956070 ALT: 1.37
18:11:19.956316 ACC: [20, -8, 510]
18:11:19.988027 ALT: 1.37
18:11:19.988337 ACC: [20, -8, 510]
18:11:20.020061 ALT: 1.37
18:11:20.020338 ACC: [20, -8, 510]
18:11:20.051992 ALT: 1.37
18:11:20.052204 ACC: [20, -8, 509]
18:11:20.085137 ALT: 1.37
18:11:20.085445 ACC: [20, -8, 510]
18:11:20.116179 ALT: 1.37
18:11:20.116656 ACC: [20, -8, 510]
18:11:20.148250 ALT: 1.37
18:11:20.148585 ACC: [20, -8, 510]
18:11:20.180162 ALT: 1.37
18:11:20.180585 ACC: [20, -8, 510]
18:11:20.212129 ALT: 1.37
18:11:20.212627 ACC: [20, -8, 510]
18:11:20.244066 ALT: 1.37
18:11:20.244402 ACC: [20, -8, 510]
18:11:20.279585 ALT: 1.37
18:11:20.279935 ACC: [20, -8, 510]
18:11:20.323994 ALT: 1.37
18:11:20.324213 ACC: [20, -8, 510]
18:11:20.356037 ALT: 1.37
18:11:20.356441 ACC: [20, -8, 510]
18:11:20.388040 ALT: 1.37
18:11:20.388330 ACC: [20, -8, 510]
18:11:20.419995 ALT: 1.37
18:11:20.420268 ACC: [20, -8, 510]
18:11:20.452061 ALT: 1.37
18:11:20.452700 ACC: [20, -8, 510]
18:11:20.484130 ALT: 1.37
18:11:20.484838 ACC: [20, -8, 510]
18:11:20.516081 ALT: 1.37
18:11:20.516396 ACC: [20, -8, 510]
18:11:20.548274 ALT: 1.37
18:11:20.548666 ACC: [20, -8, 510]
18:11:20.587141 ALT: 1.37
18:11:20.587358 ACC: [20, -8, 510]
18:11:20.612080 ALT: 1.37
18:11:20.612549 ACC: [20, -8, 510]
18:11:20.644432 ALT: 1.37
18:11:20.644695 ACC: [20, -8, 510]
18:11:20.676329 ALT: 1.37
18:11:20.676582 ACC: [20, -8, 510]
18:11:20.707988 ALT: 1.37
18:11:20.708212 ACC: [20, -8, 510]
18:11:20.739949 ALT: 1.37
18:11:20.740183 ACC: [21, -9, 510]
18:11:20.771999 ALT: 1.37
18:11:20.772251 ACC: [20, -9, 510]
18:11:20.804090 ALT: 1.37
18:11:20.804367 ACC: [20, -8, 510]
18:11:20.836028 ALT: 1.37
18:11:20.836364 ACC: [20, -8, 510]
18:11:20.867945 ALT: 1.37
18:11:20.868166 ACC: [20, -8, 510]
18:11:20.900033 ALT: 1.37
18:11:20.900360 ACC: [20, -8, 510]
18:11:20.932481 ALT: 1.37
18:11:20.933008 ACC: [20, -8, 510]
18:11:20.964196 ALT: 1.37
18:11:20.964468 ACC: [20, -8, 510]
18:11:20.995996 ALT: 1.37
18:11:20.996267 ACC: [20, -8, 510]
18:11:21.028146 ALT: 1.37
18:11:21.028447 ACC: [20, -8, 509]
18:11:21.059969 ALT: 1.37
18:11:21.060203 ACC: [20, -8, 509]
18:11:21.091935 ALT: 1.37
18:11:21.092156 ACC: [20, -8, 510]
18:11:21.123939 ALT: 1.37
18:11:21.124160 ACC: [20, -8, 510]
18:11:21.156040 ALT: 1.37
18:11:21.156338 ACC: [20, -8, 509]
18:11:21.187978 ALT: 1.37
18:11:21.188307 ACC: [20, -8, 510]
18:11:21.220004 ALT: 1.37
18:11:21.220259 ACC: [20, -8, 510]
18:11:21.252069 ALT: 1.37
18:11:21.252630 ACC: [20, -8, 510]
18:11:21.283991 ALT: 1.37
18:11:21.284281 ACC: [20, -9, 510]
18:11:21.316181 ALT: 1.37
18:11:21.316791 ACC: [20, -8, 510]
18:11:21.348167 ALT: 1.37
18:11:21.348578 ACC: [20, -8, 510]
18:11:21.380086 ALT: 1.37
18:11:21.380600 ACC: [20, -8, 510]
18:11:21.412326 ALT: 1.37
18:11:21.412663 ACC: [20, -8, 510]
18:11:21.444371 ALT: 1.37
18:11:21.444648 ACC: [20, -8, 511]
18:11:21.476078 ALT: 1.37
18:11:21.476697 ACC: [20, -8, 510]
18:11:21.507941 ALT: 1.37
18:11:21.508161 ACC: [20, -8, 510]
18:11:21.540039 ALT: 1.37
18:11:21.540297 ACC: [20, -8, 510]
18:11:21.571968 ALT: 1.37
18:11:21.572393 ACC: [20, -9, 510]
18:11:21.603980 ALT: 1.37
18:11:21.604204 ACC: [20, -9, 510]
18:11:21.635999 ALT: 1.37
18:11:21.636255 ACC: [20, -8, 510]
18:11:21.668015 ALT: 1.37
18:11:21.668335 ACC: [20, -8, 510]
18:11:21.699983 ALT: 1.37
18:11:21.700198 ACC: [20, -8, 510]
18:11:21.732713 ALT: 1.37
18:11:21.732931 ACC: [20, -8, 510]
18:11:21.764183 ALT: 1.37
18:11:21.764450 ACC: [20, -8, 509]
18:11:21.795959 ALT: 1.37
18:11:21.796178 ACC: [20, -8, 510]
18:11:21.827945 ALT: 1.37
18:11:21.828253 ACC: [20, -8, 510]
18:11:21.859892 ALT: 1.37
18:11:21.860357 ACC: [20, -8, 510]
18:11:21.891999 ALT: 1.37
18:11:21.892204 ACC: [20, -8, 509]
18:11:21.924041 ALT: 1.37
18:11:21.924290 ACC: [20, -8, 510]
18:11:21.956004 ALT: 1.37
18:11:21.956269 ACC: [20, -8, 510]
18:11:21.987971 ALT: 1.37
18:11:21.988174 ACC: [21, -8, 510]
18:11:22.020152 ALT: 1.37
18:11:22.020510 ACC: [21, -8, 510]
18:11:22.052069 ALT: 1.37
18:11:22.052638 ACC: [20, -8, 510]
18:11:22.083966 ALT: 1.37
18:11:22.084200 ACC: [20, -8, 510]
18:11:22.118056 ALT: 1.37
18:11:22.118736 ACC: [20, -8, 510]
18:11:22.163883 ALT: 1.37
18:11:22.164084 ACC: [20, -8, 510]
18:11:22.195986 ALT: 1.37
18:11:22.196202 ACC: [20, -9, 510]
18:11:22.227949 ALT: 1.37
18:11:22.228155 ACC: [20, -9, 510]
18:11:22.260407 ALT: 1.37
18:11:22.260644 ACC: [20, -8, 510]
18:11:22.292011 ALT: 1.37
18:11:22.292301 ACC: [20, -8, 509]
18:11:22.324045 ALT: 1.37
18:11:22.324288 ACC: [20, -8, 510]
18:11:22.355958 ALT: 1.37
18:11:22.356181 ACC: [20, -8, 510]
18:11:22.387982 ALT: 1.37
18:11:22.388206 ACC: [20, -8, 510]
18:11:22.420099 ALT: 1.37
18:11:22.420385 ACC: [20, -8, 510]
18:11:22.453814 ALT: 1.37
18:11:22.454066 ACC: [20, -8, 510]
18:11:22.484093 ALT: 1.37
18:11:22.484545 ACC: [20, -8, 510]
18:11:22.516123 ALT: 1.37
18:11:22.516529 ACC: [20, -9, 510]
18:11:22.548332 ALT: 1.37
18:11:22.548758 ACC: [20, -8, 510]
18:11:22.580385 ALT: 1.37
18:11:22.580648 ACC: [20, -8, 510]
18:11:22.612021 ALT: 1.37
18:11:22.612352 ACC: [20, -8, 510]
18:11:22.643987 ALT: 1.37
18:11:22.644281 ACC: [20, -8, 510]
18:11:22.675939 ALT: 1.37
18:11:22.676163 ACC: [20, -8, 510]
18:11:22.707929 ALT: 1.37
18:11:22.708147 ACC: [20, -8, 510]
18:11:22.739959 ALT: 1.37
18:11:22.740171 ACC: [20, -8, 510]
18:11:22.771953 ALT: 1.37
18:11:22.772182 ACC: [20, -9, 510]
18:11:22.803987 ALT: 1.37
18:11:22.804211 ACC: [20, -8, 510]
18:11:22.835986 ALT: 1.37
18:11:22.836205 ACC: [20, -8, 510]
18:11:22.867976 ALT: 1.37
18:11:22.868187 ACC: [20, -8, 510]
18:11:22.900945 ALT: 1.37
18:11:22.901437 ACC: [20, -8, 510]
18:11:22.932046 ALT: 1.37
18:11:22.932291 ACC: [20, -8, 510]
18:11:22.963955 ALT: 1.37
18:11:22.964186 ACC: [20, -8, 510]
18:11:22.995933 ALT: 1.37
18:11:22.996135 ACC: [20, -8, 510]
18:11:23.027905 ALT: 1.37
18:11:23.028209 ACC: [20, -8, 510]
18:11:23.059896 ALT: 1.37
18:11:23.060102 ACC: [20, -8, 510]
18:11:23.091952 ALT: 1.37
18:11:23.092156 ACC: [20, -9, 510]
18:11:23.123992 ALT: 1.37
18:11:23.124210 ACC: [20, -9, 510]
18:11:23.155855 ALT: 1.37
18:11:23.156056 ACC: [20, -8, 510]
18:11:23.188076 ALT: 1.37
18:11:23.189202 ACC: [20, -8, 510]
18:11:23.220010 ALT: 1.37
18:11:23.220669 ACC: [21, -8, 510]
18:11:23.251992 ALT: 1.37
18:11:23.252293 ACC: [20, -9, 510]
18:11:23.287035 ALT: 1.37
18:11:23.287541 ACC: [20, -8, 510]
18:11:23.318586 ALT: 1.37
18:11:23.318851 ACC: [20, -9, 510]
18:11:23.350753 ALT: 1.37
18:11:23.351055 ACC: [20, -8, 510]
18:11:23.383274 ALT: 1.37
18:11:23.383601 ACC: [20, -8, 509]
18:11:23.411898 ALT: 1.37
18:11:23.412112 ACC: [20, -8, 510]
18:11:23.444008 ALT: 1.37
18:11:23.444379 ACC: [20, -8, 510]
18:11:23.475860 ALT: 1.37
18:11:23.476071 ACC: [20, -8, 510]
18:11:23.508000 ALT: 1.37
18:11:23.508211 ACC: [20, -8, 510]
18:11:23.539888 ALT: 1.37
18:11:23.540095 ACC: [20, -8, 510]
18:11:23.571917 ALT: 1.37
18:11:23.572133 ACC: [20, -9, 510]
18:11:23.603938 ALT: 1.37
18:11:23.604152 ACC: [20, -9, 510]
18:11:23.635947 ALT: 1.37
18:11:23.636163 ACC: [20, -8, 510]
18:11:23.667929 ALT: 1.37
18:11:23.668146 ACC: [20, -8, 510]
18:11:23.699937 ALT: 1.37
18:11:23.700154 ACC: [20, -8, 510]
18:11:23.731937 ALT: 1.37
18:11:23.732153 ACC: [20, -8, 510]
18:11:23.763913 ALT: 1.37
18:11:23.764157 ACC: [21, -8, 510]
18:11:23.795911 ALT: 1.37
18:11:23.796144 ACC: [20, -8, 510]
18:11:23.827904 ALT: 1.37
18:11:23.828145 ACC: [20, -8, 510]
18:11:23.859985 ALT: 1.37
18:11:23.860243 ACC: [20, -8, 510]
18:11:23.891946 ALT: 1.37
18:11:23.892185 ACC: [21, -8, 510]
18:11:23.923882 ALT: 1.43
18:11:23.924116 ACC: [20, -8, 510]
18:11:23.955937 ALT: 1.45
18:11:23.956172 ACC: [20, -8, 510]
18:11:24.003863 ALT: 1.46
18:11:24.004059 ACC: [20, -8, 510]
18:11:24.035889 ALT: 1.46
18:11:24.036142 ACC: [20, -8, 510]
18:11:24.067910 ALT: 1.46
18:11:24.068114 ACC: [20, -8, 510]
18:11:24.099956 ALT: 1.46
18:11:24.100162 ACC: [20, -8, 510]
18:11:24.131904 ALT: 1.46
18:11:24.132111 ACC: [20, -8, 510]
18:11:24.163832 ALT: 1.46
18:11:24.164039 ACC: [20, -8, 511]
18:11:24.196188 ALT: 1.46
18:11:24.196470 ACC: [20, -7, 510]
18:11:24.227871 ALT: 1.46
18:11:24.228085 ACC: [20, -8, 510]
18:11:24.259889 ALT: 1.46
18:11:24.260094 ACC: [20, -8, 510]
18:11:24.291892 ALT: 1.46
18:11:24.292099 ACC: [20, -9, 510]
18:11:24.323903 ALT: 1.46
18:11:24.324109 ACC: [20, -9, 510]
18:11:24.356496 ALT: 1.46
18:11:24.356703 ACC: [20, -8, 510]
18:11:24.388175 ALT: 1.46
18:11:24.388618 ACC: [21, -8, 510]
18:11:24.420251 ALT: 1.46
18:11:24.420591 ACC: [21, -8, 510]
18:11:24.453108 ALT: 1.46
18:11:24.453365 ACC: [20, -8, 510]
18:11:24.484055 ALT: 1.46
18:11:24.484420 ACC: [21, -8, 510]
18:11:24.516026 ALT: 1.46
18:11:24.516426 ACC: [20, -8, 510]
18:11:24.547884 ALT: 1.46
18:11:24.548091 ACC: [20, -8, 510]
18:11:24.579893 ALT: 1.46
18:11:24.580091 ACC: [20, -8, 510]
18:11:24.611878 ALT: 1.46
18:11:24.612087 ACC: [20, -8, 510]
18:11:24.643799 ALT: 1.46
18:11:24.643999 ACC: [20, -8, 510]
18:11:24.675784 ALT: 1.46
18:11:24.675988 ACC: [20, -8, 510]
18:11:24.707870 ALT: 1.46
18:11:24.708080 ACC: [20, -8, 510]
18:11:24.739934 ALT: 1.46
18:11:24.740140 ACC: [20, -8, 510]
18:11:24.771970 ALT: 1.46
18:11:24.772200 ACC: [20, -8, 510]
18:11:24.803851 ALT: 1.46
18:11:24.804060 ACC: [20, -8, 510]
18:11:24.835893 ALT: 1.46
18:11:24.836098 ACC: [20, -8, 510]
18:11:24.868066 ALT: 1.46
18:11:24.868370 ACC: [20, -8, 510]
18:11:24.899840 ALT: 1.46
18:11:24.900044 ACC: [20, -8, 510]
18:11:24.931864 ALT: 1.46
18:11:24.932064 ACC: [20, -8, 510]
18:11:24.963874 ALT: 1.46
18:11:24.964078 ACC: [20, -8, 510]
18:11:24.995888 ALT: 1.46
18:11:24.996112 ACC: [20, -8, 510]
18:11:25.027844 ALT: 1.46
18:11:25.028049 ACC: [20, -8, 509]
18:11:25.059873 ALT: 1.46
18:11:25.060079 ACC: [20, -8, 510]
18:11:25.091863 ALT: 1.46
18:11:25.092065 ACC: [20, -8, 510]
18:11:25.123890 ALT: 1.46
18:11:25.124093 ACC: [20, -8, 509]
18:11:25.156044 ALT: 1.46
18:11:25.156540 ACC: [20, -8, 510]
18:11:25.188018 ALT: 1.46
18:11:25.188379 ACC: [20, -8, 510]
18:11:25.219935 ALT: 1.46
18:11:25.220447 ACC: [20, -8, 510]
18:11:25.252526 ALT: 1.46
18:11:25.252813 ACC: [20, -8, 510]
18:11:25.284161 ALT: 1.46
18:11:25.284504 ACC: [20, -8, 510]
18:11:25.315921 ALT: 1.46
18:11:25.316208 ACC: [20, -8, 510]
18:11:25.347894 ALT: 1.46
18:11:25.348094 ACC: [20, -8, 510]
18:11:25.379916 ALT: 1.46
18:11:25.380137 ACC: [20, -9, 509]
18:11:25.411867 ALT: 1.46
18:11:25.412082 ACC: [20, -8, 510]
18:11:25.443911 ALT: 1.46
18:11:25.444148 ACC: [20, -8, 510]
18:11:25.475936 ALT: 1.46
18:11:25.476176 ACC: [20, -8, 510]
18:11:25.507959 ALT: 1.46
18:11:25.508205 ACC: [20, -8, 510]
18:11:25.540561 ALT: 1.46
18:11:25.540795 ACC: [20, -9, 510]
18:11:25.571954 ALT: 1.46
18:11:25.572195 ACC: [20, -8, 510]
18:11:25.604069 ALT: 1.46
18:11:25.604574 ACC: [20, -8, 510]
18:11:25.635946 ALT: 1.46
18:11:25.636183 ACC: [20, -8, 510]
18:11:25.668057 ALT: 1.46
18:11:25.668643 ACC: [20, -8, 510]
18:11:25.699862 ALT: 1.46
18:11:25.700445 ACC: [20, -9, 510]
18:11:25.731874 ALT: 1.46
18:11:25.732077 ACC: [20, -9, 510]
18:11:25.763863 ALT: 1.46
18:11:25.764079 ACC: [20, -8, 510]
18:11:25.795857 ALT: 1.46
18:11:25.796061 ACC: [20, -8, 510]
18:11:25.843959 ALT: 1.46
18:11:25.844157 ACC: [20, -8, 510]
18:11:25.875813 ALT: 1.46
18:11:25.876015 ACC: [20, -8, 510]
18:11:25.907871 ALT: 1.46
18:11:25.908069 ACC: [20, -8, 510]
18:11:25.939868 ALT: 1.46
18:11:25.940067 ACC: [20, -8, 510]
18:11:25.971906 ALT: 1.46
18:11:25.972119 ACC: [20, -8, 510]
18:11:26.003844 ALT: 1.46
18:11:26.004048 ACC: [20, -8, 510]
18:11:26.035859 ALT: 1.46
18:11:26.036066 ACC: [21, -8, 510]
18:11:26.067871 ALT: 1.43
18:11:26.068078 ACC: [21, -8, 510]
18:11:26.099937 ALT: 1.43
18:11:26.100157 ACC: [20, -8, 510]
18:11:26.131833 ALT: 1.46
18:11:26.132041 ACC: [20, -8, 511]
18:11:26.163848 ALT: 1.46
18:11:26.164058 ACC: [21, -8, 510]
18:11:26.195919 ALT: 1.46
18:11:26.196129 ACC: [20, -8, 510]
18:11:26.227892 ALT: 1.46
18:11:26.228136 ACC: [20, -8, 510]
18:11:26.259896 ALT: 1.46
18:11:26.260104 ACC: [20, -8, 509]
18:11:26.291895 ALT: 1.46
18:11:26.292110 ACC: [21, -8, 509]
18:11:26.324259 ALT: 1.46
18:11:26.324605 ACC: [20, -8, 510]
18:11:26.356256 ALT: 1.46
18:11:26.356591 ACC: [20, -8, 510]
18:11:26.388209 ALT: 1.46
18:11:26.388597 ACC: [20, -8, 510]
18:11:26.420192 ALT: 1.46
18:11:26.420847 ACC: [20, -8, 509]
18:11:26.451963 ALT: 1.46
18:11:26.452321 ACC: [20, -8, 509]
18:11:26.484074 ALT: 1.46
18:11:26.484587 ACC: [20, -8, 510]
18:11:26.516038 ALT: 1.46
18:11:26.516326 ACC: [20, -9, 510]
18:11:26.548015 ALT: 1.46
18:11:26.548214 ACC: [20, -9, 510]
18:11:26.579881 ALT: 1.46
18:11:26.580086 ACC: [20, -8, 510]
18:11:26.611806 ALT: 1.46
18:11:26.612027 ACC: [20, -8, 509]
18:11:26.643884 ALT: 1.46
18:11:26.644096 ACC: [20, -8, 510]
18:11:26.675869 ALT: 1.46
18:11:26.676072 ACC: [20, -8, 510]
18:11:26.707854 ALT: 1.46
18:11:26.708063 ACC: [20, -9, 510]
18:11:26.739899 ALT: 1.46
18:11:26.740107 ACC: [20, -8, 510]
18:11:26.772477 ALT: 1.46
18:11:26.772914 ACC: [20, -8, 510]
18:11:26.804207 ALT: 1.46
18:11:26.804468 ACC: [20, -8, 510]
18:11:26.836626 ALT: 1.46
18:11:26.838432 ACC: [20, -8, 510]
18:11:26.868051 ALT: 1.46
18:11:26.868423 ACC: [20, -9, 509]
18:11:26.899903 ALT: 1.46
18:11:26.900144 ACC: [20, -9, 510]
18:11:26.932023 ALT: 1.46
18:11:26.932303 ACC: [21, -8, 510]
18:11:26.963966 ALT: 1.46
18:11:26.964206 ACC: [21, -8, 510]
18:11:26.995960 ALT: 1.46
18:11:26.996314 ACC: [20, -8, 509]
18:11:27.027983 ALT: 1.46
18:11:27.028212 ACC: [20, -9, 510]
18:11:27.060033 ALT: 1.46
18:11:27.060307 ACC: [20, -8, 510]
18:11:27.091956 ALT: 1.46
18:11:27.092177 ACC: [20, -8, 510]
18:11:27.124015 ALT: 1.46
18:11:27.124416 ACC: [20, -8, 510]
18:11:27.156192 ALT: 1.46
18:11:27.156558 ACC: [20, -8, 510]
18:11:27.191048 ALT: 1.46
18:11:27.191276 ACC: [20, -8, 510]
18:11:27.226728 ALT: 1.46
18:11:27.226946 ACC: [20, -8, 510]
18:11:27.259170 ALT: 1.46
18:11:27.259410 ACC: [20, -8, 510]
18:11:27.290550 ALT: 1.46
18:11:27.290772 ACC: [20, -9, 510]
18:11:27.316192 ALT: 1.46
18:11:27.316445 ACC: [20, -8, 510]
18:11:27.348052 ALT: 1.46
18:11:27.348387 ACC: [20, -8, 510]
18:11:27.379909 ALT: 1.46
18:11:27.380133 ACC: [21, -8, 510]
18:11:27.411922 ALT: 1.46
18:11:27.412188 ACC: [20, -9, 510]
18:11:27.443941 ALT: 1.46
18:11:27.444171 ACC: [20, -8, 510]
18:11:27.477794 ALT: 1.46
18:11:27.479177 ACC: [20, -8, 510]
18:11:27.508015 ALT: 1.46
18:11:27.508287 ACC: [20, -8, 510]
18:11:27.540000 ALT: 1.46
18:11:27.540327 ACC: [20, -8, 510]
18:11:27.573100 ALT: 1.46
18:11:27.573507 ACC: [20, -8, 509]
18:11:27.605404 ALT: 1.46
18:11:27.605761 ACC: [20, -8, 510]
18:11:27.635975 ALT: 1.46
18:11:27.636207 ACC: [20, -8, 510]
18:11:27.684482 ALT: 1.46
18:11:27.684754 ACC: [20, -8, 510]
18:11:27.716299 ALT: 1.46
18:11:27.716537 ACC: [20, -8, 510]
18:11:27.747976 ALT: 1.46
18:11:27.748283 ACC: [20, -8, 510]
18:11:27.779930 ALT: 1.46
18:11:27.780160 ACC: [20, -8, 510]
18:11:27.811934 ALT: 1.46
18:11:27.812153 ACC: [20, -8, 510]
18:11:27.843953 ALT: 1.46
18:11:27.844172 ACC: [20, -8, 509]
18:11:27.875857 ALT: 1.46
18:11:27.876071 ACC: [20, -9, 510]
18:11:27.907971 ALT: 1.46
18:11:27.908189 ACC: [20, -8, 510]
18:11:27.939960 ALT: 1.46
18:11:27.940189 ACC: [20, -8, 510]
18:11:27.971948 ALT: 1.46
18:11:27.972167 ACC: [20, -8, 510]
18:11:28.004591 ALT: 1.46
18:11:28.005056 ACC: [20, -8, 510]
18:11:28.035963 ALT: 1.46
18:11:28.036205 ACC: [20, -8, 509]
18:11:28.068049 ALT: 1.46
18:11:28.068603 ACC: [20, -8, 510]
18:11:28.100018 ALT: 1.46
18:11:28.100446 ACC: [21, -9, 510]
18:11:28.131986 ALT: 1.46
18:11:28.132271 ACC: [21, -8, 510]
18:11:28.163984 ALT: 1.46
18:11:28.164213 ACC: [20, -8, 510]
18:11:28.195949 ALT: 1.46
18:11:28.196449 ACC: [20, -8, 510]
18:11:28.228776 ALT: 1.46
18:11:28.229359 ACC: [20, -8, 511]
18:11:28.261060 ALT: 1.46
18:11:28.261652 ACC: [20, -8, 510]
18:11:28.292707 ALT: 1.46
18:11:28.293306 ACC: [20, -8, 510]
18:11:28.325174 ALT: 1.46
18:11:28.325460 ACC: [20, -8, 510]
18:11:28.356051 ALT: 1.46
18:11:28.356478 ACC: [20, -8, 510]
18:11:28.389593 ALT: 1.46
18:11:28.390594 ACC: [20, -8, 510]
18:11:28.422433 ALT: 1.46
18:11:28.423001 ACC: [20, -8, 510]
18:11:28.453117 ALT: 1.46
18:11:28.453539 ACC: [20, -9, 510]
18:11:28.489464 ALT: 1.46
18:11:28.490160 ACC: [20, -8, 509]
18:11:28.532023 ALT: 1.46
18:11:28.532323 ACC: [20, -8, 510]
18:11:28.564011 ALT: 1.46
18:11:28.564261 ACC: [20, -8, 510]
18:11:28.597000 ALT: 1.46
18:11:28.597454 ACC: [20, -8, 509]
18:11:28.628979 ALT: 1.46
18:11:28.629506 ACC: [20, -8, 509]
18:11:28.660638 ALT: 1.46
18:11:28.661092 ACC: [20, -9, 510]
18:11:28.693300 ALT: 1.46
18:11:28.694608 ACC: [20, -8, 509]
18:11:28.724112 ALT: 1.46
18:11:28.724517 ACC: [20, -8, 509]
18:11:28.756509 ALT: 1.46
18:11:28.756815 ACC: [20, -8, 510]
18:11:28.788110 ALT: 1.46
18:11:28.788522 ACC: [20, -8, 510]
18:11:28.820128 ALT: 1.46
18:11:28.820599 ACC: [21, -8, 510]
18:11:28.852119 ALT: 1.46
18:11:28.852554 ACC: [20, -8, 510]
18:11:28.887189 ALT: 1.46
18:11:28.887538 ACC: [20, -8, 510]
18:11:28.919530 ALT: 1.46
18:11:28.919910 ACC: [20, -9, 510]
18:11:28.948169 ALT: 1.46
18:11:28.948629 ACC: [20, -8, 510]
18:11:28.980062 ALT: 1.46
18:11:28.980523 ACC: [20, -8, 510]
18:11:29.012025 ALT: 1.46
18:11:29.012399 ACC: [20, -8, 510]
18:11:29.044011 ALT: 1.46
18:11:29.044305 ACC: [20, -8, 510]
18:11:29.076007 ALT: 1.46
18:11:29.076264 ACC: [20, -8, 510]
18:11:29.109362 ALT: 1.46
18:11:29.110195 ACC: [20, -8, 510]
18:11:29.141093 ALT: 1.46
18:11:29.141860 ACC: [20, -9, 510]
18:11:29.175938 ALT: 1.46
18:11:29.176458 ACC: [20, -8, 510]
18:11:29.205310 ALT: 1.46
18:11:29.207980 ACC: [20, -8, 510]
18:11:29.236012 ALT: 1.46
18:11:29.236286 ACC: [20, -8, 510]
18:11:29.268048 ALT: 1.46
18:11:29.268318 ACC: [20, -8, 510]
18:11:29.300096 ALT: 1.46
18:11:29.300473 ACC: [20, -8, 510]
18:11:29.332026 ALT: 1.46
18:11:29.332259 ACC: [20, -8, 510]
18:11:29.364256 ALT: 1.46
18:11:29.364749 ACC: [20, -9, 510]
18:11:29.396148 ALT: 1.46
18:11:29.396412 ACC: [20, -9, 510]
18:11:29.428107 ALT: 1.46
18:11:29.428421 ACC: [20, -9, 510]
18:11:29.460584 ALT: 1.46
18:11:29.461015 ACC: [20, -8, 510]
18:11:29.492119 ALT: 1.46
18:11:29.492478 ACC: [20, -9, 510]
18:11:29.540074 ALT: 1.46
18:11:29.540459 ACC: [20, -8, 510]
18:11:29.573913 ALT: 1.46
18:11:29.574137 ACC: [20, -8, 510]
18:11:29.604089 ALT: 1.46
18:11:29.604374 ACC: [20, -8, 510]
18:11:29.636158 ALT: 1.46
18:11:29.636617 ACC: [20, -8, 510]
18:11:29.668583 ALT: 1.46
18:11:29.668972 ACC: [20, -7, 510]
18:11:29.700095 ALT: 1.46
18:11:29.700404 ACC: [20, -8, 510]
18:11:29.732095 ALT: 1.46
18:11:29.732376 ACC: [20, -8, 510]
18:11:29.764065 ALT: 1.46
18:11:29.764394 ACC: [20, -8, 510]
18:11:29.795990 ALT: 1.46
18:11:29.796306 ACC: [20, -8, 510]
18:11:29.828019 ALT: 1.46
18:11:29.828284 ACC: [20, -8, 510]
18:11:29.860141 ALT: 1.46
18:11:29.860636 ACC: [20, -8, 510]
18:11:29.892117 ALT: 1.46
18:11:29.892724 ACC: [20, -8, 510]
18:11:29.924015 ALT: 1.46
18:11:29.924310 ACC: [20, -8, 510]
18:11:29.957654 ALT: 1.46
18:11:29.958504 ACC: [20, -8, 510]
18:11:29.988178 ALT: 1.46
18:11:29.988599 ACC: [20, -8, 510]
18:11:30.020325 ALT: 1.46
18:11:30.020710 ACC: [20, -8, 510]
18:11:30.052003 ALT: 1.46
18:11:30.052606 ACC: [21, -8, 510]
18:11:30.084337 ALT: 1.46
18:11:30.084683 ACC: [20, -9, 510]
18:11:30.116001 ALT: 1.46
18:11:30.116304 ACC: [20, -8, 510]
18:11:30.148003 ALT: 1.46
18:11:30.148284 ACC: [20, -9, 510]
18:11:30.180086 ALT: 1.46
18:11:30.180388 ACC: [21, -8, 510]
18:11:30.212021 ALT: 1.46
18:11:30.212286 ACC: [21, -8, 509]
18:11:30.244012 ALT: 1.46
18:11:30.244376 ACC: [20, -9, 510]
18:11:30.276049 ALT: 1.46
18:11:30.276361 ACC: [20, -8, 510]
18:11:30.308015 ALT: 1.46
18:11:30.308340 ACC: [21, -8, 510]
18:11:30.340059 ALT: 1.46
18:11:30.340310 ACC: [20, -8, 510]
18:11:30.373435 ALT: 1.46
18:11:30.374828 ACC: [20, -8, 510]
18:11:30.404045 ALT: 1.46
18:11:30.404327 ACC: [20, -8, 509]
18:11:30.436148 ALT: 1.46
18:11:30.436487 ACC: [21, -8, 510]
18:11:30.468074 ALT: 1.46
18:11:30.468386 ACC: [20, -8, 510]
18:11:30.499995 ALT: 1.46
18:11:30.500264 ACC: [20, -9, 510]
18:11:30.532046 ALT: 1.46
18:11:30.532375 ACC: [20, -9, 510]
18:11:30.564035 ALT: 1.46
18:11:30.564302 ACC: [20, -8, 510]
18:11:30.595984 ALT: 1.46
18:11:30.596189 ACC: [21, -8, 510]
18:11:30.628465 ALT: 1.46
18:11:30.628792 ACC: [21, -8, 510]
18:11:30.660094 ALT: 1.46
18:11:30.660402 ACC: [20, -8, 510]
18:11:30.692181 ALT: 1.46
18:11:30.692518 ACC: [20, -8, 509]
18:11:30.724150 ALT: 1.46
18:11:30.724584 ACC: [20, -8, 510]
18:11:30.758622 ALT: 1.46
18:11:30.759420 ACC: [20, -8, 510]
18:11:30.788192 ALT: 1.52
18:11:30.788637 ACC: [20, -8, 510]
18:11:30.820061 ALT: 1.54
18:11:30.820314 ACC: [20, -8, 510]
18:11:30.852396 ALT: 1.55
18:11:30.852643 ACC: [20, -8, 510]
18:11:30.884094 ALT: 1.55
18:11:30.884421 ACC: [20, -8, 510]
18:11:30.915924 ALT: 1.55
18:11:30.916131 ACC: [20, -8, 510]
18:11:30.948018 ALT: 1.55
18:11:30.948273 ACC: [20, -8, 509]
18:11:30.980109 ALT: 1.55
18:11:30.980347 ACC: [20, -8, 510]
18:11:31.012157 ALT: 1.55
18:11:31.012690 ACC: [20, -8, 510]
18:11:31.044061 ALT: 1.55
18:11:31.044312 ACC: [20, -8, 510]
18:11:31.076165 ALT: 1.55
18:11:31.076502 ACC: [20, -9, 510]
18:11:31.108111 ALT: 1.55
18:11:31.108367 ACC: [20, -8, 510]
18:11:31.140445 ALT: 1.55
18:11:31.140687 ACC: [20, -8, 510]
18:11:31.172305 ALT: 1.55
18:11:31.172622 ACC: [20, -8, 510]
18:11:31.204142 ALT: 1.55
18:11:31.204555 ACC: [20, -8, 510]
18:11:31.236109 ALT: 1.55
18:11:31.236358 ACC: [20, -9, 510]
18:11:31.268270 ALT: 1.55
18:11:31.269398 ACC: [20, -8, 510]
18:11:31.300170 ALT: 1.55
18:11:31.300411 ACC: [20, -8, 510]
18:11:31.332370 ALT: 1.55
18:11:31.332820 ACC: [20, -8, 510]
18:11:31.364125 ALT: 1.55
18:11:31.364512 ACC: [20, -8, 510]
18:11:31.396056 ALT: 1.55
18:11:31.396392 ACC: [20, -8, 510]
18:11:31.428122 ALT: 1.55
18:11:31.428391 ACC: [20, -8, 510]
18:11:31.460133 ALT: 1.55
18:11:31.460410 ACC: [20, -8, 510]
18:11:31.492335 ALT: 1.55
18:11:31.492999 ACC: [20, -8, 510]
18:11:31.524271 ALT: 1.55
18:11:31.524690 ACC: [20, -8, 509]
18:11:31.556306 ALT: 1.55
18:11:31.556644 ACC: [20, -9, 510]
18:11:31.590291 ALT: 1.55
18:11:31.590620 ACC: [20, -8, 510]
18:11:31.620210 ALT: 1.55
18:11:31.620707 ACC: [20, -8, 510]
18:11:31.652116 ALT: 1.55
18:11:31.652442 ACC: [20, -8, 510]
18:11:31.685160 ALT: 1.55
18:11:31.686354 ACC: [20, -8, 510]
18:11:31.716053 ALT: 1.55
18:11:31.716298 ACC: [21, -9, 510]
18:11:31.748085 ALT: 1.55
18:11:31.748367 ACC: [20, -8, 510]
18:11:31.780086 ALT: 1.55
18:11:31.780360 ACC: [20, -8, 510]
18:11:31.812196 ALT: 1.55
18:11:31.812605 ACC: [20, -8, 510]
18:11:31.844335 ALT: 1.55
18:11:31.844690 ACC: [20, -8, 509]
18:11:31.876164 ALT: 1.55
18:11:31.876435 ACC: [21, -8, 510]
18:11:31.908059 ALT: 1.55
18:11:31.908271 ACC: [20, -8, 510]
18:11:31.940093 ALT: 1.55
18:11:31.940327 ACC: [20, -8, 510]
18:11:31.972192 ALT: 1.55
18:11:31.972448 ACC: [20, -8, 510]
18:11:32.004406 ALT: 1.55
18:11:32.004777 ACC: [20, -8, 510]
18:11:32.036135 ALT: 1.55
18:11:32.036390 ACC: [20, -8, 510]
18:11:32.068149 ALT: 1.55
18:11:32.068399 ACC: [20, -8, 510]
18:11:32.100049 ALT: 1.55
18:11:32.100288 ACC: [20, -8, 510]
18:11:32.132088 ALT: 1.55
18:11:32.132349 ACC: [20, -8, 509]
18:11:32.164110 ALT: 1.55
18:11:32.164352 ACC: [20, -8, 510]
18:11:32.196811 ALT: 1.55
18:11:32.197195 ACC: [20, -8, 509]
18:11:32.229765 ALT: 1.55
18:11:32.230275 ACC: [20, -8, 509]
18:11:32.260403 ALT: 1.55
18:11:32.260829 ACC: [20, -8, 510]
18:11:32.292167 ALT: 1.55
18:11:32.292462 ACC: [20, -8, 510]
18:11:32.326001 ALT: 1.55
18:11:32.326460 ACC: [20, -8, 510]
18:11:32.356392 ALT: 1.55
18:11:32.356838 ACC: [21, -8, 510]
18:11:32.388751 ALT: 1.55
18:11:32.389109 ACC: [20, -8, 510]
18:11:32.420313 ALT: 1.55
18:11:32.420520 ACC: [20, -8, 510]
18:11:32.455652 ALT: 1.55
18:11:32.456549 ACC: [20, -8, 510]
18:11:32.484161 ALT: 1.55
18:11:32.484445 ACC: [20, -8, 510]
18:11:32.516774 ALT: 1.55
18:11:32.5171