Waiting for MSP_API_VERSION reply...
Waiting for MSP_FC_VARIANT reply...
{'apiVersion': '1.44.0', 'flightControllerIdentifier': 'BTFL', 'flightControllerVersion': '4.3.2', 'version': 0, 'buildInfo': 'Apr  7 2023 03:15:27', 'multiType': 0, 'msp_version': 0, 'capability': 0, 'cycleTime': 314, 'i2cError': 0, 'activeSensors': 35, 'mode': 2, 'profile': 0, 'uid': [3473443, 858998536, 959590705], 'accelerometerTrims': [0, 0], 'name': '', 'displayName': 'BOARD MODULE', 'numProfiles': 3, 'rateProfile': 0, 'boardType': 2, 'armingDisableCount': 26, 'armingDisableFlags': 4, 'armingDisabled': False, 'runawayTakeoffPreventionDisabled': False, 'boardIdentifier': 'SBF4', 'boardVersion': 0, 'commCapabilities': 3, 'targetName': 'SPEEDYBEEF405V3', 'boardName': 'SPEEDYBEEF405V3', 'manufacturerId': '', 'signature': [0, 0, 0, 0, 0, 0, 0, 0, 0, 0, 0, 0, 0, 0, 0, 0, 0, 0, 0, 0, 0, 0, 0, 0, 0, 0, 0, 0, 0, 0, 0, 0], 'cpuload': 39, 'mcuTypeId': 3, 'mspProtocolVersion': 0, 'flightModeFlags': []}
13:07:26.180693 ALT: 0.69
13:07:26.181163 ACC: [29, -26, 508]
13:07:26.212707 ALT: 0.69
13:07:26.213027 ACC: [29, -26, 509]
13:07:26.244845 ALT: 0.69
13:07:26.245206 ACC: [30, -26, 509]
13:07:26.276821 ALT: 0.69
13:07:26.277169 ACC: [29, -26, 509]
13:07:26.311066 ALT: 0.69
13:07:26.311394 ACC: [29, -27, 509]
13:07:26.340760 ALT: 0.69
13:07:26.341161 ACC: [29, -26, 509]
13:07:26.373290 ALT: 0.69
13:07:26.373977 ACC: [29, -26, 509]
13:07:26.405336 ALT: 0.69
13:07:26.406076 ACC: [29, -26, 509]
13:07:26.439751 ALT: 0.69
13:07:26.440270 ACC: [29, -26, 508]
Easycap format used: ImageFormat(type=<BufType.VIDEO_CAPTURE: 1>, description='YUYV 4:2:2', flags=<ImageFormatFlag.0: 0>, pixel_format=<PixelFormat.YUYV: 1448695129>)
13:07:26.472971 ALT: 0.69
13:07:26.473209 ACC: [29, -27, 508]
13:07:26.500675 ALT: 0.69
13:07:26.500901 ACC: [29, -26, 509]
13:07:26.532626 ALT: 0.69
13:07:26.532828 ACC: [29, -26, 509]
13:07:26.564654 ALT: 0.69
13:07:26.564868 ACC: [29, -26, 509]
13:07:26.596756 ALT: 0.69
13:07:26.597015 ACC: [29, -26, 509]
13:07:26.628772 ALT: 0.69
13:07:26.629080 ACC: [29, -26, 508]
13:07:26.660726 ALT: 0.69
13:07:26.660940 ACC: [29, -26, 509]
13:07:26.692815 ALT: 0.69
13:07:26.693033 ACC: [29, -26, 509]
13:07:26.724903 ALT: 0.69
13:07:26.725160 ACC: [29, -27, 508]
13:07:26.756995 ALT: 0.69
13:07:26.757365 ACC: [29, -27, 508]
Initialize navigation params:
Delay=0.03, Kp=40.0, Ki=0.0, Kd=40.0
Starting Main workflow
13:07:26.788955 ALT: 0.69
13:07:26.789277 ACC: [29, -27, 508]
13:07:26.821371 ALT: 0.69
13:07:26.821683 ACC: [29, -27, 508]
13:07:26.852727 ALT: 0.69
13:07:26.853002 ACC: [29, -26, 508]
13:07:26.901250 ALT: 0.69
13:07:26.901691 ACC: [29, -26, 508]
13:07:26.941594 ALT: 0.69
13:07:26.941829 ACC: [29, -26, 509]
13:07:26.981967 ALT: 0.69
13:07:26.982329 ACC: [29, -27, 508]
13:07:27.018592 ALT: 0.69
13:07:27.020558 ACC: [29, -26, 508]
13:07:27.047300 ALT: 0.69
13:07:27.047558 ACC: [30, -26, 508]
13:07:27.078044 ALT: 0.69
13:07:27.078546 ACC: [29, -27, 508]
13:07:27.128534 ALT: 0.69
13:07:27.128928 ACC: [29, -26, 509]
13:07:27.159536 ALT: 0.69
13:07:27.159834 ACC: [29, -26, 509]
13:07:27.188847 ALT: 0.69
13:07:27.189070 ACC: [30, -26, 509]
13:07:27.220861 ALT: 0.69
13:07:27.221085 ACC: [29, -26, 509]
13:07:27.253010 ALT: 0.69
13:07:27.253239 ACC: [29, -26, 509]
13:07:27.302290 ALT: 0.69
13:07:27.302722 ACC: [29, -26, 509]
13:07:27.349494 ALT: 0.69
13:07:27.349905 ACC: [29, -26, 509]
13:07:27.381099 ALT: 0.69
13:07:27.381582 ACC: [29, -26, 508]
13:07:27.412961 ALT: 0.69
13:07:27.413558 ACC: [29, -26, 508]
13:07:27.452291 ALT: 0.69
13:07:27.452653 ACC: [29, -26, 508]
13:07:27.481560 ALT: 0.69
13:07:27.481813 ACC: [29, -26, 508]
13:07:27.509677 ALT: 0.69
13:07:27.509968 ACC: [29, -26, 508]
13:07:27.544667 ALT: 0.69
13:07:27.545188 ACC: [30, -26, 509]
13:07:27.574999 ALT: 0.69
13:07:27.575301 ACC: [30, -26, 509]
13:07:27.605170 ALT: 0.69
13:07:27.605567 ACC: [29, -26, 508]
13:07:27.637057 ALT: 0.69
13:07:27.637291 ACC: [29, -26, 509]
13:07:27.670729 ALT: 0.69
13:07:27.671045 ACC: [29, -27, 509]
13:07:27.700850 ALT: 0.69
13:07:27.701152 ACC: [29, -26, 509]
13:07:27.732803 ALT: 0.69
13:07:27.733044 ACC: [29, -26, 508]
13:07:27.764921 ALT: 0.69
13:07:27.765240 ACC: [29, -27, 509]
13:07:27.796906 ALT: 0.69
13:07:27.797114 ACC: [29, -26, 509]
13:07:27.844943 ALT: 0.69
13:07:27.845356 ACC: [29, -26, 509]
13:07:27.877260 ALT: 0.69
13:07:27.877517 ACC: [29, -26, 509]
13:07:27.909301 ALT: 0.69
13:07:27.909596 ACC: [29, -26, 509]
13:07:27.941892 ALT: 0.69
13:07:27.942615 ACC: [29, -26, 509]
13:07:27.973020 ALT: 0.69
13:07:27.973336 ACC: [29, -26, 509]
13:07:28.004945 ALT: 0.69
13:07:28.005183 ACC: [29, -26, 509]
13:07:28.036980 ALT: 0.69
13:07:28.037323 ACC: [29, -26, 509]
13:07:28.069028 ALT: 0.69
13:07:28.069283 ACC: [29, -26, 509]
13:07:28.100867 ALT: 0.69
13:07:28.101101 ACC: [29, -26, 509]
13:07:28.132921 ALT: 0.69
13:07:28.133175 ACC: [29, -26, 509]
13:07:28.165047 ALT: 0.69
13:07:28.165365 ACC: [29, -26, 508]
13:07:28.197147 ALT: 0.69
13:07:28.197407 ACC: [29, -26, 508]
13:07:28.229060 ALT: 0.69
13:07:28.229299 ACC: [29, -27, 509]
13:07:28.261008 ALT: 0.69
13:07:28.261236 ACC: [29, -27, 509]
13:07:28.292995 ALT: 0.69
13:07:28.293207 ACC: [29, -26, 509]
13:07:28.325856 ALT: 0.69
13:07:28.326091 ACC: [29, -26, 509]
13:07:28.357217 ALT: 0.69
13:07:28.357470 ACC: [29, -26, 509]
13:07:28.389007 ALT: 0.69
13:07:28.389259 ACC: [29, -26, 509]
13:07:28.421028 ALT: 0.69
13:07:28.421309 ACC: [29, -26, 508]
13:07:28.453054 ALT: 0.69
13:07:28.453303 ACC: [29, -26, 508]
13:07:28.484959 ALT: 0.69
13:07:28.485187 ACC: [29, -26, 508]
13:07:28.517053 ALT: 0.69
13:07:28.517294 ACC: [29, -26, 509]
13:07:28.549018 ALT: 0.69
13:07:28.549246 ACC: [29, -26, 509]
13:07:28.581490 ALT: 0.69
13:07:28.582082 ACC: [29, -26, 509]
13:07:28.613113 ALT: 0.69
13:07:28.613622 ACC: [29, -26, 509]
13:07:28.645138 ALT: 0.69
13:07:28.645382 ACC: [29, -26, 509]
13:07:28.683571 ALT: 0.69
13:07:28.683815 ACC: [29, -26, 509]
13:07:28.714284 ALT: 0.69
13:07:28.714816 ACC: [29, -26, 508]
13:07:28.744968 ALT: 0.69
13:07:28.745216 ACC: [29, -27, 508]
13:07:28.779636 ALT: 0.69
13:07:28.779867 ACC: [29, -26, 508]
13:07:28.805465 ALT: 0.69
13:07:28.805786 ACC: [29, -26, 509]
13:07:28.841781 ALT: 0.69
13:07:28.842028 ACC: [29, -26, 508]
13:07:28.869147 ALT: 0.69
13:07:28.869459 ACC: [29, -26, 509]
13:07:28.901027 ALT: 0.69
13:07:28.901265 ACC: [30, -26, 509]
13:07:28.933193 ALT: 0.69
13:07:28.933519 ACC: [30, -26, 508]
13:07:28.965721 ALT: 0.69
13:07:28.970762 ACC: [29, -26, 508]
13:07:28.997484 ALT: 0.69
13:07:28.997872 ACC: [29, -26, 508]
13:07:29.029082 ALT: 0.69
13:07:29.029311 ACC: [29, -26, 508]
13:07:29.061162 ALT: 0.69
13:07:29.061398 ACC: [29, -26, 508]
13:07:29.093176 ALT: 0.69
13:07:29.093497 ACC: [29, -26, 508]
13:07:29.125161 ALT: 0.69
13:07:29.125400 ACC: [29, -26, 508]
13:07:29.159611 ALT: 0.69
13:07:29.159995 ACC: [29, -26, 508]
13:07:29.189107 ALT: 0.69
13:07:29.189426 ACC: [29, -27, 508]
13:07:29.221110 ALT: 0.69
13:07:29.221327 ACC: [29, -27, 508]
13:07:29.253132 ALT: 0.69
13:07:29.253361 ACC: [29, -26, 507]
13:07:29.285122 ALT: 0.69
13:07:29.285350 ACC: [29, -26, 508]
13:07:29.317362 ALT: 0.69
13:07:29.317591 ACC: [29, -26, 508]
13:07:29.349548 ALT: 0.69
13:07:29.349789 ACC: [29, -26, 508]
13:07:29.381297 ALT: 0.69
13:07:29.381599 ACC: [29, -26, 508]
13:07:29.416676 ALT: 0.69
13:07:29.416931 ACC: [29, -26, 508]
13:07:29.445148 ALT: 0.69
13:07:29.445364 ACC: [29, -27, 508]
13:07:29.477357 ALT: 0.69
13:07:29.477722 ACC: [29, -26, 508]
13:07:29.509321 ALT: 0.69
13:07:29.509583 ACC: [29, -26, 508]
13:07:29.541189 ALT: 0.69
13:07:29.541417 ACC: [30, -26, 508]
13:07:29.573225 ALT: 0.69
13:07:29.573461 ACC: [29, -26, 508]
13:07:29.605198 ALT: 0.69
13:07:29.605457 ACC: [29, -26, 508]
13:07:29.638763 ALT: 0.69
13:07:29.640721 ACC: [29, -26, 508]
13:07:29.686929 ALT: 0.69
13:07:29.687347 ACC: [30, -26, 508]
13:07:29.717205 ALT: 0.69
13:07:29.717607 ACC: [30, -26, 509]
13:07:29.749862 ALT: 0.73
13:07:29.750278 ACC: [29, -26, 509]
13:07:29.781353 ALT: 0.76
13:07:29.781921 ACC: [29, -26, 509]
13:07:29.816160 ALT: 0.77
13:07:29.816385 ACC: [29, -26, 509]
13:07:29.846477 ALT: 0.77
13:07:29.847061 ACC: [29, -26, 509]
13:07:29.877382 ALT: 0.77
13:07:29.877651 ACC: [29, -27, 509]
13:07:29.909364 ALT: 0.77
13:07:29.909619 ACC: [29, -26, 509]
13:07:29.941389 ALT: 0.77
13:07:29.941767 ACC: [29, -26, 509]
13:07:29.973199 ALT: 0.77
13:07:29.973435 ACC: [29, -26, 509]
13:07:30.005258 ALT: 0.77
13:07:30.005494 ACC: [29, -26, 509]
13:07:30.037236 ALT: 0.74
13:07:30.037464 ACC: [29, -26, 509]
13:07:30.069162 ALT: 0.72
13:07:30.069370 ACC: [29, -26, 509]
13:07:30.101153 ALT: 0.74
13:07:30.101361 ACC: [29, -26, 509]
13:07:30.133213 ALT: 0.77
13:07:30.133430 ACC: [29, -26, 509]
13:07:30.165224 ALT: 0.77
13:07:30.165438 ACC: [29, -26, 508]
13:07:30.197216 ALT: 0.77
13:07:30.197428 ACC: [29, -26, 508]
13:07:30.229200 ALT: 0.77
13:07:30.229408 ACC: [29, -26, 509]
13:07:30.261272 ALT: 0.77
13:07:30.261488 ACC: [29, -26, 508]
13:07:30.293223 ALT: 0.77
13:07:30.293437 ACC: [29, -26, 508]
13:07:30.325262 ALT: 0.77
13:07:30.325467 ACC: [29, -27, 508]
13:07:30.357365 ALT: 0.77
13:07:30.357627 ACC: [29, -27, 508]
13:07:30.389248 ALT: 0.77
13:07:30.389462 ACC: [29, -26, 509]
13:07:30.421287 ALT: 0.77
13:07:30.421500 ACC: [29, -27, 509]
13:07:30.453248 ALT: 0.77
13:07:30.453458 ACC: [29, -26, 509]
13:07:30.485253 ALT: 0.77
13:07:30.485462 ACC: [29, -26, 509]
13:07:30.517264 ALT: 0.77
13:07:30.517478 ACC: [29, -26, 508]
13:07:30.549452 ALT: 0.77
13:07:30.549665 ACC: [30, -26, 509]
13:07:30.581811 ALT: 0.77
13:07:30.582045 ACC: [30, -26, 510]
13:07:30.614071 ALT: 0.77
13:07:30.614350 ACC: [29, -26, 509]
13:07:30.650448 ALT: 0.77
13:07:30.651669 ACC: [29, -26, 508]
13:07:30.677508 ALT: 0.77
13:07:30.677885 ACC: [30, -26, 508]
13:07:30.709441 ALT: 0.77
13:07:30.709879 ACC: [29, -26, 508]
13:07:30.741921 ALT: 0.77
13:07:30.744132 ACC: [29, -26, 509]
13:07:30.773496 ALT: 0.77
13:07:30.773813 ACC: [29, -27, 509]
13:07:30.808341 ALT: 0.77
13:07:30.808714 ACC: [29, -26, 509]
13:07:30.839831 ALT: 0.77
13:07:30.840045 ACC: [29, -26, 509]
13:07:30.872217 ALT: 0.77
13:07:30.872864 ACC: [29, -26, 508]
13:07:30.901436 ALT: 0.77
13:07:30.901667 ACC: [29, -26, 509]
13:07:30.933395 ALT: 0.77
13:07:30.933631 ACC: [30, -26, 509]
13:07:30.965682 ALT: 0.77
13:07:30.965907 ACC: [29, -26, 509]
13:07:30.997356 ALT: 0.77
13:07:30.997611 ACC: [29, -26, 509]
13:07:31.029360 ALT: 0.77
13:07:31.029605 ACC: [29, -26, 509]
13:07:31.061369 ALT: 0.77
13:07:31.061604 ACC: [29, -27, 509]
13:07:31.093439 ALT: 0.81
13:07:31.093679 ACC: [29, -26, 509]
13:07:31.125423 ALT: 0.83
13:07:31.125696 ACC: [29, -26, 509]
13:07:31.157890 ALT: 0.84
13:07:31.158100 ACC: [29, -27, 509]
13:07:31.189391 ALT: 0.82
13:07:31.189606 ACC: [29, -26, 509]
13:07:31.221428 ALT: 0.8
13:07:31.221658 ACC: [29, -26, 509]
13:07:31.253417 ALT: 0.79
13:07:31.253631 ACC: [7526, -6656, -513]
13:07:31.285488 ALT: 0.82
13:07:31.285718 ACC: [29, -26, 509]
13:07:31.317450 ALT: 0.84
13:07:31.317666 ACC: [29, -27, 509]
13:07:31.349469 ALT: 0.85
13:07:31.349702 ACC: [29, -26, 508]
13:07:31.381789 ALT: 0.85
13:07:31.382015 ACC: [29, -27, 509]
13:07:31.414334 ALT: 0.85
13:07:31.414582 ACC: [29, -26, 509]
13:07:31.445498 ALT: 0.85
13:07:31.445810 ACC: [29, -26, 509]
13:07:31.477622 ALT: 0.85
13:07:31.477955 ACC: [29, -26, 509]
13:07:31.525428 ALT: 0.85
13:07:31.525634 ACC: [29, -26, 509]
13:07:31.557483 ALT: 0.85
13:07:31.557765 ACC: [30, -27, 509]
13:07:31.589439 ALT: 0.85
13:07:31.589647 ACC: [29, -27, 509]
13:07:31.621485 ALT: 0.85
13:07:31.621693 ACC: [29, -26, 509]
13:07:31.653469 ALT: 0.85
13:07:31.653681 ACC: [29, -26, 509]
13:07:31.685414 ALT: 0.85
13:07:31.685711 ACC: [29, -26, 509]
13:07:31.717425 ALT: 0.85
13:07:31.717638 ACC: [29, -26, 509]
13:07:31.749577 ALT: 0.85
13:07:31.749791 ACC: [29, -26, 509]
13:07:31.782348 ALT: 0.85
13:07:31.782759 ACC: [29, -26, 509]
13:07:31.813629 ALT: 0.85
13:07:31.814136 ACC: [29, -26, 509]
13:07:31.845700 ALT: 0.85
13:07:31.846039 ACC: [29, -26, 509]
13:07:31.878012 ALT: 0.85
13:07:31.878333 ACC: [29, -27, 509]
13:07:31.909640 ALT: 0.85
13:07:31.910118 ACC: [29, -27, 510]
13:07:31.941490 ALT: 0.85
13:07:31.941698 ACC: [29, -26, 509]
13:07:31.973518 ALT: 0.85
13:07:31.973727 ACC: [29, -26, 509]
13:07:32.005518 ALT: 0.85
13:07:32.005748 ACC: [29, -26, 509]
13:07:32.037410 ALT: 0.85
13:07:32.037619 ACC: [29, -26, 510]
13:07:32.069440 ALT: 0.85
13:07:32.069646 ACC: [29, -26, 509]
13:07:32.101514 ALT: 0.85
13:07:32.101715 ACC: [29, -26, 510]
13:07:32.133640 ALT: 0.85
13:07:32.133963 ACC: [29, -26, 509]
13:07:32.165537 ALT: 0.85
13:07:32.165743 ACC: [29, -26, 509]
13:07:32.197513 ALT: 0.85
13:07:32.197715 ACC: [29, -26, 509]
13:07:32.229563 ALT: 0.85
13:07:32.229768 ACC: [29, -26, 509]
13:07:32.261500 ALT: 0.85
13:07:32.261712 ACC: [29, -26, 508]
13:07:32.293543 ALT: 0.85
13:07:32.293750 ACC: [29, -26, 509]
13:07:32.325588 ALT: 0.85
13:07:32.325802 ACC: [29, -26, 509]
13:07:32.357562 ALT: 0.85
13:07:32.357787 ACC: [29, -27, 509]
13:07:32.396457 ALT: 0.85
13:07:32.398341 ACC: [29, -27, 509]
13:07:32.422614 ALT: 0.85
13:07:32.423082 ACC: [29, -26, 509]
13:07:32.453795 ALT: 0.85
13:07:32.454105 ACC: [29, -26, 509]
13:07:32.485600 ALT: 0.85
13:07:32.485840 ACC: [30, -26, 509]
13:07:32.517613 ALT: 0.85
13:07:32.517858 ACC: [29, -26, 509]
13:07:32.550471 ALT: 0.85
13:07:32.550868 ACC: [29, -26, 509]
13:07:32.582068 ALT: 0.85
13:07:32.582491 ACC: [29, -26, 509]
13:07:32.614150 ALT: 0.85
13:07:32.614566 ACC: [29, -26, 509]
13:07:32.645776 ALT: 0.85
13:07:32.646149 ACC: [29, -26, 509]
13:07:32.677765 ALT: 0.85
13:07:32.678164 ACC: [29, -27, 509]
13:07:32.709765 ALT: 0.85
13:07:32.710157 ACC: [29, -27, 509]
13:07:32.744607 ALT: 0.85
13:07:32.744979 ACC: [29, -26, 509]
13:07:32.776664 ALT: 0.85
13:07:32.777057 ACC: [29, -27, 509]
13:07:32.805613 ALT: 0.85
13:07:32.805865 ACC: [29, -26, 509]
13:07:32.837575 ALT: 0.85
13:07:32.837802 ACC: [29, -26, 509]
13:07:32.869635 ALT: 0.85
13:07:32.869869 ACC: [29, -26, 509]
13:07:32.901684 ALT: 0.85
13:07:32.901916 ACC: [29, -26, 509]
13:07:32.933634 ALT: 0.85
13:07:32.933869 ACC: [29, -26, 509]
13:07:32.965720 ALT: 0.85
13:07:32.965954 ACC: [29, -26, 509]
13:07:32.997660 ALT: 0.85
13:07:32.998023 ACC: [29, -26, 509]
13:07:33.034312 ALT: 0.85
13:07:33.034576 ACC: [30, -26, 509]
13:07:33.061688 ALT: 0.85
13:07:33.061933 ACC: [29, -26, 508]
13:07:33.093662 ALT: 0.85
13:07:33.093920 ACC: [30, -26, 509]
13:07:33.125762 ALT: 0.85
13:07:33.126356 ACC: [30, -26, 509]
13:07:33.157730 ALT: 0.85
13:07:33.157971 ACC: [29, -27, 509]
13:07:33.189700 ALT: 0.85
13:07:33.189995 ACC: [29, -26, 509]
13:07:33.221907 ALT: 0.89
13:07:33.222182 ACC: [29, -26, 509]
13:07:33.254192 ALT: 0.93
13:07:33.254512 ACC: [29, -27, 509]
13:07:33.289927 ALT: 0.94
13:07:33.290195 ACC: [29, -26, 510]
13:07:33.318933 ALT: 0.94
13:07:33.319207 ACC: [29, -26, 510]
13:07:33.365908 ALT: 0.91
13:07:33.366293 ACC: [29, -26, 510]
13:07:33.397856 ALT: 0.89
13:07:33.398097 ACC: [29, -26, 509]
13:07:33.432498 ALT: 0.87
13:07:33.433243 ACC: [29, -26, 509]
13:07:33.461708 ALT: 0.87
13:07:33.461936 ACC: [29, -27, 509]
13:07:33.493718 ALT: 0.87
13:07:33.493945 ACC: [29, -27, 510]
13:07:33.525708 ALT: 0.87
13:07:33.525937 ACC: [29, -26, 509]
13:07:33.557947 ALT: 0.87
13:07:33.558202 ACC: [29, -26, 510]
13:07:33.589714 ALT: 0.87
13:07:33.589914 ACC: [29, -26, 509]
13:07:33.622924 ALT: 0.87
13:07:33.623340 ACC: [29, -26, 509]
13:07:33.654926 ALT: 0.9
13:07:33.655318 ACC: [29, -26, 509]
13:07:33.686723 ALT: 0.92
13:07:33.687325 ACC: [29, -27, 509]
13:07:33.717927 ALT: 0.93
13:07:33.718250 ACC: [29, -26, 510]
13:07:33.749700 ALT: 0.94
13:07:33.749901 ACC: [29, -26, 510]
13:07:33.781837 ALT: 0.94
13:07:33.782085 ACC: [29, -26, 510]
13:07:33.813969 ALT: 0.94
13:07:33.814245 ACC: [29, -27, 509]
13:07:33.845944 ALT: 0.94
13:07:33.846292 ACC: [29, -26, 509]
13:07:33.878079 ALT: 0.94
13:07:33.878329 ACC: [29, -26, 510]
13:07:33.910050 ALT: 0.94
13:07:33.910345 ACC: [29, -26, 510]
13:07:33.951200 ALT: 0.94
13:07:33.951479 ACC: [29, -26, 510]
13:07:33.989948 ALT: 0.94
13:07:33.990219 ACC: [29, -27, 509]
13:07:34.022012 ALT: 0.91
13:07:34.022379 ACC: [29, -27, 509]
13:07:34.061731 ALT: 0.91
13:07:34.062095 ACC: [29, -26, 509]
13:07:34.117896 ALT: 0.93
13:07:34.118198 ACC: [29, -26, 509]
13:07:34.152939 ALT: 0.88
13:07:34.153529 ACC: [29, -26, 509]
13:07:34.184728 ALT: 0.93
13:07:34.185409 ACC: [29, -27, 509]
13:07:34.214007 ALT: 0.94
13:07:34.214279 ACC: [30, -26, 509]
13:07:34.246035 ALT: 0.94
13:07:34.246423 ACC: [29, -26, 510]
13:07:34.285349 ALT: 0.94
13:07:34.285601 ACC: [29, -26, 509]
13:07:34.325872 ALT: 0.94
13:07:34.326161 ACC: [29, -26, 509]
13:07:34.359658 ALT: 0.94
13:07:34.359965 ACC: [29, -26, 509]
13:07:34.389945 ALT: 0.94
13:07:34.390322 ACC: [29, -27, 509]
13:07:34.421897 ALT: 0.94
13:07:34.422111 ACC: [29, -26, 509]
13:07:34.453913 ALT: 0.94
13:07:34.454154 ACC: [29, -26, 509]
13:07:34.486335 ALT: 0.94
13:07:34.486566 ACC: [29, -26, 509]
13:07:34.518859 ALT: 0.94
13:07:34.519247 ACC: [29, -26, 510]
13:07:34.552040 ALT: 0.94
13:07:34.552414 ACC: [29, -26, 510]
13:07:34.582015 ALT: 0.91
13:07:34.582257 ACC: [29, -27, 509]
13:07:34.616643 ALT: 0.91
13:07:34.616880 ACC: [29, -26, 509]
13:07:34.646014 ALT: 0.93
13:07:34.646346 ACC: [29, -26, 509]
13:07:34.677913 ALT: 0.94
13:07:34.678142 ACC: [29, -27, 509]
13:07:34.709838 ALT: 0.94
13:07:34.710066 ACC: [29, -27, 509]
13:07:34.741978 ALT: 0.94
13:07:34.742213 ACC: [29, -27, 510]
13:07:34.773817 ALT: 0.94
13:07:34.774037 ACC: [29, -26, 510]
13:07:34.805943 ALT: 0.94
13:07:34.806183 ACC: [29, -27, 510]
13:07:34.837935 ALT: 0.94
13:07:34.838172 ACC: [29, -27, 509]
13:07:34.869933 ALT: 0.94
13:07:34.870178 ACC: [29, -26, 509]
13:07:34.901904 ALT: 0.94
13:07:34.902152 ACC: [29, -26, 509]
13:07:34.933921 ALT: 0.94
13:07:34.934153 ACC: [29, -26, 509]
13:07:34.965952 ALT: 0.94
13:07:34.966185 ACC: [29, -26, 509]
13:07:34.997965 ALT: 0.94
13:07:34.998203 ACC: [29, -27, 509]
13:07:35.029973 ALT: 0.94
13:07:35.030206 ACC: [29, -27, 509]
13:07:35.061978 ALT: 0.94
13:07:35.062190 ACC: [29, -26, 509]
13:07:35.093966 ALT: 0.94
13:07:35.094246 ACC: [29, -26, 509]
13:07:35.125977 ALT: 0.94
13:07:35.126242 ACC: [29, -27, 509]
13:07:35.158050 ALT: 0.94
13:07:35.158292 ACC: [29, -27, 509]
13:07:35.190005 ALT: 0.94
13:07:35.190236 ACC: [29, -27, 509]
13:07:35.222120 ALT: 0.94
13:07:35.222471 ACC: [29, -26, 509]
13:07:35.269966 ALT: 0.94
13:07:35.270188 ACC: [29, -27, 509]
13:07:35.301930 ALT: 0.94
13:07:35.302229 ACC: [30, -26, 509]
13:07:35.334167 ALT: 0.94
13:07:35.334420 ACC: [29, -27, 509]
13:07:35.365962 ALT: 0.94
13:07:35.366247 ACC: [29, -27, 509]
13:07:35.400710 ALT: 0.94
13:07:35.401134 ACC: [29, -26, 508]
13:07:35.431588 ALT: 0.94
