Waiting for MSP_API_VERSION reply...
Waiting for MSP_FC_VARIANT reply...
{'apiVersion': '1.44.0', 'flightControllerIdentifier': 'BTFL', 'flightControllerVersion': '4.3.2', 'version': 0, 'buildInfo': 'Nov 28 2022 07:26:30', 'multiType': 0, 'msp_version': 0, 'capability': 0, 'cycleTime': 312, 'i2cError': 0, 'activeSensors': 35, 'mode': 2, 'profile': 0, 'uid': [3145761, 858867466, 875836466], 'accelerometerTrims': [0, 0], 'name': '', 'displayName': 'BOARD MODULE', 'numProfiles': 3, 'rateProfile': 0, 'boardType': 2, 'armingDisableCount': 26, 'armingDisableFlags': 4, 'armingDisabled': False, 'runawayTakeoffPreventionDisabled': False, 'boardIdentifier': 'S405', 'boardVersion': 0, 'commCapabilities': 55, 'targetName': 'STM32F405', 'boardName': 'SPEEDYBEEF405V3', 'manufacturerId': 'SPBE', 'signature': [0, 0, 0, 0, 0, 0, 0, 0, 0, 0, 0, 0, 0, 0, 0, 0, 0, 0, 0, 0, 0, 0, 0, 0, 0, 0, 0, 0, 0, 0, 0, 0], 'cpuload': 21, 'mcuTypeId': 3, 'mspProtocolVersion': 0, 'flightModeFlags': []}
14:10:05.045255 ALT: 0.45
14:10:05.061280 ALT: 0.45
14:10:05.077377 ALT: 0.45
14:10:05.093285 ALT: 0.45
14:10:05.109247 ALT: 0.45
14:10:05.126786 ALT: 0.45
14:10:05.143088 ALT: 0.45
Easycap format used: ImageFormat(type=<BufType.VIDEO_CAPTURE: 1>, description='YUYV 4:2:2', flags=<ImageFormatFlag.0: 0>, pixel_format=<PixelFormat.YUYV: 1448695129>)
14:10:05.157375 ALT: 0.45
14:10:05.173275 ALT: 0.45
14:10:05.189222 ALT: 0.45
14:10:05.205244 ALT: 0.45
14:10:05.221243 ALT: 0.45
14:10:05.237344 ALT: 0.45
14:10:05.253293 ALT: 0.45
14:10:05.269343 ALT: 0.45
14:10:05.285619 ALT: 0.45
14:10:05.301562 ALT: 0.45
14:10:05.317467 ALT: 0.45
14:10:05.333388 ALT: 0.45
14:10:05.349391 ALT: 0.45
14:10:05.365395 ALT: 0.45
14:10:05.381353 ALT: 0.45
14:10:05.397316 ALT: 0.45
14:10:05.413549 ALT: 0.45
14:10:05.429456 ALT: 0.45
14:10:05.445299 ALT: 0.45
Initialize navigation params:
Delay=0.005, Kp=10, Ki=0.5, Kd=0.0
Starting Main workflow
14:10:05.464888 ALT: 0.45
14:10:05.477402 ALT: 0.45
14:10:05.493451 ALT: 0.45
14:10:05.509337 ALT: 0.45
14:10:05.525355 ALT: 0.45
14:10:05.541327 ALT: 0.45
14:10:05.557583 ALT: 0.45
14:10:05.573320 ALT: 0.45
14:10:05.591233 ALT: 0.45
14:10:05.605452 ALT: 0.45
14:10:05.621602 ALT: 0.45
14:10:05.637327 ALT: 0.45
14:10:05.653718 ALT: 0.45
14:10:05.669646 ALT: 0.45
14:10:05.685588 ALT: 0.45
14:10:05.701501 ALT: 0.45
14:10:05.717449 ALT: 0.45
14:10:05.733504 ALT: 0.45
14:10:05.749514 ALT: 0.45
14:10:05.765468 ALT: 0.45
14:10:05.781354 ALT: 0.45
14:10:05.797435 ALT: 0.45
14:10:05.813475 ALT: 0.45
14:10:05.829537 ALT: 0.45
14:10:05.845434 ALT: 0.45
14:10:05.861441 ALT: 0.45
14:10:05.877477 ALT: 0.45
14:10:05.893589 ALT: 0.45
14:10:05.909479 ALT: 0.48
14:10:05.925455 ALT: 0.48
14:10:05.945491 ALT: 0.5
14:10:05.957996 ALT: 0.51
14:10:05.973510 ALT: 0.51
14:10:05.992888 ALT: 0.52
14:10:06.008407 ALT: 0.52
14:10:06.023399 ALT: 0.52
14:10:06.037835 ALT: 0.52
14:10:06.053699 ALT: 0.52
14:10:06.071296 ALT: 0.52
14:10:06.100732 ALT: 0.52
14:10:06.117544 ALT: 0.52
14:10:06.133681 ALT: 0.52
14:10:06.149464 ALT: 0.52
14:10:06.165505 ALT: 0.52
14:10:06.181615 ALT: 0.52
14:10:06.200230 ALT: 0.52
14:10:06.213677 ALT: 0.52
14:10:06.229659 ALT: 0.52
14:10:06.245855 ALT: 0.52
14:10:06.261639 ALT: 0.52
14:10:06.277701 ALT: 0.52
14:10:06.293622 ALT: 0.52
14:10:06.316948 ALT: 0.52
14:10:06.328148 ALT: 0.52
14:10:06.341827 ALT: 0.52
14:10:06.357737 ALT: 0.52
14:10:06.373699 ALT: 0.52
14:10:06.389683 ALT: 0.52
14:10:06.405630 ALT: 0.52
14:10:06.421711 ALT: 0.52
14:10:06.437632 ALT: 0.52
14:10:06.453835 ALT: 0.52
14:10:06.469608 ALT: 0.52
14:10:06.485984 ALT: 0.52
14:10:06.501585 ALT: 0.52
14:10:06.517604 ALT: 0.52
14:10:06.533634 ALT: 0.52
14:10:06.549489 ALT: 0.52
14:10:06.565597 ALT: 0.52
14:10:06.581578 ALT: 0.52
14:10:06.597684 ALT: 0.52
14:10:06.614561 ALT: 0.52
14:10:06.630420 ALT: 0.52
14:10:06.648784 ALT: 0.52
14:10:06.665580 ALT: 0.52
14:10:06.678589 ALT: 0.52
14:10:06.693959 ALT: 0.52
14:10:06.711504 ALT: 0.52
14:10:06.726422 ALT: 0.52
14:10:06.741555 ALT: 0.52
14:10:06.760781 ALT: 0.52
14:10:06.792054 ALT: 0.52
14:10:06.805487 ALT: 0.52
14:10:06.822848 ALT: 0.52
14:10:06.837862 ALT: 0.52
14:10:06.854312 ALT: 0.52
14:10:06.869592 ALT: 0.52
14:10:06.885577 ALT: 0.52
14:10:06.901727 ALT: 0.52
14:10:06.917619 ALT: 0.52
14:10:06.933582 ALT: 0.52
14:10:06.950999 ALT: 0.52
14:10:06.967253 ALT: 0.52
14:10:06.981495 ALT: 0.52
14:10:06.999672 ALT: 0.52
14:10:07.013704 ALT: 0.52
14:10:07.032559 ALT: 0.52
14:10:07.047056 ALT: 0.52
14:10:07.064244 ALT: 0.52
14:10:07.077640 ALT: 0.52
14:10:07.094106 ALT: 0.52
14:10:07.110617 ALT: 0.52
14:10:07.131161 ALT: 0.52
14:10:07.142195 ALT: 0.52
14:10:07.157667 ALT: 0.52
14:10:07.173679 ALT: 0.52
14:10:07.189726 ALT: 0.52
14:10:07.205563 ALT: 0.52
14:10:07.222510 ALT: 0.52
14:10:07.237713 ALT: 0.52
14:10:07.253724 ALT: 0.52
14:10:07.269680 ALT: 0.52
14:10:07.285756 ALT: 0.52
14:10:07.301672 ALT: 0.52
14:10:07.317632 ALT: 0.52
14:10:07.333757 ALT: 0.52
14:10:07.349643 ALT: 0.52
14:10:07.368438 ALT: 0.52
14:10:07.381587 ALT: 0.52
14:10:07.399842 ALT: 0.52
14:10:07.413700 ALT: 0.52
14:10:07.429738 ALT: 0.52
14:10:07.445624 ALT: 0.52
14:10:07.477709 ALT: 0.52
14:10:07.493778 ALT: 0.52
14:10:07.509738 ALT: 0.52
14:10:07.525977 ALT: 0.52
14:10:07.541926 ALT: 0.52
14:10:07.558017 ALT: 0.52
14:10:07.573712 ALT: 0.52
14:10:07.589758 ALT: 0.52
14:10:07.606151 ALT: 0.52
14:10:07.622000 ALT: 0.52
14:10:07.640624 ALT: 0.52
14:10:07.654413 ALT: 0.52
14:10:07.669792 ALT: 0.52
14:10:07.685776 ALT: 0.52
14:10:07.701749 ALT: 0.52
14:10:07.717908 ALT: 0.52
14:10:07.733706 ALT: 0.52
14:10:07.749617 ALT: 0.52
14:10:07.765769 ALT: 0.52
14:10:07.781872 ALT: 0.52
14:10:07.797720 ALT: 0.52
14:10:07.813695 ALT: 0.52
14:10:07.829723 ALT: 0.52
14:10:07.845782 ALT: 0.52
14:10:07.864625 ALT: 0.52
14:10:07.877730 ALT: 0.52
14:10:07.898542 ALT: 0.52
14:10:07.910975 ALT: 0.52
14:10:07.927793 ALT: 0.52
14:10:07.941731 ALT: 0.52
14:10:07.958623 ALT: 0.52
14:10:07.980687 ALT: 0.52
14:10:07.991675 ALT: 0.52
14:10:08.005786 ALT: 0.52
14:10:08.022798 ALT: 0.52
14:10:08.037790 ALT: 0.52
14:10:08.053760 ALT: 0.52
14:10:08.070006 ALT: 0.52
14:10:08.085895 ALT: 0.52
14:10:08.101781 ALT: 0.52
14:10:08.118759 ALT: 0.52
14:10:08.133699 ALT: 0.52
14:10:08.150654 ALT: 0.52
14:10:08.165823 ALT: 0.52
14:10:08.182028 ALT: 0.52
14:10:08.200225 ALT: 0.52
14:10:08.213840 ALT: 0.52
14:10:08.230076 ALT: 0.52
14:10:08.246054 ALT: 0.52
14:10:08.261896 ALT: 0.52
14:10:08.277927 ALT: 0.52
14:10:08.293917 ALT: 0.52
14:10:08.309832 ALT: 0.52
14:10:08.325923 ALT: 0.52
14:10:08.341824 ALT: 0.52
14:10:08.362522 ALT: 0.52
14:10:08.373845 ALT: 0.52
14:10:08.394016 ALT: 0.52
14:10:08.405781 ALT: 0.52
14:10:08.421991 ALT: 0.52
14:10:08.437831 ALT: 0.52
14:10:08.453864 ALT: 0.52
14:10:08.469834 ALT: 0.52
14:10:08.485876 ALT: 0.52
14:10:08.501820 ALT: 0.52
14:10:08.517795 ALT: 0.52
14:10:08.533906 ALT: 0.52
14:10:08.550543 ALT: 0.52
14:10:08.566239 ALT: 0.52
14:10:08.581901 ALT: 0.52
14:10:08.597894 ALT: 0.52
14:10:08.613962 ALT: 0.52
14:10:08.630298 ALT: 0.52
14:10:08.646136 ALT: 0.52
14:10:08.661958 ALT: 0.52
14:10:08.677863 ALT: 0.52
14:10:08.695629 ALT: 0.52
14:10:08.709849 ALT: 0.52
14:10:08.733814 ALT: 0.52
14:10:08.745838 ALT: 0.52
14:10:08.765342 ALT: 0.52
14:10:08.778649 ALT: 0.52
14:10:08.799201 ALT: 0.52
14:10:08.825182 ALT: 0.52
14:10:08.840507 ALT: 0.52
14:10:08.854595 ALT: 0.52
14:10:08.870214 ALT: 0.52
14:10:08.889508 ALT: 0.52
14:10:08.907846 ALT: 0.52
14:10:08.918623 ALT: 0.52
14:10:08.936617 ALT: 0.52
14:10:08.949831 ALT: 0.52
14:10:08.965876 ALT: 0.52
14:10:08.982037 ALT: 0.52
14:10:08.998392 ALT: 0.52
14:10:09.014222 ALT: 0.52
14:10:09.030055 ALT: 0.52
14:10:09.046159 ALT: 0.52
14:10:09.065663 ALT: 0.52
14:10:09.084858 ALT: 0.52
14:10:09.096885 ALT: 0.52
14:10:09.110270 ALT: 0.52
14:10:09.126219 ALT: 0.52
14:10:09.142074 ALT: 0.52
14:10:09.157936 ALT: 0.52
14:10:09.173943 ALT: 0.52
14:10:09.190332 ALT: 0.52
14:10:09.205933 ALT: 0.52
14:10:09.224395 ALT: 0.52
14:10:09.237931 ALT: 0.52
14:10:09.254027 ALT: 0.52
14:10:09.270923 ALT: 0.52
14:10:09.287891 ALT: 0.52
14:10:09.301919 ALT: 0.52
14:10:09.318845 ALT: 0.52
14:10:09.333971 ALT: 0.52
14:10:09.349940 ALT: 0.52
14:10:09.366036 ALT: 0.52
14:10:09.381982 ALT: 0.52
14:10:09.399010 ALT: 0.52
14:10:09.414162 ALT: 0.52
14:10:09.430406 ALT: 0.52
14:10:09.452929 ALT: 0.52
14:10:09.465861 ALT: 0.52
14:10:09.486796 ALT: 0.52
14:10:09.505348 ALT: 0.52
14:10:09.532185 ALT: 0.52
14:10:09.543085 ALT: 0.52
14:10:09.558262 ALT: 0.52
14:10:09.574299 ALT: 0.52
14:10:09.590328 ALT: 0.52
14:10:09.606389 ALT: 0.52
14:10:09.623649 ALT: 0.52
14:10:09.638215 ALT: 0.52
14:10:09.654027 ALT: 0.52
14:10:09.670064 ALT: 0.52
14:10:09.685977 ALT: 0.52
14:10:09.701979 ALT: 0.52
14:10:09.718075 ALT: 0.52
14:10:09.734018 ALT: 0.52
14:10:09.750021 ALT: 0.52
14:10:09.766102 ALT: 0.52
14:10:09.782042 ALT: 0.52
14:10:09.798041 ALT: 0.52
14:10:09.814062 ALT: 0.52
14:10:09.833250 ALT: 0.52
14:10:09.846029 ALT: 0.52
14:10:09.864489 ALT: 0.52
14:10:09.894861 ALT: 0.52
14:10:09.915711 ALT: 0.52
14:10:09.926660 ALT: 0.52
14:10:09.942073 ALT: 0.52
14:10:09.958148 ALT: 0.52
14:10:09.974054 ALT: 0.52
14:10:09.990205 ALT: 0.52
14:10:10.006143 ALT: 0.52
14:10:10.022660 ALT: 0.52
14:10:10.038235 ALT: 0.52
14:10:10.054074 ALT: 0.52
14:10:10.070181 ALT: 0.52
14:10:10.086051 ALT: 0.52
14:10:10.102194 ALT: 0.52
14:10:10.118882 ALT: 0.52
14:10:10.152705 ALT: 0.52
14:10:10.166977 ALT: 0.52
14:10:10.182971 ALT: 0.52
14:10:10.198994 ALT: 0.52
14:10:10.214623 ALT: 0.52
14:10:10.230405 ALT: 0.52
14:10:10.246069 ALT: 0.52
14:10:10.262059 ALT: 0.52
14:10:10.294183 ALT: 0.52
14:10:10.310201 ALT: 0.52
14:10:10.326191 ALT: 0.52
14:10:10.342048 ALT: 0.52
14:10:10.363630 ALT: 0.52
14:10:10.374518 ALT: 0.52
14:10:10.392995 ALT: 0.52
14:10:10.406070 ALT: 0.52
14:10:10.422308 ALT: 0.52
14:10:10.438065 ALT: 0.52
14:10:10.454195 ALT: 0.52
14:10:10.470130 ALT: 0.52
14:10:10.486071 ALT: 0.52
14:10:10.502090 ALT: 0.52
14:10:10.518031 ALT: 0.52
14:10:10.534147 ALT: 0.52
14:10:10.550092 ALT: 0.52
14:10:10.566092 ALT: 0.52
14:10:10.582081 ALT: 0.52
14:10:10.598140 ALT: 0.52
14:10:10.614120 ALT: 0.52
14:10:10.630897 ALT: 0.52
14:10:10.646081 ALT: 0.52
14:10:10.662440 ALT: 0.52
14:10:10.678091 ALT: 0.52
14:10:10.696291 ALT: 0.52
14:10:10.710132 ALT: 0.52
14:10:10.726619 ALT: 0.52
14:10:10.742283 ALT: 0.52
14:10:10.759046 ALT: 0.52
14:10:10.774238 ALT: 0.52
14:10:10.790190 ALT: 0.52
14:10:10.806235 ALT: 0.52
14:10:10.822194 ALT: 0.52
14:10:10.838549 ALT: 0.52
14:10:10.854978 ALT: 0.52
14:10:10.870613 ALT: 0.52
14:10:10.886129 ALT: 0.52
14:10:10.902178 ALT: 0.52
14:10:10.918189 ALT: 0.52
14:10:10.934182 ALT: 0.52
14:10:10.950201 ALT: 0.52
14:10:10.966282 ALT: 0.52
14:10:10.982159 ALT: 0.52
14:10:10.998196 ALT: 0.52
14:10:11.014209 ALT: 0.52
14:10:11.032036 ALT: 0.52
14:10:11.047520 ALT: 0.52
14:10:11.066008 ALT: 0.52
14:10:11.078270 ALT: 0.52
14:10:11.094398 ALT: 0.52
14:10:11.117296 ALT: 0.52
14:10:11.128260 ALT: 0.52
14:10:11.145263 ALT: 0.52
14:10:11.158546 ALT: 0.52
14:10:11.176732 ALT: 0.52
14:10:11.190268 ALT: 0.52
14:10:11.206231 ALT: 0.52
14:10:11.222549 ALT: 0.52
14:10:11.238253 ALT: 0.52
14:10:11.254280 ALT: 0.52
14:10:11.270225 ALT: 0.52
14:10:11.286175 ALT: 0.52
14:10:11.302241 ALT: 0.52
14:10:11.318269 ALT: 0.52
14:10:11.334285 ALT: 0.52
14:10:11.350218 ALT: 0.52
14:10:11.366362 ALT: 0.52
14:10:11.382319 ALT: 0.52
14:10:11.398306 ALT: 0.52
14:10:11.414281 ALT: 0.52
14:10:11.430471 ALT: 0.52
14:10:11.446254 ALT: 0.52
14:10:11.463161 ALT: 0.52
14:10:11.478244 ALT: 0.52
14:10:11.494369 ALT: 0.52
14:10:11.510789 ALT: 0.52
14:10:11.526539 ALT: 0.52
14:10:11.542315 ALT: 0.52
14:10:11.558414 ALT: 0.52
14:10:11.574302 ALT: 0.52
14:10:11.590290 ALT: 0.52
14:10:11.606268 ALT: 0.52
14:10:11.622234 ALT: 0.52
14:10:11.638277 ALT: 0.52
14:10:11.654457 ALT: 0.52
14:10:11.670297 ALT: 0.52
14:10:11.686246 ALT: 0.52
14:10:11.702304 ALT: 0.52
14:10:11.718223 ALT: 0.52
14:10:11.734257 ALT: 0.52
14:10:11.750312 ALT: 0.52
14:10:11.766704 ALT: 0.52
14:10:11.782277 ALT: 0.52
14:10:11.798375 ALT: 0.52
14:10:11.814398 ALT: 0.52
14:10:11.830436 ALT: 0.52
14:10:11.846340 ALT: 0.52
14:10:11.863148 ALT: 0.52
14:10:11.878343 ALT: 0.52
14:10:11.894513 ALT: 0.52
14:10:11.910616 ALT: 0.52
14:10:11.927230 ALT: 0.52
14:10:11.942328 ALT: 0.52
14:10:11.958324 ALT: 0.52
14:10:11.974389 ALT: 0.52
14:10:11.990404 ALT: 0.52
14:10:12.006323 ALT: 0.52
14:10:12.022385 ALT: 0.52
14:10:12.038303 ALT: 0.52
14:10:12.054321 ALT: 0.52
14:10:12.070366 ALT: 0.52
14:10:12.086386 ALT: 0.52
14:10:12.102302 ALT: 0.52
14:10:12.118391 ALT: 0.52
14:10:12.134362 ALT: 0.52
14:10:12.150332 ALT: 0.52
14:10:12.166449 ALT: 0.52
14:10:12.182353 ALT: 0.52
14:10:12.198384 ALT: 0.52
14:10:12.214429 ALT: 0.52
14:10:12.231001 ALT: 0.49
14:10:12.246366 ALT: 0.47
14:10:12.262585 ALT: 0.47
14:10:12.278418 ALT: 0.46
14:10:12.294611 ALT: 0.45
14:10:12.310558 ALT: 0.45
14:10:12.326775 ALT: 0.45
14:10:12.342416 ALT: 0.45
14:10:12.358413 ALT: 0.45
14:10:12.375403 ALT: 0.48
14:10:12.390564 ALT: 0.48
14:10:12.406471 ALT: 0.5
14:10:12.422884 ALT: 0.5
14:10:12.438405 ALT: 0.51
14:10:12.454416 ALT: 0.52
14:10:12.470462 ALT: 0.52
14:10:12.486413 ALT: 0.52
14:10:12.502457 ALT: 0.52
14:10:12.518389 ALT: 0.52
14:10:12.534555 ALT: 0.52
14:10:12.550549 ALT: 0.52
14:10:12.569669 ALT: 0.52
14:10:12.582558 ALT: 0.52
14:10:12.598499 ALT: 0.52
14:10:12.614568 ALT: 0.52
14:10:12.630504 ALT: 0.52
14:10:12.646542 ALT: 0.52
14:10:12.664965 ALT: 0.52
14:10:12.678829 ALT: 0.52
14:10:12.694702 ALT: 0.52
14:10:12.710716 ALT: 0.52
14:10:12.726684 ALT: 0.52
14:10:12.743241 ALT: 0.52
14:10:12.761815 ALT: 0.52
14:10:12.774674 ALT: 0.52
14:10:12.793943 ALT: 0.52
14:10:12.806489 ALT: 0.52
14:10:12.822626 ALT: 0.52
14:10:12.838496 ALT: 0.52
14:10:12.854652 ALT: 0.52
14:10:12.870549 ALT: 0.52
14:10:12.886834 ALT: 0.52
14:10:12.902488 ALT: 0.52
14:10:12.918453 ALT: 0.52
14:10:12.934521 ALT: 0.52
14:10:12.950563 ALT: 0.52
14:10:12.966594 ALT: 0.52
14:10:12.982459 ALT: 0.52
14:10:12.998655 ALT: 0.52
14:10:13.014610 ALT: 0.52
14:10:13.030512 ALT: 0.52
14:10:13.046664 ALT: 0.52
14:10:13.062750 ALT: 0.52
14:10:13.078542 ALT: 0.52
14:10:13.094772 ALT: 0.52
14:10:13.110607 ALT: 0.52
14:10:13.126651 ALT: 0.52
14:10:13.142540 ALT: 0.52
14:10:13.158875 ALT: 0.52
14:10:13.174642 ALT: 0.52
14:10:13.190584 ALT: 0.52
14:10:13.212730 ALT: 0.52
14:10:13.225298 ALT: 0.52
14:10:13.238634 ALT: 0.52
14:10:13.254546 ALT: 0.52
14:10:13.270535 ALT: 0.52
14:10:13.286557 ALT: 0.52
14:10:13.302620 ALT: 0.52
14:10:13.318607 ALT: 0.52
14:10:13.334595 ALT: 0.52
14:10:13.350555 ALT: 0.52
14:10:13.366648 ALT: 0.52
14:10:13.382646 ALT: 0.52
14:10:13.398666 ALT: 0.52
14:10:13.414616 ALT: 0.52
14:10:13.434352 ALT: 0.52
14:10:13.446564 ALT: 0.52
14:10:13.463358 ALT: 0.52
14:10:13.478865 ALT: 0.52
14:10:13.495003 ALT: 0.52
14:10:13.511199 ALT: 0.52
14:10:13.526845 ALT: 0.52
14:10:13.542971 ALT: 0.52
14:10:13.558553 ALT: 0.52
14:10:13.574772 ALT: 0.52
14:10:13.590699 ALT: 0.52
14:10:13.606595 ALT: 0.52
14:10:13.622615 ALT: 0.52
14:10:13.638573 ALT: 0.52
14:10:13.654515 ALT: 0.52
14:10:13.670619 ALT: 0.52
14:10:13.687480 ALT: 0.52
14:10:13.702592 ALT: 0.52
14:10:13.718578 ALT: 0.52
14:10:13.734668 ALT: 0.52
14:10:13.750652 ALT: 0.52
14:10:13.766833 ALT: 0.52
14:10:13.782668 ALT: 0.52
14:10:13.798595 ALT: 0.52
14:10:13.815698 ALT: 0.52
14:10:13.834721 ALT: 0.52
14:10:13.846912 ALT: 0.52
14:10:13.862900 ALT: 0.52
14:10:13.881583 ALT: 0.52
14:10:13.894617 ALT: 0.52
14:10:13.911120 ALT: 0.52
14:10:13.926726 ALT: 0.52
14:10:13.942860 ALT: 0.52
14:10:13.958733 ALT: 0.52
14:10:13.974770 ALT: 0.52
14:10:13.990694 ALT: 0.52
14:10:14.011756 ALT: 0.52
14:10:14.022595 ALT: 0.52
14:10:14.039550 ALT: 0.52
14:10:14.054745 ALT: 0.52
14:10:14.070978 ALT: 0.52
14:10:14.087188 ALT: 0.52
14:10:14.102623 ALT: 0.52
14:10:14.118650 ALT: 0.52
14:10:14.146066 ALT: 0.52
14:10:14.167422 ALT: 0.52
14:10:14.182765 ALT: 0.52
14:10:14.214694 ALT: 0.52
14:10:14.231106 ALT: 0.52
14:10:14.254158 ALT: 0.52
14:10:14.264982 ALT: 0.52
14:10:14.279695 ALT: 0.52
14:10:14.298267 ALT: 0.52
14:10:14.311128 ALT: 0.52
14:10:14.327295 ALT: 0.52
14:10:14.342912 ALT: 0.52
14:10:14.361950 ALT: 0.52
14:10:14.374725 ALT: 0.52
14:10:14.390758 ALT: 0.52
14:10:14.406796 ALT: 0.52
14:10:14.432829 ALT: 0.52
14:10:14.454753 ALT: 0.52
14:10:14.470645 ALT: 0.52
14:10:14.486767 ALT: 0.52
14:10:14.502776 ALT: 0.52
14:10:14.518651 ALT: 0.52
14:10:14.534715 ALT: 0.52
14:10:14.550737 ALT: 0.52
14:10:14.566740 ALT: 0.52
14:10:14.582785 ALT: 0.52
14:10:14.598840 ALT: 0.52
14:10:14.614715 ALT: 0.52
14:10:14.630888 ALT: 0.52
14:10:14.646813 ALT: 0.52
14:10:14.662822 ALT: 0.52
14:10:14.678747 ALT: 0.52
14:10:14.701528 ALT: 0.52
14:10:14.712537 ALT: 0.52
14:10:14.728639 ALT: 0.52
14:10:14.743555 ALT: 0.52
14:10:14.758779 ALT: 0.52
14:10:14.775666 ALT: 0.52
14:10:14.790727 ALT: 0.52
14:10:14.806792 ALT: 0.52
14:10:14.822745 ALT: 0.52
14:10:14.838733 ALT: 0.52
14:10:14.854848 ALT: 0.52
14:10:14.870874 ALT: 0.52
14:10:14.887232 ALT: 0.52
14:10:14.902819 ALT: 0.52
14:10:14.918950 ALT: 0.52
14:10:14.934893 ALT: 0.52
14:10:14.950852 ALT: 0.52
14:10:14.966905 ALT: 0.52
14:10:14.982928 ALT: 0.52
14:10:14.998907 ALT: 0.52
14:10:15.014864 ALT: 0.52
14:10:15.031095 ALT: 0.52
14:10:15.046900 ALT: 0.52
14:10:15.062917 ALT: 0.52
14:10:15.078923 ALT: 0.52
14:10:15.094903 ALT: 0.52
14:10:15.110939 ALT: 0.52
14:10:15.126920 ALT: 0.52
14:10:15.144027 ALT: 0.52
14:10:15.159169 ALT: 0.52
14:10:15.180652 ALT: 0.52
14:10:15.191512 ALT: 0.52
14:10:15.210748 ALT: 0.52
14:10:15.222861 ALT: 0.52
14:10:15.239543 ALT: 0.52
14:10:15.255115 ALT: 0.52
14:10:15.272850 ALT: 0.52
14:10:15.286874 ALT: 0.49
14:10:15.303006 ALT: 0.47
14:10:15.318927 ALT: 0.47
14:10:15.336190 ALT: 0.47
14:10:15.350954 ALT: 0.46
14:10:15.366902 ALT: 0.46
14:10:15.382977 ALT: 0.45
14:10:15.399168 ALT: 0.45
14:10:15.416105 ALT: 0.45
14:10:15.434043 ALT: 0.45
14:10:15.446924 ALT: 0.45
14:10:15.463076 ALT: 0.45
14:10:15.480561 ALT: 0.45
14:10:15.496750 ALT: 0.45
14:10:15.511281 ALT: 0.45
14:10:15.526864 ALT: 0.45
14:10:15.545420 ALT: 0.45
14:10:15.559334 ALT: 0.45
14:10:15.574989 ALT: 0.45
14:10:15.590889 ALT: 0.45
14:10:15.607020 ALT: 0.45
14:10:15.623066 ALT: 0.45
14:10:15.639235 ALT: 0.45
14:10:15.655184 ALT: 0.45
14:10:15.672556 ALT: 0.45
14:10:15.687473 ALT: 0.45
14:10:15.705416 ALT: 0.45
14:10:15.719130 ALT: 0.45
14:10:15.737667 ALT: 0.45
14:10:15.751405 ALT: 0.45
14:10:15.767352 ALT: 0.45
14:10:15.782996 ALT: 0.45
14:10:15.815056 ALT: 0.45
14:10:15.831092 ALT: 0.45
14:10:15.846983 ALT: 0.45
14:10:15.863147 ALT: 0.45
14:10:15.879010 ALT: 0.45
14:10:15.897033 ALT: 0.45
14:10:15.911094 ALT: 0.45
14:10:15.927213 ALT: 0.45
14:10:15.945555 ALT: 0.45
14:10:15.959184 ALT: 0.45
14:10:15.975174 ALT: 0.45
14:10:15.990879 ALT: 0.45
14:10:16.007591 ALT: 0.45
14:10:16.023170 ALT: 0.45
14:10:16.039025 ALT: 0.45
14:10:16.055214 ALT: 0.45
14:10:16.071025 ALT: 0.45
14:10:16.086953 ALT: 0.45
14:10:16.103062 ALT: 0.45
14:10:16.119046 ALT: 0.45
14:10:16.135077 ALT: 0.45
14:10:16.151022 ALT: 0.45
14:10:16.167049 ALT: 0.45
14:10:16.183011 ALT: 0.45
14:10:16.200422 ALT: 0.45
14:10:16.215070 ALT: 0.45
14:10:16.231198 ALT: 0.45
14:10:16.247464 ALT: 0.45
14:10:16.263209 ALT: 0.45
14:10:16.279125 ALT: 0.45
14:10:16.295094 ALT: 0.45
14:10:16.311021 ALT: 0.45
14:10:16.327008 ALT: 0.45
14:10:16.343300 ALT: 0.45
14:10:16.359053 ALT: 0.45
14:10:16.375755 ALT: 0.45
14:10:16.390994 ALT: 0.45
14:10:16.407045 ALT: 0.45
14:10:16.423007 ALT: 0.45
14:10:16.439023 ALT: 0.45
14:10:16.455011 ALT: 0.45
14:10:16.471044 ALT: 0.45
14:10:16.487117 ALT: 0.45
14:10:16.503056 ALT: 0.45
14:10:16.519005 ALT: 0.45
14:10:16.535116 ALT: 0.45
14:10:16.551298 ALT: 0.45
14:10:16.567690 ALT: 0.45
14:10:16.583290 ALT: 0.45
14:10:16.599804 ALT: 0.45
14:10:16.615977 ALT: 0.45
14:10:16.631438 ALT: 0.45
14:10:16.647195 ALT: 0.45
14:10:16.663243 ALT: 0.45
14:10:16.679089 ALT: 0.45
14:10:16.695112 ALT: 0.45
14:10:16.713110 ALT: 0.45
14:10:16.727190 ALT: 0.45
14:10:16.744405 ALT: 0.45
14:10:16.760620 ALT: 0.45
14:10:16.775411 ALT: 0.45
14:10:16.791019 ALT: 0.45
14:10:16.807059 ALT: 0.45
14:10:16.823101 ALT: 0.45
14:10:16.839047 ALT: 0.45
14:10:16.854990 ALT: 0.45
14:10:16.871162 ALT: 0.45
14:10:16.887316 ALT: 0.45
14:10:16.903307 ALT: 0.45
14:10:16.924835 ALT: 0.45
14:10:16.936686 ALT: 0.45
14:10:16.951183 ALT: 0.45
14:10:16.969286 ALT: 0.45
14:10:16.983080 ALT: 0.45
14:10:16.999245 ALT: 0.45
14:10:17.015919 ALT: 0.45
14:10:17.031637 ALT: 0.45
14:10:17.047495 ALT: 0.45
14:10:17.063197 ALT: 0.45
14:10:17.079273 ALT: 0.45
14:10:17.095237 ALT: 0.45
14:10:17.111142 ALT: 0.45
14:10:17.127573 ALT: 0.45
14:10:17.143639 ALT: 0.45
14:10:17.159169 ALT: 0.45
14:10:17.179371 ALT: 0.45
14:10:17.191904 ALT: 0.45
14:10:17.207288 ALT: 0.45
14:10:17.223215 ALT: 0.45
14:10:17.239197 ALT: 0.45
14:10:17.255256 ALT: 0.45
14:10:17.280515 ALT: 0.45
14:10:17.303981 ALT: 0.45
14:10:17.319232 ALT: 0.45
14:10:17.335427 ALT: 0.45
14:10:17.351212 ALT: 0.45
14:10:17.368222 ALT: 0.45
14:10:17.383512 ALT: 0.45
14:10:17.400817 ALT: 0.45
14:10:17.415277 ALT: 0.45
14:10:17.434113 ALT: 0.45
14:10:17.447165 ALT: 0.45
14:10:17.463163 ALT: 0.45
14:10:17.479157 ALT: 0.45
14:10:17.495220 ALT: 0.45
14:10:17.511201 ALT: 0.45
14:10:17.528637 ALT: 0.45
14:10:17.543602 ALT: 0.45
14:10:17.559205 ALT: 0.45
14:10:17.576065 ALT: 0.45
14:10:17.591184 ALT: 0.45
14:10:17.607231 ALT: 0.45
14:10:17.630940 ALT: 0.45
14:10:17.655203 ALT: 0.45
14:10:17.671244 ALT: 0.45
14:10:17.687219 ALT: 0.45
14:10:17.703210 ALT: 0.45
14:10:17.719178 ALT: 0.45
14:10:17.735244 ALT: 0.45
14:10:17.751212 ALT: 0.45
14:10:17.767476 ALT: 0.45
14:10:17.783230 ALT: 0.45
14:10:17.799438 ALT: 0.45
14:10:17.815202 ALT: 0.45
14:10:17.831444 ALT: 0.45
14:10:17.847228 ALT: 0.45
14:10:17.863221 ALT: 0.45
14:10:17.879214 ALT: 0.45
14:10:17.895211 ALT: 0.45
14:10:17.911208 ALT: 0.45
14:10:17.927184 ALT: 0.45
14:10:17.943239 ALT: 0.45
14:10:17.959192 ALT: 0.45
14:10:17.975323 ALT: 0.45
14:10:17.991286 ALT: 0.45
14:10:18.007272 ALT: 0.45
14:10:18.023245 ALT: 0.45
14:10:18.039275 ALT: 0.45
14:10:18.055248 ALT: 0.45
14:10:18.071233 ALT: 0.45
14:10:18.087287 ALT: 0.45
14:10:18.103255 ALT: 0.45
14:10:18.119261 ALT: 0.45
14:10:18.135265 ALT: 0.45
14:10:18.151317 ALT: 0.45
14:10:18.169110 ALT: 0.45
14:10:18.195153 ALT: 0.45
14:10:18.215322 ALT: 0.45
14:10:18.231501 ALT: 0.45
14:10:18.247332 ALT: 0.45
14:10:18.263257 ALT: 0.45
14:10:18.279245 ALT: 0.45
14:10:18.295266 ALT: 0.45
14:10:18.311375 ALT: 0.45
14:10:18.327456 ALT: 0.45
14:10:18.343582 ALT: 0.45
14:10:18.359244 ALT: 0.45
14:10:18.376231 ALT: 0.45
14:10:18.391301 ALT: 0.45
14:10:18.407773 ALT: 0.45
14:10:18.423299 ALT: 0.45
14:10:18.439299 ALT: 0.45
14:10:18.455308 ALT: 0.45
14:10:18.471341 ALT: 0.45
14:10:18.487340 ALT: 0.45
14:10:18.503390 ALT: 0.45
14:10:18.519420 ALT: 0.45
14:10:18.535380 ALT: 0.45
14:10:18.551401 ALT: 0.45
14:10:18.567566 ALT: 0.45
14:10:18.583442 ALT: 0.45
14:10:18.615378 ALT: 0.45
14:10:18.634555 ALT: 0.45
14:10:18.647319 ALT: 0.45
14:10:18.666456 ALT: 0.45
14:10:18.679353 ALT: 0.45
14:10:18.701979 ALT: 0.45
14:10:18.727465 ALT: 0.45
14:10:18.743910 ALT: 0.45
14:10:18.759341 ALT: 0.45
14:10:18.776236 ALT: 0.45
14:10:18.791315 ALT: 0.45
14:10:18.807439 ALT: 0.45
14:10:18.823400 ALT: 0.45
14:10:18.839431 ALT: 0.45
14:10:18.855448 ALT: 0.45
14:10:18.871430 ALT: 0.45
14:10:18.887478 ALT: 0.45
14:10:18.903410 ALT: 0.45
14:10:18.919715 ALT: 0.45
14:10:18.935587 ALT: 0.45
14:10:18.951495 ALT: 0.45
14:10:18.967618 ALT: 0.45
14:10:18.983402 ALT: 0.45
14:10:19.000791 ALT: 0.45
14:10:19.015526 ALT: 0.45
14:10:19.031419 ALT: 0.45
14:10:19.047436 ALT: 0.45
14:10:19.063423 ALT: 0.45
14:10:19.079623 ALT: 0.45
14:10:19.095587 ALT: 0.45
14:10:19.111490 ALT: 0.45
14:10:19.127415 ALT: 0.45
14:10:19.143932 ALT: 0.45
14:10:19.159502 ALT: 0.45
14:10:19.175776 ALT: 0.45
14:10:19.191478 ALT: 0.45
14:10:19.210809 ALT: 0.45
14:10:19.226410 ALT: 0.45
14:10:19.240987 ALT: 0.45
14:10:19.255465 ALT: 0.45
14:10:19.271514 ALT: 0.45
14:10:19.287738 ALT: 0.45
14:10:19.303498 ALT: 0.45
14:10:19.319551 ALT: 0.45
14:10:19.335916 ALT: 0.45
14:10:19.351487 ALT: 0.45
14:10:19.369985 ALT: 0.45
14:10:19.383474 ALT: 0.45
14:10:19.399588 ALT: 0.45
14:10:19.415503 ALT: 0.45
14:10:19.431786 ALT: 0.45
14:10:19.447481 ALT: 0.45
14:10:19.463580 ALT: 0.45
14:10:19.479554 ALT: 0.45
14:10:19.495540 ALT: 0.45
14:10:19.511562 ALT: 0.45
14:10:19.527533 ALT: 0.45
14:10:19.544368 ALT: 0.45
14:10:19.559574 ALT: 0.45
14:10:19.577499 ALT: 0.45
14:10:19.591556 ALT: 0.45
14:10:19.610194 ALT: 0.45
14:10:19.623554 ALT: 0.45
14:10:19.639582 ALT: 0.45
14:10:19.655536 ALT: 0.45
14:10:19.671565 ALT: 0.45
14:10:19.687513 ALT: 0.45
14:10:19.703695 ALT: 0.45
14:10:19.719811 ALT: 0.45
14:10:19.735662 ALT: 0.45
14:10:19.751528 ALT: 0.45
14:10:19.767680 ALT: 0.45
14:10:19.783592 ALT: 0.45
14:10:19.799735 ALT: 0.45
14:10:19.815613 ALT: 0.45
14:10:19.831614 ALT: 0.45
14:10:19.847546 ALT: 0.45
14:10:19.863558 ALT: 0.45
14:10:19.879656 ALT: 0.45
14:10:19.899658 ALT: 0.45
14:10:19.914875 ALT: 0.45
14:10:19.927642 ALT: 0.45
14:10:19.943652 ALT: 0.45
14:10:19.959664 ALT: 0.45
14:10:19.976139 ALT: 0.45
14:10:19.991848 ALT: 0.45
14:10:20.008903 ALT: 0.45
14:10:20.023631 ALT: 0.45
14:10:20.039602 ALT: 0.45
14:10:20.055606 ALT: 0.45
14:10:20.071601 ALT: 0.45
14:10:20.087605 ALT: 0.45
14:10:20.103682 ALT: 0.45
14:10:20.119902 ALT: 0.45
14:10:20.138649 ALT: 0.45
14:10:20.151588 ALT: 0.45
14:10:20.170854 ALT: 0.45
14:10:20.183624 ALT: 0.45
14:10:20.200041 ALT: 0.45
14:10:20.215621 ALT: 0.45
14:10:20.234479 ALT: 0.45
14:10:20.247704 ALT: 0.45
14:10:20.263648 ALT: 0.45
14:10:20.279702 ALT: 0.45
14:10:20.295603 ALT: 0.45
14:10:20.311640 ALT: 0.45
14:10:20.327534 ALT: 0.45
14:10:20.343769 ALT: 0.45
14:10:20.359670 ALT: 0.45
14:10:20.376812 ALT: 0.45
14:10:20.391631 ALT: 0.45
14:10:20.407868 ALT: 0.45
14:10:20.423659 ALT: 0.45
14:10:20.439638 ALT: 0.45
14:10:20.455667 ALT: 0.45
14:10:20.471614 ALT: 0.45
14:10:20.487691 ALT: 0.45
14:10:20.503867 ALT: 0.45
14:10:20.520001 ALT: 0.45
14:10:20.537740 ALT: 0.45
14:10:20.551658 ALT: 0.45
14:10:20.567803 ALT: 0.45
14:10:20.583757 ALT: 0.45
14:10:20.601520 ALT: 0.45
14:10:20.615660 ALT: 0.45
14:10:20.635282 ALT: 0.45
14:10:20.647637 ALT: 0.45
14:10:20.665508 ALT: 0.45
14:10:20.679707 ALT: 0.45
14:10:20.695656 ALT: 0.45
14:10:20.711771 ALT: 0.45
14:10:20.727692 ALT: 0.45
14:10:20.743968 ALT: 0.45
14:10:20.759715 ALT: 0.45
14:10:20.778194 ALT: 0.45
14:10:20.791673 ALT: 0.45
14:10:20.810632 ALT: 0.45
14:10:20.823727 ALT: 0.45
14:10:20.840254 ALT: 0.45
14:10:20.855725 ALT: 0.45
14:10:20.871780 ALT: 0.45
14:10:20.887750 ALT: 0.45
14:10:20.905870 ALT: 0.45
14:10:20.919818 ALT: 0.45
14:10:20.936189 ALT: 0.45
14:10:20.951761 ALT: 0.45
14:10:20.968023 ALT: 0.45
14:10:20.983812 ALT: 0.45
14:10:20.999698 ALT: 0.45
14:10:21.015769 ALT: 0.45
14:10:21.031864 ALT: 0.45
14:10:21.047736 ALT: 0.45
14:10:21.063844 ALT: 0.45
14:10:21.079765 ALT: 0.45
14:10:21.095732 ALT: 0.45
14:10:21.111807 ALT: 0.45
14:10:21.127786 ALT: 0.45
14:10:21.143836 ALT: 0.45
14:10:21.159735 ALT: 0.45
14:10:21.176214 ALT: 0.45
14:10:21.191836 ALT: 0.45
14:10:21.207715 ALT: 0.45
14:10:21.223811 ALT: 0.45
14:10:21.239732 ALT: 0.45
14:10:21.255802 ALT: 0.45
14:10:21.271880 ALT: 0.45
14:10:21.287866 ALT: 0.45
14:10:21.304107 ALT: 0.45
14:10:21.320486 ALT: 0.45
14:10:21.335816 ALT: 0.45
14:10:21.351953 ALT: 0.45
14:10:21.369422 ALT: 0.45
14:10:21.383796 ALT: 0.45
14:10:21.399932 ALT: 0.45
14:10:21.415802 ALT: 0.45
14:10:21.431955 ALT: 0.45
14:10:21.447964 ALT: 0.45
14:10:21.463820 ALT: 0.45
14:10:21.479856 ALT: 0.45
14:10:21.495931 ALT: 0.45
14:10:21.511850 ALT: 0.45
14:10:21.527866 ALT: 0.45
14:10:21.543854 ALT: 0.45
14:10:21.559855 ALT: 0.45
14:10:21.576115 ALT: 0.45
14:10:21.591829 ALT: 0.45
14:10:21.608080 ALT: 0.45
14:10:21.623797 ALT: 0.45
14:10:21.640142 ALT: 0.45
14:10:21.655862 ALT: 0.45
14:10:21.672065 ALT: 0.45
14:10:21.687932 ALT: 0.45
14:10:21.704109 ALT: 0.45
14:10:21.719930 ALT: 0.45
14:10:21.737048 ALT: 0.45
14:10:21.751805 ALT: 0.45
14:10:21.768071 ALT: 0.45
14:10:21.783880 ALT: 0.45
14:10:21.799921 ALT: 0.45
14:10:21.815830 ALT: 0.45
14:10:21.832207 ALT: 0.45
14:10:21.847927 ALT: 0.45
14:10:21.863816 ALT: 0.45
14:10:21.879890 ALT: 0.45
14:10:21.895799 ALT: 0.45
14:10:21.911882 ALT: 0.45
14:10:21.927899 ALT: 0.45
14:10:21.944308 ALT: 0.45
14:10:21.959880 ALT: 0.45
14:10:21.976072 ALT: 0.45
14:10:21.991902 ALT: 0.45
14:10:22.008069 ALT: 0.45
14:10:22.023871 ALT: 0.45
14:10:22.040043 ALT: 0.45
14:10:22.055971 ALT: 0.45
14:10:22.071853 ALT: 0.45
14:10:22.088373 ALT: 0.45
14:10:22.103920 ALT: 0.45
14:10:22.120303 ALT: 0.45
14:10:22.136705 ALT: 0.45
14:10:22.152168 ALT: 0.45
14:10:22.168612 ALT: 0.45
14:10:22.184003 ALT: 0.45
14:10:22.203317 ALT: 0.45
14:10:22.215988 ALT: 0.45
14:10:22.232210 ALT: 0.45
14:10:22.248116 ALT: 0.45
14:10:22.263862 ALT: 0.45
14:10:22.279974 ALT: 0.45
14:10:22.295923 ALT: 0.45
14:10:22.311985 ALT: 0.45
14:10:22.327914 ALT: 0.45
14:10:22.344008 ALT: 0.45
14:10:22.360076 ALT: 0.45
14:10:22.376145 ALT: 0.45
14:10:22.391948 ALT: 0.45
14:10:22.409164 ALT: 0.45
14:10:22.423978 ALT: 0.45
14:10:22.439958 ALT: 0.45
14:10:22.455947 ALT: 0.45
14:10:22.473132 ALT: 0.45
14:10:22.487975 ALT: 0.45
14:10:22.504049 ALT: 0.45
14:10:22.520022 ALT: 0.45
14:10:22.536494 ALT: 0.45
14:10:22.551977 ALT: 0.45
14:10:22.568360 ALT: 0.45
14:10:22.583929 ALT: 0.45
14:10:22.600113 ALT: 0.45
14:10:22.616041 ALT: 0.45
14:10:22.632042 ALT: 0.45
14:10:22.647954 ALT: 0.45
14:10:22.664031 ALT: 0.45
14:10:22.679996 ALT: 0.45
14:10:22.696061 ALT: 0.45
14:10:22.712010 ALT: 0.45
14:10:22.728202 ALT: 0.45
14:10:22.744097 ALT: 0.45
14:10:22.760054 ALT: 0.45
14:10:22.776361 ALT: 0.45
14:10:22.791983 ALT: 0.45
14:10:22.808587 ALT: 0.45
14:10:22.823991 ALT: 0.45
14:10:22.840038 ALT: 0.45
14:10:22.856018 ALT: 0.45
14:10:22.872172 ALT: 0.45
14:10:22.888093 ALT: 0.45
14:10:22.904347 ALT: 0.45
14:10:22.920054 ALT: 0.45
14:10:22.936249 ALT: 0.45
14:10:22.952022 ALT: 0.45
14:10:22.968066 ALT: 0.45
14:10:22.984005 ALT: 0.45
14:10:23.000067 ALT: 0.45
14:10:23.016065 ALT: 0.45
14:10:23.031982 ALT: 0.45
14:10:23.048058 ALT: 0.45
14:10:23.064040 ALT: 0.45
14:10:23.080088 ALT: 0.45
14:10:23.096015 ALT: 0.45
14:10:23.112148 ALT: 0.45
14:10:23.128059 ALT: 0.45
14:10:23.144051 ALT: 0.45
14:10:23.160161 ALT: 0.45
14:10:23.176156 ALT: 0.45
14:10:23.192072 ALT: 0.45
14:10:23.208096 ALT: 0.45
14:10:23.224098 ALT: 0.45
14:10:23.240182 ALT: 0.45
14:10:23.256125 ALT: 0.45
14:10:23.272230 ALT: 0.45
14:10:23.288262 ALT: 0.45
14:10:23.304372 ALT: 0.45
14:10:23.320197 ALT: 0.45
14:10:23.336215 ALT: 0.45
14:10:23.352108 ALT: 0.45
14:10:23.368196 ALT: 0.45
14:10:23.384156 ALT: 0.45
14:10:23.400251 ALT: 0.45
14:10:23.416068 ALT: 0.45
14:10:23.432228 ALT: 0.45
14:10:23.448138 ALT: 0.45
14:10:23.464074 ALT: 0.45
14:10:23.480211 ALT: 0.45
14:10:23.496077 ALT: 0.45
14:10:23.512096 ALT: 0.45
14:10:23.528119 ALT: 0.45
14:10:23.544103 ALT: 0.45
14:10:23.560191 ALT: 0.45
14:10:23.576384 ALT: 0.45
14:10:23.592082 ALT: 0.45
14:10:23.608336 ALT: 0.45
14:10:23.624145 ALT: 0.45
14:10:23.640177 ALT: 0.45
14:10:23.656182 ALT: 0.45
14:10:23.672392 ALT: 0.45
14:10:23.688127 ALT: 0.45
14:10:23.704402 ALT: 0.45
14:10:23.720227 ALT: 0.45
14:10:23.736220 ALT: 0.45
14:10:23.752185 ALT: 0.45
14:10:23.768236 ALT: 0.45
14:10:23.784163 ALT: 0.45
14:10:23.801769 ALT: 0.45
14:10:23.816128 ALT: 0.45
14:10:23.832159 ALT: 0.45
14:10:23.848184 ALT: 0.45
14:10:23.864120 ALT: 0.45
14:10:23.880192 ALT: 0.48
14:10:23.896240 ALT: 0.48
14:10:23.912241 ALT: 0.5
14:10:23.928161 ALT: 0.51
14:10:23.947318 ALT: 0.51
14:10:23.960212 ALT: 0.52
14:10:23.976248 ALT: 0.52
14:10:23.992187 ALT: 0.52
14:10:24.011897 ALT: 0.52
14:10:24.024186 ALT: 0.52
14:10:24.040365 ALT: 0.52
14:10:24.056479 ALT: 0.52
14:10:24.072563 ALT: 0.52
14:10:24.104322 ALT: 0.52
14:10:24.121275 ALT: 0.52
14:10:24.136296 ALT: 0.52
14:10:24.152236 ALT: 0.52
14:10:24.168879 ALT: 0.52
14:10:24.184243 ALT: 0.52
14:10:24.200332 ALT: 0.52
14:10:24.216176 ALT: 0.52
14:10:24.232231 ALT: 0.52
14:10:24.248311 ALT: 0.52
14:10:24.264190 ALT: 0.52
14:10:24.280318 ALT: 0.52
14:10:24.296218 ALT: 0.52
14:10:24.312972 ALT: 0.52
14:10:24.328649 ALT: 0.52
14:10:24.344685 ALT: 0.52
14:10:24.361628 ALT: 0.52
14:10:24.376506 ALT: 0.52
14:10:24.392433 ALT: 0.52
14:10:24.408797 ALT: 0.52
14:10:24.424596 ALT: 0.52
14:10:24.441913 ALT: 0.52
14:10:24.456302 ALT: 0.52
14:10:24.473656 ALT: 0.52
14:10:24.488357 ALT: 0.52
14:10:24.504614 ALT: 0.52
14:10:24.520690 ALT: 0.52
14:10:24.541111 ALT: 0.52
14:10:24.552212 ALT: 0.52
14:10:24.568356 ALT: 0.52
14:10:24.584307 ALT: 0.52
14:10:24.600244 ALT: 0.52
14:10:24.616357 ALT: 0.52
14:10:24.632224 ALT: 0.52
14:10:24.648331 ALT: 0.52
14:10:24.664316 ALT: 0.52
14:10:24.680356 ALT: 0.52
14:10:24.696324 ALT: 0.52
14:10:24.712323 ALT: 0.52
14:10:24.732715 ALT: 0.52
14:10:24.745484 ALT: 0.52
14:10:24.760378 ALT: 0.52
14:10:24.777544 ALT: 0.52
14:10:24.792353 ALT: 0.52
14:10:24.808490 ALT: 0.52
14:10:24.824331 ALT: 0.52
14:10:24.841487 ALT: 0.52
14:10:24.856369 ALT: 0.52
14:10:24.874371 ALT: 0.52
14:10:24.888347 ALT: 0.52
14:10:24.905574 ALT: 0.52
14:10:24.920483 ALT: 0.52
14:10:24.936452 ALT: 0.52
14:10:24.952451 ALT: 0.52
14:10:24.968452 ALT: 0.52
14:10:24.984370 ALT: 0.52
14:10:25.000451 ALT: 0.52
14:10:25.016374 ALT: 0.52
14:10:25.032257 ALT: 0.52
14:10:25.049431 ALT: 0.52
14:10:25.064395 ALT: 0.52
14:10:25.080515 ALT: 0.52
14:10:25.096418 ALT: 0.52
14:10:25.112410 ALT: 0.52
14:10:25.130750 ALT: 0.52
14:10:25.144629 ALT: 0.52
14:10:25.160452 ALT: 0.52
14:10:25.177935 ALT: 0.52
14:10:25.192704 ALT: 0.52
14:10:25.212839 ALT: 0.52
14:10:25.224504 ALT: 0.52
14:10:25.240792 ALT: 0.52
14:10:25.256428 ALT: 0.52
14:10:25.272529 ALT: 0.52
14:10:25.288495 ALT: 0.52
14:10:25.304611 ALT: 0.52
14:10:25.320395 ALT: 0.52
14:10:25.339647 ALT: 0.52
14:10:25.352430 ALT: 0.52
14:10:25.368706 ALT: 0.52
14:10:25.384437 ALT: 0.52
14:10:25.400475 ALT: 0.52
14:10:25.416455 ALT: 0.52
14:10:25.432452 ALT: 0.52
14:10:25.448733 ALT: 0.52
14:10:25.464642 ALT: 0.52
14:10:25.480494 ALT: 0.52
14:10:25.497301 ALT: 0.52
14:10:25.513563 ALT: 0.52
14:10:25.528544 ALT: 0.52
14:10:25.545075 ALT: 0.52
14:10:25.561121 ALT: 0.52
14:10:25.576669 ALT: 0.52
14:10:25.592521 ALT: 0.52
14:10:25.608686 ALT: 0.52
14:10:25.624596 ALT: 0.52
14:10:25.640669 ALT: 0.52
14:10:25.656554 ALT: 0.52
14:10:25.672772 ALT: 0.52
14:10:25.688526 ALT: 0.52
14:10:25.706287 ALT: 0.52
14:10:25.720524 ALT: 0.52
14:10:25.738252 ALT: 0.52
14:10:25.752584 ALT: 0.52
14:10:25.768787 ALT: 0.52
14:10:25.784775 ALT: 0.52
14:10:25.800489 ALT: 0.52
14:10:25.816553 ALT: 0.52
14:10:25.847249 ALT: 0.52
14:10:25.864675 ALT: 0.52
14:10:25.880523 ALT: 0.52
14:10:25.896536 ALT: 0.52
14:10:25.913095 ALT: 0.52
14:10:25.928493 ALT: 0.52
14:10:25.945545 ALT: 0.52
14:10:25.960567 ALT: 0.52
14:10:25.976842 ALT: 0.52
14:10:25.992528 ALT: 0.52
14:10:26.008651 ALT: 0.52
14:10:26.024680 ALT: 0.52
14:10:26.040672 ALT: 0.52
14:10:26.056525 ALT: 0.52
14:10:26.072688 ALT: 0.52
14:10:26.088539 ALT: 0.52
14:10:26.107543 ALT: 0.52
14:10:26.123657 ALT: 0.52
14:10:26.140037 ALT: 0.52
14:10:26.152589 ALT: 0.52
14:10:26.168652 ALT: 0.52
14:10:26.184830 ALT: 0.52
14:10:26.200533 ALT: 0.52
14:10:26.217409 ALT: 0.52
14:10:26.232494 ALT: 0.52
14:10:26.250449 ALT: 0.52
14:10:26.264595 ALT: 0.52
14:10:26.280594 ALT: 0.52
14:10:26.296541 ALT: 0.52
14:10:26.312685 ALT: 0.52
14:10:26.328523 ALT: 0.52
14:10:26.344699 ALT: 0.52
14:10:26.360675 ALT: 0.52
14:10:26.376548 ALT: 0.52
14:10:26.392704 ALT: 0.52
14:10:26.408689 ALT: 0.52
14:10:26.424554 ALT: 0.52
14:10:26.440757 ALT: 0.52
14:10:26.456588 ALT: 0.52
14:10:26.472700 ALT: 0.52
14:10:26.488588 ALT: 0.52
14:10:26.504632 ALT: 0.52
14:10:26.520593 ALT: 0.52
14:10:26.536727 ALT: 0.52
14:10:26.552970 ALT: 0.52
14:10:26.568601 ALT: 0.52
14:10:26.584629 ALT: 0.52
14:10:26.600602 ALT: 0.52
14:10:26.616835 ALT: 0.52
14:10:26.632587 ALT: 0.52
14:10:26.648606 ALT: 0.52
14:10:26.664609 ALT: 0.52
14:10:26.680633 ALT: 0.52
14:10:26.696610 ALT: 0.52
14:10:26.712628 ALT: 0.52
14:10:26.728596 ALT: 0.52
14:10:26.745468 ALT: 0.52
14:10:26.760624 ALT: 0.52
14:10:26.776695 ALT: 0.52
14:10:26.792640 ALT: 0.52
14:10:26.810921 ALT: 0.52
14:10:26.824708 ALT: 0.52
14:10:26.842011 ALT: 0.52
14:10:26.873819 ALT: 0.52
14:10:26.888628 ALT: 0.52
14:10:26.904691 ALT: 0.52
14:10:26.920600 ALT: 0.52
14:10:26.936709 ALT: 0.52
14:10:26.952592 ALT: 0.52
14:10:26.971600 ALT: 0.52
14:10:26.984578 ALT: 0.52
14:10:27.000613 ALT: 0.52
14:10:27.016633 ALT: 0.52
14:10:27.032661 ALT: 0.52
14:10:27.048658 ALT: 0.52
14:10:27.064653 ALT: 0.52
14:10:27.080685 ALT: 0.52
14:10:27.096689 ALT: 0.52
14:10:27.113131 ALT: 0.52
14:10:27.128643 ALT: 0.52
14:10:27.145174 ALT: 0.52
14:10:27.160637 ALT: 0.52
14:10:27.176981 ALT: 0.52
14:10:27.192755 ALT: 0.52
14:10:27.208855 ALT: 0.52
14:10:27.224673 ALT: 0.52
14:10:27.240820 ALT: 0.52
14:10:27.256723 ALT: 0.52
14:10:27.272678 ALT: 0.52
14:10:27.288663 ALT: 0.52
14:10:27.304754 ALT: 0.52
14:10:27.320688 ALT: 0.52
14:10:27.336748 ALT: 0.52
14:10:27.352721 ALT: 0.52
14:10:27.368589 ALT: 0.52
14:10:27.384952 ALT: 0.52
14:10:27.400677 ALT: 0.52
14:10:27.416792 ALT: 0.52
14:10:27.432692 ALT: 0.52
14:10:27.448738 ALT: 0.52
14:10:27.464737 ALT: 0.52
14:10:27.481396 ALT: 0.52
14:10:27.496675 ALT: 0.52
14:10:27.512944 ALT: 0.52
14:10:27.528749 ALT: 0.52
14:10:27.544692 ALT: 0.52
14:10:27.560698 ALT: 0.52
14:10:27.578073 ALT: 0.52
14:10:27.592689 ALT: 0.52
14:10:27.608831 ALT: 0.52
14:10:27.624800 ALT: 0.52
14:10:27.640721 ALT: 0.52
14:10:27.656747 ALT: 0.52
14:10:27.672806 ALT: 0.52
14:10:27.688716 ALT: 0.52
14:10:27.704830 ALT: 0.52
14:10:27.720730 ALT: 0.52
14:10:27.736743 ALT: 0.52
14:10:27.752723 ALT: 0.52
14:10:27.768960 ALT: 0.52
14:10:27.784754 ALT: 0.52
14:10:27.800764 ALT: 0.52
14:10:27.816784 ALT: 0.52
14:10:27.832730 ALT: 0.52
14:10:27.848758 ALT: 0.52
14:10:27.864728 ALT: 0.52
14:10:27.880853 ALT: 0.52
14:10:27.896798 ALT: 0.52
14:10:27.912901 ALT: 0.52
14:10:27.928722 ALT: 0.52
14:10:27.945947 ALT: 0.52
14:10:27.960800 ALT: 0.52
14:10:27.977150 ALT: 0.52
14:10:27.992738 ALT: 0.52
14:10:28.008873 ALT: 0.52
14:10:28.024901 ALT: 0.52
14:10:28.041032 ALT: 0.52
14:10:28.056793 ALT: 0.52
14:10:28.072892 ALT: 0.52
14:10:28.088823 ALT: 0.52
14:10:28.104825 ALT: 0.52
14:10:28.120772 ALT: 0.52
14:10:28.136783 ALT: 0.52
14:10:28.152808 ALT: 0.52
14:10:28.168736 ALT: 0.52
14:10:28.184815 ALT: 0.52
14:10:28.200759 ALT: 0.52
14:10:28.216864 ALT: 0.52
14:10:28.232852 ALT: 0.52
14:10:28.248784 ALT: 0.52
14:10:28.264823 ALT: 0.52
14:10:28.280894 ALT: 0.52
14:10:28.296773 ALT: 0.52
14:10:28.313010 ALT: 0.52
14:10:28.328818 ALT: 0.52
14:10:28.344962 ALT: 0.52
14:10:28.360785 ALT: 0.52
14:10:28.379080 ALT: 0.52
14:10:28.393082 ALT: 0.52
14:10:28.408902 ALT: 0.52
14:10:28.424995 ALT: 0.52
14:10:28.441563 ALT: 0.52
14:10:28.456851 ALT: 0.52
14:10:28.472926 ALT: 0.52
14:10:28.488841 ALT: 0.52
14:10:28.505029 ALT: 0.52
14:10:28.520942 ALT: 0.52
14:10:28.537480 ALT: 0.52
14:10:28.552948 ALT: 0.52
14:10:28.568886 ALT: 0.52
14:10:28.585258 ALT: 0.52
14:10:28.600936 ALT: 0.52
14:10:28.616858 ALT: 0.52
14:10:28.632934 ALT: 0.52
14:10:28.648900 ALT: 0.52
14:10:28.664905 ALT: 0.52
14:10:28.680923 ALT: 0.52
14:10:28.696995 ALT: 0.52
14:10:28.712909 ALT: 0.52
14:10:28.728884 ALT: 0.52
14:10:28.745094 ALT: 0.52
14:10:28.761008 ALT: 0.52
14:10:28.776997 ALT: 0.52
14:10:28.793199 ALT: 0.52
14:10:28.810180 ALT: 0.52
14:10:28.825104 ALT: 0.52
14:10:28.840962 ALT: 0.52
14:10:28.856956 ALT: 0.52
14:10:28.873070 ALT: 0.52
14:10:28.888948 ALT: 0.52
14:10:28.904995 ALT: 0.52
14:10:28.920926 ALT: 0.52
14:10:28.936913 ALT: 0.52
14:10:28.953079 ALT: 0.52
14:10:28.968864 ALT: 0.52
14:10:28.984995 ALT: 0.52
14:10:29.000904 ALT: 0.52
14:10:29.016983 ALT: 0.52
14:10:29.032960 ALT: 0.52
14:10:29.048988 ALT: 0.52
14:10:29.064964 ALT: 0.52
14:10:29.080967 ALT: 0.52
14:10:29.096956 ALT: 0.52
14:10:29.115609 ALT: 0.52
14:10:29.128918 ALT: 0.52
14:10:29.146277 ALT: 0.52
14:10:29.160981 ALT: 0.52
14:10:29.177164 ALT: 0.52
14:10:29.193805 ALT: 0.52
14:10:29.208989 ALT: 0.52
14:10:29.225019 ALT: 0.52
14:10:29.242840 ALT: 0.52
14:10:29.256968 ALT: 0.52
14:10:29.273054 ALT: 0.52
14:10:29.288967 ALT: 0.52
14:10:29.305035 ALT: 0.52
14:10:29.320993 ALT: 0.52
14:10:29.336934 ALT: 0.52
14:10:29.353007 ALT: 0.52
14:10:29.368910 ALT: 0.52
14:10:29.384987 ALT: 0.52
14:10:29.401032 ALT: 0.52
14:10:29.422255 ALT: 0.52
14:10:29.433154 ALT: 0.52
14:10:29.449047 ALT: 0.52
14:10:29.465036 ALT: 0.52
14:10:29.481069 ALT: 0.52
14:10:29.496998 ALT: 0.52
14:10:29.513445 ALT: 0.52
14:10:29.529038 ALT: 0.52
14:10:29.545223 ALT: 0.52
14:10:29.561054 ALT: 0.52
14:10:29.577204 ALT: 0.52
14:10:29.592958 ALT: 0.52
14:10:29.609183 ALT: 0.52
14:10:29.624942 ALT: 0.52
14:10:29.643242 ALT: 0.52
14:10:29.657557 ALT: 0.52
14:10:29.673059 ALT: 0.52
14:10:29.689031 ALT: 0.52
14:10:29.705067 ALT: 0.52
14:10:29.721064 ALT: 0.52
14:10:29.736928 ALT: 0.52
14:10:29.753005 ALT: 0.52
14:10:29.768996 ALT: 0.52
14:10:29.785038 ALT: 0.52
14:10:29.800985 ALT: 0.52
14:10:29.817058 ALT: 0.52
14:10:29.833008 ALT: 0.52
14:10:29.849030 ALT: 0.52
14:10:29.865039 ALT: 0.52
14:10:29.882064 ALT: 0.52
14:10:29.897125 ALT: 0.52
14:10:29.915214 ALT: 0.52
14:10:29.929102 ALT: 0.52
14:10:29.945095 ALT: 0.52
14:10:29.961118 ALT: 0.52
14:10:29.977267 ALT: 0.52
14:10:29.993349 ALT: 0.52
14:10:30.011411 ALT: 0.52
14:10:30.026271 ALT: 0.52
14:10:30.044339 ALT: 0.52
14:10:30.057415 ALT: 0.52
14:10:30.079209 ALT: 0.52
14:10:30.090395 ALT: 0.52
14:10:30.105452 ALT: 0.52
14:10:30.121262 ALT: 0.52
14:10:30.137123 ALT: 0.52
14:10:30.153069 ALT: 0.52
14:10:30.170574 ALT: 0.52
14:10:30.185673 ALT: 0.52
14:10:30.201141 ALT: 0.52
14:10:30.217121 ALT: 0.52
14:10:30.233354 ALT: 0.52
14:10:30.249165 ALT: 0.52
14:10:30.265361 ALT: 0.52
14:10:30.281174 ALT: 0.52
14:10:30.297097 ALT: 0.52
14:10:30.313888 ALT: 0.52
14:10:30.329398 ALT: 0.52
14:10:30.345351 ALT: 0.52
14:10:30.361397 ALT: 0.52
14:10:30.377307 ALT: 0.52
14:10:30.393106 ALT: 0.52
14:10:30.409395 ALT: 0.52
14:10:30.425188 ALT: 0.52
14:10:30.441205 ALT: 0.52
14:10:30.457189 ALT: 0.52
14:10:30.473136 ALT: 0.52
14:10:30.489167 ALT: 0.52
14:10:30.505159 ALT: 0.52
14:10:30.521254 ALT: 0.52
14:10:30.537171 ALT: 0.52
14:10:30.553179 ALT: 0.52
14:10:30.569273 ALT: 0.52
14:10:30.585246 ALT: 0.52
14:10:30.601176 ALT: 0.52
14:10:30.617181 ALT: 0.52
14:10:30.633204 ALT: 0.52
14:10:30.649185 ALT: 0.52
14:10:30.665250 ALT: 0.52
14:10:30.681207 ALT: 0.52
14:10:30.697199 ALT: 0.52
14:10:30.713363 ALT: 0.52
14:10:30.729185 ALT: 0.52
14:10:30.745395 ALT: 0.52
14:10:30.761282 ALT: 0.52
14:10:30.780590 ALT: 0.52
14:10:30.794142 ALT: 0.52
14:10:30.809322 ALT: 0.52
14:10:30.825605 ALT: 0.52
14:10:30.841336 ALT: 0.52
14:10:30.857563 ALT: 0.52
14:10:30.873431 ALT: 0.52
14:10:30.889260 ALT: 0.52
14:10:30.905204 ALT: 0.52
14:10:30.921245 ALT: 0.52
14:10:30.949330 ALT: 0.52
14:10:30.969344 ALT: 0.52
14:10:30.985282 ALT: 0.52
14:10:31.001345 ALT: 0.52
14:10:31.017224 ALT: 0.52
14:10:31.033278 ALT: 0.52
14:10:31.049442 ALT: 0.52
14:10:31.065296 ALT: 0.52
14:10:31.081261 ALT: 0.52
14:10:31.097404 ALT: 0.52
14:10:31.113277 ALT: 0.52
14:10:31.129312 ALT: 0.52
14:10:31.145415 ALT: 0.52
14:10:31.161546 ALT: 0.52
14:10:31.180996 ALT: 0.52
14:10:31.194424 ALT: 0.52
14:10:31.209362 ALT: 0.52
14:10:31.226348 ALT: 0.52
14:10:31.241305 ALT: 0.52
14:10:31.257304 ALT: 0.52
14:10:31.273352 ALT: 0.52
14:10:31.289338 ALT: 0.52
14:10:31.305228 ALT: 0.52
14:10:31.321314 ALT: 0.52
14:10:31.337274 ALT: 0.52
14:10:31.353277 ALT: 0.52
14:10:31.369328 ALT: 0.52
14:10:31.385298 ALT: 0.52
14:10:31.401307 ALT: 0.52
14:10:31.417361 ALT: 0.52
14:10:31.433272 ALT: 0.52
14:10:31.449631 ALT: 0.52
14:10:31.465230 ALT: 0.52
14:10:31.481325 ALT: 0.52
14:10:31.497274 ALT: 0.52
14:10:31.513539 ALT: 0.52
14:10:31.529312 ALT: 0.52
14:10:31.545497 ALT: 0.52
14:10:31.561294 ALT: 0.52
14:10:31.577591 ALT: 0.52
14:10:31.593319 ALT: 0.52
14:10:31.609330 ALT: 0.52
14:10:31.625863 ALT: 0.52
14:10:31.641432 ALT: 0.52
14:10:31.657329 ALT: 0.52
14:10:31.673331 ALT: 0.52
14:10:31.689325 ALT: 0.52
14:10:31.705293 ALT: 0.52
14:10:31.721301 ALT: 0.52
14:10:31.737297 ALT: 0.52
14:10:31.753331 ALT: 0.52
14:10:31.769335 ALT: 0.52
14:10:31.785340 ALT: 0.52
14:10:31.801367 ALT: 0.52
14:10:31.817346 ALT: 0.52
14:10:31.833368 ALT: 0.52
14:10:31.849346 ALT: 0.52
14:10:31.865334 ALT: 0.52
14:10:31.881523 ALT: 0.52
14:10:31.897314 ALT: 0.52
14:10:31.913390 ALT: 0.52
14:10:31.929381 ALT: 0.52
14:10:31.945706 ALT: 0.52
14:10:31.961402 ALT: 0.52
14:10:31.977673 ALT: 0.52
14:10:31.993623 ALT: 0.52
14:10:32.009404 ALT: 0.52
14:10:32.025561 ALT: 0.52
14:10:32.041375 ALT: 0.52
14:10:32.057395 ALT: 0.52
14:10:32.073402 ALT: 0.52
14:10:32.089349 ALT: 0.52
14:10:32.105348 ALT: 0.52
14:10:32.121350 ALT: 0.52
14:10:32.137417 ALT: 0.52
14:10:32.153360 ALT: 0.52
14:10:32.169373 ALT: 0.52
14:10:32.185425 ALT: 0.52
14:10:32.201351 ALT: 0.52
14:10:32.217454 ALT: 0.52
14:10:32.233389 ALT: 0.52
14:10:32.249422 ALT: 0.52
14:10:32.265383 ALT: 0.52
14:10:32.281670 ALT: 0.52
14:10:32.297428 ALT: 0.52
14:10:32.313598 ALT: 0.52
14:10:32.329429 ALT: 0.52
14:10:32.361427 ALT: 0.52
14:10:32.377416 ALT: 0.52
14:10:32.393449 ALT: 0.52
14:10:32.409445 ALT: 0.52
14:10:32.425631 ALT: 0.52
14:10:32.441617 ALT: 0.56
14:10:32.457497 ALT: 0.56
14:10:32.473443 ALT: 0.58
14:10:32.489408 ALT: 0.59
14:10:32.505455 ALT: 0.59
14:10:32.521425 ALT: 0.6
14:10:32.537466 ALT: 0.6
14:10:32.553432 ALT: 0.6
14:10:32.569460 ALT: 0.6
14:10:32.585428 ALT: 0.6
14:10:32.601475 ALT: 0.6
14:10:32.617464 ALT: 0.6
14:10:32.633481 ALT: 0.6
14:10:32.649432 ALT: 0.6
14:10:32.665564 ALT: 0.6
14:10:32.681777 ALT: 0.6
14:10:32.697462 ALT: 0.6
14:10:32.713886 ALT: 0.6
14:10:32.729493 ALT: 0.6
14:10:32.745452 ALT: 0.6
14:10:32.761523 ALT: 0.6
14:10:32.777544 ALT: 0.6
14:10:32.793526 ALT: 0.6
14:10:32.809485 ALT: 0.6
14:10:32.825867 ALT: 0.6
14:10:32.841510 ALT: 0.6
14:10:32.857526 ALT: 0.6
14:10:32.873465 ALT: 0.6
14:10:32.889544 ALT: 0.6
14:10:32.905459 ALT: 0.6
14:10:32.921468 ALT: 0.6
14:10:32.937513 ALT: 0.6
14:10:32.953517 ALT: 0.6
14:10:32.969499 ALT: 0.6
14:10:32.985572 ALT: 0.6
14:10:33.001485 ALT: 0.6
14:10:33.017546 ALT: 0.6
14:10:33.033464 ALT: 0.6
14:10:33.049538 ALT: 0.6
14:10:33.065480 ALT: 0.6
14:10:33.081768 ALT: 0.6
14:10:33.097566 ALT: 0.6
14:10:33.113782 ALT: 0.6
14:10:33.129514 ALT: 0.6
14:10:33.145715 ALT: 0.6
14:10:33.161553 ALT: 0.6
14:10:33.177529 ALT: 0.6
14:10:33.193616 ALT: 0.6
14:10:33.209567 ALT: 0.6
14:10:33.225698 ALT: 0.6
14:10:33.241648 ALT: 0.6
14:10:33.257594 ALT: 0.6
14:10:33.273513 ALT: 0.6
14:10:33.289542 ALT: 0.6
14:10:33.305601 ALT: 0.6
14:10:33.321553 ALT: 0.6
14:10:33.337657 ALT: 0.6
14:10:33.353545 ALT: 0.6
14:10:33.369570 ALT: 0.6
14:10:33.385597 ALT: 0.6
14:10:33.401597 ALT: 0.6
14:10:33.417605 ALT: 0.6
14:10:33.433626 ALT: 0.6
14:10:33.449606 ALT: 0.6
14:10:33.465547 ALT: 0.6
14:10:33.481655 ALT: 0.6
14:10:33.497602 ALT: 0.6
14:10:33.514024 ALT: 0.6
14:10:33.529624 ALT: 0.6
14:10:33.546033 ALT: 0.6
14:10:33.561644 ALT: 0.6
14:10:33.577613 ALT: 0.6
14:10:33.593617 ALT: 0.6
14:10:33.609618 ALT: 0.6
14:10:33.626175 ALT: 0.6
14:10:33.641576 ALT: 0.6
14:10:33.657660 ALT: 0.6
14:10:33.673571 ALT: 0.6
14:10:33.689599 ALT: 0.6
14:10:33.705614 ALT: 0.6
14:10:33.721589 ALT: 0.6
14:10:33.737578 ALT: 0.6
14:10:33.753585 ALT: 0.6
14:10:33.769672 ALT: 0.6
14:10:33.785626 ALT: 0.6
14:10:33.801609 ALT: 0.6
14:10:33.817630 ALT: 0.6
14:10:33.833628 ALT: 0.6
14:10:33.849639 ALT: 0.6
14:10:33.865636 ALT: 0.6
14:10:33.882061 ALT: 0.6
14:10:33.897635 ALT: 0.6
14:10:33.913976 ALT: 0.6
14:10:33.929608 ALT: 0.6
14:10:33.948038 ALT: 0.6
14:10:33.961743 ALT: 0.6
14:10:33.977681 ALT: 0.6
14:10:33.993705 ALT: 0.6
14:10:34.009673 ALT: 0.6
14:10:34.025779 ALT: 0.6
14:10:34.041614 ALT: 0.6
14:10:34.057706 ALT: 0.6
14:10:34.073607 ALT: 0.6
14:10:34.089669 ALT: 0.6
14:10:34.105671 ALT: 0.6
14:10:34.121656 ALT: 0.6
14:10:34.137717 ALT: 0.6
14:10:34.153713 ALT: 0.6
14:10:34.169721 ALT: 0.6
14:10:34.185703 ALT: 0.6
14:10:34.201676 ALT: 0.6
14:10:34.217710 ALT: 0.6
14:10:34.233674 ALT: 0.6
14:10:34.249913 ALT: 0.6
14:10:34.265670 ALT: 0.6
14:10:34.281921 ALT: 0.6
14:10:34.297705 ALT: 0.6
14:10:34.314043 ALT: 0.6
14:10:34.329710 ALT: 0.6
14:10:34.345752 ALT: 0.6
14:10:34.361731 ALT: 0.6
14:10:34.377795 ALT: 0.6
14:10:34.393789 ALT: 0.6
14:10:34.409758 ALT: 0.6
14:10:34.425873 ALT: 0.6
14:10:34.441749 ALT: 0.6
14:10:34.457798 ALT: 0.6
14:10:34.473737 ALT: 0.6
14:10:34.489741 ALT: 0.6
14:10:34.505794 ALT: 0.6
14:10:34.521742 ALT: 0.6
14:10:34.537895 ALT: 0.6
14:10:34.553787 ALT: 0.6
14:10:34.569781 ALT: 0.6
14:10:34.585749 ALT: 0.6
14:10:34.601745 ALT: 0.6
14:10:34.617772 ALT: 0.6
14:10:34.633758 ALT: 0.6
14:10:34.650197 ALT: 0.6
14:10:34.665786 ALT: 0.6
14:10:34.681765 ALT: 0.6
14:10:34.697796 ALT: 0.6
14:10:34.713884 ALT: 0.6
14:10:34.729814 ALT: 0.6
14:10:34.745822 ALT: 0.6
14:10:34.761851 ALT: 0.6
14:10:34.777843 ALT: 0.6
14:10:34.793827 ALT: 0.6
14:10:34.809843 ALT: 0.6
14:10:34.825966 ALT: 0.6
14:10:34.841763 ALT: 0.6
14:10:34.857854 ALT: 0.6
14:10:34.873799 ALT: 0.6
14:10:34.889784 ALT: 0.6
14:10:34.905816 ALT: 0.6
14:10:34.921769 ALT: 0.6
14:10:34.937946 ALT: 0.6
14:10:34.953801 ALT: 0.6
14:10:34.969929 ALT: 0.6
14:10:34.985853 ALT: 0.6
14:10:35.001764 ALT: 0.6
14:10:35.017852 ALT: 0.6
14:10:35.033808 ALT: 0.6
14:10:35.050050 ALT: 0.6
14:10:35.065784 ALT: 0.6
14:10:35.081995 ALT: 0.6
14:10:35.114001 ALT: 0.6
14:10:35.129862 ALT: 0.6
14:10:35.145895 ALT: 0.6
14:10:35.161866 ALT: 0.6
14:10:35.177879 ALT: 0.6
14:10:35.193866 ALT: 0.6
14:10:35.209897 ALT: 0.6
14:10:35.226067 ALT: 0.6
14:10:35.241825 ALT: 0.6
14:10:35.258067 ALT: 0.6
14:10:35.273899 ALT: 0.6
14:10:35.289856 ALT: 0.6
14:10:35.305918 ALT: 0.6
14:10:35.321890 ALT: 0.6
14:10:35.337912 ALT: 0.6
14:10:35.353926 ALT: 0.6
14:10:35.369892 ALT: 0.6
14:10:35.385905 ALT: 0.6
14:10:35.401871 ALT: 0.6
14:10:35.417900 ALT: 0.6
14:10:35.433885 ALT: 0.6
14:10:35.450183 ALT: 0.6
14:10:35.465894 ALT: 0.6
14:10:35.482306 ALT: 0.6
14:10:35.497877 ALT: 0.6
14:10:35.514130 ALT: 0.6
14:10:35.529937 ALT: 0.6
14:10:35.545916 ALT: 0.6
14:10:35.561982 ALT: 0.6
14:10:35.577918 ALT: 0.6
14:10:35.593952 ALT: 0.6
14:10:35.609894 ALT: 0.6
14:10:35.626122 ALT: 0.6
14:10:35.641871 ALT: 0.6
14:10:35.657967 ALT: 0.6
14:10:35.673935 ALT: 0.6
14:10:35.689902 ALT: 0.6
14:10:35.705929 ALT: 0.6
14:10:35.721950 ALT: 0.6
14:10:35.737979 ALT: 0.6
14:10:35.753971 ALT: 0.6
14:10:35.769941 ALT: 0.6
14:10:35.785967 ALT: 0.6
14:10:35.801938 ALT: 0.6
14:10:35.818182 ALT: 0.6
14:10:35.833981 ALT: 0.6
14:10:35.850210 ALT: 0.6
14:10:35.865909 ALT: 0.6
14:10:35.882198 ALT: 0.6
14:10:35.897933 ALT: 0.6
14:10:35.914015 ALT: 0.6
14:10:35.929973 ALT: 0.6
14:10:35.945971 ALT: 0.6
14:10:35.961987 ALT: 0.6
14:10:35.977984 ALT: 0.6
14:10:35.993998 ALT: 0.6
14:10:36.009942 ALT: 0.6
14:10:36.026122 ALT: 0.6
14:10:36.041954 ALT: 0.6
14:10:36.058086 ALT: 0.6
14:10:36.074048 ALT: 0.6
14:10:36.089975 ALT: 0.6
14:10:36.106096 ALT: 0.6
14:10:36.122005 ALT: 0.6
14:10:36.137971 ALT: 0.6
14:10:36.154069 ALT: 0.6
14:10:36.170032 ALT: 0.6
14:10:36.186047 ALT: 0.6
14:10:36.202009 ALT: 0.6
14:10:36.218303 ALT: 0.6
14:10:36.234045 ALT: 0.6
14:10:36.250321 ALT: 0.6
14:10:36.266032 ALT: 0.6
14:10:36.282438 ALT: 0.6
14:10:36.298038 ALT: 0.6
14:10:36.314137 ALT: 0.6
14:10:36.330096 ALT: 0.6
14:10:36.346096 ALT: 0.6
14:10:36.362058 ALT: 0.6
14:10:36.378147 ALT: 0.57
14:10:36.394094 ALT: 0.57
14:10:36.409992 ALT: 0.55
14:10:36.426289 ALT: 0.55
14:10:36.442001 ALT: 0.54
14:10:36.458267 ALT: 0.54
14:10:36.474085 ALT: 0.54
14:10:36.490068 ALT: 0.54
14:10:36.506135 ALT: 0.54
14:10:36.522115 ALT: 0.54
14:10:36.538066 ALT: 0.54
14:10:36.554135 ALT: 0.54
14:10:36.570133 ALT: 0.54
14:10:36.586137 ALT: 0.54
14:10:36.602097 ALT: 0.54
14:10:36.618265 ALT: 0.54
14:10:36.634158 ALT: 0.54
14:10:36.650368 ALT: 0.54
14:10:36.666119 ALT: 0.54
14:10:36.682416 ALT: 0.54
14:10:36.698127 ALT: 0.54
14:10:36.714138 ALT: 0.54
14:10:36.730150 ALT: 0.54
14:10:36.746198 ALT: 0.54
14:10:36.762201 ALT: 0.54
14:10:36.778120 ALT: 0.54
14:10:36.794212 ALT: 0.54
14:10:36.810140 ALT: 0.54
14:10:36.826289 ALT: 0.54
14:10:36.842137 ALT: 0.54
14:10:36.858266 ALT: 0.54
14:10:36.874226 ALT: 0.54
14:10:36.890605 ALT: 0.54
14:10:36.906264 ALT: 0.54
14:10:36.922245 ALT: 0.54
14:10:36.938201 ALT: 0.54
14:10:36.954224 ALT: 0.54
14:10:36.970210 ALT: 0.54
14:10:36.986243 ALT: 0.54
14:10:37.002192 ALT: 0.54
14:10:37.018338 ALT: 0.54
14:10:37.034232 ALT: 0.54
14:10:37.050462 ALT: 0.54
14:10:37.066241 ALT: 0.54
14:10:37.082581 ALT: 0.54
14:10:37.098295 ALT: 0.54
14:10:37.114322 ALT: 0.54
14:10:37.130260 ALT: 0.54
14:10:37.146266 ALT: 0.54
14:10:37.162285 ALT: 0.54
14:10:37.178347 ALT: 0.54
14:10:37.194277 ALT: 0.54
14:10:37.210181 ALT: 0.54
14:10:37.226398 ALT: 0.54
14:10:37.242231 ALT: 0.54
14:10:37.258354 ALT: 0.54
14:10:37.274282 ALT: 0.54
14:10:37.290315 ALT: 0.54
14:10:37.306325 ALT: 0.54
14:10:37.322346 ALT: 0.54
14:10:37.338389 ALT: 0.54
14:10:37.354356 ALT: 0.54
14:10:37.370343 ALT: 0.54
14:10:37.386620 ALT: 0.54
14:10:37.402277 ALT: 0.54
14:10:37.418501 ALT: 0.54
14:10:37.434307 ALT: 0.57
14:10:37.450524 ALT: 0.59
14:10:37.466315 ALT: 0.59
14:10:37.482376 ALT: 0.6
14:10:37.498313 ALT: 0.6
14:10:37.514395 ALT: 0.6
14:10:37.530365 ALT: 0.6
14:10:37.546357 ALT: 0.6
14:10:37.562366 ALT: 0.6
14:10:37.578332 ALT: 0.6
14:10:37.594416 ALT: 0.6
14:10:37.610333 ALT: 0.6
14:10:37.626500 ALT: 0.6
14:10:37.642387 ALT: 0.6
14:10:37.658475 ALT: 0.6
14:10:37.674438 ALT: 0.6
14:10:37.690456 ALT: 0.6
14:10:37.706447 ALT: 0.6
14:10:37.722408 ALT: 0.6
14:10:37.738404 ALT: 0.6
14:10:37.754410 ALT: 0.6
14:10:37.770410 ALT: 0.6
14:10:37.786604 ALT: 0.6
14:10:37.802380 ALT: 0.6
14:10:37.818488 ALT: 0.6
14:10:37.834413 ALT: 0.6
14:10:37.850797 ALT: 0.6
14:10:37.866412 ALT: 0.6
14:10:37.882479 ALT: 0.6
14:10:37.898441 ALT: 0.6
14:10:37.914475 ALT: 0.6
14:10:37.930521 ALT: 0.6
14:10:37.946523 ALT: 0.6
14:10:37.962490 ALT: 0.6
14:10:37.978380 ALT: 0.6
14:10:37.994489 ALT: 0.6
14:10:38.010375 ALT: 0.6
14:10:38.026682 ALT: 0.6
14:10:38.042443 ALT: 0.6
14:10:38.058558 ALT: 0.6
14:10:38.074466 ALT: 0.6
14:10:38.090530 ALT: 0.6
14:10:38.106503 ALT: 0.6
14:10:38.122525 ALT: 0.6
14:10:38.138559 ALT: 0.6
14:10:38.154475 ALT: 0.6
14:10:38.170467 ALT: 0.6
14:10:38.186811 ALT: 0.6
14:10:38.202472 ALT: 0.6
14:10:38.218719 ALT: 0.6
14:10:38.234503 ALT: 0.6
14:10:38.250696 ALT: 0.6
14:10:38.266520 ALT: 0.6
14:10:38.282597 ALT: 0.6
14:10:38.298509 ALT: 0.6
14:10:38.314555 ALT: 0.6
14:10:38.330520 ALT: 0.6
14:10:38.346564 ALT: 0.6
14:10:38.362566 ALT: 0.6
14:10:38.378497 ALT: 0.6
14:10:38.394590 ALT: 0.6
14:10:38.410536 ALT: 0.6
14:10:38.426702 ALT: 0.6
14:10:38.442574 ALT: 0.6
14:10:38.458793 ALT: 0.6
14:10:38.474571 ALT: 0.6
14:10:38.490645 ALT: 0.6
14:10:38.506621 ALT: 0.6
14:10:38.522653 ALT: 0.6
14:10:38.538608 ALT: 0.6
14:10:38.554625 ALT: 0.6
14:10:38.570601 ALT: 0.6
14:10:38.586623 ALT: 0.57
14:10:38.602577 ALT: 0.57
14:10:38.619011 ALT: 0.55
14:10:38.634586 ALT: 0.54
14:10:38.650617 ALT: 0.54
14:10:38.666618 ALT: 0.54
14:10:38.682617 ALT: 0.54
14:10:38.698672 ALT: 0.57
14:10:38.714667 ALT: 0.59
14:10:38.730633 ALT: 0.59
14:10:38.746651 ALT: 0.6
14:10:38.762661 ALT: 0.6
14:10:38.778606 ALT: 0.6
14:10:38.794683 ALT: 0.6
14:10:38.810663 ALT: 0.6
14:10:38.826839 ALT: 0.6
14:10:38.842686 ALT: 0.6
14:10:38.858740 ALT: 0.6
14:10:38.874738 ALT: 0.6
14:10:38.890740 ALT: 0.6
14:10:38.906696 ALT: 0.6
14:10:38.922698 ALT: 0.6
14:10:38.938689 ALT: 0.6
14:10:38.954701 ALT: 0.6
14:10:38.970729 ALT: 0.6
14:10:38.986734 ALT: 0.6
14:10:39.002662 ALT: 0.6
14:10:39.018739 ALT: 0.6
14:10:39.034685 ALT: 0.6
14:10:39.050988 ALT: 0.6
14:10:39.066732 ALT: 0.6
14:10:39.082732 ALT: 0.6
14:10:39.098708 ALT: 0.6
14:10:39.114818 ALT: 0.6
14:10:39.130745 ALT: 0.6
14:10:39.146645 ALT: 0.6
14:10:39.162769 ALT: 0.6
14:10:39.178670 ALT: 0.6
14:10:39.194768 ALT: 0.6
14:10:39.210702 ALT: 0.6
14:10:39.226768 ALT: 0.6
14:10:39.242718 ALT: 0.6
14:10:39.258882 ALT: 0.6
14:10:39.274750 ALT: 0.6
14:10:39.290856 ALT: 0.6
14:10:39.306731 ALT: 0.6
14:10:39.322796 ALT: 0.6
14:10:39.338752 ALT: 0.6
14:10:39.354973 ALT: 0.6
14:10:39.370759 ALT: 0.6
14:10:39.386968 ALT: 0.6
14:10:39.402760 ALT: 0.6
14:10:39.418982 ALT: 0.6
14:10:39.434782 ALT: 0.6
14:10:39.450808 ALT: 0.6
14:10:39.466822 ALT: 0.6
14:10:39.482855 ALT: 0.6
14:10:39.498781 ALT: 0.6
14:10:39.514861 ALT: 0.6
14:10:39.530777 ALT: 0.6
14:10:39.546749 ALT: 0.6
14:10:39.562841 ALT: 0.6
14:10:39.578795 ALT: 0.6
14:10:39.594865 ALT: 0.6
14:10:39.610842 ALT: 0.6
14:10:39.626869 ALT: 0.6
14:10:39.642867 ALT: 0.6
14:10:39.659319 ALT: 0.6
14:10:39.674900 ALT: 0.6
14:10:39.690886 ALT: 0.6
14:10:39.706964 ALT: 0.6
14:10:39.722901 ALT: 0.6
14:10:39.738918 ALT: 0.6
14:10:39.755181 ALT: 0.6
14:10:39.770861 ALT: 0.6
14:10:39.786924 ALT: 0.6
14:10:39.802861 ALT: 0.6
14:10:39.819376 ALT: 0.6
14:10:39.834910 ALT: 0.6
14:10:39.850925 ALT: 0.6
14:10:39.866884 ALT: 0.6
14:10:39.882959 ALT: 0.6
14:10:39.898940 ALT: 0.6
14:10:39.914947 ALT: 0.6
14:10:39.930929 ALT: 0.6
14:10:39.946929 ALT: 0.6
14:10:39.962952 ALT: 0.6
14:10:39.978837 ALT: 0.6
14:10:39.994990 ALT: 0.6
14:10:40.010881 ALT: 0.6
14:10:40.026968 ALT: 0.6
14:10:40.042891 ALT: 0.6
14:10:40.059050 ALT: 0.6
14:10:40.074957 ALT: 0.6
14:10:40.091001 ALT: 0.6
14:10:40.106961 ALT: 0.6
14:10:40.122989 ALT: 0.6
14:10:40.138956 ALT: 0.6
14:10:40.155166 ALT: 0.6
14:10:40.170984 ALT: 0.6
14:10:40.187153 ALT: 0.6
14:10:40.202915 ALT: 0.6
14:10:40.219142 ALT: 0.6
14:10:40.234943 ALT: 0.6
14:10:40.251042 ALT: 0.6
14:10:40.266950 ALT: 0.6
14:10:40.283019 ALT: 0.6
14:10:40.299013 ALT: 0.6
14:10:40.314984 ALT: 0.6
14:10:40.330966 ALT: 0.6
14:10:40.346960 ALT: 0.6
14:10:40.363013 ALT: 0.6
14:10:40.379030 ALT: 0.6
14:10:40.395030 ALT: 0.6
14:10:40.411034 ALT: 0.6
14:10:40.427051 ALT: 0.6
14:10:40.443036 ALT: 0.6
14:10:40.459137 ALT: 0.6
14:10:40.475178 ALT: 0.6
14:10:40.491196 ALT: 0.6
14:10:40.507058 ALT: 0.6
14:10:40.523045 ALT: 0.6
14:10:40.539075 ALT: 0.6
14:10:40.555403 ALT: 0.6
14:10:40.587192 ALT: 0.6
14:10:40.603062 ALT: 0.6
14:10:40.619445 ALT: 0.6
14:10:40.635099 ALT: 0.6
14:10:40.651126 ALT: 0.6
14:10:40.667060 ALT: 0.6
14:10:40.683173 ALT: 0.6
14:10:40.699069 ALT: 0.6
14:10:40.715176 ALT: 0.6
14:10:40.731116 ALT: 0.6
14:10:40.747012 ALT: 0.6
14:10:40.763116 ALT: 0.6
14:10:40.779073 ALT: 0.6
14:10:40.795143 ALT: 0.6
14:10:40.811070 ALT: 0.6
14:10:40.827296 ALT: 0.6
14:10:40.843096 ALT: 0.6
14:10:40.859264 ALT: 0.6
14:10:40.875135 ALT: 0.6
14:10:40.891222 ALT: 0.6
14:10:40.907123 ALT: 0.6
14:10:40.923341 ALT: 0.6
14:10:40.939145 ALT: 0.6
14:10:40.955367 ALT: 0.6
14:10:40.971100 ALT: 0.6
14:10:40.987416 ALT: 0.6
14:10:41.003152 ALT: 0.6
14:10:41.019250 ALT: 0.6
14:10:41.035142 ALT: 0.6
14:10:41.051181 ALT: 0.6
14:10:41.067182 ALT: 0.6
14:10:41.083182 ALT: 0.6
14:10:41.099126 ALT: 0.6
14:10:41.115124 ALT: 0.6
14:10:41.131183 ALT: 0.6
14:10:41.147127 ALT: 0.6
14:10:41.163220 ALT: 0.6
14:10:41.179206 ALT: 0.6
14:10:41.195229 ALT: 0.6
14:10:41.211213 ALT: 0.6
14:10:41.227453 ALT: 0.6
14:10:41.243227 ALT: 0.6
14:10:41.259410 ALT: 0.6
14:10:41.275252 ALT: 0.6
14:10:41.291266 ALT: 0.6
14:10:41.307259 ALT: 0.6
14:10:41.323684 ALT: 0.6
14:10:41.339257 ALT: 0.6
14:10:41.355402 ALT: 0.6
14:10:41.371193 ALT: 0.6
14:10:41.387350 ALT: 0.6
14:10:41.403286 ALT: 0.6
14:10:41.419250 ALT: 0.6
14:10:41.435232 ALT: 0.6
14:10:41.451251 ALT: 0.6
14:10:41.467228 ALT: 0.6
14:10:41.483313 ALT: 0.6
14:10:41.499235 ALT: 0.6
14:10:41.515181 ALT: 0.6
14:10:41.531289 ALT: 0.6
14:10:41.547196 ALT: 0.6
14:10:41.563279 ALT: 0.6
14:10:41.579228 ALT: 0.6
14:10:41.595321 ALT: 0.6
14:10:41.611257 ALT: 0.6
14:10:41.627457 ALT: 0.6
14:10:41.643279 ALT: 0.6
14:10:41.659517 ALT: 0.6
14:10:41.675278 ALT: 0.6
14:10:41.691358 ALT: 0.6
14:10:41.707284 ALT: 0.6
14:10:41.723541 ALT: 0.6
14:10:41.739346 ALT: 0.6
14:10:41.755637 ALT: 0.6
14:10:41.771309 ALT: 0.6
14:10:41.787497 ALT: 0.6
14:10:41.803320 ALT: 0.6
14:10:41.819379 ALT: 0.6
14:10:41.835302 ALT: 0.6
14:10:41.851415 ALT: 0.6
14:10:41.867307 ALT: 0.6
14:10:41.883328 ALT: 0.6
14:10:41.899321 ALT: 0.6
14:10:41.915360 ALT: 0.6
14:10:41.931358 ALT: 0.6
14:10:41.947332 ALT: 0.6
14:10:41.963351 ALT: 0.6
14:10:41.979372 ALT: 0.6
14:10:41.995386 ALT: 0.6
14:10:42.011407 ALT: 0.6
14:10:42.027506 ALT: 0.6
14:10:42.043388 ALT: 0.6
14:10:42.059519 ALT: 0.6
14:10:42.075464 ALT: 0.6
14:10:42.091438 ALT: 0.6
14:10:42.107448 ALT: 0.6
14:10:42.123847 ALT: 0.6
14:10:42.139493 ALT: 0.6
14:10:42.155722 ALT: 0.6
14:10:42.171433 ALT: 0.6
14:10:42.187606 ALT: 0.6
14:10:42.203426 ALT: 0.6
14:10:42.219418 ALT: 0.6
14:10:42.235403 ALT: 0.6
14:10:42.251479 ALT: 0.6
14:10:42.267418 ALT: 0.6
14:10:42.283433 ALT: 0.6
14:10:42.299408 ALT: 0.6
14:10:42.315366 ALT: 0.6
14:10:42.331469 ALT: 0.6
14:10:42.347429 ALT: 0.6
14:10:42.363481 ALT: 0.6
14:10:42.379428 ALT: 0.6
14:10:42.395473 ALT: 0.6
14:10:42.411411 ALT: 0.6
14:10:42.427663 ALT: 0.6
14:10:42.443436 ALT: 0.6
14:10:42.459594 ALT: 0.6
14:10:42.475469 ALT: 0.6
14:10:42.491553 ALT: 0.6
14:10:42.507475 ALT: 0.6
14:10:42.523674 ALT: 0.6
14:10:42.539482 ALT: 0.6
14:10:42.555716 ALT: 0.6
14:10:42.571496 ALT: 0.6
14:10:42.587504 ALT: 0.6
14:10:42.603696 ALT: 0.6
14:10:42.619501 ALT: 0.6
14:10:42.635493 ALT: 0.6
14:10:42.651494 ALT: 0.6
14:10:42.667519 ALT: 0.6
14:10:42.683439 ALT: 0.6
14:10:42.699526 ALT: 0.6
14:10:42.715449 ALT: 0.6
14:10:42.731549 ALT: 0.6
14:10:42.747500 ALT: 0.64
14:10:42.763535 ALT: 0.66
14:10:42.779504 ALT: 0.66
14:10:42.795648 ALT: 0.67
14:10:42.811505 ALT: 0.67
14:10:42.827600 ALT: 0.68
14:10:42.843524 ALT: 0.68
14:10:42.859687 ALT: 0.68
14:10:42.875537 ALT: 0.68
14:10:42.891746 ALT: 0.68
14:10:42.907550 ALT: 0.68
14:10:42.923752 ALT: 0.68
14:10:42.939569 ALT: 0.68
14:10:42.955895 ALT: 0.68
14:10:42.971597 ALT: 0.68
14:10:42.987588 ALT: 0.68
14:10:43.003587 ALT: 0.68
14:10:43.019642 ALT: 0.68
14:10:43.035570 ALT: 0.68
14:10:43.051599 ALT: 0.68
14:10:43.067569 ALT: 0.68
14:10:43.083586 ALT: 0.68
14:10:43.099624 ALT: 0.68
14:10:43.115579 ALT: 0.68
14:10:43.131581 ALT: 0.68
14:10:43.147638 ALT: 0.68
14:10:43.163638 ALT: 0.68
14:10:43.179633 ALT: 0.68
14:10:43.195751 ALT: 0.68
14:10:43.211640 ALT: 0.68
14:10:43.228025 ALT: 0.68
14:10:43.243640 ALT: 0.68
14:10:43.259804 ALT: 0.68
14:10:43.275682 ALT: 0.68
14:10:43.292062 ALT: 0.68
14:10:43.307697 ALT: 0.68
14:10:43.339622 ALT: 0.68
14:10:43.355884 ALT: 0.68
14:10:43.371678 ALT: 0.68
14:10:43.387668 ALT: 0.68
14:10:43.403705 ALT: 0.68
14:10:43.419674 ALT: 0.68
14:10:43.435676 ALT: 0.68
14:10:43.451724 ALT: 0.68
14:10:43.467675 ALT: 0.68
14:10:43.483618 ALT: 0.68
14:10:43.499690 ALT: 0.68
14:10:43.515611 ALT: 0.68
14:10:43.531714 ALT: 0.68
14:10:43.547667 ALT: 0.68
14:10:43.563718 ALT: 0.68
14:10:43.579649 ALT: 0.68
14:10:43.595857 ALT: 0.68
14:10:43.611696 ALT: 0.68
14:10:43.628396 ALT: 0.68
14:10:43.643687 ALT: 0.68
14:10:43.659921 ALT: 0.68
14:10:43.675687 ALT: 0.68
14:10:43.691922 ALT: 0.68
14:10:43.707694 ALT: 0.68
14:10:43.723907 ALT: 0.68
14:10:43.739747 ALT: 0.68
14:10:43.755979 ALT: 0.68
14:10:43.771769 ALT: 0.68
14:10:43.787780 ALT: 0.68
14:10:43.803777 ALT: 0.68
14:10:43.819765 ALT: 0.68
14:10:43.835765 ALT: 0.68
14:10:43.851736 ALT: 0.68
14:10:43.867748 ALT: 0.68
14:10:43.883727 ALT: 0.68
14:10:43.899773 ALT: 0.68
14:10:43.915779 ALT: 0.68
14:10:43.931740 ALT: 0.68
14:10:43.947792 ALT: 0.68
14:10:43.963826 ALT: 0.68
14:10:43.979792 ALT: 0.68
14:10:43.995916 ALT: 0.68
14:10:44.011816 ALT: 0.68
14:10:44.028014 ALT: 0.68
14:10:44.043816 ALT: 0.68
14:10:44.060173 ALT: 0.68
14:10:44.075815 ALT: 0.68
14:10:44.092228 ALT: 0.68
14:10:44.107878 ALT: 0.68
14:10:44.124255 ALT: 0.68
14:10:44.139939 ALT: 0.68
14:10:44.156364 ALT: 0.68
14:10:44.171886 ALT: 0.68
14:10:44.187865 ALT: 0.68
14:10:44.203914 ALT: 0.68
14:10:44.219856 ALT: 0.68
14:10:44.235863 ALT: 0.68
14:10:44.251774 ALT: 0.68
14:10:44.267870 ALT: 0.68
14:10:44.283779 ALT: 0.68
14:10:44.299867 ALT: 0.68
14:10:44.315829 ALT: 0.68
14:10:44.331869 ALT: 0.68
14:10:44.347842 ALT: 0.68
14:10:44.364005 ALT: 0.68
14:10:44.379845 ALT: 0.68
14:10:44.396075 ALT: 0.68
14:10:44.411845 ALT: 0.68
14:10:44.428034 ALT: 0.68
14:10:44.443900 ALT: 0.68
14:10:44.460134 ALT: 0.68
14:10:44.475876 ALT: 0.68
14:10:44.492112 ALT: 0.68
14:10:44.507898 ALT: 0.68
14:10:44.524115 ALT: 0.68
14:10:44.539913 ALT: 0.68
14:10:44.555961 ALT: 0.68
14:10:44.571911 ALT: 0.68
14:10:44.587939 ALT: 0.68
14:10:44.603901 ALT: 0.68
14:10:44.619962 ALT: 0.68
14:10:44.635899 ALT: 0.68
14:10:44.651907 ALT: 0.68
14:10:44.667986 ALT: 0.68
14:10:44.683905 ALT: 0.68
14:10:44.699956 ALT: 0.68
14:10:44.715967 ALT: 0.68
14:10:44.731944 ALT: 0.68
14:10:44.747942 ALT: 0.68
14:10:44.764053 ALT: 0.68
14:10:44.779971 ALT: 0.68
14:10:44.796132 ALT: 0.68
14:10:44.811978 ALT: 0.68
14:10:44.828374 ALT: 0.68
14:10:44.843976 ALT: 0.68
14:10:44.860334 ALT: 0.68
14:10:44.876496 ALT: 0.68
14:10:44.892333 ALT: 0.68
14:10:44.908066 ALT: 0.68
14:10:44.923957 ALT: 0.68
14:10:44.940072 ALT: 0.68
14:10:44.956018 ALT: 0.68
14:10:44.972037 ALT: 0.68
14:10:44.988033 ALT: 0.68
14:10:45.004026 ALT: 0.68
14:10:45.020235 ALT: 0.68
14:10:45.036021 ALT: 0.68
14:10:45.051949 ALT: 0.68
14:10:45.068052 ALT: 0.68
14:10:45.083991 ALT: 0.68
14:10:45.100044 ALT: 0.68
14:10:45.116010 ALT: 0.68
14:10:45.132052 ALT: 0.68
14:10:45.148014 ALT: 0.68
14:10:45.164167 ALT: 0.68
14:10:45.180007 ALT: 0.68
14:10:45.196182 ALT: 0.68
14:10:45.212037 ALT: 0.68
14:10:45.228194 ALT: 0.68
14:10:45.244029 ALT: 0.68
14:10:45.260300 ALT: 0.68
14:10:45.276030 ALT: 0.68
14:10:45.292249 ALT: 0.68
14:10:45.308090 ALT: 0.68
14:10:45.324305 ALT: 0.68
14:10:45.340051 ALT: 0.68
14:10:45.356089 ALT: 0.68
14:10:45.372071 ALT: 0.68
14:10:45.388091 ALT: 0.68
14:10:45.404088 ALT: 0.68
14:10:45.420061 ALT: 0.68
14:10:45.436068 ALT: 0.68
14:10:45.452051 ALT: 0.68
14:10:45.468089 ALT: 0.68
14:10:45.484040 ALT: 0.68
14:10:45.500104 ALT: 0.68
14:10:45.516145 ALT: 0.68
14:10:45.532123 ALT: 0.68
14:10:45.548142 ALT: 0.68
14:10:45.564237 ALT: 0.68
14:10:45.580152 ALT: 0.68
14:10:45.596337 ALT: 0.68
14:10:45.612159 ALT: 0.68
14:10:45.628368 ALT: 0.68
14:10:45.644125 ALT: 0.68
14:10:45.660615 ALT: 0.68
14:10:45.676413 ALT: 0.68
14:10:45.694386 ALT: 0.68
14:10:45.708200 ALT: 0.68
14:10:45.724492 ALT: 0.68
14:10:45.740213 ALT: 0.68
14:10:45.756158 ALT: 0.68
14:10:45.772159 ALT: 0.68
14:10:45.788167 ALT: 0.68
14:10:45.804176 ALT: 0.68
14:10:45.820176 ALT: 0.68
14:10:45.836159 ALT: 0.68
14:10:45.852107 ALT: 0.68
14:10:45.868207 ALT: 0.68
14:10:45.884163 ALT: 0.68
14:10:45.900229 ALT: 0.68
14:10:45.916157 ALT: 0.68
14:10:45.932502 ALT: 0.68
14:10:45.948150 ALT: 0.68
14:10:45.964405 ALT: 0.68
14:10:45.980186 ALT: 0.68
14:10:45.996391 ALT: 0.68
14:10:46.012183 ALT: 0.68
14:10:46.028419 ALT: 0.68
14:10:46.044225 ALT: 0.68
14:10:46.060432 ALT: 0.68
14:10:46.076200 ALT: 0.68
14:10:46.092451 ALT: 0.68
14:10:46.108245 ALT: 0.68
14:10:46.124291 ALT: 0.68
14:10:46.140211 ALT: 0.68
14:10:46.156280 ALT: 0.68
14:10:46.172231 ALT: 0.68
14:10:46.188342 ALT: 0.68
14:10:46.204232 ALT: 0.68
14:10:46.220362 ALT: 0.68
14:10:46.236234 ALT: 0.68
14:10:46.252182 ALT: 0.68
14:10:46.268328 ALT: 0.68
14:10:46.284227 ALT: 0.68
14:10:46.300303 ALT: 0.68
14:10:46.316241 ALT: 0.68
14:10:46.332374 ALT: 0.68
14:10:46.348310 ALT: 0.68
14:10:46.364381 ALT: 0.68
14:10:46.380329 ALT: 0.68
14:10:46.396425 ALT: 0.68
14:10:46.412298 ALT: 0.68
14:10:46.428576 ALT: 0.68
14:10:46.444349 ALT: 0.68
14:10:46.460568 ALT: 0.68
14:10:46.476306 ALT: 0.68
14:10:46.492537 ALT: 0.68
14:10:46.508323 ALT: 0.68
14:10:46.524366 ALT: 0.68
14:10:46.540348 ALT: 0.68
14:10:46.556370 ALT: 0.68
14:10:46.572322 ALT: 0.68
14:10:46.588478 ALT: 0.68
14:10:46.604329 ALT: 0.68
14:10:46.620355 ALT: 0.68
14:10:46.636367 ALT: 0.68
14:10:46.652321 ALT: 0.68
14:10:46.668372 ALT: 0.68
14:10:46.684369 ALT: 0.68
14:10:46.700394 ALT: 0.68
14:10:46.716378 ALT: 0.68
14:10:46.732531 ALT: 0.68
14:10:46.748369 ALT: 0.68
14:10:46.764626 ALT: 0.68
14:10:46.780442 ALT: 0.68
14:10:46.796547 ALT: 0.68
14:10:46.812589 ALT: 0.68
14:10:46.828606 ALT: 0.68
14:10:46.844463 ALT: 0.68
14:10:46.860748 ALT: 0.68
14:10:46.876619 ALT: 0.68
14:10:46.892381 ALT: 0.68
14:10:46.908419 ALT: 0.68
14:10:46.924425 ALT: 0.68
14:10:46.940480 ALT: 0.68
14:10:46.956470 ALT: 0.68
14:10:46.972422 ALT: 0.68
14:10:46.988492 ALT: 0.68
14:10:47.004437 ALT: 0.68
14:10:47.020377 ALT: 0.68
14:10:47.036431 ALT: 0.68
14:10:47.052379 ALT: 0.68
14:10:47.068474 ALT: 0.68
14:10:47.084476 ALT: 0.68
14:10:47.100460 ALT: 0.68
14:10:47.116412 ALT: 0.68
14:10:47.132664 ALT: 0.68
14:10:47.148447 ALT: 0.68
14:10:47.164806 ALT: 0.68
14:10:47.180423 ALT: 0.68
14:10:47.196683 ALT: 0.68
14:10:47.212440 ALT: 0.68
14:10:47.228688 ALT: 0.68
14:10:47.244610 ALT: 0.68
14:10:47.260679 ALT: 0.68
14:10:47.276497 ALT: 0.68
14:10:47.292680 ALT: 0.68
14:10:47.308487 ALT: 0.68
14:10:47.324520 ALT: 0.68
14:10:47.340465 ALT: 0.68
14:10:47.356527 ALT: 0.68
14:10:47.372484 ALT: 0.68
14:10:47.388547 ALT: 0.68
14:10:47.404545 ALT: 0.68
14:10:47.420575 ALT: 0.68
14:10:47.436502 ALT: 0.68
14:10:47.452509 ALT: 0.68
14:10:47.468552 ALT: 0.68
14:10:47.484543 ALT: 0.68
14:10:47.500552 ALT: 0.68
14:10:47.516518 ALT: 0.68
14:10:47.532862 ALT: 0.68
14:10:47.548547 ALT: 0.68
14:10:47.564951 ALT: 0.68
14:10:47.580571 ALT: 0.68
14:10:47.596735 ALT: 0.68
14:10:47.612559 ALT: 0.68
14:10:47.628842 ALT: 0.68
14:10:47.644623 ALT: 0.68
14:10:47.660870 ALT: 0.68
14:10:47.676734 ALT: 0.68
14:10:47.692576 ALT: 0.68
14:10:47.708610 ALT: 0.68
14:10:47.724601 ALT: 0.68
14:10:47.740573 ALT: 0.68
14:10:47.756673 ALT: 0.68
14:10:47.772587 ALT: 0.68
14:10:47.788554 ALT: 0.68
14:10:47.804599 ALT: 0.68
14:10:47.820604 ALT: 0.68
14:10:47.836587 ALT: 0.68
14:10:47.852582 ALT: 0.68
14:10:47.868617 ALT: 0.68
14:10