[1500, 1500, 988, 1500, 2011, 988, 988, 988, 1001, 1001, 1001, 1001, 1500, 1500, 1500, 1500]
15:18:32.799238 CPU: 57.0°C
15:18:32.799238 GPU: 56.4°C
15:18:32.799238 ALT: 0.15
15:18:32.799238 ACC: [-29, -10, 505]
15:18:32.799238 GYR: [-4, -22, 35]
15:18:32.799238 ATT: [-0.9, 2.7, 354]
15:18:32.799238 VOL: 15.71
[1500, 1500, 988, 1500, 2011, 988, 988, 988, 1001, 1001, 1001, 1001, 1500, 1500, 1500, 1500]
[1500, 1500, 988, 1500, 2011, 988, 988, 988, 1001, 1001, 1001, 1001, 1500, 1500, 1500, 1500]
[1500, 1499, 988, 1500, 2011, 988, 988, 988, 1001, 1001, 1001, 1001, 1500, 1500, 1500, 1500]
[1500, 1499, 988, 1500, 2011, 988, 988, 988, 1001, 1001, 1001, 1001, 1500, 1500, 1500, 1500]
[1500, 1499, 988, 1500, 2011, 988, 988, 988, 1001, 1001, 1001, 1001, 1500, 1500, 1500, 1500]
[1500, 1500, 988, 1500, 2011, 988, 988, 988, 1001, 1001, 1001, 1001, 1500, 1500, 1500, 1500]
[1500, 1500, 988, 1500, 2011, 988, 988, 988, 1001, 1001, 1001, 1001, 1500, 1500, 1500, 1500]
[1500, 1500, 988, 1500, 2011, 988, 988, 988, 1001, 1001, 1001, 1001, 1500, 1500, 1500, 1500]
[1500, 1500, 988, 1500, 2011, 988, 988, 988, 1001, 1001, 1001, 1001, 1500, 1500, 1500, 1500]
[1500, 1500, 988, 1500, 2011, 988, 988, 988, 1001, 1001, 1001, 1001, 1500, 1500, 1500, 1500]
[1500, 1500, 988, 1500, 2011, 988, 988, 988, 1001, 1001, 1001, 1001, 1500, 1500, 1500, 1500]
[1500, 1500, 988, 1500, 2011, 989, 988, 988, 1001, 1001, 1001, 1001, 1500, 1500, 1500, 1500]
[1500, 1500, 988, 1500, 2011, 989, 986, 988, 1001, 1001, 1001, 1001, 1500, 1500, 1500, 1500]
[1500, 1500, 988, 1500, 2011, 989, 986, 988, 1001, 1001, 1001, 1001, 1500, 1500, 1500, 1500]
15:18:32.876606 CPU: 57.0°C
15:18:32.876606 GPU: 57.4°C
15:18:32.876606 ALT: 0.11
15:18:32.876606 ACC: [-24, -3, 506]
15:18:32.876606 GYR: [-21, 1, -18]
15:18:32.876606 ATT: [-0.9, 2.6, 354]
15:18:32.876606 VOL: 15.71
[1500, 1499, 988, 1500, 2011, 988, 986, 988, 1001, 1001, 1001, 1001, 1500, 1500, 1500, 1500]
[1500, 1499, 988, 1500, 2011, 988, 988, 988, 1001, 1001, 1001, 1001, 1500, 1500, 1500, 1500]
[1499, 1499, 988, 1500, 2011, 988, 988, 988, 1001, 1001, 1001, 1001, 1500, 1500, 1500, 1500]
[1499, 1500, 988, 1500, 2011, 988, 988, 988, 1001, 1001, 1001, 1001, 1500, 1500, 1500, 1500]
[1499, 1500, 988, 1500, 2011, 988, 988, 988, 1001, 1001, 1001, 1001, 1500, 1500, 1500, 1500]
[1500, 1500, 988, 1500, 2011, 988, 988, 988, 1001, 1001, 1001, 1001, 1500, 1500, 1500, 1500]
[1500, 1500, 988, 1500, 2011, 988, 988, 988, 1001, 1001, 1001, 1001, 1500, 1500, 1500, 1500]
[1500, 1500, 988, 1500, 2011, 988, 988, 988, 1001, 1001, 1001, 1001, 1500, 1500, 1500, 1500]
[1499, 1500, 988, 1500, 2011, 988, 988, 988, 1001, 1001, 1001, 1001, 1500, 1500, 1500, 1500]
[1499, 1499, 988, 1499, 2011, 988, 988, 988, 1001, 1001, 1001, 1001, 1500, 1500, 1500, 1500]
[1499, 1499, 988, 1499, 2011, 988, 988, 988, 1001, 1001, 1001, 1001, 1500, 1500, 1500, 1500]
[1500, 1499, 988, 1499, 2011, 988, 988, 988, 1001, 1001, 1001, 1001, 1500, 1500, 1500, 1500]
15:18:32.974032 CPU: 58.4°C
15:18:32.974032 GPU: 56.9°C
15:18:32.974032 ALT: 0.1
15:18:32.974032 ACC: [-27, -6, 506]
15:18:32.974032 GYR: [2, -5, 26]
15:18:32.974032 ATT: [-0.9, 2.7, 354]
15:18:32.974032 VOL: 15.71
[1500, 1500, 988, 1500, 2011, 991, 988, 988, 1001, 1001, 1001, 1001, 1500, 1500, 1500, 1500]
[1500, 1500, 988, 1500, 2011, 991, 985, 988, 1001, 1001, 1001, 1001, 1500, 1500, 1500, 1500]
[1500, 1500, 988, 1500, 2011, 991, 985, 988, 1001, 1001, 1001, 1001, 1500, 1500, 1500, 1500]
[1500, 1500, 988, 1500, 2011, 988, 985, 988, 1001, 1001, 1001, 1001, 1500, 1500, 1500, 1500]
[1500, 1500, 988, 1500, 2011, 988, 988, 988, 1001, 1001, 1001, 1001, 1500, 1500, 1500, 1500]
[1500, 1500, 988, 1500, 2011, 988, 988, 988, 1001, 1001, 1001, 1001, 1500, 1500, 1500, 1500]
[1500, 1500, 988, 1500, 2011, 988, 988, 988, 1001, 1001, 1001, 1001, 1500, 1500, 1500, 1500]
[1500, 1500, 988, 1500, 2011, 988, 988, 988, 1001, 1001, 1001, 1001, 1500, 1500, 1500, 1500]
[1500, 1499, 988, 1500, 2011, 1143, 988, 988, 1001, 1001, 1001, 1001, 1500, 1500, 1500, 1500]
*** Set bbox BEGIN position ***
Start point: 262, 169
[1500, 1499, 988, 1500, 2011, 1143, 1050, 1300, 1001, 1001, 1001, 1001, 1500, 1500, 1500, 1500]
*** Set bbox BEGIN position ***
Start point: 262, 169
[1500, 1499, 988, 1500, 2011, 1143, 1050, 1300, 1001, 1001, 1001, 1001, 1500, 1500, 1500, 1500]
*** Set bbox BEGIN position ***
Start point: 262, 169
[1500, 1500, 988, 1500, 2011, 1143, 1050, 1300, 1001, 1001, 1001, 1001, 1500, 1500, 1500, 1500]
15:18:33.056227 CPU: 57.5°C
15:18:33.056227 GPU: 57.4°C
15:18:33.056227 ALT: 0.06
15:18:33.056227 ACC: [-27, -10, 505]
15:18:33.056227 GYR: [2, -9, 20]
15:18:33.056227 ATT: [-0.9, 2.7, 354]
15:18:33.056227 VOL: 15.71
*** Set bbox BEGIN position ***
Start point: 262, 169
[1500, 1500, 988, 1500, 2011, 1143, 1050, 1300, 1001, 1001, 1001, 1001, 1500, 1500, 1500, 1500]
*** Set bbox BEGIN position ***
Start point: 262, 169
[1500, 1500, 988, 1500, 2011, 1143, 1050, 1300, 1001, 1001, 1001, 1001, 1500, 1500, 1500, 1500]
*** Set bbox BEGIN position ***
Start point: 262, 169
[1500, 1500, 988, 1500, 2011, 1143, 1050, 1300, 1001, 1001, 1001, 1001, 1500, 1500, 1500, 1500]
*** Set bbox BEGIN position ***
Start point: 262, 169
[1500, 1500, 988, 1500, 2011, 1143, 1050, 1300, 1001, 1001, 1001, 1001, 1500, 1500, 1500, 1500]
*** Set bbox BEGIN position ***
Start point: 262, 169
[1499, 1500, 988, 1500, 2011, 1143, 1050, 1300, 1001, 1001, 1001, 1001, 1500, 1500, 1500, 1500]
*** Set bbox BEGIN position ***
Start point: 262, 169
[1499, 1500, 988, 1500, 2011, 1143, 1050, 1300, 1001, 1001, 1001, 1001, 1500, 1500, 1500, 1500]
*** Set bbox BEGIN position ***
Start point: 262, 169
[1499, 1500, 988, 1500, 2011, 1143, 1050, 1300, 1001, 1001, 1001, 1001, 1500, 1500, 1500, 1500]
*** Set bbox BEGIN position ***
Start point: 262, 169
[1500, 1500, 988, 1500, 2011, 1143, 1050, 1300, 1001, 1001, 1001, 1001, 1500, 1500, 1500, 1500]
*** Set bbox BEGIN position ***
Start point: 262, 169
[1500, 1500, 988, 1500, 2011, 1143, 1050, 1300, 1001, 1001, 1001, 1001, 1500, 1500, 1500, 1500]
*** Set bbox BEGIN position ***
Start point: 262, 169
[1500, 1500, 988, 1500, 2011, 1143, 1050, 1300, 1001, 1001, 1001, 1001, 1500, 1500, 1500, 1500]
*** Set bbox BEGIN position ***
Start point: 262, 169
[1500, 1500, 988, 1500, 2011, 1143, 1050, 1300, 1001, 1001, 1001, 1001, 1500, 1500, 1500, 1500]
15:18:33.135966 CPU: 57.5°C
15:18:33.135966 GPU: 57.9°C
15:18:33.135966 ALT: 0.02
15:18:33.135966 ACC: [-23, -11, 505]
15:18:33.135966 GYR: [0, 8, 10]
15:18:33.135966 ATT: [-0.9, 2.7, 354]
15:18:33.135966 VOL: 15.72
*** Set bbox BEGIN position ***
Start point: 262, 169
[1500, 1500, 988, 1500, 2011, 1143, 1050, 1300, 1001, 1001, 1001, 1001, 1500, 1500, 1500, 1500]
*** Set bbox BEGIN position ***
Start point: 262, 169
[1500, 1500, 988, 1500, 2011, 1143, 1050, 1300, 1001, 1001, 1001, 1001, 1500, 1500, 1500, 1500]
*** Set bbox BEGIN position ***
Start point: 262, 169
[1500, 1500, 988, 1500, 2011, 1143, 1050, 1300, 1001, 1001, 1001, 1001, 1500, 1500, 1500, 1500]
*** Set bbox BEGIN position ***
Start point: 262, 169
[1500, 1500, 988, 1499, 2011, 1143, 1050, 1300, 1001, 1001, 1001, 1001, 1500, 1500, 1500, 1500]
*** Set bbox BEGIN position ***
Start point: 262, 169
[1500, 1500, 988, 1499, 2011, 1143, 1050, 1300, 1001, 1001, 1001, 1001, 1500, 1500, 1500, 1500]
*** Set bbox BEGIN position ***
Start point: 262, 169
[1500, 1499, 988, 1499, 2011, 1143, 1050, 1300, 1001, 1001, 1001, 1001, 1500, 1500, 1500, 1500]
*** Set bbox BEGIN position ***
Start point: 262, 169
[1500, 1499, 988, 1499, 2011, 1143, 1050, 1300, 1001, 1001, 1001, 1001, 1500, 1500, 1500, 1500]
*** Set bbox BEGIN position ***
Start point: 262, 169
[1499, 1499, 988, 1499, 2011, 1143, 1050, 1300, 1001, 1001, 1001, 1001, 1500, 1500, 1500, 1500]
*** Set bbox BEGIN position ***
Start point: 262, 169
[1499, 1500, 988, 1500, 2011, 1143, 1050, 1300, 1001, 1001, 1001, 1001, 1500, 1500, 1500, 1500]
*** Set bbox BEGIN position ***
Start point: 262, 169
[1499, 1500, 988, 1500, 2011, 1143, 1050, 1300, 1001, 1001, 1001, 1001, 1500, 1500, 1500, 1500]
*** Set bbox BEGIN position ***
Start point: 262, 169
[1500, 1500, 988, 1500, 2011, 1143, 1050, 1300, 1001, 1001, 1001, 1001, 1500, 1500, 1500, 1500]
15:18:33.214399 CPU: 56.5°C
15:18:33.214399 GPU: 57.4°C
*** Set bbox BEGIN position ***
15:18:33.214399 ALT: 0.02
Start point: 262, 169
15:18:33.214399 ACC: [-27, -5, 505]
[1500, 1500, 988, 1500, 2011, 1143, 1050, 1300, 1001, 1001, 1001, 1001, 1500, 1500, 1500, 1500]
15:18:33.214399 GYR: [-2, -14, -37]
15:18:33.214399 ATT: [-0.9, 2.7, 354]
15:18:33.214399 VOL: 15.72
*** Set bbox BEGIN position ***
Start point: 262, 169
[1500, 1500, 988, 1500, 2011, 1143, 1050, 1300, 1001, 1001, 1001, 1001, 1500, 1500, 1500, 1500]
*** Set bbox BEGIN position ***
Start point: 262, 169
[1500, 1500, 988, 1500, 2011, 1143, 1050, 1300, 1001, 1001, 1001, 1001, 1500, 1500, 1500, 1500]
*** Set bbox BEGIN position ***
Start point: 262, 169
[1500, 1500, 988, 1500, 2011, 1143, 1050, 1300, 1001, 1001, 1001, 1001, 1500, 1500, 1500, 1500]
*** Set bbox BEGIN position ***
Start point: 262, 169
[1500, 1500, 988, 1500, 2011, 1143, 1050, 1300, 1001, 1001, 1001, 1001, 1500, 1500, 1500, 1500]
*** Set bbox BEGIN position ***
Start point: 262, 169
[1500, 1500, 988, 1500, 2011, 1143, 1050, 1300, 1001, 1001, 1001, 1001, 1500, 1500, 1500, 1500]
*** Set bbox BEGIN position ***
Start point: 262, 169
[1500, 1500, 988, 1500, 2011, 1143, 1050, 1300, 1001, 1001, 1001, 1001, 1500, 1500, 1500, 1500]
*** Set bbox BEGIN position ***
Start point: 262, 169
[1500, 1500, 988, 1500, 2011, 1143, 1050, 1300, 1001, 1001, 1001, 1001, 1500, 1500, 1500, 1500]
*** Set bbox BEGIN position ***
Start point: 262, 169
[1500, 1500, 988, 1500, 2011, 1143, 1050, 1300, 1001, 1001, 1001, 1001, 1500, 1500, 1500, 1500]
*** Set bbox BEGIN position ***
Start point: 262, 169
[1500, 1500, 988, 1500, 2011, 1143, 1050, 1300, 1001, 1001, 1001, 1001, 1500, 1500, 1500, 1500]
*** Set bbox BEGIN position ***
Start point: 262, 169
[1500, 1500, 988, 1500, 2011, 1143, 1050, 1300, 1001, 1001, 1001, 1001, 1500, 1500, 1500, 1500]
15:18:33.296610 CPU: 57.9°C
15:18:33.296610 GPU: 57.9°C
15:18:33.296610 ALT: -0.02
15:18:33.296610 ACC: [-25, -7, 506]
15:18:33.296610 GYR: [3, -7, 36]
15:18:33.296610 ATT: [-0.9, 2.7, 354]
15:18:33.296610 VOL: 15.72
*** Set bbox BEGIN position ***
Start point: 262, 169
[1500, 1500, 988, 1500, 2011, 1143, 1050, 1300, 1001, 1001, 1001, 1001, 1500, 1500, 1500, 1500]
*** Set bbox BEGIN position ***
Start point: 262, 169
[1500, 1500, 988, 1500, 2011, 1143, 1050, 1300, 1001, 1001, 1001, 1001, 1500, 1500, 1500, 1500]
*** Set bbox BEGIN position ***
Start point: 262, 169
[1500, 1500, 988, 1500, 2011, 1143, 1050, 1300, 1001, 1001, 1001, 1001, 1500, 1500, 1500, 1500]
*** Set bbox BEGIN position ***
Start point: 262, 169
[1500, 1500, 988, 1500, 2011, 1143, 1050, 1300, 1001, 1001, 1001, 1001, 1500, 1500, 1500, 1500]
*** Set bbox BEGIN position ***
Start point: 262, 169
[1500, 1500, 988, 1500, 2011, 1143, 1050, 1300, 1001, 1001, 1001, 1001, 1500, 1500, 1500, 1500]
*** Set bbox BEGIN position ***
Start point: 262, 169
[1500, 1500, 988, 1500, 2011, 1143, 1050, 1300, 1001, 1001, 1001, 1001, 1500, 1500, 1500, 1500]
*** Set bbox BEGIN position ***
Start point: 305, 169
[1500, 1500, 988, 1500, 2011, 1186, 1050, 1300, 1001, 1001, 1001, 1001, 1500, 1500, 1500, 1500]
*** Set bbox END position ***
End point: 305, 227
[1500, 1500, 988, 1499, 2011, 1186, 1108, 1400, 1001, 1001, 1001, 1001, 1500, 1500, 1500, 1500]
*** Set bbox END position ***
End point: 305, 227
[1500, 1500, 988, 1499, 2011, 1186, 1108, 1400, 1001, 1001, 1001, 1001, 1500, 1500, 1500, 1500]
*** Set bbox END position ***
End point: 305, 227
[1499, 1500, 988, 1499, 2011, 1186, 1108, 1400, 1001, 1001, 1001, 1001, 1500, 1500, 1500, 1500]
15:18:33.372355 CPU: 57.5°C
15:18:33.372355 GPU: 56.9°C
15:18:33.372355 ALT: -0.07
15:18:33.372355 ACC: [-25, -9, 506]
15:18:33.372355 GYR: [32, 9, -10]
*** Set bbox END position ***
End point: 305, 227
[1499, 1500, 988, 1500, 2011, 1186, 1108, 1400, 1001, 1001, 1001, 1001, 1500, 1500, 1500, 1500]
15:18:33.372355 ATT: [-0.9, 2.7, 354]
15:18:33.372355 VOL: 15.71
*** Set bbox END position ***
End point: 305, 227
[1499, 1500, 988, 1500, 2011, 1186, 1108, 1400, 1001, 1001, 1001, 1001, 1500, 1500, 1500, 1500]
*** Set bbox END position ***
End point: 305, 227
[1500, 1500, 988, 1500, 2011, 1186, 1108, 1400, 1001, 1001, 1001, 1001, 1500, 1500, 1500, 1500]
*** Set bbox END position ***
End point: 305, 227
[1500, 1499, 988, 1500, 2011, 1186, 1108, 1400, 1001, 1001, 1001, 1001, 1500, 1500, 1500, 1500]
*** Set bbox END position ***
End point: 305, 227
[1500, 1499, 988, 1500, 2011, 1186, 1108, 1400, 1001, 1001, 1001, 1001, 1500, 1500, 1500, 1500]
*** Set bbox END position ***
End point: 305, 227
[1499, 1499, 988, 1500, 2011, 1186, 1108, 1400, 1001, 1001, 1001, 1001, 1500, 1500, 1500, 1500]
*** Set bbox END position ***
End point: 305, 227
[1499, 1500, 988, 1500, 2011, 1186, 1108, 1400, 1001, 1001, 1001, 1001, 1500, 1500, 1500, 1500]
*** Set bbox END position ***
End point: 305, 227
[1499, 1500, 988, 1500, 2011, 1186, 1108, 1400, 1001, 1001, 1001, 1001, 1500, 1500, 1500, 1500]
*** Set bbox END position ***
End point: 305, 227
[1500, 1500, 988, 1500, 2011, 1186, 1108, 1400, 1001, 1001, 1001, 1001, 1500, 1500, 1500, 1500]
*** Set bbox END position ***
End point: 305, 227
[1500, 1500, 988, 1500, 2011, 1186, 1108, 1400, 1001, 1001, 1001, 1001, 1500, 1500, 1500, 1500]
*** Set bbox END position ***
End point: 305, 227
[1500, 1500, 988, 1500, 2011, 1186, 1108, 1400, 1001, 1001, 1001, 1001, 1500, 1500, 1500, 1500]
*** Set bbox END position ***
End point: 305, 227
[1500, 1500, 988, 1500, 2011, 1186, 1108, 1400, 1001, 1001, 1001, 1001, 1500, 1500, 1500, 1500]
*** Set bbox END position ***
End point: 305, 227
[1500, 1500, 988, 1500, 2011, 1186, 1108, 1400, 1001, 1001, 1001, 1001, 1500, 1500, 1500, 1500]
15:18:33.457409 CPU: 57.5°C
15:18:33.457409 GPU: 56.9°C
15:18:33.457409 ALT: -0.07
15:18:33.457409 ACC: [-23, -4, 506]
15:18:33.457409 GYR: [-19, 12, -22]
15:18:33.457409 ATT: [-0.9, 2.7, 354]
15:18:33.457409 VOL: 15.71
*** Set bbox END position ***
End point: 305, 227
[1500, 1500, 988, 1500, 2011, 1186, 1108, 1400, 1001, 1001, 1001, 1001, 1500, 1500, 1500, 1500]
*** Set bbox END position ***
End point: 305, 227
[1500, 1500, 988, 1500, 2011, 1186, 1108, 1400, 1001, 1001, 1001, 1001, 1500, 1500, 1500, 1500]
*** Set bbox END position ***
End point: 305, 227
[1500, 1500, 988, 1500, 2011, 1186, 1108, 1400, 1001, 1001, 1001, 1001, 1500, 1500, 1500, 1500]
*** Set bbox END position ***
End point: 305, 227
[1500, 1500, 988, 1500, 2011, 1186, 1108, 1400, 1001, 1001, 1001, 1001, 1500, 1500, 1500, 1500]
*** Set bbox END position ***
End point: 305, 227
[1500, 1500, 988, 1500, 2011, 1186, 1108, 1400, 1001, 1001, 1001, 1001, 1500, 1500, 1500, 1500]
*** Set bbox END position ***
End point: 305, 227
[1500, 1500, 988, 1500, 2011, 1186, 1108, 1400, 1001, 1001, 1001, 1001, 1500, 1500, 1500, 1500]
*** Set bbox END position ***
End point: 305, 227
[1500, 1500, 988, 1500, 2011, 1186, 1108, 1400, 1001, 1001, 1001, 1001, 1500, 1500, 1500, 1500]
*** Set bbox END position ***
End point: 305, 227
[1500, 1500, 988, 1500, 2011, 1186, 1108, 1400, 1001, 1001, 1001, 1001, 1500, 1500, 1500, 1500]
*** Set bbox END position ***
End point: 305, 227
[1500, 1500, 988, 1500, 2011, 1186, 1108, 1400, 1001, 1001, 1001, 1001, 1500, 1500, 1500, 1500]
*** Set bbox END position ***
End point: 305, 227
[1500, 1500, 988, 1500, 2011, 1186, 1108, 1400, 1001, 1001, 1001, 1001, 1500, 1500, 1500, 1500]
*** Set bbox END position ***
End point: 305, 227
[1500, 1500, 988, 1500, 2011, 1186, 1108, 1400, 1001, 1001, 1001, 1001, 1500, 1500, 1500, 1500]
15:18:33.536385 CPU: 57.9°C
15:18:33.536385 GPU: 57.9°C
15:18:33.536385 ALT: -0.07
15:18:33.536385 ACC: [-24, -6, 506]
15:18:33.536385 GYR: [-8, 4, 4]
15:18:33.536385 ATT: [-0.9, 2.7, 354]
15:18:33.536385 VOL: 15.71
*** Set bbox END position ***
End point: 305, 227
[1500, 1500, 988, 1500, 2011, 1186, 1108, 1400, 1001, 1001, 1001, 1001, 1500, 1500, 1500, 1500]
*** Set bbox END position ***
End point: 305, 227
[1500, 1500, 988, 1500, 2011, 1186, 1108, 1400, 1001, 1001, 1001, 1001, 1500, 1500, 1500, 1500]
*** Set bbox END position ***
End point: 305, 227
[1500, 1500, 988, 1500, 2011, 1186, 1108, 1400, 1001, 1001, 1001, 1001, 1500, 1500, 1500, 1500]
*** Set bbox END position ***
End point: 305, 227
[1500, 1500, 988, 1500, 2011, 1186, 1108, 1400, 1001, 1001, 1001, 1001, 1500, 1500, 1500, 1500]
*** Set bbox END position ***
End point: 305, 227
[1500, 1500, 988, 1500, 2011, 1186, 1108, 1400, 1001, 1001, 1001, 1001, 1500, 1500, 1500, 1500]
*** Set bbox END position ***
End point: 305, 227
[1500, 1500, 988, 1500, 2011, 1186, 1108, 1400, 1001, 1001, 1001, 1001, 1500, 1500, 1500, 1500]
*** Set bbox END position ***
End point: 305, 227
[1500, 1500, 988, 1499, 2011, 1186, 1108, 1400, 1001, 1001, 1001, 1001, 1500, 1500, 1500, 1500]
*** Set bbox END position ***
End point: 305, 227
[1500, 1500, 988, 1499, 2011, 1186, 1108, 1400, 1001, 1001, 1001, 1001, 1500, 1500, 1500, 1500]
*** Set bbox END position ***
End point: 305, 227
[1499, 1500, 988, 1499, 2011, 1186, 1108, 1400, 1001, 1001, 1001, 1001, 1500, 1500, 1500, 1500]
*** Set bbox END position ***
End point: 305, 227
[1499, 1500, 988, 1500, 2011, 1186, 1108, 1400, 1001, 1001, 1001, 1001, 1500, 1500, 1500, 1500]
*** Set bbox END position ***
End point: 305, 227
[1499, 1500, 988, 1500, 2011, 1186, 1108, 1400, 1001, 1001, 1001, 1001, 1500, 1500, 1500, 1500]
*** Set bbox END position ***
End point: 305, 227
[1500, 1500, 988, 1500, 2011, 1186, 1108, 1400, 1001, 1001, 1001, 1001, 1500, 1500, 1500, 1500]
*** Set bbox END position ***
End point: 305, 227
[1500, 1499, 988, 1500, 2011, 1186, 1108, 1400, 1001, 1001, 1001, 1001, 1500, 1500, 1500, 1500]
15:18:33.613747 CPU: 57.5°C
15:18:33.613747 GPU: 57.9°C
15:18:33.613747 ALT: -0.07
15:18:33.613747 ACC: [-29, -7, 505]
15:18:33.613747 GYR: [-5, -20, 23]
15:18:33.613747 ATT: [-0.9, 2.7, 354]
15:18:33.613747 VOL: 15.71
*** Set bbox END position ***
End point: 305, 227
[1500, 1499, 988, 1500, 2011, 1186, 1108, 1400, 1001, 1001, 1001, 1001, 1500, 1500, 1500, 1500]
*** Set bbox END position ***
End point: 305, 227
[1500, 1499, 988, 1500, 2011, 1186, 1108, 1400, 1001, 1001, 1001, 1001, 1500, 1500, 1500, 1500]
*** Set bbox END position ***
End point: 107, 227
[1500, 1499, 988, 1500, 2011, 988, 1108, 1400, 1001, 1001, 1001, 1001, 1500, 1500, 1500, 1500]
*** TARGETING mode ***
Set bbox at 305,169 x 107,227
No target came to navigation!
[1500, 1499, 988, 1500, 2011, 988, 988, 1500, 1001, 1001, 1001, 1001, 1500, 1500, 1500, 1500]
*** TARGETING mode ***
No target came to navigation!
[1500, 1499, 988, 1500, 2011, 988, 988, 1500, 1001, 1001, 1001, 1001, 1500, 1500, 1500, 1500]
*** TARGETING mode ***
No target came to navigation!
[1500, 1501, 986, 1500, 2012, 986, 988, 1500, 1001, 1001, 1001, 1001, 1500, 1500, 1500, 1500]
*** TARGETING mode ***
No target came to navigation!
[1500, 1501, 986, 1500, 2012, 986, 988, 1500, 1001, 1001, 1001, 1001, 1500, 1500, 1500, 1500]
**Init tracker as (305, 169, -198, 58)
*** TARGETING mode ***
No target came to navigation!
[1500, 1501, 986, 1500, 2012, 986, 988, 1500, 1001, 1001, 1001, 1001, 1500, 1500, 1500, 1500]
Exception in thread Thread-1:
Traceback (most recent call last):
*** TARGETING mode ***
No target came to navigation!
[1500, 1499, 988, 1500, 2011, 988, 988, 1500, 1001, 1001, 1001, 1001, 1500, 1500, 1500, 1500]
  File "/usr/lib/python3.10/threading.py", line 1016, in _bootstrap_inner
    self.run()
  File "/home/pi/workspace/board-module/capture_worker.py", line 77, in run
    self.tracker.init(frame, self.initBB)
cv2.error: OpenCV(4.10.0-dev) /home/pi/workspace/opencv/modules/core/src/matrix.cpp:246: error: (-215:Assertion failed) s >= 0 in function 'setSize'
*** TARGETING mode ***

No target came to navigation!
[1500, 1499, 988, 1500, 2011, 988, 988, 1500, 1001, 1001, 1001, 1001, 1500, 1500, 1500, 1500]
*** TARGETING mode ***
No target came to navigation!
[1499, 1499, 988, 1500, 2011, 988, 988, 1500, 1001, 1001, 1001, 1001, 1500, 1500, 1500, 1500]
*** TARGETING mode ***
No target came to navigation!
[1499, 1500, 988, 1500, 2011, 988, 988, 1500, 1001, 1001, 1001, 1001, 1500, 1500, 1500, 1500]
15:18:33.696761 CPU: 58.4°C
15:18:33.696761 GPU: 58.4°C
15:18:33.696761 ALT: -0.07
15:18:33.696761 ACC: [-26, -12, 505]
15:18:33.696761 GYR: [7, -2, 34]
15:18:33.696761 ATT: [-0.9, 2.7, 354]
15:18:33.696761 VOL: 15.71
*** TARGETING mode ***
No target came to navigation!
[1500, 1500, 988, 1500, 2011, 988, 988, 1500, 1001, 1001, 1001, 1001, 1500, 1500, 1500, 1500]
*** TARGETING mode ***
No target came to navigation!
[1500, 1499, 988, 1499, 2011, 988, 988, 1500, 1001, 1001, 1001, 1001, 1500, 1500, 1500, 1500]
*** TARGETING mode ***
No target came to navigation!
[1500, 1499, 988, 1499, 2011, 988, 988, 1499, 1001, 1001, 1001, 1001, 1500, 1500, 1500, 1500]
*** TARGETING mode ***
No target came to navigation!
[1500, 1499, 988, 1499, 2011, 988, 988, 1499, 1001, 1001, 1001, 1001, 1500, 1500, 1500, 1500]
*** TARGETING mode ***
No target came to navigation!
[1500, 1500, 988, 1500, 2011, 988, 988, 1499, 1001, 1001, 1001, 1001, 1500, 1500, 1500, 1500]
*** TARGETING mode ***
No target came to navigation!
[1500, 1500, 988, 1500, 2011, 988, 988, 1499, 1001, 1001, 1001, 1001, 1500, 1500, 1500, 1500]
*** TARGETING mode ***
No target came to navigation!
[1500, 1500, 988, 1500, 2011, 988, 988, 1499, 1001, 1001, 1001, 1001, 1500, 1500, 1500, 1500]
*** TARGETING mode ***
No target came to navigation!
[1500, 1500, 988, 1500, 2011, 988, 988, 1499, 1001, 1001, 1001, 1001, 1500, 1500, 1500, 1500]
*** TARGETING mode ***
No target came to navigation!
[1500, 1500, 988, 1500, 2011, 988, 988, 1500, 1001, 1001, 1001, 1001, 1500, 1500, 1500, 1500]
15:18:33.776315 CPU: 57.5°C
15:18:33.776315 GPU: 57.4°C
15:18:33.776315 ALT: -0.07
15:18:33.776315 ACC: [-25, -7, 506]
15:18:33.776315 GYR: [11, -4, -43]
15:18:33.776315 ATT: [-0.9, 2.7, 354]
15:18:33.776315 VOL: 15.71
*** TARGETING mode ***
No target came to navigation!
[1500, 1500, 988, 1500, 2011, 988, 988, 1500, 1001, 1001, 1001, 1001, 1500, 1500, 1500, 1500]
*** TARGETING mode ***
No target came to navigation!
[1500, 1500, 988, 1500, 2011, 988, 988, 1500, 1001, 1001, 1001, 1001, 1500, 1500, 1500, 1500]
*** TARGETING mode ***
No target came to navigation!
