16:01:56.682197 96.82
16:01:56.875983 104.21
16:01:57.066688 94.91
16:01:57.243218 93.2
16:01:57.413827 104.71
16:01:57.598784 106.49
16:01:57.806672 86.04
16:01:57.990630 88.28
16:01:58.164489 82.81
16:01:58.340325 84.15
16:01:58.517184 83.9
16:01:58.672825 87.85
16:01:58.866186 87.93
16:01:59.043020 95.75
16:01:59.208086 96.73
16:01:59.383447 107.8
16:01:59.559273 97.09
16:01:59.736943 97.56
16:01:59.912845 99.62
16:02:00.089455 99.18
16:02:00.265959 99.62
16:02:00.442984 57.38
16:02:00.618082 108.33
16:02:00.808209 109.76
16:02:00.997842 106.54
16:02:01.191171 107.5
16:02:01.372825 105.62
16:02:01.564729 106.27
16:02:01.756043 103.58
16:02:01.947179 103.95
16:02:02.137676 102.95
16:02:02.328832 108.24
16:02:02.522672 107.8
16:02:02.690219 107.26
16:02:02.867810 105.2
16:02:03.032188 104.38
16:02:03.209551 104.38
16:02:03.387050 104.39
16:02:03.564565 103.67
16:02:03.742125 105.0
16:02:03.906319 107.36
16:02:04.084402 108.51
16:02:04.262451 109.67
16:02:04.440320 112.39
16:02:04.618443 111.31
16:02:04.796164 105.11
16:02:04.973947 112.66
16:02:05.151964 111.68
16:02:05.329972 111.85
16:02:05.507610 109.25
16:02:05.685783 113.56
16:02:05.863890 113.76
16:02:06.041585 110.96
16:02:06.219450 109.97
16:02:06.397301 108.89
16:02:06.575468 113.57
16:02:06.753549 117.87
16:02:06.931509 112.93
16:02:07.109507 111.04
16:02:07.287531 115.0
16:02:07.456839 112.23
16:02:07.650421 107.73
16:02:07.839867 109.87
16:02:08.031678 109.51
16:02:08.222180 106.67
16:02:08.412377 110.77
16:02:08.603833 114.37
16:02:08.794815 112.13
16:02:08.984400 114.2
16:02:09.162087 110.6
16:02:09.337847 104.57
16:02:09.530159 104.78
16:02:09.721126 104.06
16:02:09.914196 110.77
16:02:10.105725 113.93
16:02:10.297131 107.72
16:02:10.489391 112.65
16:02:10.681426 108.61
16:02:10.872830 113.0
16:02:11.050245 110.69
16:02:11.241541 117.35
16:02:11.434010 102.07
16:02:11.625148 101.52
16:02:11.816681 110.51
16:02:12.006958 99.73
16:02:12.183351 101.27
16:02:12.375407 112.48
16:02:12.568160 107.82
16:02:12.760647 121.12
16:02:12.951126 112.77
16:02:13.142972 110.97
16:02:13.334016 106.54
16:02:13.531232 109.98
16:02:13.721925 111.69
16:02:13.912179 115.9
16:02:14.090771 111.85
16:02:14.282964 123.99
16:02:14.474363 113.47
16:02:14.666178 116.35
16:02:14.858028 115.81
16:02:15.047506 109.99
16:02:15.240867 112.14
16:02:15.432386 110.23
16:02:15.624195 113.3
16:02:15.800383 109.8
16:02:15.977590 114.53
16:02:16.169804 108.17
16:02:16.361290 113.83
16:02:16.553073 112.84
16:02:16.744598 109.99
16:02:16.936158 113.38
16:02:17.127930 115.18
16:02:17.318257 114.02
16:02:17.514937 111.67
16:02:17.702237 113.22
16:02:17.880159 113.21
16:02:18.058227 118.05
16:02:18.236253 115.81
16:02:18.414550 120.03
16:02:18.592383 117.69
16:02:18.775627 116.44
16:02:18.953776 113.58
16:02:19.131835 113.93
16:02:19.309586 113.74
16:02:19.487542 113.85
16:02:19.665852 113.56
16:02:19.843872 114.47
16:02:20.021906 113.94
16:02:20.200253 113.75
16:02:20.378027 112.69
16:02:20.556231 114.12
16:02:20.734007 107.37
16:02:20.911958 112.13
16:02:21.089701 113.03
16:02:21.267772 113.11
16:02:21.445959 116.52
16:02:21.623837 115.35
16:02:21.802220 117.25
16:02:21.983485 119.68
16:02:22.161572 116.44
16:02:22.339889 114.28
16:02:22.518431 119.12
16:02:22.712273 119.58
16:02:22.904499 123.9
16:02:23.082149 119.14
16:02:23.274398 114.74
16:02:23.468455 113.3
16:02:23.645427 121.91
16:02:23.837553 119.59
16:02:24.028391 111.05
16:02:24.220203 115.89
16:02:24.412010 117.96
16:02:24.603221 114.66
16:02:24.793432 113.55
16:02:24.985549 110.33
16:02:25.177843 108.34
16:02:25.369096 108.64
16:02:25.560500 111.15
16:02:25.751986 117.96
16:02:25.943655 111.86
16:02:26.135448 116.89
16:02:26.335120 111.78
16:02:26.525611 110.41
16:02:26.717420 112.03
16:02:26.909380 118.62
16:02:27.100838 117.61
16:02:27.292783 115.64
16:02:27.484878 117.81
16:02:27.675094 109.17
16:02:27.865233 112.59
16:02:28.058734 116.46
16:02:28.250158 107.38
16:02:28.441302 111.41
16:02:28.632797 108.99
16:02:28.824763 115.63
16:02:29.015510 109.33
16:02:29.205868 113.65
16:02:29.399148 123.02
16:02:29.592280 110.25
16:02:29.783164 110.24
16:02:29.974639 109.88
16:02:30.166576 118.88
16:02:30.357793 111.58
16:02:30.550840 111.88
16:02:30.742564 112.31
16:02:30.933762 112.86
16:02:31.124399 112.31
16:02:31.317690 110.13
16:02:31.508559 110.52
16:02:31.700032 110.05
16:02:31.891552 110.04
16:02:32.083059 110.6
16:02:32.259362 110.15
16:02:32.452707 110.22
16:02:32.644182 110.34
16:02:32.835103 109.79
16:02:33.026741 110.51
16:02:33.218589 109.64
16:02:33.409805 109.7
16:02:33.585671 110.14
16:02:33.778907 110.58
16:02:33.969982 111.13
16:02:34.161766 116.08
16:02:34.353397 109.52
16:02:34.544574 112.04
16:02:34.736270 111.22
16:02:34.928451 119.85
16:02:35.121696 113.67
16:02:35.313017 114.1
16:02:35.490195 115.45
16:02:35.682175 114.55
16:02:35.873586 114.65
16:02:36.064140 115.64
16:02:36.257931 119.77
16:02:36.455850 115.9
16:02:36.631543 118.68
16:02:36.823553 116.16
16:02:37.015012 116.5
16:02:37.191152 117.08
16:02:37.384593 116.7
16:02:37.561579 119.95
16:02:37.753203 112.84
16:02:37.944875 116.16
16:02:38.136220 116.52
16:02:38.326566 113.66
16:02:38.520075 118.04
16:02:38.711573 119.93
16:02:38.903183 112.39
16:02:39.095415 122.36
16:02:39.287174 111.88
16:02:39.478567 116.1
16:02:39.654545 115.33
16:02:39.847337 110.15
16:02:40.038227 109.87
16:02:40.229814 111.86
16:02:40.421767 116.71
16:02:40.612949 111.69
16:02:40.804542 112.29
16:02:40.996061 110.35
16:02:41.188902 112.67
16:02:41.380317 109.85
16:02:41.571934 109.06
16:02:41.763469 110.96
16:02:41.954118 106.75
16:02:42.145765 113.54
16:02:42.336405 117.33
16:02:42.528648 105.47
16:02:42.720174 112.14
16:02:42.912382 122.19
16:02:43.104100 121.49
16:02:43.296012 117.8
16:02:43.473120 113.64
16:02:43.665905 115.16
16:02:43.857853 119.84
16:02:44.049890 119.59
16:02:44.241604 118.41
16:02:44.433600 116.78
16:02:44.625726 121.21
16:02:44.816016 111.32
16:02:45.008483 109.7
16:02:45.185909 120.39
16:02:45.377448 110.59
16:02:45.568530 113.22
16:02:45.758742 112.57
16:02:45.952005 110.26
16:02:46.142798 107.64
16:02:46.334635 116.98
16:02:46.525884 104.67
16:02:46.716578 104.95
16:02:46.907456 99.84
16:02:47.083429 94.53
16:02:47.261318 103.71
16:02:47.452154 104.22
16:02:47.641713 77.91
16:02:47.816065 76.93
16:02:47.991333 84.19
16:02:48.168702 87.51
16:02:48.342415 73.67
16:02:48.517049 72.34
16:02:48.692925 70.54
16:02:48.866810 69.12
16:02:49.041274 71.69
16:02:49.217544 70.82
16:02:49.393072 92.54
16:02:49.569142 87.31
16:02:49.743014 80.32
16:02:49.917286 70.37
16:02:50.091239 70.64
16:02:50.265641 68.82
16:02:50.442414 70.0
16:02:50.601228 69.69
16:02:50.775702 69.69
16:02:50.951667 71.8
16:02:51.110954 69.92
16:02:51.285432 70.98
16:02:51.461661 73.13
16:02:51.635978 74.47
16:02:51.811156 89.76
16:02:51.989416 100.72
16:02:52.179891 95.77
16:02:52.355355 91.37
16:02:52.531135 88.41
16:02:52.709350 95.15
16:02:52.884456 94.51
16:02:53.060394 93.08
16:02:53.235690 91.74
16:02:53.413724 94.16
16:02:53.589297 92.44
16:02:53.764519 91.74
16:02:53.942192 96.5
16:02:54.103233 93.97
16:02:54.279065 101.52
16:02:54.471694 97.74
16:02:54.647926 108.15
16:02:54.838983 99.98
16:02:55.015880 109.68
16:02:55.206447 102.41
16:02:55.398688 95.95
16:02:55.576262 98.3
16:02:55.736301 94.41
16:02:55.911654 110.33
16:02:56.103508 99.44
16:02:56.278105 93.33
16:02:56.452849 91.72
16:02:56.627406 88.77
16:02:56.805650 105.75
16:02:56.995468 103.67
16:02:57.185085 107.28
16:02:57.376070 109.25
16:02:57.565294 103.66
16:02:57.757006 93.52
16:02:57.932284 104.67
16:02:58.122316 102.36
16:02:58.312767 109.5
16:02:58.486736 94.07
16:02:58.661994 58.9
16:02:58.823248 113.93
16:02:59.012500 104.28
16:02:59.202139 59.52
16:02:59.377492 101.79
16:02:59.569085 106.53
16:02:59.759756 103.02
16:02:59.948174 98.26
16:03:00.126177 105.91
16:03:00.313366 56.55
16:03:00.488682 105.31
16:03:00.678327 105.38
16:03:00.867562 56.7
16:03:01.028112 59.93
16:03:01.200467 56.82
16:03:01.376677 106.09
16:03:01.568323 103.05
16:03:01.758011 98.21
16:03:01.933487 99.1
16:03:02.093230 100.6
16:03:02.270947 102.95
16:03:02.460756 101.33
16:03:02.651633 106.29
16:03:02.842175 102.77
16:03:03.031767 99.38
16:03:03.207022 101.07
