Starting Main workflow
Easycap format used: ImageFormat(type=<BufType.VIDEO_CAPTURE: 1>, description='Motion-JPEG', flags=<ImageFormatFlag.COMPRESSED: 1>, pixel_format=<PixelFormat.MJPEG: 1196444237>)
{'apiVersion': '1.44.0', 'flightControllerIdentifier': 'BTFL', 'flightControllerVersion': '4.3.2', 'version': 0, 'buildInfo': 'Nov 28 2022 07:26:30', 'multiType': 0, 'msp_version': 0, 'capability': 0, 'cycleTime': 313, 'i2cError': 0, 'activeSensors': 35, 'mode': 2, 'profile': 0, 'uid': [3145761, 858867466, 875836466], 'accelerometerTrims': [0, 0], 'name': '', 'displayName': 'JOE PILOT', 'numProfiles': 3, 'rateProfile': 0, 'boardType': 2, 'armingDisableCount': 26, 'armingDisableFlags': 4, 'armingDisabled': False, 'runawayTakeoffPreventionDisabled': False, 'boardIdentifier': 'S405', 'boardVersion': 0, 'commCapabilities': 55, 'targetName': 'STM32F405', 'boardName': 'SPEEDYBEEF405V3', 'manufacturerId': 'SPBE', 'signature': [0, 0, 0, 0, 0, 0, 0, 0, 0, 0, 0, 0, 0, 0, 0, 0, 0, 0, 0, 0, 0, 0, 0, 0, 0, 0, 0, 0, 0, 0, 0, 0], 'mcuTypeId': 3, 'mspProtocolVersion': 0, 'cpuload': 22, 'flightModeFlags': []}
14H:32M:42S ALT:  0.27
14H:32M:42S ACC:  [-17, -4, 515]
14H:32M:42S GYR:  [2, -2, 1]
14H:32M:42S ATT:  [-0.4, 1.9, 334]
14H:32M:42S VOL:  16.02
14H:32M:42S ALT:  0.27
[1500, 1500, 988, 1500, 988, 988, 988, 988, 1001, 1001, 1001, 1001, 1500, 1500, 1500, 1500]
[1500, 1500, 988, 1500, 988, 988, 988, 988, 1001, 1001, 1001, 1001, 1500, 1500, 1500, 1500]
14H:32M:42S ACC:  [-17, -3, 514]
14H:32M:42S GYR:  [0, 2, 0]
14H:32M:42S ATT:  [-0.4, 1.9, 334]
14H:32M:42S VOL:  16.03
[1500, 1500, 988, 1500, 988, 988, 988, 988, 1001, 1001, 1001, 1001, 1500, 1500, 1500, 1500]
14H:32M:42S ALT:  0.27
[1500, 1500, 988, 1500, 988, 988, 988, 988, 1001, 1001, 1001, 1001, 1500, 1500, 1500, 1500]
[1500, 1500, 988, 1500, 988, 988, 988, 988, 1001, 1001, 1001, 1001, 1500, 1500, 1500, 1500]
14H:32M:42S ACC:  [-17, -3, 514]
14H:32M:42S GYR:  [1, -1, 1]
14H:32M:42S ATT:  [-0.4, 1.9, 334]
14H:32M:42S VOL:  16.02
[1500, 1500, 988, 1500, 988, 988, 988, 988, 1001, 1001, 1001, 1001, 1500, 1500, 1500, 1500]
14H:32M:42S ALT:  0.27
14H:32M:42S ACC:  [-17, -4, 514]
14H:32M:42S GYR:  [0, 1, 1]
14H:32M:42S ATT:  [-0.4, 1.9, 334]
14H:32M:42S VOL:  16.02
14H:32M:43S ALT:  0.27
14H:32M:43S ACC:  [-17, -3, 514]
14H:32M:43S GYR:  [-1, 1, -3]
14H:32M:43S ATT:  [-0.4, 1.9, 334]
14H:32M:43S VOL:  16.02
14H:32M:43S ALT:  0.27
14H:32M:43S ACC:  [-17, -4, 514]
14H:32M:43S GYR:  [1, 1, 3]
14H:32M:43S ATT:  [-0.4, 1.9, 334]
14H:32M:43S VOL:  16.02
14H:32M:43S ALT:  0.27
14H:32M:43S ACC:  [-17, -3, 514]
14H:32M:43S GYR:  [-1, 0, 1]
14H:32M:43S ATT:  [-0.4, 1.9, 334]
14H:32M:43S VOL:  16.03
14H:32M:43S ALT:  0.27
14H:32M:43S ACC:  [-17, -3, 515]
14H:32M:43S GYR:  [1, -2, 0]
14H:32M:43S ATT:  [-0.4, 1.9, 334]
14H:32M:43S VOL:  16.03
14H:32M:43S ALT:  0.27
14H:32M:43S ACC:  [-17, -3, 515]
14H:32M:43S GYR:  [-1, -2, 1]
14H:32M:43S ATT:  [-0.4, 1.9, 334]
14H:32M:43S VOL:  16.03
14H:32M:43S ALT:  0.27
14H:32M:43S ACC:  [-17, -3, 514]
14H:32M:43S GYR:  [1, -1, 1]
14H:32M:43S ATT:  [-0.4, 1.9, 334]
14H:32M:43S VOL:  16.03
14H:32M:43S ALT:  0.27
14H:32M:43S ACC:  [-17, -4, 514]
14H:32M:43S GYR:  [2, 0, 3]
14H:32M:43S ATT:  [-0.4, 1.9, 334]
14H:32M:43S VOL:  16.03
14H:32M:43S ALT:  0.27
14H:32M:43S ACC:  [-17, -4, 514]
14H:32M:43S GYR:  [-1, -1, 2]
14H:32M:43S ATT:  [-0.4, 1.9, 334]
14H:32M:43S VOL:  16.03
14H:32M:43S ALT:  0.27
14H:32M:43S ACC:  [-17, -4, 514]
14H:32M:43S GYR:  [1, -1, 2]
14H:32M:43S ATT:  [-0.4, 1.9, 334]
14H:32M:43S VOL:  16.03
14H:32M:43S ALT:  0.27
14H:32M:43S ACC:  [-17, -3, 514]
14H:32M:43S GYR:  [1, -2, 3]
14H:32M:43S ATT:  [-0.4, 1.9, 334]
14H:32M:43S VOL:  16.02
14H:32M:43S ALT:  0.27
14H:32M:43S ACC:  [-17, -3, 514]
14H:32M:43S GYR:  [2, 1, -1]
14H:32M:43S ATT:  [-0.4, 1.9, 334]
14H:32M:43S VOL:  16.02
14H:32M:43S ALT:  0.27
14H:32M:43S ACC:  [-17, -4, 514]
14H:32M:43S GYR:  [0, 0, 2]
14H:32M:43S ATT:  [-0.4, 1.9, 334]
14H:32M:43S VOL:  16.02
14H:32M:43S ALT:  0.27
14H:32M:43S ACC:  [-17, -3, 514]
14H:32M:43S GYR:  [0, 0, 2]
14H:32M:43S ATT:  [-0.4, 1.9, 334]
14H:32M:43S VOL:  16.02
14H:32M:43S ALT:  0.27
14H:32M:43S ACC:  [-17, -4, 514]
14H:32M:43S GYR:  [0, 0, 3]
14H:32M:43S ATT:  [-0.4, 1.9, 334]
14H:32M:43S VOL:  16.01
14H:32M:43S ALT:  0.27
14H:32M:43S ACC:  [-17, -3, 514]
14H:32M:43S GYR:  [3, 0, -1]
14H:32M:43S ATT:  [-0.4, 1.9, 334]
14H:32M:43S VOL:  16.01
14H:32M:43S ALT:  0.27
14H:32M:43S ACC:  [-17, -3, 514]
14H:32M:43S GYR:  [1, -1, 0]
14H:32M:43S ATT:  [-0.4, 1.9, 334]
14H:32M:43S VOL:  16.02
14H:32M:44S ALT:  0.27
14H:32M:44S ACC:  [-17, -4, 514]
14H:32M:44S GYR:  [-3, 0, 0]
14H:32M:44S ATT:  [-0.4, 1.9, 334]
14H:32M:44S VOL:  16.02
14H:32M:44S ALT:  0.27
14H:32M:44S ACC:  [-17, -3, 514]
14H:32M:44S GYR:  [1, -1, 2]
14H:32M:44S ATT:  [-0.4, 1.9, 334]
14H:32M:44S VOL:  16.02
14H:32M:44S ALT:  0.27
14H:32M:44S ACC:  [-17, -4, 514]
14H:32M:44S GYR:  [4, 1, 3]
14H:32M:44S ATT:  [-0.4, 1.9, 334]
14H:32M:44S VOL:  16.02
14H:32M:44S ALT:  0.27
14H:32M:44S ACC:  [-17, -4, 515]
14H:32M:44S GYR:  [-2, 0, 2]
14H:32M:44S ATT:  [-0.4, 1.9, 334]
14H:32M:44S VOL:  16.02
14H:32M:44S ALT:  0.27
14H:32M:44S ACC:  [-17, -4, 515]
14H:32M:44S GYR:  [0, -2, 0]
14H:32M:44S ATT:  [-0.4, 1.9, 334]
14H:32M:44S VOL:  16.01
14H:32M:44S ALT:  0.27
14H:32M:44S ACC:  [-17, -3, 514]
14H:32M:44S GYR:  [1, -1, 1]
14H:32M:44S ATT:  [-0.4, 1.9, 334]
14H:32M:44S VOL:  16.01
14H:32M:44S ALT:  0.27
14H:32M:44S ACC:  [-17, -3, 514]
14H:32M:44S GYR:  [1, 3, 0]
14H:32M:44S ATT:  [-0.4, 1.9, 334]
14H:32M:44S VOL:  16.02
14H:32M:44S ALT:  0.27
14H:32M:44S ACC:  [-17, -4, 515]
14H:32M:44S GYR:  [1, -1, 1]
14H:32M:44S ATT:  [-0.4, 1.9, 334]
14H:32M:44S VOL:  16.02
14H:32M:44S ALT:  0.27
14H:32M:44S ACC:  [-17, -4, 514]
14H:32M:44S GYR:  [2, 0, 2]
14H:32M:44S ATT:  [-0.4, 1.9, 334]
14H:32M:44S VOL:  16.01
14H:32M:44S ALT:  0.27
14H:32M:44S ACC:  [-17, -4, 514]
14H:32M:44S GYR:  [1, -1, 1]
14H:32M:44S ATT:  [-0.4, 1.9, 334]
14H:32M:44S VOL:  16.01
14H:32M:44S ALT:  0.27
14H:32M:44S ACC:  [-17, -3, 515]
14H:32M:44S GYR:  [0, 2, 1]
14H:32M:44S ATT:  [-0.4, 1.9, 334]
14H:32M:44S VOL:  16.01
14H:32M:44S ALT:  0.27
14H:32M:44S ACC:  [-17, -3, 513]
14H:32M:44S GYR:  [1, 2, 2]
14H:32M:44S ATT:  [-0.4, 1.9, 334]
14H:32M:44S VOL:  16.02
14H:32M:44S ALT:  0.27
14H:32M:44S ACC:  [-17, -4, 514]
14H:32M:44S GYR:  [0, -1, 2]
14H:32M:44S ATT:  [-0.4, 1.9, 334]
14H:32M:44S VOL:  16.02
14H:32M:44S ALT:  0.27
14H:32M:44S ACC:  [-17, -3, 514]
14H:32M:44S GYR:  [0, 0, 1]
14H:32M:44S ATT:  [-0.4, 1.9, 334]
14H:32M:44S VOL:  16.03
14H:32M:44S ALT:  0.27
14H:32M:44S ACC:  [-17, -3, 514]
14H:32M:44S GYR:  [0, 0, -2]
14H:32M:44S ATT:  [-0.4, 1.9, 334]
14H:32M:44S VOL:  16.03
14H:32M:45S ALT:  0.27
14H:32M:45S ACC:  [-17, -4, 514]
14H:32M:45S GYR:  [-1, 0, 1]
14H:32M:45S ATT:  [-0.4, 1.9, 334]
14H:32M:45S VOL:  16.03
14H:32M:45S ALT:  0.27
14H:32M:45S ACC:  [-17, -3, 514]
14H:32M:45S GYR:  [-1, 0, 3]
14H:32M:45S ATT:  [-0.4, 1.9, 334]
14H:32M:45S VOL:  16.02
14H:32M:45S ALT:  0.27
14H:32M:45S ACC:  [-17, -4, 514]
14H:32M:45S GYR:  [-2, 1, 0]
14H:32M:45S ATT:  [-0.4, 1.9, 334]
14H:32M:45S VOL:  16.03
14H:32M:45S ALT:  0.21
14H:32M:45S ACC:  [-17, -4, 513]
14H:32M:45S GYR:  [-1, 0, 2]
14H:32M:45S ATT:  [-0.4, 1.9, 334]
14H:32M:45S VOL:  16.03
14H:32M:45S ALT:  0.19
14H:32M:45S ACC:  [-17, -4, 514]
14H:32M:45S GYR:  [-4, 3, -1]
14H:32M:45S ATT:  [-0.4, 1.9, 334]
14H:32M:45S VOL:  16.03
14H:32M:45S ALT:  0.22
14H:32M:45S ACC:  [-17, -3, 514]
14H:32M:45S GYR:  [0, 0, -1]
14H:32M:45S ATT:  [-0.4, 1.9, 334]
14H:32M:45S VOL:  16.02
14H:32M:45S ALT:  0.24
14H:32M:45S ACC:  [-17, -3, 514]
14H:32M:45S GYR:  [-1, -3, 2]
14H:32M:45S ATT:  [-0.4, 1.9, 334]
14H:32M:45S VOL:  16.02
14H:32M:45S ALT:  0.25
14H:32M:45S ACC:  [-17, -3, 514]
14H:32M:45S GYR:  [2, -3, 3]
14H:32M:45S ATT:  [-0.4, 1.9, 334]
14H:32M:45S VOL:  16.02
14H:32M:45S ALT:  0.25
14H:32M:45S ACC:  [-17, -3, 514]
14H:32M:45S GYR:  [1, -1, 4]
14H:32M:45S ATT:  [-0.4, 1.9, 334]
14H:32M:45S VOL:  16.02
14H:32M:45S ALT:  0.25
14H:32M:45S ACC:  [-17, -3, 514]
14H:32M:45S GYR:  [0, 0, 1]
14H:32M:45S ATT:  [-0.4, 1.9, 334]
14H:32M:45S VOL:  16.02
14H:32M:45S ALT:  0.25
14H:32M:45S ACC:  [-17, -4, 514]
14H:32M:45S GYR:  [0, 1, 1]
14H:32M:45S ATT:  [-0.4, 1.9, 334]
14H:32M:45S VOL:  16.02
14H:32M:45S ALT:  0.25
14H:32M:45S ACC:  [-17, -4, 514]
14H:32M:45S GYR:  [0, 1, 1]
14H:32M:45S ATT:  [-0.4, 1.9, 334]
14H:32M:45S VOL:  16.02
14H:32M:45S ALT:  0.25
14H:32M:45S ACC:  [-17, -3, 514]
14H:32M:45S GYR:  [0, 1, -2]
14H:32M:45S ATT:  [-0.4, 1.9, 334]
14H:32M:45S VOL:  16.02
14H:32M:45S ALT:  0.25
14H:32M:45S ACC:  [-17, -3, 514]
14H:32M:45S GYR:  [1, 0, 1]
14H:32M:45S ATT:  [-0.4, 1.9, 334]
14H:32M:45S VOL:  16.02
14H:32M:45S ALT:  0.25
14H:32M:45S ACC:  [-17, -3, 514]
14H:32M:45S GYR:  [1, 0, 3]
14H:32M:45S ATT:  [-0.4, 1.9, 334]
14H:32M:45S VOL:  16.02
14H:32M:45S ALT:  0.25
14H:32M:45S ACC:  [-17, -3, 513]
14H:32M:45S GYR:  [0, -2, -1]
14H:32M:45S ATT:  [-0.4, 1.9, 334]
14H:32M:45S VOL:  16.02
14H:32M:46S ALT:  0.25
14H:32M:46S ACC:  [-17, -3, 513]
14H:32M:46S GYR:  [-1, 0, 2]
14H:32M:46S ATT:  [-0.4, 1.9, 334]
14H:32M:46S VOL:  16.02
14H:32M:46S ALT:  0.25
14H:32M:46S ACC:  [-17, -3, 514]
14H:32M:46S GYR:  [0, 0, 3]
14H:32M:46S ATT:  [-0.4, 1.9, 334]
14H:32M:46S VOL:  16.02
14H:32M:46S ALT:  0.25
14H:32M:46S ACC:  [-17, -3, 513]
14H:32M:46S GYR:  [-3, 0, 0]
14H:32M:46S ATT:  [-0.4, 1.9, 334]
14H:32M:46S VOL:  16.02
14H:32M:46S ALT:  0.25
14H:32M:46S ACC:  [-17, -3, 514]
14H:32M:46S GYR:  [0, 2, 4]
14H:32M:46S ATT:  [-0.3, 1.9, 334]
14H:32M:46S VOL:  16.02
14H:32M:46S ALT:  0.25
14H:32M:46S ACC:  [-17, -3, 513]
14H:32M:46S GYR:  [1, -1, 3]
14H:32M:46S ATT:  [-0.3, 1.9, 334]
14H:32M:46S VOL:  16.02
14H:32M:46S ALT:  0.25
14H:32M:46S ACC:  [-17, -3, 514]
14H:32M:46S GYR:  [0, -1, 2]
14H:32M:46S ATT:  [-0.3, 1.9, 334]
14H:32M:46S VOL:  16.02
14H:32M:46S ALT:  0.25
14H:32M:46S ACC:  [-17, -3, 513]
14H:32M:46S GYR:  [1, 0, 2]
14H:32M:46S ATT:  [-0.3, 1.9, 334]
14H:32M:46S VOL:  16.02
14H:32M:46S ALT:  0.25
14H:32M:46S ACC:  [-17, -4, 514]
14H:32M:46S GYR:  [0, -1, 0]
14H:32M:46S ATT:  [-0.3, 1.9, 334]
14H:32M:46S VOL:  16.02
14H:32M:46S ALT:  0.25
14H:32M:46S ACC:  [-17, -3, 514]
14H:32M:46S GYR:  [2, 0, 3]
14H:32M:46S ATT:  [-0.4, 1.9, 334]
14H:32M:46S VOL:  16.02
14H:32M:46S ALT:  0.25
14H:32M:46S ACC:  [-17, -4, 514]
14H:32M:46S GYR:  [0, -2, 1]
14H:32M:46S ATT:  [-0.4, 1.9, 334]
14H:32M:46S VOL:  16.02
14H:32M:46S ALT:  0.25
14H:32M:46S ACC:  [-17, -3, 513]
14H:32M:46S GYR:  [1, 0, 3]
14H:32M:46S ATT:  [-0.4, 1.9, 334]
14H:32M:46S VOL:  16.01
14H:32M:46S ALT:  0.25
14H:32M:46S ACC:  [-17, -3, 513]
14H:32M:46S GYR:  [0, 0, 3]
14H:32M:46S ATT:  [-0.4, 1.9, 334]
14H:32M:46S VOL:  16.02
14H:32M:46S ALT:  0.25
14H:32M:46S ACC:  [-17, -4, 513]
14H:32M:46S GYR:  [-2, 0, 1]
14H:32M:46S ATT:  [-0.4, 1.9, 334]
14H:32M:46S VOL:  16.02
14H:32M:46S ALT:  0.2
14H:32M:46S ACC:  [-17, -4, 513]
14H:32M:46S GYR:  [-2, 1, -1]
14H:32M:46S ATT:  [-0.4, 1.9, 334]
14H:32M:46S VOL:  16.02
14H:32M:46S ALT:  0.19
14H:32M:46S ACC:  [-18, -3, 513]
14H:32M:46S GYR:  [-1, 1, 3]
14H:32M:46S ATT:  [-0.4, 1.9, 334]
14H:32M:46S VOL:  16.02
14H:32M:47S ALT:  0.19
14H:32M:47S ACC:  [-17, -4, 513]
14H:32M:47S GYR:  [3, 0, -1]
14H:32M:47S ATT:  [-0.4, 1.9, 334]
14H:32M:47S VOL:  16.02
14H:32M:47S ALT:  0.19
14H:32M:47S ACC:  [-18, -4, 513]
14H:32M:47S GYR:  [3, 0, 2]
14H:32M:47S ATT:  [-0.4, 1.9, 334]
14H:32M:47S VOL:  16.02
14H:32M:47S ALT:  0.19
14H:32M:47S ACC:  [-18, -4, 514]
14H:32M:47S GYR:  [0, 0, 2]
14H:32M:47S ATT:  [-0.4, 1.9, 334]
14H:32M:47S VOL:  16.01
14H:32M:47S ALT:  0.19
14H:32M:47S ACC:  [-17, -3, 513]
14H:32M:47S GYR:  [0, 2, 4]
14H:32M:47S ATT:  [-0.4, 1.9, 334]
14H:32M:47S VOL:  16.01
14H:32M:47S ALT:  0.19
14H:32M:47S ACC:  [-17, -3, 514]
14H:32M:47S GYR:  [0, 0, 0]
14H:32M:47S ATT:  [-0.4, 1.9, 334]
14H:32M:47S VOL:  16.01
14H:32M:47S ALT:  0.19
14H:32M:47S ACC:  [-17, -3, 514]
14H:32M:47S GYR:  [-1, -1, 1]
14H:32M:47S ATT:  [-0.4, 1.9, 334]
14H:32M:47S VOL:  16.01
14H:32M:47S ALT:  0.19
14H:32M:47S ACC:  [-17, -3, 514]
14H:32M:47S GYR:  [-2, -1, 1]
14H:32M:47S ATT:  [-0.4, 1.9, 334]
14H:32M:47S VOL:  16.01
14H:32M:47S ALT:  0.19
14H:32M:47S ACC:  [-17, -3, 514]
14H:32M:47S GYR:  [-2, 0, 1]
14H:32M:47S ATT:  [-0.4, 1.9, 334]
14H:32M:47S VOL:  16.01
14H:32M:47S ALT:  0.19
14H:32M:47S ACC:  [-17, -4, 513]
14H:32M:47S GYR:  [0, -2, 0]
14H:32M:47S ATT:  [-0.4, 1.9, 334]
14H:32M:47S VOL:  16.01
14H:32M:47S ALT:  0.19
14H:32M:47S ACC:  [-17, -4, 513]
14H:32M:47S GYR:  [2, -1, 0]
14H:32M:47S ATT:  [-0.4, 1.9, 334]
14H:32M:47S VOL:  16.01
14H:32M:47S ALT:  0.19
14H:32M:47S ACC:  [-17, -3, 513]
14H:32M:47S GYR:  [2, -1, 0]
14H:32M:47S ATT:  [-0.4, 1.9, 334]
14H:32M:47S VOL:  16.01
14H:32M:47S ALT:  0.19
14H:32M:47S ACC:  [-17, -4, 513]
14H:32M:47S GYR:  [-1, 2, 1]
14H:32M:47S ATT:  [-0.4, 1.9, 334]
14H:32M:47S VOL:  16.01
14H:32M:47S ALT:  0.19
14H:32M:47S ACC:  [-17, -3, 514]
14H:32M:47S GYR:  [1, 0, 2]
14H:32M:47S ATT:  [-0.4, 1.9, 334]
14H:32M:47S VOL:  16.01
14H:32M:47S ALT:  0.19
14H:32M:47S ACC:  [-17, -4, 514]
14H:32M:47S GYR:  [0, -1, 1]
14H:32M:47S ATT:  [-0.4, 1.9, 334]
14H:32M:47S VOL:  16.02
14H:32M:47S ALT:  0.19
14H:32M:47S ACC:  [-17, -3, 513]
14H:32M:47S GYR:  [0, 1, 1]
14H:32M:47S ATT:  [-0.4, 1.9, 334]
14H:32M:47S VOL:  16.02
14H:32M:47S ALT:  0.19
14H:32M:47S ACC:  [-17, -3, 513]
14H:32M:47S GYR:  [0, -1, 2]
14H:32M:47S ATT:  [-0.4, 1.9, 334]
14H:32M:47S VOL:  16.02
14H:32M:48S ALT:  0.19
14H:32M:48S ACC:  [-17, -3, 513]
14H:32M:48S GYR:  [-1, -1, 0]
14H:32M:48S ATT:  [-0.4, 1.9, 334]
14H:32M:48S VOL:  16.01
14H:32M:48S ALT:  0.22
14H:32M:48S ACC:  [-17, -3, 514]
14H:32M:48S GYR:  [1, 3, 1]
14H:32M:48S ATT:  [-0.4, 1.9, 334]
14H:32M:48S VOL:  16.01
14H:32M:48S ALT:  0.25
14H:32M:48S ACC:  [-17, -3, 513]
14H:32M:48S GYR:  [1, 0, 1]
14H:32M:48S ATT:  [-0.4, 1.9, 334]
14H:32M:48S VOL:  16.02
14H:32M:48S ALT:  0.25
14H:32M:48S ACC:  [-17, -3, 513]
14H:32M:48S GYR:  [1, 1, 4]
14H:32M:48S ATT:  [-0.4, 1.9, 333]
14H:32M:48S VOL:  16.02
14H:32M:48S ALT:  0.25
14H:32M:48S ACC:  [-17, -3, 513]
14H:32M:48S GYR:  [2, -3, 0]
14H:32M:48S ATT:  [-0.4, 1.9, 333]
14H:32M:48S VOL:  16.02
14H:32M:48S ALT:  0.25
14H:32M:48S ACC:  [-17, -3, 513]
14H:32M:48S GYR:  [0, -1, 2]
14H:32M:48S ATT:  [-0.4, 1.9, 333]
14H:32M:48S VOL:  16.02
14H:32M:48S ALT:  0.25
14H:32M:48S ACC:  [-17, -3, 514]
14H:32M:48S GYR:  [1, 0, -1]
14H:32M:48S ATT:  [-0.4, 1.9, 333]
14H:32M:48S VOL:  16.03
14H:32M:48S ALT:  0.25
14H:32M:48S ACC:  [-17, -4, 513]
14H:32M:48S GYR:  [2, 0, 3]
14H:32M:48S ATT:  [-0.4, 1.9, 333]
14H:32M:48S VOL:  16.02
14H:32M:48S ALT:  0.25
14H:32M:48S ACC:  [-17, -3, 513]
14H:32M:48S GYR:  [1, -2, 1]
14H:32M:48S ATT:  [-0.4, 1.9, 333]
14H:32M:48S VOL:  16.02
14H:32M:48S ALT:  0.25
14H:32M:48S ACC:  [-17, -3, 513]
14H:32M:48S GYR:  [0, -1, 1]
14H:32M:48S ATT:  [-0.4, 1.9, 333]
14H:32M:48S VOL:  16.02
14H:32M:48S ALT:  0.25
14H:32M:48S ACC:  [-17, -3, 514]
14H:32M:48S GYR:  [-1, 0, 1]
14H:32M:48S ATT:  [-0.4, 1.9, 333]
14H:32M:48S VOL:  16.02
14H:32M:48S ALT:  0.25
14H:32M:48S ACC:  [-17, -3, 514]
14H:32M:48S GYR:  [0, 0, 0]
14H:32M:48S ATT:  [-0.4, 1.9, 333]
14H:32M:48S VOL:  16.02
14H:32M:48S ALT:  0.25
14H:32M:48S ACC:  [-17, -3, 513]
14H:32M:48S GYR:  [2, 0, 2]
14H:32M:48S ATT:  [-0.4, 1.9, 333]
14H:32M:48S VOL:  16.02
14H:32M:48S ALT:  0.25
14H:32M:48S ACC:  [-17, -4, 515]
14H:32M:48S GYR:  [0, -2, 0]
14H:32M:48S ATT:  [-0.4, 1.9, 333]
14H:32M:48S VOL:  16.02
14H:32M:48S ALT:  0.25
14H:32M:48S ACC:  [-17, -4, 514]
14H:32M:48S GYR:  [1, -1, 0]
14H:32M:48S ATT:  [-0.4, 1.9, 333]
14H:32M:48S VOL:  16.02
14H:32M:49S ALT:  0.25
14H:32M:49S ACC:  [-17, -4, 513]
14H:32M:49S GYR:  [0, -1, 0]
14H:32M:49S ATT:  [-0.4, 1.9, 333]
14H:32M:49S VOL:  16.02
14H:32M:49S ALT:  0.25
14H:32M:49S ACC:  [-17, -3, 514]
14H:32M:49S GYR:  [0, -1, -1]
14H:32M:49S ATT:  [-0.4, 1.9, 333]
14H:32M:49S VOL:  16.01
14H:32M:49S ALT:  0.25
14H:32M:49S ACC:  [-17, -3, 513]
14H:32M:49S GYR:  [3, 1, 1]
14H:32M:49S ATT:  [-0.4, 1.9, 333]
14H:32M:49S VOL:  16.01
14H:32M:49S ALT:  0.25
14H:32M:49S ACC:  [-18, -3, 513]
14H:32M:49S GYR:  [-1, 1, 0]
14H:32M:49S ATT:  [-0.4, 1.9, 333]
14H:32M:49S VOL:  16.01
14H:32M:49S ALT:  0.25
14H:32M:49S ACC:  [-17, -4, 514]
14H:32M:49S GYR:  [-4, -1, 1]
14H:32M:49S ATT:  [-0.4, 1.9, 333]
14H:32M:49S VOL:  16.02
14H:32M:49S ALT:  0.25
14H:32M:49S ACC:  [-17, -3, 514]
14H:32M:49S GYR:  [1, -1, 0]
14H:32M:49S ATT:  [-0.4, 1.9, 333]
14H:32M:49S VOL:  16.01
14H:32M:49S ALT:  0.25
14H:32M:49S ACC:  [-17, -3, 514]
14H:32M:49S GYR:  [2, -2, 4]
14H:32M:49S ATT:  [-0.4, 1.9, 333]
14H:32M:49S VOL:  16.01
14H:32M:49S ALT:  0.25
14H:32M:49S ACC:  [-17, -4, 513]
14H:32M:49S GYR:  [1, 1, 2]
14H:32M:49S ATT:  [-0.4, 1.9, 333]
14H:32M:49S VOL:  16.01
14H:32M:49S ALT:  0.25
14H:32M:49S ACC:  [-17, -4, 513]
14H:32M:49S GYR:  [0, 1, 1]
14H:32M:49S ATT:  [-0.4, 1.9, 333]
14H:32M:49S VOL:  16.01
14H:32M:49S ALT:  0.25
14H:32M:49S ACC:  [-17, -3, 513]
14H:32M:49S GYR:  [0, 0, -1]
14H:32M:49S ATT:  [-0.4, 1.9, 333]
14H:32M:49S VOL:  16.01
14H:32M:49S ALT:  0.25
14H:32M:49S ACC:  [-17, -3, 513]
14H:32M:49S GYR:  [0, 2, -2]
14H:32M:49S ATT:  [-0.4, 1.9, 333]
14H:32M:49S VOL:  16.01
14H:32M:49S ALT:  0.25
14H:32M:49S ACC:  [-17, -4, 514]
14H:32M:49S GYR:  [1, 1, 1]
14H:32M:49S ATT:  [-0.4, 1.9, 333]
14H:32M:49S VOL:  16.02
14H:32M:49S ALT:  0.25
14H:32M:49S ACC:  [-17, -3, 513]
14H:32M:49S GYR:  [1, -1, 0]
14H:32M:49S ATT:  [-0.4, 1.9, 333]
14H:32M:49S VOL:  16.01
14H:32M:49S ALT:  0.25
14H:32M:49S ACC:  [-17, -4, 513]
14H:32M:49S GYR:  [1, 0, 0]
14H:32M:49S ATT:  [-0.4, 1.9, 333]
14H:32M:49S VOL:  16.01
14H:32M:49S ALT:  0.25
14H:32M:49S ACC:  [-17, -3, 513]
14H:32M:49S GYR:  [-2, 0, 1]
14H:32M:49S ATT:  [-0.4, 1.9, 333]
14H:32M:49S VOL:  16.01
14H:32M:50S ALT:  0.25
14H:32M:50S ACC:  [-17, -3, 514]
14H:32M:50S GYR:  [-1, 0, 2]
14H:32M:50S ATT:  [-0.4, 1.9, 333]
14H:32M:50S VOL:  16.01
14H:32M:50S ALT:  0.2
14H:32M:50S ACC:  [-17, -3, 512]
14H:32M:50S GYR:  [1, -1, 1]
14H:32M:50S ATT:  [-0.4, 1.9, 333]
14H:32M:50S VOL:  16.01
14H:32M:50S ALT:  0.19
14H:32M:50S ACC:  [-17, -3, 513]
14H:32M:50S GYR:  [-1, -1, -1]
14H:32M:50S ATT:  [-0.4, 1.9, 333]
14H:32M:50S VOL:  16.01
14H:32M:50S ALT:  0.19
14H:32M:50S ACC:  [-17, -3, 513]
14H:32M:50S GYR:  [-1, 1, 1]
14H:32M:50S ATT:  [-0.4, 1.9, 333]
14H:32M:50S VOL:  16.01
14H:32M:50S ALT:  0.19
14H:32M:50S ACC:  [-17, -3, 513]
14H:32M:50S GYR:  [0, 2, 3]
14H:32M:50S ATT:  [-0.4, 1.9, 333]
14H:32M:50S VOL:  16.01
14H:32M:50S ALT:  0.19
14H:32M:50S ACC:  [-17, -4, 513]
14H:32M:50S GYR:  [3, -1, 3]
14H:32M:50S ATT:  [-0.4, 1.9, 333]
14H:32M:50S VOL:  16.01
14H:32M:50S ALT:  0.19
14H:32M:50S ACC:  [-17, -4, 513]
14H:32M:50S GYR:  [1, 0, 2]
14H:32M:50S ATT:  [-0.4, 1.9, 333]
14H:32M:50S VOL:  16.0
14H:32M:50S ALT:  0.19
14H:32M:50S ACC:  [-17, -3, 514]
14H:32M:50S GYR:  [-2, 3, 1]
14H:32M:50S ATT:  [-0.4, 1.9, 333]
14H:32M:50S VOL:  16.01
14H:32M:50S ALT:  0.19
14H:32M:50S ACC:  [-17, -4, 514]
14H:32M:50S GYR:  [-1, -2, 2]
14H:32M:50S ATT:  [-0.4, 1.9, 333]
14H:32M:50S VOL:  16.0
14H:32M:50S ALT:  0.19
14H:32M:50S ACC:  [-17, -3, 513]
14H:32M:50S GYR:  [-1, -1, -1]
14H:32M:50S ATT:  [-0.4, 1.9, 333]
14H:32M:50S VOL:  16.0
14H:32M:50S ALT:  0.19
14H:32M:50S ACC:  [-17, -3, 513]
14H:32M:50S GYR:  [1, 1, -1]
14H:32M:50S ATT:  [-0.4, 1.9, 333]
14H:32M:50S VOL:  16.01
14H:32M:50S ALT:  0.19
14H:32M:50S ACC:  [-17, -3, 513]
14H:32M:50S GYR:  [2, 2, -1]
14H:32M:50S ATT:  [-0.4, 1.9, 333]
14H:32M:50S VOL:  16.01
14H:32M:50S ALT:  0.19
14H:32M:50S ACC:  [-17, -3, 513]
14H:32M:50S GYR:  [1, 0, 1]
14H:32M:50S ATT:  [-0.4, 1.9, 333]
14H:32M:50S VOL:  16.01
14H:32M:50S ALT:  0.19
14H:32M:50S ACC:  [-17, -3, 513]
14H:32M:50S GYR:  [0, 1, 3]
14H:32M:50S ATT:  [-0.4, 1.9, 333]
14H:32M:50S VOL:  16.01
14H:32M:50S ALT:  0.19
14H:32M:50S ACC:  [-17, -3, 513]
14H:32M:50S GYR:  [1, 1, 0]
14H:32M:50S ATT:  [-0.4, 1.9, 333]
14H:32M:50S VOL:  16.01
14H:32M:50S ALT:  0.19
14H:32M:50S ACC:  [-17, -3, 513]
14H:32M:50S GYR:  [1, 2, 1]
14H:32M:50S ATT:  [-0.4, 1.9, 333]
14H:32M:50S VOL:  16.01
14H:32M:51S ALT:  0.19
14H:32M:51S ACC:  [-17, -3, 513]
14H:32M:51S GYR:  [0, 2, 1]
14H:32M:51S ATT:  [-0.4, 1.9, 333]
14H:32M:51S VOL:  16.02
14H:32M:51S ALT:  0.19
14H:32M:51S ACC:  [-17, -3, 513]
14H:32M:51S GYR:  [2, 1, 2]
14H:32M:51S ATT:  [-0.4, 1.9, 333]
14H:32M:51S VOL:  16.01
14H:32M:51S ALT:  0.19
14H:32M:51S ACC:  [-17, -4, 513]
14H:32M:51S GYR:  [0, 0, 1]
14H:32M:51S ATT:  [-0.4, 1.9, 333]
14H:32M:51S VOL:  16.01
14H:32M:51S ALT:  0.19
14H:32M:51S ACC:  [-17, -3, 513]
14H:32M:51S GYR:  [0, -1, 2]
14H:32M:51S ATT:  [-0.4, 1.9, 333]
14H:32M:51S VOL:  16.0
14H:32M:51S ALT:  0.19
14H:32M:51S ACC:  [-17, -3, 514]
14H:32M:51S GYR:  [0, 3, 1]
14H:32M:51S ATT:  [-0.4, 1.9, 333]
14H:32M:51S VOL:  16.0
14H:32M:51S ALT:  0.19
14H:32M:51S ACC:  [-17, -3, 513]
14H:32M:51S GYR:  [0, 1, 1]
14H:32M:51S ATT:  [-0.4, 1.9, 333]
14H:32M:51S VOL:  16.01
14H:32M:51S ALT:  0.19
14H:32M:51S ACC:  [-17, -3, 513]
14H:32M:51S GYR:  [-1, -1, 1]
14H:32M:51S ATT:  [-0.4, 1.9, 333]
14H:32M:51S VOL:  16.0
14H:32M:51S ALT:  0.19
14H:32M:51S ACC:  [-17, -3, 514]
14H:32M:51S GYR:  [2, 0, 0]
14H:32M:51S ATT:  [-0.4, 1.9, 333]
14H:32M:51S VOL:  16.01
14H:32M:51S ALT:  0.19
14H:32M:51S ACC:  [-17, -3, 514]
14H:32M:51S GYR:  [0, 2, 1]
14H:32M:51S ATT:  [-0.4, 1.9, 333]
14H:32M:51S VOL:  16.01
14H:32M:51S ALT:  0.19
14H:32M:51S ACC:  [-17, -3, 513]
14H:32M:51S GYR:  [0, 0, 0]
14H:32M:51S ATT:  [-0.4, 1.9, 333]
14H:32M:51S VOL:  16.01
14H:32M:51S ALT:  0.19
14H:32M:51S ACC:  [-17, -3, 513]
14H:32M:51S GYR:  [0, 1, 2]
14H:32M:51S ATT:  [-0.4, 1.9, 333]
14H:32M:51S VOL:  16.01
14H:32M:51S ALT:  0.19
14H:32M:51S ACC:  [-17, -3, 513]
14H:32M:51S GYR:  [0, 0, 1]
14H:32M:51S ATT:  [-0.4, 1.9, 333]
14H:32M:51S VOL:  16.01
14H:32M:51S ALT:  0.19
14H:32M:51S ACC:  [-17, -4, 513]
14H:32M:51S GYR:  [-2, 3, 0]
14H:32M:51S ATT:  [-0.4, 1.9, 333]
14H:32M:51S VOL:  16.01
14H:32M:51S ALT:  0.19
14H:32M:51S ACC:  [-17, -3, 513]
14H:32M:51S GYR:  [0, 0, 1]
14H:32M:51S ATT:  [-0.4, 1.9, 333]
14H:32M:51S VOL:  16.01
14H:32M:51S ALT:  0.19
14H:32M:51S ACC:  [-17, -3, 513]
14H:32M:51S GYR:  [0, 0, 0]
14H:32M:51S ATT:  [-0.4, 1.9, 333]
14H:32M:51S VOL:  16.02
14H:32M:52S ALT:  0.19
14H:32M:52S ACC:  [-17, -4, 514]
14H:32M:52S GYR:  [2, -1, 1]
14H:32M:52S ATT:  [-0.4, 1.9, 333]
14H:32M:52S VOL:  16.02
14H:32M:52S ALT:  0.19
14H:32M:52S ACC:  [-17, -3, 513]
14H:32M:52S GYR:  [0, 1, 2]
14H:32M:52S ATT:  [-0.4, 1.9, 333]
14H:32M:52S VOL:  16.02
14H:32M:52S ALT:  0.19
14H:32M:52S ACC:  [-17, -3, 514]
14H:32M:52S GYR:  [0, -2, 0]
14H:32M:52S ATT:  [-0.4, 1.9, 333]
14H:32M:52S VOL:  16.02
14H:32M:52S ALT:  0.19
14H:32M:52S ACC:  [-17, -4, 513]
14H:32M:52S GYR:  [0, -1, 0]
14H:32M:52S ATT:  [-0.4, 1.9, 333]
14H:32M:52S VOL:  16.02
14H:32M:52S ALT:  0.19
14H:32M:52S ACC:  [-17, -3, 514]
14H:32M:52S GYR:  [0, -2, -1]
14H:32M:52S ATT:  [-0.4, 1.9, 333]
14H:32M:52S VOL:  16.01
14H:32M:52S ALT:  0.19
14H:32M:52S ACC:  [-17, -3, 514]
14H:32M:52S GYR:  [-3, 1, 0]
14H:32M:52S ATT:  [-0.4, 1.9, 333]
14H:32M:52S VOL:  16.02
14H:32M:52S ALT:  0.19
14H:32M:52S ACC:  [-17, -3, 514]
14H:32M:52S GYR:  [0, 0, 1]
14H:32M:52S ATT:  [-0.4, 1.9, 333]
14H:32M:52S VOL:  16.01
14H:32M:52S ALT:  0.19
14H:32M:52S ACC:  [-17, -4, 513]
14H:32M:52S GYR:  [-1, -1, 0]
14H:32M:52S ATT:  [-0.4, 1.9, 333]
14H:32M:52S VOL:  16.01
14H:32M:52S ALT:  0.19
14H:32M:52S ACC:  [-17, -4, 513]
14H:32M:52S GYR:  [1, 1, 1]
14H:32M:52S ATT:  [-0.4, 1.9, 333]
14H:32M:52S VOL:  16.02
14H:32M:52S ALT:  0.19
14H:32M:52S ACC:  [-17, -4, 514]
14H:32M:52S GYR:  [-1, 1, 1]
14H:32M:52S ATT:  [-0.4, 1.9, 333]
14H:32M:52S VOL:  16.02
14H:32M:52S ALT:  0.19
14H:32M:52S ACC:  [-17, -3, 514]
14H:32M:52S GYR:  [-1, 2, 0]
14H:32M:52S ATT:  [-0.4, 1.9, 333]
14H:32M:52S VOL:  16.02
14H:32M:52S ALT:  0.19
14H:32M:52S ACC:  [-17, -4, 514]
14H:32M:52S GYR:  [1, -1, 2]
14H:32M:52S ATT:  [-0.4, 1.9, 333]
14H:32M:52S VOL:  16.02
14H:32M:52S ALT:  0.19
14H:32M:52S ACC:  [-17, -3, 513]
14H:32M:52S GYR:  [3, -2, 0]
14H:32M:52S ATT:  [-0.4, 1.9, 333]
14H:32M:52S VOL:  16.02
14H:32M:52S ALT:  0.19
14H:32M:52S ACC:  [-17, -3, 514]
14H:32M:52S GYR:  [0, 1, 1]
14H:32M:52S ATT:  [-0.4, 1.9, 333]
14H:32M:52S VOL:  16.01
14H:32M:52S ALT:  0.19
14H:32M:52S ACC:  [-17, -4, 514]
14H:32M:52S GYR:  [0, 1, 3]
14H:32M:52S ATT:  [-0.4, 1.9, 333]
14H:32M:52S VOL:  16.01
14H:32M:52S ALT:  0.19
14H:32M:52S ACC:  [-17, -3, 513]
14H:32M:52S GYR:  [-2, 3, -1]
14H:32M:52S ATT:  [-0.4, 1.9, 333]
14H:32M:52S VOL:  16.01
14H:32M:53S ALT:  0.19
14H:32M:53S ACC:  [-17, -3, 514]
14H:32M:53S GYR:  [0, 2, 2]
14H:32M:53S ATT:  [-0.4, 1.9, 333]
14H:32M:53S VOL:  16.01
14H:32M:53S ALT:  0.19
14H:32M:53S ACC:  [-17, -3, 513]
14H:32M:53S GYR:  [0, 0, 2]
14H:32M:53S ATT:  [-0.4, 1.9, 333]
14H:32M:53S VOL:  16.02
14H:32M:53S ALT:  0.19
14H:32M:53S ACC:  [-18, -3, 513]
14H:32M:53S GYR:  [-1, -3, 1]
14H:32M:53S ATT:  [-0.4, 1.9, 333]
14H:32M:53S VOL:  16.02
14H:32M:53S ALT:  0.19
14H:32M:53S ACC:  [-17, -3, 513]
14H:32M:53S GYR:  [0, 0, -2]
14H:32M:53S ATT:  [-0.4, 1.9, 333]
14H:32M:53S VOL:  16.02
14H:32M:53S ALT:  0.19
14H:32M:53S ACC:  [-17, -3, 514]
14H:32M:53S GYR:  [-1, 2, 1]
14H:32M:53S ATT:  [-0.4, 1.9, 333]
14H:32M:53S VOL:  16.02
14H:32M:53S ALT:  0.19
14H:32M:53S ACC:  [-17, -4, 514]
14H:32M:53S GYR:  [0, 0, 2]
14H:32M:53S ATT:  [-0.4, 1.9, 333]
14H:32M:53S VOL:  16.01
14H:32M:53S ALT:  0.19
14H:32M:53S ACC:  [-17, -4, 514]
14H:32M:53S GYR:  [1, 2, 2]
14H:32M:53S ATT:  [-0.4, 1.9, 333]
14H:32M:53S VOL:  16.01
14H:32M:53S ALT:  0.19
14H:32M:53S ACC:  [-17, -4, 514]
14H:32M:53S GYR:  [1, 0, 0]
14H:32M:53S ATT:  [-0.4, 1.9, 333]
14H:32M:53S VOL:  16.01
14H:32M:53S ALT:  0.19
14H:32M:53S ACC:  [-17, -3, 514]
14H:32M:53S GYR:  [1, -1, 1]
14H:32M:53S ATT:  [-0.4, 1.9, 333]
14H:32M:53S VOL:  16.01
14H:32M:53S ALT:  0.19
14H:32M:53S ACC:  [-17, -3, 514]
14H:32M:53S GYR:  [-1, 2, 2]
14H:32M:53S ATT:  [-0.4, 1.9, 333]
14H:32M:53S VOL:  16.01
14H:32M:53S ALT:  0.19
14H:32M:53S ACC:  [-17, -3, 514]
14H:32M:53S GYR:  [0, 0, 2]
14H:32M:53S ATT:  [-0.4, 1.9, 333]
14H:32M:53S VOL:  16.01
14H:32M:53S ALT:  0.19
14H:32M:53S ACC:  [-18, -4, 514]
14H:32M:53S GYR:  [-1, 0, 1]
14H:32M:53S ATT:  [-0.4, 1.9, 333]
14H:32M:53S VOL:  16.01
14H:32M:53S ALT:  0.19
14H:32M:53S ACC:  [-17, -3, 514]
14H:32M:53S GYR:  [-3, 0, -3]
14H:32M:53S ATT:  [-0.4, 1.9, 333]
14H:32M:53S VOL:  16.01
14H:32M:53S ALT:  0.19
14H:32M:53S ACC:  [-17, -4, 514]
14H:32M:53S GYR:  [0, 2, 3]
14H:32M:53S ATT:  [-0.4, 1.9, 333]
14H:32M:53S VOL:  16.01
14H:32M:53S ALT:  0.19
14H:32M:53S ACC:  [-17, -4, 514]
14H:32M:53S GYR:  [0, 2, 0]
14H:32M:53S ATT:  [-0.4, 1.9, 333]
14H:32M:53S VOL:  16.01
14H:32M:53S ALT:  0.19
14H:32M:53S ACC:  [-17, -3, 514]
14H:32M:53S GYR:  [-1, -1, 2]
14H:32M:53S ATT:  [-0.4, 1.9, 333]
14H:32M:53S VOL:  16.01
14H:32M:54S ALT:  0.19
14H:32M:54S ACC:  [-17, -3, 514]
14H:32M:54S GYR:  [-1, 1, 0]
14H:32M:54S ATT:  [-0.4, 1.9, 333]
14H:32M:54S VOL:  16.02
14H:32M:54S ALT:  0.19
14H:32M:54S ACC:  [-17, -4, 514]
14H:32M:54S GYR:  [-2, 1, 0]
14H:32M:54S ATT:  [-0.4, 1.9, 333]
14H:32M:54S VOL:  16.02
14H:32M:54S ALT:  0.19
14H:32M:54S ACC:  [-17, -3, 514]
14H:32M:54S GYR:  [1, 1, -2]
14H:32M:54S ATT:  [-0.4, 1.9, 333]
14H:32M:54S VOL:  16.02
14H:32M:54S ALT:  0.19
14H:32M:54S ACC:  [-17, -4, 514]
14H:32M:54S GYR:  [0, 0, 1]
14H:32M:54S ATT:  [-0.4, 1.9, 333]
14H:32M:54S VOL:  16.02
14H:32M:54S ALT:  0.19
14H:32M:54S ACC:  [-17, -4, 514]
14H:32M:54S GYR:  [1, 2, -1]
14H:32M:54S ATT:  [-0.4, 1.9, 333]
14H:32M:54S VOL:  16.02
14H:32M:54S ALT:  0.19
14H:32M:54S ACC:  [-17, -4, 514]
14H:32M:54S GYR:  [1, 0, -1]
14H:32M:54S ATT:  [-0.4, 1.9, 333]
14H:32M:54S VOL:  16.02
14H:32M:54S ALT:  0.19
14H:32M:54S ACC:  [-17, -3, 514]
14H:32M:54S GYR:  [-1, 0, 1]
14H:32M:54S ATT:  [-0.4, 1.9, 333]
14H:32M:54S VOL:  16.02
14H:32M:54S ALT:  0.19
14H:32M:54S ACC:  [-17, -4, 514]
14H:32M:54S GYR:  [1, 2, 1]
14H:32M:54S ATT:  [-0.4, 1.9, 333]
14H:32M:54S VOL:  16.02
14H:32M:54S ALT:  0.19
14H:32M:54S ACC:  [-17, -4, 514]
14H:32M:54S GYR:  [0, 0, 0]
14H:32M:54S ATT:  [-0.4, 1.9, 333]
14H:32M:54S VOL:  16.02
14H:32M:54S ALT:  0.19
14H:32M:54S ACC:  [-17, -4, 514]
14H:32M:54S GYR:  [0, 1, 1]
14H:32M:54S ATT:  [-0.4, 1.9, 333]
14H:32M:54S VOL:  16.01
14H:32M:54S ALT:  0.19
14H:32M:54S ACC:  [-18, -4, 514]
14H:32M:54S GYR:  [0, 1, 2]
14H:32M:54S ATT:  [-0.4, 1.9, 333]
14H:32M:54S VOL:  16.01
14H:32M:54S ALT:  0.19
14H:32M:54S ACC:  [-17, -3, 513]
14H:32M:54S GYR:  [1, 2, -1]
14H:32M:54S ATT:  [-0.4, 1.9, 333]
14H:32M:54S VOL:  16.01
14H:32M:54S ALT:  0.19
14H:32M:54S ACC:  [-17, -4, 514]
14H:32M:54S GYR:  [3, 0, 1]
14H:32M:54S ATT:  [-0.4, 1.9, 333]
14H:32M:54S VOL:  16.01
14H:32M:54S ALT:  0.19
14H:32M:54S ACC:  [-17, -4, 514]
14H:32M:54S GYR:  [1, 1, 2]
14H:32M:54S ATT:  [-0.4, 1.9, 333]
14H:32M:54S VOL:  16.01
14H:32M:54S ALT:  0.19
14H:32M:54S ACC:  [-17, -4, 514]
14H:32M:54S GYR:  [0, 0, 2]
14H:32M:54S ATT:  [-0.4, 1.9, 333]
14H:32M:54S VOL:  16.01
14H:32M:55S ALT:  0.19
14H:32M:55S ACC:  [-17, -3, 514]
14H:32M:55S GYR:  [-1, 0, 0]
14H:32M:55S ATT:  [-0.4, 1.9, 333]
14H:32M:55S VOL:  16.01
14H:32M:55S ALT:  0.19
14H:32M:55S ACC:  [-17, -3, 514]
14H:32M:55S GYR:  [0, -2, 0]
14H:32M:55S ATT:  [-0.4, 1.9, 333]
14H:32M:55S VOL:  16.02
14H:32M:55S ALT:  0.19
14H:32M:55S ACC:  [-17, -4, 513]
14H:32M:55S GYR:  [2, 1, -1]
14H:32M:55S ATT:  [-0.4, 1.9, 333]
14H:32M:55S VOL:  16.02
14H:32M:55S ALT:  0.19
14H:32M:55S ACC:  [-17, -4, 514]
14H:32M:55S GYR:  [2, 1, 1]
14H:32M:55S ATT:  [-0.4, 1.9, 333]
14H:32M:55S VOL:  16.02
14H:32M:55S ALT:  0.19
14H:32M:55S ACC:  [-17, -3, 514]
14H:32M:55S GYR:  [-1, 1, 0]
14H:32M:55S ATT:  [-0.4, 1.9, 333]
14H:32M:55S VOL:  16.02
14H:32M:55S ALT:  0.19
14H:32M:55S ACC:  [-17, -3, 514]
14H:32M:55S GYR:  [1, -2, 1]
14H:32M:55S ATT:  [-0.4, 1.9, 333]
14H:32M:55S VOL:  16.02
14H:32M:55S ALT:  0.19
14H:32M:55S ACC:  [-17, -4, 514]
14H:32M:55S GYR:  [0, 0, 4]
14H:32M:55S ATT:  [-0.4, 1.9, 333]
14H:32M:55S VOL:  16.02
14H:32M:55S ALT:  0.24
14H:32M:55S ACC:  [-17, -4, 514]
14H:32M:55S GYR:  [0, -1, 1]
14H:32M:55S ATT:  [-0.4, 1.9, 333]
14H:32M:55S VOL:  16.02
14H:32M:55S ALT:  0.25
14H:32M:55S ACC:  [-17, -3, 514]
14H:32M:55S GYR:  [1, 0, 1]
14H:32M:55S ATT:  [-0.4, 1.9, 333]
14H:32M:55S VOL:  16.02
14H:32M:55S ALT:  0.25
14H:32M:55S ACC:  [-17, -3, 514]
14H:32M:55S GYR:  [-1, -2, 1]
14H:32M:55S ATT:  [-0.4, 1.9, 333]
14H:32M:55S VOL:  16.03
14H:32M:55S ALT:  0.25
14H:32M:55S ACC:  [-17, -3, 514]
14H:32M:55S GYR:  [0, 0, 0]
14H:32M:55S ATT:  [-0.4, 1.9, 333]
14H:32M:55S VOL:  16.02
14H:32M:55S ALT:  0.25
14H:32M:55S ACC:  [-17, -4, 514]
14H:32M:55S GYR:  [2, -1, 0]
14H:32M:55S ATT:  [-0.4, 1.9, 333]
14H:32M:55S VOL:  16.02
14H:32M:55S ALT:  0.25
14H:32M:55S ACC:  [-17, -3, 514]
14H:32M:55S GYR:  [1, 1, 2]
14H:32M:55S ATT:  [-0.4, 1.9, 333]
14H:32M:55S VOL:  16.02
14H:32M:55S ALT:  0.25
14H:32M:55S ACC:  [-17, -3, 513]
14H:32M:55S GYR:  [-2, 2, 2]
14H:32M:55S ATT:  [-0.4, 1.9, 333]
14H:32M:55S VOL:  16.02
14H:32M:55S ALT:  0.25
14H:32M:55S ACC:  [-17, -3, 514]
14H:32M:55S GYR:  [-1, -1, 2]
14H:32M:55S ATT:  [-0.4, 1.9, 333]
14H:32M:55S VOL:  16.02
14H:32M:55S ALT:  0.25
14H:32M:55S ACC:  [-17, -4, 514]
14H:32M:55S GYR:  [0, -2, 1]
14H:32M:55S ATT:  [-0.4, 1.9, 333]
14H:32M:55S VOL:  16.02
14H:32M:56S ALT:  0.25
14H:32M:56S ACC:  [-17, -3, 514]
14H:32M:56S GYR:  [1, 1, 1]
14H:32M:56S ATT:  [-0.4, 1.9, 333]
14H:32M:56S VOL:  16.01
14H:32M:56S ALT:  0.25
14H:32M:56S ACC:  [-17, -3, 514]
14H:32M:56S GYR:  [1, -2, 2]
14H:32M:56S ATT:  [-0.4, 1.9, 333]
14H:32M:56S VOL:  16.01
14H:32M:56S ALT:  0.25
14H:32M:56S ACC:  [-17, -3, 514]
14H:32M:56S GYR:  [-1, -1, 0]
14H:32M:56S ATT:  [-0.4, 1.9, 333]
14H:32M:56S VOL:  16.01
14H:32M:56S ALT:  0.25
14H:32M:56S ACC:  [-17, -3, 514]
14H:32M:56S GYR:  [-1, 0, 1]
14H:32M:56S ATT:  [-0.4, 1.9, 333]
14H:32M:56S VOL:  16.01
14H:32M:56S ALT:  0.25
14H:32M:56S ACC:  [-17, -3, 513]
14H:32M:56S GYR:  [-2, 0, 1]
14H:32M:56S ATT:  [-0.4, 1.9, 333]
14H:32M:56S VOL:  16.01
14H:32M:56S ALT:  0.25
14H:32M:56S ACC:  [-17, -3, 513]
14H:32M:56S GYR:  [1, -3, 1]
14H:32M:56S ATT:  [-0.4, 1.9, 333]
14H:32M:56S VOL:  16.02
14H:32M:56S ALT:  0.25
14H:32M:56S ACC:  [-17, -4, 514]
14H:32M:56S GYR:  [0, -1, 1]
14H:32M:56S ATT:  [-0.4, 1.9, 333]
14H:32M:56S VOL:  16.02
14H:32M:56S ALT:  0.25
14H:32M:56S ACC:  [-17, -4, 514]
14H:32M:56S GYR:  [1, -1, 0]
14H:32M:56S ATT:  [-0.4, 1.9, 333]
14H:32M:56S VOL:  16.02
14H:32M:56S ALT:  0.25
14H:32M:56S ACC:  [-17, -3, 514]
14H:32M:56S GYR:  [-3, 2, 2]
14H:32M:56S ATT:  [-0.4, 1.9, 333]
14H:32M:56S VOL:  16.02
14H:32M:56S ALT:  0.25
14H:32M:56S ACC:  [-17, -4, 514]
14H:32M:56S GYR:  [-1, 0, 2]
14H:32M:56S ATT:  [-0.4, 1.9, 333]
14H:32M:56S VOL:  16.02
14H:32M:56S ALT:  0.25
14H:32M:56S ACC:  [-17, -4, 513]
14H:32M:56S GYR:  [1, -1, 2]
14H:32M:56S ATT:  [-0.4, 1.9, 333]
14H:32M:56S VOL:  16.02
14H:32M:56S ALT:  0.25
14H:32M:56S ACC:  [-17, -3, 513]
14H:32M:56S GYR:  [0, 0, 3]
14H:32M:56S ATT:  [-0.4, 1.9, 333]
14H:32M:56S VOL:  16.01
14H:32M:56S ALT:  0.25
14H:32M:56S ACC:  [-17, -4, 514]
14H:32M:56S GYR:  [3, -2, 0]
14H:32M:56S ATT:  [-0.4, 1.9, 333]
14H:32M:56S VOL:  16.01
14H:32M:56S ALT:  0.25
14H:32M:56S ACC:  [-17, -4, 513]
14H:32M:56S GYR:  [1, -1, 1]
14H:32M:56S ATT:  [-0.4, 1.9, 333]
14H:32M:56S VOL:  16.02
14H:32M:56S ALT:  0.25
14H:32M:56S ACC:  [-17, -4, 514]
14H:32M:56S GYR:  [0, 1, 3]
14H:32M:56S ATT:  [-0.4, 1.9, 333]
14H:32M:56S VOL:  16.02
14H:32M:57S ALT:  0.25
14H:32M:57S ACC:  [-17, -4, 513]
14H:32M:57S GYR:  [2, 0, 1]
14H:32M:57S ATT:  [-0.4, 1.9, 333]
14H:32M:57S VOL:  16.02
14H:32M:57S ALT:  0.25
14H:32M:57S ACC:  [-17, -4, 513]
14H:32M:57S GYR:  [-1, -2, -1]
14H:32M:57S ATT:  [-0.4, 1.9, 333]
14H:32M:57S VOL:  16.02
14H:32M:57S ALT:  0.25
14H:32M:57S ACC:  [-17, -3, 513]
14H:32M:57S GYR:  [1, 1, 0]
14H:32M:57S ATT:  [-0.4, 1.9, 333]
14H:32M:57S VOL:  16.02
14H:32M:57S ALT:  0.25
14H:32M:57S ACC:  [-17, -3, 514]
14H:32M:57S GYR:  [-1, -2, -2]
14H:32M:57S ATT:  [-0.4, 1.9, 333]
14H:32M:57S VOL:  16.02
14H:32M:57S ALT:  0.25
14H:32M:57S ACC:  [-17, -3, 513]
14H:32M:57S GYR:  [-2, -1, 2]
14H:32M:57S ATT:  [-0.4, 1.9, 333]
14H:32M:57S VOL:  16.02
14H:32M:57S ALT:  0.25
14H:32M:57S ACC:  [-17, -4, 513]
14H:32M:57S GYR:  [1, -1, 2]
14H:32M:57S ATT:  [-0.4, 1.9, 333]
14H:32M:57S VOL:  16.02
14H:32M:57S ALT:  0.25
14H:32M:57S ACC:  [-17, -3, 514]
14H:32M:57S GYR:  [0, 0, 3]
14H:32M:57S ATT:  [-0.4, 1.9, 333]
14H:32M:57S VOL:  16.01
14H:32M:57S ALT:  0.25
14H:32M:57S ACC:  [-17, -3, 514]
14H:32M:57S GYR:  [2, 1, 0]
14H:32M:57S ATT:  [-0.4, 1.9, 333]
14H:32M:57S VOL:  16.01
14H:32M:57S ALT:  0.25
14H:32M:57S ACC:  [-17, -3, 513]
14H:32M:57S GYR:  [-1, -1, 2]
14H:32M:57S ATT:  [-0.4, 1.9, 333]
14H:32M:57S VOL:  16.0
14H:32M:57S ALT:  0.25
14H:32M:57S ACC:  [-17, -4, 514]
14H:32M:57S GYR:  [-1, -1, 1]
14H:32M:57S ATT:  [-0.4, 1.9, 333]
14H:32M:57S VOL:  16.01
14H:32M:57S ALT:  0.25
14H:32M:57S ACC:  [-18, -4, 514]
14H:32M:57S GYR:  [1, 0, 1]
14H:32M:57S ATT:  [-0.4, 1.9, 333]
14H:32M:57S VOL:  16.01
14H:32M:57S ALT:  0.25
14H:32M:57S ACC:  [-17, -4, 514]
14H:32M:57S GYR:  [-2, 2, 0]
14H:32M:57S ATT:  [-0.4, 1.9, 333]
14H:32M:57S VOL:  16.01
14H:32M:57S ALT:  0.25
14H:32M:57S ACC:  [-17, -3, 514]
14H:32M:57S GYR:  [0, 0, 1]
14H:32M:57S ATT:  [-0.4, 1.9, 333]
14H:32M:57S VOL:  16.01
14H:32M:57S ALT:  0.25
14H:32M:57S ACC:  [-17, -3, 514]
14H:32M:57S GYR:  [-1, -1, 0]
14H:32M:57S ATT:  [-0.4, 1.9, 333]
14H:32M:57S VOL:  16.01
14H:32M:57S ALT:  0.25
14H:32M:57S ACC:  [-17, -4, 513]
14H:32M:57S GYR:  [2, 1, 0]
14H:32M:57S ATT:  [-0.4, 1.9, 333]
14H:32M:57S VOL:  16.01
14H:32M:57S ALT:  0.25
14H:32M:57S ACC:  [-17, -4, 514]
14H:32M:57S GYR:  [0, -1, 1]
14H:32M:57S ATT:  [-0.4, 1.9, 333]
14H:32M:57S VOL:  16.02
14H:32M:58S ALT:  0.25
14H:32M:58S ACC:  [-17, -4, 514]
14H:32M:58S GYR:  [-1, 1, 3]
14H:32M:58S ATT:  [-0.4, 1.9, 333]
14H:32M:58S VOL:  16.01
14H:32M:58S ALT:  0.25
14H:32M:58S ACC:  [-17, -4, 514]
14H:32M:58S GYR:  [-1, 0, 2]
14H:32M:58S ATT:  [-0.4, 1.9, 333]
14H:32M:58S VOL:  16.01
14H:32M:58S ALT:  0.25
14H:32M:58S ACC:  [-17, -4, 513]
14H:32M:58S GYR:  [0, 0, 1]
14H:32M:58S ATT:  [-0.4, 1.9, 333]
14H:32M:58S VOL:  16.01
14H:32M:58S ALT:  0.25
14H:32M:58S ACC:  [-17, -4, 514]
14H:32M:58S GYR:  [0, 4, 2]
14H:32M:58S ATT:  [-0.4, 1.9, 333]
14H:32M:58S VOL:  16.01
14H:32M:58S ALT:  0.25
14H:32M:58S ACC:  [-17, -3, 513]
14H:32M:58S GYR:  [0, 0, 0]
14H:32M:58S ATT:  [-0.4, 1.9, 333]
14H:32M:58S VOL:  16.01
14H:32M:58S ALT:  0.25
14H:32M:58S ACC:  [-17, -3, 513]
14H:32M:58S GYR:  [2, 2, 3]
14H:32M:58S ATT:  [-0.4, 1.9, 333]
14H:32M:58S VOL:  16.01
14H:32M:58S ALT:  0.25
14H:32M:58S ACC:  [-17, -4, 513]
14H:32M:58S GYR:  [0, 1, 1]
14H:32M:58S ATT:  [-0.4, 1.9, 333]
14H:32M:58S VOL:  16.01
14H:32M:58S ALT:  0.25
14H:32M:58S ACC:  [-17, -3, 514]
14H:32M:58S GYR:  [-1, -1, 3]
14H:32M:58S ATT:  [-0.4, 1.9, 333]
14H:32M:58S VOL:  16.01
14H:32M:58S ALT:  0.25
14H:32M:58S ACC:  [-17, -3, 513]
14H:32M:58S GYR:  [-1, 1, 1]
14H:32M:58S ATT:  [-0.4, 1.9, 333]
14H:32M:58S VOL:  16.02
14H:32M:58S ALT:  0.25
14H:32M:58S ACC:  [-17, -4, 513]
14H:32M:58S GYR:  [0, 3, 0]
14H:32M:58S ATT:  [-0.4, 1.9, 333]
14H:32M:58S VOL:  16.02
14H:32M:58S ALT:  0.25
14H:32M:58S ACC:  [-17, -3, 514]
14H:32M:58S GYR:  [1, 0, 1]
14H:32M:58S ATT:  [-0.4, 1.9, 333]
14H:32M:58S VOL:  16.02
14H:32M:58S ALT:  0.25
14H:32M:58S ACC:  [-17, -4, 513]
14H:32M:58S GYR:  [1, 0, 0]
14H:32M:58S ATT:  [-0.4, 1.9, 333]
14H:32M:58S VOL:  16.02
14H:32M:58S ALT:  0.25
14H:32M:58S ACC:  [-17, -4, 514]
14H:32M:58S GYR:  [2, 0, 4]
14H:32M:58S ATT:  [-0.4, 1.9, 333]
14H:32M:58S VOL:  16.02
14H:32M:58S ALT:  0.25
14H:32M:58S ACC:  [-17, -4, 514]
14H:32M:58S GYR:  [0, -1, 1]
14H:32M:58S ATT:  [-0.4, 1.9, 333]
14H:32M:58S VOL:  16.01
14H:32M:58S ALT:  0.25
14H:32M:58S ACC:  [-17, -4, 514]
14H:32M:58S GYR:  [-1, 0, 0]
14H:32M:58S ATT:  [-0.4, 1.9, 333]
14H:32M:58S VOL:  16.01
14H:32M:59S ALT:  0.25
14H:32M:59S ACC:  [-17, -4, 514]
14H:32M:59S GYR:  [2, 1, 1]
14H:32M:59S ATT:  [-0.4, 1.9, 333]
14H:32M:59S VOL:  16.01
14H:32M:59S ALT:  0.25
14H:32M:59S ACC:  [-17, -3, 512]
14H:32M:59S GYR:  [0, 2, 0]
14H:32M:59S ATT:  [-0.4, 1.9, 333]
14H:32M:59S VOL:  16.01
14H:32M:59S ALT:  0.25
14H:32M:59S ACC:  [-17, -4, 514]
14H:32M:59S GYR:  [-2, 1, 2]
14H:32M:59S ATT:  [-0.4, 1.9, 333]
14H:32M:59S VOL:  16.0
14H:32M:59S ALT:  0.25
14H:32M:59S ACC:  [-17, -3, 514]
14H:32M:59S GYR:  [0, 0, 3]
14H:32M:59S ATT:  [-0.4, 1.9, 333]
14H:32M:59S VOL:  16.01
14H:32M:59S ALT:  0.25
14H:32M:59S ACC:  [-17, -4, 513]
14H:32M:59S GYR:  [0, 2, 0]
14H:32M:59S ATT:  [-0.4, 1.9, 333]
14H:32M:59S VOL:  16.01
14H:32M:59S ALT:  0.25
14H:32M:59S ACC:  [-17, -4, 514]
14H:32M:59S GYR:  [1, 0, 4]
14H:32M:59S ATT:  [-0.4, 1.9, 333]
14H:32M:59S VOL:  16.01
14H:32M:59S ALT:  0.29
14H:32M:59S ACC:  [-17, -4, 515]
14H:32M:59S GYR:  [-1, 2, 2]
14H:32M:59S ATT:  [-0.4, 1.9, 333]
14H:32M:59S VOL:  16.01
14H:32M:59S ALT:  0.33
14H:32M:59S ACC:  [-17, -3, 513]
14H:32M:59S GYR:  [0, 1, 1]
14H:32M:59S ATT:  [-0.4, 1.9, 333]
14H:32M:59S VOL:  16.01
14H:32M:59S ALT:  0.34
14H:32M:59S ACC:  [-17, -4, 513]
14H:32M:59S GYR:  [1, -2, 0]
14H:32M:59S ATT:  [-0.4, 1.9, 333]
14H:32M:59S VOL:  16.01
14H:32M:59S ALT:  0.34
14H:32M:59S ACC:  [-17, -3, 513]
14H:32M:59S GYR:  [0, 0, 0]
14H:32M:59S ATT:  [-0.4, 1.9, 333]
14H:32M:59S VOL:  16.0
14H:32M:59S ALT:  0.34
14H:32M:59S ACC:  [-17, -4, 513]
14H:32M:59S GYR:  [1, 0, 1]
14H:32M:59S ATT:  [-0.4, 1.9, 333]
14H:32M:59S VOL:  16.01
14H:32M:59S ALT:  0.34
14H:32M:59S ACC:  [-17, -3, 513]
14H:32M:59S GYR:  [0, 0, -1]
14H:32M:59S ATT:  [-0.4, 1.9, 333]
14H:32M:59S VOL:  16.01
14H:32M:59S ALT:  0.34
14H:32M:59S ACC:  [-17, -4, 514]
14H:32M:59S GYR:  [0, -2, 2]
14H:32M:59S ATT:  [-0.4, 1.9, 333]
14H:32M:59S VOL:  16.01
14H:32M:59S ALT:  0.34
14H:32M:59S ACC:  [-17, -3, 513]
14H:32M:59S GYR:  [1, 1, 0]
14H:32M:59S ATT:  [-0.4, 1.9, 333]
14H:32M:59S VOL:  16.01
14H:32M:59S ALT:  0.34
14H:32M:59S ACC:  [-17, -3, 513]
14H:32M:59S GYR:  [0, 1, 0]
14H:32M:59S ATT:  [-0.4, 1.9, 333]
14H:32M:59S VOL:  16.01
14H:32M:59S ALT:  0.34
14H:32M:59S ACC:  [-17, -4, 513]
14H:32M:59S GYR:  [0, 1, 2]
14H:32M:59S ATT:  [-0.4, 1.9, 333]
14H:32M:59S VOL:  16.01
14H:33M:00S ALT:  0.34
14H:33M:00S ACC:  [-17, -4, 514]
14H:33M:00S GYR:  [-1, 2, 2]
14H:33M:00S ATT:  [-0.4, 1.9, 333]
14H:33M:00S VOL:  16.01
14H:33M:00S ALT:  0.34
14H:33M:00S ACC:  [-17, -4, 514]
14H:33M:00S GYR:  [-2, 1, 1]
14H:33M:00S ATT:  [-0.4, 1.9, 333]
14H:33M:00S VOL:  16.02
14H:33M:00S ALT:  0.34
14H:33M:00S ACC:  [-17, -3, 513]
14H:33M:00S GYR:  [-1, 0, 1]
14H:33M:00S ATT:  [-0.4, 1.9, 333]
14H:33M:00S VOL:  16.02
14H:33M:00S ALT:  0.34
14H:33M:00S ACC:  [-17, -3, 514]
14H:33M:00S GYR:  [1, 2, 2]
14H:33M:00S ATT:  [-0.4, 1.9, 333]
14H:33M:00S VOL:  16.02
14H:33M:00S ALT:  0.34
14H:33M:00S ACC:  [-17, -3, 514]
14H:33M:00S GYR:  [0, 1, 2]
14H:33M:00S ATT:  [-0.4, 1.9, 333]
14H:33M:00S VOL:  16.02
14H:33M:00S ALT:  0.34
14H:33M:00S ACC:  [-17, -4, 513]
14H:33M:00S GYR:  [1, 2, 2]
14H:33M:00S ATT:  [-0.4, 1.9, 333]
14H:33M:00S VOL:  16.02
14H:33M:00S ALT:  0.34
14H:33M:00S ACC:  [-17, -4, 514]
14H:33M:00S GYR:  [2, 1, 0]
14H:33M:00S ATT:  [-0.4, 1.9, 333]
14H:33M:00S VOL:  16.01
14H:33M:00S ALT:  0.34
14H:33M:00S ACC:  [-17, -3, 514]
14H:33M:00S GYR:  [-1, 0, 1]
14H:33M:00S ATT:  [-0.4, 1.9, 333]
14H:33M:00S VOL:  16.02
14H:33M:00S ALT:  0.34
14H:33M:00S ACC:  [-17, -4, 514]
14H:33M:00S GYR:  [-4, 2, 2]
14H:33M:00S ATT:  [-0.4, 1.9, 333]
14H:33M:00S VOL:  16.01
14H:33M:00S ALT:  0.34
14H:33M:00S ACC:  [-17, -4, 513]
14H:33M:00S GYR:  [-2, 2, 0]
14H:33M:00S ATT:  [-0.4, 1.9, 333]
14H:33M:00S VOL:  16.01
14H:33M:00S ALT:  0.34
14H:33M:00S ACC:  [-17, -3, 514]
14H:33M:00S GYR:  [1, 2, -1]
14H:33M:00S ATT:  [-0.4, 1.9, 333]
14H:33M:00S VOL:  16.01
14H:33M:00S ALT:  0.34
14H:33M:00S ACC:  [-17, -3, 513]
14H:33M:00S GYR:  [1, 1, 3]
14H:33M:00S ATT:  [-0.4, 1.9, 333]
14H:33M:00S VOL:  16.01
14H:33M:00S ALT:  0.34
14H:33M:00S ACC:  [-17, -3, 513]
14H:33M:00S GYR:  [-1, 3, 0]
14H:33M:00S ATT:  [-0.4, 1.9, 333]
14H:33M:00S VOL:  16.01
14H:33M:00S ALT:  0.34
[1500, 1500, 988, 1500, 988, 988, 988, 988, 1001, 1001, 1001, 1001, 1500, 1500, 1500, 1500]
[1500, 1500, 988, 1500, 988, 988, 988, 988, 1001, 1001, 1001, 1001, 1500, 1500, 1500, 1500]
[1500, 1500, 988, 1500, 988, 988, 988, 988, 1001, 1001, 1001, 1001, 1500, 1500, 1500, 1500]
14H:33M:00S ACC:  [-17, -4, 513]
14H:33M:00S GYR:  [1, -2, 2]
14H:33M:00S ATT:  [-0.4, 1.9, 333]
14H:33M:00S VOL:  16.01
[1500, 1500, 988, 1500, 988, 988, 988, 988, 1001, 1001, 1001, 1001, 1500, 1500, 1500, 1500]
14H:33M:00S ALT:  0.34
[1500, 1500, 988, 1500, 988, 988, 988, 988, 1001, 1001, 1001, 1001, 1500, 1500, 1500, 1500]
[1500, 1500, 988, 1500, 988, 988, 988, 988, 1001, 1001, 1001, 1001, 1500, 1500, 1500, 1500]
14H:33M:00S ACC:  [-17, -4, 513]
14H:33M:00S GYR:  [0, 1, 3]
14H:33M:00S ATT:  [-0.4, 1.9, 333]
14H:33M:00S VOL:  16.01
[1500, 1500, 988, 1500, 988, 988, 988, 988, 1001, 1001, 1001, 1001, 1500, 1500, 1500, 1500]
14H:33M:01S ALT:  0.34
[1500, 1500, 988, 1500, 988, 988, 988, 988, 1001, 1001, 1001, 1001, 1500, 1500, 1500, 1500]
[1500, 1500, 988, 1500, 988, 988, 988, 988, 1001, 1001, 1001, 1001, 1500, 1500, 1500, 1500]
14H:33M:01S ACC:  [-17, -4, 513]
14H:33M:01S GYR:  [1, 2, -1]
14H:33M:01S ATT:  [-0.4, 1.9, 333]
14H:33M:01S VOL:  16.01
[1500, 1500, 988, 1500, 988, 988, 988, 988, 1001, 1001, 1001, 1001, 1500, 1500, 1500, 1500]
14H:33M:01S ALT:  0.34
[1500, 1500, 988, 1500, 988, 988, 988, 988, 1001, 1001, 1001, 1001, 1500, 1500, 1500, 1500]
[1500, 1500, 988, 1500, 988, 988, 988, 988, 1001, 1001, 1001, 1001, 1500, 1500, 1500, 1500]
14H:33M:01S ACC:  [-17, -4, 513]
14H:33M:01S GYR:  [-1, 1, 3]
14H:33M:01S ATT:  [-0.4, 1.9, 333]
14H:33M:01S VOL:  16.01
[1500, 1500, 988, 1500, 988, 988, 988, 988, 1001, 1001, 1001, 1001, 1500, 1500, 1500, 1500]
14H:33M:01S ALT:  0.34
[1500, 1500, 988, 1500, 988, 988, 988, 988, 1001, 1001, 1001, 1001, 1500, 1500, 1500, 1500]
[1500, 1500, 988, 1500, 988, 988, 988, 988, 1001, 1001, 1001, 1001, 1500, 1500, 1500, 1500]
14H:33M:01S ACC:  [-17, -3, 514]
14H:33M:01S GYR:  [-1, 1, 3]
14H:33M:01S ATT:  [-0.4, 1.9, 333]
14H:33M:01S VOL:  16.01
[1500, 1500, 988, 1500, 988, 988, 988, 988, 1001, 1001, 1001, 1001, 1500, 1500, 1500, 1500]
14H:33M:01S ALT:  0.34
[1500, 1500, 988, 1500, 988, 988, 988, 988, 1001, 1001, 1001, 1001, 1500, 1500, 1500, 1500]
[1500, 1500, 988, 1500, 988, 988, 988, 988, 1001, 1001, 1001, 1001, 1500, 1500, 1500, 1500]
[1500, 1500, 988, 1500, 988, 988, 988, 988, 1001, 1001, 1001, 1001, 1500, 1500, 1500, 1500]
14H:33M:01S ACC:  [-17, -3, 513]
14H:33M:01S GYR:  [3, -1, 1]
14H:33M:01S ATT:  [-0.4, 1.9, 333]
14H:33M:01S VOL:  16.01
[1500, 1500, 988, 1500, 988, 988, 988, 988, 1001, 1001, 1001, 1001, 1500, 1500, 1500, 1500]
14H:33M:01S ALT:  0.34
[1500, 1500, 988, 1500, 988, 988, 988, 988, 1001, 1001, 1001, 1001, 1500, 1500, 1500, 1500]
[1500, 1500, 988, 1500, 988, 988, 988, 988, 1001, 1001, 1001, 1001, 1500, 1500, 1500, 1500]
14H:33M:01S ACC:  [-17, -4, 513]
14H:33M:01S GYR:  [-1, 1, 1]
14H:33M:01S ATT:  [-0.4, 1.9, 333]
14H:33M:01S VOL:  16.01
[1500, 1500, 988, 1500, 988, 988, 988, 988, 1001, 1001, 1001, 1001, 1500, 1500, 1500, 1500]
14H:33M:01S ALT:  0.34
[1500, 1500, 988, 1500, 988, 988, 988, 988, 1001, 1001, 1001, 1001, 1500, 1500, 1500, 1500]
[1500, 1500, 988, 1500, 988, 988, 988, 988, 1001, 1001, 1001, 1001, 1500, 1500, 1500, 1500]
14H:33M:01S ACC:  [-17, -3, 513]
14H:33M:01S GYR:  [2, -1, 0]
14H:33M:01S ATT:  [-0.4, 1.9, 333]
14H:33M:01S VOL:  16.01
[1500, 1500, 988, 1500, 988, 988, 988, 988, 1001, 1001, 1001, 1001, 1500, 1500, 1500, 1500]
14H:33M:01S ALT:  0.34
[1500, 1500, 988, 1500, 988, 988, 988, 988, 1001, 1001, 1001, 1001, 1500, 1500, 1500, 1500]
[1500, 1500, 988, 1500, 988, 988, 988, 988, 1001, 1001, 1001, 1001, 1500, 1500, 1500, 1500]
14H:33M:01S ACC:  [-17, -3, 513]
14H:33M:01S GYR:  [-1, 0, 2]
14H:33M:01S ATT:  [-0.4, 1.9, 333]
14H:33M:01S VOL:  16.01
[1500, 1500, 988, 1500, 988, 988, 988, 988, 1001, 1001, 1001, 1001, 1500, 1500, 1500, 1500]
14H:33M:01S ALT:  0.34
[1500, 1500, 988, 1500, 988, 988, 988, 988, 1001, 1001, 1001, 1001, 1500, 1500, 1500, 1500]
[1500, 1500, 988, 1500, 988, 988, 988, 988, 1001, 1001, 1001, 1001, 1500, 1500, 1500, 1500]
14H:33M:01S ACC:  [-17, -4, 513]
14H:33M:01S GYR:  [1, 0, 0]
14H:33M:01S ATT:  [-0.4, 1.9, 333]
14H:33M:01S VOL:  16.01
[1500, 1500, 988, 1500, 988, 988, 988, 988, 1001, 1001, 1001, 1001, 1500, 1500, 1500, 1500]
14H:33M:01S ALT:  0.34
[1500, 1500, 988, 1500, 988, 988, 988, 988, 1001, 1001, 1001, 1001, 1500, 1500, 1500, 1500]
[1500, 1500, 988, 1500, 988, 988, 988, 988, 1001, 1001, 1001, 1001, 1500, 1500, 1500, 1500]
[1500, 1500, 988, 1500, 988, 988, 988, 988, 1001, 1001, 1001, 1001, 1500, 1500, 1500, 1500]
[1500, 1500, 988, 1500, 988, 988, 988, 988, 1001, 1001, 1001, 1001, 1500, 1500, 1500, 1500]
[1500, 1500, 988, 1500, 988, 988, 988, 988, 1001, 1001, 1001, 1001, 1500, 1500, 1500, 1500]
[1500, 1500, 988, 1500, 988, 988, 988, 988, 1001, 1001, 1001, 1001, 1500, 1500, 1500, 1500]
14H:33M:01S ACC:  [-17, -4, 513]
14H:33M:01S GYR:  [-1, 3, 0]
14H:33M:01S ATT:  [-0.4, 1.9, 333]
14H:33M:01S VOL:  16.01
[1500, 1500, 988, 1500, 988, 988, 988, 988, 1001, 1001, 1001, 1001, 1500, 1500, 1500, 1500]
[1500, 1500, 988, 1500, 988, 988, 988, 988, 1001, 1001, 1001, 1001, 1500, 1500, 1500, 1500]
[1500, 1500, 988, 1500, 988, 988, 988, 988, 1001, 1001, 1001, 1001, 1500, 1500, 1500, 1500]
14H:33M:01S ALT:  0.34
[1500, 1500, 988, 1500, 988, 988, 988, 988, 1001, 1001, 1001, 1001, 1500, 1500, 1500, 1500]
[1500, 1500, 988, 1500, 988, 988, 988, 988, 1001, 1001, 1001, 1001, 1500, 1500, 1500, 1500]
[1500, 1500, 988, 1500, 988, 988, 988, 988, 1001, 1001, 1001, 1001, 1500, 1500, 1500, 1500]
[1500, 1500, 988, 1500, 988, 988, 988, 988, 1001, 1001, 1001, 1001, 1500, 1500, 1500, 1500]
[1500, 1500, 988, 1500, 988, 988, 988, 988, 1001, 1001, 1001, 1001, 1500, 1500, 1500, 1500]
[1500, 1500, 988, 1500, 988, 988, 988, 988, 1001, 1001, 1001, 1001, 1500, 1500, 1500, 1500]
[1500, 1500, 988, 1500, 988, 988, 988, 988, 1001, 1001, 1001, 1001, 1500, 1500, 1500, 1500]
14H:33M:01S ACC:  [-17, -4, 513]
14H:33M:01S GYR:  [2, 0, 3]
14H:33M:01S ATT:  [-0.4, 1.9, 333]
14H:33M:01S VOL:  16.02
[1500, 1500, 988, 1500, 988, 988, 988, 988, 1001, 1001, 1001, 1001, 1500, 1500, 1500, 1500]
[1500, 1500, 988, 1500, 988, 988, 988, 988, 1001, 1001, 1001, 1001, 1500, 1500, 1500, 1500]
[1500, 1500, 988, 1500, 988, 988, 988, 988, 1001, 1001, 1001, 1001, 1500, 1500, 1500, 1500]
14H:33M:01S ALT:  0.34
[1500, 1500, 988, 1500, 988, 988, 988, 988, 1001, 1001, 1001, 1001, 1500, 1500, 1500, 1500]
[1500, 1500, 988, 1500, 988, 988, 988, 988, 1001, 1001, 1001, 1001, 1500, 1500, 1500, 1500]
[1500, 1500, 988, 1500, 988, 988, 988, 988, 1001, 1001, 1001, 1001, 1500, 1500, 1500, 1500]
[1500, 1500, 988, 1500, 988, 988, 988, 988, 1001, 1001, 1001, 1001, 1500, 1500, 1500, 1500]
[1500, 1500, 988, 1500, 988, 988, 988, 988, 1001, 1001, 1001, 1001, 1500, 1500, 1500, 1500]
[1500, 1500, 988, 1500, 988, 988, 988, 988, 1001, 1001, 1001, 1001, 1500, 1500, 1500, 1500]
[1500, 1500, 988, 1500, 988, 988, 988, 988, 1001, 1001, 1001, 1001, 1500, 1500, 1500, 1500]
14H:33M:01S ACC:  [-17, -4, 513]
14H:33M:01S GYR:  [0, 3, 0]
14H:33M:01S ATT:  [-0.4, 1.9, 333]
14H:33M:01S VOL:  16.02
[1500, 1500, 988, 1500, 988, 988, 988, 988, 1001, 1001, 1001, 1001, 1500, 1500, 1500, 1500]
[1500, 1500, 988, 1500, 988, 988, 988, 988, 1001, 1001, 1001, 1001, 1500, 1500, 1500, 1500]
14H:33M:01S ALT:  0.34
[1500, 1500, 988, 1500, 988, 988, 988, 988, 1001, 1001, 1001, 1001, 1500, 1500, 1500, 1500]
[1500, 1500, 988, 1500, 988, 988, 988, 988, 1001, 1001, 1001, 1001, 1500, 1500, 1500, 1500]
[1500, 1500, 988, 1500, 988, 988, 988, 988, 1001, 1001, 1001, 1001, 1500, 1500, 1500, 1500]
[1500, 1500, 988, 1500, 988, 988, 988, 988, 1001, 1001, 1001, 1001, 1500, 1500, 1500, 1500]
[1500, 1500, 988, 1500, 988, 988, 988, 988, 1001, 1001, 1001, 1001, 1500, 1500, 1500, 1500]
[1500, 1500, 988, 1500, 988, 988, 988, 988, 1001, 1001, 1001, 1001, 1500, 1500, 1500, 1500]
[1500, 1500, 988, 1500, 988, 988, 988, 988, 1001, 1001, 1001, 1001, 1500, 1500, 1500, 1500]
14H:33M:01S ACC:  [-17, -4, 514]
14H:33M:01S GYR:  [0, 3, 3]
14H:33M:01S ATT:  [-0.4, 1.9, 333]
14H:33M:01S VOL:  16.02
[1500, 1500, 988, 1500, 988, 988, 988, 988, 1001, 1001, 1001, 1001, 1500, 1500, 1500, 1500]
[1500, 1500, 988, 1500, 988, 988, 988, 988, 1001, 1001, 1001, 1001, 1500, 1500, 1500, 1500]
[1500, 1500, 988, 1500, 988, 988, 988, 988, 1001, 1001, 1001, 1001, 1500, 1500, 1500, 1500]
14H:33M:01S ALT:  0.34
[1500, 1500, 988, 1500, 988, 988, 988, 988, 1001, 1001, 1001, 1001, 1500, 1500, 1500, 1500]
[1500, 1500, 988, 1500, 988, 988, 988, 988, 1001, 1001, 1001, 1001, 1500, 1500, 1500, 1500]
[1500, 1500, 988, 1500, 988, 988, 988, 988, 1001, 1001, 1001, 1001, 1500, 1500, 1500, 1500]
[1500, 1500, 988, 1500, 988, 988, 988, 988, 1001, 1001, 1001, 1001, 1500, 1500, 1500, 1500]
[1500, 1500, 988, 1500, 988, 988, 988, 988, 1001, 1001, 1001, 1001, 1500, 1500, 1500, 1500]
[1500, 1500, 988, 1500, 988, 988, 988, 988, 1001, 1001, 1001, 1001, 1500, 1500, 1500, 1500]
[1500, 1500, 988, 1500, 988, 988, 988, 988, 1001, 1001, 1001, 1001, 1500, 1500, 1500, 1500]
14H:33M:01S ACC:  [-17, -4, 513]
14H:33M:01S GYR:  [1, -1, 1]
14H:33M:01S ATT:  [-0.4, 1.9, 333]
14H:33M:01S VOL:  16.02
[1500, 1500, 988, 1500, 988, 988, 988, 988, 1001, 1001, 1001, 1001, 1500, 1500, 1500, 1500]
[1500, 1500, 988, 1500, 988, 988, 988, 988, 1001, 1001, 1001, 1001, 1500, 1500, 1500, 1500]
14H:33M:01S ALT:  0.34
[1500, 1500, 988, 1500, 988, 988, 988, 988, 1001, 1001, 1001, 1001, 1500, 1500, 1500, 1500]
[1500, 1500, 988, 1500, 988, 988, 988, 988, 1001, 1001, 1001, 1001, 1500, 1500, 1500, 1500]
[1500, 1500, 988, 1500, 988, 988, 988, 988, 1001, 1001, 1001, 1001, 1500, 1500, 1500, 1500]
[1500, 1500, 988, 1500, 988, 988, 988, 988, 1001, 1001, 1001, 1001, 1500, 1500, 1500, 1500]
[1500, 1500, 988, 1500, 988, 988, 988, 988, 1001, 1001, 1001, 1001, 1500, 1500, 1500, 1500]
[1500, 1500, 988, 1500, 988, 988, 988, 988, 1001, 1001, 1001, 1001, 1500, 1500, 1500, 1500]
14H:33M:01S ACC:  [-17, -3, 513]
14H:33M:01S GYR:  [0, 1, 0]
14H:33M:01S ATT:  [-0.4, 1.9, 333]
14H:33M:01S VOL:  16.01
[1500, 1500, 988, 1500, 988, 988, 988, 988, 1001, 1001, 1001, 1001, 1500, 1500, 1500, 1500]
[1500, 1500, 988, 1500, 988, 988, 988, 988, 1001, 1001, 1001, 1001, 1500, 1500, 1500, 1500]
[1500, 1500, 988, 1500, 988, 988, 988, 988, 1001, 1001, 1001, 1001, 1500, 1500, 1500, 1500]
14H:33M:01S ALT:  0.34
[1500, 1500, 988, 1500, 988, 988, 988, 988, 1001, 1001, 1001, 1001, 1500, 1500, 1500, 1500]
[1500, 1500, 988, 1500, 988, 988, 988, 988, 1001, 1001, 1001, 1001, 1500, 1500, 1500, 1500]
[1500, 1500, 988, 1500, 988, 988, 988, 988, 1001, 1001, 1001, 1001, 1500, 1500, 1500, 1500]
[1500, 1500, 988, 1500, 988, 988, 988, 988, 1001, 1001, 1001, 1001, 1500, 1500, 1500, 1500]
[1500, 1500, 988, 1500, 988, 988, 988, 988, 1001, 1001, 1001, 1001, 1500, 1500, 1500, 1500]
[1500, 1500, 988, 1500, 988, 988, 988, 988, 1001, 1001, 1001, 1001, 1500, 1500, 1500, 1500]
[1500, 1500, 988, 1500, 988, 988, 988, 988, 1001, 1001, 1001, 1001, 1500, 1500, 1500, 1500]
14H:33M:01S ACC:  [-17, -3, 513]
14H:33M:01S GYR:  [0, -2, 3]
14H:33M:01S ATT:  [-0.4, 1.9, 333]
14H:33M:01S VOL:  16.01
[1500, 1500, 988, 1500, 988, 988, 988, 988, 1001, 1001, 1001, 1001, 1500, 1500, 1500, 1500]
[1500, 1500, 988, 1500, 988, 988, 988, 988, 1001, 1001, 1001, 1001, 1500, 1500, 1500, 1500]
[1500, 1500, 988, 1500, 988, 988, 988, 988, 1001, 1001, 1001, 1001, 1500, 1500, 1500, 1500]
14H:33M:01S ALT:  0.34
[1500, 1500, 988, 1500, 988, 988, 988, 988, 1001, 1001, 1001, 1001, 1500, 1500, 1500, 1500]
14H:33M:01S ACC:  [-17, -3, 513]
14H:33M:01S GYR:  [1, 1, 3]
14H:33M:01S ATT:  [-0.4, 1.9, 333]
14H:33M:01S VOL:  16.01
[1500, 1500, 988, 1500, 988, 988, 988, 988, 1001, 1001, 1001, 1001, 1500, 1500, 1500, 1500]
14H:33M:02S ALT:  0.34
[1500, 1500, 988, 1500, 988, 988, 988, 988, 1001, 1001, 1001, 1001, 1500, 1500, 1500, 1500]
[1500, 1500, 988, 1500, 988, 988, 988, 988, 1001, 1001, 1001, 1001, 1500, 1500, 1500, 1500]
14H:33M:02S ACC:  [-17, -4, 513]
14H:33M:02S GYR:  [0, 1, 2]
14H:33M:02S ATT:  [-0.4, 1.9, 333]
14H:33M:02S VOL:  16.01
[1500, 1500, 988, 1500, 988, 988, 988, 988, 1001, 1001, 1001, 1001, 1500, 1500, 1500, 1500]
14H:33M:02S ALT:  0.34
[1500, 1500, 988, 1500, 988, 988, 988, 988, 1001, 1001, 1001, 1001, 1500, 1500, 1500, 1500]
[1500, 1500, 988, 1500, 988, 988, 988, 988, 1001, 1001, 1001, 1001, 1500, 1500, 1500, 1500]
14H:33M:02S ACC:  [-17, -4, 514]
14H:33M:02S GYR:  [0, -3, 0]
14H:33M:02S ATT:  [-0.4, 1.9, 333]
14H:33M:02S VOL:  16.01
[1500, 1500, 988, 1500, 988, 988, 988, 988, 1001, 1001, 1001, 1001, 1500, 1500, 1500, 1500]
14H:33M:02S ALT:  0.34
[1500, 1500, 988, 1500, 988, 988, 988, 988, 1001, 1001, 1001, 1001, 1500, 1500, 1500, 1500]
[1500, 1500, 988, 1500, 988, 988, 988, 988, 1001, 1001, 1001, 1001, 1500, 1500, 1500, 1500]
[1500, 1500, 988, 1500, 988, 988, 988, 988, 1001, 1001, 1001, 1001, 1500, 1500, 1500, 1500]
14H:33M:02S ACC:  [-17, -3, 513]
14H:33M:02S GYR:  [-1, -2, 2]
14H:33M:02S ATT:  [-0.4, 1.9, 333]
14H:33M:02S VOL:  16.01
[1500, 1500, 988, 1500, 988, 988, 988, 988, 1001, 1001, 1001, 1001, 1500, 1500, 1500, 1500]
14H:33M:02S ALT:  0.34
[1500, 1500, 988, 1500, 988, 988, 988, 988, 1001, 1001, 1001, 1001, 1500, 1500, 1500, 1500]
[1500, 1500, 988, 1500, 988, 988, 988, 988, 1001, 1001, 1001, 1001, 1500, 1500, 1500, 1500]
[1500, 1500, 988, 1500, 988, 988, 988, 988, 1001, 1001, 1001, 1001, 1500, 1500, 1500, 1500]
[1500, 1500, 988, 1500, 988, 988, 988, 988, 1001, 1001, 1001, 1001, 1500, 1500, 1500, 1500]
[1500, 1500, 988, 1500, 988, 988, 988, 988, 1001, 1001, 1001, 1001, 1500, 1500, 1500, 1500]
[1500, 1500, 988, 1500, 988, 988, 988, 988, 1001, 1001, 1001, 1001, 1500, 1500, 1500, 1500]
14H:33M:02S ACC:  [-17, -4, 513]
14H:33M:02S GYR:  [-1, 0, 0]
14H:33M:02S ATT:  [-0.4, 1.9, 333]
14H:33M:02S VOL:  16.01
[1500, 1500, 988, 1500, 988, 988, 988, 988, 1001, 1001, 1001, 1001, 1500, 1500, 1500, 1500]
[1500, 1500, 988, 1500, 988, 988, 988, 988, 1001, 1001, 1001, 1001, 1500, 1500, 1500, 1500]
[1500, 1500, 988, 1500, 988, 988, 988, 988, 1001, 1001, 1001, 1001, 1500, 1500, 1500, 1500]
14H:33M:02S ALT:  0.34
[1500, 1500, 988, 1500, 988, 988, 988, 988, 1001, 1001, 1001, 1001, 1500, 1500, 1500, 1500]
[1500, 1500, 988, 1500, 988, 988, 988, 988, 1001, 1001, 1001, 1001, 1500, 1500, 1500, 1500]
[1500, 1500, 988, 1500, 988, 988, 988, 988, 1001, 1001, 1001, 1001, 1500, 1500, 1500, 1500]
[1500, 1500, 988, 1500, 988, 988, 988, 988, 1001, 1001, 1001, 1001, 1500, 1500, 1500, 1500]
[1500, 1500, 988, 1500, 988, 988, 988, 988, 1001, 1001, 1001, 1001, 1500, 1500, 1500, 1500]
[1500, 1500, 988, 1500, 988, 988, 988, 988, 1001, 1001, 1001, 1001, 1500, 1500, 1500, 1500]
[1500, 1500, 988, 1500, 988, 988, 988, 988, 1001, 1001, 1001, 1001, 1500, 1500, 1500, 1500]
14H:33M:02S ACC:  [-17, -4, 513]
14H:33M:02S GYR:  [1, 2, 3]
14H:33M:02S ATT:  [-0.4, 1.9, 333]
14H:33M:02S VOL:  16.01
[1500, 1500, 988, 1500, 988, 988, 988, 988, 1001, 1001, 1001, 1001, 1500, 1500, 1500, 1500]
[1500, 1500, 988, 1500, 988, 988, 988, 988, 1001, 1001, 1001, 1001, 1500, 1500, 1500, 1500]
[1500, 1500, 988, 1500, 988, 988, 988, 988, 1001, 1001, 1001, 1001, 1500, 1500, 1500, 1500]
[1500, 1500, 988, 1500, 988, 988, 988, 988, 1001, 1001, 1001, 1001, 1500, 1500, 1500, 1500]
[1500, 1500, 988, 1500, 988, 988, 988, 988, 1001, 1001, 1001, 1001, 1500, 1500, 1500, 1500]
14H:33M:02S ALT:  0.34
[1500, 1500, 988, 1500, 988, 988, 988, 988, 1001, 1001, 1001, 1001, 1500, 1500, 1500, 1500]
[1500, 1500, 988, 1500, 988, 988, 988, 988, 1001, 1001, 1001, 1001, 1500, 1500, 1500, 1500]
[1500, 1500, 988, 1500, 988, 988, 988, 988, 1001, 1001, 1001, 1001, 1500, 1500, 1500, 1500]
[1500, 1500, 988, 1500, 988, 988, 988, 988, 1001, 1001, 1001, 1001, 1500, 1500, 1500, 1500]
[1500, 1500, 988, 1500, 988, 988, 988, 988, 1001, 1001, 1001, 1001, 1500, 1500, 1500, 1500]
[1500, 1500, 988, 1500, 988, 988, 988, 988, 1001, 1001, 1001, 1001, 1500, 1500, 1500, 1500]
[1500, 1500, 988, 1500, 988, 988, 988, 988, 1001, 1001, 1001, 1001, 1500, 1500, 1500, 1500]
14H:33M:02S ACC:  [-17, -3, 513]
14H:33M:02S GYR:  [-1, 0, 1]
14H:33M:02S ATT:  [-0.4, 1.9, 333]
14H:33M:02S VOL:  16.01
[1500, 1500, 988, 1500, 988, 988, 988, 988, 1001, 1001, 1001, 1001, 1500, 1500, 1500, 1500]
[1500, 1500, 988, 1500, 988, 988, 988, 988, 1001, 1001, 1001, 1001, 1500, 1500, 1500, 1500]
14H:33M:02S ALT:  0.34
[1500, 1500, 988, 1500, 988, 988, 988, 988, 1001, 1001, 1001, 1001, 1500, 1500, 1500, 1500]
[1500, 1500, 988, 1500, 988, 988, 988, 988, 1001, 1001, 1001, 1001, 1500, 1500, 1500, 1500]
[1500, 1500, 988, 1500, 988, 988, 988, 988, 1001, 1001, 1001, 1001, 1500, 1500, 1500, 1500]
[1500, 1500, 988, 1500, 988, 988, 988, 988, 1001, 1001, 1001, 1001, 1500, 1500, 1500, 1500]
[1500, 1500, 988, 1500, 988, 988, 988, 988, 1001, 1001, 1001, 1001, 1500, 1500, 1500, 1500]
[1500, 1500, 988, 1500, 988, 988, 988, 988, 1001, 1001, 1001, 1001, 1500, 1500, 1500, 1500]
[1500, 1500, 988, 1500, 988, 988, 988, 988, 1001, 1001, 1001, 1001, 1500, 1500, 1500, 1500]
14H:33M:02S ACC:  [-17, -3, 514]
14H:33M:02S GYR:  [-1, 0, 0]
14H:33M:02S ATT:  [-0.4, 1.9, 333]
14H:33M:02S VOL:  16.01
[1500, 1500, 988, 1500, 988, 988, 988, 988, 1001, 1001, 1001, 1001, 1500, 1500, 1500, 1500]
[1500, 1500, 988, 1500, 988, 988, 988, 988, 1001, 1001, 1001, 1001, 1500, 1500, 1500, 1500]
[1500, 1500, 988, 1500, 988, 988, 988, 988, 1001, 1001, 1001, 1001, 1500, 1500, 1500, 1500]
14H:33M:02S ALT:  0.34
[1500, 1500, 988, 1500, 988, 988, 988, 988, 1001, 1001, 1001, 1001, 1500, 1500, 1500, 1500]
[1500, 1500, 988, 1500, 988, 988, 988, 988, 1001, 1001, 1001, 1001, 1500, 1500, 1500, 1500]
[1500, 1500, 988, 1500, 988, 988, 988, 988, 1001, 1001, 1001, 1001, 1500, 1500, 1500, 1500]
[1500, 1500, 988, 1500, 988, 988, 988, 988, 1001, 1001, 1001, 1001, 1500, 1500, 1500, 1500]
[1500, 1500, 988, 1500, 988, 988, 988, 988, 1001, 1001, 1001, 1001, 1500, 1500, 1500, 1500]
[1500, 1500, 988, 1500, 988, 988, 988, 988, 1001, 1001, 1001, 1001, 1500, 1500, 1500, 1500]
[1500, 1500, 988, 1500, 988, 988, 988, 988, 1001, 1001, 1001, 1001, 1500, 1500, 1500, 1500]
14H:33M:02S ACC:  [-17, -3, 514]
14H:33M:02S GYR:  [2, -2, -1]
14H:33M:02S ATT:  [-0.4, 1.9, 333]
14H:33M:02S VOL:  16.0
[1500, 1500, 988, 1500, 988, 988, 988, 988, 1001, 1001, 1001, 1001, 1500, 1500, 1500, 1500]
[1500, 1500, 988, 1500, 988, 988, 988, 988, 1001, 1001, 1001, 1001, 1500, 1500, 1500, 1500]
14H:33M:02S ALT:  0.34
[1500, 1500, 988, 1500, 988, 988, 988, 988, 1001, 1001, 1001, 1001, 1500, 1500, 1500, 1500]
[1500, 1500, 988, 1500, 988, 988, 988, 988, 1001, 1001, 1001, 1001, 1500, 1500, 1500, 1500]
[1500, 1500, 988, 1500, 988, 988, 988, 988, 1001, 1001, 1001, 1001, 1500, 1500, 1500, 1500]
[1500, 1500, 988, 1500, 988, 988, 988, 988, 1001, 1001, 1001, 1001, 1500, 1500, 1500, 1500]
[1500, 1500, 988, 1500, 988, 988, 988, 988, 1001, 1001, 1001, 1001, 1500, 1500, 1500, 1500]
[1500, 1500, 988, 1500, 988, 988, 988, 988, 1001, 1001, 1001, 1001, 1500, 1500, 1500, 1500]
[1500, 1500, 988, 1500, 988, 988, 988, 988, 1001, 1001, 1001, 1001, 1500, 1500, 1500, 1500]
14H:33M:02S ACC:  [-17, -4, 513]
14H:33M:02S GYR:  [-3, 1, -1]
14H:33M:02S ATT:  [-0.4, 1.9, 333]
14H:33M:02S VOL:  16.0
[1500, 1500, 988, 1500, 988, 988, 988, 988, 1001, 1001, 1001, 1001, 1500, 1500, 1500, 1500]
[1500, 1500, 988, 1500, 988, 988, 988, 988, 1001, 1001, 1001, 1001, 1500, 1500, 1500, 1500]
[1500, 1500, 988, 1500, 988, 988, 988, 988, 1001, 1001, 1001, 1001, 1500, 1500, 1500, 1500]
14H:33M:02S ALT:  0.34
[1500, 1500, 988, 1500, 988, 988, 988, 988, 1001, 1001, 1001, 1001, 1500, 1500, 1500, 1500]
[1500, 1500, 988, 1500, 988, 988, 988, 988, 1001, 1001, 1001, 1001, 1500, 1500, 1500, 1500]
[1500, 1500, 988, 1500, 988, 988, 988, 988, 1001, 1001, 1001, 1001, 1500, 1500, 1500, 1500]
[1500, 1500, 988, 1500, 988, 988, 988, 988, 1001, 1001, 1001, 1001, 1500, 1500, 1500, 1500]
[1500, 1500, 988, 1500, 988, 988, 988, 988, 1001, 1001, 1001, 1001, 1500, 1500, 1500, 1500]
[1500, 1500, 988, 1500, 988, 988, 988, 988, 1001, 1001, 1001, 1001, 1500, 1500, 1500, 1500]
[1500, 1500, 988, 1500, 988, 988, 988, 988, 1001, 1001, 1001, 1001, 1500, 1500, 1500, 1500]
14H:33M:02S ACC:  [-17, -4, 514]
14H:33M:02S GYR:  [-1, -1, 1]
14H:33M:02S ATT:  [-0.4, 1.9, 333]
14H:33M:02S VOL:  16.0
[1500, 1500, 988, 1500, 988, 988, 988, 988, 1001, 1001, 1001, 1001, 1500, 1500, 1500, 1500]
[1500, 1500, 988, 1500, 988, 988, 988, 988, 1001, 1001, 1001, 1001, 1500, 1500, 1500, 1500]
[1500, 1500, 988, 1500, 988, 988, 988, 988, 1001, 1001, 1001, 1001, 1500, 1500, 1500, 1500]
14H:33M:02S ALT:  0.34
[1500, 1500, 988, 1500, 988, 988, 988, 988, 1001, 1001, 1001, 1001, 1500, 1500, 1500, 1500]
[1500, 1500, 988, 1500, 988, 988, 988, 988, 1001, 1001, 1001, 1001, 1500, 1500, 1500, 1500]
[1500, 1500, 988, 1500, 988, 988, 988, 988, 1001, 1001, 1001, 1001, 1500, 1500, 1500, 1500]
[1500, 1500, 988, 1500, 988, 988, 988, 988, 1001, 1001, 1001, 1001, 1500, 1500, 1500, 1500]
[1500, 1500, 988, 1500, 988, 988, 988, 988, 1001, 1001, 1001, 1001, 1500, 1500, 1500, 1500]
[1500, 1500, 988, 1500, 988, 988, 988, 988, 1001, 1001, 1001, 1001, 1500, 1500, 1500, 1500]
[1500, 1500, 988, 1500, 988, 988, 988, 988, 1001, 1001, 1001, 1001, 1500, 1500, 1500, 1500]
14H:33M:02S ACC:  [-17, -4, 514]
14H:33M:02S GYR:  [-1, -2, 1]
14H:33M:02S ATT:  [-0.4, 1.9, 333]
14H:33M:02S VOL:  16.01
[1500, 1500, 988, 1500, 988, 988, 988, 988, 1001, 1001, 1001, 1001, 1500, 1500, 1500, 1500]
[1500, 1500, 988, 1500, 988, 988, 988, 988, 1001, 1001, 1001, 1001, 1500, 1500, 1500, 1500]
14H:33M:02S ALT:  0.34
[1500, 1500, 988, 1500, 988, 988, 988, 988, 1001, 1001, 1001, 1001, 1500, 1500, 1500, 1500]
[1500, 1500, 988, 1500, 988, 988, 988, 988, 1001, 1001, 1001, 1001, 1500, 1500, 1500, 1500]
[1500, 1500, 988, 1500, 988, 988, 988, 988, 1001, 1001, 1001, 1001, 1500, 1500, 1500, 1500]
[1500, 1500, 988, 1500, 988, 988, 988, 988, 1001, 1001, 1001, 1001, 1500, 1500, 1500, 1500]
[1500, 1500, 988, 1500, 988, 988, 988, 988, 1001, 1001, 1001, 1001, 1500, 1500, 1500, 1500]
[1500, 1500, 988, 1500, 988, 988, 988, 988, 1001, 1001, 1001, 1001, 1500, 1500, 1500, 1500]
[1500, 1500, 988, 1500, 988, 988, 988, 988, 1001, 1001, 1001, 1001, 1500, 1500, 1500, 1500]
14H:33M:02S ACC:  [-17, -4, 514]
14H:33M:02S GYR:  [0, 1, 1]
14H:33M:02S ATT:  [-0.4, 1.9, 333]
14H:33M:02S VOL:  16.0
[1500, 1500, 988, 1500, 988, 988, 988, 988, 1001, 1001, 1001, 1001, 1500, 1500, 1500, 1500]
[1500, 1500, 988, 1500, 988, 988, 988, 988, 1001, 1001, 1001, 1001, 1500, 1500, 1500, 1500]
[1500, 1500, 988, 1500, 988, 988, 988, 988, 1001, 1001, 1001, 1001, 1500, 1500, 1500, 1500]
14H:33M:02S ALT:  0.34
[1500, 1500, 988, 1500, 988, 988, 988, 988, 1001, 1001, 1001, 1001, 1500, 1500, 1500, 1500]
[1500, 1500, 988, 1500, 988, 988, 988, 988, 1001, 1001, 1001, 1001, 1500, 1500, 1500, 1500]
[1500, 1500, 988, 1500, 988, 988, 988, 988, 1001, 1001, 1001, 1001, 1500, 1500, 1500, 1500]
[1500, 1500, 988, 1500, 988, 988, 988, 988, 1001, 1001, 1001, 1001, 1500, 1500, 1500, 1500]
[1500, 1500, 988, 1500, 988, 988, 988, 988, 1001, 1001, 1001, 1001, 1500, 1500, 1500, 1500]
[1500, 1500, 988, 1500, 988, 988, 988, 988, 1001, 1001, 1001, 1001, 1500, 1500, 1500, 1500]
[1500, 1500, 988, 1500, 988, 988, 988, 988, 1001, 1001, 1001, 1001, 1500, 1500, 1500, 1500]
14H:33M:02S ACC:  [-17, -4, 513]
14H:33M:02S GYR:  [0, -2, 1]
14H:33M:02S ATT:  [-0.4, 1.9, 333]
14H:33M:02S VOL:  16.0
[1500, 1500, 988, 1500, 988, 988, 988, 988, 1001, 1001, 1001, 1001, 1500, 1500, 1500, 1500]
[1500, 1500, 988, 1500, 988, 988, 988, 988, 1001, 1001, 1001, 1001, 1500, 1500, 1500, 1500]
[1500, 1500, 988, 1500, 988, 988, 988, 988, 1001, 1001, 1001, 1001, 1500, 1500, 1500, 1500]
14H:33M:02S ALT:  0.34
[1500, 1500, 988, 1500, 988, 988, 988, 988, 1001, 1001, 1001, 1001, 1500, 1500, 1500, 1500]
[1500, 1500, 988, 1500, 988, 988, 988, 988, 1001, 1001, 1001, 1001, 1500, 1500, 1500, 1500]
[1500, 1500, 988, 1500, 988, 988, 988, 988, 1001, 1001, 1001, 1001, 1500, 1500, 1500, 1500]
[1500, 1500, 988, 1500, 988, 988, 988, 988, 1001, 1001, 1001, 1001, 1500, 1500, 1500, 1500]
[1500, 1500, 988, 1500, 988, 988, 988, 988, 1001, 1001, 1001, 1001, 1500, 1500, 1500, 1500]
[1500, 1500, 988, 1500, 988, 988, 988, 988, 1001, 1001, 1001, 1001, 1500, 1500, 1500, 1500]
14H:33M:02S ACC:  [-17, -4, 514]
14H:33M:02S GYR:  [1, -1, -1]
14H:33M:02S ATT:  [-0.4, 1.9, 333]
14H:33M:02S VOL:  16.0
[1500, 1500, 988, 1500, 988, 988, 988, 988, 1001, 1001, 1001, 1001, 1500, 1500, 1500, 1500]
[1500, 1500, 988, 1500, 988, 988, 988, 988, 1001, 1001, 1001, 1001, 1500, 1500, 1500, 1500]
[1500, 1500, 988, 1500, 988, 988, 988, 988, 1001, 1001, 1001, 1001, 1500, 1500, 1500, 1500]
14H:33M:02S ALT:  0.34
[1500, 1500, 988, 1500, 988, 988, 988, 988, 1001, 1001, 1001, 1001, 1500, 1500, 1500, 1500]
[1500, 1500, 988, 1500, 988, 988, 988, 988, 1001, 1001, 1001, 1001, 1500, 1500, 1500, 1500]
[1500, 1500, 988, 1500, 988, 988, 988, 988, 1001, 1001, 1001, 1001, 1500, 1500, 1500, 1500]
[1500, 1500, 988, 1500, 988, 988, 988, 988, 1001, 1001, 1001, 1001, 1500, 1500, 1500, 1500]
[1500, 1500, 988, 1500, 988, 988, 988, 988, 1001, 1001, 1001, 1001, 1500, 1500, 1500, 1500]
[1500, 1500, 988, 1500, 988, 988, 988, 988, 1001, 1001, 1001, 1001, 1500, 1500, 1500, 1500]
[1500, 1500, 988, 1500, 988, 988, 988, 988, 1001, 1001, 1001, 1001, 1500, 1500, 1500, 1500]
14H:33M:02S ACC:  [-17, -4, 513]
14H:33M:02S GYR:  [1, 0, 1]
14H:33M:02S ATT:  [-0.4, 1.9, 333]
14H:33M:02S VOL:  16.0
[1500, 1500, 988, 1500, 988, 988, 988, 988, 1001, 1001, 1001, 1001, 1500, 1500, 1500, 1500]
[1500, 1500, 988, 1500, 988, 988, 988, 988, 1001, 1001, 1001, 1001, 1500, 1500, 1500, 1500]
[1500, 1500, 988, 1500, 988, 988, 988, 988, 1001, 1001, 1001, 1001, 1500, 1500, 1500, 1500]
14H:33M:03S ALT:  0.34
[1500, 1500, 988, 1500, 988, 988, 988, 988, 1001, 1001, 1001, 1001, 1500, 1500, 1500, 1500]
[1500, 1500, 988, 1500, 988, 988, 988, 988, 1001, 1001, 1001, 1001, 1500, 1500, 1500, 1500]
[1500, 1500, 988, 1500, 988, 988, 988, 988, 1001, 1001, 1001, 1001, 1500, 1500, 1500, 1500]
[1500, 1500, 988, 1500, 988, 988, 988, 988, 1001, 1001, 1001, 1001, 1500, 1500, 1500, 1500]
[1500, 1500, 988, 1500, 988, 988, 988, 988, 1001, 1001, 1001, 1001, 1500, 1500, 1500, 1500]
[1500, 1500, 988, 1500, 988, 988, 988, 988, 1001, 1001, 1001, 1001, 1500, 1500, 1500, 1500]
[1500, 1500, 988, 1500, 988, 988, 988, 988, 1001, 1001, 1001, 1001, 1500, 1500, 1500, 1500]
14H:33M:03S ACC:  [-17, -4, 514]
14H:33M:03S GYR:  [2, 0, 2]
14H:33M:03S ATT:  [-0.4, 1.9, 333]
14H:33M:03S VOL:  16.0
[1500, 1500, 988, 1500, 988, 988, 988, 988, 1001, 1001, 1001, 1001, 1500, 1500, 1500, 1500]
[1500, 1500, 988, 1500, 988, 988, 988, 988, 1001, 1001, 1001, 1001, 1500, 1500, 1500, 1500]
14H:33M:03S ALT:  0.34
[1500, 1500, 988, 1500, 988, 988, 988, 988, 1001, 1001, 1001, 1001, 1500, 1500, 1500, 1500]
[1500, 1500, 988, 1500, 988, 988, 988, 988, 1001, 1001, 1001, 1001, 1500, 1500, 1500, 1500]
[1500, 1500, 988, 1500, 988, 988, 988, 988, 1001, 1001, 1001, 1001, 1500, 1500, 1500, 1500]
[1500, 1500, 988, 1500, 988, 988, 988, 988, 1001, 1001, 1001, 1001, 1500, 1500, 1500, 1500]
[1500, 1500, 988, 1500, 988, 988, 988, 988, 1001, 1001, 1001, 1001, 1500, 1500, 1500, 1500]
[1500, 1500, 988, 1500, 988, 988, 988, 988, 1001, 1001, 1001, 1001, 1500, 1500, 1500, 1500]
[1500, 1500, 988, 1500, 988, 988, 988, 988, 1001, 1001, 1001, 1001, 1500, 1500, 1500, 1500]
14H:33M:03S ACC:  [-17, -4, 514]
14H:33M:03S GYR:  [2, -3, -1]
14H:33M:03S ATT:  [-0.4, 1.9, 333]
14H:33M:03S VOL:  16.01
[1500, 1500, 988, 1500, 988, 988, 988, 988, 1001, 1001, 1001, 1001, 1500, 1500, 1500, 1500]
[1500, 1500, 988, 1500, 988, 988, 988, 988, 1001, 1001, 1001, 1001, 1500, 1500, 1500, 1500]
[1500, 1500, 988, 1500, 988, 988, 988, 988, 1001, 1001, 1001, 1001, 1500, 1500, 1500, 1500]
14H:33M:03S ALT:  0.34
[1500, 1500, 988, 1500, 988, 988, 988, 988, 1001, 1001, 1001, 1001, 1500, 1500, 1500, 1500]
[1500, 1500, 988, 1500, 988, 988, 988, 988, 1001, 1001, 1001, 1001, 1500, 1500, 1500, 1500]
[1500, 1500, 988, 1500, 988, 988, 988, 988, 1001, 1001, 1001, 1001, 1500, 1500, 1500, 1500]
[1500, 1500, 988, 1500, 988, 988, 988, 988, 1001, 1001, 1001, 1001, 1500, 1500, 1500, 1500]
[1500, 1500, 988, 1500, 988, 988, 988, 988, 1001, 1001, 1001, 1001, 1500, 1500, 1500, 1500]
[1500, 1500, 988, 1500, 988, 988, 988, 988, 1001, 1001, 1001, 1001, 1500, 1500, 1500, 1500]
[1500, 1500, 988, 1500, 988, 988, 988, 988, 1001, 1001, 1001, 1001, 1500, 1500, 1500, 1500]
14H:33M:03S ACC:  [-17, -4, 514]
14H:33M:03S GYR:  [0, 0, 1]
14H:33M:03S ATT:  [-0.4, 1.9, 333]
14H:33M:03S VOL:  16.01
[1500, 1500, 988, 1500, 988, 988, 988, 988, 1001, 1001, 1001, 1001, 1500, 1500, 1500, 1500]
[1500, 1500, 988, 1500, 988, 988, 988, 988, 1001, 1001, 1001, 1001, 1500, 1500, 1500, 1500]
[1500, 1500, 988, 1500, 988, 988, 988, 988, 1001, 1001, 1001, 1001, 1500, 1500, 1500, 1500]
14H:33M:03S ALT:  0.29
[1500, 1500, 988, 1500, 988, 988, 988, 988, 1001, 1001, 1001, 1001, 1500, 1500, 1500, 1500]
[1500, 1500, 988, 1500, 988, 988, 988, 988, 1001, 1001, 1001, 1001, 1500, 1500, 1500, 1500]
[1500, 1500, 988, 1500, 988, 988, 988, 988, 1001, 1001, 1001, 1001, 1500, 1500, 1500, 1500]
[1500, 1500, 988, 1500, 988, 988, 988, 988, 1001, 1001, 1001, 1001, 1500, 1500, 1500, 1500]
[1500, 1500, 988, 1500, 988, 988, 988, 988, 1001, 1001, 1001, 1001, 1500, 1500, 1500, 1500]
[1500, 1500, 988, 1500, 988, 988, 988, 988, 1001, 1001, 1001, 1001, 1500, 1500, 1500, 1500]
14H:33M:03S ACC:  [-17, -4, 514]
14H:33M:03S GYR:  [1, 2, 0]
14H:33M:03S ATT:  [-0.4, 1.9, 332]
14H:33M:03S VOL:  16.0
[1500, 1500, 988, 1500, 988, 988, 988, 988, 1001, 1001, 1001, 1001, 1500, 1500, 1500, 1500]
[1500, 1500, 988, 1500, 988, 988, 988, 988, 1001, 1001, 1001, 1001, 1500, 1500, 1500, 1500]
[1500, 1500, 988, 1500, 988, 988, 988, 988, 1001, 1001, 1001, 1001, 1500, 1500, 1500, 1500]
14H:33M:03S ALT:  0.27
[1500, 1500, 988, 1500, 988, 988, 988, 988, 1001, 1001, 1001, 1001, 1500, 1500, 1500, 1500]
[1500, 1500, 988, 1500, 988, 988, 988, 988, 1001, 1001, 1001, 1001, 1500, 1500, 1500, 1500]
[1500, 1500, 988, 1500, 988, 988, 988, 988, 1001, 1001, 1001, 1001, 1500, 1500, 1500, 1500]
[1500, 1500, 988, 1500, 988, 988, 988, 988, 1001, 1001, 1001, 1001, 1500, 1500, 1500, 1500]
[1500, 1500, 988, 1500, 988, 988, 988, 988, 1001, 1001, 1001, 1001, 1500, 1500, 1500, 1500]
[1500, 1500, 988, 1500, 988, 988, 988, 988, 1001, 1001, 1001, 1001, 1500, 1500, 1500, 1500]
[1500, 1500, 988, 1500, 988, 988, 988, 988, 1001, 1001, 1001, 1001, 1500, 1500, 1500, 1500]
14H:33M:03S ACC:  [-17, -4, 514]
14H:33M:03S GYR:  [2, 0, 2]
14H:33M:03S ATT:  [-0.4, 1.9, 332]
14H:33M:03S VOL:  16.0
[1500, 1500, 988, 1500, 988, 988, 988, 988, 1001, 1001, 1001, 1001, 1500, 1500, 1500, 1500]
[1500, 1500, 988, 1500, 988, 988, 988, 988, 1001, 1001, 1001, 1001, 1500, 1500, 1500, 1500]
[1500, 1500, 988, 1500, 988, 988, 988, 988, 1001, 1001, 1001, 1001, 1500, 1500, 1500, 1500]
14H:33M:03S ALT:  0.27
[1500, 1500, 988, 1500, 988, 988, 988, 988, 1001, 1001, 1001, 1001, 1500, 1500, 1500, 1500]
[1500, 1500, 988, 1500, 988, 988, 988, 988, 1001, 1001, 1001, 1001, 1500, 1500, 1500, 1500]
[1500, 1500, 988, 1500, 988, 988, 988, 988, 1001, 1001, 1001, 1001, 1500, 1500, 1500, 1500]
[1500, 1500, 988, 1500, 988, 988, 988, 988, 1001, 1001, 1001, 1001, 1500, 1500, 1500, 1500]
[1500, 1500, 988, 1500, 988, 988, 988, 988, 1001, 1001, 1001, 1001, 1500, 1500, 1500, 1500]
[1500, 1500, 988, 1500, 988, 988, 988, 988, 1001, 1001, 1001, 1001, 1500, 1500, 1500, 1500]
[1500, 1500, 988, 1500, 988, 988, 988, 988, 1001, 1001, 1001, 1001, 1500, 1500, 1500, 1500]
14H:33M:03S ACC:  [-17, -3, 514]
14H:33M:03S GYR:  [0, -2, 0]
14H:33M:03S ATT:  [-0.4, 1.9, 332]
14H:33M:03S VOL:  16.0
[1500, 1500, 988, 1500, 988, 988, 988, 988, 1001, 1001, 1001, 1001, 1500, 1500, 1500, 1500]
[1500, 1500, 988, 1500, 988, 988, 988, 988, 1001, 1001, 1001, 1001, 1500, 1500, 1500, 1500]
14H:33M:03S ALT:  0.27
[1500, 1500, 988, 1500, 988, 988, 988, 988, 1001, 1001, 1001, 1001, 1500, 1500, 1500, 1500]
[1500, 1500, 988, 1500, 988, 988, 988, 988, 1001, 1001, 1001, 1001, 1500, 1500, 1500, 1500]
[1500, 1500, 988, 1500, 988, 988, 988, 988, 1001, 1001, 1001, 1001, 1500, 1500, 1500, 1500]
[1500, 1500, 988, 1500, 988, 988, 988, 988, 1001, 1001, 1001, 1001, 1500, 1500, 1500, 1500]
[1500, 1500, 988, 1500, 988, 988, 988, 988, 1001, 1001, 1001, 1001, 1500, 1500, 1500, 1500]
[1500, 1500, 988, 1500, 988, 988, 988, 988, 1001, 1001, 1001, 1001, 1500, 1500, 1500, 1500]
14H:33M:03S ACC:  [-17, -4, 513]
14H:33M:03S GYR:  [0, -2, 3]
14H:33M:03S ATT:  [-0.4, 1.9, 332]
14H:33M:03S VOL:  16.0
[1500, 1500, 988, 1500, 988, 988, 988, 988, 1001, 1001, 1001, 1001, 1500, 1500, 1500, 1500]
[1500, 1500, 988, 1500, 988, 988, 988, 988, 1001, 1001, 1001, 1001, 1500, 1500, 1500, 1500]
[1500, 1500, 988, 1500, 988, 988, 988, 988, 1001, 1001, 1001, 1001, 1500, 1500, 1500, 1500]
14H:33M:03S ALT:  0.27
[1500, 1500, 988, 1500, 988, 988, 988, 988, 1001, 1001, 1001, 1001, 1500, 1500, 1500, 1500]
[1500, 1500, 988, 1500, 988, 988, 988, 988, 1001, 1001, 1001, 1001, 1500, 1500, 1500, 1500]
[1500, 1500, 988, 1500, 988, 988, 988, 988, 1001, 1001, 1001, 1001, 1500, 1500, 1500, 1500]
[1500, 1500, 988, 1500, 988, 988, 988, 988, 1001, 1001, 1001, 1001, 1500, 1500, 1500, 1500]
[1500, 1500, 988, 1500, 988, 988, 988, 988, 1001, 1001, 1001, 1001, 1500, 1500, 1500, 1500]
[1500, 1500, 988, 1500, 988, 988, 988, 988, 1001, 1001, 1001, 1001, 1500, 1500, 1500, 1500]
[1500, 1500, 988, 1500, 988, 988, 988, 988, 1001, 1001, 1001, 1001, 1500, 1500, 1500, 1500]
14H:33M:03S ACC:  [-17, -4, 513]
14H:33M:03S GYR:  [-1, -1, 2]
14H:33M:03S ATT:  [-0.4, 1.9, 332]
14H:33M:03S VOL:  16.01
[1500, 1500, 988, 1500, 988, 988, 988, 988, 1001, 1001, 1001, 1001, 1500, 1500, 1500, 1500]
[1500, 1500, 988, 1500, 988, 988, 988, 988, 1001, 1001, 1001, 1001, 1500, 1500, 1500, 1500]
[1500, 1500, 988, 1500, 988, 988, 988, 988, 1001, 1001, 1001, 1001, 1500, 1500, 1500, 1500]
14H:33M:03S ALT:  0.27
[1500, 1500, 988, 1500, 988, 988, 988, 988, 1001, 1001, 1001, 1001, 1500, 1500, 1500, 1500]
[1500, 1500, 988, 1500, 988, 988, 988, 988, 1001, 1001, 1001, 1001, 1500, 1500, 1500, 1500]
[1500, 1500, 988, 1500, 988, 988, 988, 988, 1001, 1001, 1001, 1001, 1500, 1500, 1500, 1500]
[1500, 1500, 988, 1500, 988, 988, 988, 988, 1001, 1001, 1001, 1001, 1500, 1500, 1500, 1500]
[1500, 1500, 988, 1500, 988, 988, 988, 988, 1001, 1001, 1001, 1001, 1500, 1500, 1500, 1500]
[1500, 1500, 988, 1500, 988, 988, 988, 988, 1001, 1001, 1001, 1001, 1500, 1500, 1500, 1500]
14H:33M:03S ACC:  [-17, -4, 514]
14H:33M:03S GYR:  [-1, -1, 0]
14H:33M:03S ATT:  [-0.4, 1.9, 332]
14H:33M:03S VOL:  16.0
[1500, 1500, 988, 1500, 988, 988, 988, 988, 1001, 1001, 1001, 1001, 1500, 1500, 1500, 1500]
[1500, 1500, 988, 1500, 988, 988, 988, 988, 1001, 1001, 1001, 1001, 1500, 1500, 1500, 1500]
[1500, 1500, 988, 1500, 988, 988, 988, 988, 1001, 1001, 1001, 1001, 1500, 1500, 1500, 1500]
14H:33M:03S ALT:  0.27
[1500, 1500, 988, 1500, 988, 988, 988, 988, 1001, 1001, 1001, 1001, 1500, 1500, 1500, 1500]
14H:33M:03S ACC:  [-17, -4, 513]
14H:33M:03S GYR:  [1, 0, 2]
14H:33M:03S ATT:  [-0.4, 1.9, 332]
14H:33M:03S VOL:  16.01
14H:33M:03S ALT:  0.27
[1500, 1500, 988, 1500, 988, 988, 988, 988, 1001, 1001, 1001, 1001, 1500, 1500, 1500, 1500]
[1500, 1500, 988, 1500, 988, 988, 988, 988, 1001, 1001, 1001, 1001, 1500, 1500, 1500, 1500]
14H:33M:03S ACC:  [-17, -4, 513]
14H:33M:03S GYR:  [-2, -1, 1]
14H:33M:03S ATT:  [-0.4, 1.9, 332]
14H:33M:03S VOL:  16.01
[1500, 1500, 988, 1500, 988, 988, 988, 988, 1001, 1001, 1001, 1001, 1500, 1500, 1500, 1500]
14H:33M:03S ALT:  0.27
[1500, 1500, 988, 1500, 988, 988, 988, 988, 1001, 1001, 1001, 1001, 1500, 1500, 1500, 1500]
[1500, 1500, 988, 1500, 988, 988, 988, 988, 1001, 1001, 1001, 1001, 1500, 1500, 1500, 1500]
14H:33M:03S ACC:  [-17, -4, 514]
14H:33M:03S GYR:  [1, 0, 1]
14H:33M:03S ATT:  [-0.4, 1.9, 332]
14H:33M:03S VOL:  16.01
[1500, 1500, 988, 1500, 988, 988, 988, 988, 1001, 1001, 1001, 1001, 1500, 1500, 1500, 1500]
14H:33M:03S ALT:  0.27
[1500, 1500, 988, 1500, 988, 988, 988, 988, 1001, 1001, 1001, 1001, 1500, 1500, 1500, 1500]
[1500, 1500, 988, 1500, 988, 988, 988, 988, 1001, 1001, 1001, 1001, 1500, 1500, 1500, 1500]
14H:33M:03S ACC:  [-17, -4, 513]
14H:33M:03S GYR:  [2, 0, 0]
14H:33M:03S ATT:  [-0.4, 1.9, 332]
14H:33M:03S VOL:  16.01
[1500, 1500, 988, 1500, 988, 988, 988, 988, 1001, 1001, 1001, 1001, 1500, 1500, 1500, 1500]
14H:33M:03S ALT:  0.27
[1500, 1500, 988, 1500, 988, 988, 988, 988, 1001, 1001, 1001, 1001, 1500, 1500, 1500, 1500]
[1500, 1500, 988, 1500, 988, 988, 988, 988, 1001, 1001, 1001, 1001, 1500, 1500, 1500, 1500]
14H:33M:03S ACC:  [-17, -4, 514]
14H:33M:03S GYR:  [0, 0, -1]
14H:33M:03S ATT:  [-0.4, 1.9, 332]
14H:33M:03S VOL:  16.01
14H:33M:03S ALT:  0.27
14H:33M:03S ACC:  [-17, -4, 513]
14H:33M:03S GYR:  [0, 0, -1]
14H:33M:03S ATT:  [-0.4, 1.9, 332]
14H:33M:03S VOL:  16.01
14H:33M:03S ALT:  0.27
14H:33M:03S ACC:  [-17, -4, 514]
14H:33M:03S GYR:  [1, 0, 2]
14H:33M:03S ATT:  [-0.4, 1.9, 332]
14H:33M:03S VOL:  16.01
14H:33M:04S ALT:  0.27
14H:33M:04S ACC:  [-17, -4, 514]
14H:33M:04S GYR:  [0, 1, 2]
14H:33M:04S ATT:  [-0.4, 1.9, 332]
14H:33M:04S VOL:  16.0
14H:33M:04S ALT:  0.27
14H:33M:04S ACC:  [-17, -4, 514]
14H:33M:04S GYR:  [-2, 1, 2]
14H:33M:04S ATT:  [-0.4, 1.9, 332]
14H:33M:04S VOL:  16.0
14H:33M:04S ALT:  0.27
14H:33M:04S ACC:  [-17, -3, 516]
14H:33M:04S GYR:  [1, 1, 2]
14H:33M:04S ATT:  [-0.4, 1.9, 332]
14H:33M:04S VOL:  16.01
14H:33M:04S ALT:  0.27
14H:33M:04S ACC:  [-17, -4, 513]
14H:33M:04S GYR:  [2, 1, 4]
14H:33M:04S ATT:  [-0.4, 1.9, 332]
14H:33M:04S VOL:  16.0
14H:33M:04S ALT:  0.27
14H:33M:04S ACC:  [-17, -4, 513]
14H:33M:04S GYR:  [2, 2, 0]
14H:33M:04S ATT:  [-0.4, 1.9, 332]
14H:33M:04S VOL:  16.0
14H:33M:04S ALT:  0.27
14H:33M:04S ACC:  [-17, -3, 514]
14H:33M:04S GYR:  [0, 1, 4]
14H:33M:04S ATT:  [-0.4, 1.9, 332]
14H:33M:04S VOL:  16.0
14H:33M:04S ALT:  0.27
14H:33M:04S ACC:  [-17, -4, 514]
14H:33M:04S GYR:  [-3, -1, -1]
14H:33M:04S ATT:  [-0.4, 1.9, 332]
14H:33M:04S VOL:  16.0
14H:33M:04S ALT:  0.27
14H:33M:04S ACC:  [-18, -3, 514]
14H:33M:04S GYR:  [-1, 0, 3]
14H:33M:04S ATT:  [-0.4, 1.9, 332]
14H:33M:04S VOL:  15.99
14H:33M:04S ALT:  0.27
14H:33M:04S ACC:  [-18, -3, 513]
14H:33M:04S GYR:  [2, -1, 0]
14H:33M:04S ATT:  [-0.4, 1.9, 332]
14H:33M:04S VOL:  15.99
14H:33M:04S ALT:  0.27
14H:33M:04S ACC:  [-17, -4, 513]
14H:33M:04S GYR:  [0, -2, 1]
14H:33M:04S ATT:  [-0.4, 1.9, 332]
14H:33M:04S VOL:  16.0
14H:33M:04S ALT:  0.27
14H:33M:04S ACC:  [-17, -4, 513]
14H:33M:04S GYR:  [1, 0, 0]
14H:33M:04S ATT:  [-0.4, 1.9, 332]
14H:33M:04S VOL:  16.0
14H:33M:04S ALT:  0.27
14H:33M:04S ACC:  [-17, -4, 514]
14H:33M:04S GYR:  [1, -4, -1]
14H:33M:04S ATT:  [-0.4, 1.9, 332]
14H:33M:04S VOL:  16.0
14H:33M:04S ALT:  0.27
14H:33M:04S ACC:  [-17, -4, 515]
14H:33M:04S GYR:  [0, -1, 0]
14H:33M:04S ATT:  [-0.4, 1.9, 332]
14H:33M:04S VOL:  16.0
14H:33M:04S ALT:  0.27
14H:33M:04S ACC:  [-17, -4, 513]
14H:33M:04S GYR:  [-2, 0, 1]
14H:33M:04S ATT:  [-0.4, 1.9, 332]
14H:33M:04S VOL:  16.0
14H:33M:04S ALT:  0.27
14H:33M:04S ACC:  [-17, -3, 513]
14H:33M:04S GYR:  [0, -1, 2]
14H:33M:04S ATT:  [-0.4, 1.9, 332]
14H:33M:04S VOL:  16.01
14H:33M:05S ALT:  0.27
14H:33M:05S ACC:  [-18, -4, 514]
14H:33M:05S GYR:  [-2, 0, 2]
14H:33M:05S ATT:  [-0.4, 1.9, 332]
14H:33M:05S VOL:  16.01
14H:33M:05S ALT:  0.27
14H:33M:05S ACC:  [-17, -4, 514]
14H:33M:05S GYR:  [0, -1, 2]
14H:33M:05S ATT:  [-0.4, 1.9, 332]
14H:33M:05S VOL:  16.0
14H:33M:05S ALT:  0.27
14H:33M:05S ACC:  [-17, -4, 513]
14H:33M:05S GYR:  [-1, 3, 1]
14H:33M:05S ATT:  [-0.4, 1.9, 332]
14H:33M:05S VOL:  16.01
14H:33M:05S ALT:  0.27
14H:33M:05S ACC:  [-17, -3, 512]
14H:33M:05S GYR:  [0, -2, 2]
14H:33M:05S ATT:  [-0.4, 1.9, 332]
14H:33M:05S VOL:  16.01
14H:33M:05S ALT:  0.27
14H:33M:05S ACC:  [-17, -4, 513]
14H:33M:05S GYR:  [0, 0, 0]
14H:33M:05S ATT:  [-0.4, 1.9, 332]
14H:33M:05S VOL:  16.01
14H:33M:05S ALT:  0.27
14H:33M:05S ACC:  [-17, -4, 513]
14H:33M:05S GYR:  [-1, 1, 1]
14H:33M:05S ATT:  [-0.4, 1.9, 332]
14H:33M:05S VOL:  16.01
14H:33M:05S ALT:  0.27
14H:33M:05S ACC:  [-17, -3, 513]
14H:33M:05S GYR:  [2, 0, 2]
14H:33M:05S ATT:  [-0.4, 1.9, 332]
14H:33M:05S VOL:  16.0
14H:33M:05S ALT:  0.27
14H:33M:05S ACC:  [-17, -4, 513]
14H:33M:05S GYR:  [1, -4, 2]
14H:33M:05S ATT:  [-0.4, 1.9, 332]
14H:33M:05S VOL:  16.01
14H:33M:05S ALT:  0.27
14H:33M:05S ACC:  [-17, -4, 513]
14H:33M:05S GYR:  [1, 2, 0]
14H:33M:05S ATT:  [-0.4, 1.9, 332]
14H:33M:05S VOL:  16.01
14H:33M:05S ALT:  0.27
14H:33M:05S ACC:  [-17, -4, 513]
14H:33M:05S GYR:  [-1, -1, 0]
14H:33M:05S ATT:  [-0.4, 1.9, 332]
14H:33M:05S VOL:  16.0
14H:33M:05S ALT:  0.27
14H:33M:05S ACC:  [-17, -4, 512]
14H:33M:05S GYR:  [1, -2, 1]
14H:33M:05S ATT:  [-0.4, 1.9, 332]
14H:33M:05S VOL:  16.0
14H:33M:05S ALT:  0.27
14H:33M:05S ACC:  [-17, -4, 513]
14H:33M:05S GYR:  [3, -2, 2]
14H:33M:05S ATT:  [-0.4, 1.9, 332]
14H:33M:05S VOL:  16.0
14H:33M:05S ALT:  0.27
14H:33M:05S ACC:  [-17, -4, 512]
14H:33M:05S GYR:  [0, -2, -1]
14H:33M:05S ATT:  [-0.4, 1.9, 332]
14H:33M:05S VOL:  16.0
14H:33M:05S ALT:  0.27
14H:33M:05S ACC:  [-18, -3, 513]
14H:33M:05S GYR:  [0, 0, 1]
14H:33M:05S ATT:  [-0.4, 1.9, 332]
14H:33M:05S VOL:  16.0
14H:33M:05S ALT:  0.27
14H:33M:05S ACC:  [-17, -4, 513]
14H:33M:05S GYR:  [0, 0, 0]
14H:33M:05S ATT:  [-0.4, 1.9, 332]
14H:33M:05S VOL:  15.99
14H:33M:05S ALT:  0.27
14H:33M:05S ACC:  [-17, -4, 513]
14H:33M:05S GYR:  [1, -1, 0]
14H:33M:05S ATT:  [-0.4, 1.9, 332]
14H:33M:05S VOL:  16.0
14H:33M:06S ALT:  0.27
14H:33M:06S ACC:  [-17, -4, 513]
14H:33M:06S GYR:  [0, 1, 2]
14H:33M:06S ATT:  [-0.4, 1.9, 332]
14H:33M:06S VOL:  15.99
14H:33M:06S ALT:  0.27
14H:33M:06S ACC:  [-17, -3, 512]
14H:33M:06S GYR:  [0, -1, -1]
14H:33M:06S ATT:  [-0.4, 1.9, 332]
14H:33M:06S VOL:  16.0
14H:33M:06S ALT:  0.27
14H:33M:06S ACC:  [-17, -4, 513]
14H:33M:06S GYR:  [1, 2, 3]
14H:33M:06S ATT:  [-0.4, 1.9, 332]
14H:33M:06S VOL:  16.0
14H:33M:06S ALT:  0.27
14H:33M:06S ACC:  [-17, -3, 513]
14H:33M:06S GYR:  [4, -2, 3]
14H:33M:06S ATT:  [-0.4, 1.9, 332]
14H:33M:06S VOL:  16.01
14H:33M:06S ALT:  0.27
14H:33M:06S ACC:  [-17, -4, 512]
14H:33M:06S GYR:  [-2, 1, 0]
14H:33M:06S ATT:  [-0.4, 1.9, 332]
14H:33M:06S VOL:  16.01
14H:33M:06S ALT:  0.27
14H:33M:06S ACC:  [-17, -3, 512]
14H:33M:06S GYR:  [3, 0, 3]
14H:33M:06S ATT:  [-0.4, 1.9, 332]
14H:33M:06S VOL:  16.01
14H:33M:06S ALT:  0.27
14H:33M:06S ACC:  [-17, -3, 512]
14H:33M:06S GYR:  [0, 0, 1]
14H:33M:06S ATT:  [-0.4, 1.9, 332]
14H:33M:06S VOL:  16.01
14H:33M:06S ALT:  0.27
14H:33M:06S ACC:  [-17, -3, 512]
14H:33M:06S GYR:  [0, -2, 1]
14H:33M:06S ATT:  [-0.4, 1.9, 332]
14H:33M:06S VOL:  16.01
14H:33M:06S ALT:  0.27
14H:33M:06S ACC:  [-17, -4, 513]
14H:33M:06S GYR:  [0, -2, 0]
14H:33M:06S ATT:  [-0.4, 1.9, 332]
14H:33M:06S VOL:  16.01
14H:33M:06S ALT:  0.27
14H:33M:06S ACC:  [-17, -4, 513]
14H:33M:06S GYR:  [1, -2, 1]
14H:33M:06S ATT:  [-0.4, 1.9, 332]
14H:33M:06S VOL:  16.0
14H:33M:06S ALT:  0.27
14H:33M:06S ACC:  [-18, -3, 512]
14H:33M:06S GYR:  [-1, 1, 2]
14H:33M:06S ATT:  [-0.4, 1.9, 332]
14H:33M:06S VOL:  16.0
14H:33M:06S ALT:  0.27
14H:33M:06S ACC:  [-17, -3, 512]
14H:33M:06S GYR:  [1, -2, 1]
14H:33M:06S ATT:  [-0.4, 1.9, 332]
14H:33M:06S VOL:  16.0
14H:33M:06S ALT:  0.33
14H:33M:06S ACC:  [-17, -3, 512]
14H:33M:06S GYR:  [1, 4, 1]
14H:33M:06S ATT:  [-0.4, 1.9, 332]
14H:33M:06S VOL:  16.0
14H:33M:06S ALT:  0.34
14H:33M:06S ACC:  [-17, -3, 513]
14H:33M:06S GYR:  [-1, 0, 1]
14H:33M:06S ATT:  [-0.4, 1.9, 332]
14H:33M:06S VOL:  16.0
14H:33M:06S ALT:  0.34
14H:33M:06S ACC:  [-17, -3, 512]
14H:33M:06S GYR:  [1, -1, 1]
14H:33M:06S ATT:  [-0.4, 1.9, 332]
14H:33M:06S VOL:  16.0
14H:33M:07S ALT:  0.34
14H:33M:07S ACC:  [-17, -4, 513]
14H:33M:07S GYR:  [-2, -2, 2]
14H:33M:07S ATT:  [-0.4, 1.9, 332]
14H:33M:07S VOL:  16.0
14H:33M:07S ALT:  0.34
14H:33M:07S ACC:  [-17, -3, 511]
14H:33M:07S GYR:  [2, -1, 1]
14H:33M:07S ATT:  [-0.4, 1.9, 332]
14H:33M:07S VOL:  16.0
14H:33M:07S ALT:  0.34
14H:33M:07S ACC:  [-17, -4, 513]
14H:33M:07S GYR:  [0, -1, 1]
14H:33M:07S ATT:  [-0.4, 1.9, 332]
14H:33M:07S VOL:  15.99
14H:33M:07S ALT:  0.34
14H:33M:07S ACC:  [-17, -4, 512]
14H:33M:07S GYR:  [0, -1, 2]
14H:33M:07S ATT:  [-0.4, 1.9, 332]
14H:33M:07S VOL:  16.0
14H:33M:07S ALT:  0.34
14H:33M:07S ACC:  [-17, -3, 512]
14H:33M:07S GYR:  [-1, -1, 1]
14H:33M:07S ATT:  [-0.4, 1.9, 332]
14H:33M:07S VOL:  15.99
14H:33M:07S ALT:  0.34
14H:33M:07S ACC:  [-17, -3, 512]
14H:33M:07S GYR:  [-1, 0, 1]
14H:33M:07S ATT:  [-0.4, 1.9, 332]
14H:33M:07S VOL:  15.99
14H:33M:07S ALT:  0.38
14H:33M:07S ACC:  [-17, -3, 512]
14H:33M:07S GYR:  [0, 1, 1]
14H:33M:07S ATT:  [-0.4, 1.9, 332]
14H:33M:07S VOL:  15.99
14H:33M:07S ALT:  0.41
14H:33M:07S ACC:  [-17, -3, 512]
14H:33M:07S GYR:  [1, 0, 2]
14H:33M:07S ATT:  [-0.4, 1.9, 332]
14H:33M:07S VOL:  15.99
14H:33M:07S ALT:  0.42
14H:33M:07S ACC:  [-17, -3, 512]
14H:33M:07S GYR:  [-2, -3, 2]
14H:33M:07S ATT:  [-0.4, 1.9, 332]
14H:33M:07S VOL:  15.99
14H:33M:07S ALT:  0.42
14H:33M:07S ACC:  [-17, -4, 512]
14H:33M:07S GYR:  [-1, -2, 0]
14H:33M:07S ATT:  [-0.4, 1.9, 332]
14H:33M:07S VOL:  16.0
14H:33M:07S ALT:  0.42
14H:33M:07S ACC:  [-17, -3, 512]
14H:33M:07S GYR:  [1, 0, 2]
14H:33M:07S ATT:  [-0.4, 1.9, 332]
14H:33M:07S VOL:  16.0
14H:33M:07S ALT:  0.42
14H:33M:07S ACC:  [-17, -4, 512]
14H:33M:07S GYR:  [1, -3, 1]
14H:33M:07S ATT:  [-0.4, 1.9, 332]
14H:33M:07S VOL:  16.0
14H:33M:07S ALT:  0.42
14H:33M:07S ACC:  [-17, -4, 513]
14H:33M:07S GYR:  [0, 0, 1]
14H:33M:07S ATT:  [-0.4, 1.9, 332]
14H:33M:07S VOL:  16.0
14H:33M:07S ALT:  0.42
14H:33M:07S ACC:  [-17, -3, 513]
14H:33M:07S GYR:  [0, 1, 0]
14H:33M:07S ATT:  [-0.4, 1.9, 332]
14H:33M:07S VOL:  16.0
14H:33M:07S ALT:  0.42
14H:33M:07S ACC:  [-17, -4, 513]
14H:33M:07S GYR:  [0, 1, 2]
14H:33M:07S ATT:  [-0.4, 1.9, 332]
14H:33M:07S VOL:  16.01
14H:33M:07S ALT:  0.42
14H:33M:07S ACC:  [-17, -4, 513]
14H:33M:07S GYR:  [0, -2, 1]
14H:33M:07S ATT:  [-0.4, 1.9, 332]
14H:33M:07S VOL:  16.01
14H:33M:08S ALT:  0.42
14H:33M:08S ACC:  [-17, -3, 512]
14H:33M:08S GYR:  [2, 0, -1]
14H:33M:08S ATT:  [-0.4, 1.9, 332]
14H:33M:08S VOL:  16.01
14H:33M:08S ALT:  0.42
14H:33M:08S ACC:  [-17, -3, 512]
14H:33M:08S GYR:  [-1, 1, -1]
14H:33M:08S ATT:  [-0.4, 1.9, 332]
14H:33M:08S VOL:  16.01
14H:33M:08S ALT:  0.42
14H:33M:08S ACC:  [-17, -4, 512]
14H:33M:08S GYR:  [0, 0, 0]
14H:33M:08S ATT:  [-0.4, 1.9, 332]
14H:33M:08S VOL:  16.0
14H:33M:08S ALT:  0.42
14H:33M:08S ACC:  [-17, -4, 512]
14H:33M:08S GYR:  [1, -2, 1]
14H:33M:08S ATT:  [-0.4, 1.9, 332]
14H:33M:08S VOL:  16.01
14H:33M:08S ALT:  0.42
14H:33M:08S ACC:  [-17, -3, 512]
14H:33M:08S GYR:  [1, 0, -1]
14H:33M:08S ATT:  [-0.4, 1.9, 332]
14H:33M:08S VOL:  16.0
14H:33M:08S ALT:  0.42
14H:33M:08S ACC:  [-17, -3, 513]
14H:33M:08S GYR:  [1, -1, 1]
14H:33M:08S ATT:  [-0.4, 1.9, 332]
14H:33M:08S VOL:  16.01
14H:33M:08S ALT:  0.42
14H:33M:08S ACC:  [-17, -4, 513]
14H:33M:08S GYR:  [3, 1, 1]
14H:33M:08S ATT:  [-0.4, 1.9, 332]
14H:33M:08S VOL:  16.01
14H:33M:08S ALT:  0.42
14H:33M:08S ACC:  [-17, -4, 512]
14H:33M:08S GYR:  [0, -2, -1]
14H:33M:08S ATT:  [-0.4, 1.9, 332]
14H:33M:08S VOL:  16.01
14H:33M:08S ALT:  0.42
14H:33M:08S ACC:  [-17, -4, 513]
14H:33M:08S GYR:  [-1, -1, 0]
14H:33M:08S ATT:  [-0.4, 1.9, 332]
14H:33M:08S VOL:  16.01
14H:33M:08S ALT:  0.42
14H:33M:08S ACC:  [-17, -3, 513]
14H:33M:08S GYR:  [2, -3, 3]
14H:33M:08S ATT:  [-0.4, 1.9, 332]
14H:33M:08S VOL:  16.01
14H:33M:08S ALT:  0.51
14H:33M:08S ACC:  [-17, -4, 513]
14H:33M:08S GYR:  [0, -2, -1]
14H:33M:08S ATT:  [-0.4, 1.9, 332]
14H:33M:08S VOL:  16.01
14H:33M:08S ALT:  0.51
14H:33M:08S ACC:  [-17, -4, 513]
14H:33M:08S GYR:  [-1, -1, -1]
14H:33M:08S ATT:  [-0.4, 1.9, 332]
14H:33M:08S VOL:  16.01
14H:33M:08S ALT:  0.51
14H:33M:08S ACC:  [-17, -4, 513]
14H:33M:08S GYR:  [0, 0, 1]
14H:33M:08S ATT:  [-0.4, 1.9, 332]
14H:33M:08S VOL:  16.01
14H:33M:08S ALT:  0.51
14H:33M:08S ACC:  [-17, -3, 512]
14H:33M:08S GYR:  [-2, 0, -1]
14H:33M:08S ATT:  [-0.4, 1.9, 332]
14H:33M:08S VOL:  16.01
14H:33M:08S ALT:  0.51
14H:33M:08S ACC:  [-17, -3, 513]
14H:33M:08S GYR:  [-1, 2, 0]
14H:33M:08S ATT:  [-0.4, 1.9, 332]
14H:33M:08S VOL:  16.01
14H:33M:09S ALT:  0.51
14H:33M:09S ACC:  [-17, -4, 513]
14H:33M:09S GYR:  [1, -1, 1]
14H:33M:09S ATT:  [-0.4, 1.9, 332]
14H:33M:09S VOL:  16.0
14H:33M:09S ALT:  0.51
14H:33M:09S ACC:  [-17, -4, 513]
14H:33M:09S GYR:  [-1, -2, 1]
14H:33M:09S ATT:  [-0.4, 1.9, 332]
14H:33M:09S VOL:  16.0
14H:33M:09S ALT:  0.51
14H:33M:09S ACC:  [-17, -4, 512]
14H:33M:09S GYR:  [0, -1, 2]
14H:33M:09S ATT:  [-0.4, 1.9, 332]
14H:33M:09S VOL:  16.01
14H:33M:09S ALT:  0.51
14H:33M:09S ACC:  [-17, -4, 513]
14H:33M:09S GYR:  [4, 0, 1]
14H:33M:09S ATT:  [-0.4, 1.9, 332]
14H:33M:09S VOL:  16.0
14H:33M:09S ALT:  0.51
14H:33M:09S ACC:  [-17, -4, 513]
14H:33M:09S GYR:  [0, -2, 2]
14H:33M:09S ATT:  [-0.4, 1.9, 332]
14H:33M:09S VOL:  16.01
14H:33M:09S ALT:  0.51
14H:33M:09S ACC:  [-17, -4, 513]
14H:33M:09S GYR:  [1, -2, 0]
14H:33M:09S ATT:  [-0.4, 1.9, 332]
14H:33M:09S VOL:  16.01
14H:33M:09S ALT:  0.51
14H:33M:09S ACC:  [-17, -3, 512]
14H:33M:09S GYR:  [0, 1, 2]
14H:33M:09S ATT:  [-0.4, 1.9, 332]
14H:33M:09S VOL:  16.01
14H:33M:09S ALT:  0.51
14H:33M:09S ACC:  [-17, -4, 513]
14H:33M:09S GYR:  [-1, 0, 0]
14H:33M:09S ATT:  [-0.4, 1.9, 332]
14H:33M:09S VOL:  16.0
14H:33M:09S ALT:  0.51
14H:33M:09S ACC:  [-17, -4, 512]
14H:33M:09S GYR:  [2, -1, 1]
14H:33M:09S ATT:  [-0.4, 1.9, 332]
14H:33M:09S VOL:  16.01
14H:33M:09S ALT:  0.51
14H:33M:09S ACC:  [-18, -3, 514]
14H:33M:09S GYR:  [-2, 1, 2]
14H:33M:09S ATT:  [-0.4, 1.9, 332]
14H:33M:09S VOL:  16.01
14H:33M:09S ALT:  0.51
14H:33M:09S ACC:  [-17, -4, 513]
14H:33M:09S GYR:  [0, -1, 1]
14H:33M:09S ATT:  [-0.4, 1.9, 332]
14H:33M:09S VOL:  16.0
14H:33M:09S ALT:  0.51
14H:33M:09S ACC:  [-17, -4, 513]
14H:33M:09S GYR:  [0, 1, 2]
14H:33M:09S ATT:  [-0.4, 1.9, 332]
14H:33M:09S VOL:  16.0
14H:33M:09S ALT:  0.51
14H:33M:09S ACC:  [-17, -3, 512]
14H:33M:09S GYR:  [0, -1, 0]
14H:33M:09S ATT:  [-0.4, 1.9, 332]
14H:33M:09S VOL:  16.0
14H:33M:09S ALT:  0.51
14H:33M:09S ACC:  [-17, -4, 512]
14H:33M:09S GYR:  [-2, -1, 2]
14H:33M:09S ATT:  [-0.4, 1.9, 332]
14H:33M:09S VOL:  16.0
14H:33M:09S ALT:  0.51
14H:33M:09S ACC:  [-17, -3, 512]
14H:33M:09S GYR:  [0, 0, 0]
14H:33M:09S ATT:  [-0.4, 1.9, 332]
14H:33M:09S VOL:  16.01
14H:33M:09S ALT:  0.51
14H:33M:09S ACC:  [-17, -3, 512]
14H:33M:09S GYR:  [0, -3, 1]
14H:33M:09S ATT:  [-0.4, 1.9, 332]
14H:33M:09S VOL:  16.01
14H:33M:10S ALT:  0.51
14H:33M:10S ACC:  [-17, -3, 512]
14H:33M:10S GYR:  [-1, 3, 0]
14H:33M:10S ATT:  [-0.4, 1.9, 332]
14H:33M:10S VOL:  16.01
14H:33M:10S ALT:  0.51
14H:33M:10S ACC:  [-18, -4, 512]
14H:33M:10S GYR:  [0, -1, 2]
14H:33M:10S ATT:  [-0.4, 1.9, 332]
14H:33M:10S VOL:  16.01
14H:33M:10S ALT:  0.51
14H:33M:10S ACC:  [-17, -4, 512]
14H:33M:10S GYR:  [0, 0, 3]
14H:33M:10S ATT:  [-0.4, 1.9, 332]
14H:33M:10S VOL:  16.01
14H:33M:10S ALT:  0.51
14H:33M:10S ACC:  [-17, -3, 512]
14H:33M:10S GYR:  [2, -2, 2]
14H:33M:10S ATT:  [-0.4, 1.9, 332]
14H:33M:10S VOL:  16.0
14H:33M:10S ALT:  0.51
14H:33M:10S ACC:  [-17, -4, 513]
14H:33M:10S GYR:  [0, 0, 2]
14H:33M:10S ATT:  [-0.4, 1.9, 332]
14H:33M:10S VOL:  16.0
14H:33M:10S ALT:  0.51
14H:33M:10S ACC:  [-17, -4, 512]
14H:33M:10S GYR:  [1, 1, 1]
14H:33M:10S ATT:  [-0.4, 1.9, 332]
14H:33M:10S VOL:  16.0
14H:33M:10S ALT:  0.51
14H:33M:10S ACC:  [-18, -4, 513]
14H:33M:10S GYR:  [-1, 3, 2]
14H:33M:10S ATT:  [-0.4, 1.9, 332]
14H:33M:10S VOL:  16.0
14H:33M:10S ALT:  0.51
14H:33M:10S ACC:  [-17, -4, 513]
14H:33M:10S GYR:  [0, -2, 3]
14H:33M:10S ATT:  [-0.4, 1.9, 332]
14H:33M:10S VOL:  16.01
14H:33M:10S ALT:  0.51
14H:33M:10S ACC:  [-17, -4, 512]
14H:33M:10S GYR:  [0, -1, 2]
14H:33M:10S ATT:  [-0.4, 1.9, 332]
14H:33M:10S VOL:  16.01
14H:33M:10S ALT:  0.51
14H:33M:10S ACC:  [-17, -3, 512]
14H:33M:10S GYR:  [-1, 2, 3]
14H:33M:10S ATT:  [-0.4, 1.9, 332]
14H:33M:10S VOL:  16.0
14H:33M:10S ALT:  0.48
14H:33M:10S ACC:  [-17, -4, 513]
14H:33M:10S GYR:  [1, -2, 1]
14H:33M:10S ATT:  [-0.4, 1.9, 332]
14H:33M:10S VOL:  16.0
14H:33M:10S ALT:  0.46
14H:33M:10S ACC:  [-17, -4, 512]
14H:33M:10S GYR:  [-1, 0, 0]
14H:33M:10S ATT:  [-0.4, 1.9, 332]
14H:33M:10S VOL:  16.0
14H:33M:10S ALT:  0.44
14H:33M:10S ACC:  [-17, -3, 512]
14H:33M:10S GYR:  [-1, -2, 1]
14H:33M:10S ATT:  [-0.4, 1.9, 332]
14H:33M:10S VOL:  16.0
14H:33M:10S ALT:  0.44
14H:33M:10S ACC:  [-17, -4, 512]
14H:33M:10S GYR:  [0, 0, 1]
14H:33M:10S ATT:  [-0.4, 1.9, 332]
14H:33M:10S VOL:  16.0
14H:33M:10S ALT:  0.44
14H:33M:10S ACC:  [-17, -3, 512]
14H:33M:10S GYR:  [2, -2, 1]
14H:33M:10S ATT:  [-0.4, 1.9, 332]
14H:33M:10S VOL:  16.0
14H:33M:11S ALT:  0.44
14H:33M:11S ACC:  [-17, -3, 512]
14H:33M:11S GYR:  [-1, -1, 2]
14H:33M:11S ATT:  [-0.4, 1.9, 332]
14H:33M:11S VOL:  16.0
14H:33M:11S ALT:  0.44
14H:33M:11S ACC:  [-17, -4, 513]
14H:33M:11S GYR:  [-1, -1, 2]
14H:33M:11S ATT:  [-0.4, 1.9, 332]
14H:33M:11S VOL:  16.01
14H:33M:11S ALT:  0.44
14H:33M:11S ACC:  [-17, -3, 513]
14H:33M:11S GYR:  [-1, 0, 1]
14H:33M:11S ATT:  [-0.4, 1.9, 332]
14H:33M:11S VOL:  16.0
14H:33M:11S ALT:  0.44
14H:33M:11S ACC:  [-17, -4, 513]
14H:33M:11S GYR:  [1, -2, 1]
14H:33M:11S ATT:  [-0.4, 1.9, 332]
14H:33M:11S VOL:  16.01
14H:33M:11S ALT:  0.44
14H:33M:11S ACC:  [-17, -4, 513]
14H:33M:11S GYR:  [2, -3, -1]
14H:33M:11S ATT:  [-0.4, 1.9, 332]
14H:33M:11S VOL:  16.01
14H:33M:11S ALT:  0.44
14H:33M:11S ACC:  [-17, -3, 512]
14H:33M:11S GYR:  [-1, -3, 1]
14H:33M:11S ATT:  [-0.4, 1.9, 332]
14H:33M:11S VOL:  16.01
14H:33M:11S ALT:  0.44
14H:33M:11S ACC:  [-17, -4, 512]
14H:33M:11S GYR:  [1, -2, 0]
14H:33M:11S ATT:  [-0.4, 1.9, 332]
14H:33M:11S VOL:  16.01
14H:33M:11S ALT:  0.44
14H:33M:11S ACC:  [-17, -4, 512]
14H:33M:11S GYR:  [2, 0, 0]
14H:33M:11S ATT:  [-0.4, 1.9, 332]
14H:33M:11S VOL:  16.0
14H:33M:11S ALT:  0.44
14H:33M:11S ACC:  [-17, -4, 512]
14H:33M:11S GYR:  [1, -2, 2]
14H:33M:11S ATT:  [-0.4, 1.9, 332]
14H:33M:11S VOL:  16.01
14H:33M:11S ALT:  0.44
14H:33M:11S ACC:  [-17, -4, 513]
14H:33M:11S GYR:  [-1, -4, -1]
14H:33M:11S ATT:  [-0.4, 1.9, 332]
14H:33M:11S VOL:  16.0
14H:33M:11S ALT:  0.44
14H:33M:11S ACC:  [-17, -4, 513]
14H:33M:11S GYR:  [0, -1, 1]
14H:33M:11S ATT:  [-0.4, 1.9, 332]
14H:33M:11S VOL:  16.01
14H:33M:11S ALT:  0.44
14H:33M:11S ACC:  [-17, -4, 512]
14H:33M:11S GYR:  [3, -2, 2]
14H:33M:11S ATT:  [-0.4, 1.9, 332]
14H:33M:11S VOL:  16.01
14H:33M:11S ALT:  0.44
14H:33M:11S ACC:  [-17, -3, 513]
14H:33M:11S GYR:  [2, 0, 1]
14H:33M:11S ATT:  [-0.4, 1.9, 332]
14H:33M:11S VOL:  16.01
