Starting Main workflow
Easycap format used: ImageFormat(type=<BufType.VIDEO_CAPTURE: 1>, description='Motion-JPEG', flags=<ImageFormatFlag.COMPRESSED: 1>, pixel_format=<PixelFormat.MJPEG: 1196444237>)
{'apiVersion': '1.44.0', 'flightControllerIdentifier': 'BTFL', 'flightControllerVersion': '4.3.2', 'version': 0, 'buildInfo': 'Nov 28 2022 07:26:30', 'multiType': 0, 'msp_version': 0, 'capability': 0, 'cycleTime': 313, 'i2cError': 0, 'activeSensors': 35, 'mode': 2, 'profile': 0, 'uid': [3145761, 858867466, 875836466], 'accelerometerTrims': [0, 0], 'name': '', 'displayName': 'JOE PILOT', 'numProfiles': 3, 'rateProfile': 0, 'boardType': 2, 'armingDisableCount': 26, 'armingDisableFlags': 4, 'armingDisabled': False, 'runawayTakeoffPreventionDisabled': False, 'boardIdentifier': 'S405', 'boardVersion': 0, 'commCapabilities': 55, 'targetName': 'STM32F405', 'boardName': 'SPEEDYBEEF405V3', 'manufacturerId': 'SPBE', 'signature': [0, 0, 0, 0, 0, 0, 0, 0, 0, 0, 0, 0, 0, 0, 0, 0, 0, 0, 0, 0, 0, 0, 0, 0, 0, 0, 0, 0, 0, 0, 0, 0], 'mcuTypeId': 3, 'mspProtocolVersion': 0, 'cpuload': 21, 'flightModeFlags': []}
14H:45M:02S ALT:  1.85
14H:45M:02S ACC:  [-25, -6, 513]
14H:45M:02S GYR:  [1, -3, 1]
14H:45M:02S ATT:  [-0.6, 2.7, 354]
14H:45M:02S VOL:  15.32
14H:45M:02S ALT:  1.85
14H:45M:02S ACC:  [-25, -5, 515]
14H:45M:02S GYR:  [1, 0, 1]
14H:45M:02S ATT:  [-0.6, 2.7, 354]
14H:45M:02S VOL:  15.32
14H:45M:02S ALT:  1.85
14H:45M:02S ACC:  [-24, -6, 515]
14H:45M:02S GYR:  [1, -3, 2]
14H:45M:02S ATT:  [-0.6, 2.7, 354]
14H:45M:02S VOL:  15.32
14H:45M:02S ALT:  1.85
14H:45M:02S ACC:  [-25, -5, 515]
14H:45M:02S GYR:  [1, -2, 2]
14H:45M:02S ATT:  [-0.6, 2.7, 354]
14H:45M:02S VOL:  15.32
14H:45M:02S ALT:  1.85
14H:45M:02S ACC:  [-24, -6, 514]
14H:45M:02S GYR:  [0, 3, 1]
14H:45M:02S ATT:  [-0.6, 2.7, 354]
14H:45M:02S VOL:  15.33
14H:45M:02S ALT:  1.85
14H:45M:02S ACC:  [-25, -5, 515]
14H:45M:02S GYR:  [-1, -1, 2]
14H:45M:02S ATT:  [-0.6, 2.7, 354]
14H:45M:02S VOL:  15.33
14H:45M:02S ALT:  1.85
14H:45M:02S ACC:  [-24, -5, 515]
14H:45M:02S GYR:  [0, 0, 0]
14H:45M:02S ATT:  [-0.6, 2.7, 354]
14H:45M:02S VOL:  15.32
14H:45M:02S ALT:  1.85
14H:45M:02S ACC:  [-25, -6, 515]
14H:45M:02S GYR:  [0, -1, 2]
14H:45M:02S ATT:  [-0.6, 2.7, 354]
14H:45M:02S VOL:  15.32
14H:45M:02S ALT:  1.85
14H:45M:02S ACC:  [-25, -5, 515]
14H:45M:02S GYR:  [0, -2, 0]
14H:45M:02S ATT:  [-0.6, 2.7, 354]
14H:45M:02S VOL:  15.33
14H:45M:02S ALT:  1.85
14H:45M:02S ACC:  [-25, -5, 514]
14H:45M:02S GYR:  [1, -1, 0]
14H:45M:02S ATT:  [-0.6, 2.7, 354]
14H:45M:02S VOL:  15.32
14H:45M:02S ALT:  1.85
14H:45M:02S ACC:  [-25, -6, 514]
14H:45M:02S GYR:  [1, 0, 2]
14H:45M:02S ATT:  [-0.6, 2.7, 354]
14H:45M:02S VOL:  15.33
14H:45M:02S ALT:  1.85
14H:45M:02S ACC:  [-24, -5, 515]
14H:45M:02S GYR:  [1, -2, 1]
14H:45M:02S ATT:  [-0.6, 2.7, 354]
14H:45M:02S VOL:  15.32
14H:45M:02S ALT:  1.85
14H:45M:02S ACC:  [-25, -5, 514]
14H:45M:02S GYR:  [-1, -1, 1]
14H:45M:02S ATT:  [-0.6, 2.7, 354]
14H:45M:02S VOL:  15.32
14H:45M:02S ALT:  1.85
14H:45M:02S ACC:  [-24, -6, 514]
14H:45M:02S GYR:  [-1, -1, -3]
14H:45M:02S ATT:  [-0.6, 2.7, 354]
14H:45M:02S VOL:  15.32
14H:45M:02S ALT:  1.85
14H:45M:02S ACC:  [-24, -5, 515]
14H:45M:02S GYR:  [2, -2, 2]
14H:45M:02S ATT:  [-0.6, 2.7, 354]
14H:45M:02S VOL:  15.32
14H:45M:03S ALT:  1.85
14H:45M:03S ACC:  [-25, -5, 514]
14H:45M:03S GYR:  [1, -1, 3]
14H:45M:03S ATT:  [-0.6, 2.7, 354]
14H:45M:03S VOL:  15.32
14H:45M:03S ALT:  1.85
14H:45M:03S ACC:  [-24, -5, 514]
14H:45M:03S GYR:  [2, -2, 2]
14H:45M:03S ATT:  [-0.6, 2.7, 354]
14H:45M:03S VOL:  15.32
14H:45M:03S ALT:  1.85
14H:45M:03S ACC:  [-24, -6, 515]
14H:45M:03S GYR:  [1, -1, -1]
14H:45M:03S ATT:  [-0.6, 2.7, 354]
14H:45M:03S VOL:  15.32
14H:45M:03S ALT:  1.85
14H:45M:03S ACC:  [-24, -6, 515]
14H:45M:03S GYR:  [1, -1, -1]
14H:45M:03S ATT:  [-0.6, 2.7, 354]
14H:45M:03S VOL:  15.32
14H:45M:03S ALT:  1.85
14H:45M:03S ACC:  [-25, -6, 515]
14H:45M:03S GYR:  [4, 0, 1]
14H:45M:03S ATT:  [-0.6, 2.7, 354]
14H:45M:03S VOL:  15.32
14H:45M:03S ALT:  1.85
14H:45M:03S ACC:  [-24, -5, 515]
14H:45M:03S GYR:  [1, -2, 3]
14H:45M:03S ATT:  [-0.6, 2.7, 354]
14H:45M:03S VOL:  15.32
14H:45M:03S ALT:  1.85
14H:45M:03S ACC:  [-24, -6, 514]
14H:45M:03S GYR:  [-1, -1, 0]
14H:45M:03S ATT:  [-0.6, 2.7, 354]
14H:45M:03S VOL:  15.32
14H:45M:03S ALT:  1.85
14H:45M:03S ACC:  [-24, -6, 515]
14H:45M:03S GYR:  [1, -3, 5]
14H:45M:03S ATT:  [-0.6, 2.7, 354]
14H:45M:03S VOL:  15.32
14H:45M:03S ALT:  1.85
14H:45M:03S ACC:  [-24, -6, 515]
14H:45M:03S GYR:  [1, 0, -1]
14H:45M:03S ATT:  [-0.6, 2.7, 354]
14H:45M:03S VOL:  15.33
14H:45M:03S ALT:  1.85
14H:45M:03S ACC:  [-25, -6, 515]
14H:45M:03S GYR:  [0, -2, 0]
14H:45M:03S ATT:  [-0.6, 2.7, 354]
14H:45M:03S VOL:  15.33
14H:45M:03S ALT:  1.85
14H:45M:03S ACC:  [-24, -6, 514]
14H:45M:03S GYR:  [1, -2, 1]
14H:45M:03S ATT:  [-0.6, 2.7, 354]
14H:45M:03S VOL:  15.33
14H:45M:03S ALT:  1.85
14H:45M:03S ACC:  [-24, -5, 515]
14H:45M:03S GYR:  [4, 0, 2]
14H:45M:03S ATT:  [-0.6, 2.7, 354]
14H:45M:03S VOL:  15.32
14H:45M:03S ALT:  1.85
14H:45M:03S ACC:  [-24, -6, 516]
14H:45M:03S GYR:  [2, -1, 1]
14H:45M:03S ATT:  [-0.6, 2.7, 354]
14H:45M:03S VOL:  15.33
14H:45M:03S ALT:  1.85
14H:45M:03S ACC:  [-25, -6, 515]
14H:45M:03S GYR:  [1, -1, -1]
14H:45M:03S ATT:  [-0.6, 2.7, 354]
14H:45M:03S VOL:  15.33
14H:45M:03S ALT:  1.85
14H:45M:03S ACC:  [-25, -6, 514]
14H:45M:03S GYR:  [1, -1, 3]
14H:45M:03S ATT:  [-0.6, 2.7, 354]
14H:45M:03S VOL:  15.32
14H:45M:04S ALT:  1.85
14H:45M:04S ACC:  [-25, -6, 515]
14H:45M:04S GYR:  [1, 0, 1]
14H:45M:04S ATT:  [-0.6, 2.7, 354]
14H:45M:04S VOL:  15.33
14H:45M:04S ALT:  1.85
14H:45M:04S ACC:  [-24, -5, 515]
14H:45M:04S GYR:  [-2, 0, 2]
14H:45M:04S ATT:  [-0.6, 2.7, 354]
14H:45M:04S VOL:  15.33
14H:45M:04S ALT:  1.85
14H:45M:04S ACC:  [-24, -6, 515]
14H:45M:04S GYR:  [2, -1, 0]
14H:45M:04S ATT:  [-0.6, 2.7, 354]
14H:45M:04S VOL:  15.32
14H:45M:04S ALT:  1.85
14H:45M:04S ACC:  [-24, -6, 515]
14H:45M:04S GYR:  [1, -1, 1]
14H:45M:04S ATT:  [-0.6, 2.7, 354]
14H:45M:04S VOL:  15.33
14H:45M:04S ALT:  1.85
14H:45M:04S ACC:  [-25, -5, 516]
14H:45M:04S GYR:  [0, -1, 0]
14H:45M:04S ATT:  [-0.6, 2.7, 354]
14H:45M:04S VOL:  15.33
14H:45M:04S ALT:  1.84
14H:45M:04S ACC:  [-24, -5, 514]
14H:45M:04S GYR:  [4, -2, 4]
14H:45M:04S ATT:  [-0.6, 2.7, 354]
14H:45M:04S VOL:  15.33
14H:45M:04S ALT:  1.85
14H:45M:04S ACC:  [-25, -5, 515]
14H:45M:04S GYR:  [0, -2, 2]
14H:45M:04S ATT:  [-0.6, 2.7, 354]
14H:45M:04S VOL:  15.33
14H:45M:04S ALT:  1.85
14H:45M:04S ACC:  [-24, -6, 515]
14H:45M:04S GYR:  [0, -1, 1]
14H:45M:04S ATT:  [-0.6, 2.7, 354]
14H:45M:04S VOL:  15.33
14H:45M:04S ALT:  1.85
14H:45M:04S ACC:  [-24, -6, 515]
14H:45M:04S GYR:  [-1, 0, 0]
14H:45M:04S ATT:  [-0.6, 2.7, 354]
14H:45M:04S VOL:  15.33
14H:45M:04S ALT:  1.85
14H:45M:04S ACC:  [-25, -6, 515]
14H:45M:04S GYR:  [3, -2, 2]
14H:45M:04S ATT:  [-0.6, 2.7, 354]
14H:45M:04S VOL:  15.33
14H:45M:04S ALT:  1.85
14H:45M:04S ACC:  [-24, -5, 515]
14H:45M:04S GYR:  [0, -1, -1]
14H:45M:04S ATT:  [-0.6, 2.7, 354]
14H:45M:04S VOL:  15.32
14H:45M:04S ALT:  1.85
14H:45M:04S ACC:  [-25, -5, 515]
14H:45M:04S GYR:  [-3, 0, 1]
14H:45M:04S ATT:  [-0.6, 2.7, 354]
14H:45M:04S VOL:  15.33
14H:45M:04S ALT:  1.85
14H:45M:04S ACC:  [-25, -6, 515]
14H:45M:04S GYR:  [0, -1, 3]
14H:45M:04S ATT:  [-0.6, 2.7, 354]
14H:45M:04S VOL:  15.33
14H:45M:04S ALT:  1.85
14H:45M:04S ACC:  [-25, -6, 515]
14H:45M:04S GYR:  [1, -1, 0]
14H:45M:04S ATT:  [-0.6, 2.7, 354]
14H:45M:04S VOL:  15.33
14H:45M:04S ALT:  1.85
14H:45M:04S ACC:  [-24, -6, 515]
14H:45M:04S GYR:  [1, -2, 3]
14H:45M:04S ATT:  [-0.6, 2.7, 354]
14H:45M:04S VOL:  15.33
14H:45M:04S ALT:  1.85
14H:45M:04S ACC:  [-25, -6, 515]
14H:45M:04S GYR:  [-1, -2, 1]
14H:45M:04S ATT:  [-0.6, 2.7, 354]
14H:45M:04S VOL:  15.33
14H:45M:05S ALT:  1.85
14H:45M:05S ACC:  [-25, -6, 515]
14H:45M:05S GYR:  [-1, -2, 2]
14H:45M:05S ATT:  [-0.6, 2.7, 354]
14H:45M:05S VOL:  15.33
14H:45M:05S ALT:  1.85
14H:45M:05S ACC:  [-24, -6, 515]
14H:45M:05S GYR:  [0, -3, 1]
14H:45M:05S ATT:  [-0.6, 2.7, 354]
14H:45M:05S VOL:  15.33
14H:45M:05S ALT:  1.85
14H:45M:05S ACC:  [-25, -6, 514]
14H:45M:05S GYR:  [0, -1, 0]
14H:45M:05S ATT:  [-0.6, 2.7, 354]
14H:45M:05S VOL:  15.32
14H:45M:05S ALT:  1.85
14H:45M:05S ACC:  [-25, -5, 516]
14H:45M:05S GYR:  [-1, -2, -1]
14H:45M:05S ATT:  [-0.6, 2.7, 354]
14H:45M:05S VOL:  15.33
14H:45M:05S ALT:  1.85
14H:45M:05S ACC:  [-24, -6, 514]
14H:45M:05S GYR:  [-1, -1, -1]
14H:45M:05S ATT:  [-0.6, 2.7, 354]
14H:45M:05S VOL:  15.32
14H:45M:05S ALT:  1.85
14H:45M:05S ACC:  [-24, -6, 514]
14H:45M:05S GYR:  [2, -2, 4]
14H:45M:05S ATT:  [-0.6, 2.7, 354]
14H:45M:05S VOL:  15.32
14H:45M:05S ALT:  1.85
14H:45M:05S ACC:  [-25, -5, 515]
14H:45M:05S GYR:  [2, 1, -1]
14H:45M:05S ATT:  [-0.6, 2.7, 354]
14H:45M:05S VOL:  15.32
14H:45M:05S ALT:  1.85
14H:45M:05S ACC:  [-24, -5, 515]
14H:45M:05S GYR:  [1, -2, -1]
14H:45M:05S ATT:  [-0.6, 2.7, 354]
14H:45M:05S VOL:  15.32
14H:45M:05S ALT:  1.85
14H:45M:05S ACC:  [-25, -6, 515]
14H:45M:05S GYR:  [0, -2, 2]
14H:45M:05S ATT:  [-0.6, 2.7, 354]
14H:45M:05S VOL:  15.32
14H:45M:05S ALT:  1.85
14H:45M:05S ACC:  [-24, -6, 515]
14H:45M:05S GYR:  [-1, -2, 0]
14H:45M:05S ATT:  [-0.6, 2.7, 354]
14H:45M:05S VOL:  15.32
14H:45M:05S ALT:  1.85
14H:45M:05S ACC:  [-24, -5, 515]
14H:45M:05S GYR:  [1, 0, 0]
14H:45M:05S ATT:  [-0.6, 2.7, 354]
14H:45M:05S VOL:  15.32
14H:45M:05S ALT:  1.85
14H:45M:05S ACC:  [-25, -6, 515]
14H:45M:05S GYR:  [-1, -4, 2]
14H:45M:05S ATT:  [-0.6, 2.7, 354]
14H:45M:05S VOL:  15.32
14H:45M:05S ALT:  1.91
14H:45M:05S ACC:  [-25, -6, 515]
14H:45M:05S GYR:  [0, 0, 0]
14H:45M:05S ATT:  [-0.6, 2.7, 354]
14H:45M:05S VOL:  15.32
14H:45M:05S ALT:  1.94
14H:45M:05S ACC:  [-24, -6, 514]
14H:45M:05S GYR:  [2, -2, 1]
14H:45M:05S ATT:  [-0.6, 2.7, 354]
14H:45M:05S VOL:  15.32
14H:45M:05S ALT:  1.94
14H:45M:05S ACC:  [-25, -6, 515]
14H:45M:05S GYR:  [3, -2, 2]
14H:45M:05S ATT:  [-0.6, 2.7, 354]
14H:45M:05S VOL:  15.32
14H:45M:06S ALT:  1.94
14H:45M:06S ACC:  [-25, -5, 515]
14H:45M:06S GYR:  [-1, -3, 3]
14H:45M:06S ATT:  [-0.6, 2.7, 354]
14H:45M:06S VOL:  15.31
14H:45M:06S ALT:  1.94
14H:45M:06S ACC:  [-25, -6, 515]
14H:45M:06S GYR:  [0, -2, 2]
14H:45M:06S ATT:  [-0.6, 2.7, 354]
14H:45M:06S VOL:  15.31
14H:45M:06S ALT:  1.94
14H:45M:06S ACC:  [-24, -6, 515]
14H:45M:06S GYR:  [-1, 0, 3]
14H:45M:06S ATT:  [-0.6, 2.7, 354]
14H:45M:06S VOL:  15.31
14H:45M:06S ALT:  1.94
14H:45M:06S ACC:  [-24, -5, 514]
14H:45M:06S GYR:  [0, -1, -2]
14H:45M:06S ATT:  [-0.6, 2.7, 354]
14H:45M:06S VOL:  15.31
14H:45M:06S ALT:  1.94
14H:45M:06S ACC:  [-25, -6, 515]
14H:45M:06S GYR:  [-1, -1, 0]
14H:45M:06S ATT:  [-0.6, 2.7, 354]
14H:45M:06S VOL:  15.31
14H:45M:06S ALT:  1.94
14H:45M:06S ACC:  [-25, -6, 515]
14H:45M:06S GYR:  [0, 0, 1]
14H:45M:06S ATT:  [-0.6, 2.7, 354]
14H:45M:06S VOL:  15.31
14H:45M:06S ALT:  1.94
14H:45M:06S ACC:  [-24, -5, 515]
14H:45M:06S GYR:  [-1, -2, 0]
14H:45M:06S ATT:  [-0.6, 2.7, 354]
14H:45M:06S VOL:  15.31
14H:45M:06S ALT:  1.94
14H:45M:06S ACC:  [-24, -6, 515]
14H:45M:06S GYR:  [2, -2, 0]
14H:45M:06S ATT:  [-0.6, 2.7, 354]
14H:45M:06S VOL:  15.31
14H:45M:06S ALT:  1.94
14H:45M:06S ACC:  [-24, -6, 514]
14H:45M:06S GYR:  [0, 0, -2]
14H:45M:06S ATT:  [-0.6, 2.7, 354]
14H:45M:06S VOL:  15.31
14H:45M:06S ALT:  1.94
14H:45M:06S ACC:  [-24, -6, 514]
14H:45M:06S GYR:  [1, 0, 1]
14H:45M:06S ATT:  [-0.6, 2.7, 354]
14H:45M:06S VOL:  15.31
14H:45M:06S ALT:  1.94
14H:45M:06S ACC:  [-25, -5, 515]
14H:45M:06S GYR:  [0, 1, 3]
14H:45M:06S ATT:  [-0.6, 2.7, 354]
14H:45M:06S VOL:  15.31
14H:45M:06S ALT:  1.94
14H:45M:06S ACC:  [-24, -5, 515]
14H:45M:06S GYR:  [0, -1, 1]
14H:45M:06S ATT:  [-0.6, 2.7, 354]
14H:45M:06S VOL:  15.31
14H:45M:06S ALT:  1.94
14H:45M:06S ACC:  [-24, -6, 515]
14H:45M:06S GYR:  [0, -2, 2]
14H:45M:06S ATT:  [-0.6, 2.7, 354]
14H:45M:06S VOL:  15.32
14H:45M:06S ALT:  1.94
14H:45M:06S ACC:  [-25, -6, 515]
14H:45M:06S GYR:  [0, -1, 1]
14H:45M:06S ATT:  [-0.6, 2.7, 354]
14H:45M:06S VOL:  15.32
14H:45M:06S ALT:  1.94
14H:45M:06S ACC:  [-24, -6, 514]
14H:45M:06S GYR:  [0, -1, -1]
14H:45M:06S ATT:  [-0.6, 2.7, 354]
14H:45M:06S VOL:  15.31
14H:45M:06S ALT:  1.94
14H:45M:06S ACC:  [-24, -6, 515]
14H:45M:06S GYR:  [1, 0, -2]
14H:45M:06S ATT:  [-0.6, 2.7, 354]
14H:45M:06S VOL:  15.32
14H:45M:07S ALT:  1.94
14H:45M:07S ACC:  [-24, -6, 515]
14H:45M:07S GYR:  [1, 0, 0]
14H:45M:07S ATT:  [-0.6, 2.7, 354]
14H:45M:07S VOL:  15.32
14H:45M:07S ALT:  1.94
14H:45M:07S ACC:  [-24, -6, 515]
14H:45M:07S GYR:  [1, -1, -1]
14H:45M:07S ATT:  [-0.6, 2.7, 354]
14H:45M:07S VOL:  15.32
14H:45M:07S ALT:  1.94
14H:45M:07S ACC:  [-25, -6, 515]
14H:45M:07S GYR:  [0, -4, 1]
14H:45M:07S ATT:  [-0.6, 2.7, 354]
14H:45M:07S VOL:  15.32
14H:45M:07S ALT:  1.94
14H:45M:07S ACC:  [-25, -6, 515]
14H:45M:07S GYR:  [0, -3, 0]
14H:45M:07S ATT:  [-0.6, 2.7, 354]
14H:45M:07S VOL:  15.32
14H:45M:07S ALT:  1.94
14H:45M:07S ACC:  [-25, -6, 515]
14H:45M:07S GYR:  [1, -4, 3]
14H:45M:07S ATT:  [-0.6, 2.7, 354]
14H:45M:07S VOL:  15.32
14H:45M:07S ALT:  1.94
14H:45M:07S ACC:  [-24, -6, 514]
14H:45M:07S GYR:  [0, -1, 2]
14H:45M:07S ATT:  [-0.6, 2.7, 354]
14H:45M:07S VOL:  15.32
14H:45M:07S ALT:  1.94
14H:45M:07S ACC:  [-24, -6, 515]
14H:45M:07S GYR:  [0, 1, 0]
14H:45M:07S ATT:  [-0.6, 2.7, 354]
14H:45M:07S VOL:  15.32
14H:45M:07S ALT:  1.94
14H:45M:07S ACC:  [-25, -5, 515]
14H:45M:07S GYR:  [2, 1, 0]
14H:45M:07S ATT:  [-0.6, 2.7, 354]
14H:45M:07S VOL:  15.32
14H:45M:07S ALT:  1.94
14H:45M:07S ACC:  [-25, -5, 514]
14H:45M:07S GYR:  [2, 0, 2]
14H:45M:07S ATT:  [-0.6, 2.7, 354]
14H:45M:07S VOL:  15.32
14H:45M:07S ALT:  1.94
14H:45M:07S ACC:  [-24, -6, 515]
14H:45M:07S GYR:  [1, -2, 2]
14H:45M:07S ATT:  [-0.6, 2.7, 354]
14H:45M:07S VOL:  15.32
14H:45M:07S ALT:  1.94
[1500, 1500, 988, 1500, 988, 988, 988, 988, 1001, 1001, 1001, 1001, 1500, 1500, 1500, 1500]
14H:45M:07S ACC:  [-24, -6, 515]
14H:45M:07S GYR:  [-1, 1, 0]
14H:45M:07S ATT:  [-0.6, 2.7, 354]
14H:45M:07S VOL:  15.32
[1500, 1500, 988, 1500, 988, 988, 988, 988, 1001, 1001, 1001, 1001, 1500, 1500, 1500, 1500]
14H:45M:07S ALT:  1.94
[1500, 1500, 988, 1500, 988, 988, 988, 988, 1001, 1001, 1001, 1001, 1500, 1500, 1500, 1500]
[1500, 1500, 988, 1500, 988, 988, 988, 988, 1001, 1001, 1001, 1001, 1500, 1500, 1500, 1500]
14H:45M:07S ACC:  [-25, -6, 515]
14H:45M:07S GYR:  [0, -1, 2]
14H:45M:07S ATT:  [-0.6, 2.7, 354]
14H:45M:07S VOL:  15.32
[1500, 1500, 988, 1500, 988, 988, 988, 988, 1001, 1001, 1001, 1001, 1500, 1500, 1500, 1500]
14H:45M:07S ALT:  1.94
[1500, 1500, 988, 1500, 988, 988, 988, 988, 1001, 1001, 1001, 1001, 1500, 1500, 1500, 1500]
[1500, 1500, 988, 1500, 988, 988, 988, 988, 1001, 1001, 1001, 1001, 1500, 1500, 1500, 1500]
[1500, 1500, 988, 1500, 988, 988, 988, 988, 1001, 1001, 1001, 1001, 1500, 1500, 1500, 1500]
14H:45M:07S ACC:  [-25, -6, 515]
14H:45M:07S GYR:  [2, 0, 0]
14H:45M:07S ATT:  [-0.6, 2.7, 354]
14H:45M:07S VOL:  15.32
14H:45M:07S ALT:  1.94
[1500, 1500, 988, 1500, 988, 988, 988, 988, 1001, 1001, 1001, 1001, 1500, 1500, 1500, 1500]
[1500, 1500, 988, 1500, 988, 988, 988, 988, 1001, 1001, 1001, 1001, 1500, 1500, 1500, 1500]
[1500, 1500, 988, 1500, 988, 988, 988, 988, 1001, 1001, 1001, 1001, 1500, 1500, 1500, 1500]
14H:45M:07S ACC:  [-24, -6, 515]
14H:45M:07S GYR:  [-2, 1, -1]
14H:45M:07S ATT:  [-0.6, 2.7, 354]
14H:45M:07S VOL:  15.31
[1500, 1500, 988, 1500, 988, 988, 988, 988, 1001, 1001, 1001, 1001, 1500, 1500, 1500, 1500]
14H:45M:07S ALT:  1.94
[1500, 1500, 988, 1500, 988, 988, 988, 988, 1001, 1001, 1001, 1001, 1500, 1500, 1500, 1500]
[1500, 1500, 988, 1500, 988, 988, 988, 988, 1001, 1001, 1001, 1001, 1500, 1500, 1500, 1500]
14H:45M:07S ACC:  [-24, -6, 515]
14H:45M:07S GYR:  [2, 0, 2]
14H:45M:07S ATT:  [-0.6, 2.7, 354]
14H:45M:07S VOL:  15.31
[1500, 1500, 988, 1500, 988, 988, 988, 988, 1001, 1001, 1001, 1001, 1500, 1500, 1500, 1500]
14H:45M:08S ALT:  1.94
[1500, 1500, 988, 1500, 988, 988, 988, 988, 1001, 1001, 1001, 1001, 1500, 1500, 1500, 1500]
[1500, 1500, 988, 1500, 988, 988, 988, 988, 1001, 1001, 1001, 1001, 1500, 1500, 1500, 1500]
14H:45M:08S ACC:  [-25, -6, 515]
14H:45M:08S GYR:  [-3, -1, 2]
14H:45M:08S ATT:  [-0.6, 2.7, 354]
14H:45M:08S VOL:  15.31
[1500, 1500, 988, 1500, 988, 988, 988, 988, 1001, 1001, 1001, 1001, 1500, 1500, 1500, 1500]
14H:45M:08S ALT:  1.94
[1500, 1500, 988, 1500, 988, 988, 988, 988, 1001, 1001, 1001, 1001, 1500, 1500, 1500, 1500]
[1500, 1500, 988, 1500, 988, 988, 988, 988, 1001, 1001, 1001, 1001, 1500, 1500, 1500, 1500]
14H:45M:08S ACC:  [-25, -6, 514]
14H:45M:08S GYR:  [0, -2, 0]
14H:45M:08S ATT:  [-0.6, 2.7, 354]
14H:45M:08S VOL:  15.31
[1500, 1500, 988, 1500, 988, 988, 988, 988, 1001, 1001, 1001, 1001, 1500, 1500, 1500, 1500]
14H:45M:08S ALT:  1.94
[1500, 1500, 988, 1500, 988, 988, 988, 988, 1001, 1001, 1001, 1001, 1500, 1500, 1500, 1500]
[1500, 1500, 988, 1500, 988, 988, 988, 988, 1001, 1001, 1001, 1001, 1500, 1500, 1500, 1500]
14H:45M:08S ACC:  [-24, -6, 515]
14H:45M:08S GYR:  [-1, -3, 3]
14H:45M:08S ATT:  [-0.6, 2.7, 354]
14H:45M:08S VOL:  15.31
[1500, 1500, 988, 1500, 988, 988, 988, 988, 1001, 1001, 1001, 1001, 1500, 1500, 1500, 1500]
14H:45M:08S ALT:  1.94
[1500, 1500, 988, 1500, 988, 988, 988, 988, 1001, 1001, 1001, 1001, 1500, 1500, 1500, 1500]
[1500, 1500, 988, 1500, 988, 988, 988, 988, 1001, 1001, 1001, 1001, 1500, 1500, 1500, 1500]
14H:45M:08S ACC:  [-25, -6, 514]
14H:45M:08S GYR:  [0, 0, 3]
14H:45M:08S ATT:  [-0.6, 2.7, 354]
14H:45M:08S VOL:  15.31
14H:45M:08S ALT:  1.94
[1500, 1500, 988, 1500, 988, 988, 988, 988, 1001, 1001, 1001, 1001, 1500, 1500, 1500, 1500]
[1500, 1500, 988, 1500, 988, 988, 988, 988, 1001, 1001, 1001, 1001, 1500, 1500, 1500, 1500]
[1500, 1500, 988, 1500, 988, 988, 988, 988, 1001, 1001, 1001, 1001, 1500, 1500, 1500, 1500]
14H:45M:08S ACC:  [-25, -6, 515]
14H:45M:08S GYR:  [2, -1, 2]
14H:45M:08S ATT:  [-0.6, 2.7, 354]
14H:45M:08S VOL:  15.31
[1500, 1500, 988, 1500, 988, 988, 988, 988, 1001, 1001, 1001, 1001, 1500, 1500, 1500, 1500]
14H:45M:08S ALT:  1.94
[1500, 1500, 988, 1500, 988, 988, 988, 988, 1001, 1001, 1001, 1001, 1500, 1500, 1500, 1500]
[1500, 1500, 988, 1500, 988, 988, 988, 988, 1001, 1001, 1001, 1001, 1500, 1500, 1500, 1500]
14H:45M:08S ACC:  [-25, -6, 515]
14H:45M:08S GYR:  [2, -1, 4]
14H:45M:08S ATT:  [-0.6, 2.7, 354]
14H:45M:08S VOL:  15.31
[1500, 1500, 988, 1500, 988, 988, 988, 988, 1001, 1001, 1001, 1001, 1500, 1500, 1500, 1500]
14H:45M:08S ALT:  1.94
[1500, 1500, 988, 1500, 988, 988, 988, 988, 1001, 1001, 1001, 1001, 1500, 1500, 1500, 1500]
[1500, 1500, 988, 1500, 988, 988, 988, 988, 1001, 1001, 1001, 1001, 1500, 1500, 1500, 1500]
14H:45M:08S ACC:  [-25, -6, 514]
14H:45M:08S GYR:  [0, 0, 2]
14H:45M:08S ATT:  [-0.6, 2.7, 354]
14H:45M:08S VOL:  15.31
[1500, 1500, 988, 1500, 988, 988, 988, 988, 1001, 1001, 1001, 1001, 1500, 1500, 1500, 1500]
14H:45M:08S ALT:  1.94
[1500, 1500, 988, 1500, 988, 988, 988, 988, 1001, 1001, 1001, 1001, 1500, 1500, 1500, 1500]
[1500, 1500, 988, 1500, 988, 988, 988, 988, 1001, 1001, 1001, 1001, 1500, 1500, 1500, 1500]
14H:45M:08S ACC:  [-24, -5, 515]
14H:45M:08S GYR:  [0, 0, -1]
14H:45M:08S ATT:  [-0.6, 2.7, 354]
14H:45M:08S VOL:  15.31
[1500, 1500, 988, 1500, 988, 988, 988, 988, 1001, 1001, 1001, 1001, 1500, 1500, 1500, 1500]
14H:45M:08S ALT:  1.94
[1500, 1500, 988, 1500, 988, 988, 988, 988, 1001, 1001, 1001, 1001, 1500, 1500, 1500, 1500]
[1500, 1500, 988, 1500, 988, 988, 988, 988, 1001, 1001, 1001, 1001, 1500, 1500, 1500, 1500]
14H:45M:08S ACC:  [-24, -5, 515]
14H:45M:08S GYR:  [0, -1, 0]
14H:45M:08S ATT:  [-0.6, 2.7, 354]
14H:45M:08S VOL:  15.31
14H:45M:08S ALT:  1.94
[1500, 1500, 988, 1500, 988, 988, 988, 988, 1001, 1001, 1001, 1001, 1500, 1500, 1500, 1500]
[1500, 1500, 988, 1500, 988, 988, 988, 988, 1001, 1001, 1001, 1001, 1500, 1500, 1500, 1500]
[1500, 1500, 988, 1500, 988, 988, 988, 988, 1001, 1001, 1001, 1001, 1500, 1500, 1500, 1500]
14H:45M:08S ACC:  [-25, -6, 515]
14H:45M:08S GYR:  [0, -1, 1]
14H:45M:08S ATT:  [-0.6, 2.7, 354]
14H:45M:08S VOL:  15.31
[1500, 1500, 988, 1500, 988, 988, 988, 988, 1001, 1001, 1001, 1001, 1500, 1500, 1500, 1500]
14H:45M:08S ALT:  1.94
[1500, 1500, 988, 1500, 988, 988, 988, 988, 1001, 1001, 1001, 1001, 1500, 1500, 1500, 1500]
[1500, 1500, 988, 1500, 988, 988, 988, 988, 1001, 1001, 1001, 1001, 1500, 1500, 1500, 1500]
14H:45M:08S ACC:  [-25, -6, 515]
14H:45M:08S GYR:  [1, -1, 0]
14H:45M:08S ATT:  [-0.6, 2.7, 354]
14H:45M:08S VOL:  15.31
[1500, 1500, 988, 1500, 988, 988, 988, 988, 1001, 1001, 1001, 1001, 1500, 1500, 1500, 1500]
14H:45M:08S ALT:  1.94
[1500, 1500, 988, 1500, 988, 988, 988, 988, 1001, 1001, 1001, 1001, 1500, 1500, 1500, 1500]
[1500, 1500, 988, 1500, 988, 988, 988, 988, 1001, 1001, 1001, 1001, 1500, 1500, 1500, 1500]
14H:45M:08S ACC:  [-24, -6, 515]
14H:45M:08S GYR:  [2, -2, 3]
14H:45M:08S ATT:  [-0.6, 2.7, 354]
14H:45M:08S VOL:  15.31
[1500, 1500, 988, 1500, 988, 988, 988, 988, 1001, 1001, 1001, 1001, 1500, 1500, 1500, 1500]
14H:45M:08S ALT:  1.94
[1500, 1500, 988, 1500, 988, 988, 988, 988, 1001, 1001, 1001, 1001, 1500, 1500, 1500, 1500]
[1500, 1500, 988, 1500, 988, 988, 988, 988, 1001, 1001, 1001, 1001, 1500, 1500, 1500, 1500]
14H:45M:08S ACC:  [-24, -6, 515]
14H:45M:08S GYR:  [-1, -1, -2]
14H:45M:08S ATT:  [-0.6, 2.7, 354]
14H:45M:08S VOL:  15.31
[1500, 1500, 988, 1500, 988, 988, 988, 988, 1001, 1001, 1001, 1001, 1500, 1500, 1500, 1500]
14H:45M:08S ALT:  1.94
[1500, 1500, 988, 1500, 988, 988, 988, 988, 1001, 1001, 1001, 1001, 1500, 1500, 1500, 1500]
[1500, 1500, 988, 1500, 988, 988, 988, 988, 1001, 1001, 1001, 1001, 1500, 1500, 1500, 1500]
[1500, 1500, 988, 1500, 988, 988, 988, 988, 1001, 1001, 1001, 1001, 1500, 1500, 1500, 1500]
[1500, 1500, 988, 1500, 988, 988, 988, 988, 1001, 1001, 1001, 1001, 1500, 1500, 1500, 1500]
14H:45M:08S ACC:  [-25, -6, 515]
14H:45M:08S GYR:  [2, 0, 1]
14H:45M:08S ATT:  [-0.6, 2.7, 354]
14H:45M:08S VOL:  15.32
[1500, 1500, 988, 1500, 988, 988, 988, 988, 1001, 1001, 1001, 1001, 1500, 1500, 1500, 1500]
[1500, 1500, 988, 1500, 988, 988, 988, 988, 1001, 1001, 1001, 1001, 1500, 1500, 1500, 1500]
[1500, 1500, 988, 1500, 988, 988, 988, 988, 1001, 1001, 1001, 1001, 1500, 1500, 1500, 1500]
14H:45M:08S ALT:  1.94
[1500, 1500, 988, 1500, 988, 988, 988, 988, 1001, 1001, 1001, 1001, 1500, 1500, 1500, 1500]
[1500, 1500, 988, 1500, 988, 988, 988, 988, 1001, 1001, 1001, 1001, 1500, 1500, 1500, 1500]
[1500, 1500, 988, 1500, 988, 988, 988, 988, 1001, 1001, 1001, 1001, 1500, 1500, 1500, 1500]
[1500, 1500, 988, 1500, 988, 988, 988, 988, 1001, 1001, 1001, 1001, 1500, 1500, 1500, 1500]
[1500, 1500, 988, 1500, 988, 988, 988, 988, 1001, 1001, 1001, 1001, 1500, 1500, 1500, 1500]
14H:45M:08S ACC:  [-25, -6, 515]
14H:45M:08S GYR:  [0, -1, 3]
14H:45M:08S ATT:  [-0.6, 2.7, 354]
14H:45M:08S VOL:  15.32
[1500, 1500, 988, 1500, 988, 988, 988, 988, 1001, 1001, 1001, 1001, 1500, 1500, 1500, 1500]
14H:45M:08S ALT:  1.94
[1500, 1500, 988, 1500, 988, 988, 988, 988, 1001, 1001, 1001, 1001, 1500, 1500, 1500, 1500]
[1500, 1500, 988, 1500, 988, 988, 988, 988, 1001, 1001, 1001, 1001, 1500, 1500, 1500, 1500]
14H:45M:08S ACC:  [-25, -6, 514]
14H:45M:08S GYR:  [2, 0, 3]
14H:45M:08S ATT:  [-0.6, 2.7, 354]
14H:45M:08S VOL:  15.32
[1500, 1500, 988, 1500, 988, 988, 988, 988, 1001, 1001, 1001, 1001, 1500, 1500, 1500, 1500]
14H:45M:09S ALT:  2.0
[1500, 1500, 988, 1500, 988, 988, 988, 988, 1001, 1001, 1001, 1001, 1500, 1500, 1500, 1500]
[1500, 1500, 988, 1500, 988, 988, 988, 988, 1001, 1001, 1001, 1001, 1500, 1500, 1500, 1500]
14H:45M:09S ACC:  [-25, -6, 514]
14H:45M:09S GYR:  [1, -1, 1]
14H:45M:09S ATT:  [-0.6, 2.7, 354]
14H:45M:09S VOL:  15.32
[1500, 1500, 988, 1500, 988, 988, 988, 988, 1001, 1001, 1001, 1001, 1500, 1500, 1500, 1500]
14H:45M:09S ALT:  2.02
[1500, 1500, 988, 1500, 988, 988, 988, 988, 1001, 1001, 1001, 1001, 1500, 1500, 1500, 1500]
[1500, 1500, 988, 1500, 988, 988, 988, 988, 1001, 1001, 1001, 1001, 1500, 1500, 1500, 1500]
14H:45M:09S ACC:  [-24, -6, 515]
14H:45M:09S GYR:  [0, 0, 1]
14H:45M:09S ATT:  [-0.6, 2.7, 354]
14H:45M:09S VOL:  15.31
[1500, 1500, 988, 1500, 988, 988, 988, 988, 1001, 1001, 1001, 1001, 1500, 1500, 1500, 1500]
14H:45M:09S ALT:  2.02
[1500, 1500, 988, 1500, 988, 988, 988, 988, 1001, 1001, 1001, 1001, 1500, 1500, 1500, 1500]
[1500, 1500, 988, 1500, 988, 988, 988, 988, 1001, 1001, 1001, 1001, 1500, 1500, 1500, 1500]
[1500, 1500, 988, 1500, 988, 988, 988, 988, 1001, 1001, 1001, 1001, 1500, 1500, 1500, 1500]
[1500, 1500, 988, 1500, 988, 988, 988, 988, 1001, 1001, 1001, 1001, 1500, 1500, 1500, 1500]
[1500, 1500, 988, 1500, 988, 988, 988, 988, 1001, 1001, 1001, 1001, 1500, 1500, 1500, 1500]
[1500, 1500, 988, 1500, 988, 988, 988, 988, 1001, 1001, 1001, 1001, 1500, 1500, 1500, 1500]
14H:45M:09S ACC:  [-25, -6, 515]
14H:45M:09S GYR:  [1, -1, -1]
14H:45M:09S ATT:  [-0.6, 2.7, 354]
14H:45M:09S VOL:  15.31
[1500, 1500, 988, 1500, 988, 988, 988, 988, 1001, 1001, 1001, 1001, 1500, 1500, 1500, 1500]
[1500, 1500, 988, 1500, 988, 988, 988, 988, 1001, 1001, 1001, 1001, 1500, 1500, 1500, 1500]
[1500, 1500, 988, 1500, 988, 988, 988, 988, 1001, 1001, 1001, 1001, 1500, 1500, 1500, 1500]
14H:45M:09S ALT:  2.02
[1500, 1500, 988, 1500, 988, 988, 988, 988, 1001, 1001, 1001, 1001, 1500, 1500, 1500, 1500]
[1500, 1500, 988, 1500, 988, 988, 988, 988, 1001, 1001, 1001, 1001, 1500, 1500, 1500, 1500]
14H:45M:09S ACC:  [-24, -6, 515]
14H:45M:09S GYR:  [0, -3, 0]
14H:45M:09S ATT:  [-0.6, 2.7, 354]
14H:45M:09S VOL:  15.31
[1500, 1500, 988, 1500, 988, 988, 988, 988, 1001, 1001, 1001, 1001, 1500, 1500, 1500, 1500]
14H:45M:09S ALT:  2.02
[1500, 1500, 988, 1500, 988, 988, 988, 988, 1001, 1001, 1001, 1001, 1500, 1500, 1500, 1500]
14H:45M:09S ACC:  [-25, -6, 515]
14H:45M:09S GYR:  [-1, -2, -1]
14H:45M:09S ATT:  [-0.6, 2.7, 354]
14H:45M:09S VOL:  15.31
[1500, 1500, 988, 1500, 988, 988, 988, 988, 1001, 1001, 1001, 1001, 1500, 1500, 1500, 1500]
14H:45M:09S ALT:  2.02
[1500, 1500, 988, 1500, 988, 988, 988, 988, 1001, 1001, 1001, 1001, 1500, 1500, 1500, 1500]
[1500, 1500, 988, 1500, 988, 988, 988, 988, 1001, 1001, 1001, 1001, 1500, 1500, 1500, 1500]
14H:45M:09S ACC:  [-24, -6, 515]
14H:45M:09S GYR:  [1, -1, 0]
14H:45M:09S ATT:  [-0.6, 2.7, 354]
14H:45M:09S VOL:  15.31
[1500, 1500, 988, 1500, 988, 988, 988, 988, 1001, 1001, 1001, 1001, 1500, 1500, 1500, 1500]
14H:45M:09S ALT:  2.02
[1500, 1500, 988, 1500, 988, 988, 988, 988, 1001, 1001, 1001, 1001, 1500, 1500, 1500, 1500]
[1500, 1500, 988, 1500, 988, 988, 988, 988, 1001, 1001, 1001, 1001, 1500, 1500, 1500, 1500]
14H:45M:09S ACC:  [-25, -5, 514]
14H:45M:09S GYR:  [0, 0, -1]
14H:45M:09S ATT:  [-0.6, 2.7, 354]
14H:45M:09S VOL:  15.31
[1500, 1500, 988, 1500, 2011, 988, 988, 988, 1001, 1001, 1001, 1001, 1500, 1500, 1500, 1500]
14H:45M:09S ALT:  2.02
[1500, 1500, 988, 1500, 2011, 988, 988, 988, 1001, 1001, 1001, 1001, 1500, 1500, 1500, 1500]
[1500, 1500, 988, 1500, 2011, 988, 988, 988, 1001, 1001, 1001, 1001, 1500, 1500, 1500, 1500]
14H:45M:09S ACC:  [-24, -6, 515]
14H:45M:09S GYR:  [0, -3, 2]
14H:45M:09S ATT:  [-0.6, 2.7, 354]
14H:45M:09S VOL:  15.32
14H:45M:09S ALT:  0.0
[1500, 1500, 988, 1500, 2011, 988, 988, 988, 1001, 1001, 1001, 1001, 1500, 1500, 1500, 1500]
[1500, 1500, 988, 1500, 2011, 988, 988, 988, 1001, 1001, 1001, 1001, 1500, 1500, 1500, 1500]
[1500, 1500, 988, 1500, 2011, 988, 988, 988, 1001, 1001, 1001, 1001, 1500, 1500, 1500, 1500]
14H:45M:09S ACC:  [-25, -6, 515]
14H:45M:09S GYR:  [0, 2, 0]
14H:45M:09S ATT:  [-0.6, 2.7, 354]
14H:45M:09S VOL:  15.32
[1500, 1500, 988, 1500, 2011, 988, 988, 988, 1001, 1001, 1001, 1001, 1500, 1500, 1500, 1500]
14H:45M:09S ALT:  0.0
[1500, 1500, 988, 1500, 2011, 988, 988, 988, 1001, 1001, 1001, 1001, 1500, 1500, 1500, 1500]
[1500, 1500, 988, 1500, 2011, 988, 988, 988, 1001, 1001, 1001, 1001, 1500, 1500, 1500, 1500]
14H:45M:09S ACC:  [-25, -6, 515]
14H:45M:09S GYR:  [7, 3, 10]
14H:45M:09S ATT:  [-0.6, 2.7, 354]
14H:45M:09S VOL:  15.31
[1500, 1500, 988, 1500, 2011, 988, 988, 988, 1001, 1001, 1001, 1001, 1500, 1500, 1500, 1500]
14H:45M:09S ALT:  0.0
[1500, 1500, 988, 1500, 2011, 988, 988, 988, 1001, 1001, 1001, 1001, 1500, 1500, 1500, 1500]
[1500, 1500, 988, 1500, 2011, 988, 988, 988, 1001, 1001, 1001, 1001, 1500, 1500, 1500, 1500]
14H:45M:09S ACC:  [-27, -4, 515]
14H:45M:09S GYR:  [5, -8, -31]
14H:45M:09S ATT:  [-0.6, 2.7, 354]
14H:45M:09S VOL:  15.32
[1500, 1500, 988, 1500, 2011, 988, 988, 988, 1001, 1001, 1001, 1001, 1500, 1500, 1500, 1500]
14H:45M:09S ALT:  0.0
[1500, 1500, 988, 1500, 2011, 988, 988, 988, 1001, 1001, 1001, 1001, 1500, 1500, 1500, 1500]
[1500, 1500, 988, 1500, 2011, 988, 988, 988, 1001, 1001, 1001, 1001, 1500, 1500, 1500, 1500]
14H:45M:09S ACC:  [-26, -5, 515]
14H:45M:09S GYR:  [-5, -3, 5]
14H:45M:09S ATT:  [-0.6, 2.7, 354]
14H:45M:09S VOL:  15.31
14H:45M:09S ALT:  0.0
[1500, 1500, 988, 1500, 2011, 988, 988, 988, 1001, 1001, 1001, 1001, 1500, 1500, 1500, 1500]
14H:45M:09S ACC:  [-26, -4, 515]
14H:45M:09S GYR:  [1, 1, -5]
14H:45M:09S ATT:  [-0.6, 2.7, 354]
14H:45M:09S VOL:  15.31
14H:45M:09S ALT:  0.0
[1500, 1500, 988, 1500, 2011, 988, 988, 988, 1001, 1001, 1001, 1001, 1500, 1500, 1500, 1500]
[1500, 1500, 988, 1500, 2011, 988, 988, 988, 1001, 1001, 1001, 1001, 1500, 1500, 1500, 1500]
[1500, 1500, 988, 1500, 2011, 988, 988, 988, 1001, 1001, 1001, 1001, 1500, 1500, 1500, 1500]
14H:45M:09S ACC:  [-25, -4, 515]
14H:45M:09S GYR:  [1, 2, 0]
14H:45M:09S ATT:  [-0.6, 2.7, 354]
14H:45M:09S VOL:  15.31
[1500, 1500, 988, 1500, 2011, 988, 988, 988, 1001, 1001, 1001, 1001, 1500, 1500, 1500, 1500]
14H:45M:09S ALT:  0.0
[1500, 1500, 988, 1500, 2011, 988, 988, 988, 1001, 1001, 1001, 1001, 1500, 1500, 1500, 1500]
[1500, 1500, 988, 1500, 2011, 988, 988, 988, 1001, 1001, 1001, 1001, 1500, 1500, 1500, 1500]
14H:45M:09S ACC:  [-26, -5, 515]
14H:45M:09S GYR:  [10, -4, -1]
14H:45M:09S ATT:  [-0.6, 2.7, 354]
14H:45M:09S VOL:  15.31
[1500, 1500, 988, 1500, 2011, 988, 988, 988, 1001, 1001, 1001, 1001, 1500, 1500, 1500, 1500]
14H:45M:10S ALT:  0.0
[1500, 1500, 988, 1500, 2011, 988, 988, 988, 1001, 1001, 1001, 1001, 1500, 1500, 1500, 1500]
[1500, 1500, 988, 1500, 2011, 988, 988, 988, 1001, 1001, 1001, 1001, 1500, 1500, 1500, 1500]
14H:45M:10S ACC:  [-26, -5, 515]
14H:45M:10S GYR:  [4, 1, 8]
14H:45M:10S ATT:  [-0.6, 2.7, 354]
14H:45M:10S VOL:  15.31
[1500, 1500, 988, 1500, 2011, 988, 988, 988, 1001, 1001, 1001, 1001, 1500, 1500, 1500, 1500]
14H:45M:10S ALT:  0.0
[1500, 1500, 988, 1500, 2011, 988, 988, 988, 1001, 1001, 1001, 1001, 1500, 1500, 1500, 1500]
[1500, 1500, 988, 1500, 2011, 988, 988, 988, 1001, 1001, 1001, 1001, 1500, 1500, 1500, 1500]
[1500, 1500, 988, 1500, 2011, 988, 988, 988, 1001, 1001, 1001, 1001, 1500, 1500, 1500, 1500]
14H:45M:10S ACC:  [-26, -4, 514]
14H:45M:10S GYR:  [8, -6, 0]
14H:45M:10S ATT:  [-0.6, 2.7, 354]
14H:45M:10S VOL:  15.3
[1500, 1500, 988, 1500, 2011, 988, 988, 988, 1001, 1001, 1001, 1001, 1500, 1500, 1500, 1500]
[1500, 1500, 988, 1500, 2011, 988, 988, 988, 1001, 1001, 1001, 1001, 1500, 1500, 1500, 1500]
[1500, 1500, 988, 1500, 2011, 988, 988, 988, 1001, 1001, 1001, 1001, 1500, 1500, 1500, 1500]
14H:45M:10S ALT:  0.0
[1500, 1500, 988, 1500, 2011, 988, 988, 988, 1001, 1001, 1001, 1001, 1500, 1500, 1500, 1500]
[1500, 1500, 988, 1500, 2011, 988, 988, 988, 1001, 1001, 1001, 1001, 1500, 1500, 1500, 1500]
[1500, 1500, 988, 1500, 2011, 988, 988, 988, 1001, 1001, 1001, 1001, 1500, 1500, 1500, 1500]
[1500, 1500, 988, 1500, 2011, 988, 988, 988, 1001, 1001, 1001, 1001, 1500, 1500, 1500, 1500]
[1500, 1500, 988, 1500, 2011, 988, 988, 988, 1001, 1001, 1001, 1001, 1500, 1500, 1500, 1500]
[1500, 1500, 988, 1500, 2011, 988, 988, 988, 1001, 1001, 1001, 1001, 1500, 1500, 1500, 1500]
14H:45M:10S ACC:  [-25, -5, 514]
14H:45M:10S GYR:  [3, 3, 5]
14H:45M:10S ATT:  [-0.6, 2.7, 354]
14H:45M:10S VOL:  15.3
14H:45M:10S ALT:  0.0
[1500, 1500, 988, 1500, 2011, 988, 988, 988, 1001, 1001, 1001, 1001, 1500, 1500, 1500, 1500]
[1500, 1500, 988, 1500, 2011, 988, 988, 988, 1001, 1001, 1001, 1001, 1500, 1500, 1500, 1500]
[1500, 1500, 988, 1500, 2011, 988, 988, 988, 1001, 1001, 1001, 1001, 1500, 1500, 1500, 1500]
[1500, 1500, 988, 1500, 2011, 988, 988, 988, 1001, 1001, 1001, 1001, 1500, 1500, 1500, 1500]
14H:45M:10S ACC:  [-25, -4, 514]
14H:45M:10S GYR:  [-1, -6, 7]
14H:45M:10S ATT:  [-0.6, 2.7, 354]
14H:45M:10S VOL:  15.3
14H:45M:10S ALT:  0.0
[1500, 1500, 988, 1500, 2011, 988, 988, 988, 1001, 1001, 1001, 1001, 1500, 1500, 1500, 1500]
[1500, 1500, 988, 1500, 2011, 988, 988, 988, 1001, 1001, 1001, 1001, 1500, 1500, 1500, 1500]
[1500, 1500, 988, 1500, 2011, 988, 988, 988, 1001, 1001, 1001, 1001, 1500, 1500, 1500, 1500]
14H:45M:10S ACC:  [-25, -4, 515]
14H:45M:10S GYR:  [-2, 3, -2]
14H:45M:10S ATT:  [-0.6, 2.7, 354]
14H:45M:10S VOL:  15.3
[1500, 1500, 988, 1500, 2011, 988, 988, 988, 1001, 1001, 1001, 1001, 1500, 1500, 1500, 1500]
14H:45M:10S ALT:  0.0
[1500, 1500, 988, 1500, 2011, 988, 988, 988, 1001, 1001, 1001, 1001, 1500, 1500, 1500, 1500]
[1500, 1500, 988, 1500, 2011, 988, 988, 988, 1001, 1001, 1001, 1001, 1500, 1500, 1500, 1500]
14H:45M:10S ACC:  [-26, -5, 514]
14H:45M:10S GYR:  [7, -13, 12]
14H:45M:10S ATT:  [-0.6, 2.7, 354]
14H:45M:10S VOL:  15.3
[1500, 1500, 988, 1500, 2011, 988, 988, 988, 1001, 1001, 1001, 1001, 1500, 1500, 1500, 1500]
14H:45M:10S ALT:  0.0
[1500, 1500, 988, 1500, 2011, 988, 988, 988, 1001, 1001, 1001, 1001, 1500, 1500, 1500, 1500]
[1500, 1500, 988, 1500, 2011, 988, 988, 988, 1001, 1001, 1001, 1001, 1500, 1500, 1500, 1500]
14H:45M:10S ACC:  [-26, -5, 515]
14H:45M:10S GYR:  [9, -2, -7]
14H:45M:10S ATT:  [-0.6, 2.7, 354]
14H:45M:10S VOL:  15.29
[1500, 1500, 988, 1500, 2011, 988, 988, 988, 1001, 1001, 1001, 1001, 1500, 1500, 1500, 1500]
14H:45M:10S ALT:  0.0
[1500, 1500, 988, 1500, 2011, 988, 988, 988, 1001, 1001, 1001, 1001, 1500, 1500, 1500, 1500]
[1500, 1500, 988, 1500, 2011, 988, 988, 988, 1001, 1001, 1001, 1001, 1500, 1500, 1500, 1500]
14H:45M:10S ACC:  [-27, -4, 514]
14H:45M:10S GYR:  [-1, -6, -7]
14H:45M:10S ATT:  [-0.6, 2.7, 354]
14H:45M:10S VOL:  15.3
[1500, 1500, 988, 1500, 2011, 988, 988, 988, 1001, 1001, 1001, 1001, 1500, 1500, 1500, 1500]
14H:45M:10S ALT:  0.0
[1500, 1500, 988, 1500, 2011, 988, 988, 988, 1001, 1001, 1001, 1001, 1500, 1500, 1500, 1500]
[1500, 1500, 988, 1500, 2011, 988, 988, 988, 1001, 1001, 1001, 1001, 1500, 1500, 1500, 1500]
[1500, 1500, 988, 1500, 2011, 988, 988, 988, 1001, 1001, 1001, 1001, 1500, 1500, 1500, 1500]
14H:45M:10S ACC:  [-25, -5, 516]
14H:45M:10S GYR:  [2, 2, 18]
14H:45M:10S ATT:  [-0.6, 2.7, 354]
14H:45M:10S VOL:  15.3
14H:45M:10S ALT:  0.0
[1500, 1500, 988, 1500, 2011, 988, 988, 988, 1001, 1001, 1001, 1001, 1500, 1500, 1500, 1500]
[1500, 1500, 988, 1500, 2011, 988, 988, 988, 1001, 1001, 1001, 1001, 1500, 1500, 1500, 1500]
[1500, 1500, 988, 1500, 2011, 988, 988, 988, 1001, 1001, 1001, 1001, 1500, 1500, 1500, 1500]
14H:45M:10S ACC:  [-26, -5, 514]
14H:45M:10S GYR:  [5, -7, -3]
14H:45M:10S ATT:  [-0.6, 2.7, 354]
14H:45M:10S VOL:  15.3
[1500, 1500, 988, 1500, 2011, 988, 988, 988, 1001, 1001, 1001, 1001, 1500, 1500, 1500, 1500]
14H:45M:10S ALT:  0.0
[1500, 1500, 988, 1500, 2011, 988, 988, 988, 1001, 1001, 1001, 1001, 1500, 1500, 1500, 1500]
[1500, 1500, 988, 1500, 2011, 988, 988, 988, 1001, 1001, 1001, 1001, 1500, 1500, 1500, 1500]
14H:45M:10S ACC:  [-27, -4, 515]
14H:45M:10S GYR:  [-1, -2, 7]
14H:45M:10S ATT:  [-0.6, 2.7, 354]
14H:45M:10S VOL:  15.3
[1500, 1500, 988, 1500, 2011, 988, 988, 988, 1001, 1001, 1001, 1001, 1500, 1500, 1500, 1500]
14H:45M:10S ALT:  0.0
[1500, 1500, 988, 1500, 2011, 988, 988, 988, 1001, 1001, 1001, 1001, 1500, 1500, 1500, 1500]
[1500, 1500, 988, 1500, 2011, 988, 988, 988, 1001, 1001, 1001, 1001, 1500, 1500, 1500, 1500]
14H:45M:10S ACC:  [-25, -5, 515]
14H:45M:10S GYR:  [7, 0, -6]
14H:45M:10S ATT:  [-0.6, 2.7, 353]
14H:45M:10S VOL:  15.3
[1500, 1500, 988, 1500, 2011, 988, 988, 988, 1001, 1001, 1001, 1001, 1500, 1500, 1500, 1500]
14H:45M:10S ALT:  0.0
[1500, 1500, 988, 1500, 2011, 988, 988, 988, 1001, 1001, 1001, 1001, 1500, 1500, 1500, 1500]
[1500, 1500, 988, 1500, 2011, 988, 988, 988, 1001, 1001, 1001, 1001, 1500, 1500, 1500, 1500]
[1500, 1500, 988, 1500, 2011, 988, 988, 988, 1001, 1001, 1001, 1001, 1500, 1500, 1500, 1500]
14H:45M:10S ACC:  [-25, -1, 514]
14H:45M:10S GYR:  [2, -1, -13]
14H:45M:10S ATT:  [-0.6, 2.7, 353]
14H:45M:10S VOL:  15.3
[1500, 1500, 988, 1500, 2011, 988, 988, 988, 1001, 1001, 1001, 1001, 1500, 1500, 1500, 1500]
[1500, 1500, 988, 1500, 2011, 988, 988, 988, 1001, 1001, 1001, 1001, 1500, 1500, 1500, 1500]
[1500, 1500, 988, 1500, 2011, 988, 988, 988, 1001, 1001, 1001, 1001, 1500, 1500, 1500, 1500]
14H:45M:10S ALT:  0.0
[1500, 1500, 988, 1500, 2011, 988, 988, 988, 1001, 1001, 1001, 1001, 1500, 1500, 1500, 1500]
[1500, 1500, 988, 1500, 2011, 988, 988, 988, 1001, 1001, 1001, 1001, 1500, 1500, 1500, 1500]
[1500, 1500, 988, 1500, 2011, 988, 988, 988, 1001, 1001, 1001, 1001, 1500, 1500, 1500, 1500]
[1500, 1500, 988, 1500, 2011, 988, 988, 988, 1001, 1001, 1001, 1001, 1500, 1500, 1500, 1500]
[1500, 1500, 988, 1500, 2011, 988, 988, 988, 1001, 1001, 1001, 1001, 1500, 1500, 1500, 1500]
14H:45M:10S ACC:  [-25, -5, 515]
14H:45M:10S GYR:  [-2, 2, 21]
14H:45M:10S ATT:  [-0.6, 2.7, 353]
14H:45M:10S VOL:  15.3
14H:45M:10S ALT:  0.0
[1500, 1500, 988, 1500, 2011, 988, 988, 988, 1001, 1001, 1001, 1001, 1500, 1500, 1500, 1500]
[1500, 1500, 988, 1500, 2011, 988, 988, 988, 1001, 1001, 1001, 1001, 1500, 1500, 1500, 1500]
[1500, 1500, 988, 1500, 2011, 988, 988, 988, 1001, 1001, 1001, 1001, 1500, 1500, 1500, 1500]
14H:45M:10S ACC:  [-27, -5, 515]
14H:45M:10S GYR:  [0, 7, -15]
14H:45M:10S ATT:  [-0.6, 2.7, 353]
14H:45M:10S VOL:  15.3
[1500, 1500, 988, 1500, 2011, 988, 988, 988, 1001, 1001, 1001, 1001, 1500, 1500, 1500, 1500]
14H:45M:10S ALT:  0.0
[1500, 1500, 988, 1500, 2011, 988, 988, 988, 1001, 1001, 1001, 1001, 1500, 1500, 1500, 1500]
14H:45M:10S ACC:  [-26, -6, 515]
14H:45M:10S GYR:  [14, -6, -13]
14H:45M:10S ATT:  [-0.6, 2.7, 353]
14H:45M:10S VOL:  15.3
[1500, 1500, 988, 1500, 2011, 988, 988, 988, 1001, 1001, 1001, 1001, 1500, 1500, 1500, 1500]
14H:45M:11S ALT:  0.0
[1500, 1500, 988, 1500, 2011, 988, 988, 988, 1001, 1001, 1001, 1001, 1500, 1500, 1500, 1500]
[1500, 1500, 988, 1500, 2011, 988, 988, 988, 1001, 1001, 1001, 1001, 1500, 1500, 1500, 1500]
14H:45M:11S ACC:  [-25, -3, 513]
14H:45M:11S GYR:  [4, -7, 8]
14H:45M:11S ATT:  [-0.6, 2.7, 353]
14H:45M:11S VOL:  15.3
[1500, 1500, 988, 1500, 2011, 988, 988, 988, 1001, 1001, 1001, 1001, 1500, 1500, 1500, 1500]
14H:45M:11S ALT:  0.0
[1500, 1500, 988, 1500, 2011, 988, 988, 988, 1001, 1001, 1001, 1001, 1500, 1500, 1500, 1500]
[1500, 1500, 988, 1500, 2011, 988, 988, 988, 1001, 1001, 1001, 1001, 1500, 1500, 1500, 1500]
14H:45M:11S ACC:  [-26, -4, 515]
14H:45M:11S GYR:  [1, 5, -7]
14H:45M:11S ATT:  [-0.6, 2.7, 353]
14H:45M:11S VOL:  15.3
[1500, 1500, 988, 1500, 2011, 988, 988, 988, 1001, 1001, 1001, 1001, 1500, 1500, 1500, 1500]
14H:45M:11S ALT:  0.0
[1500, 1500, 988, 1500, 2011, 988, 988, 988, 1001, 1001, 1001, 1001, 1500, 1500, 1500, 1500]
[1500, 1500, 988, 1500, 2011, 988, 988, 988, 1001, 1001, 1001, 1001, 1500, 1500, 1500, 1500]
[1500, 1500, 988, 1500, 2011, 988, 988, 988, 1001, 1001, 1001, 1001, 1500, 1500, 1500, 1500]
14H:45M:11S ACC:  [-26, -4, 514]
14H:45M:11S GYR:  [1, -9, 2]
14H:45M:11S ATT:  [-0.6, 2.7, 353]
14H:45M:11S VOL:  15.3
14H:45M:11S ALT:  0.0
[1500, 1500, 988, 1500, 2011, 988, 988, 988, 1001, 1001, 1001, 1001, 1500, 1500, 1500, 1500]
[1500, 1500, 988, 1500, 2011, 988, 988, 988, 1001, 1001, 1001, 1001, 1500, 1500, 1500, 1500]
14H:45M:11S ACC:  [-26, -5, 515]
14H:45M:11S GYR:  [6, 5, -9]
14H:45M:11S ATT:  [-0.6, 2.7, 353]
14H:45M:11S VOL:  15.3
[1500, 1500, 988, 1500, 2011, 988, 988, 988, 1001, 1001, 1001, 1001, 1500, 1500, 1500, 1500]
14H:45M:11S ALT:  0.0
[1500, 1500, 988, 1500, 2011, 988, 988, 988, 1001, 1001, 1001, 1001, 1500, 1500, 1500, 1500]
[1500, 1500, 988, 1500, 2011, 988, 988, 988, 1001, 1001, 1001, 1001, 1500, 1500, 1500, 1500]
14H:45M:11S ACC:  [-26, -4, 514]
14H:45M:11S GYR:  [-1, -5, -3]
14H:45M:11S ATT:  [-0.6, 2.7, 353]
14H:45M:11S VOL:  15.3
[1500, 1500, 988, 1500, 2011, 988, 988, 988, 1001, 1001, 1001, 1001, 1500, 1500, 1500, 1500]
14H:45M:11S ALT:  0.0
[1500, 1500, 988, 1500, 2011, 988, 988, 988, 1001, 1001, 1001, 1001, 1500, 1500, 1500, 1500]
[1500, 1500, 988, 1500, 2011, 988, 988, 988, 1001, 1001, 1001, 1001, 1500, 1500, 1500, 1500]
14H:45M:11S ACC:  [-25, -4, 515]
14H:45M:11S GYR:  [1, 3, 20]
14H:45M:11S ATT:  [-0.6, 2.7, 353]
14H:45M:11S VOL:  15.31
[1500, 1500, 988, 1500, 2011, 988, 988, 988, 1001, 1001, 1001, 1001, 1500, 1500, 1500, 1500]
14H:45M:11S ALT:  0.0
[1500, 1500, 988, 1500, 2011, 988, 988, 988, 1001, 1001, 1001, 1001, 1500, 1500, 1500, 1500]
[1500, 1500, 988, 1500, 2011, 988, 988, 988, 1001, 1001, 1001, 1001, 1500, 1500, 1500, 1500]
14H:45M:11S ACC:  [-26, -4, 514]
14H:45M:11S GYR:  [11, -6, -14]
14H:45M:11S ATT:  [-0.6, 2.7, 353]
14H:45M:11S VOL:  15.3
[1500, 1500, 988, 1500, 2011, 988, 988, 988, 1001, 1001, 1001, 1001, 1500, 1500, 1500, 1500]
14H:45M:11S ALT:  0.0
[1500, 1500, 988, 1500, 2011, 988, 988, 988, 1001, 1001, 1001, 1001, 1500, 1500, 1500, 1500]
[1500, 1500, 988, 1500, 2011, 988, 988, 988, 1001, 1001, 1001, 1001, 1500, 1500, 1500, 1500]
14H:45M:11S ACC:  [-27, -5, 515]
14H:45M:11S GYR:  [1, -3, 3]
14H:45M:11S ATT:  [-0.5, 2.7, 353]
14H:45M:11S VOL:  15.3
14H:45M:11S ALT:  0.0
14H:45M:11S ACC:  [-25, -5, 513]
14H:45M:11S GYR:  [0, -1, 4]
14H:45M:11S ATT:  [-0.5, 2.7, 353]
14H:45M:11S VOL:  15.29
14H:45M:11S ALT:  0.0
14H:45M:11S ACC:  [-26, -4, 515]
14H:45M:11S GYR:  [9, -9, -1]
14H:45M:11S ATT:  [-0.5, 2.7, 353]
14H:45M:11S VOL:  15.29
14H:45M:11S ALT:  0.06
14H:45M:11S ACC:  [-25, -4, 515]
14H:45M:11S GYR:  [-6, 0, 9]
14H:45M:11S ATT:  [-0.5, 2.7, 353]
14H:45M:11S VOL:  15.29
14H:45M:11S ALT:  0.07
14H:45M:11S ACC:  [-27, -5, 515]
14H:45M:11S GYR:  [7, -8, -3]
14H:45M:11S ATT:  [-0.5, 2.7, 353]
14H:45M:11S VOL:  15.29
14H:45M:11S ALT:  0.08
14H:45M:11S ACC:  [-27, -5, 515]
14H:45M:11S GYR:  [0, -1, -3]
14H:45M:11S ATT:  [-0.5, 2.7, 353]
14H:45M:11S VOL:  15.3
14H:45M:11S ALT:  0.08
14H:45M:11S ACC:  [-25, -5, 515]
14H:45M:11S GYR:  [-6, 2, 9]
14H:45M:11S ATT:  [-0.5, 2.7, 353]
14H:45M:11S VOL:  15.3
14H:45M:11S ALT:  0.08
14H:45M:11S ACC:  [-26, -3, 515]
14H:45M:11S GYR:  [5, -11, 0]
14H:45M:11S ATT:  [-0.5, 2.7, 353]
14H:45M:11S VOL:  15.3
14H:45M:12S ALT:  0.08
14H:45M:12S ACC:  [-26, -5, 514]
14H:45M:12S GYR:  [-6, 1, 11]
14H:45M:12S ATT:  [-0.5, 2.7, 353]
14H:45M:12S VOL:  15.3
14H:45M:12S ALT:  0.08
14H:45M:12S ACC:  [-26, -5, 515]
14H:45M:12S GYR:  [13, -14, -15]
14H:45M:12S ATT:  [-0.5, 2.7, 353]
14H:45M:12S VOL:  15.31
14H:45M:12S ALT:  0.08
14H:45M:12S ACC:  [-25, -5, 514]
14H:45M:12S GYR:  [9, 0, -10]
14H:45M:12S ATT:  [-0.5, 2.7, 353]
14H:45M:12S VOL:  15.3
14H:45M:12S ALT:  0.08
14H:45M:12S ACC:  [-25, -4, 514]
14H:45M:12S GYR:  [-2, 9, 23]
14H:45M:12S ATT:  [-0.5, 2.7, 353]
14H:45M:12S VOL:  15.3
14H:45M:12S ALT:  0.08
14H:45M:12S ACC:  [-26, -5, 514]
14H:45M:12S GYR:  [7, -9, -21]
14H:45M:12S ATT:  [-0.5, 2.7, 353]
14H:45M:12S VOL:  15.3
14H:45M:12S ALT:  0.08
14H:45M:12S ACC:  [-26, -4, 514]
14H:45M:12S GYR:  [5, -8, -12]
14H:45M:12S ATT:  [-0.5, 2.7, 353]
14H:45M:12S VOL:  15.3
14H:45M:12S ALT:  0.08
14H:45M:12S ACC:  [-26, -4, 514]
14H:45M:12S GYR:  [1, -1, -10]
14H:45M:12S ATT:  [-0.5, 2.7, 353]
14H:45M:12S VOL:  15.3
14H:45M:12S ALT:  0.08
14H:45M:12S ACC:  [-26, -5, 514]
14H:45M:12S GYR:  [1, 2, 7]
14H:45M:12S ATT:  [-0.5, 2.7, 353]
14H:45M:12S VOL:  15.3
14H:45M:12S ALT:  0.08
14H:45M:12S ACC:  [-27, -5, 513]
14H:45M:12S GYR:  [2, -6, -2]
14H:45M:12S ATT:  [-0.5, 2.7, 353]
14H:45M:12S VOL:  15.3
14H:45M:12S ALT:  0.08
14H:45M:12S ACC:  [-25, -4, 514]
14H:45M:12S GYR:  [3, -10, 9]
14H:45M:12S ATT:  [-0.5, 2.7, 353]
14H:45M:12S VOL:  15.3
14H:45M:12S ALT:  0.08
14H:45M:12S ACC:  [-26, -4, 514]
14H:45M:12S GYR:  [-1, 4, -9]
14H:45M:12S ATT:  [-0.5, 2.7, 353]
14H:45M:12S VOL:  15.3
14H:45M:12S ALT:  0.08
14H:45M:12S ACC:  [-26, -4, 513]
14H:45M:12S GYR:  [-1, -9, 0]
14H:45M:12S ATT:  [-0.5, 2.7, 353]
14H:45M:12S VOL:  15.3
14H:45M:12S ALT:  0.08
14H:45M:12S ACC:  [-26, -4, 514]
14H:45M:12S GYR:  [4, -9, 3]
14H:45M:12S ATT:  [-0.5, 2.7, 353]
14H:45M:12S VOL:  15.3
14H:45M:12S ALT:  0.08
14H:45M:12S ACC:  [-27, -4, 514]
14H:45M:12S GYR:  [-1, -2, -6]
14H:45M:12S ATT:  [-0.5, 2.7, 353]
14H:45M:12S VOL:  15.3
14H:45M:12S ALT:  0.08
14H:45M:12S ACC:  [-26, -4, 514]
14H:45M:12S GYR:  [-3, -10, 19]
14H:45M:12S ATT:  [-0.5, 2.7, 353]
14H:45M:12S VOL:  15.3
14H:45M:12S ALT:  0.08
14H:45M:12S ACC:  [-26, -5, 514]
14H:45M:12S GYR:  [-4, 1, -14]
14H:45M:12S ATT:  [-0.5, 2.7, 353]
14H:45M:12S VOL:  15.3
14H:45M:13S ALT:  0.08
14H:45M:13S ACC:  [-27, -5, 517]
14H:45M:13S GYR:  [2, -3, -16]
14H:45M:13S ATT:  [-0.5, 2.7, 353]
14H:45M:13S VOL:  15.29
14H:45M:13S ALT:  0.08
14H:45M:13S ACC:  [-25, -5, 514]
14H:45M:13S GYR:  [-1, 6, 11]
14H:45M:13S ATT:  [-0.5, 2.7, 353]
14H:45M:13S VOL:  15.3
14H:45M:13S ALT:  0.08
14H:45M:13S ACC:  [-25, -5, 514]
14H:45M:13S GYR:  [-2, 1, 1]
14H:45M:13S ATT:  [-0.5, 2.7, 353]
14H:45M:13S VOL:  15.3
14H:45M:13S ALT:  0.08
14H:45M:13S ACC:  [-25, -6, 514]
14H:45M:13S GYR:  [-13, 3, -2]
14H:45M:13S ATT:  [-0.5, 2.7, 353]
14H:45M:13S VOL:  15.3
14H:45M:13S ALT:  0.08
14H:45M:13S ACC:  [-24, -5, 514]
14H:45M:13S GYR:  [1, -2, 2]
14H:45M:13S ATT:  [-0.6, 2.8, 353]
14H:45M:13S VOL:  15.3
14H:45M:13S ALT:  0.08
14H:45M:13S ACC:  [-25, -5, 514]
14H:45M:13S GYR:  [0, -3, 2]
14H:45M:13S ATT:  [-0.6, 2.7, 353]
14H:45M:13S VOL:  15.3
14H:45M:13S ALT:  0.08
14H:45M:13S ACC:  [-24, -6, 514]
14H:45M:13S GYR:  [1, 0, 1]
14H:45M:13S ATT:  [-0.6, 2.7, 353]
14H:45M:13S VOL:  15.3
14H:45M:13S ALT:  0.08
14H:45M:13S ACC:  [-25, -6, 514]
14H:45M:13S GYR:  [0, 0, -2]
14H:45M:13S ATT:  [-0.6, 2.7, 353]
14H:45M:13S VOL:  15.31
14H:45M:13S ALT:  0.08
14H:45M:13S ACC:  [-24, -6, 514]
14H:45M:13S GYR:  [0, -1, -2]
14H:45M:13S ATT:  [-0.7, 2.7, 353]
14H:45M:13S VOL:  15.31
14H:45M:13S ALT:  0.08
14H:45M:13S ACC:  [-24, -5, 514]
14H:45M:13S GYR:  [0, 0, 2]
14H:45M:13S ATT:  [-0.6, 2.7, 353]
14H:45M:13S VOL:  15.31
14H:45M:13S ALT:  0.08
14H:45M:13S ACC:  [-24, -6, 515]
14H:45M:13S GYR:  [-1, 0, 1]
14H:45M:13S ATT:  [-0.6, 2.7, 353]
14H:45M:13S VOL:  15.31
14H:45M:13S ALT:  0.08
14H:45M:13S ACC:  [-24, -6, 514]
14H:45M:13S GYR:  [2, -1, 0]
14H:45M:13S ATT:  [-0.7, 2.7, 353]
14H:45M:13S VOL:  15.31
14H:45M:13S ALT:  0.08
14H:45M:13S ACC:  [-25, -6, 514]
14H:45M:13S GYR:  [3, 0, 0]
14H:45M:13S ATT:  [-0.7, 2.7, 353]
14H:45M:13S VOL:  15.31
14H:45M:13S ALT:  0.08
14H:45M:13S ACC:  [-24, -6, 514]
14H:45M:13S GYR:  [0, -3, 1]
14H:45M:13S ATT:  [-0.7, 2.7, 353]
14H:45M:13S VOL:  15.31
14H:45M:13S ALT:  0.08
14H:45M:13S ACC:  [-24, -6, 514]
14H:45M:13S GYR:  [0, -5, 2]
14H:45M:13S ATT:  [-0.7, 2.7, 353]
14H:45M:13S VOL:  15.31
14H:45M:14S ALT:  0.14
14H:45M:14S ACC:  [-24, -6, 514]
14H:45M:14S GYR:  [1, -2, 1]
14H:45M:14S ATT:  [-0.6, 2.7, 353]
14H:45M:14S VOL:  15.32
14H:45M:14S ALT:  0.17
14H:45M:14S ACC:  [-24, -6, 514]
14H:45M:14S GYR:  [1, -3, 2]
14H:45M:14S ATT:  [-0.6, 2.7, 353]
14H:45M:14S VOL:  15.32
14H:45M:14S ALT:  0.17
14H:45M:14S ACC:  [-25, -6, 514]
14H:45M:14S GYR:  [-1, -1, 4]
14H:45M:14S ATT:  [-0.6, 2.7, 353]
14H:45M:14S VOL:  15.32
14H:45M:14S ALT:  0.17
14H:45M:14S ACC:  [-24, -6, 515]
14H:45M:14S GYR:  [1, 2, 2]
14H:45M:14S ATT:  [-0.6, 2.7, 353]
14H:45M:14S VOL:  15.32
14H:45M:14S ALT:  0.17
14H:45M:14S ACC:  [-24, -6, 514]
14H:45M:14S GYR:  [4, -2, 1]
14H:45M:14S ATT:  [-0.6, 2.7, 353]
14H:45M:14S VOL:  15.32
14H:45M:14S ALT:  0.17
14H:45M:14S ACC:  [-24, -6, 514]
14H:45M:14S GYR:  [0, -1, 4]
14H:45M:14S ATT:  [-0.6, 2.7, 353]
14H:45M:14S VOL:  15.32
14H:45M:14S ALT:  0.17
14H:45M:14S ACC:  [-24, -6, 514]
14H:45M:14S GYR:  [1, 0, 1]
14H:45M:14S ATT:  [-0.6, 2.7, 353]
14H:45M:14S VOL:  15.32
14H:45M:14S ALT:  0.17
14H:45M:14S ACC:  [-24, -6, 515]
14H:45M:14S GYR:  [1, -2, 1]
14H:45M:14S ATT:  [-0.6, 2.7, 353]
14H:45M:14S VOL:  15.32
14H:45M:14S ALT:  0.17
14H:45M:14S ACC:  [-25, -5, 514]
14H:45M:14S GYR:  [2, 1, 0]
14H:45M:14S ATT:  [-0.6, 2.7, 353]
14H:45M:14S VOL:  15.32
14H:45M:14S ALT:  0.17
14H:45M:14S ACC:  [-25, -6, 514]
14H:45M:14S GYR:  [0, 0, -1]
14H:45M:14S ATT:  [-0.6, 2.7, 353]
14H:45M:14S VOL:  15.32
14H:45M:14S ALT:  0.17
14H:45M:14S ACC:  [-24, -6, 514]
14H:45M:14S GYR:  [1, -2, -1]
14H:45M:14S ATT:  [-0.6, 2.7, 353]
14H:45M:14S VOL:  15.32
14H:45M:14S ALT:  0.17
14H:45M:14S ACC:  [-24, -6, 514]
14H:45M:14S GYR:  [0, 0, 1]
14H:45M:14S ATT:  [-0.6, 2.7, 353]
14H:45M:14S VOL:  15.32
14H:45M:14S ALT:  0.17
14H:45M:14S ACC:  [-24, -6, 515]
14H:45M:14S GYR:  [-1, 0, 4]
14H:45M:14S ATT:  [-0.6, 2.7, 353]
14H:45M:14S VOL:  15.32
14H:45M:14S ALT:  0.17
14H:45M:14S ACC:  [-25, -6, 514]
14H:45M:14S GYR:  [-1, -2, 1]
14H:45M:14S ATT:  [-0.6, 2.7, 353]
14H:45M:14S VOL:  15.33
14H:45M:14S ALT:  0.17
14H:45M:14S ACC:  [-24, -6, 515]
14H:45M:14S GYR:  [0, -3, 1]
14H:45M:14S ATT:  [-0.6, 2.7, 353]
14H:45M:14S VOL:  15.32
14H:45M:14S ALT:  0.17
14H:45M:14S ACC:  [-25, -6, 515]
14H:45M:14S GYR:  [0, -2, 1]
14H:45M:14S ATT:  [-0.6, 2.7, 353]
14H:45M:14S VOL:  15.32
14H:45M:15S ALT:  0.17
14H:45M:15S ACC:  [-24, -6, 515]
14H:45M:15S GYR:  [-2, -1, -1]
14H:45M:15S ATT:  [-0.6, 2.7, 353]
14H:45M:15S VOL:  15.32
14H:45M:15S ALT:  0.17
14H:45M:15S ACC:  [-24, -6, 514]
14H:45M:15S GYR:  [0, -2, 1]
14H:45M:15S ATT:  [-0.7, 2.7, 353]
14H:45M:15S VOL:  15.32
14H:45M:15S ALT:  0.17
14H:45M:15S ACC:  [-24, -6, 514]
14H:45M:15S GYR:  [-3, -2, 0]
14H:45M:15S ATT:  [-0.7, 2.7, 353]
14H:45M:15S VOL:  15.32
14H:45M:15S ALT:  0.17
14H:45M:15S ACC:  [-24, -6, 515]
14H:45M:15S GYR:  [1, 1, 0]
14H:45M:15S ATT:  [-0.7, 2.7, 353]
14H:45M:15S VOL:  15.32
14H:45M:15S ALT:  0.17
14H:45M:15S ACC:  [-24, -6, 514]
14H:45M:15S GYR:  [1, -1, 2]
14H:45M:15S ATT:  [-0.7, 2.7, 353]
14H:45M:15S VOL:  15.32
14H:45M:15S ALT:  0.17
14H:45M:15S ACC:  [-24, -6, 515]
14H:45M:15S GYR:  [0, -1, 0]
14H:45M:15S ATT:  [-0.7, 2.7, 353]
14H:45M:15S VOL:  15.32
14H:45M:15S ALT:  0.17
14H:45M:15S ACC:  [-24, -6, 514]
14H:45M:15S GYR:  [1, -3, 1]
14H:45M:15S ATT:  [-0.6, 2.7, 353]
14H:45M:15S VOL:  15.32
14H:45M:15S ALT:  0.17
14H:45M:15S ACC:  [-24, -6, 515]
14H:45M:15S GYR:  [1, 0, 2]
14H:45M:15S ATT:  [-0.7, 2.7, 353]
14H:45M:15S VOL:  15.32
14H:45M:15S ALT:  0.17
14H:45M:15S ACC:  [-24, -6, 514]
14H:45M:15S GYR:  [1, -1, 2]
14H:45M:15S ATT:  [-0.7, 2.7, 353]
14H:45M:15S VOL:  15.32
14H:45M:15S ALT:  0.17
14H:45M:15S ACC:  [-24, -6, 514]
14H:45M:15S GYR:  [3, 1, 1]
14H:45M:15S ATT:  [-0.6, 2.7, 353]
14H:45M:15S VOL:  15.32
14H:45M:15S ALT:  0.17
14H:45M:15S ACC:  [-24, -6, 514]
14H:45M:15S GYR:  [-1, 0, 1]
14H:45M:15S ATT:  [-0.6, 2.7, 353]
14H:45M:15S VOL:  15.31
14H:45M:15S ALT:  0.17
14H:45M:15S ACC:  [-24, -6, 514]
14H:45M:15S GYR:  [-1, 0, 1]
14H:45M:15S ATT:  [-0.7, 2.7, 353]
14H:45M:15S VOL:  15.32
14H:45M:15S ALT:  0.17
14H:45M:15S ACC:  [-25, -6, 514]
14H:45M:15S GYR:  [1, 0, 2]
14H:45M:15S ATT:  [-0.7, 2.7, 353]
14H:45M:15S VOL:  15.31
14H:45M:15S ALT:  0.17
14H:45M:15S ACC:  [-24, -6, 514]
14H:45M:15S GYR:  [1, 0, 4]
14H:45M:15S ATT:  [-0.7, 2.7, 353]
14H:45M:15S VOL:  15.31
14H:45M:15S ALT:  0.17
14H:45M:15S ACC:  [-24, -6, 514]
14H:45M:15S GYR:  [1, 0, 2]
14H:45M:15S ATT:  [-0.7, 2.7, 353]
14H:45M:15S VOL:  15.31
14H:45M:16S ALT:  0.17
14H:45M:16S ACC:  [-24, -6, 514]
14H:45M:16S GYR:  [1, -2, 1]
14H:45M:16S ATT:  [-0.7, 2.7, 353]
14H:45M:16S VOL:  15.31
14H:45M:16S ALT:  0.17
14H:45M:16S ACC:  [-25, -6, 515]
14H:45M:16S GYR:  [2, -1, 1]
14H:45M:16S ATT:  [-0.6, 2.7, 353]
14H:45M:16S VOL:  15.31
14H:45M:16S ALT:  0.17
14H:45M:16S ACC:  [-25, -6, 514]
14H:45M:16S GYR:  [-1, -2, 0]
14H:45M:16S ATT:  [-0.6, 2.7, 353]
14H:45M:16S VOL:  15.31
14H:45M:16S ALT:  0.17
14H:45M:16S ACC:  [-24, -6, 514]
14H:45M:16S GYR:  [0, -1, 2]
14H:45M:16S ATT:  [-0.6, 2.7, 353]
14H:45M:16S VOL:  15.3
14H:45M:16S ALT:  0.17
14H:45M:16S ACC:  [-24, -6, 514]
14H:45M:16S GYR:  [1, -2, 2]
14H:45M:16S ATT:  [-0.7, 2.7, 353]
14H:45M:16S VOL:  15.31
14H:45M:16S ALT:  0.17
14H:45M:16S ACC:  [-24, -6, 514]
14H:45M:16S GYR:  [1, -1, 1]
14H:45M:16S ATT:  [-0.7, 2.7, 353]
14H:45M:16S VOL:  15.31
14H:45M:16S ALT:  0.17
14H:45M:16S ACC:  [-24, -6, 515]
14H:45M:16S GYR:  [2, -3, 0]
14H:45M:16S ATT:  [-0.7, 2.7, 353]
14H:45M:16S VOL:  15.31
14H:45M:16S ALT:  0.17
14H:45M:16S ACC:  [-24, -6, 515]
14H:45M:16S GYR:  [1, -2, 1]
14H:45M:16S ATT:  [-0.7, 2.7, 353]
14H:45M:16S VOL:  15.32
14H:45M:16S ALT:  0.17
14H:45M:16S ACC:  [-24, -6, 515]
14H:45M:16S GYR:  [0, 2, 1]
14H:45M:16S ATT:  [-0.7, 2.7, 353]
14H:45M:16S VOL:  15.32
14H:45M:16S ALT:  0.17
14H:45M:16S ACC:  [-24, -6, 515]
14H:45M:16S GYR:  [-1, -1, 2]
14H:45M:16S ATT:  [-0.7, 2.7, 353]
14H:45M:16S VOL:  15.32
14H:45M:16S ALT:  0.17
14H:45M:16S ACC:  [-24, -6, 515]
14H:45M:16S GYR:  [1, 1, 2]
14H:45M:16S ATT:  [-0.7, 2.7, 353]
14H:45M:16S VOL:  15.32
14H:45M:16S ALT:  0.17
14H:45M:16S ACC:  [-24, -6, 514]
14H:45M:16S GYR:  [0, -2, 1]
14H:45M:16S ATT:  [-0.7, 2.7, 353]
14H:45M:16S VOL:  15.32
14H:45M:16S ALT:  0.17
14H:45M:16S ACC:  [-24, -6, 515]
14H:45M:16S GYR:  [0, 0, 0]
14H:45M:16S ATT:  [-0.7, 2.7, 353]
14H:45M:16S VOL:  15.32
14H:45M:16S ALT:  0.17
14H:45M:16S ACC:  [-24, -6, 514]
14H:45M:16S GYR:  [1, 0, 2]
14H:45M:16S ATT:  [-0.7, 2.7, 353]
14H:45M:16S VOL:  15.32
14H:45M:16S ALT:  0.17
14H:45M:16S ACC:  [-24, -6, 515]
14H:45M:16S GYR:  [-1, 0, -1]
14H:45M:16S ATT:  [-0.7, 2.7, 353]
14H:45M:16S VOL:  15.32
14H:45M:16S ALT:  0.17
14H:45M:16S ACC:  [-24, -6, 515]
14H:45M:16S GYR:  [1, -3, -2]
14H:45M:16S ATT:  [-0.7, 2.7, 353]
14H:45M:16S VOL:  15.32
14H:45M:17S ALT:  0.17
14H:45M:17S ACC:  [-24, -6, 515]
14H:45M:17S GYR:  [-1, -2, 1]
14H:45M:17S ATT:  [-0.7, 2.7, 353]
14H:45M:17S VOL:  15.32
14H:45M:17S ALT:  0.17
14H:45M:17S ACC:  [-24, -6, 514]
14H:45M:17S GYR:  [0, -1, -1]
14H:45M:17S ATT:  [-0.7, 2.7, 353]
14H:45M:17S VOL:  15.32
14H:45M:17S ALT:  0.17
14H:45M:17S ACC:  [-24, -6, 515]
14H:45M:17S GYR:  [0, -4, 2]
14H:45M:17S ATT:  [-0.7, 2.7, 353]
14H:45M:17S VOL:  15.32
14H:45M:17S ALT:  0.17
14H:45M:17S ACC:  [-24, -6, 514]
14H:45M:17S GYR:  [1, 0, 1]
14H:45M:17S ATT:  [-0.7, 2.7, 353]
14H:45M:17S VOL:  15.32
14H:45M:17S ALT:  0.17
14H:45M:17S ACC:  [-24, -6, 515]
14H:45M:17S GYR:  [-1, 1, -2]
14H:45M:17S ATT:  [-0.7, 2.7, 353]
14H:45M:17S VOL:  15.32
14H:45M:17S ALT:  0.17
14H:45M:17S ACC:  [-24, -6, 515]
14H:45M:17S GYR:  [1, -2, 3]
14H:45M:17S ATT:  [-0.7, 2.7, 353]
14H:45M:17S VOL:  15.32
14H:45M:17S ALT:  0.17
14H:45M:17S ACC:  [-24, -6, 514]
14H:45M:17S GYR:  [0, -2, -3]
14H:45M:17S ATT:  [-0.7, 2.7, 353]
14H:45M:17S VOL:  15.31
14H:45M:17S ALT:  0.17
14H:45M:17S ACC:  [-24, -6, 515]
14H:45M:17S GYR:  [0, -3, -1]
14H:45M:17S ATT:  [-0.7, 2.7, 353]
14H:45M:17S VOL:  15.31
14H:45M:17S ALT:  0.17
14H:45M:17S ACC:  [-25, -6, 515]
14H:45M:17S GYR:  [-1, -2, 2]
14H:45M:17S ATT:  [-0.7, 2.7, 353]
14H:45M:17S VOL:  15.31
14H:45M:17S ALT:  0.17
14H:45M:17S ACC:  [-24, -6, 515]
14H:45M:17S GYR:  [1, 1, 2]
14H:45M:17S ATT:  [-0.7, 2.7, 353]
14H:45M:17S VOL:  15.31
14H:45M:17S ALT:  0.17
14H:45M:17S ACC:  [-25, -6, 515]
14H:45M:17S GYR:  [0, -2, 1]
14H:45M:17S ATT:  [-0.7, 2.7, 353]
14H:45M:17S VOL:  15.31
14H:45M:17S ALT:  0.17
14H:45M:17S ACC:  [-24, -6, 515]
14H:45M:17S GYR:  [0, 0, 3]
14H:45M:17S ATT:  [-0.7, 2.7, 353]
14H:45M:17S VOL:  15.31
14H:45M:17S ALT:  0.17
14H:45M:17S ACC:  [-24, -6, 515]
14H:45M:17S GYR:  [0, 0, 1]
14H:45M:17S ATT:  [-0.7, 2.7, 353]
14H:45M:17S VOL:  15.31
14H:45M:17S ALT:  0.17
14H:45M:17S ACC:  [-24, -6, 515]
14H:45M:17S GYR:  [1, -1, 1]
14H:45M:17S ATT:  [-0.7, 2.7, 353]
14H:45M:17S VOL:  15.32
14H:45M:17S ALT:  0.17
14H:45M:17S ACC:  [-24, -6, 515]
14H:45M:17S GYR:  [2, -1, 3]
14H:45M:17S ATT:  [-0.7, 2.7, 353]
14H:45M:17S VOL:  15.32
14H:45M:18S ALT:  0.17
14H:45M:18S ACC:  [-24, -6, 515]
14H:45M:18S GYR:  [-1, -4, 1]
14H:45M:18S ATT:  [-0.7, 2.7, 353]
14H:45M:18S VOL:  15.31
14H:45M:18S ALT:  0.17
14H:45M:18S ACC:  [-25, -6, 515]
14H:45M:18S GYR:  [-1, -1, 0]
14H:45M:18S ATT:  [-0.7, 2.7, 353]
14H:45M:18S VOL:  15.31
14H:45M:18S ALT:  0.17
